[2025-03-11T01:40:37.105+0000] {local_task_job_runner.py:123} INFO - ::group::Pre task execution logs
[2025-03-11T01:40:37.114+0000] {taskinstance.py:2614} INFO - Dependencies all met for dep_context=non-requeueable deps ti=<TaskInstance: redfin_analytics_dag.tsk_transform_redfin_data manual__2025-03-11T01:31:03.316832+00:00 [queued]>
[2025-03-11T01:40:37.119+0000] {taskinstance.py:2614} INFO - Dependencies all met for dep_context=requeueable deps ti=<TaskInstance: redfin_analytics_dag.tsk_transform_redfin_data manual__2025-03-11T01:31:03.316832+00:00 [queued]>
[2025-03-11T01:40:37.119+0000] {taskinstance.py:2867} INFO - Starting attempt 1 of 3
[2025-03-11T01:40:37.135+0000] {taskinstance.py:2890} INFO - Executing <Task(PythonOperator): tsk_transform_redfin_data> on 2025-03-11 01:31:03.316832+00:00
[2025-03-11T01:40:37.140+0000] {standard_task_runner.py:72} INFO - Started process 37385 to run task
[2025-03-11T01:40:37.143+0000] {standard_task_runner.py:104} INFO - Running: ['airflow', 'tasks', 'run', 'redfin_analytics_dag', 'tsk_transform_redfin_data', 'manual__2025-03-11T01:31:03.316832+00:00', '--job-id', '68', '--raw', '--subdir', 'DAGS_FOLDER/redfin_analytics.py', '--cfg-path', '/tmp/tmpdl6gy2kp']
[2025-03-11T01:40:37.144+0000] {standard_task_runner.py:105} INFO - Job 68: Subtask tsk_transform_redfin_data
[2025-03-11T01:40:37.183+0000] {task_command.py:467} INFO - Running <TaskInstance: redfin_analytics_dag.tsk_transform_redfin_data manual__2025-03-11T01:31:03.316832+00:00 [running]> on host ip-172-31-7-71.eu-west-2.compute.internal
[2025-03-11T01:40:37.241+0000] {taskinstance.py:3134} INFO - Exporting env vars: AIRFLOW_CTX_DAG_EMAIL='dengineer420@gmail.com' AIRFLOW_CTX_DAG_OWNER='Rahul' AIRFLOW_CTX_DAG_ID='redfin_analytics_dag' AIRFLOW_CTX_TASK_ID='tsk_transform_redfin_data' AIRFLOW_CTX_EXECUTION_DATE='2025-03-11T01:31:03.316832+00:00' AIRFLOW_CTX_TRY_NUMBER='1' AIRFLOW_CTX_DAG_RUN_ID='manual__2025-03-11T01:31:03.316832+00:00'
[2025-03-11T01:40:37.242+0000] {logging_mixin.py:190} INFO - Task instance is in running state
[2025-03-11T01:40:37.242+0000] {logging_mixin.py:190} INFO -  Previous state of the Task instance: queued
[2025-03-11T01:40:37.242+0000] {logging_mixin.py:190} INFO - Current task name:tsk_transform_redfin_data state:running start_date:2025-03-11 01:40:37.114372+00:00
[2025-03-11T01:40:37.242+0000] {logging_mixin.py:190} INFO - Dag name:redfin_analytics_dag and current dag run status:running
[2025-03-11T01:40:37.242+0000] {taskinstance.py:732} INFO - ::endgroup::
[2025-03-11T01:40:37.255+0000] {taskinstance.py:3313} ERROR - Task failed with exception
Traceback (most recent call last):
  File "/home/ubuntu/redfin_venv/lib/python3.12/site-packages/fsspec/registry.py", line 246, in get_filesystem_class
    register_implementation(protocol, _import_class(bit["class"]))
                                      ^^^^^^^^^^^^^^^^^^^^^^^^^^^
  File "/home/ubuntu/redfin_venv/lib/python3.12/site-packages/fsspec/registry.py", line 281, in _import_class
    mod = importlib.import_module(mod)
          ^^^^^^^^^^^^^^^^^^^^^^^^^^^^
  File "/usr/lib/python3.12/importlib/__init__.py", line 90, in import_module
    return _bootstrap._gcd_import(name[level:], package, level)
           ^^^^^^^^^^^^^^^^^^^^^^^^^^^^^^^^^^^^^^^^^^^^^^^^^^^^
  File "<frozen importlib._bootstrap>", line 1387, in _gcd_import
  File "<frozen importlib._bootstrap>", line 1360, in _find_and_load
  File "<frozen importlib._bootstrap>", line 1324, in _find_and_load_unlocked
ModuleNotFoundError: No module named 's3fs'

The above exception was the direct cause of the following exception:

Traceback (most recent call last):
  File "/home/ubuntu/redfin_venv/lib/python3.12/site-packages/airflow/models/taskinstance.py", line 768, in _execute_task
    result = _execute_callable(context=context, **execute_callable_kwargs)
             ^^^^^^^^^^^^^^^^^^^^^^^^^^^^^^^^^^^^^^^^^^^^^^^^^^^^^^^^^^^^^
  File "/home/ubuntu/redfin_venv/lib/python3.12/site-packages/airflow/models/taskinstance.py", line 734, in _execute_callable
    return ExecutionCallableRunner(
           ^^^^^^^^^^^^^^^^^^^^^^^^
  File "/home/ubuntu/redfin_venv/lib/python3.12/site-packages/airflow/utils/operator_helpers.py", line 252, in run
    return self.func(*args, **kwargs)
           ^^^^^^^^^^^^^^^^^^^^^^^^^^
  File "/home/ubuntu/redfin_venv/lib/python3.12/site-packages/airflow/models/baseoperator.py", line 424, in wrapper
    return func(self, *args, **kwargs)
           ^^^^^^^^^^^^^^^^^^^^^^^^^^^
  File "/home/ubuntu/redfin_venv/lib/python3.12/site-packages/airflow/operators/python.py", line 238, in execute
    return_value = self.execute_callable()
                   ^^^^^^^^^^^^^^^^^^^^^^^
  File "/home/ubuntu/redfin_venv/lib/python3.12/site-packages/airflow/operators/python.py", line 256, in execute_callable
    return runner.run(*self.op_args, **self.op_kwargs)
           ^^^^^^^^^^^^^^^^^^^^^^^^^^^^^^^^^^^^^^^^^^^
  File "/home/ubuntu/redfin_venv/lib/python3.12/site-packages/airflow/utils/operator_helpers.py", line 252, in run
    return self.func(*args, **kwargs)
           ^^^^^^^^^^^^^^^^^^^^^^^^^^
  File "/home/ubuntu/airflow/dags/functions.py", line 48, in transform_data
    df = pd.read_csv(data)
         ^^^^^^^^^^^^^^^^^
  File "/home/ubuntu/redfin_venv/lib/python3.12/site-packages/pandas/io/parsers/readers.py", line 1026, in read_csv
    return _read(filepath_or_buffer, kwds)
           ^^^^^^^^^^^^^^^^^^^^^^^^^^^^^^^
  File "/home/ubuntu/redfin_venv/lib/python3.12/site-packages/pandas/io/parsers/readers.py", line 620, in _read
    parser = TextFileReader(filepath_or_buffer, **kwds)
             ^^^^^^^^^^^^^^^^^^^^^^^^^^^^^^^^^^^^^^^^^^
  File "/home/ubuntu/redfin_venv/lib/python3.12/site-packages/pandas/io/parsers/readers.py", line 1620, in __init__
    self._engine = self._make_engine(f, self.engine)
                   ^^^^^^^^^^^^^^^^^^^^^^^^^^^^^^^^^
  File "/home/ubuntu/redfin_venv/lib/python3.12/site-packages/pandas/io/parsers/readers.py", line 1880, in _make_engine
    self.handles = get_handle(
                   ^^^^^^^^^^^
  File "/home/ubuntu/redfin_venv/lib/python3.12/site-packages/pandas/io/common.py", line 728, in get_handle
    ioargs = _get_filepath_or_buffer(
             ^^^^^^^^^^^^^^^^^^^^^^^^
  File "/home/ubuntu/redfin_venv/lib/python3.12/site-packages/pandas/io/common.py", line 430, in _get_filepath_or_buffer
    file_obj = fsspec.open(
               ^^^^^^^^^^^^
  File "/home/ubuntu/redfin_venv/lib/python3.12/site-packages/fsspec/core.py", line 491, in open
    out = open_files(
          ^^^^^^^^^^^
  File "/home/ubuntu/redfin_venv/lib/python3.12/site-packages/fsspec/core.py", line 295, in open_files
    fs, fs_token, paths = get_fs_token_paths(
                          ^^^^^^^^^^^^^^^^^^^
  File "/home/ubuntu/redfin_venv/lib/python3.12/site-packages/fsspec/core.py", line 655, in get_fs_token_paths
    chain = _un_chain(urlpath0, storage_options or {})
            ^^^^^^^^^^^^^^^^^^^^^^^^^^^^^^^^^^^^^^^^^^
  File "/home/ubuntu/redfin_venv/lib/python3.12/site-packages/fsspec/core.py", line 351, in _un_chain
    cls = get_filesystem_class(protocol)
          ^^^^^^^^^^^^^^^^^^^^^^^^^^^^^^
  File "/home/ubuntu/redfin_venv/lib/python3.12/site-packages/fsspec/registry.py", line 248, in get_filesystem_class
    raise ImportError(bit["err"]) from e
ImportError: Install s3fs to access S3
[2025-03-11T01:40:37.268+0000] {logging_mixin.py:190} INFO - Task instance in failure state
[2025-03-11T01:40:37.268+0000] {logging_mixin.py:190} INFO - Task start:2025-03-11 01:40:37.114372+00:00 end:2025-03-11 01:40:37.268154+00:00 duration:0.153782
[2025-03-11T01:40:37.268+0000] {logging_mixin.py:190} INFO - Task:<Task(PythonOperator): tsk_transform_redfin_data> dag:<DAG: redfin_analytics_dag> dagrun:<DagRun redfin_analytics_dag @ 2025-03-11 01:31:03.316832+00:00: manual__2025-03-11T01:31:03.316832+00:00, state:running, queued_at: 2025-03-11 01:31:03.328944+00:00. externally triggered: True>
[2025-03-11T01:40:37.269+0000] {logging_mixin.py:190} INFO - Failure caused by Install s3fs to access S3
[2025-03-11T01:40:37.269+0000] {taskinstance.py:1226} INFO - Marking task as UP_FOR_RETRY. dag_id=redfin_analytics_dag, task_id=tsk_transform_redfin_data, run_id=manual__2025-03-11T01:31:03.316832+00:00, execution_date=20250311T013103, start_date=20250311T014037, end_date=20250311T014037
[2025-03-11T01:40:37.294+0000] {taskinstance.py:341} INFO - ::group::Post task execution logs
[2025-03-11T01:40:37.295+0000] {standard_task_runner.py:124} ERROR - Failed to execute job 68 for task tsk_transform_redfin_data (Install s3fs to access S3; 37385)
Traceback (most recent call last):
  File "/home/ubuntu/redfin_venv/lib/python3.12/site-packages/fsspec/registry.py", line 246, in get_filesystem_class
    register_implementation(protocol, _import_class(bit["class"]))
                                      ^^^^^^^^^^^^^^^^^^^^^^^^^^^
  File "/home/ubuntu/redfin_venv/lib/python3.12/site-packages/fsspec/registry.py", line 281, in _import_class
    mod = importlib.import_module(mod)
          ^^^^^^^^^^^^^^^^^^^^^^^^^^^^
  File "/usr/lib/python3.12/importlib/__init__.py", line 90, in import_module
    return _bootstrap._gcd_import(name[level:], package, level)
           ^^^^^^^^^^^^^^^^^^^^^^^^^^^^^^^^^^^^^^^^^^^^^^^^^^^^
  File "<frozen importlib._bootstrap>", line 1387, in _gcd_import
  File "<frozen importlib._bootstrap>", line 1360, in _find_and_load
  File "<frozen importlib._bootstrap>", line 1324, in _find_and_load_unlocked
ModuleNotFoundError: No module named 's3fs'

The above exception was the direct cause of the following exception:

Traceback (most recent call last):
  File "/home/ubuntu/redfin_venv/lib/python3.12/site-packages/airflow/task/task_runner/standard_task_runner.py", line 117, in _start_by_fork
    ret = args.func(args, dag=self.dag)
          ^^^^^^^^^^^^^^^^^^^^^^^^^^^^^
  File "/home/ubuntu/redfin_venv/lib/python3.12/site-packages/airflow/cli/cli_config.py", line 49, in command
    return func(*args, **kwargs)
           ^^^^^^^^^^^^^^^^^^^^^
  File "/home/ubuntu/redfin_venv/lib/python3.12/site-packages/airflow/utils/cli.py", line 116, in wrapper
    return f(*args, **kwargs)
           ^^^^^^^^^^^^^^^^^^
  File "/home/ubuntu/redfin_venv/lib/python3.12/site-packages/airflow/cli/commands/task_command.py", line 483, in task_run
    task_return_code = _run_task_by_selected_method(args, _dag, ti)
                       ^^^^^^^^^^^^^^^^^^^^^^^^^^^^^^^^^^^^^^^^^^^^
  File "/home/ubuntu/redfin_venv/lib/python3.12/site-packages/airflow/cli/commands/task_command.py", line 256, in _run_task_by_selected_method
    return _run_raw_task(args, ti)
           ^^^^^^^^^^^^^^^^^^^^^^^
  File "/home/ubuntu/redfin_venv/lib/python3.12/site-packages/airflow/cli/commands/task_command.py", line 341, in _run_raw_task
    return ti._run_raw_task(
           ^^^^^^^^^^^^^^^^^
  File "/home/ubuntu/redfin_venv/lib/python3.12/site-packages/airflow/utils/session.py", line 97, in wrapper
    return func(*args, session=session, **kwargs)
           ^^^^^^^^^^^^^^^^^^^^^^^^^^^^^^^^^^^^^^
  File "/home/ubuntu/redfin_venv/lib/python3.12/site-packages/airflow/models/taskinstance.py", line 3006, in _run_raw_task
    return _run_raw_task(
           ^^^^^^^^^^^^^^
  File "/home/ubuntu/redfin_venv/lib/python3.12/site-packages/airflow/models/taskinstance.py", line 274, in _run_raw_task
    TaskInstance._execute_task_with_callbacks(
  File "/home/ubuntu/redfin_venv/lib/python3.12/site-packages/airflow/models/taskinstance.py", line 3161, in _execute_task_with_callbacks
    result = self._execute_task(context, task_orig)
             ^^^^^^^^^^^^^^^^^^^^^^^^^^^^^^^^^^^^^^
  File "/home/ubuntu/redfin_venv/lib/python3.12/site-packages/airflow/models/taskinstance.py", line 3185, in _execute_task
    return _execute_task(self, context, task_orig)
           ^^^^^^^^^^^^^^^^^^^^^^^^^^^^^^^^^^^^^^^
  File "/home/ubuntu/redfin_venv/lib/python3.12/site-packages/airflow/models/taskinstance.py", line 768, in _execute_task
    result = _execute_callable(context=context, **execute_callable_kwargs)
             ^^^^^^^^^^^^^^^^^^^^^^^^^^^^^^^^^^^^^^^^^^^^^^^^^^^^^^^^^^^^^
  File "/home/ubuntu/redfin_venv/lib/python3.12/site-packages/airflow/models/taskinstance.py", line 734, in _execute_callable
    return ExecutionCallableRunner(
           ^^^^^^^^^^^^^^^^^^^^^^^^
  File "/home/ubuntu/redfin_venv/lib/python3.12/site-packages/airflow/utils/operator_helpers.py", line 252, in run
    return self.func(*args, **kwargs)
           ^^^^^^^^^^^^^^^^^^^^^^^^^^
  File "/home/ubuntu/redfin_venv/lib/python3.12/site-packages/airflow/models/baseoperator.py", line 424, in wrapper
    return func(self, *args, **kwargs)
           ^^^^^^^^^^^^^^^^^^^^^^^^^^^
  File "/home/ubuntu/redfin_venv/lib/python3.12/site-packages/airflow/operators/python.py", line 238, in execute
    return_value = self.execute_callable()
                   ^^^^^^^^^^^^^^^^^^^^^^^
  File "/home/ubuntu/redfin_venv/lib/python3.12/site-packages/airflow/operators/python.py", line 256, in execute_callable
    return runner.run(*self.op_args, **self.op_kwargs)
           ^^^^^^^^^^^^^^^^^^^^^^^^^^^^^^^^^^^^^^^^^^^
  File "/home/ubuntu/redfin_venv/lib/python3.12/site-packages/airflow/utils/operator_helpers.py", line 252, in run
    return self.func(*args, **kwargs)
           ^^^^^^^^^^^^^^^^^^^^^^^^^^
  File "/home/ubuntu/airflow/dags/functions.py", line 48, in transform_data
    df = pd.read_csv(data)
         ^^^^^^^^^^^^^^^^^
  File "/home/ubuntu/redfin_venv/lib/python3.12/site-packages/pandas/io/parsers/readers.py", line 1026, in read_csv
    return _read(filepath_or_buffer, kwds)
           ^^^^^^^^^^^^^^^^^^^^^^^^^^^^^^^
  File "/home/ubuntu/redfin_venv/lib/python3.12/site-packages/pandas/io/parsers/readers.py", line 620, in _read
    parser = TextFileReader(filepath_or_buffer, **kwds)
             ^^^^^^^^^^^^^^^^^^^^^^^^^^^^^^^^^^^^^^^^^^
  File "/home/ubuntu/redfin_venv/lib/python3.12/site-packages/pandas/io/parsers/readers.py", line 1620, in __init__
    self._engine = self._make_engine(f, self.engine)
                   ^^^^^^^^^^^^^^^^^^^^^^^^^^^^^^^^^
  File "/home/ubuntu/redfin_venv/lib/python3.12/site-packages/pandas/io/parsers/readers.py", line 1880, in _make_engine
    self.handles = get_handle(
                   ^^^^^^^^^^^
  File "/home/ubuntu/redfin_venv/lib/python3.12/site-packages/pandas/io/common.py", line 728, in get_handle
    ioargs = _get_filepath_or_buffer(
             ^^^^^^^^^^^^^^^^^^^^^^^^
  File "/home/ubuntu/redfin_venv/lib/python3.12/site-packages/pandas/io/common.py", line 430, in _get_filepath_or_buffer
    file_obj = fsspec.open(
               ^^^^^^^^^^^^
  File "/home/ubuntu/redfin_venv/lib/python3.12/site-packages/fsspec/core.py", line 491, in open
    out = open_files(
          ^^^^^^^^^^^
  File "/home/ubuntu/redfin_venv/lib/python3.12/site-packages/fsspec/core.py", line 295, in open_files
    fs, fs_token, paths = get_fs_token_paths(
                          ^^^^^^^^^^^^^^^^^^^
  File "/home/ubuntu/redfin_venv/lib/python3.12/site-packages/fsspec/core.py", line 655, in get_fs_token_paths
    chain = _un_chain(urlpath0, storage_options or {})
            ^^^^^^^^^^^^^^^^^^^^^^^^^^^^^^^^^^^^^^^^^^
  File "/home/ubuntu/redfin_venv/lib/python3.12/site-packages/fsspec/core.py", line 351, in _un_chain
    cls = get_filesystem_class(protocol)
          ^^^^^^^^^^^^^^^^^^^^^^^^^^^^^^
  File "/home/ubuntu/redfin_venv/lib/python3.12/site-packages/fsspec/registry.py", line 248, in get_filesystem_class
    raise ImportError(bit["err"]) from e
ImportError: Install s3fs to access S3
[2025-03-11T01:40:37.317+0000] {local_task_job_runner.py:266} INFO - Task exited with return code 1
[2025-03-11T01:40:37.332+0000] {taskinstance.py:3901} INFO - 0 downstream tasks scheduled from follow-on schedule check
[2025-03-11T01:40:37.333+0000] {local_task_job_runner.py:245} INFO - ::endgroup::
