[2025-04-02 00:39:39.551] [exthost] [info] Extension host with pid 2123 started
[2025-04-02 00:39:39.556] [exthost] [error] Error: EEXIST: file already exists, open '/home/ubuntu/.vscode-server/data/User/workspaceStorage/443a9c35c13baf31235c52a615bc4b86/vscode.lock'
[2025-04-02 00:39:39.566] [exthost] [info] Lock '/home/ubuntu/.vscode-server/data/User/workspaceStorage/443a9c35c13baf31235c52a615bc4b86/vscode.lock': Could not acquire lock, checking if the file is stale.
[2025-04-02 00:39:39.567] [exthost] [info] Lock '/home/ubuntu/.vscode-server/data/User/workspaceStorage/443a9c35c13baf31235c52a615bc4b86/vscode.lock': The pid 1658 appears to be gone.
[2025-04-02 00:39:39.567] [exthost] [info] Lock '/home/ubuntu/.vscode-server/data/User/workspaceStorage/443a9c35c13baf31235c52a615bc4b86/vscode.lock': Deleting a stale lock.
[2025-04-02 00:39:39.572] [exthost] [info] Lock '/home/ubuntu/.vscode-server/data/User/workspaceStorage/443a9c35c13baf31235c52a615bc4b86/vscode.lock': Lock acquired.
[2025-04-02 00:39:39.732] [exthost] [info] ExtensionService#_doActivateExtension ms-python.python, startup: false, activationEvent: 'onLanguage:python'
[2025-04-02 00:39:40.066] [exthost] [info] ExtensionService#_doActivateExtension ms-toolsai.jupyter, startup: false, activationEvent: 'onLanguage:python'
[2025-04-02 00:39:40.420] [exthost] [info] ExtensionService#_doActivateExtension vscode.debug-auto-launch, startup: true, activationEvent: '*'
[2025-04-02 00:39:40.424] [exthost] [info] ExtensionService#_doActivateExtension vscode.git-base, startup: true, activationEvent: '*', root cause: vscode.git
[2025-04-02 00:39:40.427] [exthost] [info] ExtensionService#_doActivateExtension vscode.ipynb, startup: true, activationEvent: '*'
[2025-04-02 00:39:40.652] [exthost] [info] ExtensionService#_doActivateExtension vscode.git, startup: true, activationEvent: '*'
[2025-04-02 00:39:40.727] [exthost] [info] ExtensionService#_doActivateExtension vscode.github, startup: true, activationEvent: '*'
[2025-04-02 00:39:41.096] [exthost] [info] ExtensionService#_doActivateExtension ms-toolsai.jupyter-renderers, startup: false, activationEvent: 'api', root cause: ms-toolsai.jupyter
[2025-04-02 00:39:41.323] [exthost] [info] ExtensionService#_doActivateExtension vscode.emmet, startup: false, activationEvent: 'onStartupFinished'
[2025-04-02 00:39:41.361] [exthost] [info] ExtensionService#_doActivateExtension vscode.merge-conflict, startup: false, activationEvent: 'onStartupFinished'
[2025-04-02 00:39:41.366] [exthost] [info] Eager extensions activated
[2025-04-02 00:39:41.475] [exthost] [info] ExtensionService#_doActivateExtension ms-python.vscode-pylance, startup: false, activationEvent: 'onLanguage:python'
[2025-04-02 00:39:55.109] [exthost] [warning] [Decorations] CAPPING events from decorations provider vscode.git 10000
[2025-04-02 00:39:56.264] [exthost] [warning] [Decorations] CAPPING events from decorations provider vscode.git 10000
