[2025-03-11T19:54:20.562+0000] {local_task_job_runner.py:123} INFO - ::group::Pre task execution logs
[2025-03-11T19:54:20.571+0000] {taskinstance.py:2614} INFO - Dependencies all met for dep_context=non-requeueable deps ti=<TaskInstance: redfin_analytics_dag.tsk_extract_redfin_data manual__2025-03-11T19:54:17.901673+00:00 [queued]>
[2025-03-11T19:54:20.576+0000] {taskinstance.py:2614} INFO - Dependencies all met for dep_context=requeueable deps ti=<TaskInstance: redfin_analytics_dag.tsk_extract_redfin_data manual__2025-03-11T19:54:17.901673+00:00 [queued]>
[2025-03-11T19:54:20.577+0000] {taskinstance.py:2867} INFO - Starting attempt 1 of 3
[2025-03-11T19:54:20.593+0000] {taskinstance.py:2890} INFO - Executing <Task(PythonOperator): tsk_extract_redfin_data> on 2025-03-11 19:54:17.901673+00:00
[2025-03-11T19:54:20.598+0000] {standard_task_runner.py:72} INFO - Started process 2208 to run task
[2025-03-11T19:54:20.601+0000] {standard_task_runner.py:104} INFO - Running: ['airflow', 'tasks', 'run', 'redfin_analytics_dag', 'tsk_extract_redfin_data', 'manual__2025-03-11T19:54:17.901673+00:00', '--job-id', '99', '--raw', '--subdir', 'DAGS_FOLDER/redfin_analytics.py', '--cfg-path', '/tmp/tmp5_pt6p76']
[2025-03-11T19:54:20.602+0000] {standard_task_runner.py:105} INFO - Job 99: Subtask tsk_extract_redfin_data
[2025-03-11T19:54:20.642+0000] {task_command.py:467} INFO - Running <TaskInstance: redfin_analytics_dag.tsk_extract_redfin_data manual__2025-03-11T19:54:17.901673+00:00 [running]> on host ip-172-31-7-71.eu-west-2.compute.internal
[2025-03-11T19:54:20.698+0000] {taskinstance.py:3134} INFO - Exporting env vars: AIRFLOW_CTX_DAG_EMAIL='dengineer420@gmail.com' AIRFLOW_CTX_DAG_OWNER='Rahul' AIRFLOW_CTX_DAG_ID='redfin_analytics_dag' AIRFLOW_CTX_TASK_ID='tsk_extract_redfin_data' AIRFLOW_CTX_EXECUTION_DATE='2025-03-11T19:54:17.901673+00:00' AIRFLOW_CTX_TRY_NUMBER='1' AIRFLOW_CTX_DAG_RUN_ID='manual__2025-03-11T19:54:17.901673+00:00'
[2025-03-11T19:54:20.700+0000] {logging_mixin.py:190} INFO - Task instance is in running state
[2025-03-11T19:54:20.700+0000] {logging_mixin.py:190} INFO -  Previous state of the Task instance: queued
[2025-03-11T19:54:20.700+0000] {logging_mixin.py:190} INFO - Current task name:tsk_extract_redfin_data state:running start_date:2025-03-11 19:54:20.571735+00:00
[2025-03-11T19:54:20.700+0000] {logging_mixin.py:190} INFO - Dag name:redfin_analytics_dag and current dag run status:running
[2025-03-11T19:54:20.700+0000] {taskinstance.py:732} INFO - ::endgroup::
[2025-03-11T20:04:02.869+0000] {python.py:240} INFO - Done. Returned value was: ['s3://redfin-raw-data-yt/data/redfin_data_chunk_0.csv', 's3://redfin-raw-data-yt/data/redfin_data_chunk_1.csv', 's3://redfin-raw-data-yt/data/redfin_data_chunk_2.csv', 's3://redfin-raw-data-yt/data/redfin_data_chunk_3.csv', 's3://redfin-raw-data-yt/data/redfin_data_chunk_4.csv', 's3://redfin-raw-data-yt/data/redfin_data_chunk_5.csv', 's3://redfin-raw-data-yt/data/redfin_data_chunk_6.csv', 's3://redfin-raw-data-yt/data/redfin_data_chunk_7.csv', 's3://redfin-raw-data-yt/data/redfin_data_chunk_8.csv', 's3://redfin-raw-data-yt/data/redfin_data_chunk_9.csv', 's3://redfin-raw-data-yt/data/redfin_data_chunk_10.csv', 's3://redfin-raw-data-yt/data/redfin_data_chunk_11.csv', 's3://redfin-raw-data-yt/data/redfin_data_chunk_12.csv', 's3://redfin-raw-data-yt/data/redfin_data_chunk_13.csv', 's3://redfin-raw-data-yt/data/redfin_data_chunk_14.csv', 's3://redfin-raw-data-yt/data/redfin_data_chunk_15.csv', 's3://redfin-raw-data-yt/data/redfin_data_chunk_16.csv', 's3://redfin-raw-data-yt/data/redfin_data_chunk_17.csv', 's3://redfin-raw-data-yt/data/redfin_data_chunk_18.csv', 's3://redfin-raw-data-yt/data/redfin_data_chunk_19.csv', 's3://redfin-raw-data-yt/data/redfin_data_chunk_20.csv', 's3://redfin-raw-data-yt/data/redfin_data_chunk_21.csv', 's3://redfin-raw-data-yt/data/redfin_data_chunk_22.csv', 's3://redfin-raw-data-yt/data/redfin_data_chunk_23.csv', 's3://redfin-raw-data-yt/data/redfin_data_chunk_24.csv', 's3://redfin-raw-data-yt/data/redfin_data_chunk_25.csv', 's3://redfin-raw-data-yt/data/redfin_data_chunk_26.csv', 's3://redfin-raw-data-yt/data/redfin_data_chunk_27.csv', 's3://redfin-raw-data-yt/data/redfin_data_chunk_28.csv', 's3://redfin-raw-data-yt/data/redfin_data_chunk_29.csv', 's3://redfin-raw-data-yt/data/redfin_data_chunk_30.csv', 's3://redfin-raw-data-yt/data/redfin_data_chunk_31.csv', 's3://redfin-raw-data-yt/data/redfin_data_chunk_32.csv', 's3://redfin-raw-data-yt/data/redfin_data_chunk_33.csv', 's3://redfin-raw-data-yt/data/redfin_data_chunk_34.csv', 's3://redfin-raw-data-yt/data/redfin_data_chunk_35.csv', 's3://redfin-raw-data-yt/data/redfin_data_chunk_36.csv', 's3://redfin-raw-data-yt/data/redfin_data_chunk_37.csv', 's3://redfin-raw-data-yt/data/redfin_data_chunk_38.csv', 's3://redfin-raw-data-yt/data/redfin_data_chunk_39.csv', 's3://redfin-raw-data-yt/data/redfin_data_chunk_40.csv', 's3://redfin-raw-data-yt/data/redfin_data_chunk_41.csv', 's3://redfin-raw-data-yt/data/redfin_data_chunk_42.csv', 's3://redfin-raw-data-yt/data/redfin_data_chunk_43.csv', 's3://redfin-raw-data-yt/data/redfin_data_chunk_44.csv', 's3://redfin-raw-data-yt/data/redfin_data_chunk_45.csv', 's3://redfin-raw-data-yt/data/redfin_data_chunk_46.csv', 's3://redfin-raw-data-yt/data/redfin_data_chunk_47.csv', 's3://redfin-raw-data-yt/data/redfin_data_chunk_48.csv', 's3://redfin-raw-data-yt/data/redfin_data_chunk_49.csv', 's3://redfin-raw-data-yt/data/redfin_data_chunk_50.csv', 's3://redfin-raw-data-yt/data/redfin_data_chunk_51.csv', 's3://redfin-raw-data-yt/data/redfin_data_chunk_52.csv', 's3://redfin-raw-data-yt/data/redfin_data_chunk_53.csv', 's3://redfin-raw-data-yt/data/redfin_data_chunk_54.csv', 's3://redfin-raw-data-yt/data/redfin_data_chunk_55.csv', 's3://redfin-raw-data-yt/data/redfin_data_chunk_56.csv', 's3://redfin-raw-data-yt/data/redfin_data_chunk_57.csv']
[2025-03-11T20:04:02.891+0000] {taskinstance.py:341} INFO - ::group::Post task execution logs
[2025-03-11T20:04:02.892+0000] {taskinstance.py:353} INFO - Marking task as SUCCESS. dag_id=redfin_analytics_dag, task_id=tsk_extract_redfin_data, run_id=manual__2025-03-11T19:54:17.901673+00:00, execution_date=20250311T195417, start_date=20250311T195420, end_date=20250311T200402
[2025-03-11T20:04:02.914+0000] {logging_mixin.py:190} INFO - Task instance in success state
[2025-03-11T20:04:02.914+0000] {logging_mixin.py:190} INFO -  Previous state of the Task instance: running
[2025-03-11T20:04:02.914+0000] {logging_mixin.py:190} INFO - Dag name:redfin_analytics_dag queued_at:2025-03-11 19:54:17.914446+00:00
[2025-03-11T20:04:02.914+0000] {logging_mixin.py:190} INFO - Task hostname:ip-172-31-7-71.eu-west-2.compute.internal operator:PythonOperator
[2025-03-11T20:04:02.943+0000] {local_task_job_runner.py:266} INFO - Task exited with return code 0
[2025-03-11T20:04:02.958+0000] {taskinstance.py:3901} INFO - 1 downstream tasks scheduled from follow-on schedule check
[2025-03-11T20:04:02.965+0000] {local_task_job_runner.py:245} INFO - ::endgroup::
