[2025-03-11T20:04:10.666+0000] {local_task_job_runner.py:123} INFO - ::group::Pre task execution logs
[2025-03-11T20:04:10.678+0000] {taskinstance.py:2614} INFO - Dependencies all met for dep_context=non-requeueable deps ti=<TaskInstance: redfin_analytics_dag.tsk_transform_redfin_data manual__2025-03-11T19:54:17.901673+00:00 [queued]>
[2025-03-11T20:04:10.683+0000] {taskinstance.py:2614} INFO - Dependencies all met for dep_context=requeueable deps ti=<TaskInstance: redfin_analytics_dag.tsk_transform_redfin_data manual__2025-03-11T19:54:17.901673+00:00 [queued]>
[2025-03-11T20:04:10.684+0000] {taskinstance.py:2867} INFO - Starting attempt 1 of 3
[2025-03-11T20:04:10.700+0000] {taskinstance.py:2890} INFO - Executing <Task(PythonOperator): tsk_transform_redfin_data> on 2025-03-11 19:54:17.901673+00:00
[2025-03-11T20:04:10.706+0000] {standard_task_runner.py:72} INFO - Started process 5942 to run task
[2025-03-11T20:04:10.709+0000] {standard_task_runner.py:104} INFO - Running: ['airflow', 'tasks', 'run', 'redfin_analytics_dag', 'tsk_transform_redfin_data', 'manual__2025-03-11T19:54:17.901673+00:00', '--job-id', '101', '--raw', '--subdir', 'DAGS_FOLDER/redfin_analytics.py', '--cfg-path', '/tmp/tmpfy85ycyu']
[2025-03-11T20:04:10.710+0000] {standard_task_runner.py:105} INFO - Job 101: Subtask tsk_transform_redfin_data
[2025-03-11T20:04:10.754+0000] {task_command.py:467} INFO - Running <TaskInstance: redfin_analytics_dag.tsk_transform_redfin_data manual__2025-03-11T19:54:17.901673+00:00 [running]> on host ip-172-31-7-71.eu-west-2.compute.internal
[2025-03-11T20:04:10.810+0000] {taskinstance.py:3134} INFO - Exporting env vars: AIRFLOW_CTX_DAG_EMAIL='dengineer420@gmail.com' AIRFLOW_CTX_DAG_OWNER='Rahul' AIRFLOW_CTX_DAG_ID='redfin_analytics_dag' AIRFLOW_CTX_TASK_ID='tsk_transform_redfin_data' AIRFLOW_CTX_EXECUTION_DATE='2025-03-11T19:54:17.901673+00:00' AIRFLOW_CTX_TRY_NUMBER='1' AIRFLOW_CTX_DAG_RUN_ID='manual__2025-03-11T19:54:17.901673+00:00'
[2025-03-11T20:04:10.811+0000] {logging_mixin.py:190} INFO - Task instance is in running state
[2025-03-11T20:04:10.811+0000] {logging_mixin.py:190} INFO -  Previous state of the Task instance: queued
[2025-03-11T20:04:10.811+0000] {logging_mixin.py:190} INFO - Current task name:tsk_transform_redfin_data state:running start_date:2025-03-11 20:04:10.678384+00:00
[2025-03-11T20:04:10.811+0000] {logging_mixin.py:190} INFO - Dag name:redfin_analytics_dag and current dag run status:running
[2025-03-11T20:04:10.811+0000] {taskinstance.py:732} INFO - ::endgroup::
[2025-03-11T20:04:10.830+0000] {credentials.py:670} INFO - Found credentials in shared credentials file: ~/.aws/credentials
[2025-03-11T20:04:12.764+0000] {logging_mixin.py:190} INFO - Number of rows:  78387
[2025-03-11T20:04:12.765+0000] {logging_mixin.py:190} INFO - Number of columns:  28
[2025-03-11T20:04:14.434+0000] {logging_mixin.py:190} INFO - Number of rows:  78389
[2025-03-11T20:04:14.434+0000] {logging_mixin.py:190} INFO - Number of columns:  28
[2025-03-11T20:04:16.155+0000] {logging_mixin.py:190} INFO - Number of rows:  78363
[2025-03-11T20:04:16.156+0000] {logging_mixin.py:190} INFO - Number of columns:  28
[2025-03-11T20:04:17.953+0000] {logging_mixin.py:190} INFO - Number of rows:  78201
[2025-03-11T20:04:17.953+0000] {logging_mixin.py:190} INFO - Number of columns:  28
[2025-03-11T20:04:19.678+0000] {logging_mixin.py:190} INFO - Number of rows:  78693
[2025-03-11T20:04:19.679+0000] {logging_mixin.py:190} INFO - Number of columns:  28
[2025-03-11T20:04:21.507+0000] {logging_mixin.py:190} INFO - Number of rows:  78486
[2025-03-11T20:04:21.507+0000] {logging_mixin.py:190} INFO - Number of columns:  28
[2025-03-11T20:04:23.394+0000] {logging_mixin.py:190} INFO - Number of rows:  78707
[2025-03-11T20:04:23.394+0000] {logging_mixin.py:190} INFO - Number of columns:  28
[2025-03-11T20:04:25.309+0000] {logging_mixin.py:190} INFO - Number of rows:  78690
[2025-03-11T20:04:25.309+0000] {logging_mixin.py:190} INFO - Number of columns:  28
[2025-03-11T20:04:27.300+0000] {logging_mixin.py:190} INFO - Number of rows:  78540
[2025-03-11T20:04:27.301+0000] {logging_mixin.py:190} INFO - Number of columns:  28
[2025-03-11T20:04:29.173+0000] {logging_mixin.py:190} INFO - Number of rows:  78598
[2025-03-11T20:04:29.174+0000] {logging_mixin.py:190} INFO - Number of columns:  28
[2025-03-11T20:04:30.986+0000] {logging_mixin.py:190} INFO - Number of rows:  78437
[2025-03-11T20:04:30.987+0000] {logging_mixin.py:190} INFO - Number of columns:  28
[2025-03-11T20:04:32.650+0000] {logging_mixin.py:190} INFO - Number of rows:  78420
[2025-03-11T20:04:32.650+0000] {logging_mixin.py:190} INFO - Number of columns:  28
[2025-03-11T20:04:34.498+0000] {logging_mixin.py:190} INFO - Number of rows:  78406
[2025-03-11T20:04:34.498+0000] {logging_mixin.py:190} INFO - Number of columns:  28
[2025-03-11T20:04:36.266+0000] {logging_mixin.py:190} INFO - Number of rows:  78494
[2025-03-11T20:04:36.267+0000] {logging_mixin.py:190} INFO - Number of columns:  28
[2025-03-11T20:04:38.370+0000] {logging_mixin.py:190} INFO - Number of rows:  78203
[2025-03-11T20:04:38.371+0000] {logging_mixin.py:190} INFO - Number of columns:  28
[2025-03-11T20:04:40.149+0000] {logging_mixin.py:190} INFO - Number of rows:  78348
[2025-03-11T20:04:40.150+0000] {logging_mixin.py:190} INFO - Number of columns:  28
[2025-03-11T20:04:42.252+0000] {logging_mixin.py:190} INFO - Number of rows:  78111
[2025-03-11T20:04:42.252+0000] {logging_mixin.py:190} INFO - Number of columns:  28
[2025-03-11T20:04:44.026+0000] {logging_mixin.py:190} INFO - Number of rows:  78130
[2025-03-11T20:04:44.026+0000] {logging_mixin.py:190} INFO - Number of columns:  28
[2025-03-11T20:04:45.808+0000] {logging_mixin.py:190} INFO - Number of rows:  77966
[2025-03-11T20:04:45.809+0000] {logging_mixin.py:190} INFO - Number of columns:  28
[2025-03-11T20:04:47.567+0000] {logging_mixin.py:190} INFO - Number of rows:  78157
[2025-03-11T20:04:47.567+0000] {logging_mixin.py:190} INFO - Number of columns:  28
[2025-03-11T20:04:49.503+0000] {logging_mixin.py:190} INFO - Number of rows:  78121
[2025-03-11T20:04:49.503+0000] {logging_mixin.py:190} INFO - Number of columns:  28
[2025-03-11T20:04:51.424+0000] {logging_mixin.py:190} INFO - Number of rows:  78119
[2025-03-11T20:04:51.424+0000] {logging_mixin.py:190} INFO - Number of columns:  28
[2025-03-11T20:04:53.238+0000] {logging_mixin.py:190} INFO - Number of rows:  78099
[2025-03-11T20:04:53.238+0000] {logging_mixin.py:190} INFO - Number of columns:  28
[2025-03-11T20:04:54.985+0000] {logging_mixin.py:190} INFO - Number of rows:  78339
[2025-03-11T20:04:54.985+0000] {logging_mixin.py:190} INFO - Number of columns:  28
[2025-03-11T20:04:56.673+0000] {logging_mixin.py:190} INFO - Number of rows:  78282
[2025-03-11T20:04:56.673+0000] {logging_mixin.py:190} INFO - Number of columns:  28
[2025-03-11T20:04:58.561+0000] {logging_mixin.py:190} INFO - Number of rows:  78265
[2025-03-11T20:04:58.561+0000] {logging_mixin.py:190} INFO - Number of columns:  28
[2025-03-11T20:05:00.361+0000] {logging_mixin.py:190} INFO - Number of rows:  77985
[2025-03-11T20:05:00.361+0000] {logging_mixin.py:190} INFO - Number of columns:  28
[2025-03-11T20:05:01.992+0000] {logging_mixin.py:190} INFO - Number of rows:  78035
[2025-03-11T20:05:01.993+0000] {logging_mixin.py:190} INFO - Number of columns:  28
[2025-03-11T20:05:03.766+0000] {logging_mixin.py:190} INFO - Number of rows:  78086
[2025-03-11T20:05:03.767+0000] {logging_mixin.py:190} INFO - Number of columns:  28
[2025-03-11T20:05:05.785+0000] {logging_mixin.py:190} INFO - Number of rows:  77905
[2025-03-11T20:05:05.785+0000] {logging_mixin.py:190} INFO - Number of columns:  28
[2025-03-11T20:05:07.818+0000] {logging_mixin.py:190} INFO - Number of rows:  78090
[2025-03-11T20:05:07.818+0000] {logging_mixin.py:190} INFO - Number of columns:  28
[2025-03-11T20:05:09.503+0000] {logging_mixin.py:190} INFO - Number of rows:  78029
[2025-03-11T20:05:09.503+0000] {logging_mixin.py:190} INFO - Number of columns:  28
[2025-03-11T20:05:11.629+0000] {logging_mixin.py:190} INFO - Number of rows:  78193
[2025-03-11T20:05:11.630+0000] {logging_mixin.py:190} INFO - Number of columns:  28
[2025-03-11T20:05:13.423+0000] {logging_mixin.py:190} INFO - Number of rows:  77752
[2025-03-11T20:05:13.424+0000] {logging_mixin.py:190} INFO - Number of columns:  28
[2025-03-11T20:05:15.276+0000] {logging_mixin.py:190} INFO - Number of rows:  77774
[2025-03-11T20:05:15.277+0000] {logging_mixin.py:190} INFO - Number of columns:  28
[2025-03-11T20:05:17.371+0000] {logging_mixin.py:190} INFO - Number of rows:  77638
[2025-03-11T20:05:17.371+0000] {logging_mixin.py:190} INFO - Number of columns:  28
[2025-03-11T20:05:19.050+0000] {logging_mixin.py:190} INFO - Number of rows:  77894
[2025-03-11T20:05:19.052+0000] {logging_mixin.py:190} INFO - Number of columns:  28
[2025-03-11T20:05:20.748+0000] {logging_mixin.py:190} INFO - Number of rows:  78018
[2025-03-11T20:05:20.749+0000] {logging_mixin.py:190} INFO - Number of columns:  28
[2025-03-11T20:05:22.657+0000] {logging_mixin.py:190} INFO - Number of rows:  77576
[2025-03-11T20:05:22.657+0000] {logging_mixin.py:190} INFO - Number of columns:  28
[2025-03-11T20:05:24.507+0000] {logging_mixin.py:190} INFO - Number of rows:  77483
[2025-03-11T20:05:24.507+0000] {logging_mixin.py:190} INFO - Number of columns:  28
[2025-03-11T20:05:26.315+0000] {logging_mixin.py:190} INFO - Number of rows:  77590
[2025-03-11T20:05:26.316+0000] {logging_mixin.py:190} INFO - Number of columns:  28
[2025-03-11T20:05:28.089+0000] {logging_mixin.py:190} INFO - Number of rows:  77711
[2025-03-11T20:05:28.089+0000] {logging_mixin.py:190} INFO - Number of columns:  28
[2025-03-11T20:05:30.201+0000] {logging_mixin.py:190} INFO - Number of rows:  77745
[2025-03-11T20:05:30.202+0000] {logging_mixin.py:190} INFO - Number of columns:  28
[2025-03-11T20:05:31.863+0000] {logging_mixin.py:190} INFO - Number of rows:  77575
[2025-03-11T20:05:31.863+0000] {logging_mixin.py:190} INFO - Number of columns:  28
[2025-03-11T20:05:33.722+0000] {logging_mixin.py:190} INFO - Number of rows:  77553
[2025-03-11T20:05:33.722+0000] {logging_mixin.py:190} INFO - Number of columns:  28
[2025-03-11T20:05:35.489+0000] {logging_mixin.py:190} INFO - Number of rows:  77368
[2025-03-11T20:05:35.489+0000] {logging_mixin.py:190} INFO - Number of columns:  28
[2025-03-11T20:05:37.159+0000] {logging_mixin.py:190} INFO - Number of rows:  76973
[2025-03-11T20:05:37.160+0000] {logging_mixin.py:190} INFO - Number of columns:  28
[2025-03-11T20:05:39.031+0000] {logging_mixin.py:190} INFO - Number of rows:  77285
[2025-03-11T20:05:39.032+0000] {logging_mixin.py:190} INFO - Number of columns:  28
[2025-03-11T20:05:40.779+0000] {logging_mixin.py:190} INFO - Number of rows:  77209
[2025-03-11T20:05:40.779+0000] {logging_mixin.py:190} INFO - Number of columns:  28
[2025-03-11T20:05:42.623+0000] {logging_mixin.py:190} INFO - Number of rows:  77154
[2025-03-11T20:05:42.623+0000] {logging_mixin.py:190} INFO - Number of columns:  28
[2025-03-11T20:05:44.415+0000] {logging_mixin.py:190} INFO - Number of rows:  77136
[2025-03-11T20:05:44.415+0000] {logging_mixin.py:190} INFO - Number of columns:  28
[2025-03-11T20:05:46.331+0000] {logging_mixin.py:190} INFO - Number of rows:  77072
[2025-03-11T20:05:46.331+0000] {logging_mixin.py:190} INFO - Number of columns:  28
[2025-03-11T20:05:48.053+0000] {logging_mixin.py:190} INFO - Number of rows:  77022
[2025-03-11T20:05:48.054+0000] {logging_mixin.py:190} INFO - Number of columns:  28
[2025-03-11T20:05:50.037+0000] {logging_mixin.py:190} INFO - Number of rows:  76953
[2025-03-11T20:05:50.038+0000] {logging_mixin.py:190} INFO - Number of columns:  28
[2025-03-11T20:05:52.113+0000] {logging_mixin.py:190} INFO - Number of rows:  76854
[2025-03-11T20:05:52.114+0000] {logging_mixin.py:190} INFO - Number of columns:  28
[2025-03-11T20:05:53.872+0000] {logging_mixin.py:190} INFO - Number of rows:  76596
[2025-03-11T20:05:53.872+0000] {logging_mixin.py:190} INFO - Number of columns:  28
[2025-03-11T20:05:55.716+0000] {logging_mixin.py:190} INFO - Number of rows:  76021
[2025-03-11T20:05:55.716+0000] {logging_mixin.py:190} INFO - Number of columns:  28
[2025-03-11T20:05:57.084+0000] {logging_mixin.py:190} INFO - Number of rows:  60837
[2025-03-11T20:05:57.084+0000] {logging_mixin.py:190} INFO - Number of columns:  28
[2025-03-11T20:07:18.667+0000] {taskinstance.py:3313} ERROR - Task failed with exception
Traceback (most recent call last):
  File "/home/ubuntu/redfin_venv/lib/python3.12/site-packages/airflow/models/taskinstance.py", line 768, in _execute_task
    result = _execute_callable(context=context, **execute_callable_kwargs)
             ^^^^^^^^^^^^^^^^^^^^^^^^^^^^^^^^^^^^^^^^^^^^^^^^^^^^^^^^^^^^^
  File "/home/ubuntu/redfin_venv/lib/python3.12/site-packages/airflow/models/taskinstance.py", line 734, in _execute_callable
    return ExecutionCallableRunner(
           ^^^^^^^^^^^^^^^^^^^^^^^^
  File "/home/ubuntu/redfin_venv/lib/python3.12/site-packages/airflow/utils/operator_helpers.py", line 252, in run
    return self.func(*args, **kwargs)
           ^^^^^^^^^^^^^^^^^^^^^^^^^^
  File "/home/ubuntu/redfin_venv/lib/python3.12/site-packages/airflow/models/baseoperator.py", line 424, in wrapper
    return func(self, *args, **kwargs)
           ^^^^^^^^^^^^^^^^^^^^^^^^^^^
  File "/home/ubuntu/redfin_venv/lib/python3.12/site-packages/airflow/operators/python.py", line 238, in execute
    return_value = self.execute_callable()
                   ^^^^^^^^^^^^^^^^^^^^^^^
  File "/home/ubuntu/redfin_venv/lib/python3.12/site-packages/airflow/operators/python.py", line 256, in execute_callable
    return runner.run(*self.op_args, **self.op_kwargs)
           ^^^^^^^^^^^^^^^^^^^^^^^^^^^^^^^^^^^^^^^^^^^
  File "/home/ubuntu/redfin_venv/lib/python3.12/site-packages/airflow/utils/operator_helpers.py", line 252, in run
    return self.func(*args, **kwargs)
           ^^^^^^^^^^^^^^^^^^^^^^^^^^
  File "/home/ubuntu/airflow/dags/functions.py", line 118, in transform_data
    s3_client.put_object(Bucket= target_bucket_name, Key=object_key, Body=csv_data )
    ^^^^^^^^^
NameError: name 's3_client' is not defined
[2025-03-11T20:07:18.676+0000] {logging_mixin.py:190} INFO - Task instance in failure state
[2025-03-11T20:07:18.678+0000] {logging_mixin.py:190} INFO - Task start:2025-03-11 20:04:10.678384+00:00 end:2025-03-11 20:07:18.676546+00:00 duration:187.998162
[2025-03-11T20:07:18.678+0000] {logging_mixin.py:190} INFO - Task:<Task(PythonOperator): tsk_transform_redfin_data> dag:<DAG: redfin_analytics_dag> dagrun:<DagRun redfin_analytics_dag @ 2025-03-11 19:54:17.901673+00:00: manual__2025-03-11T19:54:17.901673+00:00, state:running, queued_at: 2025-03-11 19:54:17.914446+00:00. externally triggered: True>
[2025-03-11T20:07:18.678+0000] {logging_mixin.py:190} INFO - Failure caused by name 's3_client' is not defined
[2025-03-11T20:07:18.678+0000] {taskinstance.py:1226} INFO - Marking task as UP_FOR_RETRY. dag_id=redfin_analytics_dag, task_id=tsk_transform_redfin_data, run_id=manual__2025-03-11T19:54:17.901673+00:00, execution_date=20250311T195417, start_date=20250311T200410, end_date=20250311T200718
[2025-03-11T20:07:18.707+0000] {taskinstance.py:341} INFO - ::group::Post task execution logs
[2025-03-11T20:07:18.707+0000] {standard_task_runner.py:124} ERROR - Failed to execute job 101 for task tsk_transform_redfin_data (name 's3_client' is not defined; 5942)
Traceback (most recent call last):
  File "/home/ubuntu/redfin_venv/lib/python3.12/site-packages/airflow/task/task_runner/standard_task_runner.py", line 117, in _start_by_fork
    ret = args.func(args, dag=self.dag)
          ^^^^^^^^^^^^^^^^^^^^^^^^^^^^^
  File "/home/ubuntu/redfin_venv/lib/python3.12/site-packages/airflow/cli/cli_config.py", line 49, in command
    return func(*args, **kwargs)
           ^^^^^^^^^^^^^^^^^^^^^
  File "/home/ubuntu/redfin_venv/lib/python3.12/site-packages/airflow/utils/cli.py", line 116, in wrapper
    return f(*args, **kwargs)
           ^^^^^^^^^^^^^^^^^^
  File "/home/ubuntu/redfin_venv/lib/python3.12/site-packages/airflow/cli/commands/task_command.py", line 483, in task_run
    task_return_code = _run_task_by_selected_method(args, _dag, ti)
                       ^^^^^^^^^^^^^^^^^^^^^^^^^^^^^^^^^^^^^^^^^^^^
  File "/home/ubuntu/redfin_venv/lib/python3.12/site-packages/airflow/cli/commands/task_command.py", line 256, in _run_task_by_selected_method
    return _run_raw_task(args, ti)
           ^^^^^^^^^^^^^^^^^^^^^^^
  File "/home/ubuntu/redfin_venv/lib/python3.12/site-packages/airflow/cli/commands/task_command.py", line 341, in _run_raw_task
    return ti._run_raw_task(
           ^^^^^^^^^^^^^^^^^
  File "/home/ubuntu/redfin_venv/lib/python3.12/site-packages/airflow/utils/session.py", line 97, in wrapper
    return func(*args, session=session, **kwargs)
           ^^^^^^^^^^^^^^^^^^^^^^^^^^^^^^^^^^^^^^
  File "/home/ubuntu/redfin_venv/lib/python3.12/site-packages/airflow/models/taskinstance.py", line 3006, in _run_raw_task
    return _run_raw_task(
           ^^^^^^^^^^^^^^
  File "/home/ubuntu/redfin_venv/lib/python3.12/site-packages/airflow/models/taskinstance.py", line 274, in _run_raw_task
    TaskInstance._execute_task_with_callbacks(
  File "/home/ubuntu/redfin_venv/lib/python3.12/site-packages/airflow/models/taskinstance.py", line 3161, in _execute_task_with_callbacks
    result = self._execute_task(context, task_orig)
             ^^^^^^^^^^^^^^^^^^^^^^^^^^^^^^^^^^^^^^
  File "/home/ubuntu/redfin_venv/lib/python3.12/site-packages/airflow/models/taskinstance.py", line 3185, in _execute_task
    return _execute_task(self, context, task_orig)
           ^^^^^^^^^^^^^^^^^^^^^^^^^^^^^^^^^^^^^^^
  File "/home/ubuntu/redfin_venv/lib/python3.12/site-packages/airflow/models/taskinstance.py", line 768, in _execute_task
    result = _execute_callable(context=context, **execute_callable_kwargs)
             ^^^^^^^^^^^^^^^^^^^^^^^^^^^^^^^^^^^^^^^^^^^^^^^^^^^^^^^^^^^^^
  File "/home/ubuntu/redfin_venv/lib/python3.12/site-packages/airflow/models/taskinstance.py", line 734, in _execute_callable
    return ExecutionCallableRunner(
           ^^^^^^^^^^^^^^^^^^^^^^^^
  File "/home/ubuntu/redfin_venv/lib/python3.12/site-packages/airflow/utils/operator_helpers.py", line 252, in run
    return self.func(*args, **kwargs)
           ^^^^^^^^^^^^^^^^^^^^^^^^^^
  File "/home/ubuntu/redfin_venv/lib/python3.12/site-packages/airflow/models/baseoperator.py", line 424, in wrapper
    return func(self, *args, **kwargs)
           ^^^^^^^^^^^^^^^^^^^^^^^^^^^
  File "/home/ubuntu/redfin_venv/lib/python3.12/site-packages/airflow/operators/python.py", line 238, in execute
    return_value = self.execute_callable()
                   ^^^^^^^^^^^^^^^^^^^^^^^
  File "/home/ubuntu/redfin_venv/lib/python3.12/site-packages/airflow/operators/python.py", line 256, in execute_callable
    return runner.run(*self.op_args, **self.op_kwargs)
           ^^^^^^^^^^^^^^^^^^^^^^^^^^^^^^^^^^^^^^^^^^^
  File "/home/ubuntu/redfin_venv/lib/python3.12/site-packages/airflow/utils/operator_helpers.py", line 252, in run
    return self.func(*args, **kwargs)
           ^^^^^^^^^^^^^^^^^^^^^^^^^^
  File "/home/ubuntu/airflow/dags/functions.py", line 118, in transform_data
    s3_client.put_object(Bucket= target_bucket_name, Key=object_key, Body=csv_data )
    ^^^^^^^^^
NameError: name 's3_client' is not defined
[2025-03-11T20:07:18.842+0000] {local_task_job_runner.py:266} INFO - Task exited with return code 1
[2025-03-11T20:07:18.854+0000] {taskinstance.py:3901} INFO - 0 downstream tasks scheduled from follow-on schedule check
[2025-03-11T20:07:18.855+0000] {local_task_job_runner.py:245} INFO - ::endgroup::
