[2025-03-11T20:10:56.656+0000] {local_task_job_runner.py:123} INFO - ::group::Pre task execution logs
[2025-03-11T20:10:56.668+0000] {taskinstance.py:2614} INFO - Dependencies all met for dep_context=non-requeueable deps ti=<TaskInstance: redfin_analytics_dag.tsk_transform_redfin_data manual__2025-03-11T19:54:17.901673+00:00 [queued]>
[2025-03-11T20:10:56.674+0000] {taskinstance.py:2614} INFO - Dependencies all met for dep_context=requeueable deps ti=<TaskInstance: redfin_analytics_dag.tsk_transform_redfin_data manual__2025-03-11T19:54:17.901673+00:00 [queued]>
[2025-03-11T20:10:56.674+0000] {taskinstance.py:2867} INFO - Starting attempt 3 of 3
[2025-03-11T20:10:56.689+0000] {taskinstance.py:2890} INFO - Executing <Task(PythonOperator): tsk_transform_redfin_data> on 2025-03-11 19:54:17.901673+00:00
[2025-03-11T20:10:56.696+0000] {standard_task_runner.py:72} INFO - Started process 6967 to run task
[2025-03-11T20:10:56.699+0000] {standard_task_runner.py:104} INFO - Running: ['airflow', 'tasks', 'run', 'redfin_analytics_dag', 'tsk_transform_redfin_data', 'manual__2025-03-11T19:54:17.901673+00:00', '--job-id', '105', '--raw', '--subdir', 'DAGS_FOLDER/redfin_analytics.py', '--cfg-path', '/tmp/tmpkgw89y10']
[2025-03-11T20:10:56.699+0000] {standard_task_runner.py:105} INFO - Job 105: Subtask tsk_transform_redfin_data
[2025-03-11T20:10:56.741+0000] {task_command.py:467} INFO - Running <TaskInstance: redfin_analytics_dag.tsk_transform_redfin_data manual__2025-03-11T19:54:17.901673+00:00 [running]> on host ip-172-31-7-71.eu-west-2.compute.internal
[2025-03-11T20:10:56.790+0000] {taskinstance.py:3134} INFO - Exporting env vars: AIRFLOW_CTX_DAG_EMAIL='dengineer420@gmail.com' AIRFLOW_CTX_DAG_OWNER='Rahul' AIRFLOW_CTX_DAG_ID='redfin_analytics_dag' AIRFLOW_CTX_TASK_ID='tsk_transform_redfin_data' AIRFLOW_CTX_EXECUTION_DATE='2025-03-11T19:54:17.901673+00:00' AIRFLOW_CTX_TRY_NUMBER='3' AIRFLOW_CTX_DAG_RUN_ID='manual__2025-03-11T19:54:17.901673+00:00'
[2025-03-11T20:10:56.791+0000] {logging_mixin.py:190} INFO - Task instance is in running state
[2025-03-11T20:10:56.792+0000] {logging_mixin.py:190} INFO -  Previous state of the Task instance: queued
[2025-03-11T20:10:56.792+0000] {logging_mixin.py:190} INFO - Current task name:tsk_transform_redfin_data state:running start_date:2025-03-11 20:10:56.668919+00:00
[2025-03-11T20:10:56.792+0000] {logging_mixin.py:190} INFO - Dag name:redfin_analytics_dag and current dag run status:running
[2025-03-11T20:10:56.792+0000] {taskinstance.py:732} INFO - ::endgroup::
[2025-03-11T20:10:56.812+0000] {credentials.py:670} INFO - Found credentials in shared credentials file: ~/.aws/credentials
[2025-03-11T20:10:58.655+0000] {logging_mixin.py:190} INFO - Number of rows:  78387
[2025-03-11T20:10:58.655+0000] {logging_mixin.py:190} INFO - Number of columns:  28
[2025-03-11T20:11:00.336+0000] {logging_mixin.py:190} INFO - Number of rows:  78389
[2025-03-11T20:11:00.337+0000] {logging_mixin.py:190} INFO - Number of columns:  28
[2025-03-11T20:11:02.120+0000] {logging_mixin.py:190} INFO - Number of rows:  78363
[2025-03-11T20:11:02.121+0000] {logging_mixin.py:190} INFO - Number of columns:  28
[2025-03-11T20:11:03.730+0000] {logging_mixin.py:190} INFO - Number of rows:  78201
[2025-03-11T20:11:03.731+0000] {logging_mixin.py:190} INFO - Number of columns:  28
[2025-03-11T20:11:05.348+0000] {logging_mixin.py:190} INFO - Number of rows:  78693
[2025-03-11T20:11:05.349+0000] {logging_mixin.py:190} INFO - Number of columns:  28
[2025-03-11T20:11:07.028+0000] {logging_mixin.py:190} INFO - Number of rows:  78486
[2025-03-11T20:11:07.028+0000] {logging_mixin.py:190} INFO - Number of columns:  28
[2025-03-11T20:11:08.750+0000] {logging_mixin.py:190} INFO - Number of rows:  78707
[2025-03-11T20:11:08.750+0000] {logging_mixin.py:190} INFO - Number of columns:  28
[2025-03-11T20:11:10.460+0000] {logging_mixin.py:190} INFO - Number of rows:  78690
[2025-03-11T20:11:10.460+0000] {logging_mixin.py:190} INFO - Number of columns:  28
[2025-03-11T20:11:12.170+0000] {logging_mixin.py:190} INFO - Number of rows:  78540
[2025-03-11T20:11:12.170+0000] {logging_mixin.py:190} INFO - Number of columns:  28
[2025-03-11T20:11:13.993+0000] {logging_mixin.py:190} INFO - Number of rows:  78598
[2025-03-11T20:11:13.993+0000] {logging_mixin.py:190} INFO - Number of columns:  28
[2025-03-11T20:11:15.600+0000] {logging_mixin.py:190} INFO - Number of rows:  78437
[2025-03-11T20:11:15.600+0000] {logging_mixin.py:190} INFO - Number of columns:  28
[2025-03-11T20:11:17.210+0000] {logging_mixin.py:190} INFO - Number of rows:  78420
[2025-03-11T20:11:17.212+0000] {logging_mixin.py:190} INFO - Number of columns:  28
[2025-03-11T20:11:18.906+0000] {logging_mixin.py:190} INFO - Number of rows:  78406
[2025-03-11T20:11:18.907+0000] {logging_mixin.py:190} INFO - Number of columns:  28
[2025-03-11T20:11:20.592+0000] {logging_mixin.py:190} INFO - Number of rows:  78494
[2025-03-11T20:11:20.592+0000] {logging_mixin.py:190} INFO - Number of columns:  28
[2025-03-11T20:11:22.349+0000] {logging_mixin.py:190} INFO - Number of rows:  78203
[2025-03-11T20:11:22.349+0000] {logging_mixin.py:190} INFO - Number of columns:  28
[2025-03-11T20:11:24.005+0000] {logging_mixin.py:190} INFO - Number of rows:  78348
[2025-03-11T20:11:24.005+0000] {logging_mixin.py:190} INFO - Number of columns:  28
[2025-03-11T20:11:25.706+0000] {logging_mixin.py:190} INFO - Number of rows:  78111
[2025-03-11T20:11:25.706+0000] {logging_mixin.py:190} INFO - Number of columns:  28
[2025-03-11T20:11:27.514+0000] {logging_mixin.py:190} INFO - Number of rows:  78130
[2025-03-11T20:11:27.515+0000] {logging_mixin.py:190} INFO - Number of columns:  28
[2025-03-11T20:11:29.272+0000] {logging_mixin.py:190} INFO - Number of rows:  77966
[2025-03-11T20:11:29.273+0000] {logging_mixin.py:190} INFO - Number of columns:  28
[2025-03-11T20:11:30.915+0000] {logging_mixin.py:190} INFO - Number of rows:  78157
[2025-03-11T20:11:30.915+0000] {logging_mixin.py:190} INFO - Number of columns:  28
[2025-03-11T20:11:32.670+0000] {logging_mixin.py:190} INFO - Number of rows:  78121
[2025-03-11T20:11:32.670+0000] {logging_mixin.py:190} INFO - Number of columns:  28
[2025-03-11T20:11:34.445+0000] {logging_mixin.py:190} INFO - Number of rows:  78119
[2025-03-11T20:11:34.446+0000] {logging_mixin.py:190} INFO - Number of columns:  28
[2025-03-11T20:11:36.179+0000] {logging_mixin.py:190} INFO - Number of rows:  78099
[2025-03-11T20:11:36.179+0000] {logging_mixin.py:190} INFO - Number of columns:  28
[2025-03-11T20:11:37.885+0000] {logging_mixin.py:190} INFO - Number of rows:  78339
[2025-03-11T20:11:37.886+0000] {logging_mixin.py:190} INFO - Number of columns:  28
[2025-03-11T20:11:39.507+0000] {logging_mixin.py:190} INFO - Number of rows:  78282
[2025-03-11T20:11:39.507+0000] {logging_mixin.py:190} INFO - Number of columns:  28
[2025-03-11T20:11:41.123+0000] {logging_mixin.py:190} INFO - Number of rows:  78265
[2025-03-11T20:11:41.123+0000] {logging_mixin.py:190} INFO - Number of columns:  28
[2025-03-11T20:11:42.764+0000] {logging_mixin.py:190} INFO - Number of rows:  77985
[2025-03-11T20:11:42.764+0000] {logging_mixin.py:190} INFO - Number of columns:  28
[2025-03-11T20:11:44.472+0000] {logging_mixin.py:190} INFO - Number of rows:  78035
[2025-03-11T20:11:44.473+0000] {logging_mixin.py:190} INFO - Number of columns:  28
[2025-03-11T20:11:46.394+0000] {logging_mixin.py:190} INFO - Number of rows:  78086
[2025-03-11T20:11:46.396+0000] {logging_mixin.py:190} INFO - Number of columns:  28
[2025-03-11T20:11:48.040+0000] {logging_mixin.py:190} INFO - Number of rows:  77905
[2025-03-11T20:11:48.041+0000] {logging_mixin.py:190} INFO - Number of columns:  28
[2025-03-11T20:11:49.790+0000] {logging_mixin.py:190} INFO - Number of rows:  78090
[2025-03-11T20:11:49.790+0000] {logging_mixin.py:190} INFO - Number of columns:  28
[2025-03-11T20:11:51.528+0000] {logging_mixin.py:190} INFO - Number of rows:  78029
[2025-03-11T20:11:51.529+0000] {logging_mixin.py:190} INFO - Number of columns:  28
[2025-03-11T20:11:53.467+0000] {logging_mixin.py:190} INFO - Number of rows:  78193
[2025-03-11T20:11:53.467+0000] {logging_mixin.py:190} INFO - Number of columns:  28
[2025-03-11T20:11:55.070+0000] {logging_mixin.py:190} INFO - Number of rows:  77752
[2025-03-11T20:11:55.070+0000] {logging_mixin.py:190} INFO - Number of columns:  28
[2025-03-11T20:11:56.765+0000] {logging_mixin.py:190} INFO - Number of rows:  77774
[2025-03-11T20:11:56.766+0000] {logging_mixin.py:190} INFO - Number of columns:  28
[2025-03-11T20:11:58.441+0000] {logging_mixin.py:190} INFO - Number of rows:  77638
[2025-03-11T20:11:58.442+0000] {logging_mixin.py:190} INFO - Number of columns:  28
[2025-03-11T20:12:00.294+0000] {logging_mixin.py:190} INFO - Number of rows:  77894
[2025-03-11T20:12:00.294+0000] {logging_mixin.py:190} INFO - Number of columns:  28
[2025-03-11T20:12:01.940+0000] {logging_mixin.py:190} INFO - Number of rows:  78018
[2025-03-11T20:12:01.941+0000] {logging_mixin.py:190} INFO - Number of columns:  28
[2025-03-11T20:12:03.615+0000] {logging_mixin.py:190} INFO - Number of rows:  77576
[2025-03-11T20:12:03.616+0000] {logging_mixin.py:190} INFO - Number of columns:  28
[2025-03-11T20:12:05.265+0000] {logging_mixin.py:190} INFO - Number of rows:  77483
[2025-03-11T20:12:05.266+0000] {logging_mixin.py:190} INFO - Number of columns:  28
[2025-03-11T20:12:07.126+0000] {logging_mixin.py:190} INFO - Number of rows:  77590
[2025-03-11T20:12:07.126+0000] {logging_mixin.py:190} INFO - Number of columns:  28
[2025-03-11T20:12:09.212+0000] {logging_mixin.py:190} INFO - Number of rows:  77711
[2025-03-11T20:12:09.212+0000] {logging_mixin.py:190} INFO - Number of columns:  28
[2025-03-11T20:12:10.939+0000] {logging_mixin.py:190} INFO - Number of rows:  77745
[2025-03-11T20:12:10.939+0000] {logging_mixin.py:190} INFO - Number of columns:  28
[2025-03-11T20:12:12.802+0000] {logging_mixin.py:190} INFO - Number of rows:  77575
[2025-03-11T20:12:12.802+0000] {logging_mixin.py:190} INFO - Number of columns:  28
[2025-03-11T20:12:14.629+0000] {logging_mixin.py:190} INFO - Number of rows:  77553
[2025-03-11T20:12:14.629+0000] {logging_mixin.py:190} INFO - Number of columns:  28
[2025-03-11T20:12:16.320+0000] {logging_mixin.py:190} INFO - Number of rows:  77368
[2025-03-11T20:12:16.320+0000] {logging_mixin.py:190} INFO - Number of columns:  28
[2025-03-11T20:12:18.119+0000] {logging_mixin.py:190} INFO - Number of rows:  76973
[2025-03-11T20:12:18.119+0000] {logging_mixin.py:190} INFO - Number of columns:  28
[2025-03-11T20:12:19.938+0000] {logging_mixin.py:190} INFO - Number of rows:  77285
[2025-03-11T20:12:19.939+0000] {logging_mixin.py:190} INFO - Number of columns:  28
[2025-03-11T20:12:21.652+0000] {logging_mixin.py:190} INFO - Number of rows:  77209
[2025-03-11T20:12:21.652+0000] {logging_mixin.py:190} INFO - Number of columns:  28
[2025-03-11T20:12:23.799+0000] {logging_mixin.py:190} INFO - Number of rows:  77154
[2025-03-11T20:12:23.799+0000] {logging_mixin.py:190} INFO - Number of columns:  28
[2025-03-11T20:12:25.592+0000] {logging_mixin.py:190} INFO - Number of rows:  77136
[2025-03-11T20:12:25.592+0000] {logging_mixin.py:190} INFO - Number of columns:  28
[2025-03-11T20:12:27.249+0000] {logging_mixin.py:190} INFO - Number of rows:  77072
[2025-03-11T20:12:27.249+0000] {logging_mixin.py:190} INFO - Number of columns:  28
[2025-03-11T20:12:28.888+0000] {logging_mixin.py:190} INFO - Number of rows:  77022
[2025-03-11T20:12:28.888+0000] {logging_mixin.py:190} INFO - Number of columns:  28
[2025-03-11T20:12:30.525+0000] {logging_mixin.py:190} INFO - Number of rows:  76953
[2025-03-11T20:12:30.525+0000] {logging_mixin.py:190} INFO - Number of columns:  28
[2025-03-11T20:12:32.210+0000] {logging_mixin.py:190} INFO - Number of rows:  76854
[2025-03-11T20:12:32.211+0000] {logging_mixin.py:190} INFO - Number of columns:  28
[2025-03-11T20:12:33.854+0000] {logging_mixin.py:190} INFO - Number of rows:  76596
[2025-03-11T20:12:33.854+0000] {logging_mixin.py:190} INFO - Number of columns:  28
[2025-03-11T20:12:35.596+0000] {logging_mixin.py:190} INFO - Number of rows:  76021
[2025-03-11T20:12:35.597+0000] {logging_mixin.py:190} INFO - Number of columns:  28
[2025-03-11T20:12:36.942+0000] {logging_mixin.py:190} INFO - Number of rows:  60837
[2025-03-11T20:12:36.942+0000] {logging_mixin.py:190} INFO - Number of columns:  28
[2025-03-11T20:13:57.621+0000] {taskinstance.py:3313} ERROR - Task failed with exception
Traceback (most recent call last):
  File "/home/ubuntu/redfin_venv/lib/python3.12/site-packages/airflow/models/taskinstance.py", line 768, in _execute_task
    result = _execute_callable(context=context, **execute_callable_kwargs)
             ^^^^^^^^^^^^^^^^^^^^^^^^^^^^^^^^^^^^^^^^^^^^^^^^^^^^^^^^^^^^^
  File "/home/ubuntu/redfin_venv/lib/python3.12/site-packages/airflow/models/taskinstance.py", line 734, in _execute_callable
    return ExecutionCallableRunner(
           ^^^^^^^^^^^^^^^^^^^^^^^^
  File "/home/ubuntu/redfin_venv/lib/python3.12/site-packages/airflow/utils/operator_helpers.py", line 252, in run
    return self.func(*args, **kwargs)
           ^^^^^^^^^^^^^^^^^^^^^^^^^^
  File "/home/ubuntu/redfin_venv/lib/python3.12/site-packages/airflow/models/baseoperator.py", line 424, in wrapper
    return func(self, *args, **kwargs)
           ^^^^^^^^^^^^^^^^^^^^^^^^^^^
  File "/home/ubuntu/redfin_venv/lib/python3.12/site-packages/airflow/operators/python.py", line 238, in execute
    return_value = self.execute_callable()
                   ^^^^^^^^^^^^^^^^^^^^^^^
  File "/home/ubuntu/redfin_venv/lib/python3.12/site-packages/airflow/operators/python.py", line 256, in execute_callable
    return runner.run(*self.op_args, **self.op_kwargs)
           ^^^^^^^^^^^^^^^^^^^^^^^^^^^^^^^^^^^^^^^^^^^
  File "/home/ubuntu/redfin_venv/lib/python3.12/site-packages/airflow/utils/operator_helpers.py", line 252, in run
    return self.func(*args, **kwargs)
           ^^^^^^^^^^^^^^^^^^^^^^^^^^
  File "/home/ubuntu/airflow/dags/functions.py", line 118, in transform_data
    s3_client.put_object(Bucket= target_bucket_name, Key=object_key, Body=csv_data )
    ^^^^^^^^^
NameError: name 's3_client' is not defined
[2025-03-11T20:13:57.627+0000] {logging_mixin.py:190} INFO - Task instance in failure state
[2025-03-11T20:13:57.628+0000] {logging_mixin.py:190} INFO - Task start:2025-03-11 20:10:56.668919+00:00 end:2025-03-11 20:13:57.627598+00:00 duration:180.958679
[2025-03-11T20:13:57.628+0000] {logging_mixin.py:190} INFO - Task:<Task(PythonOperator): tsk_transform_redfin_data> dag:<DAG: redfin_analytics_dag> dagrun:<DagRun redfin_analytics_dag @ 2025-03-11 19:54:17.901673+00:00: manual__2025-03-11T19:54:17.901673+00:00, state:running, queued_at: 2025-03-11 19:54:17.914446+00:00. externally triggered: True>
[2025-03-11T20:13:57.628+0000] {logging_mixin.py:190} INFO - Failure caused by name 's3_client' is not defined
[2025-03-11T20:13:57.628+0000] {taskinstance.py:1226} INFO - Marking task as FAILED. dag_id=redfin_analytics_dag, task_id=tsk_transform_redfin_data, run_id=manual__2025-03-11T19:54:17.901673+00:00, execution_date=20250311T195417, start_date=20250311T201056, end_date=20250311T201357
[2025-03-11T20:13:57.654+0000] {taskinstance.py:341} INFO - ::group::Post task execution logs
[2025-03-11T20:13:57.654+0000] {standard_task_runner.py:124} ERROR - Failed to execute job 105 for task tsk_transform_redfin_data (name 's3_client' is not defined; 6967)
Traceback (most recent call last):
  File "/home/ubuntu/redfin_venv/lib/python3.12/site-packages/airflow/task/task_runner/standard_task_runner.py", line 117, in _start_by_fork
    ret = args.func(args, dag=self.dag)
          ^^^^^^^^^^^^^^^^^^^^^^^^^^^^^
  File "/home/ubuntu/redfin_venv/lib/python3.12/site-packages/airflow/cli/cli_config.py", line 49, in command
    return func(*args, **kwargs)
           ^^^^^^^^^^^^^^^^^^^^^
  File "/home/ubuntu/redfin_venv/lib/python3.12/site-packages/airflow/utils/cli.py", line 116, in wrapper
    return f(*args, **kwargs)
           ^^^^^^^^^^^^^^^^^^
  File "/home/ubuntu/redfin_venv/lib/python3.12/site-packages/airflow/cli/commands/task_command.py", line 483, in task_run
    task_return_code = _run_task_by_selected_method(args, _dag, ti)
                       ^^^^^^^^^^^^^^^^^^^^^^^^^^^^^^^^^^^^^^^^^^^^
  File "/home/ubuntu/redfin_venv/lib/python3.12/site-packages/airflow/cli/commands/task_command.py", line 256, in _run_task_by_selected_method
    return _run_raw_task(args, ti)
           ^^^^^^^^^^^^^^^^^^^^^^^
  File "/home/ubuntu/redfin_venv/lib/python3.12/site-packages/airflow/cli/commands/task_command.py", line 341, in _run_raw_task
    return ti._run_raw_task(
           ^^^^^^^^^^^^^^^^^
  File "/home/ubuntu/redfin_venv/lib/python3.12/site-packages/airflow/utils/session.py", line 97, in wrapper
    return func(*args, session=session, **kwargs)
           ^^^^^^^^^^^^^^^^^^^^^^^^^^^^^^^^^^^^^^
  File "/home/ubuntu/redfin_venv/lib/python3.12/site-packages/airflow/models/taskinstance.py", line 3006, in _run_raw_task
    return _run_raw_task(
           ^^^^^^^^^^^^^^
  File "/home/ubuntu/redfin_venv/lib/python3.12/site-packages/airflow/models/taskinstance.py", line 274, in _run_raw_task
    TaskInstance._execute_task_with_callbacks(
  File "/home/ubuntu/redfin_venv/lib/python3.12/site-packages/airflow/models/taskinstance.py", line 3161, in _execute_task_with_callbacks
    result = self._execute_task(context, task_orig)
             ^^^^^^^^^^^^^^^^^^^^^^^^^^^^^^^^^^^^^^
  File "/home/ubuntu/redfin_venv/lib/python3.12/site-packages/airflow/models/taskinstance.py", line 3185, in _execute_task
    return _execute_task(self, context, task_orig)
           ^^^^^^^^^^^^^^^^^^^^^^^^^^^^^^^^^^^^^^^
  File "/home/ubuntu/redfin_venv/lib/python3.12/site-packages/airflow/models/taskinstance.py", line 768, in _execute_task
    result = _execute_callable(context=context, **execute_callable_kwargs)
             ^^^^^^^^^^^^^^^^^^^^^^^^^^^^^^^^^^^^^^^^^^^^^^^^^^^^^^^^^^^^^
  File "/home/ubuntu/redfin_venv/lib/python3.12/site-packages/airflow/models/taskinstance.py", line 734, in _execute_callable
    return ExecutionCallableRunner(
           ^^^^^^^^^^^^^^^^^^^^^^^^
  File "/home/ubuntu/redfin_venv/lib/python3.12/site-packages/airflow/utils/operator_helpers.py", line 252, in run
    return self.func(*args, **kwargs)
           ^^^^^^^^^^^^^^^^^^^^^^^^^^
  File "/home/ubuntu/redfin_venv/lib/python3.12/site-packages/airflow/models/baseoperator.py", line 424, in wrapper
    return func(self, *args, **kwargs)
           ^^^^^^^^^^^^^^^^^^^^^^^^^^^
  File "/home/ubuntu/redfin_venv/lib/python3.12/site-packages/airflow/operators/python.py", line 238, in execute
    return_value = self.execute_callable()
                   ^^^^^^^^^^^^^^^^^^^^^^^
  File "/home/ubuntu/redfin_venv/lib/python3.12/site-packages/airflow/operators/python.py", line 256, in execute_callable
    return runner.run(*self.op_args, **self.op_kwargs)
           ^^^^^^^^^^^^^^^^^^^^^^^^^^^^^^^^^^^^^^^^^^^
  File "/home/ubuntu/redfin_venv/lib/python3.12/site-packages/airflow/utils/operator_helpers.py", line 252, in run
    return self.func(*args, **kwargs)
           ^^^^^^^^^^^^^^^^^^^^^^^^^^
  File "/home/ubuntu/airflow/dags/functions.py", line 118, in transform_data
    s3_client.put_object(Bucket= target_bucket_name, Key=object_key, Body=csv_data )
    ^^^^^^^^^
NameError: name 's3_client' is not defined
[2025-03-11T20:13:57.808+0000] {local_task_job_runner.py:266} INFO - Task exited with return code 1
[2025-03-11T20:13:57.815+0000] {taskinstance.py:3901} INFO - 0 downstream tasks scheduled from follow-on schedule check
[2025-03-11T20:13:57.816+0000] {local_task_job_runner.py:245} INFO - ::endgroup::
