[2025-03-06T00:58:17.937+0000] {processor.py:186} INFO - Started process (PID=3373) to work on /home/ubuntu/redfin_venv/lib/python3.12/site-packages/airflow/example_dags/plugins/listener_plugin.py
[2025-03-06T00:58:17.938+0000] {processor.py:914} INFO - Processing file /home/ubuntu/redfin_venv/lib/python3.12/site-packages/airflow/example_dags/plugins/listener_plugin.py for tasks to queue
[2025-03-06T00:58:17.940+0000] {logging_mixin.py:190} INFO - [2025-03-06T00:58:17.940+0000] {dagbag.py:588} INFO - Filling up the DagBag from /home/ubuntu/redfin_venv/lib/python3.12/site-packages/airflow/example_dags/plugins/listener_plugin.py
[2025-03-06T00:58:17.942+0000] {processor.py:927} WARNING - No viable dags retrieved from /home/ubuntu/redfin_venv/lib/python3.12/site-packages/airflow/example_dags/plugins/listener_plugin.py
[2025-03-06T00:58:17.955+0000] {processor.py:208} INFO - Processing /home/ubuntu/redfin_venv/lib/python3.12/site-packages/airflow/example_dags/plugins/listener_plugin.py took 0.025 seconds
[2025-03-06T00:59:15.308+0000] {processor.py:186} INFO - Started process (PID=3956) to work on /home/ubuntu/redfin_venv/lib/python3.12/site-packages/airflow/example_dags/plugins/listener_plugin.py
[2025-03-06T00:59:15.310+0000] {processor.py:914} INFO - Processing file /home/ubuntu/redfin_venv/lib/python3.12/site-packages/airflow/example_dags/plugins/listener_plugin.py for tasks to queue
[2025-03-06T00:59:15.315+0000] {logging_mixin.py:190} INFO - [2025-03-06T00:59:15.314+0000] {dagbag.py:588} INFO - Filling up the DagBag from /home/ubuntu/redfin_venv/lib/python3.12/site-packages/airflow/example_dags/plugins/listener_plugin.py
[2025-03-06T00:59:15.320+0000] {processor.py:927} WARNING - No viable dags retrieved from /home/ubuntu/redfin_venv/lib/python3.12/site-packages/airflow/example_dags/plugins/listener_plugin.py
[2025-03-06T00:59:15.333+0000] {processor.py:208} INFO - Processing /home/ubuntu/redfin_venv/lib/python3.12/site-packages/airflow/example_dags/plugins/listener_plugin.py took 0.034 seconds
[2025-03-06T01:00:12.942+0000] {processor.py:186} INFO - Started process (PID=4214) to work on /home/ubuntu/redfin_venv/lib/python3.12/site-packages/airflow/example_dags/plugins/listener_plugin.py
[2025-03-06T01:00:12.944+0000] {processor.py:914} INFO - Processing file /home/ubuntu/redfin_venv/lib/python3.12/site-packages/airflow/example_dags/plugins/listener_plugin.py for tasks to queue
[2025-03-06T01:00:12.946+0000] {logging_mixin.py:190} INFO - [2025-03-06T01:00:12.946+0000] {dagbag.py:588} INFO - Filling up the DagBag from /home/ubuntu/redfin_venv/lib/python3.12/site-packages/airflow/example_dags/plugins/listener_plugin.py
[2025-03-06T01:00:12.950+0000] {processor.py:927} WARNING - No viable dags retrieved from /home/ubuntu/redfin_venv/lib/python3.12/site-packages/airflow/example_dags/plugins/listener_plugin.py
[2025-03-06T01:00:12.965+0000] {processor.py:208} INFO - Processing /home/ubuntu/redfin_venv/lib/python3.12/site-packages/airflow/example_dags/plugins/listener_plugin.py took 0.031 seconds
[2025-03-06T01:01:14.978+0000] {processor.py:186} INFO - Started process (PID=4838) to work on /home/ubuntu/redfin_venv/lib/python3.12/site-packages/airflow/example_dags/plugins/listener_plugin.py
[2025-03-06T01:01:14.980+0000] {processor.py:914} INFO - Processing file /home/ubuntu/redfin_venv/lib/python3.12/site-packages/airflow/example_dags/plugins/listener_plugin.py for tasks to queue
[2025-03-06T01:01:14.982+0000] {logging_mixin.py:190} INFO - [2025-03-06T01:01:14.981+0000] {dagbag.py:588} INFO - Filling up the DagBag from /home/ubuntu/redfin_venv/lib/python3.12/site-packages/airflow/example_dags/plugins/listener_plugin.py
[2025-03-06T01:01:14.984+0000] {processor.py:927} WARNING - No viable dags retrieved from /home/ubuntu/redfin_venv/lib/python3.12/site-packages/airflow/example_dags/plugins/listener_plugin.py
[2025-03-06T01:01:14.997+0000] {processor.py:208} INFO - Processing /home/ubuntu/redfin_venv/lib/python3.12/site-packages/airflow/example_dags/plugins/listener_plugin.py took 0.025 seconds
[2025-03-06T01:02:16.873+0000] {processor.py:186} INFO - Started process (PID=5139) to work on /home/ubuntu/redfin_venv/lib/python3.12/site-packages/airflow/example_dags/plugins/listener_plugin.py
[2025-03-06T01:02:16.874+0000] {processor.py:914} INFO - Processing file /home/ubuntu/redfin_venv/lib/python3.12/site-packages/airflow/example_dags/plugins/listener_plugin.py for tasks to queue
[2025-03-06T01:02:16.877+0000] {logging_mixin.py:190} INFO - [2025-03-06T01:02:16.876+0000] {dagbag.py:588} INFO - Filling up the DagBag from /home/ubuntu/redfin_venv/lib/python3.12/site-packages/airflow/example_dags/plugins/listener_plugin.py
[2025-03-06T01:02:16.879+0000] {processor.py:927} WARNING - No viable dags retrieved from /home/ubuntu/redfin_venv/lib/python3.12/site-packages/airflow/example_dags/plugins/listener_plugin.py
[2025-03-06T01:02:16.892+0000] {processor.py:208} INFO - Processing /home/ubuntu/redfin_venv/lib/python3.12/site-packages/airflow/example_dags/plugins/listener_plugin.py took 0.026 seconds
[2025-03-06T01:03:15.074+0000] {processor.py:186} INFO - Started process (PID=5320) to work on /home/ubuntu/redfin_venv/lib/python3.12/site-packages/airflow/example_dags/plugins/listener_plugin.py
[2025-03-06T01:03:15.075+0000] {processor.py:914} INFO - Processing file /home/ubuntu/redfin_venv/lib/python3.12/site-packages/airflow/example_dags/plugins/listener_plugin.py for tasks to queue
[2025-03-06T01:03:15.078+0000] {logging_mixin.py:190} INFO - [2025-03-06T01:03:15.077+0000] {dagbag.py:588} INFO - Filling up the DagBag from /home/ubuntu/redfin_venv/lib/python3.12/site-packages/airflow/example_dags/plugins/listener_plugin.py
[2025-03-06T01:03:15.081+0000] {processor.py:927} WARNING - No viable dags retrieved from /home/ubuntu/redfin_venv/lib/python3.12/site-packages/airflow/example_dags/plugins/listener_plugin.py
[2025-03-06T01:03:15.095+0000] {processor.py:208} INFO - Processing /home/ubuntu/redfin_venv/lib/python3.12/site-packages/airflow/example_dags/plugins/listener_plugin.py took 0.030 seconds
[2025-03-06T01:04:16.213+0000] {processor.py:186} INFO - Started process (PID=5473) to work on /home/ubuntu/redfin_venv/lib/python3.12/site-packages/airflow/example_dags/plugins/listener_plugin.py
[2025-03-06T01:04:16.215+0000] {processor.py:914} INFO - Processing file /home/ubuntu/redfin_venv/lib/python3.12/site-packages/airflow/example_dags/plugins/listener_plugin.py for tasks to queue
[2025-03-06T01:04:16.218+0000] {logging_mixin.py:190} INFO - [2025-03-06T01:04:16.217+0000] {dagbag.py:588} INFO - Filling up the DagBag from /home/ubuntu/redfin_venv/lib/python3.12/site-packages/airflow/example_dags/plugins/listener_plugin.py
[2025-03-06T01:04:16.221+0000] {processor.py:927} WARNING - No viable dags retrieved from /home/ubuntu/redfin_venv/lib/python3.12/site-packages/airflow/example_dags/plugins/listener_plugin.py
[2025-03-06T01:04:16.237+0000] {processor.py:208} INFO - Processing /home/ubuntu/redfin_venv/lib/python3.12/site-packages/airflow/example_dags/plugins/listener_plugin.py took 0.036 seconds
[2025-03-06T01:05:21.115+0000] {processor.py:186} INFO - Started process (PID=5597) to work on /home/ubuntu/redfin_venv/lib/python3.12/site-packages/airflow/example_dags/plugins/listener_plugin.py
[2025-03-06T01:05:21.123+0000] {processor.py:914} INFO - Processing file /home/ubuntu/redfin_venv/lib/python3.12/site-packages/airflow/example_dags/plugins/listener_plugin.py for tasks to queue
[2025-03-06T01:05:21.126+0000] {logging_mixin.py:190} INFO - [2025-03-06T01:05:21.125+0000] {dagbag.py:588} INFO - Filling up the DagBag from /home/ubuntu/redfin_venv/lib/python3.12/site-packages/airflow/example_dags/plugins/listener_plugin.py
[2025-03-06T01:05:21.130+0000] {processor.py:927} WARNING - No viable dags retrieved from /home/ubuntu/redfin_venv/lib/python3.12/site-packages/airflow/example_dags/plugins/listener_plugin.py
[2025-03-06T01:05:21.146+0000] {processor.py:208} INFO - Processing /home/ubuntu/redfin_venv/lib/python3.12/site-packages/airflow/example_dags/plugins/listener_plugin.py took 0.040 seconds
[2025-03-06T01:06:22.773+0000] {processor.py:186} INFO - Started process (PID=5802) to work on /home/ubuntu/redfin_venv/lib/python3.12/site-packages/airflow/example_dags/plugins/listener_plugin.py
[2025-03-06T01:06:22.774+0000] {processor.py:914} INFO - Processing file /home/ubuntu/redfin_venv/lib/python3.12/site-packages/airflow/example_dags/plugins/listener_plugin.py for tasks to queue
[2025-03-06T01:06:22.776+0000] {logging_mixin.py:190} INFO - [2025-03-06T01:06:22.776+0000] {dagbag.py:588} INFO - Filling up the DagBag from /home/ubuntu/redfin_venv/lib/python3.12/site-packages/airflow/example_dags/plugins/listener_plugin.py
[2025-03-06T01:06:22.779+0000] {processor.py:927} WARNING - No viable dags retrieved from /home/ubuntu/redfin_venv/lib/python3.12/site-packages/airflow/example_dags/plugins/listener_plugin.py
[2025-03-06T01:06:22.793+0000] {processor.py:208} INFO - Processing /home/ubuntu/redfin_venv/lib/python3.12/site-packages/airflow/example_dags/plugins/listener_plugin.py took 0.027 seconds
[2025-03-06T01:06:58.028+0000] {processor.py:186} INFO - Started process (PID=5991) to work on /home/ubuntu/redfin_venv/lib/python3.12/site-packages/airflow/example_dags/plugins/listener_plugin.py
[2025-03-06T01:06:58.030+0000] {processor.py:914} INFO - Processing file /home/ubuntu/redfin_venv/lib/python3.12/site-packages/airflow/example_dags/plugins/listener_plugin.py for tasks to queue
[2025-03-06T01:06:58.032+0000] {logging_mixin.py:190} INFO - [2025-03-06T01:06:58.032+0000] {dagbag.py:588} INFO - Filling up the DagBag from /home/ubuntu/redfin_venv/lib/python3.12/site-packages/airflow/example_dags/plugins/listener_plugin.py
[2025-03-06T01:06:58.035+0000] {processor.py:927} WARNING - No viable dags retrieved from /home/ubuntu/redfin_venv/lib/python3.12/site-packages/airflow/example_dags/plugins/listener_plugin.py
[2025-03-06T01:06:58.049+0000] {processor.py:208} INFO - Processing /home/ubuntu/redfin_venv/lib/python3.12/site-packages/airflow/example_dags/plugins/listener_plugin.py took 0.028 seconds
[2025-03-06T01:07:59.366+0000] {processor.py:186} INFO - Started process (PID=6350) to work on /home/ubuntu/redfin_venv/lib/python3.12/site-packages/airflow/example_dags/plugins/listener_plugin.py
[2025-03-06T01:07:59.368+0000] {processor.py:914} INFO - Processing file /home/ubuntu/redfin_venv/lib/python3.12/site-packages/airflow/example_dags/plugins/listener_plugin.py for tasks to queue
[2025-03-06T01:07:59.370+0000] {logging_mixin.py:190} INFO - [2025-03-06T01:07:59.370+0000] {dagbag.py:588} INFO - Filling up the DagBag from /home/ubuntu/redfin_venv/lib/python3.12/site-packages/airflow/example_dags/plugins/listener_plugin.py
[2025-03-06T01:07:59.373+0000] {processor.py:927} WARNING - No viable dags retrieved from /home/ubuntu/redfin_venv/lib/python3.12/site-packages/airflow/example_dags/plugins/listener_plugin.py
[2025-03-06T01:07:59.386+0000] {processor.py:208} INFO - Processing /home/ubuntu/redfin_venv/lib/python3.12/site-packages/airflow/example_dags/plugins/listener_plugin.py took 0.027 seconds
[2025-03-06T01:08:59.597+0000] {processor.py:186} INFO - Started process (PID=6649) to work on /home/ubuntu/redfin_venv/lib/python3.12/site-packages/airflow/example_dags/plugins/listener_plugin.py
[2025-03-06T01:08:59.599+0000] {processor.py:914} INFO - Processing file /home/ubuntu/redfin_venv/lib/python3.12/site-packages/airflow/example_dags/plugins/listener_plugin.py for tasks to queue
[2025-03-06T01:08:59.601+0000] {logging_mixin.py:190} INFO - [2025-03-06T01:08:59.601+0000] {dagbag.py:588} INFO - Filling up the DagBag from /home/ubuntu/redfin_venv/lib/python3.12/site-packages/airflow/example_dags/plugins/listener_plugin.py
[2025-03-06T01:08:59.604+0000] {processor.py:927} WARNING - No viable dags retrieved from /home/ubuntu/redfin_venv/lib/python3.12/site-packages/airflow/example_dags/plugins/listener_plugin.py
[2025-03-06T01:08:59.616+0000] {processor.py:208} INFO - Processing /home/ubuntu/redfin_venv/lib/python3.12/site-packages/airflow/example_dags/plugins/listener_plugin.py took 0.024 seconds
[2025-03-06T01:10:03.059+0000] {processor.py:186} INFO - Started process (PID=6833) to work on /home/ubuntu/redfin_venv/lib/python3.12/site-packages/airflow/example_dags/plugins/listener_plugin.py
[2025-03-06T01:10:03.061+0000] {processor.py:914} INFO - Processing file /home/ubuntu/redfin_venv/lib/python3.12/site-packages/airflow/example_dags/plugins/listener_plugin.py for tasks to queue
[2025-03-06T01:10:03.063+0000] {logging_mixin.py:190} INFO - [2025-03-06T01:10:03.063+0000] {dagbag.py:588} INFO - Filling up the DagBag from /home/ubuntu/redfin_venv/lib/python3.12/site-packages/airflow/example_dags/plugins/listener_plugin.py
[2025-03-06T01:10:03.066+0000] {processor.py:927} WARNING - No viable dags retrieved from /home/ubuntu/redfin_venv/lib/python3.12/site-packages/airflow/example_dags/plugins/listener_plugin.py
[2025-03-06T01:10:03.080+0000] {processor.py:208} INFO - Processing /home/ubuntu/redfin_venv/lib/python3.12/site-packages/airflow/example_dags/plugins/listener_plugin.py took 0.029 seconds
[2025-03-06T01:11:04.483+0000] {processor.py:186} INFO - Started process (PID=6952) to work on /home/ubuntu/redfin_venv/lib/python3.12/site-packages/airflow/example_dags/plugins/listener_plugin.py
[2025-03-06T01:11:04.485+0000] {processor.py:914} INFO - Processing file /home/ubuntu/redfin_venv/lib/python3.12/site-packages/airflow/example_dags/plugins/listener_plugin.py for tasks to queue
[2025-03-06T01:11:04.487+0000] {logging_mixin.py:190} INFO - [2025-03-06T01:11:04.486+0000] {dagbag.py:588} INFO - Filling up the DagBag from /home/ubuntu/redfin_venv/lib/python3.12/site-packages/airflow/example_dags/plugins/listener_plugin.py
[2025-03-06T01:11:04.489+0000] {processor.py:927} WARNING - No viable dags retrieved from /home/ubuntu/redfin_venv/lib/python3.12/site-packages/airflow/example_dags/plugins/listener_plugin.py
[2025-03-06T01:11:04.504+0000] {processor.py:208} INFO - Processing /home/ubuntu/redfin_venv/lib/python3.12/site-packages/airflow/example_dags/plugins/listener_plugin.py took 0.028 seconds
[2025-03-06T01:12:08.132+0000] {processor.py:186} INFO - Started process (PID=7071) to work on /home/ubuntu/redfin_venv/lib/python3.12/site-packages/airflow/example_dags/plugins/listener_plugin.py
[2025-03-06T01:12:08.134+0000] {processor.py:914} INFO - Processing file /home/ubuntu/redfin_venv/lib/python3.12/site-packages/airflow/example_dags/plugins/listener_plugin.py for tasks to queue
[2025-03-06T01:12:08.136+0000] {logging_mixin.py:190} INFO - [2025-03-06T01:12:08.136+0000] {dagbag.py:588} INFO - Filling up the DagBag from /home/ubuntu/redfin_venv/lib/python3.12/site-packages/airflow/example_dags/plugins/listener_plugin.py
[2025-03-06T01:12:08.139+0000] {processor.py:927} WARNING - No viable dags retrieved from /home/ubuntu/redfin_venv/lib/python3.12/site-packages/airflow/example_dags/plugins/listener_plugin.py
[2025-03-06T01:12:08.174+0000] {processor.py:208} INFO - Processing /home/ubuntu/redfin_venv/lib/python3.12/site-packages/airflow/example_dags/plugins/listener_plugin.py took 0.049 seconds
[2025-03-06T01:13:10.671+0000] {processor.py:186} INFO - Started process (PID=7191) to work on /home/ubuntu/redfin_venv/lib/python3.12/site-packages/airflow/example_dags/plugins/listener_plugin.py
[2025-03-06T01:13:10.675+0000] {processor.py:914} INFO - Processing file /home/ubuntu/redfin_venv/lib/python3.12/site-packages/airflow/example_dags/plugins/listener_plugin.py for tasks to queue
[2025-03-06T01:13:10.679+0000] {logging_mixin.py:190} INFO - [2025-03-06T01:13:10.678+0000] {dagbag.py:588} INFO - Filling up the DagBag from /home/ubuntu/redfin_venv/lib/python3.12/site-packages/airflow/example_dags/plugins/listener_plugin.py
[2025-03-06T01:13:10.681+0000] {processor.py:927} WARNING - No viable dags retrieved from /home/ubuntu/redfin_venv/lib/python3.12/site-packages/airflow/example_dags/plugins/listener_plugin.py
[2025-03-06T01:13:10.701+0000] {processor.py:208} INFO - Processing /home/ubuntu/redfin_venv/lib/python3.12/site-packages/airflow/example_dags/plugins/listener_plugin.py took 0.037 seconds
[2025-03-06T01:14:14.552+0000] {processor.py:186} INFO - Started process (PID=7373) to work on /home/ubuntu/redfin_venv/lib/python3.12/site-packages/airflow/example_dags/plugins/listener_plugin.py
[2025-03-06T01:14:14.554+0000] {processor.py:914} INFO - Processing file /home/ubuntu/redfin_venv/lib/python3.12/site-packages/airflow/example_dags/plugins/listener_plugin.py for tasks to queue
[2025-03-06T01:14:14.556+0000] {logging_mixin.py:190} INFO - [2025-03-06T01:14:14.556+0000] {dagbag.py:588} INFO - Filling up the DagBag from /home/ubuntu/redfin_venv/lib/python3.12/site-packages/airflow/example_dags/plugins/listener_plugin.py
[2025-03-06T01:14:14.561+0000] {processor.py:927} WARNING - No viable dags retrieved from /home/ubuntu/redfin_venv/lib/python3.12/site-packages/airflow/example_dags/plugins/listener_plugin.py
[2025-03-06T01:14:14.579+0000] {processor.py:208} INFO - Processing /home/ubuntu/redfin_venv/lib/python3.12/site-packages/airflow/example_dags/plugins/listener_plugin.py took 0.035 seconds
[2025-03-06T01:15:13.697+0000] {processor.py:186} INFO - Started process (PID=7615) to work on /home/ubuntu/redfin_venv/lib/python3.12/site-packages/airflow/example_dags/plugins/listener_plugin.py
[2025-03-06T01:15:13.704+0000] {processor.py:914} INFO - Processing file /home/ubuntu/redfin_venv/lib/python3.12/site-packages/airflow/example_dags/plugins/listener_plugin.py for tasks to queue
[2025-03-06T01:15:13.706+0000] {logging_mixin.py:190} INFO - [2025-03-06T01:15:13.706+0000] {dagbag.py:588} INFO - Filling up the DagBag from /home/ubuntu/redfin_venv/lib/python3.12/site-packages/airflow/example_dags/plugins/listener_plugin.py
[2025-03-06T01:15:13.712+0000] {processor.py:927} WARNING - No viable dags retrieved from /home/ubuntu/redfin_venv/lib/python3.12/site-packages/airflow/example_dags/plugins/listener_plugin.py
[2025-03-06T01:15:13.731+0000] {processor.py:208} INFO - Processing /home/ubuntu/redfin_venv/lib/python3.12/site-packages/airflow/example_dags/plugins/listener_plugin.py took 0.049 seconds
[2025-03-06T01:16:16.175+0000] {processor.py:186} INFO - Started process (PID=7820) to work on /home/ubuntu/redfin_venv/lib/python3.12/site-packages/airflow/example_dags/plugins/listener_plugin.py
[2025-03-06T01:16:16.176+0000] {processor.py:914} INFO - Processing file /home/ubuntu/redfin_venv/lib/python3.12/site-packages/airflow/example_dags/plugins/listener_plugin.py for tasks to queue
[2025-03-06T01:16:16.179+0000] {logging_mixin.py:190} INFO - [2025-03-06T01:16:16.178+0000] {dagbag.py:588} INFO - Filling up the DagBag from /home/ubuntu/redfin_venv/lib/python3.12/site-packages/airflow/example_dags/plugins/listener_plugin.py
[2025-03-06T01:16:16.181+0000] {processor.py:927} WARNING - No viable dags retrieved from /home/ubuntu/redfin_venv/lib/python3.12/site-packages/airflow/example_dags/plugins/listener_plugin.py
[2025-03-06T01:16:16.193+0000] {processor.py:208} INFO - Processing /home/ubuntu/redfin_venv/lib/python3.12/site-packages/airflow/example_dags/plugins/listener_plugin.py took 0.025 seconds
[2025-03-06T01:17:16.527+0000] {processor.py:186} INFO - Started process (PID=7976) to work on /home/ubuntu/redfin_venv/lib/python3.12/site-packages/airflow/example_dags/plugins/listener_plugin.py
[2025-03-06T01:17:16.528+0000] {processor.py:914} INFO - Processing file /home/ubuntu/redfin_venv/lib/python3.12/site-packages/airflow/example_dags/plugins/listener_plugin.py for tasks to queue
[2025-03-06T01:17:16.531+0000] {logging_mixin.py:190} INFO - [2025-03-06T01:17:16.530+0000] {dagbag.py:588} INFO - Filling up the DagBag from /home/ubuntu/redfin_venv/lib/python3.12/site-packages/airflow/example_dags/plugins/listener_plugin.py
[2025-03-06T01:17:16.533+0000] {processor.py:927} WARNING - No viable dags retrieved from /home/ubuntu/redfin_venv/lib/python3.12/site-packages/airflow/example_dags/plugins/listener_plugin.py
[2025-03-06T01:17:16.548+0000] {processor.py:208} INFO - Processing /home/ubuntu/redfin_venv/lib/python3.12/site-packages/airflow/example_dags/plugins/listener_plugin.py took 0.028 seconds
[2025-03-06T01:18:16.092+0000] {processor.py:186} INFO - Started process (PID=8316) to work on /home/ubuntu/redfin_venv/lib/python3.12/site-packages/airflow/example_dags/plugins/listener_plugin.py
[2025-03-06T01:18:16.093+0000] {processor.py:914} INFO - Processing file /home/ubuntu/redfin_venv/lib/python3.12/site-packages/airflow/example_dags/plugins/listener_plugin.py for tasks to queue
[2025-03-06T01:18:16.096+0000] {logging_mixin.py:190} INFO - [2025-03-06T01:18:16.096+0000] {dagbag.py:588} INFO - Filling up the DagBag from /home/ubuntu/redfin_venv/lib/python3.12/site-packages/airflow/example_dags/plugins/listener_plugin.py
[2025-03-06T01:18:16.099+0000] {processor.py:927} WARNING - No viable dags retrieved from /home/ubuntu/redfin_venv/lib/python3.12/site-packages/airflow/example_dags/plugins/listener_plugin.py
[2025-03-06T01:18:16.113+0000] {processor.py:208} INFO - Processing /home/ubuntu/redfin_venv/lib/python3.12/site-packages/airflow/example_dags/plugins/listener_plugin.py took 0.029 seconds
[2025-03-06T01:19:23.532+0000] {processor.py:186} INFO - Started process (PID=8557) to work on /home/ubuntu/redfin_venv/lib/python3.12/site-packages/airflow/example_dags/plugins/listener_plugin.py
[2025-03-06T01:19:23.534+0000] {processor.py:914} INFO - Processing file /home/ubuntu/redfin_venv/lib/python3.12/site-packages/airflow/example_dags/plugins/listener_plugin.py for tasks to queue
[2025-03-06T01:19:23.540+0000] {logging_mixin.py:190} INFO - [2025-03-06T01:19:23.539+0000] {dagbag.py:588} INFO - Filling up the DagBag from /home/ubuntu/redfin_venv/lib/python3.12/site-packages/airflow/example_dags/plugins/listener_plugin.py
[2025-03-06T01:19:23.544+0000] {processor.py:927} WARNING - No viable dags retrieved from /home/ubuntu/redfin_venv/lib/python3.12/site-packages/airflow/example_dags/plugins/listener_plugin.py
[2025-03-06T01:19:23.565+0000] {processor.py:208} INFO - Processing /home/ubuntu/redfin_venv/lib/python3.12/site-packages/airflow/example_dags/plugins/listener_plugin.py took 0.044 seconds
