[2025-02-20T00:52:21.805+0000] {processor.py:186} INFO - Started process (PID=3393) to work on /home/ubuntu/redfin_venv/lib/python3.12/site-packages/airflow/example_dags/plugins/listener_plugin.py
[2025-02-20T00:52:21.806+0000] {processor.py:914} INFO - Processing file /home/ubuntu/redfin_venv/lib/python3.12/site-packages/airflow/example_dags/plugins/listener_plugin.py for tasks to queue
[2025-02-20T00:52:21.809+0000] {logging_mixin.py:190} INFO - [2025-02-20T00:52:21.808+0000] {dagbag.py:588} INFO - Filling up the DagBag from /home/ubuntu/redfin_venv/lib/python3.12/site-packages/airflow/example_dags/plugins/listener_plugin.py
[2025-02-20T00:52:21.812+0000] {processor.py:927} WARNING - No viable dags retrieved from /home/ubuntu/redfin_venv/lib/python3.12/site-packages/airflow/example_dags/plugins/listener_plugin.py
[2025-02-20T00:52:21.827+0000] {processor.py:208} INFO - Processing /home/ubuntu/redfin_venv/lib/python3.12/site-packages/airflow/example_dags/plugins/listener_plugin.py took 0.029 seconds
[2025-02-20T00:53:27.917+0000] {processor.py:186} INFO - Started process (PID=3743) to work on /home/ubuntu/redfin_venv/lib/python3.12/site-packages/airflow/example_dags/plugins/listener_plugin.py
[2025-02-20T00:53:27.918+0000] {processor.py:914} INFO - Processing file /home/ubuntu/redfin_venv/lib/python3.12/site-packages/airflow/example_dags/plugins/listener_plugin.py for tasks to queue
[2025-02-20T00:53:27.920+0000] {logging_mixin.py:190} INFO - [2025-02-20T00:53:27.920+0000] {dagbag.py:588} INFO - Filling up the DagBag from /home/ubuntu/redfin_venv/lib/python3.12/site-packages/airflow/example_dags/plugins/listener_plugin.py
[2025-02-20T00:53:27.923+0000] {processor.py:927} WARNING - No viable dags retrieved from /home/ubuntu/redfin_venv/lib/python3.12/site-packages/airflow/example_dags/plugins/listener_plugin.py
[2025-02-20T00:53:27.935+0000] {processor.py:208} INFO - Processing /home/ubuntu/redfin_venv/lib/python3.12/site-packages/airflow/example_dags/plugins/listener_plugin.py took 0.024 seconds
[2025-02-20T00:54:01.432+0000] {processor.py:186} INFO - Started process (PID=3896) to work on /home/ubuntu/redfin_venv/lib/python3.12/site-packages/airflow/example_dags/plugins/listener_plugin.py
[2025-02-20T00:54:01.433+0000] {processor.py:914} INFO - Processing file /home/ubuntu/redfin_venv/lib/python3.12/site-packages/airflow/example_dags/plugins/listener_plugin.py for tasks to queue
[2025-02-20T00:54:01.435+0000] {logging_mixin.py:190} INFO - [2025-02-20T00:54:01.434+0000] {dagbag.py:588} INFO - Filling up the DagBag from /home/ubuntu/redfin_venv/lib/python3.12/site-packages/airflow/example_dags/plugins/listener_plugin.py
[2025-02-20T00:54:01.438+0000] {processor.py:927} WARNING - No viable dags retrieved from /home/ubuntu/redfin_venv/lib/python3.12/site-packages/airflow/example_dags/plugins/listener_plugin.py
[2025-02-20T00:54:01.450+0000] {processor.py:208} INFO - Processing /home/ubuntu/redfin_venv/lib/python3.12/site-packages/airflow/example_dags/plugins/listener_plugin.py took 0.024 seconds
[2025-02-20T00:54:54.646+0000] {processor.py:186} INFO - Started process (PID=4136) to work on /home/ubuntu/redfin_venv/lib/python3.12/site-packages/airflow/example_dags/plugins/listener_plugin.py
[2025-02-20T00:54:54.648+0000] {processor.py:914} INFO - Processing file /home/ubuntu/redfin_venv/lib/python3.12/site-packages/airflow/example_dags/plugins/listener_plugin.py for tasks to queue
[2025-02-20T00:54:54.650+0000] {logging_mixin.py:190} INFO - [2025-02-20T00:54:54.649+0000] {dagbag.py:588} INFO - Filling up the DagBag from /home/ubuntu/redfin_venv/lib/python3.12/site-packages/airflow/example_dags/plugins/listener_plugin.py
[2025-02-20T00:54:54.653+0000] {processor.py:927} WARNING - No viable dags retrieved from /home/ubuntu/redfin_venv/lib/python3.12/site-packages/airflow/example_dags/plugins/listener_plugin.py
[2025-02-20T00:54:54.665+0000] {processor.py:208} INFO - Processing /home/ubuntu/redfin_venv/lib/python3.12/site-packages/airflow/example_dags/plugins/listener_plugin.py took 0.024 seconds
[2025-02-20T00:55:46.718+0000] {processor.py:186} INFO - Started process (PID=4252) to work on /home/ubuntu/redfin_venv/lib/python3.12/site-packages/airflow/example_dags/plugins/listener_plugin.py
[2025-02-20T00:55:46.719+0000] {processor.py:914} INFO - Processing file /home/ubuntu/redfin_venv/lib/python3.12/site-packages/airflow/example_dags/plugins/listener_plugin.py for tasks to queue
[2025-02-20T00:55:46.722+0000] {logging_mixin.py:190} INFO - [2025-02-20T00:55:46.721+0000] {dagbag.py:588} INFO - Filling up the DagBag from /home/ubuntu/redfin_venv/lib/python3.12/site-packages/airflow/example_dags/plugins/listener_plugin.py
[2025-02-20T00:55:46.725+0000] {processor.py:927} WARNING - No viable dags retrieved from /home/ubuntu/redfin_venv/lib/python3.12/site-packages/airflow/example_dags/plugins/listener_plugin.py
[2025-02-20T00:55:46.738+0000] {processor.py:208} INFO - Processing /home/ubuntu/redfin_venv/lib/python3.12/site-packages/airflow/example_dags/plugins/listener_plugin.py took 0.026 seconds
[2025-02-20T00:56:39.493+0000] {processor.py:186} INFO - Started process (PID=4373) to work on /home/ubuntu/redfin_venv/lib/python3.12/site-packages/airflow/example_dags/plugins/listener_plugin.py
[2025-02-20T00:56:39.526+0000] {processor.py:914} INFO - Processing file /home/ubuntu/redfin_venv/lib/python3.12/site-packages/airflow/example_dags/plugins/listener_plugin.py for tasks to queue
[2025-02-20T00:56:39.528+0000] {logging_mixin.py:190} INFO - [2025-02-20T00:56:39.528+0000] {dagbag.py:588} INFO - Filling up the DagBag from /home/ubuntu/redfin_venv/lib/python3.12/site-packages/airflow/example_dags/plugins/listener_plugin.py
[2025-02-20T00:56:39.530+0000] {processor.py:927} WARNING - No viable dags retrieved from /home/ubuntu/redfin_venv/lib/python3.12/site-packages/airflow/example_dags/plugins/listener_plugin.py
[2025-02-20T00:56:39.543+0000] {processor.py:208} INFO - Processing /home/ubuntu/redfin_venv/lib/python3.12/site-packages/airflow/example_dags/plugins/listener_plugin.py took 0.056 seconds
[2025-02-20T00:57:34.795+0000] {processor.py:186} INFO - Started process (PID=4546) to work on /home/ubuntu/redfin_venv/lib/python3.12/site-packages/airflow/example_dags/plugins/listener_plugin.py
[2025-02-20T00:57:34.796+0000] {processor.py:914} INFO - Processing file /home/ubuntu/redfin_venv/lib/python3.12/site-packages/airflow/example_dags/plugins/listener_plugin.py for tasks to queue
[2025-02-20T00:57:34.799+0000] {logging_mixin.py:190} INFO - [2025-02-20T00:57:34.798+0000] {dagbag.py:588} INFO - Filling up the DagBag from /home/ubuntu/redfin_venv/lib/python3.12/site-packages/airflow/example_dags/plugins/listener_plugin.py
[2025-02-20T00:57:34.801+0000] {processor.py:927} WARNING - No viable dags retrieved from /home/ubuntu/redfin_venv/lib/python3.12/site-packages/airflow/example_dags/plugins/listener_plugin.py
[2025-02-20T00:57:34.814+0000] {processor.py:208} INFO - Processing /home/ubuntu/redfin_venv/lib/python3.12/site-packages/airflow/example_dags/plugins/listener_plugin.py took 0.026 seconds
[2025-02-20T00:58:28.183+0000] {processor.py:186} INFO - Started process (PID=4661) to work on /home/ubuntu/redfin_venv/lib/python3.12/site-packages/airflow/example_dags/plugins/listener_plugin.py
[2025-02-20T00:58:28.185+0000] {processor.py:914} INFO - Processing file /home/ubuntu/redfin_venv/lib/python3.12/site-packages/airflow/example_dags/plugins/listener_plugin.py for tasks to queue
[2025-02-20T00:58:28.187+0000] {logging_mixin.py:190} INFO - [2025-02-20T00:58:28.186+0000] {dagbag.py:588} INFO - Filling up the DagBag from /home/ubuntu/redfin_venv/lib/python3.12/site-packages/airflow/example_dags/plugins/listener_plugin.py
[2025-02-20T00:58:28.190+0000] {processor.py:927} WARNING - No viable dags retrieved from /home/ubuntu/redfin_venv/lib/python3.12/site-packages/airflow/example_dags/plugins/listener_plugin.py
[2025-02-20T00:58:28.202+0000] {processor.py:208} INFO - Processing /home/ubuntu/redfin_venv/lib/python3.12/site-packages/airflow/example_dags/plugins/listener_plugin.py took 0.026 seconds
[2025-02-20T00:59:21.344+0000] {processor.py:186} INFO - Started process (PID=4776) to work on /home/ubuntu/redfin_venv/lib/python3.12/site-packages/airflow/example_dags/plugins/listener_plugin.py
[2025-02-20T00:59:21.347+0000] {processor.py:914} INFO - Processing file /home/ubuntu/redfin_venv/lib/python3.12/site-packages/airflow/example_dags/plugins/listener_plugin.py for tasks to queue
[2025-02-20T00:59:21.350+0000] {logging_mixin.py:190} INFO - [2025-02-20T00:59:21.350+0000] {dagbag.py:588} INFO - Filling up the DagBag from /home/ubuntu/redfin_venv/lib/python3.12/site-packages/airflow/example_dags/plugins/listener_plugin.py
[2025-02-20T00:59:21.354+0000] {processor.py:927} WARNING - No viable dags retrieved from /home/ubuntu/redfin_venv/lib/python3.12/site-packages/airflow/example_dags/plugins/listener_plugin.py
[2025-02-20T00:59:21.373+0000] {processor.py:208} INFO - Processing /home/ubuntu/redfin_venv/lib/python3.12/site-packages/airflow/example_dags/plugins/listener_plugin.py took 0.035 seconds
[2025-02-20T01:00:11.722+0000] {processor.py:186} INFO - Started process (PID=5238) to work on /home/ubuntu/redfin_venv/lib/python3.12/site-packages/airflow/example_dags/plugins/listener_plugin.py
[2025-02-20T01:00:11.724+0000] {processor.py:914} INFO - Processing file /home/ubuntu/redfin_venv/lib/python3.12/site-packages/airflow/example_dags/plugins/listener_plugin.py for tasks to queue
[2025-02-20T01:00:11.727+0000] {logging_mixin.py:190} INFO - [2025-02-20T01:00:11.727+0000] {dagbag.py:588} INFO - Filling up the DagBag from /home/ubuntu/redfin_venv/lib/python3.12/site-packages/airflow/example_dags/plugins/listener_plugin.py
[2025-02-20T01:00:11.731+0000] {processor.py:927} WARNING - No viable dags retrieved from /home/ubuntu/redfin_venv/lib/python3.12/site-packages/airflow/example_dags/plugins/listener_plugin.py
[2025-02-20T01:00:11.745+0000] {processor.py:208} INFO - Processing /home/ubuntu/redfin_venv/lib/python3.12/site-packages/airflow/example_dags/plugins/listener_plugin.py took 0.036 seconds
[2025-02-20T01:01:08.799+0000] {processor.py:186} INFO - Started process (PID=5463) to work on /home/ubuntu/redfin_venv/lib/python3.12/site-packages/airflow/example_dags/plugins/listener_plugin.py
[2025-02-20T01:01:08.801+0000] {processor.py:914} INFO - Processing file /home/ubuntu/redfin_venv/lib/python3.12/site-packages/airflow/example_dags/plugins/listener_plugin.py for tasks to queue
[2025-02-20T01:01:08.805+0000] {logging_mixin.py:190} INFO - [2025-02-20T01:01:08.805+0000] {dagbag.py:588} INFO - Filling up the DagBag from /home/ubuntu/redfin_venv/lib/python3.12/site-packages/airflow/example_dags/plugins/listener_plugin.py
[2025-02-20T01:01:08.808+0000] {processor.py:927} WARNING - No viable dags retrieved from /home/ubuntu/redfin_venv/lib/python3.12/site-packages/airflow/example_dags/plugins/listener_plugin.py
[2025-02-20T01:01:08.820+0000] {processor.py:208} INFO - Processing /home/ubuntu/redfin_venv/lib/python3.12/site-packages/airflow/example_dags/plugins/listener_plugin.py took 0.029 seconds
