[2025-02-20T00:52:20.647+0000] {processor.py:186} INFO - Started process (PID=3391) to work on /home/ubuntu/redfin_venv/lib/python3.12/site-packages/airflow/example_dags/plugins/workday.py
[2025-02-20T00:52:20.648+0000] {processor.py:914} INFO - Processing file /home/ubuntu/redfin_venv/lib/python3.12/site-packages/airflow/example_dags/plugins/workday.py for tasks to queue
[2025-02-20T00:52:20.651+0000] {logging_mixin.py:190} INFO - [2025-02-20T00:52:20.651+0000] {dagbag.py:588} INFO - Filling up the DagBag from /home/ubuntu/redfin_venv/lib/python3.12/site-packages/airflow/example_dags/plugins/workday.py
[2025-02-20T00:52:20.654+0000] {processor.py:927} WARNING - No viable dags retrieved from /home/ubuntu/redfin_venv/lib/python3.12/site-packages/airflow/example_dags/plugins/workday.py
[2025-02-20T00:52:20.672+0000] {processor.py:208} INFO - Processing /home/ubuntu/redfin_venv/lib/python3.12/site-packages/airflow/example_dags/plugins/workday.py took 0.031 seconds
[2025-02-20T00:53:27.742+0000] {processor.py:186} INFO - Started process (PID=3742) to work on /home/ubuntu/redfin_venv/lib/python3.12/site-packages/airflow/example_dags/plugins/workday.py
[2025-02-20T00:53:27.744+0000] {processor.py:914} INFO - Processing file /home/ubuntu/redfin_venv/lib/python3.12/site-packages/airflow/example_dags/plugins/workday.py for tasks to queue
[2025-02-20T00:53:27.746+0000] {logging_mixin.py:190} INFO - [2025-02-20T00:53:27.746+0000] {dagbag.py:588} INFO - Filling up the DagBag from /home/ubuntu/redfin_venv/lib/python3.12/site-packages/airflow/example_dags/plugins/workday.py
[2025-02-20T00:53:27.749+0000] {processor.py:927} WARNING - No viable dags retrieved from /home/ubuntu/redfin_venv/lib/python3.12/site-packages/airflow/example_dags/plugins/workday.py
[2025-02-20T00:53:27.763+0000] {processor.py:208} INFO - Processing /home/ubuntu/redfin_venv/lib/python3.12/site-packages/airflow/example_dags/plugins/workday.py took 0.026 seconds
[2025-02-20T00:54:00.290+0000] {processor.py:186} INFO - Started process (PID=3895) to work on /home/ubuntu/redfin_venv/lib/python3.12/site-packages/airflow/example_dags/plugins/workday.py
[2025-02-20T00:54:00.291+0000] {processor.py:914} INFO - Processing file /home/ubuntu/redfin_venv/lib/python3.12/site-packages/airflow/example_dags/plugins/workday.py for tasks to queue
[2025-02-20T00:54:00.293+0000] {logging_mixin.py:190} INFO - [2025-02-20T00:54:00.292+0000] {dagbag.py:588} INFO - Filling up the DagBag from /home/ubuntu/redfin_venv/lib/python3.12/site-packages/airflow/example_dags/plugins/workday.py
[2025-02-20T00:54:00.296+0000] {processor.py:927} WARNING - No viable dags retrieved from /home/ubuntu/redfin_venv/lib/python3.12/site-packages/airflow/example_dags/plugins/workday.py
[2025-02-20T00:54:00.307+0000] {processor.py:208} INFO - Processing /home/ubuntu/redfin_venv/lib/python3.12/site-packages/airflow/example_dags/plugins/workday.py took 0.023 seconds
[2025-02-20T00:54:53.508+0000] {processor.py:186} INFO - Started process (PID=4135) to work on /home/ubuntu/redfin_venv/lib/python3.12/site-packages/airflow/example_dags/plugins/workday.py
[2025-02-20T00:54:53.511+0000] {processor.py:914} INFO - Processing file /home/ubuntu/redfin_venv/lib/python3.12/site-packages/airflow/example_dags/plugins/workday.py for tasks to queue
[2025-02-20T00:54:53.514+0000] {logging_mixin.py:190} INFO - [2025-02-20T00:54:53.514+0000] {dagbag.py:588} INFO - Filling up the DagBag from /home/ubuntu/redfin_venv/lib/python3.12/site-packages/airflow/example_dags/plugins/workday.py
[2025-02-20T00:54:53.518+0000] {processor.py:927} WARNING - No viable dags retrieved from /home/ubuntu/redfin_venv/lib/python3.12/site-packages/airflow/example_dags/plugins/workday.py
[2025-02-20T00:54:53.530+0000] {processor.py:208} INFO - Processing /home/ubuntu/redfin_venv/lib/python3.12/site-packages/airflow/example_dags/plugins/workday.py took 0.028 seconds
[2025-02-20T00:55:45.572+0000] {processor.py:186} INFO - Started process (PID=4251) to work on /home/ubuntu/redfin_venv/lib/python3.12/site-packages/airflow/example_dags/plugins/workday.py
[2025-02-20T00:55:45.574+0000] {processor.py:914} INFO - Processing file /home/ubuntu/redfin_venv/lib/python3.12/site-packages/airflow/example_dags/plugins/workday.py for tasks to queue
[2025-02-20T00:55:45.576+0000] {logging_mixin.py:190} INFO - [2025-02-20T00:55:45.576+0000] {dagbag.py:588} INFO - Filling up the DagBag from /home/ubuntu/redfin_venv/lib/python3.12/site-packages/airflow/example_dags/plugins/workday.py
[2025-02-20T00:55:45.581+0000] {processor.py:927} WARNING - No viable dags retrieved from /home/ubuntu/redfin_venv/lib/python3.12/site-packages/airflow/example_dags/plugins/workday.py
[2025-02-20T00:55:45.596+0000] {processor.py:208} INFO - Processing /home/ubuntu/redfin_venv/lib/python3.12/site-packages/airflow/example_dags/plugins/workday.py took 0.031 seconds
[2025-02-20T00:56:38.393+0000] {processor.py:186} INFO - Started process (PID=4372) to work on /home/ubuntu/redfin_venv/lib/python3.12/site-packages/airflow/example_dags/plugins/workday.py
[2025-02-20T00:56:38.394+0000] {processor.py:914} INFO - Processing file /home/ubuntu/redfin_venv/lib/python3.12/site-packages/airflow/example_dags/plugins/workday.py for tasks to queue
[2025-02-20T00:56:38.396+0000] {logging_mixin.py:190} INFO - [2025-02-20T00:56:38.396+0000] {dagbag.py:588} INFO - Filling up the DagBag from /home/ubuntu/redfin_venv/lib/python3.12/site-packages/airflow/example_dags/plugins/workday.py
[2025-02-20T00:56:38.399+0000] {processor.py:927} WARNING - No viable dags retrieved from /home/ubuntu/redfin_venv/lib/python3.12/site-packages/airflow/example_dags/plugins/workday.py
[2025-02-20T00:56:38.410+0000] {processor.py:208} INFO - Processing /home/ubuntu/redfin_venv/lib/python3.12/site-packages/airflow/example_dags/plugins/workday.py took 0.024 seconds
[2025-02-20T00:57:33.653+0000] {processor.py:186} INFO - Started process (PID=4545) to work on /home/ubuntu/redfin_venv/lib/python3.12/site-packages/airflow/example_dags/plugins/workday.py
[2025-02-20T00:57:33.654+0000] {processor.py:914} INFO - Processing file /home/ubuntu/redfin_venv/lib/python3.12/site-packages/airflow/example_dags/plugins/workday.py for tasks to queue
[2025-02-20T00:57:33.656+0000] {logging_mixin.py:190} INFO - [2025-02-20T00:57:33.656+0000] {dagbag.py:588} INFO - Filling up the DagBag from /home/ubuntu/redfin_venv/lib/python3.12/site-packages/airflow/example_dags/plugins/workday.py
[2025-02-20T00:57:33.660+0000] {processor.py:927} WARNING - No viable dags retrieved from /home/ubuntu/redfin_venv/lib/python3.12/site-packages/airflow/example_dags/plugins/workday.py
[2025-02-20T00:57:33.684+0000] {processor.py:208} INFO - Processing /home/ubuntu/redfin_venv/lib/python3.12/site-packages/airflow/example_dags/plugins/workday.py took 0.037 seconds
[2025-02-20T00:58:27.041+0000] {processor.py:186} INFO - Started process (PID=4660) to work on /home/ubuntu/redfin_venv/lib/python3.12/site-packages/airflow/example_dags/plugins/workday.py
[2025-02-20T00:58:27.042+0000] {processor.py:914} INFO - Processing file /home/ubuntu/redfin_venv/lib/python3.12/site-packages/airflow/example_dags/plugins/workday.py for tasks to queue
[2025-02-20T00:58:27.044+0000] {logging_mixin.py:190} INFO - [2025-02-20T00:58:27.044+0000] {dagbag.py:588} INFO - Filling up the DagBag from /home/ubuntu/redfin_venv/lib/python3.12/site-packages/airflow/example_dags/plugins/workday.py
[2025-02-20T00:58:27.047+0000] {processor.py:927} WARNING - No viable dags retrieved from /home/ubuntu/redfin_venv/lib/python3.12/site-packages/airflow/example_dags/plugins/workday.py
[2025-02-20T00:58:27.058+0000] {processor.py:208} INFO - Processing /home/ubuntu/redfin_venv/lib/python3.12/site-packages/airflow/example_dags/plugins/workday.py took 0.023 seconds
[2025-02-20T00:59:20.179+0000] {processor.py:186} INFO - Started process (PID=4775) to work on /home/ubuntu/redfin_venv/lib/python3.12/site-packages/airflow/example_dags/plugins/workday.py
[2025-02-20T00:59:20.180+0000] {processor.py:914} INFO - Processing file /home/ubuntu/redfin_venv/lib/python3.12/site-packages/airflow/example_dags/plugins/workday.py for tasks to queue
[2025-02-20T00:59:20.183+0000] {logging_mixin.py:190} INFO - [2025-02-20T00:59:20.182+0000] {dagbag.py:588} INFO - Filling up the DagBag from /home/ubuntu/redfin_venv/lib/python3.12/site-packages/airflow/example_dags/plugins/workday.py
[2025-02-20T00:59:20.186+0000] {processor.py:927} WARNING - No viable dags retrieved from /home/ubuntu/redfin_venv/lib/python3.12/site-packages/airflow/example_dags/plugins/workday.py
[2025-02-20T00:59:20.198+0000] {processor.py:208} INFO - Processing /home/ubuntu/redfin_venv/lib/python3.12/site-packages/airflow/example_dags/plugins/workday.py took 0.025 seconds
[2025-02-20T01:00:10.710+0000] {processor.py:186} INFO - Started process (PID=5237) to work on /home/ubuntu/redfin_venv/lib/python3.12/site-packages/airflow/example_dags/plugins/workday.py
[2025-02-20T01:00:10.713+0000] {processor.py:914} INFO - Processing file /home/ubuntu/redfin_venv/lib/python3.12/site-packages/airflow/example_dags/plugins/workday.py for tasks to queue
[2025-02-20T01:00:10.716+0000] {logging_mixin.py:190} INFO - [2025-02-20T01:00:10.715+0000] {dagbag.py:588} INFO - Filling up the DagBag from /home/ubuntu/redfin_venv/lib/python3.12/site-packages/airflow/example_dags/plugins/workday.py
[2025-02-20T01:00:10.719+0000] {processor.py:927} WARNING - No viable dags retrieved from /home/ubuntu/redfin_venv/lib/python3.12/site-packages/airflow/example_dags/plugins/workday.py
[2025-02-20T01:00:10.737+0000] {processor.py:208} INFO - Processing /home/ubuntu/redfin_venv/lib/python3.12/site-packages/airflow/example_dags/plugins/workday.py took 0.035 seconds
[2025-02-20T01:01:08.444+0000] {processor.py:186} INFO - Started process (PID=5462) to work on /home/ubuntu/redfin_venv/lib/python3.12/site-packages/airflow/example_dags/plugins/workday.py
[2025-02-20T01:01:08.446+0000] {processor.py:914} INFO - Processing file /home/ubuntu/redfin_venv/lib/python3.12/site-packages/airflow/example_dags/plugins/workday.py for tasks to queue
[2025-02-20T01:01:08.448+0000] {logging_mixin.py:190} INFO - [2025-02-20T01:01:08.448+0000] {dagbag.py:588} INFO - Filling up the DagBag from /home/ubuntu/redfin_venv/lib/python3.12/site-packages/airflow/example_dags/plugins/workday.py
[2025-02-20T01:01:08.453+0000] {processor.py:927} WARNING - No viable dags retrieved from /home/ubuntu/redfin_venv/lib/python3.12/site-packages/airflow/example_dags/plugins/workday.py
[2025-02-20T01:01:08.468+0000] {processor.py:208} INFO - Processing /home/ubuntu/redfin_venv/lib/python3.12/site-packages/airflow/example_dags/plugins/workday.py took 0.031 seconds
