[2025-03-06T00:58:35.872+0000] {processor.py:186} INFO - Started process (PID=3510) to work on /home/ubuntu/redfin_venv/lib/python3.12/site-packages/airflow/example_dags/example_sla_dag.py
[2025-03-06T00:58:35.873+0000] {processor.py:914} INFO - Processing file /home/ubuntu/redfin_venv/lib/python3.12/site-packages/airflow/example_dags/example_sla_dag.py for tasks to queue
[2025-03-06T00:58:35.876+0000] {logging_mixin.py:190} INFO - [2025-03-06T00:58:35.876+0000] {dagbag.py:588} INFO - Filling up the DagBag from /home/ubuntu/redfin_venv/lib/python3.12/site-packages/airflow/example_dags/example_sla_dag.py
[2025-03-06T00:58:35.889+0000] {processor.py:925} INFO - DAG(s) 'example_sla_dag' retrieved from /home/ubuntu/redfin_venv/lib/python3.12/site-packages/airflow/example_dags/example_sla_dag.py
[2025-03-06T00:58:35.912+0000] {logging_mixin.py:190} INFO - [2025-03-06T00:58:35.912+0000] {dag.py:3239} INFO - Sync 1 DAGs
[2025-03-06T00:58:35.936+0000] {logging_mixin.py:190} INFO - [2025-03-06T00:58:35.936+0000] {dag.py:4180} INFO - Setting next_dagrun for example_sla_dag to 2025-03-06 00:56:00+00:00, run_after=2025-03-06 00:58:00+00:00
[2025-03-06T00:58:35.963+0000] {processor.py:208} INFO - Processing /home/ubuntu/redfin_venv/lib/python3.12/site-packages/airflow/example_dags/example_sla_dag.py took 0.098 seconds
[2025-03-06T00:59:33.391+0000] {processor.py:186} INFO - Started process (PID=3992) to work on /home/ubuntu/redfin_venv/lib/python3.12/site-packages/airflow/example_dags/example_sla_dag.py
[2025-03-06T00:59:33.392+0000] {processor.py:914} INFO - Processing file /home/ubuntu/redfin_venv/lib/python3.12/site-packages/airflow/example_dags/example_sla_dag.py for tasks to queue
[2025-03-06T00:59:33.394+0000] {logging_mixin.py:190} INFO - [2025-03-06T00:59:33.394+0000] {dagbag.py:588} INFO - Filling up the DagBag from /home/ubuntu/redfin_venv/lib/python3.12/site-packages/airflow/example_dags/example_sla_dag.py
[2025-03-06T00:59:33.416+0000] {processor.py:925} INFO - DAG(s) 'example_sla_dag' retrieved from /home/ubuntu/redfin_venv/lib/python3.12/site-packages/airflow/example_dags/example_sla_dag.py
[2025-03-06T00:59:33.447+0000] {logging_mixin.py:190} INFO - [2025-03-06T00:59:33.447+0000] {dag.py:3239} INFO - Sync 1 DAGs
[2025-03-06T00:59:33.486+0000] {logging_mixin.py:190} INFO - [2025-03-06T00:59:33.486+0000] {dag.py:4180} INFO - Setting next_dagrun for example_sla_dag to 2025-03-06 00:56:00+00:00, run_after=2025-03-06 00:58:00+00:00
[2025-03-06T00:59:33.522+0000] {processor.py:208} INFO - Processing /home/ubuntu/redfin_venv/lib/python3.12/site-packages/airflow/example_dags/example_sla_dag.py took 0.137 seconds
[2025-03-06T01:00:31.708+0000] {processor.py:186} INFO - Started process (PID=4471) to work on /home/ubuntu/redfin_venv/lib/python3.12/site-packages/airflow/example_dags/example_sla_dag.py
[2025-03-06T01:00:31.709+0000] {processor.py:914} INFO - Processing file /home/ubuntu/redfin_venv/lib/python3.12/site-packages/airflow/example_dags/example_sla_dag.py for tasks to queue
[2025-03-06T01:00:31.711+0000] {logging_mixin.py:190} INFO - [2025-03-06T01:00:31.711+0000] {dagbag.py:588} INFO - Filling up the DagBag from /home/ubuntu/redfin_venv/lib/python3.12/site-packages/airflow/example_dags/example_sla_dag.py
[2025-03-06T01:00:31.724+0000] {processor.py:925} INFO - DAG(s) 'example_sla_dag' retrieved from /home/ubuntu/redfin_venv/lib/python3.12/site-packages/airflow/example_dags/example_sla_dag.py
[2025-03-06T01:00:31.742+0000] {logging_mixin.py:190} INFO - [2025-03-06T01:00:31.742+0000] {dag.py:3239} INFO - Sync 1 DAGs
[2025-03-06T01:00:31.785+0000] {logging_mixin.py:190} INFO - [2025-03-06T01:00:31.784+0000] {dag.py:4180} INFO - Setting next_dagrun for example_sla_dag to 2025-03-06 00:58:00+00:00, run_after=2025-03-06 01:00:00+00:00
[2025-03-06T01:00:31.812+0000] {processor.py:208} INFO - Processing /home/ubuntu/redfin_venv/lib/python3.12/site-packages/airflow/example_dags/example_sla_dag.py took 0.111 seconds
[2025-03-06T01:01:32.010+0000] {processor.py:186} INFO - Started process (PID=4891) to work on /home/ubuntu/redfin_venv/lib/python3.12/site-packages/airflow/example_dags/example_sla_dag.py
[2025-03-06T01:01:32.012+0000] {processor.py:914} INFO - Processing file /home/ubuntu/redfin_venv/lib/python3.12/site-packages/airflow/example_dags/example_sla_dag.py for tasks to queue
[2025-03-06T01:01:32.015+0000] {logging_mixin.py:190} INFO - [2025-03-06T01:01:32.015+0000] {dagbag.py:588} INFO - Filling up the DagBag from /home/ubuntu/redfin_venv/lib/python3.12/site-packages/airflow/example_dags/example_sla_dag.py
[2025-03-06T01:01:32.041+0000] {processor.py:925} INFO - DAG(s) 'example_sla_dag' retrieved from /home/ubuntu/redfin_venv/lib/python3.12/site-packages/airflow/example_dags/example_sla_dag.py
[2025-03-06T01:01:32.074+0000] {logging_mixin.py:190} INFO - [2025-03-06T01:01:32.073+0000] {dag.py:3239} INFO - Sync 1 DAGs
[2025-03-06T01:01:32.120+0000] {logging_mixin.py:190} INFO - [2025-03-06T01:01:32.119+0000] {dag.py:4180} INFO - Setting next_dagrun for example_sla_dag to 2025-03-06 00:58:00+00:00, run_after=2025-03-06 01:00:00+00:00
[2025-03-06T01:01:32.160+0000] {processor.py:208} INFO - Processing /home/ubuntu/redfin_venv/lib/python3.12/site-packages/airflow/example_dags/example_sla_dag.py took 0.159 seconds
[2025-03-06T01:02:33.012+0000] {processor.py:186} INFO - Started process (PID=5193) to work on /home/ubuntu/redfin_venv/lib/python3.12/site-packages/airflow/example_dags/example_sla_dag.py
[2025-03-06T01:02:33.017+0000] {processor.py:914} INFO - Processing file /home/ubuntu/redfin_venv/lib/python3.12/site-packages/airflow/example_dags/example_sla_dag.py for tasks to queue
[2025-03-06T01:02:33.021+0000] {logging_mixin.py:190} INFO - [2025-03-06T01:02:33.021+0000] {dagbag.py:588} INFO - Filling up the DagBag from /home/ubuntu/redfin_venv/lib/python3.12/site-packages/airflow/example_dags/example_sla_dag.py
[2025-03-06T01:02:33.058+0000] {processor.py:925} INFO - DAG(s) 'example_sla_dag' retrieved from /home/ubuntu/redfin_venv/lib/python3.12/site-packages/airflow/example_dags/example_sla_dag.py
[2025-03-06T01:02:33.108+0000] {logging_mixin.py:190} INFO - [2025-03-06T01:02:33.107+0000] {dag.py:3239} INFO - Sync 1 DAGs
[2025-03-06T01:02:33.146+0000] {logging_mixin.py:190} INFO - [2025-03-06T01:02:33.146+0000] {dag.py:4180} INFO - Setting next_dagrun for example_sla_dag to 2025-03-06 01:00:00+00:00, run_after=2025-03-06 01:02:00+00:00
[2025-03-06T01:02:33.194+0000] {processor.py:208} INFO - Processing /home/ubuntu/redfin_venv/lib/python3.12/site-packages/airflow/example_dags/example_sla_dag.py took 0.205 seconds
[2025-03-06T01:03:32.669+0000] {processor.py:186} INFO - Started process (PID=5372) to work on /home/ubuntu/redfin_venv/lib/python3.12/site-packages/airflow/example_dags/example_sla_dag.py
[2025-03-06T01:03:32.671+0000] {processor.py:914} INFO - Processing file /home/ubuntu/redfin_venv/lib/python3.12/site-packages/airflow/example_dags/example_sla_dag.py for tasks to queue
[2025-03-06T01:03:32.673+0000] {logging_mixin.py:190} INFO - [2025-03-06T01:03:32.673+0000] {dagbag.py:588} INFO - Filling up the DagBag from /home/ubuntu/redfin_venv/lib/python3.12/site-packages/airflow/example_dags/example_sla_dag.py
[2025-03-06T01:03:32.692+0000] {processor.py:925} INFO - DAG(s) 'example_sla_dag' retrieved from /home/ubuntu/redfin_venv/lib/python3.12/site-packages/airflow/example_dags/example_sla_dag.py
[2025-03-06T01:03:32.728+0000] {logging_mixin.py:190} INFO - [2025-03-06T01:03:32.728+0000] {dag.py:3239} INFO - Sync 1 DAGs
[2025-03-06T01:03:32.760+0000] {logging_mixin.py:190} INFO - [2025-03-06T01:03:32.759+0000] {dag.py:4180} INFO - Setting next_dagrun for example_sla_dag to 2025-03-06 01:00:00+00:00, run_after=2025-03-06 01:02:00+00:00
[2025-03-06T01:03:32.785+0000] {processor.py:208} INFO - Processing /home/ubuntu/redfin_venv/lib/python3.12/site-packages/airflow/example_dags/example_sla_dag.py took 0.124 seconds
[2025-03-06T01:04:33.826+0000] {processor.py:186} INFO - Started process (PID=5490) to work on /home/ubuntu/redfin_venv/lib/python3.12/site-packages/airflow/example_dags/example_sla_dag.py
[2025-03-06T01:04:33.832+0000] {processor.py:914} INFO - Processing file /home/ubuntu/redfin_venv/lib/python3.12/site-packages/airflow/example_dags/example_sla_dag.py for tasks to queue
[2025-03-06T01:04:33.839+0000] {logging_mixin.py:190} INFO - [2025-03-06T01:04:33.837+0000] {dagbag.py:588} INFO - Filling up the DagBag from /home/ubuntu/redfin_venv/lib/python3.12/site-packages/airflow/example_dags/example_sla_dag.py
[2025-03-06T01:04:33.873+0000] {processor.py:925} INFO - DAG(s) 'example_sla_dag' retrieved from /home/ubuntu/redfin_venv/lib/python3.12/site-packages/airflow/example_dags/example_sla_dag.py
[2025-03-06T01:04:33.910+0000] {logging_mixin.py:190} INFO - [2025-03-06T01:04:33.908+0000] {dag.py:3239} INFO - Sync 1 DAGs
[2025-03-06T01:04:33.941+0000] {logging_mixin.py:190} INFO - [2025-03-06T01:04:33.941+0000] {dag.py:4180} INFO - Setting next_dagrun for example_sla_dag to 2025-03-06 01:02:00+00:00, run_after=2025-03-06 01:04:00+00:00
[2025-03-06T01:04:33.973+0000] {processor.py:208} INFO - Processing /home/ubuntu/redfin_venv/lib/python3.12/site-packages/airflow/example_dags/example_sla_dag.py took 0.155 seconds
[2025-03-06T01:05:38.601+0000] {processor.py:186} INFO - Started process (PID=5614) to work on /home/ubuntu/redfin_venv/lib/python3.12/site-packages/airflow/example_dags/example_sla_dag.py
[2025-03-06T01:05:38.603+0000] {processor.py:914} INFO - Processing file /home/ubuntu/redfin_venv/lib/python3.12/site-packages/airflow/example_dags/example_sla_dag.py for tasks to queue
[2025-03-06T01:05:38.607+0000] {logging_mixin.py:190} INFO - [2025-03-06T01:05:38.606+0000] {dagbag.py:588} INFO - Filling up the DagBag from /home/ubuntu/redfin_venv/lib/python3.12/site-packages/airflow/example_dags/example_sla_dag.py
[2025-03-06T01:05:38.620+0000] {processor.py:925} INFO - DAG(s) 'example_sla_dag' retrieved from /home/ubuntu/redfin_venv/lib/python3.12/site-packages/airflow/example_dags/example_sla_dag.py
[2025-03-06T01:05:38.639+0000] {logging_mixin.py:190} INFO - [2025-03-06T01:05:38.639+0000] {dag.py:3239} INFO - Sync 1 DAGs
[2025-03-06T01:05:38.675+0000] {logging_mixin.py:190} INFO - [2025-03-06T01:05:38.674+0000] {dag.py:4180} INFO - Setting next_dagrun for example_sla_dag to 2025-03-06 01:02:00+00:00, run_after=2025-03-06 01:04:00+00:00
[2025-03-06T01:05:38.702+0000] {processor.py:208} INFO - Processing /home/ubuntu/redfin_venv/lib/python3.12/site-packages/airflow/example_dags/example_sla_dag.py took 0.108 seconds
[2025-03-06T01:06:41.183+0000] {processor.py:186} INFO - Started process (PID=5916) to work on /home/ubuntu/redfin_venv/lib/python3.12/site-packages/airflow/example_dags/example_sla_dag.py
[2025-03-06T01:06:41.185+0000] {processor.py:914} INFO - Processing file /home/ubuntu/redfin_venv/lib/python3.12/site-packages/airflow/example_dags/example_sla_dag.py for tasks to queue
[2025-03-06T01:06:41.189+0000] {logging_mixin.py:190} INFO - [2025-03-06T01:06:41.188+0000] {dagbag.py:588} INFO - Filling up the DagBag from /home/ubuntu/redfin_venv/lib/python3.12/site-packages/airflow/example_dags/example_sla_dag.py
[2025-03-06T01:06:41.209+0000] {processor.py:925} INFO - DAG(s) 'example_sla_dag' retrieved from /home/ubuntu/redfin_venv/lib/python3.12/site-packages/airflow/example_dags/example_sla_dag.py
[2025-03-06T01:06:41.228+0000] {logging_mixin.py:190} INFO - [2025-03-06T01:06:41.228+0000] {dag.py:3239} INFO - Sync 1 DAGs
[2025-03-06T01:06:41.254+0000] {logging_mixin.py:190} INFO - [2025-03-06T01:06:41.253+0000] {dag.py:4180} INFO - Setting next_dagrun for example_sla_dag to 2025-03-06 01:04:00+00:00, run_after=2025-03-06 01:06:00+00:00
[2025-03-06T01:06:41.288+0000] {processor.py:208} INFO - Processing /home/ubuntu/redfin_venv/lib/python3.12/site-packages/airflow/example_dags/example_sla_dag.py took 0.113 seconds
[2025-03-06T01:07:42.586+0000] {processor.py:186} INFO - Started process (PID=6215) to work on /home/ubuntu/redfin_venv/lib/python3.12/site-packages/airflow/example_dags/example_sla_dag.py
[2025-03-06T01:07:42.587+0000] {processor.py:914} INFO - Processing file /home/ubuntu/redfin_venv/lib/python3.12/site-packages/airflow/example_dags/example_sla_dag.py for tasks to queue
[2025-03-06T01:07:42.591+0000] {logging_mixin.py:190} INFO - [2025-03-06T01:07:42.590+0000] {dagbag.py:588} INFO - Filling up the DagBag from /home/ubuntu/redfin_venv/lib/python3.12/site-packages/airflow/example_dags/example_sla_dag.py
[2025-03-06T01:07:42.606+0000] {processor.py:925} INFO - DAG(s) 'example_sla_dag' retrieved from /home/ubuntu/redfin_venv/lib/python3.12/site-packages/airflow/example_dags/example_sla_dag.py
[2025-03-06T01:07:42.628+0000] {logging_mixin.py:190} INFO - [2025-03-06T01:07:42.627+0000] {dag.py:3239} INFO - Sync 1 DAGs
[2025-03-06T01:07:42.654+0000] {logging_mixin.py:190} INFO - [2025-03-06T01:07:42.654+0000] {dag.py:4180} INFO - Setting next_dagrun for example_sla_dag to 2025-03-06 01:04:00+00:00, run_after=2025-03-06 01:06:00+00:00
[2025-03-06T01:07:42.677+0000] {processor.py:208} INFO - Processing /home/ubuntu/redfin_venv/lib/python3.12/site-packages/airflow/example_dags/example_sla_dag.py took 0.105 seconds
[2025-03-06T01:08:42.356+0000] {processor.py:186} INFO - Started process (PID=6573) to work on /home/ubuntu/redfin_venv/lib/python3.12/site-packages/airflow/example_dags/example_sla_dag.py
[2025-03-06T01:08:42.357+0000] {processor.py:914} INFO - Processing file /home/ubuntu/redfin_venv/lib/python3.12/site-packages/airflow/example_dags/example_sla_dag.py for tasks to queue
[2025-03-06T01:08:42.360+0000] {logging_mixin.py:190} INFO - [2025-03-06T01:08:42.359+0000] {dagbag.py:588} INFO - Filling up the DagBag from /home/ubuntu/redfin_venv/lib/python3.12/site-packages/airflow/example_dags/example_sla_dag.py
[2025-03-06T01:08:42.373+0000] {processor.py:925} INFO - DAG(s) 'example_sla_dag' retrieved from /home/ubuntu/redfin_venv/lib/python3.12/site-packages/airflow/example_dags/example_sla_dag.py
[2025-03-06T01:08:42.390+0000] {logging_mixin.py:190} INFO - [2025-03-06T01:08:42.390+0000] {dag.py:3239} INFO - Sync 1 DAGs
[2025-03-06T01:08:42.419+0000] {logging_mixin.py:190} INFO - [2025-03-06T01:08:42.419+0000] {dag.py:4180} INFO - Setting next_dagrun for example_sla_dag to 2025-03-06 01:06:00+00:00, run_after=2025-03-06 01:08:00+00:00
[2025-03-06T01:08:42.456+0000] {processor.py:208} INFO - Processing /home/ubuntu/redfin_venv/lib/python3.12/site-packages/airflow/example_dags/example_sla_dag.py took 0.107 seconds
[2025-03-06T01:09:46.203+0000] {processor.py:186} INFO - Started process (PID=6813) to work on /home/ubuntu/redfin_venv/lib/python3.12/site-packages/airflow/example_dags/example_sla_dag.py
[2025-03-06T01:09:46.204+0000] {processor.py:914} INFO - Processing file /home/ubuntu/redfin_venv/lib/python3.12/site-packages/airflow/example_dags/example_sla_dag.py for tasks to queue
[2025-03-06T01:09:46.207+0000] {logging_mixin.py:190} INFO - [2025-03-06T01:09:46.206+0000] {dagbag.py:588} INFO - Filling up the DagBag from /home/ubuntu/redfin_venv/lib/python3.12/site-packages/airflow/example_dags/example_sla_dag.py
[2025-03-06T01:09:46.221+0000] {processor.py:925} INFO - DAG(s) 'example_sla_dag' retrieved from /home/ubuntu/redfin_venv/lib/python3.12/site-packages/airflow/example_dags/example_sla_dag.py
[2025-03-06T01:09:46.244+0000] {logging_mixin.py:190} INFO - [2025-03-06T01:09:46.244+0000] {dag.py:3239} INFO - Sync 1 DAGs
[2025-03-06T01:09:46.270+0000] {logging_mixin.py:190} INFO - [2025-03-06T01:09:46.269+0000] {dag.py:4180} INFO - Setting next_dagrun for example_sla_dag to 2025-03-06 01:06:00+00:00, run_after=2025-03-06 01:08:00+00:00
[2025-03-06T01:09:46.296+0000] {processor.py:208} INFO - Processing /home/ubuntu/redfin_venv/lib/python3.12/site-packages/airflow/example_dags/example_sla_dag.py took 0.109 seconds
[2025-03-06T01:10:47.592+0000] {processor.py:186} INFO - Started process (PID=6936) to work on /home/ubuntu/redfin_venv/lib/python3.12/site-packages/airflow/example_dags/example_sla_dag.py
[2025-03-06T01:10:47.594+0000] {processor.py:914} INFO - Processing file /home/ubuntu/redfin_venv/lib/python3.12/site-packages/airflow/example_dags/example_sla_dag.py for tasks to queue
[2025-03-06T01:10:47.602+0000] {logging_mixin.py:190} INFO - [2025-03-06T01:10:47.602+0000] {dagbag.py:588} INFO - Filling up the DagBag from /home/ubuntu/redfin_venv/lib/python3.12/site-packages/airflow/example_dags/example_sla_dag.py
[2025-03-06T01:10:47.624+0000] {processor.py:925} INFO - DAG(s) 'example_sla_dag' retrieved from /home/ubuntu/redfin_venv/lib/python3.12/site-packages/airflow/example_dags/example_sla_dag.py
[2025-03-06T01:10:47.650+0000] {logging_mixin.py:190} INFO - [2025-03-06T01:10:47.649+0000] {dag.py:3239} INFO - Sync 1 DAGs
[2025-03-06T01:10:47.680+0000] {logging_mixin.py:190} INFO - [2025-03-06T01:10:47.680+0000] {dag.py:4180} INFO - Setting next_dagrun for example_sla_dag to 2025-03-06 01:08:00+00:00, run_after=2025-03-06 01:10:00+00:00
[2025-03-06T01:10:47.713+0000] {processor.py:208} INFO - Processing /home/ubuntu/redfin_venv/lib/python3.12/site-packages/airflow/example_dags/example_sla_dag.py took 0.129 seconds
[2025-03-06T01:11:50.017+0000] {processor.py:186} INFO - Started process (PID=7055) to work on /home/ubuntu/redfin_venv/lib/python3.12/site-packages/airflow/example_dags/example_sla_dag.py
[2025-03-06T01:11:50.018+0000] {processor.py:914} INFO - Processing file /home/ubuntu/redfin_venv/lib/python3.12/site-packages/airflow/example_dags/example_sla_dag.py for tasks to queue
[2025-03-06T01:11:50.021+0000] {logging_mixin.py:190} INFO - [2025-03-06T01:11:50.020+0000] {dagbag.py:588} INFO - Filling up the DagBag from /home/ubuntu/redfin_venv/lib/python3.12/site-packages/airflow/example_dags/example_sla_dag.py
[2025-03-06T01:11:50.035+0000] {processor.py:925} INFO - DAG(s) 'example_sla_dag' retrieved from /home/ubuntu/redfin_venv/lib/python3.12/site-packages/airflow/example_dags/example_sla_dag.py
[2025-03-06T01:11:50.056+0000] {logging_mixin.py:190} INFO - [2025-03-06T01:11:50.056+0000] {dag.py:3239} INFO - Sync 1 DAGs
[2025-03-06T01:11:50.085+0000] {logging_mixin.py:190} INFO - [2025-03-06T01:11:50.085+0000] {dag.py:4180} INFO - Setting next_dagrun for example_sla_dag to 2025-03-06 01:08:00+00:00, run_after=2025-03-06 01:10:00+00:00
[2025-03-06T01:11:50.116+0000] {processor.py:208} INFO - Processing /home/ubuntu/redfin_venv/lib/python3.12/site-packages/airflow/example_dags/example_sla_dag.py took 0.109 seconds
[2025-03-06T01:12:55.481+0000] {processor.py:186} INFO - Started process (PID=7177) to work on /home/ubuntu/redfin_venv/lib/python3.12/site-packages/airflow/example_dags/example_sla_dag.py
[2025-03-06T01:12:55.483+0000] {processor.py:914} INFO - Processing file /home/ubuntu/redfin_venv/lib/python3.12/site-packages/airflow/example_dags/example_sla_dag.py for tasks to queue
[2025-03-06T01:12:55.486+0000] {logging_mixin.py:190} INFO - [2025-03-06T01:12:55.485+0000] {dagbag.py:588} INFO - Filling up the DagBag from /home/ubuntu/redfin_venv/lib/python3.12/site-packages/airflow/example_dags/example_sla_dag.py
[2025-03-06T01:12:55.498+0000] {processor.py:925} INFO - DAG(s) 'example_sla_dag' retrieved from /home/ubuntu/redfin_venv/lib/python3.12/site-packages/airflow/example_dags/example_sla_dag.py
[2025-03-06T01:12:55.518+0000] {logging_mixin.py:190} INFO - [2025-03-06T01:12:55.517+0000] {dag.py:3239} INFO - Sync 1 DAGs
[2025-03-06T01:12:55.545+0000] {logging_mixin.py:190} INFO - [2025-03-06T01:12:55.544+0000] {dag.py:4180} INFO - Setting next_dagrun for example_sla_dag to 2025-03-06 01:10:00+00:00, run_after=2025-03-06 01:12:00+00:00
[2025-03-06T01:12:55.574+0000] {processor.py:208} INFO - Processing /home/ubuntu/redfin_venv/lib/python3.12/site-packages/airflow/example_dags/example_sla_dag.py took 0.099 seconds
[2025-03-06T01:13:55.838+0000] {processor.py:186} INFO - Started process (PID=7357) to work on /home/ubuntu/redfin_venv/lib/python3.12/site-packages/airflow/example_dags/example_sla_dag.py
[2025-03-06T01:13:55.842+0000] {processor.py:914} INFO - Processing file /home/ubuntu/redfin_venv/lib/python3.12/site-packages/airflow/example_dags/example_sla_dag.py for tasks to queue
[2025-03-06T01:13:55.845+0000] {logging_mixin.py:190} INFO - [2025-03-06T01:13:55.844+0000] {dagbag.py:588} INFO - Filling up the DagBag from /home/ubuntu/redfin_venv/lib/python3.12/site-packages/airflow/example_dags/example_sla_dag.py
[2025-03-06T01:13:55.866+0000] {processor.py:925} INFO - DAG(s) 'example_sla_dag' retrieved from /home/ubuntu/redfin_venv/lib/python3.12/site-packages/airflow/example_dags/example_sla_dag.py
[2025-03-06T01:13:55.897+0000] {logging_mixin.py:190} INFO - [2025-03-06T01:13:55.896+0000] {dag.py:3239} INFO - Sync 1 DAGs
[2025-03-06T01:13:55.919+0000] {logging_mixin.py:190} INFO - [2025-03-06T01:13:55.919+0000] {dag.py:4180} INFO - Setting next_dagrun for example_sla_dag to 2025-03-06 01:10:00+00:00, run_after=2025-03-06 01:12:00+00:00
[2025-03-06T01:13:55.942+0000] {processor.py:208} INFO - Processing /home/ubuntu/redfin_venv/lib/python3.12/site-packages/airflow/example_dags/example_sla_dag.py took 0.110 seconds
[2025-03-06T01:14:57.434+0000] {processor.py:186} INFO - Started process (PID=7476) to work on /home/ubuntu/redfin_venv/lib/python3.12/site-packages/airflow/example_dags/example_sla_dag.py
[2025-03-06T01:14:57.437+0000] {processor.py:914} INFO - Processing file /home/ubuntu/redfin_venv/lib/python3.12/site-packages/airflow/example_dags/example_sla_dag.py for tasks to queue
[2025-03-06T01:14:57.444+0000] {logging_mixin.py:190} INFO - [2025-03-06T01:14:57.440+0000] {dagbag.py:588} INFO - Filling up the DagBag from /home/ubuntu/redfin_venv/lib/python3.12/site-packages/airflow/example_dags/example_sla_dag.py
[2025-03-06T01:14:57.457+0000] {processor.py:925} INFO - DAG(s) 'example_sla_dag' retrieved from /home/ubuntu/redfin_venv/lib/python3.12/site-packages/airflow/example_dags/example_sla_dag.py
[2025-03-06T01:14:57.474+0000] {logging_mixin.py:190} INFO - [2025-03-06T01:14:57.474+0000] {dag.py:3239} INFO - Sync 1 DAGs
[2025-03-06T01:14:57.497+0000] {logging_mixin.py:190} INFO - [2025-03-06T01:14:57.497+0000] {dag.py:4180} INFO - Setting next_dagrun for example_sla_dag to 2025-03-06 01:12:00+00:00, run_after=2025-03-06 01:14:00+00:00
[2025-03-06T01:14:57.521+0000] {processor.py:208} INFO - Processing /home/ubuntu/redfin_venv/lib/python3.12/site-packages/airflow/example_dags/example_sla_dag.py took 0.093 seconds
[2025-03-06T01:16:01.356+0000] {processor.py:186} INFO - Started process (PID=7780) to work on /home/ubuntu/redfin_venv/lib/python3.12/site-packages/airflow/example_dags/example_sla_dag.py
[2025-03-06T01:16:01.358+0000] {processor.py:914} INFO - Processing file /home/ubuntu/redfin_venv/lib/python3.12/site-packages/airflow/example_dags/example_sla_dag.py for tasks to queue
[2025-03-06T01:16:01.362+0000] {logging_mixin.py:190} INFO - [2025-03-06T01:16:01.362+0000] {dagbag.py:588} INFO - Filling up the DagBag from /home/ubuntu/redfin_venv/lib/python3.12/site-packages/airflow/example_dags/example_sla_dag.py
[2025-03-06T01:16:01.376+0000] {processor.py:925} INFO - DAG(s) 'example_sla_dag' retrieved from /home/ubuntu/redfin_venv/lib/python3.12/site-packages/airflow/example_dags/example_sla_dag.py
[2025-03-06T01:16:01.396+0000] {logging_mixin.py:190} INFO - [2025-03-06T01:16:01.396+0000] {dag.py:3239} INFO - Sync 1 DAGs
[2025-03-06T01:16:01.435+0000] {logging_mixin.py:190} INFO - [2025-03-06T01:16:01.434+0000] {dag.py:4180} INFO - Setting next_dagrun for example_sla_dag to 2025-03-06 01:14:00+00:00, run_after=2025-03-06 01:16:00+00:00
[2025-03-06T01:16:01.465+0000] {processor.py:208} INFO - Processing /home/ubuntu/redfin_venv/lib/python3.12/site-packages/airflow/example_dags/example_sla_dag.py took 0.118 seconds
[2025-03-06T01:16:59.651+0000] {processor.py:186} INFO - Started process (PID=7898) to work on /home/ubuntu/redfin_venv/lib/python3.12/site-packages/airflow/example_dags/example_sla_dag.py
[2025-03-06T01:16:59.652+0000] {processor.py:914} INFO - Processing file /home/ubuntu/redfin_venv/lib/python3.12/site-packages/airflow/example_dags/example_sla_dag.py for tasks to queue
[2025-03-06T01:16:59.655+0000] {logging_mixin.py:190} INFO - [2025-03-06T01:16:59.655+0000] {dagbag.py:588} INFO - Filling up the DagBag from /home/ubuntu/redfin_venv/lib/python3.12/site-packages/airflow/example_dags/example_sla_dag.py
[2025-03-06T01:16:59.669+0000] {processor.py:925} INFO - DAG(s) 'example_sla_dag' retrieved from /home/ubuntu/redfin_venv/lib/python3.12/site-packages/airflow/example_dags/example_sla_dag.py
[2025-03-06T01:16:59.686+0000] {logging_mixin.py:190} INFO - [2025-03-06T01:16:59.686+0000] {dag.py:3239} INFO - Sync 1 DAGs
[2025-03-06T01:16:59.711+0000] {logging_mixin.py:190} INFO - [2025-03-06T01:16:59.711+0000] {dag.py:4180} INFO - Setting next_dagrun for example_sla_dag to 2025-03-06 01:14:00+00:00, run_after=2025-03-06 01:16:00+00:00
[2025-03-06T01:16:59.735+0000] {processor.py:208} INFO - Processing /home/ubuntu/redfin_venv/lib/python3.12/site-packages/airflow/example_dags/example_sla_dag.py took 0.090 seconds
[2025-03-06T01:18:02.284+0000] {processor.py:186} INFO - Started process (PID=8242) to work on /home/ubuntu/redfin_venv/lib/python3.12/site-packages/airflow/example_dags/example_sla_dag.py
[2025-03-06T01:18:02.286+0000] {processor.py:914} INFO - Processing file /home/ubuntu/redfin_venv/lib/python3.12/site-packages/airflow/example_dags/example_sla_dag.py for tasks to queue
[2025-03-06T01:18:02.291+0000] {logging_mixin.py:190} INFO - [2025-03-06T01:18:02.290+0000] {dagbag.py:588} INFO - Filling up the DagBag from /home/ubuntu/redfin_venv/lib/python3.12/site-packages/airflow/example_dags/example_sla_dag.py
[2025-03-06T01:18:02.317+0000] {processor.py:925} INFO - DAG(s) 'example_sla_dag' retrieved from /home/ubuntu/redfin_venv/lib/python3.12/site-packages/airflow/example_dags/example_sla_dag.py
[2025-03-06T01:18:02.356+0000] {logging_mixin.py:190} INFO - [2025-03-06T01:18:02.356+0000] {dag.py:3239} INFO - Sync 1 DAGs
[2025-03-06T01:18:02.405+0000] {logging_mixin.py:190} INFO - [2025-03-06T01:18:02.405+0000] {dag.py:4180} INFO - Setting next_dagrun for example_sla_dag to 2025-03-06 01:16:00+00:00, run_after=2025-03-06 01:18:00+00:00
[2025-03-06T01:18:02.437+0000] {processor.py:208} INFO - Processing /home/ubuntu/redfin_venv/lib/python3.12/site-packages/airflow/example_dags/example_sla_dag.py took 0.167 seconds
[2025-03-06T01:19:04.371+0000] {processor.py:186} INFO - Started process (PID=8481) to work on /home/ubuntu/redfin_venv/lib/python3.12/site-packages/airflow/example_dags/example_sla_dag.py
[2025-03-06T01:19:04.373+0000] {processor.py:914} INFO - Processing file /home/ubuntu/redfin_venv/lib/python3.12/site-packages/airflow/example_dags/example_sla_dag.py for tasks to queue
[2025-03-06T01:19:04.376+0000] {logging_mixin.py:190} INFO - [2025-03-06T01:19:04.375+0000] {dagbag.py:588} INFO - Filling up the DagBag from /home/ubuntu/redfin_venv/lib/python3.12/site-packages/airflow/example_dags/example_sla_dag.py
[2025-03-06T01:19:04.388+0000] {processor.py:925} INFO - DAG(s) 'example_sla_dag' retrieved from /home/ubuntu/redfin_venv/lib/python3.12/site-packages/airflow/example_dags/example_sla_dag.py
[2025-03-06T01:19:04.406+0000] {logging_mixin.py:190} INFO - [2025-03-06T01:19:04.406+0000] {dag.py:3239} INFO - Sync 1 DAGs
[2025-03-06T01:19:04.433+0000] {logging_mixin.py:190} INFO - [2025-03-06T01:19:04.432+0000] {dag.py:4180} INFO - Setting next_dagrun for example_sla_dag to 2025-03-06 01:16:00+00:00, run_after=2025-03-06 01:18:00+00:00
[2025-03-06T01:19:04.462+0000] {processor.py:208} INFO - Processing /home/ubuntu/redfin_venv/lib/python3.12/site-packages/airflow/example_dags/example_sla_dag.py took 0.099 seconds
