[2025-03-06T00:59:12.460+0000] {processor.py:186} INFO - Started process (PID=3908) to work on /home/ubuntu/redfin_venv/lib/python3.12/site-packages/airflow/example_dags/example_bash_decorator.py
[2025-03-06T00:59:12.461+0000] {processor.py:914} INFO - Processing file /home/ubuntu/redfin_venv/lib/python3.12/site-packages/airflow/example_dags/example_bash_decorator.py for tasks to queue
[2025-03-06T00:59:12.463+0000] {logging_mixin.py:190} INFO - [2025-03-06T00:59:12.462+0000] {dagbag.py:588} INFO - Filling up the DagBag from /home/ubuntu/redfin_venv/lib/python3.12/site-packages/airflow/example_dags/example_bash_decorator.py
[2025-03-06T00:59:12.479+0000] {processor.py:925} INFO - DAG(s) 'example_bash_decorator' retrieved from /home/ubuntu/redfin_venv/lib/python3.12/site-packages/airflow/example_dags/example_bash_decorator.py
[2025-03-06T00:59:12.576+0000] {logging_mixin.py:190} INFO - [2025-03-06T00:59:12.576+0000] {dag.py:3239} INFO - Sync 1 DAGs
[2025-03-06T00:59:12.587+0000] {logging_mixin.py:190} INFO - [2025-03-06T00:59:12.587+0000] {dag.py:4180} INFO - Setting next_dagrun for example_bash_decorator to None, run_after=None
[2025-03-06T00:59:12.609+0000] {processor.py:208} INFO - Processing /home/ubuntu/redfin_venv/lib/python3.12/site-packages/airflow/example_dags/example_bash_decorator.py took 0.155 seconds
[2025-03-06T01:00:38.448+0000] {processor.py:186} INFO - Started process (PID=4538) to work on /home/ubuntu/redfin_venv/lib/python3.12/site-packages/airflow/example_dags/example_bash_decorator.py
[2025-03-06T01:00:38.450+0000] {processor.py:914} INFO - Processing file /home/ubuntu/redfin_venv/lib/python3.12/site-packages/airflow/example_dags/example_bash_decorator.py for tasks to queue
[2025-03-06T01:00:38.452+0000] {logging_mixin.py:190} INFO - [2025-03-06T01:00:38.452+0000] {dagbag.py:588} INFO - Filling up the DagBag from /home/ubuntu/redfin_venv/lib/python3.12/site-packages/airflow/example_dags/example_bash_decorator.py
[2025-03-06T01:00:38.471+0000] {processor.py:925} INFO - DAG(s) 'example_bash_decorator' retrieved from /home/ubuntu/redfin_venv/lib/python3.12/site-packages/airflow/example_dags/example_bash_decorator.py
[2025-03-06T01:00:38.496+0000] {logging_mixin.py:190} INFO - [2025-03-06T01:00:38.495+0000] {dag.py:3239} INFO - Sync 1 DAGs
[2025-03-06T01:00:38.510+0000] {logging_mixin.py:190} INFO - [2025-03-06T01:00:38.510+0000] {dag.py:4180} INFO - Setting next_dagrun for example_bash_decorator to None, run_after=None
[2025-03-06T01:00:38.541+0000] {processor.py:208} INFO - Processing /home/ubuntu/redfin_venv/lib/python3.12/site-packages/airflow/example_dags/example_bash_decorator.py took 0.102 seconds
[2025-03-06T01:01:42.331+0000] {processor.py:186} INFO - Started process (PID=4901) to work on /home/ubuntu/redfin_venv/lib/python3.12/site-packages/airflow/example_dags/example_bash_decorator.py
[2025-03-06T01:01:42.333+0000] {processor.py:914} INFO - Processing file /home/ubuntu/redfin_venv/lib/python3.12/site-packages/airflow/example_dags/example_bash_decorator.py for tasks to queue
[2025-03-06T01:01:42.335+0000] {logging_mixin.py:190} INFO - [2025-03-06T01:01:42.334+0000] {dagbag.py:588} INFO - Filling up the DagBag from /home/ubuntu/redfin_venv/lib/python3.12/site-packages/airflow/example_dags/example_bash_decorator.py
[2025-03-06T01:01:42.353+0000] {processor.py:925} INFO - DAG(s) 'example_bash_decorator' retrieved from /home/ubuntu/redfin_venv/lib/python3.12/site-packages/airflow/example_dags/example_bash_decorator.py
[2025-03-06T01:01:42.373+0000] {logging_mixin.py:190} INFO - [2025-03-06T01:01:42.373+0000] {dag.py:3239} INFO - Sync 1 DAGs
[2025-03-06T01:01:42.386+0000] {logging_mixin.py:190} INFO - [2025-03-06T01:01:42.386+0000] {dag.py:4180} INFO - Setting next_dagrun for example_bash_decorator to None, run_after=None
[2025-03-06T01:01:42.428+0000] {processor.py:208} INFO - Processing /home/ubuntu/redfin_venv/lib/python3.12/site-packages/airflow/example_dags/example_bash_decorator.py took 0.104 seconds
[2025-03-06T01:02:43.216+0000] {processor.py:186} INFO - Started process (PID=5202) to work on /home/ubuntu/redfin_venv/lib/python3.12/site-packages/airflow/example_dags/example_bash_decorator.py
[2025-03-06T01:02:43.217+0000] {processor.py:914} INFO - Processing file /home/ubuntu/redfin_venv/lib/python3.12/site-packages/airflow/example_dags/example_bash_decorator.py for tasks to queue
[2025-03-06T01:02:43.225+0000] {logging_mixin.py:190} INFO - [2025-03-06T01:02:43.224+0000] {dagbag.py:588} INFO - Filling up the DagBag from /home/ubuntu/redfin_venv/lib/python3.12/site-packages/airflow/example_dags/example_bash_decorator.py
[2025-03-06T01:02:43.261+0000] {processor.py:925} INFO - DAG(s) 'example_bash_decorator' retrieved from /home/ubuntu/redfin_venv/lib/python3.12/site-packages/airflow/example_dags/example_bash_decorator.py
[2025-03-06T01:02:43.289+0000] {logging_mixin.py:190} INFO - [2025-03-06T01:02:43.289+0000] {dag.py:3239} INFO - Sync 1 DAGs
[2025-03-06T01:02:43.309+0000] {logging_mixin.py:190} INFO - [2025-03-06T01:02:43.308+0000] {dag.py:4180} INFO - Setting next_dagrun for example_bash_decorator to None, run_after=None
[2025-03-06T01:02:43.339+0000] {processor.py:208} INFO - Processing /home/ubuntu/redfin_venv/lib/python3.12/site-packages/airflow/example_dags/example_bash_decorator.py took 0.135 seconds
[2025-03-06T01:04:11.905+0000] {processor.py:186} INFO - Started process (PID=5409) to work on /home/ubuntu/redfin_venv/lib/python3.12/site-packages/airflow/example_dags/example_bash_decorator.py
[2025-03-06T01:04:11.906+0000] {processor.py:914} INFO - Processing file /home/ubuntu/redfin_venv/lib/python3.12/site-packages/airflow/example_dags/example_bash_decorator.py for tasks to queue
[2025-03-06T01:04:11.908+0000] {logging_mixin.py:190} INFO - [2025-03-06T01:04:11.908+0000] {dagbag.py:588} INFO - Filling up the DagBag from /home/ubuntu/redfin_venv/lib/python3.12/site-packages/airflow/example_dags/example_bash_decorator.py
[2025-03-06T01:04:11.927+0000] {processor.py:925} INFO - DAG(s) 'example_bash_decorator' retrieved from /home/ubuntu/redfin_venv/lib/python3.12/site-packages/airflow/example_dags/example_bash_decorator.py
[2025-03-06T01:04:11.966+0000] {logging_mixin.py:190} INFO - [2025-03-06T01:04:11.966+0000] {dag.py:3239} INFO - Sync 1 DAGs
[2025-03-06T01:04:11.991+0000] {logging_mixin.py:190} INFO - [2025-03-06T01:04:11.990+0000] {dag.py:4180} INFO - Setting next_dagrun for example_bash_decorator to None, run_after=None
[2025-03-06T01:04:12.023+0000] {processor.py:208} INFO - Processing /home/ubuntu/redfin_venv/lib/python3.12/site-packages/airflow/example_dags/example_bash_decorator.py took 0.129 seconds
[2025-03-06T01:05:16.520+0000] {processor.py:186} INFO - Started process (PID=5593) to work on /home/ubuntu/redfin_venv/lib/python3.12/site-packages/airflow/example_dags/example_bash_decorator.py
[2025-03-06T01:05:16.521+0000] {processor.py:914} INFO - Processing file /home/ubuntu/redfin_venv/lib/python3.12/site-packages/airflow/example_dags/example_bash_decorator.py for tasks to queue
[2025-03-06T01:05:16.523+0000] {logging_mixin.py:190} INFO - [2025-03-06T01:05:16.523+0000] {dagbag.py:588} INFO - Filling up the DagBag from /home/ubuntu/redfin_venv/lib/python3.12/site-packages/airflow/example_dags/example_bash_decorator.py
[2025-03-06T01:05:16.547+0000] {processor.py:925} INFO - DAG(s) 'example_bash_decorator' retrieved from /home/ubuntu/redfin_venv/lib/python3.12/site-packages/airflow/example_dags/example_bash_decorator.py
[2025-03-06T01:05:16.573+0000] {logging_mixin.py:190} INFO - [2025-03-06T01:05:16.573+0000] {dag.py:3239} INFO - Sync 1 DAGs
[2025-03-06T01:05:16.588+0000] {logging_mixin.py:190} INFO - [2025-03-06T01:05:16.588+0000] {dag.py:4180} INFO - Setting next_dagrun for example_bash_decorator to None, run_after=None
[2025-03-06T01:05:16.614+0000] {processor.py:208} INFO - Processing /home/ubuntu/redfin_venv/lib/python3.12/site-packages/airflow/example_dags/example_bash_decorator.py took 0.101 seconds
[2025-03-06T01:06:20.154+0000] {processor.py:186} INFO - Started process (PID=5774) to work on /home/ubuntu/redfin_venv/lib/python3.12/site-packages/airflow/example_dags/example_bash_decorator.py
[2025-03-06T01:06:20.155+0000] {processor.py:914} INFO - Processing file /home/ubuntu/redfin_venv/lib/python3.12/site-packages/airflow/example_dags/example_bash_decorator.py for tasks to queue
[2025-03-06T01:06:20.158+0000] {logging_mixin.py:190} INFO - [2025-03-06T01:06:20.158+0000] {dagbag.py:588} INFO - Filling up the DagBag from /home/ubuntu/redfin_venv/lib/python3.12/site-packages/airflow/example_dags/example_bash_decorator.py
[2025-03-06T01:06:20.183+0000] {processor.py:925} INFO - DAG(s) 'example_bash_decorator' retrieved from /home/ubuntu/redfin_venv/lib/python3.12/site-packages/airflow/example_dags/example_bash_decorator.py
[2025-03-06T01:06:20.216+0000] {logging_mixin.py:190} INFO - [2025-03-06T01:06:20.216+0000] {dag.py:3239} INFO - Sync 1 DAGs
[2025-03-06T01:06:20.236+0000] {logging_mixin.py:190} INFO - [2025-03-06T01:06:20.236+0000] {dag.py:4180} INFO - Setting next_dagrun for example_bash_decorator to None, run_after=None
[2025-03-06T01:06:20.266+0000] {processor.py:208} INFO - Processing /home/ubuntu/redfin_venv/lib/python3.12/site-packages/airflow/example_dags/example_bash_decorator.py took 0.121 seconds
[2025-03-06T01:07:24.027+0000] {processor.py:186} INFO - Started process (PID=6197) to work on /home/ubuntu/redfin_venv/lib/python3.12/site-packages/airflow/example_dags/example_bash_decorator.py
[2025-03-06T01:07:24.029+0000] {processor.py:914} INFO - Processing file /home/ubuntu/redfin_venv/lib/python3.12/site-packages/airflow/example_dags/example_bash_decorator.py for tasks to queue
[2025-03-06T01:07:24.032+0000] {logging_mixin.py:190} INFO - [2025-03-06T01:07:24.031+0000] {dagbag.py:588} INFO - Filling up the DagBag from /home/ubuntu/redfin_venv/lib/python3.12/site-packages/airflow/example_dags/example_bash_decorator.py
[2025-03-06T01:07:24.057+0000] {processor.py:925} INFO - DAG(s) 'example_bash_decorator' retrieved from /home/ubuntu/redfin_venv/lib/python3.12/site-packages/airflow/example_dags/example_bash_decorator.py
[2025-03-06T01:07:24.095+0000] {logging_mixin.py:190} INFO - [2025-03-06T01:07:24.092+0000] {dag.py:3239} INFO - Sync 1 DAGs
[2025-03-06T01:07:24.117+0000] {logging_mixin.py:190} INFO - [2025-03-06T01:07:24.117+0000] {dag.py:4180} INFO - Setting next_dagrun for example_bash_decorator to None, run_after=None
[2025-03-06T01:07:24.149+0000] {processor.py:208} INFO - Processing /home/ubuntu/redfin_venv/lib/python3.12/site-packages/airflow/example_dags/example_bash_decorator.py took 0.141 seconds
[2025-03-06T01:08:53.156+0000] {processor.py:186} INFO - Started process (PID=6584) to work on /home/ubuntu/redfin_venv/lib/python3.12/site-packages/airflow/example_dags/example_bash_decorator.py
[2025-03-06T01:08:53.158+0000] {processor.py:914} INFO - Processing file /home/ubuntu/redfin_venv/lib/python3.12/site-packages/airflow/example_dags/example_bash_decorator.py for tasks to queue
[2025-03-06T01:08:53.160+0000] {logging_mixin.py:190} INFO - [2025-03-06T01:08:53.160+0000] {dagbag.py:588} INFO - Filling up the DagBag from /home/ubuntu/redfin_venv/lib/python3.12/site-packages/airflow/example_dags/example_bash_decorator.py
[2025-03-06T01:08:53.179+0000] {processor.py:925} INFO - DAG(s) 'example_bash_decorator' retrieved from /home/ubuntu/redfin_venv/lib/python3.12/site-packages/airflow/example_dags/example_bash_decorator.py
[2025-03-06T01:08:53.205+0000] {logging_mixin.py:190} INFO - [2025-03-06T01:08:53.204+0000] {dag.py:3239} INFO - Sync 1 DAGs
[2025-03-06T01:08:53.223+0000] {logging_mixin.py:190} INFO - [2025-03-06T01:08:53.222+0000] {dag.py:4180} INFO - Setting next_dagrun for example_bash_decorator to None, run_after=None
[2025-03-06T01:08:53.248+0000] {processor.py:208} INFO - Processing /home/ubuntu/redfin_venv/lib/python3.12/site-packages/airflow/example_dags/example_bash_decorator.py took 0.100 seconds
[2025-03-06T01:09:57.661+0000] {processor.py:186} INFO - Started process (PID=6824) to work on /home/ubuntu/redfin_venv/lib/python3.12/site-packages/airflow/example_dags/example_bash_decorator.py
[2025-03-06T01:09:57.663+0000] {processor.py:914} INFO - Processing file /home/ubuntu/redfin_venv/lib/python3.12/site-packages/airflow/example_dags/example_bash_decorator.py for tasks to queue
[2025-03-06T01:09:57.665+0000] {logging_mixin.py:190} INFO - [2025-03-06T01:09:57.665+0000] {dagbag.py:588} INFO - Filling up the DagBag from /home/ubuntu/redfin_venv/lib/python3.12/site-packages/airflow/example_dags/example_bash_decorator.py
[2025-03-06T01:09:57.684+0000] {processor.py:925} INFO - DAG(s) 'example_bash_decorator' retrieved from /home/ubuntu/redfin_venv/lib/python3.12/site-packages/airflow/example_dags/example_bash_decorator.py
[2025-03-06T01:09:57.708+0000] {logging_mixin.py:190} INFO - [2025-03-06T01:09:57.707+0000] {dag.py:3239} INFO - Sync 1 DAGs
[2025-03-06T01:09:57.722+0000] {logging_mixin.py:190} INFO - [2025-03-06T01:09:57.722+0000] {dag.py:4180} INFO - Setting next_dagrun for example_bash_decorator to None, run_after=None
[2025-03-06T01:09:57.747+0000] {processor.py:208} INFO - Processing /home/ubuntu/redfin_venv/lib/python3.12/site-packages/airflow/example_dags/example_bash_decorator.py took 0.093 seconds
[2025-03-06T01:10:58.897+0000] {processor.py:186} INFO - Started process (PID=6947) to work on /home/ubuntu/redfin_venv/lib/python3.12/site-packages/airflow/example_dags/example_bash_decorator.py
[2025-03-06T01:10:58.899+0000] {processor.py:914} INFO - Processing file /home/ubuntu/redfin_venv/lib/python3.12/site-packages/airflow/example_dags/example_bash_decorator.py for tasks to queue
[2025-03-06T01:10:58.901+0000] {logging_mixin.py:190} INFO - [2025-03-06T01:10:58.901+0000] {dagbag.py:588} INFO - Filling up the DagBag from /home/ubuntu/redfin_venv/lib/python3.12/site-packages/airflow/example_dags/example_bash_decorator.py
[2025-03-06T01:10:58.927+0000] {processor.py:925} INFO - DAG(s) 'example_bash_decorator' retrieved from /home/ubuntu/redfin_venv/lib/python3.12/site-packages/airflow/example_dags/example_bash_decorator.py
[2025-03-06T01:10:58.963+0000] {logging_mixin.py:190} INFO - [2025-03-06T01:10:58.962+0000] {dag.py:3239} INFO - Sync 1 DAGs
[2025-03-06T01:10:59.000+0000] {logging_mixin.py:190} INFO - [2025-03-06T01:10:59.000+0000] {dag.py:4180} INFO - Setting next_dagrun for example_bash_decorator to None, run_after=None
[2025-03-06T01:10:59.050+0000] {processor.py:208} INFO - Processing /home/ubuntu/redfin_venv/lib/python3.12/site-packages/airflow/example_dags/example_bash_decorator.py took 0.164 seconds
[2025-03-06T01:12:01.843+0000] {processor.py:186} INFO - Started process (PID=7066) to work on /home/ubuntu/redfin_venv/lib/python3.12/site-packages/airflow/example_dags/example_bash_decorator.py
[2025-03-06T01:12:01.845+0000] {processor.py:914} INFO - Processing file /home/ubuntu/redfin_venv/lib/python3.12/site-packages/airflow/example_dags/example_bash_decorator.py for tasks to queue
[2025-03-06T01:12:01.848+0000] {logging_mixin.py:190} INFO - [2025-03-06T01:12:01.847+0000] {dagbag.py:588} INFO - Filling up the DagBag from /home/ubuntu/redfin_venv/lib/python3.12/site-packages/airflow/example_dags/example_bash_decorator.py
[2025-03-06T01:12:01.871+0000] {processor.py:925} INFO - DAG(s) 'example_bash_decorator' retrieved from /home/ubuntu/redfin_venv/lib/python3.12/site-packages/airflow/example_dags/example_bash_decorator.py
[2025-03-06T01:12:01.897+0000] {logging_mixin.py:190} INFO - [2025-03-06T01:12:01.896+0000] {dag.py:3239} INFO - Sync 1 DAGs
[2025-03-06T01:12:01.911+0000] {logging_mixin.py:190} INFO - [2025-03-06T01:12:01.911+0000] {dag.py:4180} INFO - Setting next_dagrun for example_bash_decorator to None, run_after=None
[2025-03-06T01:12:01.947+0000] {processor.py:208} INFO - Processing /home/ubuntu/redfin_venv/lib/python3.12/site-packages/airflow/example_dags/example_bash_decorator.py took 0.114 seconds
[2025-03-06T01:13:08.529+0000] {processor.py:186} INFO - Started process (PID=7188) to work on /home/ubuntu/redfin_venv/lib/python3.12/site-packages/airflow/example_dags/example_bash_decorator.py
[2025-03-06T01:13:08.531+0000] {processor.py:914} INFO - Processing file /home/ubuntu/redfin_venv/lib/python3.12/site-packages/airflow/example_dags/example_bash_decorator.py for tasks to queue
[2025-03-06T01:13:08.533+0000] {logging_mixin.py:190} INFO - [2025-03-06T01:13:08.533+0000] {dagbag.py:588} INFO - Filling up the DagBag from /home/ubuntu/redfin_venv/lib/python3.12/site-packages/airflow/example_dags/example_bash_decorator.py
[2025-03-06T01:13:08.551+0000] {processor.py:925} INFO - DAG(s) 'example_bash_decorator' retrieved from /home/ubuntu/redfin_venv/lib/python3.12/site-packages/airflow/example_dags/example_bash_decorator.py
[2025-03-06T01:13:08.573+0000] {logging_mixin.py:190} INFO - [2025-03-06T01:13:08.572+0000] {dag.py:3239} INFO - Sync 1 DAGs
[2025-03-06T01:13:08.587+0000] {logging_mixin.py:190} INFO - [2025-03-06T01:13:08.586+0000] {dag.py:4180} INFO - Setting next_dagrun for example_bash_decorator to None, run_after=None
[2025-03-06T01:13:08.611+0000] {processor.py:208} INFO - Processing /home/ubuntu/redfin_venv/lib/python3.12/site-packages/airflow/example_dags/example_bash_decorator.py took 0.090 seconds
[2025-03-06T01:14:08.670+0000] {processor.py:186} INFO - Started process (PID=7368) to work on /home/ubuntu/redfin_venv/lib/python3.12/site-packages/airflow/example_dags/example_bash_decorator.py
[2025-03-06T01:14:08.672+0000] {processor.py:914} INFO - Processing file /home/ubuntu/redfin_venv/lib/python3.12/site-packages/airflow/example_dags/example_bash_decorator.py for tasks to queue
[2025-03-06T01:14:08.675+0000] {logging_mixin.py:190} INFO - [2025-03-06T01:14:08.675+0000] {dagbag.py:588} INFO - Filling up the DagBag from /home/ubuntu/redfin_venv/lib/python3.12/site-packages/airflow/example_dags/example_bash_decorator.py
[2025-03-06T01:14:08.699+0000] {processor.py:925} INFO - DAG(s) 'example_bash_decorator' retrieved from /home/ubuntu/redfin_venv/lib/python3.12/site-packages/airflow/example_dags/example_bash_decorator.py
[2025-03-06T01:14:08.728+0000] {logging_mixin.py:190} INFO - [2025-03-06T01:14:08.728+0000] {dag.py:3239} INFO - Sync 1 DAGs
[2025-03-06T01:14:08.746+0000] {logging_mixin.py:190} INFO - [2025-03-06T01:14:08.746+0000] {dag.py:4180} INFO - Setting next_dagrun for example_bash_decorator to None, run_after=None
[2025-03-06T01:14:08.776+0000] {processor.py:208} INFO - Processing /home/ubuntu/redfin_venv/lib/python3.12/site-packages/airflow/example_dags/example_bash_decorator.py took 0.118 seconds
[2025-03-06T01:15:08.994+0000] {processor.py:186} INFO - Started process (PID=7611) to work on /home/ubuntu/redfin_venv/lib/python3.12/site-packages/airflow/example_dags/example_bash_decorator.py
[2025-03-06T01:15:08.997+0000] {processor.py:914} INFO - Processing file /home/ubuntu/redfin_venv/lib/python3.12/site-packages/airflow/example_dags/example_bash_decorator.py for tasks to queue
[2025-03-06T01:15:09.001+0000] {logging_mixin.py:190} INFO - [2025-03-06T01:15:09.000+0000] {dagbag.py:588} INFO - Filling up the DagBag from /home/ubuntu/redfin_venv/lib/python3.12/site-packages/airflow/example_dags/example_bash_decorator.py
[2025-03-06T01:15:09.048+0000] {processor.py:925} INFO - DAG(s) 'example_bash_decorator' retrieved from /home/ubuntu/redfin_venv/lib/python3.12/site-packages/airflow/example_dags/example_bash_decorator.py
[2025-03-06T01:15:09.072+0000] {logging_mixin.py:190} INFO - [2025-03-06T01:15:09.071+0000] {dag.py:3239} INFO - Sync 1 DAGs
[2025-03-06T01:15:09.107+0000] {logging_mixin.py:190} INFO - [2025-03-06T01:15:09.106+0000] {dag.py:4180} INFO - Setting next_dagrun for example_bash_decorator to None, run_after=None
[2025-03-06T01:15:09.147+0000] {processor.py:208} INFO - Processing /home/ubuntu/redfin_venv/lib/python3.12/site-packages/airflow/example_dags/example_bash_decorator.py took 0.163 seconds
[2025-03-06T01:16:12.605+0000] {processor.py:186} INFO - Started process (PID=7791) to work on /home/ubuntu/redfin_venv/lib/python3.12/site-packages/airflow/example_dags/example_bash_decorator.py
[2025-03-06T01:16:12.608+0000] {processor.py:914} INFO - Processing file /home/ubuntu/redfin_venv/lib/python3.12/site-packages/airflow/example_dags/example_bash_decorator.py for tasks to queue
[2025-03-06T01:16:12.613+0000] {logging_mixin.py:190} INFO - [2025-03-06T01:16:12.612+0000] {dagbag.py:588} INFO - Filling up the DagBag from /home/ubuntu/redfin_venv/lib/python3.12/site-packages/airflow/example_dags/example_bash_decorator.py
[2025-03-06T01:16:12.632+0000] {processor.py:925} INFO - DAG(s) 'example_bash_decorator' retrieved from /home/ubuntu/redfin_venv/lib/python3.12/site-packages/airflow/example_dags/example_bash_decorator.py
[2025-03-06T01:16:12.654+0000] {logging_mixin.py:190} INFO - [2025-03-06T01:16:12.654+0000] {dag.py:3239} INFO - Sync 1 DAGs
[2025-03-06T01:16:12.669+0000] {logging_mixin.py:190} INFO - [2025-03-06T01:16:12.668+0000] {dag.py:4180} INFO - Setting next_dagrun for example_bash_decorator to None, run_after=None
[2025-03-06T01:16:12.704+0000] {processor.py:208} INFO - Processing /home/ubuntu/redfin_venv/lib/python3.12/site-packages/airflow/example_dags/example_bash_decorator.py took 0.107 seconds
[2025-03-06T01:17:12.346+0000] {processor.py:186} INFO - Started process (PID=7912) to work on /home/ubuntu/redfin_venv/lib/python3.12/site-packages/airflow/example_dags/example_bash_decorator.py
[2025-03-06T01:17:12.349+0000] {processor.py:914} INFO - Processing file /home/ubuntu/redfin_venv/lib/python3.12/site-packages/airflow/example_dags/example_bash_decorator.py for tasks to queue
[2025-03-06T01:17:12.351+0000] {logging_mixin.py:190} INFO - [2025-03-06T01:17:12.350+0000] {dagbag.py:588} INFO - Filling up the DagBag from /home/ubuntu/redfin_venv/lib/python3.12/site-packages/airflow/example_dags/example_bash_decorator.py
[2025-03-06T01:17:12.369+0000] {processor.py:925} INFO - DAG(s) 'example_bash_decorator' retrieved from /home/ubuntu/redfin_venv/lib/python3.12/site-packages/airflow/example_dags/example_bash_decorator.py
[2025-03-06T01:17:12.396+0000] {logging_mixin.py:190} INFO - [2025-03-06T01:17:12.396+0000] {dag.py:3239} INFO - Sync 1 DAGs
[2025-03-06T01:17:12.410+0000] {logging_mixin.py:190} INFO - [2025-03-06T01:17:12.410+0000] {dag.py:4180} INFO - Setting next_dagrun for example_bash_decorator to None, run_after=None
[2025-03-06T01:17:12.436+0000] {processor.py:208} INFO - Processing /home/ubuntu/redfin_venv/lib/python3.12/site-packages/airflow/example_dags/example_bash_decorator.py took 0.104 seconds
[2025-03-06T01:18:13.499+0000] {processor.py:186} INFO - Started process (PID=8253) to work on /home/ubuntu/redfin_venv/lib/python3.12/site-packages/airflow/example_dags/example_bash_decorator.py
[2025-03-06T01:18:13.501+0000] {processor.py:914} INFO - Processing file /home/ubuntu/redfin_venv/lib/python3.12/site-packages/airflow/example_dags/example_bash_decorator.py for tasks to queue
[2025-03-06T01:18:13.507+0000] {logging_mixin.py:190} INFO - [2025-03-06T01:18:13.506+0000] {dagbag.py:588} INFO - Filling up the DagBag from /home/ubuntu/redfin_venv/lib/python3.12/site-packages/airflow/example_dags/example_bash_decorator.py
[2025-03-06T01:18:13.531+0000] {processor.py:925} INFO - DAG(s) 'example_bash_decorator' retrieved from /home/ubuntu/redfin_venv/lib/python3.12/site-packages/airflow/example_dags/example_bash_decorator.py
[2025-03-06T01:18:13.558+0000] {logging_mixin.py:190} INFO - [2025-03-06T01:18:13.557+0000] {dag.py:3239} INFO - Sync 1 DAGs
[2025-03-06T01:18:13.573+0000] {logging_mixin.py:190} INFO - [2025-03-06T01:18:13.573+0000] {dag.py:4180} INFO - Setting next_dagrun for example_bash_decorator to None, run_after=None
[2025-03-06T01:18:13.599+0000] {processor.py:208} INFO - Processing /home/ubuntu/redfin_venv/lib/python3.12/site-packages/airflow/example_dags/example_bash_decorator.py took 0.106 seconds
[2025-03-06T01:19:16.877+0000] {processor.py:186} INFO - Started process (PID=8552) to work on /home/ubuntu/redfin_venv/lib/python3.12/site-packages/airflow/example_dags/example_bash_decorator.py
[2025-03-06T01:19:16.878+0000] {processor.py:914} INFO - Processing file /home/ubuntu/redfin_venv/lib/python3.12/site-packages/airflow/example_dags/example_bash_decorator.py for tasks to queue
[2025-03-06T01:19:16.883+0000] {logging_mixin.py:190} INFO - [2025-03-06T01:19:16.883+0000] {dagbag.py:588} INFO - Filling up the DagBag from /home/ubuntu/redfin_venv/lib/python3.12/site-packages/airflow/example_dags/example_bash_decorator.py
[2025-03-06T01:19:16.904+0000] {processor.py:925} INFO - DAG(s) 'example_bash_decorator' retrieved from /home/ubuntu/redfin_venv/lib/python3.12/site-packages/airflow/example_dags/example_bash_decorator.py
[2025-03-06T01:19:16.941+0000] {logging_mixin.py:190} INFO - [2025-03-06T01:19:16.941+0000] {dag.py:3239} INFO - Sync 1 DAGs
[2025-03-06T01:19:16.957+0000] {logging_mixin.py:190} INFO - [2025-03-06T01:19:16.956+0000] {dag.py:4180} INFO - Setting next_dagrun for example_bash_decorator to None, run_after=None
[2025-03-06T01:19:16.992+0000] {processor.py:208} INFO - Processing /home/ubuntu/redfin_venv/lib/python3.12/site-packages/airflow/example_dags/example_bash_decorator.py took 0.133 seconds
