[2025-03-06T00:58:37.109+0000] {processor.py:186} INFO - Started process (PID=3511) to work on /home/ubuntu/redfin_venv/lib/python3.12/site-packages/airflow/example_dags/example_skip_dag.py
[2025-03-06T00:58:37.110+0000] {processor.py:914} INFO - Processing file /home/ubuntu/redfin_venv/lib/python3.12/site-packages/airflow/example_dags/example_skip_dag.py for tasks to queue
[2025-03-06T00:58:37.112+0000] {logging_mixin.py:190} INFO - [2025-03-06T00:58:37.111+0000] {dagbag.py:588} INFO - Filling up the DagBag from /home/ubuntu/redfin_venv/lib/python3.12/site-packages/airflow/example_dags/example_skip_dag.py
[2025-03-06T00:58:37.121+0000] {processor.py:925} INFO - DAG(s) 'example_skip_dag' retrieved from /home/ubuntu/redfin_venv/lib/python3.12/site-packages/airflow/example_dags/example_skip_dag.py
[2025-03-06T00:58:37.147+0000] {logging_mixin.py:190} INFO - [2025-03-06T00:58:37.146+0000] {dag.py:3239} INFO - Sync 1 DAGs
[2025-03-06T00:58:37.168+0000] {logging_mixin.py:190} INFO - [2025-03-06T00:58:37.168+0000] {dag.py:4180} INFO - Setting next_dagrun for example_skip_dag to 2025-03-05 00:00:00+00:00, run_after=2025-03-06 00:00:00+00:00
[2025-03-06T00:58:37.194+0000] {processor.py:208} INFO - Processing /home/ubuntu/redfin_venv/lib/python3.12/site-packages/airflow/example_dags/example_skip_dag.py took 0.092 seconds
[2025-03-06T00:59:34.147+0000] {processor.py:186} INFO - Started process (PID=3993) to work on /home/ubuntu/redfin_venv/lib/python3.12/site-packages/airflow/example_dags/example_skip_dag.py
[2025-03-06T00:59:34.149+0000] {processor.py:914} INFO - Processing file /home/ubuntu/redfin_venv/lib/python3.12/site-packages/airflow/example_dags/example_skip_dag.py for tasks to queue
[2025-03-06T00:59:34.151+0000] {logging_mixin.py:190} INFO - [2025-03-06T00:59:34.151+0000] {dagbag.py:588} INFO - Filling up the DagBag from /home/ubuntu/redfin_venv/lib/python3.12/site-packages/airflow/example_dags/example_skip_dag.py
[2025-03-06T00:59:34.161+0000] {processor.py:925} INFO - DAG(s) 'example_skip_dag' retrieved from /home/ubuntu/redfin_venv/lib/python3.12/site-packages/airflow/example_dags/example_skip_dag.py
[2025-03-06T00:59:34.183+0000] {logging_mixin.py:190} INFO - [2025-03-06T00:59:34.183+0000] {dag.py:3239} INFO - Sync 1 DAGs
[2025-03-06T00:59:34.206+0000] {logging_mixin.py:190} INFO - [2025-03-06T00:59:34.205+0000] {dag.py:4180} INFO - Setting next_dagrun for example_skip_dag to 2025-03-05 00:00:00+00:00, run_after=2025-03-06 00:00:00+00:00
[2025-03-06T00:59:34.231+0000] {processor.py:208} INFO - Processing /home/ubuntu/redfin_venv/lib/python3.12/site-packages/airflow/example_dags/example_skip_dag.py took 0.091 seconds
[2025-03-06T01:00:32.961+0000] {processor.py:186} INFO - Started process (PID=4472) to work on /home/ubuntu/redfin_venv/lib/python3.12/site-packages/airflow/example_dags/example_skip_dag.py
[2025-03-06T01:00:32.963+0000] {processor.py:914} INFO - Processing file /home/ubuntu/redfin_venv/lib/python3.12/site-packages/airflow/example_dags/example_skip_dag.py for tasks to queue
[2025-03-06T01:00:32.965+0000] {logging_mixin.py:190} INFO - [2025-03-06T01:00:32.965+0000] {dagbag.py:588} INFO - Filling up the DagBag from /home/ubuntu/redfin_venv/lib/python3.12/site-packages/airflow/example_dags/example_skip_dag.py
[2025-03-06T01:00:32.975+0000] {processor.py:925} INFO - DAG(s) 'example_skip_dag' retrieved from /home/ubuntu/redfin_venv/lib/python3.12/site-packages/airflow/example_dags/example_skip_dag.py
[2025-03-06T01:00:32.996+0000] {logging_mixin.py:190} INFO - [2025-03-06T01:00:32.996+0000] {dag.py:3239} INFO - Sync 1 DAGs
[2025-03-06T01:00:33.018+0000] {logging_mixin.py:190} INFO - [2025-03-06T01:00:33.017+0000] {dag.py:4180} INFO - Setting next_dagrun for example_skip_dag to 2025-03-05 00:00:00+00:00, run_after=2025-03-06 00:00:00+00:00
[2025-03-06T01:00:33.045+0000] {processor.py:208} INFO - Processing /home/ubuntu/redfin_venv/lib/python3.12/site-packages/airflow/example_dags/example_skip_dag.py took 0.089 seconds
[2025-03-06T01:01:33.292+0000] {processor.py:186} INFO - Started process (PID=4893) to work on /home/ubuntu/redfin_venv/lib/python3.12/site-packages/airflow/example_dags/example_skip_dag.py
[2025-03-06T01:01:33.294+0000] {processor.py:914} INFO - Processing file /home/ubuntu/redfin_venv/lib/python3.12/site-packages/airflow/example_dags/example_skip_dag.py for tasks to queue
[2025-03-06T01:01:33.299+0000] {logging_mixin.py:190} INFO - [2025-03-06T01:01:33.296+0000] {dagbag.py:588} INFO - Filling up the DagBag from /home/ubuntu/redfin_venv/lib/python3.12/site-packages/airflow/example_dags/example_skip_dag.py
[2025-03-06T01:01:33.318+0000] {processor.py:925} INFO - DAG(s) 'example_skip_dag' retrieved from /home/ubuntu/redfin_venv/lib/python3.12/site-packages/airflow/example_dags/example_skip_dag.py
[2025-03-06T01:01:33.347+0000] {logging_mixin.py:190} INFO - [2025-03-06T01:01:33.346+0000] {dag.py:3239} INFO - Sync 1 DAGs
[2025-03-06T01:01:33.371+0000] {logging_mixin.py:190} INFO - [2025-03-06T01:01:33.371+0000] {dag.py:4180} INFO - Setting next_dagrun for example_skip_dag to 2025-03-05 00:00:00+00:00, run_after=2025-03-06 00:00:00+00:00
[2025-03-06T01:01:33.396+0000] {processor.py:208} INFO - Processing /home/ubuntu/redfin_venv/lib/python3.12/site-packages/airflow/example_dags/example_skip_dag.py took 0.110 seconds
[2025-03-06T01:02:34.380+0000] {processor.py:186} INFO - Started process (PID=5194) to work on /home/ubuntu/redfin_venv/lib/python3.12/site-packages/airflow/example_dags/example_skip_dag.py
[2025-03-06T01:02:34.383+0000] {processor.py:914} INFO - Processing file /home/ubuntu/redfin_venv/lib/python3.12/site-packages/airflow/example_dags/example_skip_dag.py for tasks to queue
[2025-03-06T01:02:34.385+0000] {logging_mixin.py:190} INFO - [2025-03-06T01:02:34.385+0000] {dagbag.py:588} INFO - Filling up the DagBag from /home/ubuntu/redfin_venv/lib/python3.12/site-packages/airflow/example_dags/example_skip_dag.py
[2025-03-06T01:02:34.402+0000] {processor.py:925} INFO - DAG(s) 'example_skip_dag' retrieved from /home/ubuntu/redfin_venv/lib/python3.12/site-packages/airflow/example_dags/example_skip_dag.py
[2025-03-06T01:02:34.433+0000] {logging_mixin.py:190} INFO - [2025-03-06T01:02:34.433+0000] {dag.py:3239} INFO - Sync 1 DAGs
[2025-03-06T01:02:34.476+0000] {logging_mixin.py:190} INFO - [2025-03-06T01:02:34.476+0000] {dag.py:4180} INFO - Setting next_dagrun for example_skip_dag to 2025-03-05 00:00:00+00:00, run_after=2025-03-06 00:00:00+00:00
[2025-03-06T01:02:34.524+0000] {processor.py:208} INFO - Processing /home/ubuntu/redfin_venv/lib/python3.12/site-packages/airflow/example_dags/example_skip_dag.py took 0.156 seconds
[2025-03-06T01:03:33.910+0000] {processor.py:186} INFO - Started process (PID=5373) to work on /home/ubuntu/redfin_venv/lib/python3.12/site-packages/airflow/example_dags/example_skip_dag.py
[2025-03-06T01:03:33.912+0000] {processor.py:914} INFO - Processing file /home/ubuntu/redfin_venv/lib/python3.12/site-packages/airflow/example_dags/example_skip_dag.py for tasks to queue
[2025-03-06T01:03:33.914+0000] {logging_mixin.py:190} INFO - [2025-03-06T01:03:33.913+0000] {dagbag.py:588} INFO - Filling up the DagBag from /home/ubuntu/redfin_venv/lib/python3.12/site-packages/airflow/example_dags/example_skip_dag.py
[2025-03-06T01:03:33.923+0000] {processor.py:925} INFO - DAG(s) 'example_skip_dag' retrieved from /home/ubuntu/redfin_venv/lib/python3.12/site-packages/airflow/example_dags/example_skip_dag.py
[2025-03-06T01:03:33.941+0000] {logging_mixin.py:190} INFO - [2025-03-06T01:03:33.941+0000] {dag.py:3239} INFO - Sync 1 DAGs
[2025-03-06T01:03:33.962+0000] {logging_mixin.py:190} INFO - [2025-03-06T01:03:33.962+0000] {dag.py:4180} INFO - Setting next_dagrun for example_skip_dag to 2025-03-05 00:00:00+00:00, run_after=2025-03-06 00:00:00+00:00
[2025-03-06T01:03:33.984+0000] {processor.py:208} INFO - Processing /home/ubuntu/redfin_venv/lib/python3.12/site-packages/airflow/example_dags/example_skip_dag.py took 0.080 seconds
[2025-03-06T01:04:35.076+0000] {processor.py:186} INFO - Started process (PID=5491) to work on /home/ubuntu/redfin_venv/lib/python3.12/site-packages/airflow/example_dags/example_skip_dag.py
[2025-03-06T01:04:35.078+0000] {processor.py:914} INFO - Processing file /home/ubuntu/redfin_venv/lib/python3.12/site-packages/airflow/example_dags/example_skip_dag.py for tasks to queue
[2025-03-06T01:04:35.082+0000] {logging_mixin.py:190} INFO - [2025-03-06T01:04:35.082+0000] {dagbag.py:588} INFO - Filling up the DagBag from /home/ubuntu/redfin_venv/lib/python3.12/site-packages/airflow/example_dags/example_skip_dag.py
[2025-03-06T01:04:35.097+0000] {processor.py:925} INFO - DAG(s) 'example_skip_dag' retrieved from /home/ubuntu/redfin_venv/lib/python3.12/site-packages/airflow/example_dags/example_skip_dag.py
[2025-03-06T01:04:35.126+0000] {logging_mixin.py:190} INFO - [2025-03-06T01:04:35.125+0000] {dag.py:3239} INFO - Sync 1 DAGs
[2025-03-06T01:04:35.164+0000] {logging_mixin.py:190} INFO - [2025-03-06T01:04:35.164+0000] {dag.py:4180} INFO - Setting next_dagrun for example_skip_dag to 2025-03-05 00:00:00+00:00, run_after=2025-03-06 00:00:00+00:00
[2025-03-06T01:04:35.209+0000] {processor.py:208} INFO - Processing /home/ubuntu/redfin_venv/lib/python3.12/site-packages/airflow/example_dags/example_skip_dag.py took 0.141 seconds
[2025-03-06T01:05:39.871+0000] {processor.py:186} INFO - Started process (PID=5615) to work on /home/ubuntu/redfin_venv/lib/python3.12/site-packages/airflow/example_dags/example_skip_dag.py
[2025-03-06T01:05:39.874+0000] {processor.py:914} INFO - Processing file /home/ubuntu/redfin_venv/lib/python3.12/site-packages/airflow/example_dags/example_skip_dag.py for tasks to queue
[2025-03-06T01:05:39.877+0000] {logging_mixin.py:190} INFO - [2025-03-06T01:05:39.875+0000] {dagbag.py:588} INFO - Filling up the DagBag from /home/ubuntu/redfin_venv/lib/python3.12/site-packages/airflow/example_dags/example_skip_dag.py
[2025-03-06T01:05:39.888+0000] {processor.py:925} INFO - DAG(s) 'example_skip_dag' retrieved from /home/ubuntu/redfin_venv/lib/python3.12/site-packages/airflow/example_dags/example_skip_dag.py
[2025-03-06T01:05:39.908+0000] {logging_mixin.py:190} INFO - [2025-03-06T01:05:39.908+0000] {dag.py:3239} INFO - Sync 1 DAGs
[2025-03-06T01:05:39.935+0000] {logging_mixin.py:190} INFO - [2025-03-06T01:05:39.935+0000] {dag.py:4180} INFO - Setting next_dagrun for example_skip_dag to 2025-03-05 00:00:00+00:00, run_after=2025-03-06 00:00:00+00:00
[2025-03-06T01:05:39.966+0000] {processor.py:208} INFO - Processing /home/ubuntu/redfin_venv/lib/python3.12/site-packages/airflow/example_dags/example_skip_dag.py took 0.109 seconds
[2025-03-06T01:06:42.426+0000] {processor.py:186} INFO - Started process (PID=5917) to work on /home/ubuntu/redfin_venv/lib/python3.12/site-packages/airflow/example_dags/example_skip_dag.py
[2025-03-06T01:06:42.429+0000] {processor.py:914} INFO - Processing file /home/ubuntu/redfin_venv/lib/python3.12/site-packages/airflow/example_dags/example_skip_dag.py for tasks to queue
[2025-03-06T01:06:42.435+0000] {logging_mixin.py:190} INFO - [2025-03-06T01:06:42.434+0000] {dagbag.py:588} INFO - Filling up the DagBag from /home/ubuntu/redfin_venv/lib/python3.12/site-packages/airflow/example_dags/example_skip_dag.py
[2025-03-06T01:06:42.455+0000] {processor.py:925} INFO - DAG(s) 'example_skip_dag' retrieved from /home/ubuntu/redfin_venv/lib/python3.12/site-packages/airflow/example_dags/example_skip_dag.py
[2025-03-06T01:06:42.492+0000] {logging_mixin.py:190} INFO - [2025-03-06T01:06:42.492+0000] {dag.py:3239} INFO - Sync 1 DAGs
[2025-03-06T01:06:42.538+0000] {logging_mixin.py:190} INFO - [2025-03-06T01:06:42.538+0000] {dag.py:4180} INFO - Setting next_dagrun for example_skip_dag to 2025-03-05 00:00:00+00:00, run_after=2025-03-06 00:00:00+00:00
[2025-03-06T01:06:42.608+0000] {processor.py:208} INFO - Processing /home/ubuntu/redfin_venv/lib/python3.12/site-packages/airflow/example_dags/example_skip_dag.py took 0.192 seconds
[2025-03-06T01:07:43.825+0000] {processor.py:186} INFO - Started process (PID=6216) to work on /home/ubuntu/redfin_venv/lib/python3.12/site-packages/airflow/example_dags/example_skip_dag.py
[2025-03-06T01:07:43.826+0000] {processor.py:914} INFO - Processing file /home/ubuntu/redfin_venv/lib/python3.12/site-packages/airflow/example_dags/example_skip_dag.py for tasks to queue
[2025-03-06T01:07:43.834+0000] {logging_mixin.py:190} INFO - [2025-03-06T01:07:43.833+0000] {dagbag.py:588} INFO - Filling up the DagBag from /home/ubuntu/redfin_venv/lib/python3.12/site-packages/airflow/example_dags/example_skip_dag.py
[2025-03-06T01:07:43.851+0000] {processor.py:925} INFO - DAG(s) 'example_skip_dag' retrieved from /home/ubuntu/redfin_venv/lib/python3.12/site-packages/airflow/example_dags/example_skip_dag.py
[2025-03-06T01:07:43.880+0000] {logging_mixin.py:190} INFO - [2025-03-06T01:07:43.880+0000] {dag.py:3239} INFO - Sync 1 DAGs
[2025-03-06T01:07:43.905+0000] {logging_mixin.py:190} INFO - [2025-03-06T01:07:43.905+0000] {dag.py:4180} INFO - Setting next_dagrun for example_skip_dag to 2025-03-05 00:00:00+00:00, run_after=2025-03-06 00:00:00+00:00
[2025-03-06T01:07:43.939+0000] {processor.py:208} INFO - Processing /home/ubuntu/redfin_venv/lib/python3.12/site-packages/airflow/example_dags/example_skip_dag.py took 0.122 seconds
[2025-03-06T01:08:42.748+0000] {processor.py:186} INFO - Started process (PID=6574) to work on /home/ubuntu/redfin_venv/lib/python3.12/site-packages/airflow/example_dags/example_skip_dag.py
[2025-03-06T01:08:42.752+0000] {processor.py:914} INFO - Processing file /home/ubuntu/redfin_venv/lib/python3.12/site-packages/airflow/example_dags/example_skip_dag.py for tasks to queue
[2025-03-06T01:08:42.756+0000] {logging_mixin.py:190} INFO - [2025-03-06T01:08:42.756+0000] {dagbag.py:588} INFO - Filling up the DagBag from /home/ubuntu/redfin_venv/lib/python3.12/site-packages/airflow/example_dags/example_skip_dag.py
[2025-03-06T01:08:42.773+0000] {processor.py:925} INFO - DAG(s) 'example_skip_dag' retrieved from /home/ubuntu/redfin_venv/lib/python3.12/site-packages/airflow/example_dags/example_skip_dag.py
[2025-03-06T01:08:42.809+0000] {logging_mixin.py:190} INFO - [2025-03-06T01:08:42.809+0000] {dag.py:3239} INFO - Sync 1 DAGs
[2025-03-06T01:08:42.841+0000] {logging_mixin.py:190} INFO - [2025-03-06T01:08:42.841+0000] {dag.py:4180} INFO - Setting next_dagrun for example_skip_dag to 2025-03-05 00:00:00+00:00, run_after=2025-03-06 00:00:00+00:00
[2025-03-06T01:08:42.865+0000] {processor.py:208} INFO - Processing /home/ubuntu/redfin_venv/lib/python3.12/site-packages/airflow/example_dags/example_skip_dag.py took 0.130 seconds
[2025-03-06T01:09:47.413+0000] {processor.py:186} INFO - Started process (PID=6814) to work on /home/ubuntu/redfin_venv/lib/python3.12/site-packages/airflow/example_dags/example_skip_dag.py
[2025-03-06T01:09:47.415+0000] {processor.py:914} INFO - Processing file /home/ubuntu/redfin_venv/lib/python3.12/site-packages/airflow/example_dags/example_skip_dag.py for tasks to queue
[2025-03-06T01:09:47.418+0000] {logging_mixin.py:190} INFO - [2025-03-06T01:09:47.418+0000] {dagbag.py:588} INFO - Filling up the DagBag from /home/ubuntu/redfin_venv/lib/python3.12/site-packages/airflow/example_dags/example_skip_dag.py
[2025-03-06T01:09:47.435+0000] {processor.py:925} INFO - DAG(s) 'example_skip_dag' retrieved from /home/ubuntu/redfin_venv/lib/python3.12/site-packages/airflow/example_dags/example_skip_dag.py
[2025-03-06T01:09:47.466+0000] {logging_mixin.py:190} INFO - [2025-03-06T01:09:47.465+0000] {dag.py:3239} INFO - Sync 1 DAGs
[2025-03-06T01:09:47.501+0000] {logging_mixin.py:190} INFO - [2025-03-06T01:09:47.501+0000] {dag.py:4180} INFO - Setting next_dagrun for example_skip_dag to 2025-03-05 00:00:00+00:00, run_after=2025-03-06 00:00:00+00:00
[2025-03-06T01:09:47.546+0000] {processor.py:208} INFO - Processing /home/ubuntu/redfin_venv/lib/python3.12/site-packages/airflow/example_dags/example_skip_dag.py took 0.141 seconds
[2025-03-06T01:10:48.639+0000] {processor.py:186} INFO - Started process (PID=6937) to work on /home/ubuntu/redfin_venv/lib/python3.12/site-packages/airflow/example_dags/example_skip_dag.py
[2025-03-06T01:10:48.640+0000] {processor.py:914} INFO - Processing file /home/ubuntu/redfin_venv/lib/python3.12/site-packages/airflow/example_dags/example_skip_dag.py for tasks to queue
[2025-03-06T01:10:48.643+0000] {logging_mixin.py:190} INFO - [2025-03-06T01:10:48.643+0000] {dagbag.py:588} INFO - Filling up the DagBag from /home/ubuntu/redfin_venv/lib/python3.12/site-packages/airflow/example_dags/example_skip_dag.py
[2025-03-06T01:10:48.655+0000] {processor.py:925} INFO - DAG(s) 'example_skip_dag' retrieved from /home/ubuntu/redfin_venv/lib/python3.12/site-packages/airflow/example_dags/example_skip_dag.py
[2025-03-06T01:10:48.677+0000] {logging_mixin.py:190} INFO - [2025-03-06T01:10:48.676+0000] {dag.py:3239} INFO - Sync 1 DAGs
[2025-03-06T01:10:48.702+0000] {logging_mixin.py:190} INFO - [2025-03-06T01:10:48.702+0000] {dag.py:4180} INFO - Setting next_dagrun for example_skip_dag to 2025-03-05 00:00:00+00:00, run_after=2025-03-06 00:00:00+00:00
[2025-03-06T01:10:48.730+0000] {processor.py:208} INFO - Processing /home/ubuntu/redfin_venv/lib/python3.12/site-packages/airflow/example_dags/example_skip_dag.py took 0.108 seconds
[2025-03-06T01:11:51.315+0000] {processor.py:186} INFO - Started process (PID=7056) to work on /home/ubuntu/redfin_venv/lib/python3.12/site-packages/airflow/example_dags/example_skip_dag.py
[2025-03-06T01:11:51.317+0000] {processor.py:914} INFO - Processing file /home/ubuntu/redfin_venv/lib/python3.12/site-packages/airflow/example_dags/example_skip_dag.py for tasks to queue
[2025-03-06T01:11:51.319+0000] {logging_mixin.py:190} INFO - [2025-03-06T01:11:51.319+0000] {dagbag.py:588} INFO - Filling up the DagBag from /home/ubuntu/redfin_venv/lib/python3.12/site-packages/airflow/example_dags/example_skip_dag.py
[2025-03-06T01:11:51.330+0000] {processor.py:925} INFO - DAG(s) 'example_skip_dag' retrieved from /home/ubuntu/redfin_venv/lib/python3.12/site-packages/airflow/example_dags/example_skip_dag.py
[2025-03-06T01:11:51.351+0000] {logging_mixin.py:190} INFO - [2025-03-06T01:11:51.350+0000] {dag.py:3239} INFO - Sync 1 DAGs
[2025-03-06T01:11:51.384+0000] {logging_mixin.py:190} INFO - [2025-03-06T01:11:51.384+0000] {dag.py:4180} INFO - Setting next_dagrun for example_skip_dag to 2025-03-05 00:00:00+00:00, run_after=2025-03-06 00:00:00+00:00
[2025-03-06T01:11:51.426+0000] {processor.py:208} INFO - Processing /home/ubuntu/redfin_venv/lib/python3.12/site-packages/airflow/example_dags/example_skip_dag.py took 0.120 seconds
[2025-03-06T01:12:56.731+0000] {processor.py:186} INFO - Started process (PID=7178) to work on /home/ubuntu/redfin_venv/lib/python3.12/site-packages/airflow/example_dags/example_skip_dag.py
[2025-03-06T01:12:56.733+0000] {processor.py:914} INFO - Processing file /home/ubuntu/redfin_venv/lib/python3.12/site-packages/airflow/example_dags/example_skip_dag.py for tasks to queue
[2025-03-06T01:12:56.736+0000] {logging_mixin.py:190} INFO - [2025-03-06T01:12:56.735+0000] {dagbag.py:588} INFO - Filling up the DagBag from /home/ubuntu/redfin_venv/lib/python3.12/site-packages/airflow/example_dags/example_skip_dag.py
[2025-03-06T01:12:56.747+0000] {processor.py:925} INFO - DAG(s) 'example_skip_dag' retrieved from /home/ubuntu/redfin_venv/lib/python3.12/site-packages/airflow/example_dags/example_skip_dag.py
[2025-03-06T01:12:56.778+0000] {logging_mixin.py:190} INFO - [2025-03-06T01:12:56.778+0000] {dag.py:3239} INFO - Sync 1 DAGs
[2025-03-06T01:12:56.822+0000] {logging_mixin.py:190} INFO - [2025-03-06T01:12:56.822+0000] {dag.py:4180} INFO - Setting next_dagrun for example_skip_dag to 2025-03-05 00:00:00+00:00, run_after=2025-03-06 00:00:00+00:00
[2025-03-06T01:12:56.853+0000] {processor.py:208} INFO - Processing /home/ubuntu/redfin_venv/lib/python3.12/site-packages/airflow/example_dags/example_skip_dag.py took 0.130 seconds
[2025-03-06T01:13:57.092+0000] {processor.py:186} INFO - Started process (PID=7358) to work on /home/ubuntu/redfin_venv/lib/python3.12/site-packages/airflow/example_dags/example_skip_dag.py
[2025-03-06T01:13:57.094+0000] {processor.py:914} INFO - Processing file /home/ubuntu/redfin_venv/lib/python3.12/site-packages/airflow/example_dags/example_skip_dag.py for tasks to queue
[2025-03-06T01:13:57.096+0000] {logging_mixin.py:190} INFO - [2025-03-06T01:13:57.096+0000] {dagbag.py:588} INFO - Filling up the DagBag from /home/ubuntu/redfin_venv/lib/python3.12/site-packages/airflow/example_dags/example_skip_dag.py
[2025-03-06T01:13:57.107+0000] {processor.py:925} INFO - DAG(s) 'example_skip_dag' retrieved from /home/ubuntu/redfin_venv/lib/python3.12/site-packages/airflow/example_dags/example_skip_dag.py
[2025-03-06T01:13:57.158+0000] {logging_mixin.py:190} INFO - [2025-03-06T01:13:57.158+0000] {dag.py:3239} INFO - Sync 1 DAGs
[2025-03-06T01:13:57.188+0000] {logging_mixin.py:190} INFO - [2025-03-06T01:13:57.188+0000] {dag.py:4180} INFO - Setting next_dagrun for example_skip_dag to 2025-03-05 00:00:00+00:00, run_after=2025-03-06 00:00:00+00:00
[2025-03-06T01:13:57.215+0000] {processor.py:208} INFO - Processing /home/ubuntu/redfin_venv/lib/python3.12/site-packages/airflow/example_dags/example_skip_dag.py took 0.129 seconds
[2025-03-06T01:14:58.451+0000] {processor.py:186} INFO - Started process (PID=7477) to work on /home/ubuntu/redfin_venv/lib/python3.12/site-packages/airflow/example_dags/example_skip_dag.py
[2025-03-06T01:14:58.453+0000] {processor.py:914} INFO - Processing file /home/ubuntu/redfin_venv/lib/python3.12/site-packages/airflow/example_dags/example_skip_dag.py for tasks to queue
[2025-03-06T01:14:58.455+0000] {logging_mixin.py:190} INFO - [2025-03-06T01:14:58.455+0000] {dagbag.py:588} INFO - Filling up the DagBag from /home/ubuntu/redfin_venv/lib/python3.12/site-packages/airflow/example_dags/example_skip_dag.py
[2025-03-06T01:14:58.467+0000] {processor.py:925} INFO - DAG(s) 'example_skip_dag' retrieved from /home/ubuntu/redfin_venv/lib/python3.12/site-packages/airflow/example_dags/example_skip_dag.py
[2025-03-06T01:14:58.492+0000] {logging_mixin.py:190} INFO - [2025-03-06T01:14:58.492+0000] {dag.py:3239} INFO - Sync 1 DAGs
[2025-03-06T01:14:58.519+0000] {logging_mixin.py:190} INFO - [2025-03-06T01:14:58.519+0000] {dag.py:4180} INFO - Setting next_dagrun for example_skip_dag to 2025-03-05 00:00:00+00:00, run_after=2025-03-06 00:00:00+00:00
[2025-03-06T01:14:58.549+0000] {processor.py:208} INFO - Processing /home/ubuntu/redfin_venv/lib/python3.12/site-packages/airflow/example_dags/example_skip_dag.py took 0.106 seconds
[2025-03-06T01:16:02.613+0000] {processor.py:186} INFO - Started process (PID=7781) to work on /home/ubuntu/redfin_venv/lib/python3.12/site-packages/airflow/example_dags/example_skip_dag.py
[2025-03-06T01:16:02.615+0000] {processor.py:914} INFO - Processing file /home/ubuntu/redfin_venv/lib/python3.12/site-packages/airflow/example_dags/example_skip_dag.py for tasks to queue
[2025-03-06T01:16:02.617+0000] {logging_mixin.py:190} INFO - [2025-03-06T01:16:02.616+0000] {dagbag.py:588} INFO - Filling up the DagBag from /home/ubuntu/redfin_venv/lib/python3.12/site-packages/airflow/example_dags/example_skip_dag.py
[2025-03-06T01:16:02.627+0000] {processor.py:925} INFO - DAG(s) 'example_skip_dag' retrieved from /home/ubuntu/redfin_venv/lib/python3.12/site-packages/airflow/example_dags/example_skip_dag.py
[2025-03-06T01:16:02.647+0000] {logging_mixin.py:190} INFO - [2025-03-06T01:16:02.647+0000] {dag.py:3239} INFO - Sync 1 DAGs
[2025-03-06T01:16:02.673+0000] {logging_mixin.py:190} INFO - [2025-03-06T01:16:02.673+0000] {dag.py:4180} INFO - Setting next_dagrun for example_skip_dag to 2025-03-05 00:00:00+00:00, run_after=2025-03-06 00:00:00+00:00
[2025-03-06T01:16:02.700+0000] {processor.py:208} INFO - Processing /home/ubuntu/redfin_venv/lib/python3.12/site-packages/airflow/example_dags/example_skip_dag.py took 0.094 seconds
[2025-03-06T01:17:00.798+0000] {processor.py:186} INFO - Started process (PID=7899) to work on /home/ubuntu/redfin_venv/lib/python3.12/site-packages/airflow/example_dags/example_skip_dag.py
[2025-03-06T01:17:00.800+0000] {processor.py:914} INFO - Processing file /home/ubuntu/redfin_venv/lib/python3.12/site-packages/airflow/example_dags/example_skip_dag.py for tasks to queue
[2025-03-06T01:17:00.805+0000] {logging_mixin.py:190} INFO - [2025-03-06T01:17:00.804+0000] {dagbag.py:588} INFO - Filling up the DagBag from /home/ubuntu/redfin_venv/lib/python3.12/site-packages/airflow/example_dags/example_skip_dag.py
[2025-03-06T01:17:00.819+0000] {processor.py:925} INFO - DAG(s) 'example_skip_dag' retrieved from /home/ubuntu/redfin_venv/lib/python3.12/site-packages/airflow/example_dags/example_skip_dag.py
[2025-03-06T01:17:00.848+0000] {logging_mixin.py:190} INFO - [2025-03-06T01:17:00.847+0000] {dag.py:3239} INFO - Sync 1 DAGs
[2025-03-06T01:17:00.880+0000] {logging_mixin.py:190} INFO - [2025-03-06T01:17:00.880+0000] {dag.py:4180} INFO - Setting next_dagrun for example_skip_dag to 2025-03-05 00:00:00+00:00, run_after=2025-03-06 00:00:00+00:00
[2025-03-06T01:17:00.916+0000] {processor.py:208} INFO - Processing /home/ubuntu/redfin_venv/lib/python3.12/site-packages/airflow/example_dags/example_skip_dag.py took 0.127 seconds
[2025-03-06T01:18:03.535+0000] {processor.py:186} INFO - Started process (PID=8243) to work on /home/ubuntu/redfin_venv/lib/python3.12/site-packages/airflow/example_dags/example_skip_dag.py
[2025-03-06T01:18:03.539+0000] {processor.py:914} INFO - Processing file /home/ubuntu/redfin_venv/lib/python3.12/site-packages/airflow/example_dags/example_skip_dag.py for tasks to queue
[2025-03-06T01:18:03.541+0000] {logging_mixin.py:190} INFO - [2025-03-06T01:18:03.541+0000] {dagbag.py:588} INFO - Filling up the DagBag from /home/ubuntu/redfin_venv/lib/python3.12/site-packages/airflow/example_dags/example_skip_dag.py
[2025-03-06T01:18:03.556+0000] {processor.py:925} INFO - DAG(s) 'example_skip_dag' retrieved from /home/ubuntu/redfin_venv/lib/python3.12/site-packages/airflow/example_dags/example_skip_dag.py
[2025-03-06T01:18:03.576+0000] {logging_mixin.py:190} INFO - [2025-03-06T01:18:03.576+0000] {dag.py:3239} INFO - Sync 1 DAGs
[2025-03-06T01:18:03.602+0000] {logging_mixin.py:190} INFO - [2025-03-06T01:18:03.602+0000] {dag.py:4180} INFO - Setting next_dagrun for example_skip_dag to 2025-03-05 00:00:00+00:00, run_after=2025-03-06 00:00:00+00:00
[2025-03-06T01:18:03.637+0000] {processor.py:208} INFO - Processing /home/ubuntu/redfin_venv/lib/python3.12/site-packages/airflow/example_dags/example_skip_dag.py took 0.120 seconds
[2025-03-06T01:19:05.630+0000] {processor.py:186} INFO - Started process (PID=8482) to work on /home/ubuntu/redfin_venv/lib/python3.12/site-packages/airflow/example_dags/example_skip_dag.py
[2025-03-06T01:19:05.633+0000] {processor.py:914} INFO - Processing file /home/ubuntu/redfin_venv/lib/python3.12/site-packages/airflow/example_dags/example_skip_dag.py for tasks to queue
[2025-03-06T01:19:05.637+0000] {logging_mixin.py:190} INFO - [2025-03-06T01:19:05.636+0000] {dagbag.py:588} INFO - Filling up the DagBag from /home/ubuntu/redfin_venv/lib/python3.12/site-packages/airflow/example_dags/example_skip_dag.py
[2025-03-06T01:19:05.648+0000] {processor.py:925} INFO - DAG(s) 'example_skip_dag' retrieved from /home/ubuntu/redfin_venv/lib/python3.12/site-packages/airflow/example_dags/example_skip_dag.py
[2025-03-06T01:19:05.672+0000] {logging_mixin.py:190} INFO - [2025-03-06T01:19:05.672+0000] {dag.py:3239} INFO - Sync 1 DAGs
[2025-03-06T01:19:05.701+0000] {logging_mixin.py:190} INFO - [2025-03-06T01:19:05.701+0000] {dag.py:4180} INFO - Setting next_dagrun for example_skip_dag to 2025-03-05 00:00:00+00:00, run_after=2025-03-06 00:00:00+00:00
[2025-03-06T01:19:05.734+0000] {processor.py:208} INFO - Processing /home/ubuntu/redfin_venv/lib/python3.12/site-packages/airflow/example_dags/example_skip_dag.py took 0.113 seconds
