[2025-03-06T00:58:31.877+0000] {processor.py:186} INFO - Started process (PID=3506) to work on /home/ubuntu/redfin_venv/lib/python3.12/site-packages/airflow/example_dags/example_workday_timetable.py
[2025-03-06T00:58:31.878+0000] {processor.py:914} INFO - Processing file /home/ubuntu/redfin_venv/lib/python3.12/site-packages/airflow/example_dags/example_workday_timetable.py for tasks to queue
[2025-03-06T00:58:31.881+0000] {logging_mixin.py:190} INFO - [2025-03-06T00:58:31.880+0000] {dagbag.py:588} INFO - Filling up the DagBag from /home/ubuntu/redfin_venv/lib/python3.12/site-packages/airflow/example_dags/example_workday_timetable.py
[2025-03-06T00:58:31.889+0000] {processor.py:925} INFO - DAG(s) 'example_workday_timetable' retrieved from /home/ubuntu/redfin_venv/lib/python3.12/site-packages/airflow/example_dags/example_workday_timetable.py
[2025-03-06T00:58:31.913+0000] {logging_mixin.py:190} INFO - [2025-03-06T00:58:31.912+0000] {dag.py:3239} INFO - Sync 1 DAGs
[2025-03-06T00:58:32.010+0000] {logging_mixin.py:190} INFO - [2025-03-06T00:58:32.010+0000] {dag.py:4180} INFO - Setting next_dagrun for example_workday_timetable to 2021-01-04 00:00:00+00:00, run_after=2021-01-05 00:00:00+00:00
[2025-03-06T00:58:32.040+0000] {processor.py:208} INFO - Processing /home/ubuntu/redfin_venv/lib/python3.12/site-packages/airflow/example_dags/example_workday_timetable.py took 0.170 seconds
[2025-03-06T00:59:28.496+0000] {processor.py:186} INFO - Started process (PID=3988) to work on /home/ubuntu/redfin_venv/lib/python3.12/site-packages/airflow/example_dags/example_workday_timetable.py
[2025-03-06T00:59:28.503+0000] {processor.py:914} INFO - Processing file /home/ubuntu/redfin_venv/lib/python3.12/site-packages/airflow/example_dags/example_workday_timetable.py for tasks to queue
[2025-03-06T00:59:28.507+0000] {logging_mixin.py:190} INFO - [2025-03-06T00:59:28.507+0000] {dagbag.py:588} INFO - Filling up the DagBag from /home/ubuntu/redfin_venv/lib/python3.12/site-packages/airflow/example_dags/example_workday_timetable.py
[2025-03-06T00:59:28.531+0000] {processor.py:925} INFO - DAG(s) 'example_workday_timetable' retrieved from /home/ubuntu/redfin_venv/lib/python3.12/site-packages/airflow/example_dags/example_workday_timetable.py
[2025-03-06T00:59:28.569+0000] {logging_mixin.py:190} INFO - [2025-03-06T00:59:28.564+0000] {dag.py:3239} INFO - Sync 1 DAGs
[2025-03-06T00:59:28.686+0000] {logging_mixin.py:190} INFO - [2025-03-06T00:59:28.685+0000] {dag.py:4180} INFO - Setting next_dagrun for example_workday_timetable to 2021-01-04 00:00:00+00:00, run_after=2021-01-05 00:00:00+00:00
[2025-03-06T00:59:28.723+0000] {processor.py:208} INFO - Processing /home/ubuntu/redfin_venv/lib/python3.12/site-packages/airflow/example_dags/example_workday_timetable.py took 0.236 seconds
[2025-03-06T01:00:27.554+0000] {processor.py:186} INFO - Started process (PID=4407) to work on /home/ubuntu/redfin_venv/lib/python3.12/site-packages/airflow/example_dags/example_workday_timetable.py
[2025-03-06T01:00:27.557+0000] {processor.py:914} INFO - Processing file /home/ubuntu/redfin_venv/lib/python3.12/site-packages/airflow/example_dags/example_workday_timetable.py for tasks to queue
[2025-03-06T01:00:27.559+0000] {logging_mixin.py:190} INFO - [2025-03-06T01:00:27.559+0000] {dagbag.py:588} INFO - Filling up the DagBag from /home/ubuntu/redfin_venv/lib/python3.12/site-packages/airflow/example_dags/example_workday_timetable.py
[2025-03-06T01:00:27.569+0000] {processor.py:925} INFO - DAG(s) 'example_workday_timetable' retrieved from /home/ubuntu/redfin_venv/lib/python3.12/site-packages/airflow/example_dags/example_workday_timetable.py
[2025-03-06T01:00:27.597+0000] {logging_mixin.py:190} INFO - [2025-03-06T01:00:27.597+0000] {dag.py:3239} INFO - Sync 1 DAGs
[2025-03-06T01:00:27.683+0000] {logging_mixin.py:190} INFO - [2025-03-06T01:00:27.683+0000] {dag.py:4180} INFO - Setting next_dagrun for example_workday_timetable to 2021-01-04 00:00:00+00:00, run_after=2021-01-05 00:00:00+00:00
[2025-03-06T01:00:27.717+0000] {processor.py:208} INFO - Processing /home/ubuntu/redfin_venv/lib/python3.12/site-packages/airflow/example_dags/example_workday_timetable.py took 0.174 seconds
[2025-03-06T01:01:27.468+0000] {processor.py:186} INFO - Started process (PID=4886) to work on /home/ubuntu/redfin_venv/lib/python3.12/site-packages/airflow/example_dags/example_workday_timetable.py
[2025-03-06T01:01:27.470+0000] {processor.py:914} INFO - Processing file /home/ubuntu/redfin_venv/lib/python3.12/site-packages/airflow/example_dags/example_workday_timetable.py for tasks to queue
[2025-03-06T01:01:27.473+0000] {logging_mixin.py:190} INFO - [2025-03-06T01:01:27.472+0000] {dagbag.py:588} INFO - Filling up the DagBag from /home/ubuntu/redfin_venv/lib/python3.12/site-packages/airflow/example_dags/example_workday_timetable.py
[2025-03-06T01:01:27.486+0000] {processor.py:925} INFO - DAG(s) 'example_workday_timetable' retrieved from /home/ubuntu/redfin_venv/lib/python3.12/site-packages/airflow/example_dags/example_workday_timetable.py
[2025-03-06T01:01:27.528+0000] {logging_mixin.py:190} INFO - [2025-03-06T01:01:27.527+0000] {dag.py:3239} INFO - Sync 1 DAGs
[2025-03-06T01:01:27.667+0000] {logging_mixin.py:190} INFO - [2025-03-06T01:01:27.666+0000] {dag.py:4180} INFO - Setting next_dagrun for example_workday_timetable to 2021-01-04 00:00:00+00:00, run_after=2021-01-05 00:00:00+00:00
[2025-03-06T01:01:27.703+0000] {processor.py:208} INFO - Processing /home/ubuntu/redfin_venv/lib/python3.12/site-packages/airflow/example_dags/example_workday_timetable.py took 0.245 seconds
[2025-03-06T01:02:28.972+0000] {processor.py:186} INFO - Started process (PID=5188) to work on /home/ubuntu/redfin_venv/lib/python3.12/site-packages/airflow/example_dags/example_workday_timetable.py
[2025-03-06T01:02:28.978+0000] {processor.py:914} INFO - Processing file /home/ubuntu/redfin_venv/lib/python3.12/site-packages/airflow/example_dags/example_workday_timetable.py for tasks to queue
[2025-03-06T01:02:28.981+0000] {logging_mixin.py:190} INFO - [2025-03-06T01:02:28.980+0000] {dagbag.py:588} INFO - Filling up the DagBag from /home/ubuntu/redfin_venv/lib/python3.12/site-packages/airflow/example_dags/example_workday_timetable.py
[2025-03-06T01:02:28.989+0000] {processor.py:925} INFO - DAG(s) 'example_workday_timetable' retrieved from /home/ubuntu/redfin_venv/lib/python3.12/site-packages/airflow/example_dags/example_workday_timetable.py
[2025-03-06T01:02:29.017+0000] {logging_mixin.py:190} INFO - [2025-03-06T01:02:29.017+0000] {dag.py:3239} INFO - Sync 1 DAGs
[2025-03-06T01:02:29.079+0000] {logging_mixin.py:190} INFO - [2025-03-06T01:02:29.079+0000] {dag.py:4180} INFO - Setting next_dagrun for example_workday_timetable to 2021-01-04 00:00:00+00:00, run_after=2021-01-05 00:00:00+00:00
[2025-03-06T01:02:29.106+0000] {processor.py:208} INFO - Processing /home/ubuntu/redfin_venv/lib/python3.12/site-packages/airflow/example_dags/example_workday_timetable.py took 0.142 seconds
[2025-03-06T01:03:28.495+0000] {processor.py:186} INFO - Started process (PID=5368) to work on /home/ubuntu/redfin_venv/lib/python3.12/site-packages/airflow/example_dags/example_workday_timetable.py
[2025-03-06T01:03:28.501+0000] {processor.py:914} INFO - Processing file /home/ubuntu/redfin_venv/lib/python3.12/site-packages/airflow/example_dags/example_workday_timetable.py for tasks to queue
[2025-03-06T01:03:28.507+0000] {logging_mixin.py:190} INFO - [2025-03-06T01:03:28.506+0000] {dagbag.py:588} INFO - Filling up the DagBag from /home/ubuntu/redfin_venv/lib/python3.12/site-packages/airflow/example_dags/example_workday_timetable.py
[2025-03-06T01:03:28.525+0000] {processor.py:925} INFO - DAG(s) 'example_workday_timetable' retrieved from /home/ubuntu/redfin_venv/lib/python3.12/site-packages/airflow/example_dags/example_workday_timetable.py
[2025-03-06T01:03:28.552+0000] {logging_mixin.py:190} INFO - [2025-03-06T01:03:28.551+0000] {dag.py:3239} INFO - Sync 1 DAGs
[2025-03-06T01:03:28.666+0000] {logging_mixin.py:190} INFO - [2025-03-06T01:03:28.665+0000] {dag.py:4180} INFO - Setting next_dagrun for example_workday_timetable to 2021-01-04 00:00:00+00:00, run_after=2021-01-05 00:00:00+00:00
[2025-03-06T01:03:28.695+0000] {processor.py:208} INFO - Processing /home/ubuntu/redfin_venv/lib/python3.12/site-packages/airflow/example_dags/example_workday_timetable.py took 0.215 seconds
[2025-03-06T01:04:29.719+0000] {processor.py:186} INFO - Started process (PID=5486) to work on /home/ubuntu/redfin_venv/lib/python3.12/site-packages/airflow/example_dags/example_workday_timetable.py
[2025-03-06T01:04:29.724+0000] {processor.py:914} INFO - Processing file /home/ubuntu/redfin_venv/lib/python3.12/site-packages/airflow/example_dags/example_workday_timetable.py for tasks to queue
[2025-03-06T01:04:29.730+0000] {logging_mixin.py:190} INFO - [2025-03-06T01:04:29.729+0000] {dagbag.py:588} INFO - Filling up the DagBag from /home/ubuntu/redfin_venv/lib/python3.12/site-packages/airflow/example_dags/example_workday_timetable.py
[2025-03-06T01:04:29.741+0000] {processor.py:925} INFO - DAG(s) 'example_workday_timetable' retrieved from /home/ubuntu/redfin_venv/lib/python3.12/site-packages/airflow/example_dags/example_workday_timetable.py
[2025-03-06T01:04:29.760+0000] {logging_mixin.py:190} INFO - [2025-03-06T01:04:29.759+0000] {dag.py:3239} INFO - Sync 1 DAGs
[2025-03-06T01:04:29.839+0000] {logging_mixin.py:190} INFO - [2025-03-06T01:04:29.839+0000] {dag.py:4180} INFO - Setting next_dagrun for example_workday_timetable to 2021-01-04 00:00:00+00:00, run_after=2021-01-05 00:00:00+00:00
[2025-03-06T01:04:29.864+0000] {processor.py:208} INFO - Processing /home/ubuntu/redfin_venv/lib/python3.12/site-packages/airflow/example_dags/example_workday_timetable.py took 0.154 seconds
[2025-03-06T01:05:34.382+0000] {processor.py:186} INFO - Started process (PID=5610) to work on /home/ubuntu/redfin_venv/lib/python3.12/site-packages/airflow/example_dags/example_workday_timetable.py
[2025-03-06T01:05:34.384+0000] {processor.py:914} INFO - Processing file /home/ubuntu/redfin_venv/lib/python3.12/site-packages/airflow/example_dags/example_workday_timetable.py for tasks to queue
[2025-03-06T01:05:34.388+0000] {logging_mixin.py:190} INFO - [2025-03-06T01:05:34.387+0000] {dagbag.py:588} INFO - Filling up the DagBag from /home/ubuntu/redfin_venv/lib/python3.12/site-packages/airflow/example_dags/example_workday_timetable.py
[2025-03-06T01:05:34.399+0000] {processor.py:925} INFO - DAG(s) 'example_workday_timetable' retrieved from /home/ubuntu/redfin_venv/lib/python3.12/site-packages/airflow/example_dags/example_workday_timetable.py
[2025-03-06T01:05:34.424+0000] {logging_mixin.py:190} INFO - [2025-03-06T01:05:34.423+0000] {dag.py:3239} INFO - Sync 1 DAGs
[2025-03-06T01:05:34.518+0000] {logging_mixin.py:190} INFO - [2025-03-06T01:05:34.517+0000] {dag.py:4180} INFO - Setting next_dagrun for example_workday_timetable to 2021-01-04 00:00:00+00:00, run_after=2021-01-05 00:00:00+00:00
[2025-03-06T01:05:34.575+0000] {processor.py:208} INFO - Processing /home/ubuntu/redfin_venv/lib/python3.12/site-packages/airflow/example_dags/example_workday_timetable.py took 0.202 seconds
[2025-03-06T01:06:36.571+0000] {processor.py:186} INFO - Started process (PID=5912) to work on /home/ubuntu/redfin_venv/lib/python3.12/site-packages/airflow/example_dags/example_workday_timetable.py
[2025-03-06T01:06:36.574+0000] {processor.py:914} INFO - Processing file /home/ubuntu/redfin_venv/lib/python3.12/site-packages/airflow/example_dags/example_workday_timetable.py for tasks to queue
[2025-03-06T01:06:36.578+0000] {logging_mixin.py:190} INFO - [2025-03-06T01:06:36.577+0000] {dagbag.py:588} INFO - Filling up the DagBag from /home/ubuntu/redfin_venv/lib/python3.12/site-packages/airflow/example_dags/example_workday_timetable.py
[2025-03-06T01:06:36.586+0000] {processor.py:925} INFO - DAG(s) 'example_workday_timetable' retrieved from /home/ubuntu/redfin_venv/lib/python3.12/site-packages/airflow/example_dags/example_workday_timetable.py
[2025-03-06T01:06:36.609+0000] {logging_mixin.py:190} INFO - [2025-03-06T01:06:36.608+0000] {dag.py:3239} INFO - Sync 1 DAGs
[2025-03-06T01:06:36.698+0000] {logging_mixin.py:190} INFO - [2025-03-06T01:06:36.698+0000] {dag.py:4180} INFO - Setting next_dagrun for example_workday_timetable to 2021-01-04 00:00:00+00:00, run_after=2021-01-05 00:00:00+00:00
[2025-03-06T01:06:36.739+0000] {processor.py:208} INFO - Processing /home/ubuntu/redfin_venv/lib/python3.12/site-packages/airflow/example_dags/example_workday_timetable.py took 0.178 seconds
[2025-03-06T01:07:38.586+0000] {processor.py:186} INFO - Started process (PID=6211) to work on /home/ubuntu/redfin_venv/lib/python3.12/site-packages/airflow/example_dags/example_workday_timetable.py
[2025-03-06T01:07:38.587+0000] {processor.py:914} INFO - Processing file /home/ubuntu/redfin_venv/lib/python3.12/site-packages/airflow/example_dags/example_workday_timetable.py for tasks to queue
[2025-03-06T01:07:38.589+0000] {logging_mixin.py:190} INFO - [2025-03-06T01:07:38.589+0000] {dagbag.py:588} INFO - Filling up the DagBag from /home/ubuntu/redfin_venv/lib/python3.12/site-packages/airflow/example_dags/example_workday_timetable.py
[2025-03-06T01:07:38.596+0000] {processor.py:925} INFO - DAG(s) 'example_workday_timetable' retrieved from /home/ubuntu/redfin_venv/lib/python3.12/site-packages/airflow/example_dags/example_workday_timetable.py
[2025-03-06T01:07:38.614+0000] {logging_mixin.py:190} INFO - [2025-03-06T01:07:38.613+0000] {dag.py:3239} INFO - Sync 1 DAGs
[2025-03-06T01:07:38.672+0000] {logging_mixin.py:190} INFO - [2025-03-06T01:07:38.672+0000] {dag.py:4180} INFO - Setting next_dagrun for example_workday_timetable to 2021-01-04 00:00:00+00:00, run_after=2021-01-05 00:00:00+00:00
[2025-03-06T01:07:38.695+0000] {processor.py:208} INFO - Processing /home/ubuntu/redfin_venv/lib/python3.12/site-packages/airflow/example_dags/example_workday_timetable.py took 0.116 seconds
[2025-03-06T01:08:37.489+0000] {processor.py:186} INFO - Started process (PID=6509) to work on /home/ubuntu/redfin_venv/lib/python3.12/site-packages/airflow/example_dags/example_workday_timetable.py
[2025-03-06T01:08:37.491+0000] {processor.py:914} INFO - Processing file /home/ubuntu/redfin_venv/lib/python3.12/site-packages/airflow/example_dags/example_workday_timetable.py for tasks to queue
[2025-03-06T01:08:37.493+0000] {logging_mixin.py:190} INFO - [2025-03-06T01:08:37.492+0000] {dagbag.py:588} INFO - Filling up the DagBag from /home/ubuntu/redfin_venv/lib/python3.12/site-packages/airflow/example_dags/example_workday_timetable.py
[2025-03-06T01:08:37.502+0000] {processor.py:925} INFO - DAG(s) 'example_workday_timetable' retrieved from /home/ubuntu/redfin_venv/lib/python3.12/site-packages/airflow/example_dags/example_workday_timetable.py
[2025-03-06T01:08:37.520+0000] {logging_mixin.py:190} INFO - [2025-03-06T01:08:37.520+0000] {dag.py:3239} INFO - Sync 1 DAGs
[2025-03-06T01:08:37.579+0000] {logging_mixin.py:190} INFO - [2025-03-06T01:08:37.579+0000] {dag.py:4180} INFO - Setting next_dagrun for example_workday_timetable to 2021-01-04 00:00:00+00:00, run_after=2021-01-05 00:00:00+00:00
[2025-03-06T01:08:37.603+0000] {processor.py:208} INFO - Processing /home/ubuntu/redfin_venv/lib/python3.12/site-packages/airflow/example_dags/example_workday_timetable.py took 0.132 seconds
[2025-03-06T01:09:42.088+0000] {processor.py:186} INFO - Started process (PID=6809) to work on /home/ubuntu/redfin_venv/lib/python3.12/site-packages/airflow/example_dags/example_workday_timetable.py
[2025-03-06T01:09:42.091+0000] {processor.py:914} INFO - Processing file /home/ubuntu/redfin_venv/lib/python3.12/site-packages/airflow/example_dags/example_workday_timetable.py for tasks to queue
[2025-03-06T01:09:42.095+0000] {logging_mixin.py:190} INFO - [2025-03-06T01:09:42.094+0000] {dagbag.py:588} INFO - Filling up the DagBag from /home/ubuntu/redfin_venv/lib/python3.12/site-packages/airflow/example_dags/example_workday_timetable.py
[2025-03-06T01:09:42.109+0000] {processor.py:925} INFO - DAG(s) 'example_workday_timetable' retrieved from /home/ubuntu/redfin_venv/lib/python3.12/site-packages/airflow/example_dags/example_workday_timetable.py
[2025-03-06T01:09:42.147+0000] {logging_mixin.py:190} INFO - [2025-03-06T01:09:42.146+0000] {dag.py:3239} INFO - Sync 1 DAGs
[2025-03-06T01:09:42.235+0000] {logging_mixin.py:190} INFO - [2025-03-06T01:09:42.234+0000] {dag.py:4180} INFO - Setting next_dagrun for example_workday_timetable to 2021-01-04 00:00:00+00:00, run_after=2021-01-05 00:00:00+00:00
[2025-03-06T01:09:42.276+0000] {processor.py:208} INFO - Processing /home/ubuntu/redfin_venv/lib/python3.12/site-packages/airflow/example_dags/example_workday_timetable.py took 0.200 seconds
[2025-03-06T01:10:42.451+0000] {processor.py:186} INFO - Started process (PID=6932) to work on /home/ubuntu/redfin_venv/lib/python3.12/site-packages/airflow/example_dags/example_workday_timetable.py
[2025-03-06T01:10:42.453+0000] {processor.py:914} INFO - Processing file /home/ubuntu/redfin_venv/lib/python3.12/site-packages/airflow/example_dags/example_workday_timetable.py for tasks to queue
[2025-03-06T01:10:42.455+0000] {logging_mixin.py:190} INFO - [2025-03-06T01:10:42.455+0000] {dagbag.py:588} INFO - Filling up the DagBag from /home/ubuntu/redfin_venv/lib/python3.12/site-packages/airflow/example_dags/example_workday_timetable.py
[2025-03-06T01:10:42.468+0000] {processor.py:925} INFO - DAG(s) 'example_workday_timetable' retrieved from /home/ubuntu/redfin_venv/lib/python3.12/site-packages/airflow/example_dags/example_workday_timetable.py
[2025-03-06T01:10:42.500+0000] {logging_mixin.py:190} INFO - [2025-03-06T01:10:42.500+0000] {dag.py:3239} INFO - Sync 1 DAGs
[2025-03-06T01:10:42.628+0000] {logging_mixin.py:190} INFO - [2025-03-06T01:10:42.627+0000] {dag.py:4180} INFO - Setting next_dagrun for example_workday_timetable to 2021-01-04 00:00:00+00:00, run_after=2021-01-05 00:00:00+00:00
[2025-03-06T01:10:42.661+0000] {processor.py:208} INFO - Processing /home/ubuntu/redfin_venv/lib/python3.12/site-packages/airflow/example_dags/example_workday_timetable.py took 0.224 seconds
[2025-03-06T01:11:46.009+0000] {processor.py:186} INFO - Started process (PID=7051) to work on /home/ubuntu/redfin_venv/lib/python3.12/site-packages/airflow/example_dags/example_workday_timetable.py
[2025-03-06T01:11:46.012+0000] {processor.py:914} INFO - Processing file /home/ubuntu/redfin_venv/lib/python3.12/site-packages/airflow/example_dags/example_workday_timetable.py for tasks to queue
[2025-03-06T01:11:46.015+0000] {logging_mixin.py:190} INFO - [2025-03-06T01:11:46.015+0000] {dagbag.py:588} INFO - Filling up the DagBag from /home/ubuntu/redfin_venv/lib/python3.12/site-packages/airflow/example_dags/example_workday_timetable.py
[2025-03-06T01:11:46.036+0000] {processor.py:925} INFO - DAG(s) 'example_workday_timetable' retrieved from /home/ubuntu/redfin_venv/lib/python3.12/site-packages/airflow/example_dags/example_workday_timetable.py
[2025-03-06T01:11:46.056+0000] {logging_mixin.py:190} INFO - [2025-03-06T01:11:46.056+0000] {dag.py:3239} INFO - Sync 1 DAGs
[2025-03-06T01:11:46.125+0000] {logging_mixin.py:190} INFO - [2025-03-06T01:11:46.125+0000] {dag.py:4180} INFO - Setting next_dagrun for example_workday_timetable to 2021-01-04 00:00:00+00:00, run_after=2021-01-05 00:00:00+00:00
[2025-03-06T01:11:46.152+0000] {processor.py:208} INFO - Processing /home/ubuntu/redfin_venv/lib/python3.12/site-packages/airflow/example_dags/example_workday_timetable.py took 0.149 seconds
[2025-03-06T01:12:50.881+0000] {processor.py:186} INFO - Started process (PID=7173) to work on /home/ubuntu/redfin_venv/lib/python3.12/site-packages/airflow/example_dags/example_workday_timetable.py
[2025-03-06T01:12:50.883+0000] {processor.py:914} INFO - Processing file /home/ubuntu/redfin_venv/lib/python3.12/site-packages/airflow/example_dags/example_workday_timetable.py for tasks to queue
[2025-03-06T01:12:50.886+0000] {logging_mixin.py:190} INFO - [2025-03-06T01:12:50.886+0000] {dagbag.py:588} INFO - Filling up the DagBag from /home/ubuntu/redfin_venv/lib/python3.12/site-packages/airflow/example_dags/example_workday_timetable.py
[2025-03-06T01:12:50.895+0000] {processor.py:925} INFO - DAG(s) 'example_workday_timetable' retrieved from /home/ubuntu/redfin_venv/lib/python3.12/site-packages/airflow/example_dags/example_workday_timetable.py
[2025-03-06T01:12:50.924+0000] {logging_mixin.py:190} INFO - [2025-03-06T01:12:50.923+0000] {dag.py:3239} INFO - Sync 1 DAGs
[2025-03-06T01:12:51.005+0000] {logging_mixin.py:190} INFO - [2025-03-06T01:12:51.005+0000] {dag.py:4180} INFO - Setting next_dagrun for example_workday_timetable to 2021-01-04 00:00:00+00:00, run_after=2021-01-05 00:00:00+00:00
[2025-03-06T01:12:51.036+0000] {processor.py:208} INFO - Processing /home/ubuntu/redfin_venv/lib/python3.12/site-packages/airflow/example_dags/example_workday_timetable.py took 0.163 seconds
[2025-03-06T01:13:51.855+0000] {processor.py:186} INFO - Started process (PID=7353) to work on /home/ubuntu/redfin_venv/lib/python3.12/site-packages/airflow/example_dags/example_workday_timetable.py
[2025-03-06T01:13:51.857+0000] {processor.py:914} INFO - Processing file /home/ubuntu/redfin_venv/lib/python3.12/site-packages/airflow/example_dags/example_workday_timetable.py for tasks to queue
[2025-03-06T01:13:51.867+0000] {logging_mixin.py:190} INFO - [2025-03-06T01:13:51.865+0000] {dagbag.py:588} INFO - Filling up the DagBag from /home/ubuntu/redfin_venv/lib/python3.12/site-packages/airflow/example_dags/example_workday_timetable.py
[2025-03-06T01:13:51.888+0000] {processor.py:925} INFO - DAG(s) 'example_workday_timetable' retrieved from /home/ubuntu/redfin_venv/lib/python3.12/site-packages/airflow/example_dags/example_workday_timetable.py
[2025-03-06T01:13:51.915+0000] {logging_mixin.py:190} INFO - [2025-03-06T01:13:51.914+0000] {dag.py:3239} INFO - Sync 1 DAGs
[2025-03-06T01:13:52.052+0000] {logging_mixin.py:190} INFO - [2025-03-06T01:13:52.051+0000] {dag.py:4180} INFO - Setting next_dagrun for example_workday_timetable to 2021-01-04 00:00:00+00:00, run_after=2021-01-05 00:00:00+00:00
[2025-03-06T01:13:52.080+0000] {processor.py:208} INFO - Processing /home/ubuntu/redfin_venv/lib/python3.12/site-packages/airflow/example_dags/example_workday_timetable.py took 0.245 seconds
[2025-03-06T01:14:53.167+0000] {processor.py:186} INFO - Started process (PID=7472) to work on /home/ubuntu/redfin_venv/lib/python3.12/site-packages/airflow/example_dags/example_workday_timetable.py
[2025-03-06T01:14:53.170+0000] {processor.py:914} INFO - Processing file /home/ubuntu/redfin_venv/lib/python3.12/site-packages/airflow/example_dags/example_workday_timetable.py for tasks to queue
[2025-03-06T01:14:53.175+0000] {logging_mixin.py:190} INFO - [2025-03-06T01:14:53.174+0000] {dagbag.py:588} INFO - Filling up the DagBag from /home/ubuntu/redfin_venv/lib/python3.12/site-packages/airflow/example_dags/example_workday_timetable.py
[2025-03-06T01:14:53.186+0000] {processor.py:925} INFO - DAG(s) 'example_workday_timetable' retrieved from /home/ubuntu/redfin_venv/lib/python3.12/site-packages/airflow/example_dags/example_workday_timetable.py
[2025-03-06T01:14:53.210+0000] {logging_mixin.py:190} INFO - [2025-03-06T01:14:53.210+0000] {dag.py:3239} INFO - Sync 1 DAGs
[2025-03-06T01:14:53.288+0000] {logging_mixin.py:190} INFO - [2025-03-06T01:14:53.286+0000] {dag.py:4180} INFO - Setting next_dagrun for example_workday_timetable to 2021-01-04 00:00:00+00:00, run_after=2021-01-05 00:00:00+00:00
[2025-03-06T01:14:53.327+0000] {processor.py:208} INFO - Processing /home/ubuntu/redfin_venv/lib/python3.12/site-packages/airflow/example_dags/example_workday_timetable.py took 0.168 seconds
[2025-03-06T01:15:57.346+0000] {processor.py:186} INFO - Started process (PID=7776) to work on /home/ubuntu/redfin_venv/lib/python3.12/site-packages/airflow/example_dags/example_workday_timetable.py
[2025-03-06T01:15:57.348+0000] {processor.py:914} INFO - Processing file /home/ubuntu/redfin_venv/lib/python3.12/site-packages/airflow/example_dags/example_workday_timetable.py for tasks to queue
[2025-03-06T01:15:57.351+0000] {logging_mixin.py:190} INFO - [2025-03-06T01:15:57.350+0000] {dagbag.py:588} INFO - Filling up the DagBag from /home/ubuntu/redfin_venv/lib/python3.12/site-packages/airflow/example_dags/example_workday_timetable.py
[2025-03-06T01:15:57.357+0000] {processor.py:925} INFO - DAG(s) 'example_workday_timetable' retrieved from /home/ubuntu/redfin_venv/lib/python3.12/site-packages/airflow/example_dags/example_workday_timetable.py
[2025-03-06T01:15:57.375+0000] {logging_mixin.py:190} INFO - [2025-03-06T01:15:57.375+0000] {dag.py:3239} INFO - Sync 1 DAGs
[2025-03-06T01:15:57.434+0000] {logging_mixin.py:190} INFO - [2025-03-06T01:15:57.434+0000] {dag.py:4180} INFO - Setting next_dagrun for example_workday_timetable to 2021-01-04 00:00:00+00:00, run_after=2021-01-05 00:00:00+00:00
[2025-03-06T01:15:57.460+0000] {processor.py:208} INFO - Processing /home/ubuntu/redfin_venv/lib/python3.12/site-packages/airflow/example_dags/example_workday_timetable.py took 0.119 seconds
[2025-03-06T01:16:55.794+0000] {processor.py:186} INFO - Started process (PID=7894) to work on /home/ubuntu/redfin_venv/lib/python3.12/site-packages/airflow/example_dags/example_workday_timetable.py
[2025-03-06T01:16:55.796+0000] {processor.py:914} INFO - Processing file /home/ubuntu/redfin_venv/lib/python3.12/site-packages/airflow/example_dags/example_workday_timetable.py for tasks to queue
[2025-03-06T01:16:55.799+0000] {logging_mixin.py:190} INFO - [2025-03-06T01:16:55.799+0000] {dagbag.py:588} INFO - Filling up the DagBag from /home/ubuntu/redfin_venv/lib/python3.12/site-packages/airflow/example_dags/example_workday_timetable.py
[2025-03-06T01:16:55.807+0000] {processor.py:925} INFO - DAG(s) 'example_workday_timetable' retrieved from /home/ubuntu/redfin_venv/lib/python3.12/site-packages/airflow/example_dags/example_workday_timetable.py
[2025-03-06T01:16:55.828+0000] {logging_mixin.py:190} INFO - [2025-03-06T01:16:55.827+0000] {dag.py:3239} INFO - Sync 1 DAGs
[2025-03-06T01:16:55.891+0000] {logging_mixin.py:190} INFO - [2025-03-06T01:16:55.890+0000] {dag.py:4180} INFO - Setting next_dagrun for example_workday_timetable to 2021-01-04 00:00:00+00:00, run_after=2021-01-05 00:00:00+00:00
[2025-03-06T01:16:55.917+0000] {processor.py:208} INFO - Processing /home/ubuntu/redfin_venv/lib/python3.12/site-packages/airflow/example_dags/example_workday_timetable.py took 0.130 seconds
[2025-03-06T01:17:58.387+0000] {processor.py:186} INFO - Started process (PID=8238) to work on /home/ubuntu/redfin_venv/lib/python3.12/site-packages/airflow/example_dags/example_workday_timetable.py
[2025-03-06T01:17:58.388+0000] {processor.py:914} INFO - Processing file /home/ubuntu/redfin_venv/lib/python3.12/site-packages/airflow/example_dags/example_workday_timetable.py for tasks to queue
[2025-03-06T01:17:58.391+0000] {logging_mixin.py:190} INFO - [2025-03-06T01:17:58.391+0000] {dagbag.py:588} INFO - Filling up the DagBag from /home/ubuntu/redfin_venv/lib/python3.12/site-packages/airflow/example_dags/example_workday_timetable.py
[2025-03-06T01:17:58.399+0000] {processor.py:925} INFO - DAG(s) 'example_workday_timetable' retrieved from /home/ubuntu/redfin_venv/lib/python3.12/site-packages/airflow/example_dags/example_workday_timetable.py
[2025-03-06T01:17:58.419+0000] {logging_mixin.py:190} INFO - [2025-03-06T01:17:58.419+0000] {dag.py:3239} INFO - Sync 1 DAGs
[2025-03-06T01:17:58.485+0000] {logging_mixin.py:190} INFO - [2025-03-06T01:17:58.485+0000] {dag.py:4180} INFO - Setting next_dagrun for example_workday_timetable to 2021-01-04 00:00:00+00:00, run_after=2021-01-05 00:00:00+00:00
[2025-03-06T01:17:58.518+0000] {processor.py:208} INFO - Processing /home/ubuntu/redfin_venv/lib/python3.12/site-packages/airflow/example_dags/example_workday_timetable.py took 0.140 seconds
[2025-03-06T01:18:59.504+0000] {processor.py:186} INFO - Started process (PID=8477) to work on /home/ubuntu/redfin_venv/lib/python3.12/site-packages/airflow/example_dags/example_workday_timetable.py
[2025-03-06T01:18:59.506+0000] {processor.py:914} INFO - Processing file /home/ubuntu/redfin_venv/lib/python3.12/site-packages/airflow/example_dags/example_workday_timetable.py for tasks to queue
[2025-03-06T01:18:59.509+0000] {logging_mixin.py:190} INFO - [2025-03-06T01:18:59.508+0000] {dagbag.py:588} INFO - Filling up the DagBag from /home/ubuntu/redfin_venv/lib/python3.12/site-packages/airflow/example_dags/example_workday_timetable.py
[2025-03-06T01:18:59.518+0000] {processor.py:925} INFO - DAG(s) 'example_workday_timetable' retrieved from /home/ubuntu/redfin_venv/lib/python3.12/site-packages/airflow/example_dags/example_workday_timetable.py
[2025-03-06T01:18:59.540+0000] {logging_mixin.py:190} INFO - [2025-03-06T01:18:59.540+0000] {dag.py:3239} INFO - Sync 1 DAGs
[2025-03-06T01:18:59.605+0000] {logging_mixin.py:190} INFO - [2025-03-06T01:18:59.605+0000] {dag.py:4180} INFO - Setting next_dagrun for example_workday_timetable to 2021-01-04 00:00:00+00:00, run_after=2021-01-05 00:00:00+00:00
[2025-03-06T01:18:59.639+0000] {processor.py:208} INFO - Processing /home/ubuntu/redfin_venv/lib/python3.12/site-packages/airflow/example_dags/example_workday_timetable.py took 0.155 seconds
