[2025-03-06T00:58:28.209+0000] {processor.py:186} INFO - Started process (PID=3503) to work on /home/ubuntu/redfin_venv/lib/python3.12/site-packages/airflow/example_dags/example_task_group_decorator.py
[2025-03-06T00:58:28.210+0000] {processor.py:914} INFO - Processing file /home/ubuntu/redfin_venv/lib/python3.12/site-packages/airflow/example_dags/example_task_group_decorator.py for tasks to queue
[2025-03-06T00:58:28.212+0000] {logging_mixin.py:190} INFO - [2025-03-06T00:58:28.211+0000] {dagbag.py:588} INFO - Filling up the DagBag from /home/ubuntu/redfin_venv/lib/python3.12/site-packages/airflow/example_dags/example_task_group_decorator.py
[2025-03-06T00:58:28.232+0000] {processor.py:925} INFO - DAG(s) 'example_task_group_decorator' retrieved from /home/ubuntu/redfin_venv/lib/python3.12/site-packages/airflow/example_dags/example_task_group_decorator.py
[2025-03-06T00:58:28.261+0000] {logging_mixin.py:190} INFO - [2025-03-06T00:58:28.261+0000] {dag.py:3239} INFO - Sync 1 DAGs
[2025-03-06T00:58:28.277+0000] {logging_mixin.py:190} INFO - [2025-03-06T00:58:28.277+0000] {dag.py:4180} INFO - Setting next_dagrun for example_task_group_decorator to None, run_after=None
[2025-03-06T00:58:28.305+0000] {processor.py:208} INFO - Processing /home/ubuntu/redfin_venv/lib/python3.12/site-packages/airflow/example_dags/example_task_group_decorator.py took 0.104 seconds
[2025-03-06T00:59:25.615+0000] {processor.py:186} INFO - Started process (PID=3985) to work on /home/ubuntu/redfin_venv/lib/python3.12/site-packages/airflow/example_dags/example_task_group_decorator.py
[2025-03-06T00:59:25.617+0000] {processor.py:914} INFO - Processing file /home/ubuntu/redfin_venv/lib/python3.12/site-packages/airflow/example_dags/example_task_group_decorator.py for tasks to queue
[2025-03-06T00:59:25.621+0000] {logging_mixin.py:190} INFO - [2025-03-06T00:59:25.620+0000] {dagbag.py:588} INFO - Filling up the DagBag from /home/ubuntu/redfin_venv/lib/python3.12/site-packages/airflow/example_dags/example_task_group_decorator.py
[2025-03-06T00:59:25.643+0000] {processor.py:925} INFO - DAG(s) 'example_task_group_decorator' retrieved from /home/ubuntu/redfin_venv/lib/python3.12/site-packages/airflow/example_dags/example_task_group_decorator.py
[2025-03-06T00:59:25.671+0000] {logging_mixin.py:190} INFO - [2025-03-06T00:59:25.671+0000] {dag.py:3239} INFO - Sync 1 DAGs
[2025-03-06T00:59:25.691+0000] {logging_mixin.py:190} INFO - [2025-03-06T00:59:25.691+0000] {dag.py:4180} INFO - Setting next_dagrun for example_task_group_decorator to None, run_after=None
[2025-03-06T00:59:25.718+0000] {processor.py:208} INFO - Processing /home/ubuntu/redfin_venv/lib/python3.12/site-packages/airflow/example_dags/example_task_group_decorator.py took 0.111 seconds
[2025-03-06T01:00:24.144+0000] {processor.py:186} INFO - Started process (PID=4344) to work on /home/ubuntu/redfin_venv/lib/python3.12/site-packages/airflow/example_dags/example_task_group_decorator.py
[2025-03-06T01:00:24.145+0000] {processor.py:914} INFO - Processing file /home/ubuntu/redfin_venv/lib/python3.12/site-packages/airflow/example_dags/example_task_group_decorator.py for tasks to queue
[2025-03-06T01:00:24.149+0000] {logging_mixin.py:190} INFO - [2025-03-06T01:00:24.148+0000] {dagbag.py:588} INFO - Filling up the DagBag from /home/ubuntu/redfin_venv/lib/python3.12/site-packages/airflow/example_dags/example_task_group_decorator.py
[2025-03-06T01:00:24.178+0000] {processor.py:925} INFO - DAG(s) 'example_task_group_decorator' retrieved from /home/ubuntu/redfin_venv/lib/python3.12/site-packages/airflow/example_dags/example_task_group_decorator.py
[2025-03-06T01:00:24.214+0000] {logging_mixin.py:190} INFO - [2025-03-06T01:00:24.214+0000] {dag.py:3239} INFO - Sync 1 DAGs
[2025-03-06T01:00:24.246+0000] {logging_mixin.py:190} INFO - [2025-03-06T01:00:24.245+0000] {dag.py:4180} INFO - Setting next_dagrun for example_task_group_decorator to None, run_after=None
[2025-03-06T01:00:24.290+0000] {processor.py:208} INFO - Processing /home/ubuntu/redfin_venv/lib/python3.12/site-packages/airflow/example_dags/example_task_group_decorator.py took 0.160 seconds
[2025-03-06T01:01:25.117+0000] {processor.py:186} INFO - Started process (PID=4883) to work on /home/ubuntu/redfin_venv/lib/python3.12/site-packages/airflow/example_dags/example_task_group_decorator.py
[2025-03-06T01:01:25.120+0000] {processor.py:914} INFO - Processing file /home/ubuntu/redfin_venv/lib/python3.12/site-packages/airflow/example_dags/example_task_group_decorator.py for tasks to queue
[2025-03-06T01:01:25.126+0000] {logging_mixin.py:190} INFO - [2025-03-06T01:01:25.125+0000] {dagbag.py:588} INFO - Filling up the DagBag from /home/ubuntu/redfin_venv/lib/python3.12/site-packages/airflow/example_dags/example_task_group_decorator.py
[2025-03-06T01:01:25.168+0000] {processor.py:925} INFO - DAG(s) 'example_task_group_decorator' retrieved from /home/ubuntu/redfin_venv/lib/python3.12/site-packages/airflow/example_dags/example_task_group_decorator.py
[2025-03-06T01:01:25.196+0000] {logging_mixin.py:190} INFO - [2025-03-06T01:01:25.196+0000] {dag.py:3239} INFO - Sync 1 DAGs
[2025-03-06T01:01:25.210+0000] {logging_mixin.py:190} INFO - [2025-03-06T01:01:25.210+0000] {dag.py:4180} INFO - Setting next_dagrun for example_task_group_decorator to None, run_after=None
[2025-03-06T01:01:25.239+0000] {processor.py:208} INFO - Processing /home/ubuntu/redfin_venv/lib/python3.12/site-packages/airflow/example_dags/example_task_group_decorator.py took 0.131 seconds
[2025-03-06T01:02:26.214+0000] {processor.py:186} INFO - Started process (PID=5185) to work on /home/ubuntu/redfin_venv/lib/python3.12/site-packages/airflow/example_dags/example_task_group_decorator.py
[2025-03-06T01:02:26.215+0000] {processor.py:914} INFO - Processing file /home/ubuntu/redfin_venv/lib/python3.12/site-packages/airflow/example_dags/example_task_group_decorator.py for tasks to queue
[2025-03-06T01:02:26.220+0000] {logging_mixin.py:190} INFO - [2025-03-06T01:02:26.220+0000] {dagbag.py:588} INFO - Filling up the DagBag from /home/ubuntu/redfin_venv/lib/python3.12/site-packages/airflow/example_dags/example_task_group_decorator.py
[2025-03-06T01:02:26.244+0000] {processor.py:925} INFO - DAG(s) 'example_task_group_decorator' retrieved from /home/ubuntu/redfin_venv/lib/python3.12/site-packages/airflow/example_dags/example_task_group_decorator.py
[2025-03-06T01:02:26.280+0000] {logging_mixin.py:190} INFO - [2025-03-06T01:02:26.279+0000] {dag.py:3239} INFO - Sync 1 DAGs
[2025-03-06T01:02:26.295+0000] {logging_mixin.py:190} INFO - [2025-03-06T01:02:26.295+0000] {dag.py:4180} INFO - Setting next_dagrun for example_task_group_decorator to None, run_after=None
[2025-03-06T01:02:26.321+0000] {processor.py:208} INFO - Processing /home/ubuntu/redfin_venv/lib/python3.12/site-packages/airflow/example_dags/example_task_group_decorator.py took 0.122 seconds
[2025-03-06T01:03:25.409+0000] {processor.py:186} INFO - Started process (PID=5365) to work on /home/ubuntu/redfin_venv/lib/python3.12/site-packages/airflow/example_dags/example_task_group_decorator.py
[2025-03-06T01:03:25.411+0000] {processor.py:914} INFO - Processing file /home/ubuntu/redfin_venv/lib/python3.12/site-packages/airflow/example_dags/example_task_group_decorator.py for tasks to queue
[2025-03-06T01:03:25.413+0000] {logging_mixin.py:190} INFO - [2025-03-06T01:03:25.413+0000] {dagbag.py:588} INFO - Filling up the DagBag from /home/ubuntu/redfin_venv/lib/python3.12/site-packages/airflow/example_dags/example_task_group_decorator.py
[2025-03-06T01:03:25.432+0000] {processor.py:925} INFO - DAG(s) 'example_task_group_decorator' retrieved from /home/ubuntu/redfin_venv/lib/python3.12/site-packages/airflow/example_dags/example_task_group_decorator.py
[2025-03-06T01:03:25.458+0000] {logging_mixin.py:190} INFO - [2025-03-06T01:03:25.458+0000] {dag.py:3239} INFO - Sync 1 DAGs
[2025-03-06T01:03:25.473+0000] {logging_mixin.py:190} INFO - [2025-03-06T01:03:25.473+0000] {dag.py:4180} INFO - Setting next_dagrun for example_task_group_decorator to None, run_after=None
[2025-03-06T01:03:25.499+0000] {processor.py:208} INFO - Processing /home/ubuntu/redfin_venv/lib/python3.12/site-packages/airflow/example_dags/example_task_group_decorator.py took 0.097 seconds
[2025-03-06T01:04:27.069+0000] {processor.py:186} INFO - Started process (PID=5483) to work on /home/ubuntu/redfin_venv/lib/python3.12/site-packages/airflow/example_dags/example_task_group_decorator.py
[2025-03-06T01:04:27.071+0000] {processor.py:914} INFO - Processing file /home/ubuntu/redfin_venv/lib/python3.12/site-packages/airflow/example_dags/example_task_group_decorator.py for tasks to queue
[2025-03-06T01:04:27.074+0000] {logging_mixin.py:190} INFO - [2025-03-06T01:04:27.073+0000] {dagbag.py:588} INFO - Filling up the DagBag from /home/ubuntu/redfin_venv/lib/python3.12/site-packages/airflow/example_dags/example_task_group_decorator.py
[2025-03-06T01:04:27.092+0000] {processor.py:925} INFO - DAG(s) 'example_task_group_decorator' retrieved from /home/ubuntu/redfin_venv/lib/python3.12/site-packages/airflow/example_dags/example_task_group_decorator.py
[2025-03-06T01:04:27.117+0000] {logging_mixin.py:190} INFO - [2025-03-06T01:04:27.117+0000] {dag.py:3239} INFO - Sync 1 DAGs
[2025-03-06T01:04:27.131+0000] {logging_mixin.py:190} INFO - [2025-03-06T01:04:27.131+0000] {dag.py:4180} INFO - Setting next_dagrun for example_task_group_decorator to None, run_after=None
[2025-03-06T01:04:27.157+0000] {processor.py:208} INFO - Processing /home/ubuntu/redfin_venv/lib/python3.12/site-packages/airflow/example_dags/example_task_group_decorator.py took 0.094 seconds
[2025-03-06T01:05:31.265+0000] {processor.py:186} INFO - Started process (PID=5607) to work on /home/ubuntu/redfin_venv/lib/python3.12/site-packages/airflow/example_dags/example_task_group_decorator.py
[2025-03-06T01:05:31.266+0000] {processor.py:914} INFO - Processing file /home/ubuntu/redfin_venv/lib/python3.12/site-packages/airflow/example_dags/example_task_group_decorator.py for tasks to queue
[2025-03-06T01:05:31.271+0000] {logging_mixin.py:190} INFO - [2025-03-06T01:05:31.270+0000] {dagbag.py:588} INFO - Filling up the DagBag from /home/ubuntu/redfin_venv/lib/python3.12/site-packages/airflow/example_dags/example_task_group_decorator.py
[2025-03-06T01:05:31.298+0000] {processor.py:925} INFO - DAG(s) 'example_task_group_decorator' retrieved from /home/ubuntu/redfin_venv/lib/python3.12/site-packages/airflow/example_dags/example_task_group_decorator.py
[2025-03-06T01:05:31.326+0000] {logging_mixin.py:190} INFO - [2025-03-06T01:05:31.326+0000] {dag.py:3239} INFO - Sync 1 DAGs
[2025-03-06T01:05:31.348+0000] {logging_mixin.py:190} INFO - [2025-03-06T01:05:31.348+0000] {dag.py:4180} INFO - Setting next_dagrun for example_task_group_decorator to None, run_after=None
[2025-03-06T01:05:31.378+0000] {processor.py:208} INFO - Processing /home/ubuntu/redfin_venv/lib/python3.12/site-packages/airflow/example_dags/example_task_group_decorator.py took 0.122 seconds
[2025-03-06T01:06:32.921+0000] {processor.py:186} INFO - Started process (PID=5909) to work on /home/ubuntu/redfin_venv/lib/python3.12/site-packages/airflow/example_dags/example_task_group_decorator.py
[2025-03-06T01:06:32.923+0000] {processor.py:914} INFO - Processing file /home/ubuntu/redfin_venv/lib/python3.12/site-packages/airflow/example_dags/example_task_group_decorator.py for tasks to queue
[2025-03-06T01:06:32.926+0000] {logging_mixin.py:190} INFO - [2025-03-06T01:06:32.925+0000] {dagbag.py:588} INFO - Filling up the DagBag from /home/ubuntu/redfin_venv/lib/python3.12/site-packages/airflow/example_dags/example_task_group_decorator.py
[2025-03-06T01:06:32.942+0000] {processor.py:925} INFO - DAG(s) 'example_task_group_decorator' retrieved from /home/ubuntu/redfin_venv/lib/python3.12/site-packages/airflow/example_dags/example_task_group_decorator.py
[2025-03-06T01:06:32.966+0000] {logging_mixin.py:190} INFO - [2025-03-06T01:06:32.965+0000] {dag.py:3239} INFO - Sync 1 DAGs
[2025-03-06T01:06:32.980+0000] {logging_mixin.py:190} INFO - [2025-03-06T01:06:32.979+0000] {dag.py:4180} INFO - Setting next_dagrun for example_task_group_decorator to None, run_after=None
[2025-03-06T01:06:33.004+0000] {processor.py:208} INFO - Processing /home/ubuntu/redfin_venv/lib/python3.12/site-packages/airflow/example_dags/example_task_group_decorator.py took 0.089 seconds
[2025-03-06T01:07:34.930+0000] {processor.py:186} INFO - Started process (PID=6208) to work on /home/ubuntu/redfin_venv/lib/python3.12/site-packages/airflow/example_dags/example_task_group_decorator.py
[2025-03-06T01:07:34.935+0000] {processor.py:914} INFO - Processing file /home/ubuntu/redfin_venv/lib/python3.12/site-packages/airflow/example_dags/example_task_group_decorator.py for tasks to queue
[2025-03-06T01:07:34.938+0000] {logging_mixin.py:190} INFO - [2025-03-06T01:07:34.938+0000] {dagbag.py:588} INFO - Filling up the DagBag from /home/ubuntu/redfin_venv/lib/python3.12/site-packages/airflow/example_dags/example_task_group_decorator.py
[2025-03-06T01:07:34.974+0000] {processor.py:925} INFO - DAG(s) 'example_task_group_decorator' retrieved from /home/ubuntu/redfin_venv/lib/python3.12/site-packages/airflow/example_dags/example_task_group_decorator.py
[2025-03-06T01:07:35.013+0000] {logging_mixin.py:190} INFO - [2025-03-06T01:07:35.012+0000] {dag.py:3239} INFO - Sync 1 DAGs
[2025-03-06T01:07:35.042+0000] {logging_mixin.py:190} INFO - [2025-03-06T01:07:35.042+0000] {dag.py:4180} INFO - Setting next_dagrun for example_task_group_decorator to None, run_after=None
[2025-03-06T01:07:35.093+0000] {processor.py:208} INFO - Processing /home/ubuntu/redfin_venv/lib/python3.12/site-packages/airflow/example_dags/example_task_group_decorator.py took 0.184 seconds
[2025-03-06T01:08:35.717+0000] {processor.py:186} INFO - Started process (PID=6506) to work on /home/ubuntu/redfin_venv/lib/python3.12/site-packages/airflow/example_dags/example_task_group_decorator.py
[2025-03-06T01:08:35.718+0000] {processor.py:914} INFO - Processing file /home/ubuntu/redfin_venv/lib/python3.12/site-packages/airflow/example_dags/example_task_group_decorator.py for tasks to queue
[2025-03-06T01:08:35.721+0000] {logging_mixin.py:190} INFO - [2025-03-06T01:08:35.721+0000] {dagbag.py:588} INFO - Filling up the DagBag from /home/ubuntu/redfin_venv/lib/python3.12/site-packages/airflow/example_dags/example_task_group_decorator.py
[2025-03-06T01:08:35.738+0000] {processor.py:925} INFO - DAG(s) 'example_task_group_decorator' retrieved from /home/ubuntu/redfin_venv/lib/python3.12/site-packages/airflow/example_dags/example_task_group_decorator.py
[2025-03-06T01:08:35.762+0000] {logging_mixin.py:190} INFO - [2025-03-06T01:08:35.762+0000] {dag.py:3239} INFO - Sync 1 DAGs
[2025-03-06T01:08:35.776+0000] {logging_mixin.py:190} INFO - [2025-03-06T01:08:35.776+0000] {dag.py:4180} INFO - Setting next_dagrun for example_task_group_decorator to None, run_after=None
[2025-03-06T01:08:35.801+0000] {processor.py:208} INFO - Processing /home/ubuntu/redfin_venv/lib/python3.12/site-packages/airflow/example_dags/example_task_group_decorator.py took 0.091 seconds
[2025-03-06T01:09:38.404+0000] {processor.py:186} INFO - Started process (PID=6806) to work on /home/ubuntu/redfin_venv/lib/python3.12/site-packages/airflow/example_dags/example_task_group_decorator.py
[2025-03-06T01:09:38.406+0000] {processor.py:914} INFO - Processing file /home/ubuntu/redfin_venv/lib/python3.12/site-packages/airflow/example_dags/example_task_group_decorator.py for tasks to queue
[2025-03-06T01:09:38.409+0000] {logging_mixin.py:190} INFO - [2025-03-06T01:09:38.408+0000] {dagbag.py:588} INFO - Filling up the DagBag from /home/ubuntu/redfin_venv/lib/python3.12/site-packages/airflow/example_dags/example_task_group_decorator.py
[2025-03-06T01:09:38.428+0000] {processor.py:925} INFO - DAG(s) 'example_task_group_decorator' retrieved from /home/ubuntu/redfin_venv/lib/python3.12/site-packages/airflow/example_dags/example_task_group_decorator.py
[2025-03-06T01:09:38.452+0000] {logging_mixin.py:190} INFO - [2025-03-06T01:09:38.452+0000] {dag.py:3239} INFO - Sync 1 DAGs
[2025-03-06T01:09:38.465+0000] {logging_mixin.py:190} INFO - [2025-03-06T01:09:38.465+0000] {dag.py:4180} INFO - Setting next_dagrun for example_task_group_decorator to None, run_after=None
[2025-03-06T01:09:38.502+0000] {processor.py:208} INFO - Processing /home/ubuntu/redfin_venv/lib/python3.12/site-packages/airflow/example_dags/example_task_group_decorator.py took 0.104 seconds
[2025-03-06T01:10:39.613+0000] {processor.py:186} INFO - Started process (PID=6929) to work on /home/ubuntu/redfin_venv/lib/python3.12/site-packages/airflow/example_dags/example_task_group_decorator.py
[2025-03-06T01:10:39.615+0000] {processor.py:914} INFO - Processing file /home/ubuntu/redfin_venv/lib/python3.12/site-packages/airflow/example_dags/example_task_group_decorator.py for tasks to queue
[2025-03-06T01:10:39.618+0000] {logging_mixin.py:190} INFO - [2025-03-06T01:10:39.617+0000] {dagbag.py:588} INFO - Filling up the DagBag from /home/ubuntu/redfin_venv/lib/python3.12/site-packages/airflow/example_dags/example_task_group_decorator.py
[2025-03-06T01:10:39.637+0000] {processor.py:925} INFO - DAG(s) 'example_task_group_decorator' retrieved from /home/ubuntu/redfin_venv/lib/python3.12/site-packages/airflow/example_dags/example_task_group_decorator.py
[2025-03-06T01:10:39.660+0000] {logging_mixin.py:190} INFO - [2025-03-06T01:10:39.660+0000] {dag.py:3239} INFO - Sync 1 DAGs
[2025-03-06T01:10:39.673+0000] {logging_mixin.py:190} INFO - [2025-03-06T01:10:39.673+0000] {dag.py:4180} INFO - Setting next_dagrun for example_task_group_decorator to None, run_after=None
[2025-03-06T01:10:39.697+0000] {processor.py:208} INFO - Processing /home/ubuntu/redfin_venv/lib/python3.12/site-packages/airflow/example_dags/example_task_group_decorator.py took 0.090 seconds
[2025-03-06T01:11:42.185+0000] {processor.py:186} INFO - Started process (PID=7048) to work on /home/ubuntu/redfin_venv/lib/python3.12/site-packages/airflow/example_dags/example_task_group_decorator.py
[2025-03-06T01:11:42.187+0000] {processor.py:914} INFO - Processing file /home/ubuntu/redfin_venv/lib/python3.12/site-packages/airflow/example_dags/example_task_group_decorator.py for tasks to queue
[2025-03-06T01:11:42.190+0000] {logging_mixin.py:190} INFO - [2025-03-06T01:11:42.190+0000] {dagbag.py:588} INFO - Filling up the DagBag from /home/ubuntu/redfin_venv/lib/python3.12/site-packages/airflow/example_dags/example_task_group_decorator.py
[2025-03-06T01:11:42.215+0000] {processor.py:925} INFO - DAG(s) 'example_task_group_decorator' retrieved from /home/ubuntu/redfin_venv/lib/python3.12/site-packages/airflow/example_dags/example_task_group_decorator.py
[2025-03-06T01:11:42.244+0000] {logging_mixin.py:190} INFO - [2025-03-06T01:11:42.243+0000] {dag.py:3239} INFO - Sync 1 DAGs
[2025-03-06T01:11:42.261+0000] {logging_mixin.py:190} INFO - [2025-03-06T01:11:42.260+0000] {dag.py:4180} INFO - Setting next_dagrun for example_task_group_decorator to None, run_after=None
[2025-03-06T01:11:42.304+0000] {processor.py:208} INFO - Processing /home/ubuntu/redfin_venv/lib/python3.12/site-packages/airflow/example_dags/example_task_group_decorator.py took 0.133 seconds
[2025-03-06T01:12:48.019+0000] {processor.py:186} INFO - Started process (PID=7170) to work on /home/ubuntu/redfin_venv/lib/python3.12/site-packages/airflow/example_dags/example_task_group_decorator.py
[2025-03-06T01:12:48.022+0000] {processor.py:914} INFO - Processing file /home/ubuntu/redfin_venv/lib/python3.12/site-packages/airflow/example_dags/example_task_group_decorator.py for tasks to queue
[2025-03-06T01:12:48.025+0000] {logging_mixin.py:190} INFO - [2025-03-06T01:12:48.024+0000] {dagbag.py:588} INFO - Filling up the DagBag from /home/ubuntu/redfin_venv/lib/python3.12/site-packages/airflow/example_dags/example_task_group_decorator.py
[2025-03-06T01:12:48.044+0000] {processor.py:925} INFO - DAG(s) 'example_task_group_decorator' retrieved from /home/ubuntu/redfin_venv/lib/python3.12/site-packages/airflow/example_dags/example_task_group_decorator.py
[2025-03-06T01:12:48.069+0000] {logging_mixin.py:190} INFO - [2025-03-06T01:12:48.069+0000] {dag.py:3239} INFO - Sync 1 DAGs
[2025-03-06T01:12:48.084+0000] {logging_mixin.py:190} INFO - [2025-03-06T01:12:48.084+0000] {dag.py:4180} INFO - Setting next_dagrun for example_task_group_decorator to None, run_after=None
[2025-03-06T01:12:48.109+0000] {processor.py:208} INFO - Processing /home/ubuntu/redfin_venv/lib/python3.12/site-packages/airflow/example_dags/example_task_group_decorator.py took 0.099 seconds
[2025-03-06T01:13:49.060+0000] {processor.py:186} INFO - Started process (PID=7350) to work on /home/ubuntu/redfin_venv/lib/python3.12/site-packages/airflow/example_dags/example_task_group_decorator.py
[2025-03-06T01:13:49.062+0000] {processor.py:914} INFO - Processing file /home/ubuntu/redfin_venv/lib/python3.12/site-packages/airflow/example_dags/example_task_group_decorator.py for tasks to queue
[2025-03-06T01:13:49.065+0000] {logging_mixin.py:190} INFO - [2025-03-06T01:13:49.065+0000] {dagbag.py:588} INFO - Filling up the DagBag from /home/ubuntu/redfin_venv/lib/python3.12/site-packages/airflow/example_dags/example_task_group_decorator.py
[2025-03-06T01:13:49.085+0000] {processor.py:925} INFO - DAG(s) 'example_task_group_decorator' retrieved from /home/ubuntu/redfin_venv/lib/python3.12/site-packages/airflow/example_dags/example_task_group_decorator.py
[2025-03-06T01:13:49.109+0000] {logging_mixin.py:190} INFO - [2025-03-06T01:13:49.108+0000] {dag.py:3239} INFO - Sync 1 DAGs
[2025-03-06T01:13:49.123+0000] {logging_mixin.py:190} INFO - [2025-03-06T01:13:49.123+0000] {dag.py:4180} INFO - Setting next_dagrun for example_task_group_decorator to None, run_after=None
[2025-03-06T01:13:49.149+0000] {processor.py:208} INFO - Processing /home/ubuntu/redfin_venv/lib/python3.12/site-packages/airflow/example_dags/example_task_group_decorator.py took 0.098 seconds
[2025-03-06T01:14:50.388+0000] {processor.py:186} INFO - Started process (PID=7469) to work on /home/ubuntu/redfin_venv/lib/python3.12/site-packages/airflow/example_dags/example_task_group_decorator.py
[2025-03-06T01:14:50.390+0000] {processor.py:914} INFO - Processing file /home/ubuntu/redfin_venv/lib/python3.12/site-packages/airflow/example_dags/example_task_group_decorator.py for tasks to queue
[2025-03-06T01:14:50.392+0000] {logging_mixin.py:190} INFO - [2025-03-06T01:14:50.392+0000] {dagbag.py:588} INFO - Filling up the DagBag from /home/ubuntu/redfin_venv/lib/python3.12/site-packages/airflow/example_dags/example_task_group_decorator.py
[2025-03-06T01:14:50.410+0000] {processor.py:925} INFO - DAG(s) 'example_task_group_decorator' retrieved from /home/ubuntu/redfin_venv/lib/python3.12/site-packages/airflow/example_dags/example_task_group_decorator.py
[2025-03-06T01:14:50.433+0000] {logging_mixin.py:190} INFO - [2025-03-06T01:14:50.433+0000] {dag.py:3239} INFO - Sync 1 DAGs
[2025-03-06T01:14:50.446+0000] {logging_mixin.py:190} INFO - [2025-03-06T01:14:50.446+0000] {dag.py:4180} INFO - Setting next_dagrun for example_task_group_decorator to None, run_after=None
[2025-03-06T01:14:50.482+0000] {processor.py:208} INFO - Processing /home/ubuntu/redfin_venv/lib/python3.12/site-packages/airflow/example_dags/example_task_group_decorator.py took 0.101 seconds
[2025-03-06T01:15:54.606+0000] {processor.py:186} INFO - Started process (PID=7773) to work on /home/ubuntu/redfin_venv/lib/python3.12/site-packages/airflow/example_dags/example_task_group_decorator.py
[2025-03-06T01:15:54.607+0000] {processor.py:914} INFO - Processing file /home/ubuntu/redfin_venv/lib/python3.12/site-packages/airflow/example_dags/example_task_group_decorator.py for tasks to queue
[2025-03-06T01:15:54.620+0000] {logging_mixin.py:190} INFO - [2025-03-06T01:15:54.611+0000] {dagbag.py:588} INFO - Filling up the DagBag from /home/ubuntu/redfin_venv/lib/python3.12/site-packages/airflow/example_dags/example_task_group_decorator.py
[2025-03-06T01:15:54.660+0000] {processor.py:925} INFO - DAG(s) 'example_task_group_decorator' retrieved from /home/ubuntu/redfin_venv/lib/python3.12/site-packages/airflow/example_dags/example_task_group_decorator.py
[2025-03-06T01:15:54.694+0000] {logging_mixin.py:190} INFO - [2025-03-06T01:15:54.694+0000] {dag.py:3239} INFO - Sync 1 DAGs
[2025-03-06T01:15:54.735+0000] {logging_mixin.py:190} INFO - [2025-03-06T01:15:54.734+0000] {dag.py:4180} INFO - Setting next_dagrun for example_task_group_decorator to None, run_after=None
[2025-03-06T01:15:54.762+0000] {processor.py:208} INFO - Processing /home/ubuntu/redfin_venv/lib/python3.12/site-packages/airflow/example_dags/example_task_group_decorator.py took 0.166 seconds
[2025-03-06T01:16:53.339+0000] {processor.py:186} INFO - Started process (PID=7891) to work on /home/ubuntu/redfin_venv/lib/python3.12/site-packages/airflow/example_dags/example_task_group_decorator.py
[2025-03-06T01:16:53.341+0000] {processor.py:914} INFO - Processing file /home/ubuntu/redfin_venv/lib/python3.12/site-packages/airflow/example_dags/example_task_group_decorator.py for tasks to queue
[2025-03-06T01:16:53.345+0000] {logging_mixin.py:190} INFO - [2025-03-06T01:16:53.344+0000] {dagbag.py:588} INFO - Filling up the DagBag from /home/ubuntu/redfin_venv/lib/python3.12/site-packages/airflow/example_dags/example_task_group_decorator.py
[2025-03-06T01:16:53.363+0000] {processor.py:925} INFO - DAG(s) 'example_task_group_decorator' retrieved from /home/ubuntu/redfin_venv/lib/python3.12/site-packages/airflow/example_dags/example_task_group_decorator.py
[2025-03-06T01:16:53.385+0000] {logging_mixin.py:190} INFO - [2025-03-06T01:16:53.385+0000] {dag.py:3239} INFO - Sync 1 DAGs
[2025-03-06T01:16:53.398+0000] {logging_mixin.py:190} INFO - [2025-03-06T01:16:53.397+0000] {dag.py:4180} INFO - Setting next_dagrun for example_task_group_decorator to None, run_after=None
[2025-03-06T01:16:53.421+0000] {processor.py:208} INFO - Processing /home/ubuntu/redfin_venv/lib/python3.12/site-packages/airflow/example_dags/example_task_group_decorator.py took 0.090 seconds
[2025-03-06T01:17:55.373+0000] {processor.py:186} INFO - Started process (PID=8235) to work on /home/ubuntu/redfin_venv/lib/python3.12/site-packages/airflow/example_dags/example_task_group_decorator.py
[2025-03-06T01:17:55.374+0000] {processor.py:914} INFO - Processing file /home/ubuntu/redfin_venv/lib/python3.12/site-packages/airflow/example_dags/example_task_group_decorator.py for tasks to queue
[2025-03-06T01:17:55.377+0000] {logging_mixin.py:190} INFO - [2025-03-06T01:17:55.376+0000] {dagbag.py:588} INFO - Filling up the DagBag from /home/ubuntu/redfin_venv/lib/python3.12/site-packages/airflow/example_dags/example_task_group_decorator.py
[2025-03-06T01:17:55.397+0000] {processor.py:925} INFO - DAG(s) 'example_task_group_decorator' retrieved from /home/ubuntu/redfin_venv/lib/python3.12/site-packages/airflow/example_dags/example_task_group_decorator.py
[2025-03-06T01:17:55.422+0000] {logging_mixin.py:190} INFO - [2025-03-06T01:17:55.422+0000] {dag.py:3239} INFO - Sync 1 DAGs
[2025-03-06T01:17:55.435+0000] {logging_mixin.py:190} INFO - [2025-03-06T01:17:55.435+0000] {dag.py:4180} INFO - Setting next_dagrun for example_task_group_decorator to None, run_after=None
[2025-03-06T01:17:55.459+0000] {processor.py:208} INFO - Processing /home/ubuntu/redfin_venv/lib/python3.12/site-packages/airflow/example_dags/example_task_group_decorator.py took 0.093 seconds
[2025-03-06T01:18:57.602+0000] {processor.py:186} INFO - Started process (PID=8474) to work on /home/ubuntu/redfin_venv/lib/python3.12/site-packages/airflow/example_dags/example_task_group_decorator.py
[2025-03-06T01:18:57.608+0000] {processor.py:914} INFO - Processing file /home/ubuntu/redfin_venv/lib/python3.12/site-packages/airflow/example_dags/example_task_group_decorator.py for tasks to queue
[2025-03-06T01:18:57.618+0000] {logging_mixin.py:190} INFO - [2025-03-06T01:18:57.617+0000] {dagbag.py:588} INFO - Filling up the DagBag from /home/ubuntu/redfin_venv/lib/python3.12/site-packages/airflow/example_dags/example_task_group_decorator.py
[2025-03-06T01:18:57.654+0000] {processor.py:925} INFO - DAG(s) 'example_task_group_decorator' retrieved from /home/ubuntu/redfin_venv/lib/python3.12/site-packages/airflow/example_dags/example_task_group_decorator.py
[2025-03-06T01:18:57.699+0000] {logging_mixin.py:190} INFO - [2025-03-06T01:18:57.698+0000] {dag.py:3239} INFO - Sync 1 DAGs
[2025-03-06T01:18:57.717+0000] {logging_mixin.py:190} INFO - [2025-03-06T01:18:57.716+0000] {dag.py:4180} INFO - Setting next_dagrun for example_task_group_decorator to None, run_after=None
[2025-03-06T01:18:57.752+0000] {processor.py:208} INFO - Processing /home/ubuntu/redfin_venv/lib/python3.12/site-packages/airflow/example_dags/example_task_group_decorator.py took 0.170 seconds
