[2025-03-06T00:58:29.481+0000] {processor.py:186} INFO - Started process (PID=3504) to work on /home/ubuntu/redfin_venv/lib/python3.12/site-packages/airflow/example_dags/example_xcom.py
[2025-03-06T00:58:29.482+0000] {processor.py:914} INFO - Processing file /home/ubuntu/redfin_venv/lib/python3.12/site-packages/airflow/example_dags/example_xcom.py for tasks to queue
[2025-03-06T00:58:29.485+0000] {logging_mixin.py:190} INFO - [2025-03-06T00:58:29.485+0000] {dagbag.py:588} INFO - Filling up the DagBag from /home/ubuntu/redfin_venv/lib/python3.12/site-packages/airflow/example_dags/example_xcom.py
[2025-03-06T00:58:29.498+0000] {processor.py:925} INFO - DAG(s) 'example_xcom' retrieved from /home/ubuntu/redfin_venv/lib/python3.12/site-packages/airflow/example_dags/example_xcom.py
[2025-03-06T00:58:29.541+0000] {logging_mixin.py:190} INFO - [2025-03-06T00:58:29.540+0000] {dag.py:3239} INFO - Sync 1 DAGs
[2025-03-06T00:58:29.584+0000] {logging_mixin.py:190} INFO - [2025-03-06T00:58:29.583+0000] {dag.py:4180} INFO - Setting next_dagrun for example_xcom to 2021-01-01 00:00:00+00:00, run_after=2021-01-01 00:00:00+00:00
[2025-03-06T00:58:29.623+0000] {processor.py:208} INFO - Processing /home/ubuntu/redfin_venv/lib/python3.12/site-packages/airflow/example_dags/example_xcom.py took 0.149 seconds
[2025-03-06T00:59:26.884+0000] {processor.py:186} INFO - Started process (PID=3986) to work on /home/ubuntu/redfin_venv/lib/python3.12/site-packages/airflow/example_dags/example_xcom.py
[2025-03-06T00:59:26.885+0000] {processor.py:914} INFO - Processing file /home/ubuntu/redfin_venv/lib/python3.12/site-packages/airflow/example_dags/example_xcom.py for tasks to queue
[2025-03-06T00:59:26.888+0000] {logging_mixin.py:190} INFO - [2025-03-06T00:59:26.888+0000] {dagbag.py:588} INFO - Filling up the DagBag from /home/ubuntu/redfin_venv/lib/python3.12/site-packages/airflow/example_dags/example_xcom.py
[2025-03-06T00:59:26.899+0000] {processor.py:925} INFO - DAG(s) 'example_xcom' retrieved from /home/ubuntu/redfin_venv/lib/python3.12/site-packages/airflow/example_dags/example_xcom.py
[2025-03-06T00:59:26.921+0000] {logging_mixin.py:190} INFO - [2025-03-06T00:59:26.921+0000] {dag.py:3239} INFO - Sync 1 DAGs
[2025-03-06T00:59:26.945+0000] {logging_mixin.py:190} INFO - [2025-03-06T00:59:26.944+0000] {dag.py:4180} INFO - Setting next_dagrun for example_xcom to 2021-01-01 00:00:00+00:00, run_after=2021-01-01 00:00:00+00:00
[2025-03-06T00:59:26.970+0000] {processor.py:208} INFO - Processing /home/ubuntu/redfin_venv/lib/python3.12/site-packages/airflow/example_dags/example_xcom.py took 0.093 seconds
[2025-03-06T01:00:25.004+0000] {processor.py:186} INFO - Started process (PID=4370) to work on /home/ubuntu/redfin_venv/lib/python3.12/site-packages/airflow/example_dags/example_xcom.py
[2025-03-06T01:00:25.010+0000] {processor.py:914} INFO - Processing file /home/ubuntu/redfin_venv/lib/python3.12/site-packages/airflow/example_dags/example_xcom.py for tasks to queue
[2025-03-06T01:00:25.019+0000] {logging_mixin.py:190} INFO - [2025-03-06T01:00:25.018+0000] {dagbag.py:588} INFO - Filling up the DagBag from /home/ubuntu/redfin_venv/lib/python3.12/site-packages/airflow/example_dags/example_xcom.py
[2025-03-06T01:00:25.064+0000] {processor.py:925} INFO - DAG(s) 'example_xcom' retrieved from /home/ubuntu/redfin_venv/lib/python3.12/site-packages/airflow/example_dags/example_xcom.py
[2025-03-06T01:00:25.148+0000] {logging_mixin.py:190} INFO - [2025-03-06T01:00:25.148+0000] {dag.py:3239} INFO - Sync 1 DAGs
[2025-03-06T01:00:25.210+0000] {logging_mixin.py:190} INFO - [2025-03-06T01:00:25.205+0000] {dag.py:4180} INFO - Setting next_dagrun for example_xcom to 2021-01-01 00:00:00+00:00, run_after=2021-01-01 00:00:00+00:00
[2025-03-06T01:00:25.291+0000] {processor.py:208} INFO - Processing /home/ubuntu/redfin_venv/lib/python3.12/site-packages/airflow/example_dags/example_xcom.py took 0.326 seconds
[2025-03-06T01:01:25.482+0000] {processor.py:186} INFO - Started process (PID=4884) to work on /home/ubuntu/redfin_venv/lib/python3.12/site-packages/airflow/example_dags/example_xcom.py
[2025-03-06T01:01:25.484+0000] {processor.py:914} INFO - Processing file /home/ubuntu/redfin_venv/lib/python3.12/site-packages/airflow/example_dags/example_xcom.py for tasks to queue
[2025-03-06T01:01:25.487+0000] {logging_mixin.py:190} INFO - [2025-03-06T01:01:25.486+0000] {dagbag.py:588} INFO - Filling up the DagBag from /home/ubuntu/redfin_venv/lib/python3.12/site-packages/airflow/example_dags/example_xcom.py
[2025-03-06T01:01:25.500+0000] {processor.py:925} INFO - DAG(s) 'example_xcom' retrieved from /home/ubuntu/redfin_venv/lib/python3.12/site-packages/airflow/example_dags/example_xcom.py
[2025-03-06T01:01:25.521+0000] {logging_mixin.py:190} INFO - [2025-03-06T01:01:25.521+0000] {dag.py:3239} INFO - Sync 1 DAGs
[2025-03-06T01:01:25.553+0000] {logging_mixin.py:190} INFO - [2025-03-06T01:01:25.553+0000] {dag.py:4180} INFO - Setting next_dagrun for example_xcom to 2021-01-01 00:00:00+00:00, run_after=2021-01-01 00:00:00+00:00
[2025-03-06T01:01:25.595+0000] {processor.py:208} INFO - Processing /home/ubuntu/redfin_venv/lib/python3.12/site-packages/airflow/example_dags/example_xcom.py took 0.121 seconds
[2025-03-06T01:02:27.352+0000] {processor.py:186} INFO - Started process (PID=5186) to work on /home/ubuntu/redfin_venv/lib/python3.12/site-packages/airflow/example_dags/example_xcom.py
[2025-03-06T01:02:27.354+0000] {processor.py:914} INFO - Processing file /home/ubuntu/redfin_venv/lib/python3.12/site-packages/airflow/example_dags/example_xcom.py for tasks to queue
[2025-03-06T01:02:27.356+0000] {logging_mixin.py:190} INFO - [2025-03-06T01:02:27.356+0000] {dagbag.py:588} INFO - Filling up the DagBag from /home/ubuntu/redfin_venv/lib/python3.12/site-packages/airflow/example_dags/example_xcom.py
[2025-03-06T01:02:27.368+0000] {processor.py:925} INFO - DAG(s) 'example_xcom' retrieved from /home/ubuntu/redfin_venv/lib/python3.12/site-packages/airflow/example_dags/example_xcom.py
[2025-03-06T01:02:27.387+0000] {logging_mixin.py:190} INFO - [2025-03-06T01:02:27.386+0000] {dag.py:3239} INFO - Sync 1 DAGs
[2025-03-06T01:02:27.407+0000] {logging_mixin.py:190} INFO - [2025-03-06T01:02:27.407+0000] {dag.py:4180} INFO - Setting next_dagrun for example_xcom to 2021-01-01 00:00:00+00:00, run_after=2021-01-01 00:00:00+00:00
[2025-03-06T01:02:27.433+0000] {processor.py:208} INFO - Processing /home/ubuntu/redfin_venv/lib/python3.12/site-packages/airflow/example_dags/example_xcom.py took 0.087 seconds
[2025-03-06T01:03:26.579+0000] {processor.py:186} INFO - Started process (PID=5366) to work on /home/ubuntu/redfin_venv/lib/python3.12/site-packages/airflow/example_dags/example_xcom.py
[2025-03-06T01:03:26.581+0000] {processor.py:914} INFO - Processing file /home/ubuntu/redfin_venv/lib/python3.12/site-packages/airflow/example_dags/example_xcom.py for tasks to queue
[2025-03-06T01:03:26.583+0000] {logging_mixin.py:190} INFO - [2025-03-06T01:03:26.582+0000] {dagbag.py:588} INFO - Filling up the DagBag from /home/ubuntu/redfin_venv/lib/python3.12/site-packages/airflow/example_dags/example_xcom.py
[2025-03-06T01:03:26.594+0000] {processor.py:925} INFO - DAG(s) 'example_xcom' retrieved from /home/ubuntu/redfin_venv/lib/python3.12/site-packages/airflow/example_dags/example_xcom.py
[2025-03-06T01:03:26.612+0000] {logging_mixin.py:190} INFO - [2025-03-06T01:03:26.612+0000] {dag.py:3239} INFO - Sync 1 DAGs
[2025-03-06T01:03:26.632+0000] {logging_mixin.py:190} INFO - [2025-03-06T01:03:26.632+0000] {dag.py:4180} INFO - Setting next_dagrun for example_xcom to 2021-01-01 00:00:00+00:00, run_after=2021-01-01 00:00:00+00:00
[2025-03-06T01:03:26.656+0000] {processor.py:208} INFO - Processing /home/ubuntu/redfin_venv/lib/python3.12/site-packages/airflow/example_dags/example_xcom.py took 0.084 seconds
[2025-03-06T01:04:27.398+0000] {processor.py:186} INFO - Started process (PID=5484) to work on /home/ubuntu/redfin_venv/lib/python3.12/site-packages/airflow/example_dags/example_xcom.py
[2025-03-06T01:04:27.399+0000] {processor.py:914} INFO - Processing file /home/ubuntu/redfin_venv/lib/python3.12/site-packages/airflow/example_dags/example_xcom.py for tasks to queue
[2025-03-06T01:04:27.402+0000] {logging_mixin.py:190} INFO - [2025-03-06T01:04:27.401+0000] {dagbag.py:588} INFO - Filling up the DagBag from /home/ubuntu/redfin_venv/lib/python3.12/site-packages/airflow/example_dags/example_xcom.py
[2025-03-06T01:04:27.413+0000] {processor.py:925} INFO - DAG(s) 'example_xcom' retrieved from /home/ubuntu/redfin_venv/lib/python3.12/site-packages/airflow/example_dags/example_xcom.py
[2025-03-06T01:04:27.432+0000] {logging_mixin.py:190} INFO - [2025-03-06T01:04:27.432+0000] {dag.py:3239} INFO - Sync 1 DAGs
[2025-03-06T01:04:27.454+0000] {logging_mixin.py:190} INFO - [2025-03-06T01:04:27.453+0000] {dag.py:4180} INFO - Setting next_dagrun for example_xcom to 2021-01-01 00:00:00+00:00, run_after=2021-01-01 00:00:00+00:00
[2025-03-06T01:04:27.480+0000] {processor.py:208} INFO - Processing /home/ubuntu/redfin_venv/lib/python3.12/site-packages/airflow/example_dags/example_xcom.py took 0.089 seconds
[2025-03-06T01:05:32.518+0000] {processor.py:186} INFO - Started process (PID=5608) to work on /home/ubuntu/redfin_venv/lib/python3.12/site-packages/airflow/example_dags/example_xcom.py
[2025-03-06T01:05:32.520+0000] {processor.py:914} INFO - Processing file /home/ubuntu/redfin_venv/lib/python3.12/site-packages/airflow/example_dags/example_xcom.py for tasks to queue
[2025-03-06T01:05:32.525+0000] {logging_mixin.py:190} INFO - [2025-03-06T01:05:32.524+0000] {dagbag.py:588} INFO - Filling up the DagBag from /home/ubuntu/redfin_venv/lib/python3.12/site-packages/airflow/example_dags/example_xcom.py
[2025-03-06T01:05:32.542+0000] {processor.py:925} INFO - DAG(s) 'example_xcom' retrieved from /home/ubuntu/redfin_venv/lib/python3.12/site-packages/airflow/example_dags/example_xcom.py
[2025-03-06T01:05:32.573+0000] {logging_mixin.py:190} INFO - [2025-03-06T01:05:32.573+0000] {dag.py:3239} INFO - Sync 1 DAGs
[2025-03-06T01:05:32.603+0000] {logging_mixin.py:190} INFO - [2025-03-06T01:05:32.603+0000] {dag.py:4180} INFO - Setting next_dagrun for example_xcom to 2021-01-01 00:00:00+00:00, run_after=2021-01-01 00:00:00+00:00
[2025-03-06T01:05:32.633+0000] {processor.py:208} INFO - Processing /home/ubuntu/redfin_venv/lib/python3.12/site-packages/airflow/example_dags/example_xcom.py took 0.122 seconds
[2025-03-06T01:06:34.079+0000] {processor.py:186} INFO - Started process (PID=5910) to work on /home/ubuntu/redfin_venv/lib/python3.12/site-packages/airflow/example_dags/example_xcom.py
[2025-03-06T01:06:34.082+0000] {processor.py:914} INFO - Processing file /home/ubuntu/redfin_venv/lib/python3.12/site-packages/airflow/example_dags/example_xcom.py for tasks to queue
[2025-03-06T01:06:34.085+0000] {logging_mixin.py:190} INFO - [2025-03-06T01:06:34.085+0000] {dagbag.py:588} INFO - Filling up the DagBag from /home/ubuntu/redfin_venv/lib/python3.12/site-packages/airflow/example_dags/example_xcom.py
[2025-03-06T01:06:34.101+0000] {processor.py:925} INFO - DAG(s) 'example_xcom' retrieved from /home/ubuntu/redfin_venv/lib/python3.12/site-packages/airflow/example_dags/example_xcom.py
[2025-03-06T01:06:34.127+0000] {logging_mixin.py:190} INFO - [2025-03-06T01:06:34.126+0000] {dag.py:3239} INFO - Sync 1 DAGs
[2025-03-06T01:06:34.158+0000] {logging_mixin.py:190} INFO - [2025-03-06T01:06:34.158+0000] {dag.py:4180} INFO - Setting next_dagrun for example_xcom to 2021-01-01 00:00:00+00:00, run_after=2021-01-01 00:00:00+00:00
[2025-03-06T01:06:34.182+0000] {processor.py:208} INFO - Processing /home/ubuntu/redfin_venv/lib/python3.12/site-packages/airflow/example_dags/example_xcom.py took 0.116 seconds
[2025-03-06T01:07:36.186+0000] {processor.py:186} INFO - Started process (PID=6209) to work on /home/ubuntu/redfin_venv/lib/python3.12/site-packages/airflow/example_dags/example_xcom.py
[2025-03-06T01:07:36.188+0000] {processor.py:914} INFO - Processing file /home/ubuntu/redfin_venv/lib/python3.12/site-packages/airflow/example_dags/example_xcom.py for tasks to queue
[2025-03-06T01:07:36.192+0000] {logging_mixin.py:190} INFO - [2025-03-06T01:07:36.190+0000] {dagbag.py:588} INFO - Filling up the DagBag from /home/ubuntu/redfin_venv/lib/python3.12/site-packages/airflow/example_dags/example_xcom.py
[2025-03-06T01:07:36.209+0000] {processor.py:925} INFO - DAG(s) 'example_xcom' retrieved from /home/ubuntu/redfin_venv/lib/python3.12/site-packages/airflow/example_dags/example_xcom.py
[2025-03-06T01:07:36.255+0000] {logging_mixin.py:190} INFO - [2025-03-06T01:07:36.254+0000] {dag.py:3239} INFO - Sync 1 DAGs
[2025-03-06T01:07:36.289+0000] {logging_mixin.py:190} INFO - [2025-03-06T01:07:36.287+0000] {dag.py:4180} INFO - Setting next_dagrun for example_xcom to 2021-01-01 00:00:00+00:00, run_after=2021-01-01 00:00:00+00:00
[2025-03-06T01:07:36.322+0000] {processor.py:208} INFO - Processing /home/ubuntu/redfin_venv/lib/python3.12/site-packages/airflow/example_dags/example_xcom.py took 0.148 seconds
[2025-03-06T01:08:36.028+0000] {processor.py:186} INFO - Started process (PID=6507) to work on /home/ubuntu/redfin_venv/lib/python3.12/site-packages/airflow/example_dags/example_xcom.py
[2025-03-06T01:08:36.029+0000] {processor.py:914} INFO - Processing file /home/ubuntu/redfin_venv/lib/python3.12/site-packages/airflow/example_dags/example_xcom.py for tasks to queue
[2025-03-06T01:08:36.031+0000] {logging_mixin.py:190} INFO - [2025-03-06T01:08:36.031+0000] {dagbag.py:588} INFO - Filling up the DagBag from /home/ubuntu/redfin_venv/lib/python3.12/site-packages/airflow/example_dags/example_xcom.py
[2025-03-06T01:08:36.042+0000] {processor.py:925} INFO - DAG(s) 'example_xcom' retrieved from /home/ubuntu/redfin_venv/lib/python3.12/site-packages/airflow/example_dags/example_xcom.py
[2025-03-06T01:08:36.060+0000] {logging_mixin.py:190} INFO - [2025-03-06T01:08:36.059+0000] {dag.py:3239} INFO - Sync 1 DAGs
[2025-03-06T01:08:36.080+0000] {logging_mixin.py:190} INFO - [2025-03-06T01:08:36.080+0000] {dag.py:4180} INFO - Setting next_dagrun for example_xcom to 2021-01-01 00:00:00+00:00, run_after=2021-01-01 00:00:00+00:00
[2025-03-06T01:08:36.114+0000] {processor.py:208} INFO - Processing /home/ubuntu/redfin_venv/lib/python3.12/site-packages/airflow/example_dags/example_xcom.py took 0.092 seconds
[2025-03-06T01:09:39.662+0000] {processor.py:186} INFO - Started process (PID=6807) to work on /home/ubuntu/redfin_venv/lib/python3.12/site-packages/airflow/example_dags/example_xcom.py
[2025-03-06T01:09:39.664+0000] {processor.py:914} INFO - Processing file /home/ubuntu/redfin_venv/lib/python3.12/site-packages/airflow/example_dags/example_xcom.py for tasks to queue
[2025-03-06T01:09:39.668+0000] {logging_mixin.py:190} INFO - [2025-03-06T01:09:39.668+0000] {dagbag.py:588} INFO - Filling up the DagBag from /home/ubuntu/redfin_venv/lib/python3.12/site-packages/airflow/example_dags/example_xcom.py
[2025-03-06T01:09:39.688+0000] {processor.py:925} INFO - DAG(s) 'example_xcom' retrieved from /home/ubuntu/redfin_venv/lib/python3.12/site-packages/airflow/example_dags/example_xcom.py
[2025-03-06T01:09:39.718+0000] {logging_mixin.py:190} INFO - [2025-03-06T01:09:39.717+0000] {dag.py:3239} INFO - Sync 1 DAGs
[2025-03-06T01:09:39.747+0000] {logging_mixin.py:190} INFO - [2025-03-06T01:09:39.747+0000] {dag.py:4180} INFO - Setting next_dagrun for example_xcom to 2021-01-01 00:00:00+00:00, run_after=2021-01-01 00:00:00+00:00
[2025-03-06T01:09:39.781+0000] {processor.py:208} INFO - Processing /home/ubuntu/redfin_venv/lib/python3.12/site-packages/airflow/example_dags/example_xcom.py took 0.131 seconds
[2025-03-06T01:10:40.760+0000] {processor.py:186} INFO - Started process (PID=6930) to work on /home/ubuntu/redfin_venv/lib/python3.12/site-packages/airflow/example_dags/example_xcom.py
[2025-03-06T01:10:40.762+0000] {processor.py:914} INFO - Processing file /home/ubuntu/redfin_venv/lib/python3.12/site-packages/airflow/example_dags/example_xcom.py for tasks to queue
[2025-03-06T01:10:40.764+0000] {logging_mixin.py:190} INFO - [2025-03-06T01:10:40.764+0000] {dagbag.py:588} INFO - Filling up the DagBag from /home/ubuntu/redfin_venv/lib/python3.12/site-packages/airflow/example_dags/example_xcom.py
[2025-03-06T01:10:40.776+0000] {processor.py:925} INFO - DAG(s) 'example_xcom' retrieved from /home/ubuntu/redfin_venv/lib/python3.12/site-packages/airflow/example_dags/example_xcom.py
[2025-03-06T01:10:40.799+0000] {logging_mixin.py:190} INFO - [2025-03-06T01:10:40.799+0000] {dag.py:3239} INFO - Sync 1 DAGs
[2025-03-06T01:10:40.827+0000] {logging_mixin.py:190} INFO - [2025-03-06T01:10:40.826+0000] {dag.py:4180} INFO - Setting next_dagrun for example_xcom to 2021-01-01 00:00:00+00:00, run_after=2021-01-01 00:00:00+00:00
[2025-03-06T01:10:40.859+0000] {processor.py:208} INFO - Processing /home/ubuntu/redfin_venv/lib/python3.12/site-packages/airflow/example_dags/example_xcom.py took 0.107 seconds
[2025-03-06T01:11:43.462+0000] {processor.py:186} INFO - Started process (PID=7049) to work on /home/ubuntu/redfin_venv/lib/python3.12/site-packages/airflow/example_dags/example_xcom.py
[2025-03-06T01:11:43.464+0000] {processor.py:914} INFO - Processing file /home/ubuntu/redfin_venv/lib/python3.12/site-packages/airflow/example_dags/example_xcom.py for tasks to queue
[2025-03-06T01:11:43.467+0000] {logging_mixin.py:190} INFO - [2025-03-06T01:11:43.466+0000] {dagbag.py:588} INFO - Filling up the DagBag from /home/ubuntu/redfin_venv/lib/python3.12/site-packages/airflow/example_dags/example_xcom.py
[2025-03-06T01:11:43.484+0000] {processor.py:925} INFO - DAG(s) 'example_xcom' retrieved from /home/ubuntu/redfin_venv/lib/python3.12/site-packages/airflow/example_dags/example_xcom.py
[2025-03-06T01:11:43.510+0000] {logging_mixin.py:190} INFO - [2025-03-06T01:11:43.510+0000] {dag.py:3239} INFO - Sync 1 DAGs
[2025-03-06T01:11:43.541+0000] {logging_mixin.py:190} INFO - [2025-03-06T01:11:43.540+0000] {dag.py:4180} INFO - Setting next_dagrun for example_xcom to 2021-01-01 00:00:00+00:00, run_after=2021-01-01 00:00:00+00:00
[2025-03-06T01:11:43.574+0000] {processor.py:208} INFO - Processing /home/ubuntu/redfin_venv/lib/python3.12/site-packages/airflow/example_dags/example_xcom.py took 0.121 seconds
[2025-03-06T01:12:49.290+0000] {processor.py:186} INFO - Started process (PID=7171) to work on /home/ubuntu/redfin_venv/lib/python3.12/site-packages/airflow/example_dags/example_xcom.py
[2025-03-06T01:12:49.291+0000] {processor.py:914} INFO - Processing file /home/ubuntu/redfin_venv/lib/python3.12/site-packages/airflow/example_dags/example_xcom.py for tasks to queue
[2025-03-06T01:12:49.294+0000] {logging_mixin.py:190} INFO - [2025-03-06T01:12:49.293+0000] {dagbag.py:588} INFO - Filling up the DagBag from /home/ubuntu/redfin_venv/lib/python3.12/site-packages/airflow/example_dags/example_xcom.py
[2025-03-06T01:12:49.308+0000] {processor.py:925} INFO - DAG(s) 'example_xcom' retrieved from /home/ubuntu/redfin_venv/lib/python3.12/site-packages/airflow/example_dags/example_xcom.py
[2025-03-06T01:12:49.330+0000] {logging_mixin.py:190} INFO - [2025-03-06T01:12:49.330+0000] {dag.py:3239} INFO - Sync 1 DAGs
[2025-03-06T01:12:49.358+0000] {logging_mixin.py:190} INFO - [2025-03-06T01:12:49.358+0000] {dag.py:4180} INFO - Setting next_dagrun for example_xcom to 2021-01-01 00:00:00+00:00, run_after=2021-01-01 00:00:00+00:00
[2025-03-06T01:12:49.384+0000] {processor.py:208} INFO - Processing /home/ubuntu/redfin_venv/lib/python3.12/site-packages/airflow/example_dags/example_xcom.py took 0.103 seconds
[2025-03-06T01:13:50.306+0000] {processor.py:186} INFO - Started process (PID=7351) to work on /home/ubuntu/redfin_venv/lib/python3.12/site-packages/airflow/example_dags/example_xcom.py
[2025-03-06T01:13:50.308+0000] {processor.py:914} INFO - Processing file /home/ubuntu/redfin_venv/lib/python3.12/site-packages/airflow/example_dags/example_xcom.py for tasks to queue
[2025-03-06T01:13:50.310+0000] {logging_mixin.py:190} INFO - [2025-03-06T01:13:50.310+0000] {dagbag.py:588} INFO - Filling up the DagBag from /home/ubuntu/redfin_venv/lib/python3.12/site-packages/airflow/example_dags/example_xcom.py
[2025-03-06T01:13:50.324+0000] {processor.py:925} INFO - DAG(s) 'example_xcom' retrieved from /home/ubuntu/redfin_venv/lib/python3.12/site-packages/airflow/example_dags/example_xcom.py
[2025-03-06T01:13:50.347+0000] {logging_mixin.py:190} INFO - [2025-03-06T01:13:50.346+0000] {dag.py:3239} INFO - Sync 1 DAGs
[2025-03-06T01:13:50.372+0000] {logging_mixin.py:190} INFO - [2025-03-06T01:13:50.372+0000] {dag.py:4180} INFO - Setting next_dagrun for example_xcom to 2021-01-01 00:00:00+00:00, run_after=2021-01-01 00:00:00+00:00
[2025-03-06T01:13:50.401+0000] {processor.py:208} INFO - Processing /home/ubuntu/redfin_venv/lib/python3.12/site-packages/airflow/example_dags/example_xcom.py took 0.104 seconds
[2025-03-06T01:14:51.628+0000] {processor.py:186} INFO - Started process (PID=7470) to work on /home/ubuntu/redfin_venv/lib/python3.12/site-packages/airflow/example_dags/example_xcom.py
[2025-03-06T01:14:51.630+0000] {processor.py:914} INFO - Processing file /home/ubuntu/redfin_venv/lib/python3.12/site-packages/airflow/example_dags/example_xcom.py for tasks to queue
[2025-03-06T01:14:51.632+0000] {logging_mixin.py:190} INFO - [2025-03-06T01:14:51.632+0000] {dagbag.py:588} INFO - Filling up the DagBag from /home/ubuntu/redfin_venv/lib/python3.12/site-packages/airflow/example_dags/example_xcom.py
[2025-03-06T01:14:51.644+0000] {processor.py:925} INFO - DAG(s) 'example_xcom' retrieved from /home/ubuntu/redfin_venv/lib/python3.12/site-packages/airflow/example_dags/example_xcom.py
[2025-03-06T01:14:51.663+0000] {logging_mixin.py:190} INFO - [2025-03-06T01:14:51.662+0000] {dag.py:3239} INFO - Sync 1 DAGs
[2025-03-06T01:14:51.684+0000] {logging_mixin.py:190} INFO - [2025-03-06T01:14:51.683+0000] {dag.py:4180} INFO - Setting next_dagrun for example_xcom to 2021-01-01 00:00:00+00:00, run_after=2021-01-01 00:00:00+00:00
[2025-03-06T01:14:51.709+0000] {processor.py:208} INFO - Processing /home/ubuntu/redfin_venv/lib/python3.12/site-packages/airflow/example_dags/example_xcom.py took 0.087 seconds
[2025-03-06T01:15:55.862+0000] {processor.py:186} INFO - Started process (PID=7774) to work on /home/ubuntu/redfin_venv/lib/python3.12/site-packages/airflow/example_dags/example_xcom.py
[2025-03-06T01:15:55.870+0000] {processor.py:914} INFO - Processing file /home/ubuntu/redfin_venv/lib/python3.12/site-packages/airflow/example_dags/example_xcom.py for tasks to queue
[2025-03-06T01:15:55.873+0000] {logging_mixin.py:190} INFO - [2025-03-06T01:15:55.873+0000] {dagbag.py:588} INFO - Filling up the DagBag from /home/ubuntu/redfin_venv/lib/python3.12/site-packages/airflow/example_dags/example_xcom.py
[2025-03-06T01:15:55.886+0000] {processor.py:925} INFO - DAG(s) 'example_xcom' retrieved from /home/ubuntu/redfin_venv/lib/python3.12/site-packages/airflow/example_dags/example_xcom.py
[2025-03-06T01:15:55.915+0000] {logging_mixin.py:190} INFO - [2025-03-06T01:15:55.915+0000] {dag.py:3239} INFO - Sync 1 DAGs
[2025-03-06T01:15:55.939+0000] {logging_mixin.py:190} INFO - [2025-03-06T01:15:55.939+0000] {dag.py:4180} INFO - Setting next_dagrun for example_xcom to 2021-01-01 00:00:00+00:00, run_after=2021-01-01 00:00:00+00:00
[2025-03-06T01:15:55.965+0000] {processor.py:208} INFO - Processing /home/ubuntu/redfin_venv/lib/python3.12/site-packages/airflow/example_dags/example_xcom.py took 0.115 seconds
[2025-03-06T01:16:54.512+0000] {processor.py:186} INFO - Started process (PID=7892) to work on /home/ubuntu/redfin_venv/lib/python3.12/site-packages/airflow/example_dags/example_xcom.py
[2025-03-06T01:16:54.513+0000] {processor.py:914} INFO - Processing file /home/ubuntu/redfin_venv/lib/python3.12/site-packages/airflow/example_dags/example_xcom.py for tasks to queue
[2025-03-06T01:16:54.515+0000] {logging_mixin.py:190} INFO - [2025-03-06T01:16:54.515+0000] {dagbag.py:588} INFO - Filling up the DagBag from /home/ubuntu/redfin_venv/lib/python3.12/site-packages/airflow/example_dags/example_xcom.py
[2025-03-06T01:16:54.526+0000] {processor.py:925} INFO - DAG(s) 'example_xcom' retrieved from /home/ubuntu/redfin_venv/lib/python3.12/site-packages/airflow/example_dags/example_xcom.py
[2025-03-06T01:16:54.544+0000] {logging_mixin.py:190} INFO - [2025-03-06T01:16:54.544+0000] {dag.py:3239} INFO - Sync 1 DAGs
[2025-03-06T01:16:54.565+0000] {logging_mixin.py:190} INFO - [2025-03-06T01:16:54.565+0000] {dag.py:4180} INFO - Setting next_dagrun for example_xcom to 2021-01-01 00:00:00+00:00, run_after=2021-01-01 00:00:00+00:00
[2025-03-06T01:16:54.589+0000] {processor.py:208} INFO - Processing /home/ubuntu/redfin_venv/lib/python3.12/site-packages/airflow/example_dags/example_xcom.py took 0.093 seconds
[2025-03-06T01:17:55.853+0000] {processor.py:186} INFO - Started process (PID=8236) to work on /home/ubuntu/redfin_venv/lib/python3.12/site-packages/airflow/example_dags/example_xcom.py
[2025-03-06T01:17:55.855+0000] {processor.py:914} INFO - Processing file /home/ubuntu/redfin_venv/lib/python3.12/site-packages/airflow/example_dags/example_xcom.py for tasks to queue
[2025-03-06T01:17:55.859+0000] {logging_mixin.py:190} INFO - [2025-03-06T01:17:55.858+0000] {dagbag.py:588} INFO - Filling up the DagBag from /home/ubuntu/redfin_venv/lib/python3.12/site-packages/airflow/example_dags/example_xcom.py
[2025-03-06T01:17:55.876+0000] {processor.py:925} INFO - DAG(s) 'example_xcom' retrieved from /home/ubuntu/redfin_venv/lib/python3.12/site-packages/airflow/example_dags/example_xcom.py
[2025-03-06T01:17:55.898+0000] {logging_mixin.py:190} INFO - [2025-03-06T01:17:55.898+0000] {dag.py:3239} INFO - Sync 1 DAGs
[2025-03-06T01:17:55.919+0000] {logging_mixin.py:190} INFO - [2025-03-06T01:17:55.918+0000] {dag.py:4180} INFO - Setting next_dagrun for example_xcom to 2021-01-01 00:00:00+00:00, run_after=2021-01-01 00:00:00+00:00
[2025-03-06T01:17:55.942+0000] {processor.py:208} INFO - Processing /home/ubuntu/redfin_venv/lib/python3.12/site-packages/airflow/example_dags/example_xcom.py took 0.098 seconds
[2025-03-06T01:18:58.048+0000] {processor.py:186} INFO - Started process (PID=8475) to work on /home/ubuntu/redfin_venv/lib/python3.12/site-packages/airflow/example_dags/example_xcom.py
[2025-03-06T01:18:58.050+0000] {processor.py:914} INFO - Processing file /home/ubuntu/redfin_venv/lib/python3.12/site-packages/airflow/example_dags/example_xcom.py for tasks to queue
[2025-03-06T01:18:58.056+0000] {logging_mixin.py:190} INFO - [2025-03-06T01:18:58.056+0000] {dagbag.py:588} INFO - Filling up the DagBag from /home/ubuntu/redfin_venv/lib/python3.12/site-packages/airflow/example_dags/example_xcom.py
[2025-03-06T01:18:58.071+0000] {processor.py:925} INFO - DAG(s) 'example_xcom' retrieved from /home/ubuntu/redfin_venv/lib/python3.12/site-packages/airflow/example_dags/example_xcom.py
[2025-03-06T01:18:58.107+0000] {logging_mixin.py:190} INFO - [2025-03-06T01:18:58.107+0000] {dag.py:3239} INFO - Sync 1 DAGs
[2025-03-06T01:18:58.130+0000] {logging_mixin.py:190} INFO - [2025-03-06T01:18:58.129+0000] {dag.py:4180} INFO - Setting next_dagrun for example_xcom to 2021-01-01 00:00:00+00:00, run_after=2021-01-01 00:00:00+00:00
[2025-03-06T01:18:58.155+0000] {processor.py:208} INFO - Processing /home/ubuntu/redfin_venv/lib/python3.12/site-packages/airflow/example_dags/example_xcom.py took 0.116 seconds
