[2025-03-06T00:58:43.977+0000] {processor.py:186} INFO - Started process (PID=3579) to work on /home/ubuntu/redfin_venv/lib/python3.12/site-packages/airflow/example_dags/example_setup_teardown_taskflow.py
[2025-03-06T00:58:43.978+0000] {processor.py:914} INFO - Processing file /home/ubuntu/redfin_venv/lib/python3.12/site-packages/airflow/example_dags/example_setup_teardown_taskflow.py for tasks to queue
[2025-03-06T00:58:43.980+0000] {logging_mixin.py:190} INFO - [2025-03-06T00:58:43.979+0000] {dagbag.py:588} INFO - Filling up the DagBag from /home/ubuntu/redfin_venv/lib/python3.12/site-packages/airflow/example_dags/example_setup_teardown_taskflow.py
[2025-03-06T00:58:43.993+0000] {processor.py:925} INFO - DAG(s) 'example_setup_teardown_taskflow' retrieved from /home/ubuntu/redfin_venv/lib/python3.12/site-packages/airflow/example_dags/example_setup_teardown_taskflow.py
[2025-03-06T00:58:44.015+0000] {logging_mixin.py:190} INFO - [2025-03-06T00:58:44.015+0000] {dag.py:3239} INFO - Sync 1 DAGs
[2025-03-06T00:58:44.030+0000] {logging_mixin.py:190} INFO - [2025-03-06T00:58:44.030+0000] {dag.py:4180} INFO - Setting next_dagrun for example_setup_teardown_taskflow to None, run_after=None
[2025-03-06T00:58:44.056+0000] {processor.py:208} INFO - Processing /home/ubuntu/redfin_venv/lib/python3.12/site-packages/airflow/example_dags/example_setup_teardown_taskflow.py took 0.086 seconds
[2025-03-06T00:59:42.582+0000] {processor.py:186} INFO - Started process (PID=4002) to work on /home/ubuntu/redfin_venv/lib/python3.12/site-packages/airflow/example_dags/example_setup_teardown_taskflow.py
[2025-03-06T00:59:42.583+0000] {processor.py:914} INFO - Processing file /home/ubuntu/redfin_venv/lib/python3.12/site-packages/airflow/example_dags/example_setup_teardown_taskflow.py for tasks to queue
[2025-03-06T00:59:42.586+0000] {logging_mixin.py:190} INFO - [2025-03-06T00:59:42.585+0000] {dagbag.py:588} INFO - Filling up the DagBag from /home/ubuntu/redfin_venv/lib/python3.12/site-packages/airflow/example_dags/example_setup_teardown_taskflow.py
[2025-03-06T00:59:42.598+0000] {processor.py:925} INFO - DAG(s) 'example_setup_teardown_taskflow' retrieved from /home/ubuntu/redfin_venv/lib/python3.12/site-packages/airflow/example_dags/example_setup_teardown_taskflow.py
[2025-03-06T00:59:42.617+0000] {logging_mixin.py:190} INFO - [2025-03-06T00:59:42.617+0000] {dag.py:3239} INFO - Sync 1 DAGs
[2025-03-06T00:59:42.630+0000] {logging_mixin.py:190} INFO - [2025-03-06T00:59:42.630+0000] {dag.py:4180} INFO - Setting next_dagrun for example_setup_teardown_taskflow to None, run_after=None
[2025-03-06T00:59:42.653+0000] {processor.py:208} INFO - Processing /home/ubuntu/redfin_venv/lib/python3.12/site-packages/airflow/example_dags/example_setup_teardown_taskflow.py took 0.077 seconds
[2025-03-06T01:00:43.253+0000] {processor.py:186} INFO - Started process (PID=4602) to work on /home/ubuntu/redfin_venv/lib/python3.12/site-packages/airflow/example_dags/example_setup_teardown_taskflow.py
[2025-03-06T01:00:43.258+0000] {processor.py:914} INFO - Processing file /home/ubuntu/redfin_venv/lib/python3.12/site-packages/airflow/example_dags/example_setup_teardown_taskflow.py for tasks to queue
[2025-03-06T01:00:43.262+0000] {logging_mixin.py:190} INFO - [2025-03-06T01:00:43.262+0000] {dagbag.py:588} INFO - Filling up the DagBag from /home/ubuntu/redfin_venv/lib/python3.12/site-packages/airflow/example_dags/example_setup_teardown_taskflow.py
[2025-03-06T01:00:43.279+0000] {processor.py:925} INFO - DAG(s) 'example_setup_teardown_taskflow' retrieved from /home/ubuntu/redfin_venv/lib/python3.12/site-packages/airflow/example_dags/example_setup_teardown_taskflow.py
[2025-03-06T01:00:43.303+0000] {logging_mixin.py:190} INFO - [2025-03-06T01:00:43.303+0000] {dag.py:3239} INFO - Sync 1 DAGs
[2025-03-06T01:00:43.319+0000] {logging_mixin.py:190} INFO - [2025-03-06T01:00:43.319+0000] {dag.py:4180} INFO - Setting next_dagrun for example_setup_teardown_taskflow to None, run_after=None
[2025-03-06T01:00:43.346+0000] {processor.py:208} INFO - Processing /home/ubuntu/redfin_venv/lib/python3.12/site-packages/airflow/example_dags/example_setup_teardown_taskflow.py took 0.101 seconds
[2025-03-06T01:01:46.734+0000] {processor.py:186} INFO - Started process (PID=4907) to work on /home/ubuntu/redfin_venv/lib/python3.12/site-packages/airflow/example_dags/example_setup_teardown_taskflow.py
[2025-03-06T01:01:46.736+0000] {processor.py:914} INFO - Processing file /home/ubuntu/redfin_venv/lib/python3.12/site-packages/airflow/example_dags/example_setup_teardown_taskflow.py for tasks to queue
[2025-03-06T01:01:46.739+0000] {logging_mixin.py:190} INFO - [2025-03-06T01:01:46.739+0000] {dagbag.py:588} INFO - Filling up the DagBag from /home/ubuntu/redfin_venv/lib/python3.12/site-packages/airflow/example_dags/example_setup_teardown_taskflow.py
[2025-03-06T01:01:46.753+0000] {processor.py:925} INFO - DAG(s) 'example_setup_teardown_taskflow' retrieved from /home/ubuntu/redfin_venv/lib/python3.12/site-packages/airflow/example_dags/example_setup_teardown_taskflow.py
[2025-03-06T01:01:46.773+0000] {logging_mixin.py:190} INFO - [2025-03-06T01:01:46.773+0000] {dag.py:3239} INFO - Sync 1 DAGs
[2025-03-06T01:01:46.788+0000] {logging_mixin.py:190} INFO - [2025-03-06T01:01:46.788+0000] {dag.py:4180} INFO - Setting next_dagrun for example_setup_teardown_taskflow to None, run_after=None
[2025-03-06T01:01:46.814+0000] {processor.py:208} INFO - Processing /home/ubuntu/redfin_venv/lib/python3.12/site-packages/airflow/example_dags/example_setup_teardown_taskflow.py took 0.088 seconds
[2025-03-06T01:02:47.206+0000] {processor.py:186} INFO - Started process (PID=5206) to work on /home/ubuntu/redfin_venv/lib/python3.12/site-packages/airflow/example_dags/example_setup_teardown_taskflow.py
[2025-03-06T01:02:47.208+0000] {processor.py:914} INFO - Processing file /home/ubuntu/redfin_venv/lib/python3.12/site-packages/airflow/example_dags/example_setup_teardown_taskflow.py for tasks to queue
[2025-03-06T01:02:47.211+0000] {logging_mixin.py:190} INFO - [2025-03-06T01:02:47.210+0000] {dagbag.py:588} INFO - Filling up the DagBag from /home/ubuntu/redfin_venv/lib/python3.12/site-packages/airflow/example_dags/example_setup_teardown_taskflow.py
[2025-03-06T01:02:47.224+0000] {processor.py:925} INFO - DAG(s) 'example_setup_teardown_taskflow' retrieved from /home/ubuntu/redfin_venv/lib/python3.12/site-packages/airflow/example_dags/example_setup_teardown_taskflow.py
[2025-03-06T01:02:47.253+0000] {logging_mixin.py:190} INFO - [2025-03-06T01:02:47.252+0000] {dag.py:3239} INFO - Sync 1 DAGs
[2025-03-06T01:02:47.272+0000] {logging_mixin.py:190} INFO - [2025-03-06T01:02:47.272+0000] {dag.py:4180} INFO - Setting next_dagrun for example_setup_teardown_taskflow to None, run_after=None
[2025-03-06T01:02:47.302+0000] {processor.py:208} INFO - Processing /home/ubuntu/redfin_venv/lib/python3.12/site-packages/airflow/example_dags/example_setup_teardown_taskflow.py took 0.103 seconds
[2025-03-06T01:03:45.958+0000] {processor.py:186} INFO - Started process (PID=5385) to work on /home/ubuntu/redfin_venv/lib/python3.12/site-packages/airflow/example_dags/example_setup_teardown_taskflow.py
[2025-03-06T01:03:45.960+0000] {processor.py:914} INFO - Processing file /home/ubuntu/redfin_venv/lib/python3.12/site-packages/airflow/example_dags/example_setup_teardown_taskflow.py for tasks to queue
[2025-03-06T01:03:45.962+0000] {logging_mixin.py:190} INFO - [2025-03-06T01:03:45.961+0000] {dagbag.py:588} INFO - Filling up the DagBag from /home/ubuntu/redfin_venv/lib/python3.12/site-packages/airflow/example_dags/example_setup_teardown_taskflow.py
[2025-03-06T01:03:45.980+0000] {processor.py:925} INFO - DAG(s) 'example_setup_teardown_taskflow' retrieved from /home/ubuntu/redfin_venv/lib/python3.12/site-packages/airflow/example_dags/example_setup_teardown_taskflow.py
[2025-03-06T01:03:46.008+0000] {logging_mixin.py:190} INFO - [2025-03-06T01:03:46.008+0000] {dag.py:3239} INFO - Sync 1 DAGs
[2025-03-06T01:03:46.021+0000] {logging_mixin.py:190} INFO - [2025-03-06T01:03:46.021+0000] {dag.py:4180} INFO - Setting next_dagrun for example_setup_teardown_taskflow to None, run_after=None
[2025-03-06T01:03:46.067+0000] {processor.py:208} INFO - Processing /home/ubuntu/redfin_venv/lib/python3.12/site-packages/airflow/example_dags/example_setup_teardown_taskflow.py took 0.117 seconds
[2025-03-06T01:04:50.211+0000] {processor.py:186} INFO - Started process (PID=5506) to work on /home/ubuntu/redfin_venv/lib/python3.12/site-packages/airflow/example_dags/example_setup_teardown_taskflow.py
[2025-03-06T01:04:50.215+0000] {processor.py:914} INFO - Processing file /home/ubuntu/redfin_venv/lib/python3.12/site-packages/airflow/example_dags/example_setup_teardown_taskflow.py for tasks to queue
[2025-03-06T01:04:50.217+0000] {logging_mixin.py:190} INFO - [2025-03-06T01:04:50.217+0000] {dagbag.py:588} INFO - Filling up the DagBag from /home/ubuntu/redfin_venv/lib/python3.12/site-packages/airflow/example_dags/example_setup_teardown_taskflow.py
[2025-03-06T01:04:50.233+0000] {processor.py:925} INFO - DAG(s) 'example_setup_teardown_taskflow' retrieved from /home/ubuntu/redfin_venv/lib/python3.12/site-packages/airflow/example_dags/example_setup_teardown_taskflow.py
[2025-03-06T01:04:50.272+0000] {logging_mixin.py:190} INFO - [2025-03-06T01:04:50.272+0000] {dag.py:3239} INFO - Sync 1 DAGs
[2025-03-06T01:04:50.291+0000] {logging_mixin.py:190} INFO - [2025-03-06T01:04:50.291+0000] {dag.py:4180} INFO - Setting next_dagrun for example_setup_teardown_taskflow to None, run_after=None
[2025-03-06T01:04:50.322+0000] {processor.py:208} INFO - Processing /home/ubuntu/redfin_venv/lib/python3.12/site-packages/airflow/example_dags/example_setup_teardown_taskflow.py took 0.117 seconds
[2025-03-06T01:05:55.329+0000] {processor.py:186} INFO - Started process (PID=5630) to work on /home/ubuntu/redfin_venv/lib/python3.12/site-packages/airflow/example_dags/example_setup_teardown_taskflow.py
[2025-03-06T01:05:55.330+0000] {processor.py:914} INFO - Processing file /home/ubuntu/redfin_venv/lib/python3.12/site-packages/airflow/example_dags/example_setup_teardown_taskflow.py for tasks to queue
[2025-03-06T01:05:55.332+0000] {logging_mixin.py:190} INFO - [2025-03-06T01:05:55.332+0000] {dagbag.py:588} INFO - Filling up the DagBag from /home/ubuntu/redfin_venv/lib/python3.12/site-packages/airflow/example_dags/example_setup_teardown_taskflow.py
[2025-03-06T01:05:55.344+0000] {processor.py:925} INFO - DAG(s) 'example_setup_teardown_taskflow' retrieved from /home/ubuntu/redfin_venv/lib/python3.12/site-packages/airflow/example_dags/example_setup_teardown_taskflow.py
[2025-03-06T01:05:55.363+0000] {logging_mixin.py:190} INFO - [2025-03-06T01:05:55.363+0000] {dag.py:3239} INFO - Sync 1 DAGs
[2025-03-06T01:05:55.376+0000] {logging_mixin.py:190} INFO - [2025-03-06T01:05:55.376+0000] {dag.py:4180} INFO - Setting next_dagrun for example_setup_teardown_taskflow to None, run_after=None
[2025-03-06T01:05:55.403+0000] {processor.py:208} INFO - Processing /home/ubuntu/redfin_venv/lib/python3.12/site-packages/airflow/example_dags/example_setup_teardown_taskflow.py took 0.081 seconds
[2025-03-06T01:06:59.726+0000] {processor.py:186} INFO - Started process (PID=6018) to work on /home/ubuntu/redfin_venv/lib/python3.12/site-packages/airflow/example_dags/example_setup_teardown_taskflow.py
[2025-03-06T01:06:59.727+0000] {processor.py:914} INFO - Processing file /home/ubuntu/redfin_venv/lib/python3.12/site-packages/airflow/example_dags/example_setup_teardown_taskflow.py for tasks to queue
[2025-03-06T01:06:59.730+0000] {logging_mixin.py:190} INFO - [2025-03-06T01:06:59.729+0000] {dagbag.py:588} INFO - Filling up the DagBag from /home/ubuntu/redfin_venv/lib/python3.12/site-packages/airflow/example_dags/example_setup_teardown_taskflow.py
[2025-03-06T01:06:59.743+0000] {processor.py:925} INFO - DAG(s) 'example_setup_teardown_taskflow' retrieved from /home/ubuntu/redfin_venv/lib/python3.12/site-packages/airflow/example_dags/example_setup_teardown_taskflow.py
[2025-03-06T01:06:59.763+0000] {logging_mixin.py:190} INFO - [2025-03-06T01:06:59.763+0000] {dag.py:3239} INFO - Sync 1 DAGs
[2025-03-06T01:06:59.777+0000] {logging_mixin.py:190} INFO - [2025-03-06T01:06:59.776+0000] {dag.py:4180} INFO - Setting next_dagrun for example_setup_teardown_taskflow to None, run_after=None
[2025-03-06T01:06:59.809+0000] {processor.py:208} INFO - Processing /home/ubuntu/redfin_venv/lib/python3.12/site-packages/airflow/example_dags/example_setup_teardown_taskflow.py took 0.089 seconds
[2025-03-06T01:08:01.039+0000] {processor.py:186} INFO - Started process (PID=6352) to work on /home/ubuntu/redfin_venv/lib/python3.12/site-packages/airflow/example_dags/example_setup_teardown_taskflow.py
[2025-03-06T01:08:01.041+0000] {processor.py:914} INFO - Processing file /home/ubuntu/redfin_venv/lib/python3.12/site-packages/airflow/example_dags/example_setup_teardown_taskflow.py for tasks to queue
[2025-03-06T01:08:01.043+0000] {logging_mixin.py:190} INFO - [2025-03-06T01:08:01.042+0000] {dagbag.py:588} INFO - Filling up the DagBag from /home/ubuntu/redfin_venv/lib/python3.12/site-packages/airflow/example_dags/example_setup_teardown_taskflow.py
[2025-03-06T01:08:01.083+0000] {processor.py:925} INFO - DAG(s) 'example_setup_teardown_taskflow' retrieved from /home/ubuntu/redfin_venv/lib/python3.12/site-packages/airflow/example_dags/example_setup_teardown_taskflow.py
[2025-03-06T01:08:01.106+0000] {logging_mixin.py:190} INFO - [2025-03-06T01:08:01.106+0000] {dag.py:3239} INFO - Sync 1 DAGs
[2025-03-06T01:08:01.122+0000] {logging_mixin.py:190} INFO - [2025-03-06T01:08:01.122+0000] {dag.py:4180} INFO - Setting next_dagrun for example_setup_teardown_taskflow to None, run_after=None
[2025-03-06T01:08:01.151+0000] {processor.py:208} INFO - Processing /home/ubuntu/redfin_venv/lib/python3.12/site-packages/airflow/example_dags/example_setup_teardown_taskflow.py took 0.121 seconds
[2025-03-06T01:09:02.011+0000] {processor.py:186} INFO - Started process (PID=6711) to work on /home/ubuntu/redfin_venv/lib/python3.12/site-packages/airflow/example_dags/example_setup_teardown_taskflow.py
[2025-03-06T01:09:02.012+0000] {processor.py:914} INFO - Processing file /home/ubuntu/redfin_venv/lib/python3.12/site-packages/airflow/example_dags/example_setup_teardown_taskflow.py for tasks to queue
[2025-03-06T01:09:02.015+0000] {logging_mixin.py:190} INFO - [2025-03-06T01:09:02.014+0000] {dagbag.py:588} INFO - Filling up the DagBag from /home/ubuntu/redfin_venv/lib/python3.12/site-packages/airflow/example_dags/example_setup_teardown_taskflow.py
[2025-03-06T01:09:02.028+0000] {processor.py:925} INFO - DAG(s) 'example_setup_teardown_taskflow' retrieved from /home/ubuntu/redfin_venv/lib/python3.12/site-packages/airflow/example_dags/example_setup_teardown_taskflow.py
[2025-03-06T01:09:02.048+0000] {logging_mixin.py:190} INFO - [2025-03-06T01:09:02.048+0000] {dag.py:3239} INFO - Sync 1 DAGs
[2025-03-06T01:09:02.061+0000] {logging_mixin.py:190} INFO - [2025-03-06T01:09:02.060+0000] {dag.py:4180} INFO - Setting next_dagrun for example_setup_teardown_taskflow to None, run_after=None
[2025-03-06T01:09:02.086+0000] {processor.py:208} INFO - Processing /home/ubuntu/redfin_venv/lib/python3.12/site-packages/airflow/example_dags/example_setup_teardown_taskflow.py took 0.082 seconds
[2025-03-06T01:10:05.455+0000] {processor.py:186} INFO - Started process (PID=6835) to work on /home/ubuntu/redfin_venv/lib/python3.12/site-packages/airflow/example_dags/example_setup_teardown_taskflow.py
[2025-03-06T01:10:05.457+0000] {processor.py:914} INFO - Processing file /home/ubuntu/redfin_venv/lib/python3.12/site-packages/airflow/example_dags/example_setup_teardown_taskflow.py for tasks to queue
[2025-03-06T01:10:05.459+0000] {logging_mixin.py:190} INFO - [2025-03-06T01:10:05.459+0000] {dagbag.py:588} INFO - Filling up the DagBag from /home/ubuntu/redfin_venv/lib/python3.12/site-packages/airflow/example_dags/example_setup_teardown_taskflow.py
[2025-03-06T01:10:05.481+0000] {processor.py:925} INFO - DAG(s) 'example_setup_teardown_taskflow' retrieved from /home/ubuntu/redfin_venv/lib/python3.12/site-packages/airflow/example_dags/example_setup_teardown_taskflow.py
[2025-03-06T01:10:05.519+0000] {logging_mixin.py:190} INFO - [2025-03-06T01:10:05.519+0000] {dag.py:3239} INFO - Sync 1 DAGs
[2025-03-06T01:10:05.535+0000] {logging_mixin.py:190} INFO - [2025-03-06T01:10:05.535+0000] {dag.py:4180} INFO - Setting next_dagrun for example_setup_teardown_taskflow to None, run_after=None
[2025-03-06T01:10:05.561+0000] {processor.py:208} INFO - Processing /home/ubuntu/redfin_venv/lib/python3.12/site-packages/airflow/example_dags/example_setup_teardown_taskflow.py took 0.112 seconds
[2025-03-06T01:11:06.895+0000] {processor.py:186} INFO - Started process (PID=6954) to work on /home/ubuntu/redfin_venv/lib/python3.12/site-packages/airflow/example_dags/example_setup_teardown_taskflow.py
[2025-03-06T01:11:06.899+0000] {processor.py:914} INFO - Processing file /home/ubuntu/redfin_venv/lib/python3.12/site-packages/airflow/example_dags/example_setup_teardown_taskflow.py for tasks to queue
[2025-03-06T01:11:06.902+0000] {logging_mixin.py:190} INFO - [2025-03-06T01:11:06.901+0000] {dagbag.py:588} INFO - Filling up the DagBag from /home/ubuntu/redfin_venv/lib/python3.12/site-packages/airflow/example_dags/example_setup_teardown_taskflow.py
[2025-03-06T01:11:06.928+0000] {processor.py:925} INFO - DAG(s) 'example_setup_teardown_taskflow' retrieved from /home/ubuntu/redfin_venv/lib/python3.12/site-packages/airflow/example_dags/example_setup_teardown_taskflow.py
[2025-03-06T01:11:06.967+0000] {logging_mixin.py:190} INFO - [2025-03-06T01:11:06.967+0000] {dag.py:3239} INFO - Sync 1 DAGs
[2025-03-06T01:11:06.982+0000] {logging_mixin.py:190} INFO - [2025-03-06T01:11:06.982+0000] {dag.py:4180} INFO - Setting next_dagrun for example_setup_teardown_taskflow to None, run_after=None
[2025-03-06T01:11:07.008+0000] {processor.py:208} INFO - Processing /home/ubuntu/redfin_venv/lib/python3.12/site-packages/airflow/example_dags/example_setup_teardown_taskflow.py took 0.129 seconds
[2025-03-06T01:12:11.012+0000] {processor.py:186} INFO - Started process (PID=7074) to work on /home/ubuntu/redfin_venv/lib/python3.12/site-packages/airflow/example_dags/example_setup_teardown_taskflow.py
[2025-03-06T01:12:11.014+0000] {processor.py:914} INFO - Processing file /home/ubuntu/redfin_venv/lib/python3.12/site-packages/airflow/example_dags/example_setup_teardown_taskflow.py for tasks to queue
[2025-03-06T01:12:11.018+0000] {logging_mixin.py:190} INFO - [2025-03-06T01:12:11.017+0000] {dagbag.py:588} INFO - Filling up the DagBag from /home/ubuntu/redfin_venv/lib/python3.12/site-packages/airflow/example_dags/example_setup_teardown_taskflow.py
[2025-03-06T01:12:11.037+0000] {processor.py:925} INFO - DAG(s) 'example_setup_teardown_taskflow' retrieved from /home/ubuntu/redfin_venv/lib/python3.12/site-packages/airflow/example_dags/example_setup_teardown_taskflow.py
[2025-03-06T01:12:11.061+0000] {logging_mixin.py:190} INFO - [2025-03-06T01:12:11.061+0000] {dag.py:3239} INFO - Sync 1 DAGs
[2025-03-06T01:12:11.078+0000] {logging_mixin.py:190} INFO - [2025-03-06T01:12:11.078+0000] {dag.py:4180} INFO - Setting next_dagrun for example_setup_teardown_taskflow to None, run_after=None
[2025-03-06T01:12:11.110+0000] {processor.py:208} INFO - Processing /home/ubuntu/redfin_venv/lib/python3.12/site-packages/airflow/example_dags/example_setup_teardown_taskflow.py took 0.123 seconds
[2025-03-06T01:13:13.354+0000] {processor.py:186} INFO - Started process (PID=7194) to work on /home/ubuntu/redfin_venv/lib/python3.12/site-packages/airflow/example_dags/example_setup_teardown_taskflow.py
[2025-03-06T01:13:13.355+0000] {processor.py:914} INFO - Processing file /home/ubuntu/redfin_venv/lib/python3.12/site-packages/airflow/example_dags/example_setup_teardown_taskflow.py for tasks to queue
[2025-03-06T01:13:13.358+0000] {logging_mixin.py:190} INFO - [2025-03-06T01:13:13.357+0000] {dagbag.py:588} INFO - Filling up the DagBag from /home/ubuntu/redfin_venv/lib/python3.12/site-packages/airflow/example_dags/example_setup_teardown_taskflow.py
[2025-03-06T01:13:13.370+0000] {processor.py:925} INFO - DAG(s) 'example_setup_teardown_taskflow' retrieved from /home/ubuntu/redfin_venv/lib/python3.12/site-packages/airflow/example_dags/example_setup_teardown_taskflow.py
[2025-03-06T01:13:13.390+0000] {logging_mixin.py:190} INFO - [2025-03-06T01:13:13.390+0000] {dag.py:3239} INFO - Sync 1 DAGs
[2025-03-06T01:13:13.404+0000] {logging_mixin.py:190} INFO - [2025-03-06T01:13:13.403+0000] {dag.py:4180} INFO - Setting next_dagrun for example_setup_teardown_taskflow to None, run_after=None
[2025-03-06T01:13:13.427+0000] {processor.py:208} INFO - Processing /home/ubuntu/redfin_venv/lib/python3.12/site-packages/airflow/example_dags/example_setup_teardown_taskflow.py took 0.080 seconds
[2025-03-06T01:14:16.646+0000] {processor.py:186} INFO - Started process (PID=7436) to work on /home/ubuntu/redfin_venv/lib/python3.12/site-packages/airflow/example_dags/example_setup_teardown_taskflow.py
[2025-03-06T01:14:16.647+0000] {processor.py:914} INFO - Processing file /home/ubuntu/redfin_venv/lib/python3.12/site-packages/airflow/example_dags/example_setup_teardown_taskflow.py for tasks to queue
[2025-03-06T01:14:16.649+0000] {logging_mixin.py:190} INFO - [2025-03-06T01:14:16.649+0000] {dagbag.py:588} INFO - Filling up the DagBag from /home/ubuntu/redfin_venv/lib/python3.12/site-packages/airflow/example_dags/example_setup_teardown_taskflow.py
[2025-03-06T01:14:16.661+0000] {processor.py:925} INFO - DAG(s) 'example_setup_teardown_taskflow' retrieved from /home/ubuntu/redfin_venv/lib/python3.12/site-packages/airflow/example_dags/example_setup_teardown_taskflow.py
[2025-03-06T01:14:16.680+0000] {logging_mixin.py:190} INFO - [2025-03-06T01:14:16.680+0000] {dag.py:3239} INFO - Sync 1 DAGs
[2025-03-06T01:14:16.693+0000] {logging_mixin.py:190} INFO - [2025-03-06T01:14:16.693+0000] {dag.py:4180} INFO - Setting next_dagrun for example_setup_teardown_taskflow to None, run_after=None
[2025-03-06T01:14:16.717+0000] {processor.py:208} INFO - Processing /home/ubuntu/redfin_venv/lib/python3.12/site-packages/airflow/example_dags/example_setup_teardown_taskflow.py took 0.077 seconds
[2025-03-06T01:15:16.115+0000] {processor.py:186} INFO - Started process (PID=7643) to work on /home/ubuntu/redfin_venv/lib/python3.12/site-packages/airflow/example_dags/example_setup_teardown_taskflow.py
[2025-03-06T01:15:16.117+0000] {processor.py:914} INFO - Processing file /home/ubuntu/redfin_venv/lib/python3.12/site-packages/airflow/example_dags/example_setup_teardown_taskflow.py for tasks to queue
[2025-03-06T01:15:16.121+0000] {logging_mixin.py:190} INFO - [2025-03-06T01:15:16.119+0000] {dagbag.py:588} INFO - Filling up the DagBag from /home/ubuntu/redfin_venv/lib/python3.12/site-packages/airflow/example_dags/example_setup_teardown_taskflow.py
[2025-03-06T01:15:16.135+0000] {processor.py:925} INFO - DAG(s) 'example_setup_teardown_taskflow' retrieved from /home/ubuntu/redfin_venv/lib/python3.12/site-packages/airflow/example_dags/example_setup_teardown_taskflow.py
[2025-03-06T01:15:16.160+0000] {logging_mixin.py:190} INFO - [2025-03-06T01:15:16.159+0000] {dag.py:3239} INFO - Sync 1 DAGs
[2025-03-06T01:15:16.174+0000] {logging_mixin.py:190} INFO - [2025-03-06T01:15:16.174+0000] {dag.py:4180} INFO - Setting next_dagrun for example_setup_teardown_taskflow to None, run_after=None
[2025-03-06T01:15:16.210+0000] {processor.py:208} INFO - Processing /home/ubuntu/redfin_venv/lib/python3.12/site-packages/airflow/example_dags/example_setup_teardown_taskflow.py took 0.104 seconds
[2025-03-06T01:16:18.315+0000] {processor.py:186} INFO - Started process (PID=7858) to work on /home/ubuntu/redfin_venv/lib/python3.12/site-packages/airflow/example_dags/example_setup_teardown_taskflow.py
[2025-03-06T01:16:18.317+0000] {processor.py:914} INFO - Processing file /home/ubuntu/redfin_venv/lib/python3.12/site-packages/airflow/example_dags/example_setup_teardown_taskflow.py for tasks to queue
[2025-03-06T01:16:18.322+0000] {logging_mixin.py:190} INFO - [2025-03-06T01:16:18.322+0000] {dagbag.py:588} INFO - Filling up the DagBag from /home/ubuntu/redfin_venv/lib/python3.12/site-packages/airflow/example_dags/example_setup_teardown_taskflow.py
[2025-03-06T01:16:18.344+0000] {processor.py:925} INFO - DAG(s) 'example_setup_teardown_taskflow' retrieved from /home/ubuntu/redfin_venv/lib/python3.12/site-packages/airflow/example_dags/example_setup_teardown_taskflow.py
[2025-03-06T01:16:18.375+0000] {logging_mixin.py:190} INFO - [2025-03-06T01:16:18.374+0000] {dag.py:3239} INFO - Sync 1 DAGs
[2025-03-06T01:16:18.397+0000] {logging_mixin.py:190} INFO - [2025-03-06T01:16:18.396+0000] {dag.py:4180} INFO - Setting next_dagrun for example_setup_teardown_taskflow to None, run_after=None
[2025-03-06T01:16:18.450+0000] {processor.py:208} INFO - Processing /home/ubuntu/redfin_venv/lib/python3.12/site-packages/airflow/example_dags/example_setup_teardown_taskflow.py took 0.144 seconds
[2025-03-06T01:17:20.151+0000] {processor.py:186} INFO - Started process (PID=8039) to work on /home/ubuntu/redfin_venv/lib/python3.12/site-packages/airflow/example_dags/example_setup_teardown_taskflow.py
[2025-03-06T01:17:20.153+0000] {processor.py:914} INFO - Processing file /home/ubuntu/redfin_venv/lib/python3.12/site-packages/airflow/example_dags/example_setup_teardown_taskflow.py for tasks to queue
[2025-03-06T01:17:20.155+0000] {logging_mixin.py:190} INFO - [2025-03-06T01:17:20.155+0000] {dagbag.py:588} INFO - Filling up the DagBag from /home/ubuntu/redfin_venv/lib/python3.12/site-packages/airflow/example_dags/example_setup_teardown_taskflow.py
[2025-03-06T01:17:20.172+0000] {processor.py:925} INFO - DAG(s) 'example_setup_teardown_taskflow' retrieved from /home/ubuntu/redfin_venv/lib/python3.12/site-packages/airflow/example_dags/example_setup_teardown_taskflow.py
[2025-03-06T01:17:20.201+0000] {logging_mixin.py:190} INFO - [2025-03-06T01:17:20.201+0000] {dag.py:3239} INFO - Sync 1 DAGs
[2025-03-06T01:17:20.220+0000] {logging_mixin.py:190} INFO - [2025-03-06T01:17:20.219+0000] {dag.py:4180} INFO - Setting next_dagrun for example_setup_teardown_taskflow to None, run_after=None
[2025-03-06T01:17:20.250+0000] {processor.py:208} INFO - Processing /home/ubuntu/redfin_venv/lib/python3.12/site-packages/airflow/example_dags/example_setup_teardown_taskflow.py took 0.107 seconds
[2025-03-06T01:18:18.775+0000] {processor.py:186} INFO - Started process (PID=8319) to work on /home/ubuntu/redfin_venv/lib/python3.12/site-packages/airflow/example_dags/example_setup_teardown_taskflow.py
[2025-03-06T01:18:18.777+0000] {processor.py:914} INFO - Processing file /home/ubuntu/redfin_venv/lib/python3.12/site-packages/airflow/example_dags/example_setup_teardown_taskflow.py for tasks to queue
[2025-03-06T01:18:18.779+0000] {logging_mixin.py:190} INFO - [2025-03-06T01:18:18.778+0000] {dagbag.py:588} INFO - Filling up the DagBag from /home/ubuntu/redfin_venv/lib/python3.12/site-packages/airflow/example_dags/example_setup_teardown_taskflow.py
[2025-03-06T01:18:18.791+0000] {processor.py:925} INFO - DAG(s) 'example_setup_teardown_taskflow' retrieved from /home/ubuntu/redfin_venv/lib/python3.12/site-packages/airflow/example_dags/example_setup_teardown_taskflow.py
[2025-03-06T01:18:18.809+0000] {logging_mixin.py:190} INFO - [2025-03-06T01:18:18.809+0000] {dag.py:3239} INFO - Sync 1 DAGs
[2025-03-06T01:18:18.826+0000] {logging_mixin.py:190} INFO - [2025-03-06T01:18:18.825+0000] {dag.py:4180} INFO - Setting next_dagrun for example_setup_teardown_taskflow to None, run_after=None
[2025-03-06T01:18:18.849+0000] {processor.py:208} INFO - Processing /home/ubuntu/redfin_venv/lib/python3.12/site-packages/airflow/example_dags/example_setup_teardown_taskflow.py took 0.080 seconds
[2025-03-06T01:19:26.374+0000] {processor.py:186} INFO - Started process (PID=8560) to work on /home/ubuntu/redfin_venv/lib/python3.12/site-packages/airflow/example_dags/example_setup_teardown_taskflow.py
[2025-03-06T01:19:26.376+0000] {processor.py:914} INFO - Processing file /home/ubuntu/redfin_venv/lib/python3.12/site-packages/airflow/example_dags/example_setup_teardown_taskflow.py for tasks to queue
[2025-03-06T01:19:26.378+0000] {logging_mixin.py:190} INFO - [2025-03-06T01:19:26.378+0000] {dagbag.py:588} INFO - Filling up the DagBag from /home/ubuntu/redfin_venv/lib/python3.12/site-packages/airflow/example_dags/example_setup_teardown_taskflow.py
[2025-03-06T01:19:26.398+0000] {processor.py:925} INFO - DAG(s) 'example_setup_teardown_taskflow' retrieved from /home/ubuntu/redfin_venv/lib/python3.12/site-packages/airflow/example_dags/example_setup_teardown_taskflow.py
[2025-03-06T01:19:26.429+0000] {logging_mixin.py:190} INFO - [2025-03-06T01:19:26.429+0000] {dag.py:3239} INFO - Sync 1 DAGs
[2025-03-06T01:19:26.447+0000] {logging_mixin.py:190} INFO - [2025-03-06T01:19:26.446+0000] {dag.py:4180} INFO - Setting next_dagrun for example_setup_teardown_taskflow to None, run_after=None
[2025-03-06T01:19:26.495+0000] {processor.py:208} INFO - Processing /home/ubuntu/redfin_venv/lib/python3.12/site-packages/airflow/example_dags/example_setup_teardown_taskflow.py took 0.133 seconds
