[2025-03-06T00:59:03.704+0000] {processor.py:186} INFO - Started process (PID=3804) to work on /home/ubuntu/redfin_venv/lib/python3.12/site-packages/airflow/example_dags/example_complex.py
[2025-03-06T00:59:03.705+0000] {processor.py:914} INFO - Processing file /home/ubuntu/redfin_venv/lib/python3.12/site-packages/airflow/example_dags/example_complex.py for tasks to queue
[2025-03-06T00:59:03.707+0000] {logging_mixin.py:190} INFO - [2025-03-06T00:59:03.706+0000] {dagbag.py:588} INFO - Filling up the DagBag from /home/ubuntu/redfin_venv/lib/python3.12/site-packages/airflow/example_dags/example_complex.py
[2025-03-06T00:59:03.719+0000] {processor.py:925} INFO - DAG(s) 'example_complex' retrieved from /home/ubuntu/redfin_venv/lib/python3.12/site-packages/airflow/example_dags/example_complex.py
[2025-03-06T00:59:03.749+0000] {logging_mixin.py:190} INFO - [2025-03-06T00:59:03.749+0000] {dag.py:3239} INFO - Sync 1 DAGs
[2025-03-06T00:59:03.762+0000] {logging_mixin.py:190} INFO - [2025-03-06T00:59:03.762+0000] {dag.py:4180} INFO - Setting next_dagrun for example_complex to None, run_after=None
[2025-03-06T00:59:03.790+0000] {processor.py:208} INFO - Processing /home/ubuntu/redfin_venv/lib/python3.12/site-packages/airflow/example_dags/example_complex.py took 0.092 seconds
[2025-03-06T01:00:02.019+0000] {processor.py:186} INFO - Started process (PID=4143) to work on /home/ubuntu/redfin_venv/lib/python3.12/site-packages/airflow/example_dags/example_complex.py
[2025-03-06T01:00:02.020+0000] {processor.py:914} INFO - Processing file /home/ubuntu/redfin_venv/lib/python3.12/site-packages/airflow/example_dags/example_complex.py for tasks to queue
[2025-03-06T01:00:02.023+0000] {logging_mixin.py:190} INFO - [2025-03-06T01:00:02.022+0000] {dagbag.py:588} INFO - Filling up the DagBag from /home/ubuntu/redfin_venv/lib/python3.12/site-packages/airflow/example_dags/example_complex.py
[2025-03-06T01:00:02.039+0000] {processor.py:925} INFO - DAG(s) 'example_complex' retrieved from /home/ubuntu/redfin_venv/lib/python3.12/site-packages/airflow/example_dags/example_complex.py
[2025-03-06T01:00:02.082+0000] {logging_mixin.py:190} INFO - [2025-03-06T01:00:02.082+0000] {dag.py:3239} INFO - Sync 1 DAGs
[2025-03-06T01:00:02.098+0000] {logging_mixin.py:190} INFO - [2025-03-06T01:00:02.098+0000] {dag.py:4180} INFO - Setting next_dagrun for example_complex to None, run_after=None
[2025-03-06T01:00:02.126+0000] {processor.py:208} INFO - Processing /home/ubuntu/redfin_venv/lib/python3.12/site-packages/airflow/example_dags/example_complex.py took 0.115 seconds
[2025-03-06T01:01:03.593+0000] {processor.py:186} INFO - Started process (PID=4766) to work on /home/ubuntu/redfin_venv/lib/python3.12/site-packages/airflow/example_dags/example_complex.py
[2025-03-06T01:01:03.594+0000] {processor.py:914} INFO - Processing file /home/ubuntu/redfin_venv/lib/python3.12/site-packages/airflow/example_dags/example_complex.py for tasks to queue
[2025-03-06T01:01:03.597+0000] {logging_mixin.py:190} INFO - [2025-03-06T01:01:03.596+0000] {dagbag.py:588} INFO - Filling up the DagBag from /home/ubuntu/redfin_venv/lib/python3.12/site-packages/airflow/example_dags/example_complex.py
[2025-03-06T01:01:03.610+0000] {processor.py:925} INFO - DAG(s) 'example_complex' retrieved from /home/ubuntu/redfin_venv/lib/python3.12/site-packages/airflow/example_dags/example_complex.py
[2025-03-06T01:01:03.644+0000] {logging_mixin.py:190} INFO - [2025-03-06T01:01:03.643+0000] {dag.py:3239} INFO - Sync 1 DAGs
[2025-03-06T01:01:03.658+0000] {logging_mixin.py:190} INFO - [2025-03-06T01:01:03.658+0000] {dag.py:4180} INFO - Setting next_dagrun for example_complex to None, run_after=None
[2025-03-06T01:01:03.698+0000] {processor.py:208} INFO - Processing /home/ubuntu/redfin_venv/lib/python3.12/site-packages/airflow/example_dags/example_complex.py took 0.113 seconds
[2025-03-06T01:02:06.944+0000] {processor.py:186} INFO - Started process (PID=5046) to work on /home/ubuntu/redfin_venv/lib/python3.12/site-packages/airflow/example_dags/example_complex.py
[2025-03-06T01:02:06.949+0000] {processor.py:914} INFO - Processing file /home/ubuntu/redfin_venv/lib/python3.12/site-packages/airflow/example_dags/example_complex.py for tasks to queue
[2025-03-06T01:02:06.952+0000] {logging_mixin.py:190} INFO - [2025-03-06T01:02:06.951+0000] {dagbag.py:588} INFO - Filling up the DagBag from /home/ubuntu/redfin_venv/lib/python3.12/site-packages/airflow/example_dags/example_complex.py
[2025-03-06T01:02:06.978+0000] {processor.py:925} INFO - DAG(s) 'example_complex' retrieved from /home/ubuntu/redfin_venv/lib/python3.12/site-packages/airflow/example_dags/example_complex.py
[2025-03-06T01:02:07.018+0000] {logging_mixin.py:190} INFO - [2025-03-06T01:02:07.018+0000] {dag.py:3239} INFO - Sync 1 DAGs
[2025-03-06T01:02:07.035+0000] {logging_mixin.py:190} INFO - [2025-03-06T01:02:07.035+0000] {dag.py:4180} INFO - Setting next_dagrun for example_complex to None, run_after=None
[2025-03-06T01:02:07.081+0000] {processor.py:208} INFO - Processing /home/ubuntu/redfin_venv/lib/python3.12/site-packages/airflow/example_dags/example_complex.py took 0.151 seconds
[2025-03-06T01:03:07.132+0000] {processor.py:186} INFO - Started process (PID=5225) to work on /home/ubuntu/redfin_venv/lib/python3.12/site-packages/airflow/example_dags/example_complex.py
[2025-03-06T01:03:07.134+0000] {processor.py:914} INFO - Processing file /home/ubuntu/redfin_venv/lib/python3.12/site-packages/airflow/example_dags/example_complex.py for tasks to queue
[2025-03-06T01:03:07.136+0000] {logging_mixin.py:190} INFO - [2025-03-06T01:03:07.135+0000] {dagbag.py:588} INFO - Filling up the DagBag from /home/ubuntu/redfin_venv/lib/python3.12/site-packages/airflow/example_dags/example_complex.py
[2025-03-06T01:03:07.149+0000] {processor.py:925} INFO - DAG(s) 'example_complex' retrieved from /home/ubuntu/redfin_venv/lib/python3.12/site-packages/airflow/example_dags/example_complex.py
[2025-03-06T01:03:07.186+0000] {logging_mixin.py:190} INFO - [2025-03-06T01:03:07.186+0000] {dag.py:3239} INFO - Sync 1 DAGs
[2025-03-06T01:03:07.199+0000] {logging_mixin.py:190} INFO - [2025-03-06T01:03:07.199+0000] {dag.py:4180} INFO - Setting next_dagrun for example_complex to None, run_after=None
[2025-03-06T01:03:07.237+0000] {processor.py:208} INFO - Processing /home/ubuntu/redfin_venv/lib/python3.12/site-packages/airflow/example_dags/example_complex.py took 0.111 seconds
[2025-03-06T01:04:06.916+0000] {processor.py:186} INFO - Started process (PID=5404) to work on /home/ubuntu/redfin_venv/lib/python3.12/site-packages/airflow/example_dags/example_complex.py
[2025-03-06T01:04:06.918+0000] {processor.py:914} INFO - Processing file /home/ubuntu/redfin_venv/lib/python3.12/site-packages/airflow/example_dags/example_complex.py for tasks to queue
[2025-03-06T01:04:06.921+0000] {logging_mixin.py:190} INFO - [2025-03-06T01:04:06.920+0000] {dagbag.py:588} INFO - Filling up the DagBag from /home/ubuntu/redfin_venv/lib/python3.12/site-packages/airflow/example_dags/example_complex.py
[2025-03-06T01:04:06.935+0000] {processor.py:925} INFO - DAG(s) 'example_complex' retrieved from /home/ubuntu/redfin_venv/lib/python3.12/site-packages/airflow/example_dags/example_complex.py
[2025-03-06T01:04:06.966+0000] {logging_mixin.py:190} INFO - [2025-03-06T01:04:06.966+0000] {dag.py:3239} INFO - Sync 1 DAGs
[2025-03-06T01:04:06.979+0000] {logging_mixin.py:190} INFO - [2025-03-06T01:04:06.979+0000] {dag.py:4180} INFO - Setting next_dagrun for example_complex to None, run_after=None
[2025-03-06T01:04:07.003+0000] {processor.py:208} INFO - Processing /home/ubuntu/redfin_venv/lib/python3.12/site-packages/airflow/example_dags/example_complex.py took 0.093 seconds
[2025-03-06T01:05:10.829+0000] {processor.py:186} INFO - Started process (PID=5528) to work on /home/ubuntu/redfin_venv/lib/python3.12/site-packages/airflow/example_dags/example_complex.py
[2025-03-06T01:05:10.838+0000] {processor.py:914} INFO - Processing file /home/ubuntu/redfin_venv/lib/python3.12/site-packages/airflow/example_dags/example_complex.py for tasks to queue
[2025-03-06T01:05:10.840+0000] {logging_mixin.py:190} INFO - [2025-03-06T01:05:10.840+0000] {dagbag.py:588} INFO - Filling up the DagBag from /home/ubuntu/redfin_venv/lib/python3.12/site-packages/airflow/example_dags/example_complex.py
[2025-03-06T01:05:10.858+0000] {processor.py:925} INFO - DAG(s) 'example_complex' retrieved from /home/ubuntu/redfin_venv/lib/python3.12/site-packages/airflow/example_dags/example_complex.py
[2025-03-06T01:05:10.893+0000] {logging_mixin.py:190} INFO - [2025-03-06T01:05:10.893+0000] {dag.py:3239} INFO - Sync 1 DAGs
[2025-03-06T01:05:10.908+0000] {logging_mixin.py:190} INFO - [2025-03-06T01:05:10.908+0000] {dag.py:4180} INFO - Setting next_dagrun for example_complex to None, run_after=None
[2025-03-06T01:05:10.931+0000] {processor.py:208} INFO - Processing /home/ubuntu/redfin_venv/lib/python3.12/site-packages/airflow/example_dags/example_complex.py took 0.111 seconds
[2025-03-06T01:06:14.236+0000] {processor.py:186} INFO - Started process (PID=5709) to work on /home/ubuntu/redfin_venv/lib/python3.12/site-packages/airflow/example_dags/example_complex.py
[2025-03-06T01:06:14.240+0000] {processor.py:914} INFO - Processing file /home/ubuntu/redfin_venv/lib/python3.12/site-packages/airflow/example_dags/example_complex.py for tasks to queue
[2025-03-06T01:06:14.242+0000] {logging_mixin.py:190} INFO - [2025-03-06T01:06:14.242+0000] {dagbag.py:588} INFO - Filling up the DagBag from /home/ubuntu/redfin_venv/lib/python3.12/site-packages/airflow/example_dags/example_complex.py
[2025-03-06T01:06:14.265+0000] {processor.py:925} INFO - DAG(s) 'example_complex' retrieved from /home/ubuntu/redfin_venv/lib/python3.12/site-packages/airflow/example_dags/example_complex.py
[2025-03-06T01:06:14.306+0000] {logging_mixin.py:190} INFO - [2025-03-06T01:06:14.306+0000] {dag.py:3239} INFO - Sync 1 DAGs
[2025-03-06T01:06:14.321+0000] {logging_mixin.py:190} INFO - [2025-03-06T01:06:14.321+0000] {dag.py:4180} INFO - Setting next_dagrun for example_complex to None, run_after=None
[2025-03-06T01:06:14.347+0000] {processor.py:208} INFO - Processing /home/ubuntu/redfin_venv/lib/python3.12/site-packages/airflow/example_dags/example_complex.py took 0.119 seconds
[2025-03-06T01:07:19.243+0000] {processor.py:186} INFO - Started process (PID=6192) to work on /home/ubuntu/redfin_venv/lib/python3.12/site-packages/airflow/example_dags/example_complex.py
[2025-03-06T01:07:19.245+0000] {processor.py:914} INFO - Processing file /home/ubuntu/redfin_venv/lib/python3.12/site-packages/airflow/example_dags/example_complex.py for tasks to queue
[2025-03-06T01:07:19.248+0000] {logging_mixin.py:190} INFO - [2025-03-06T01:07:19.248+0000] {dagbag.py:588} INFO - Filling up the DagBag from /home/ubuntu/redfin_venv/lib/python3.12/site-packages/airflow/example_dags/example_complex.py
[2025-03-06T01:07:19.262+0000] {processor.py:925} INFO - DAG(s) 'example_complex' retrieved from /home/ubuntu/redfin_venv/lib/python3.12/site-packages/airflow/example_dags/example_complex.py
[2025-03-06T01:07:19.291+0000] {logging_mixin.py:190} INFO - [2025-03-06T01:07:19.291+0000] {dag.py:3239} INFO - Sync 1 DAGs
[2025-03-06T01:07:19.305+0000] {logging_mixin.py:190} INFO - [2025-03-06T01:07:19.304+0000] {dag.py:4180} INFO - Setting next_dagrun for example_complex to None, run_after=None
[2025-03-06T01:07:19.329+0000] {processor.py:208} INFO - Processing /home/ubuntu/redfin_venv/lib/python3.12/site-packages/airflow/example_dags/example_complex.py took 0.093 seconds
[2025-03-06T01:08:20.493+0000] {processor.py:186} INFO - Started process (PID=6491) to work on /home/ubuntu/redfin_venv/lib/python3.12/site-packages/airflow/example_dags/example_complex.py
[2025-03-06T01:08:20.495+0000] {processor.py:914} INFO - Processing file /home/ubuntu/redfin_venv/lib/python3.12/site-packages/airflow/example_dags/example_complex.py for tasks to queue
[2025-03-06T01:08:20.498+0000] {logging_mixin.py:190} INFO - [2025-03-06T01:08:20.497+0000] {dagbag.py:588} INFO - Filling up the DagBag from /home/ubuntu/redfin_venv/lib/python3.12/site-packages/airflow/example_dags/example_complex.py
[2025-03-06T01:08:20.523+0000] {processor.py:925} INFO - DAG(s) 'example_complex' retrieved from /home/ubuntu/redfin_venv/lib/python3.12/site-packages/airflow/example_dags/example_complex.py
[2025-03-06T01:08:20.561+0000] {logging_mixin.py:190} INFO - [2025-03-06T01:08:20.561+0000] {dag.py:3239} INFO - Sync 1 DAGs
[2025-03-06T01:08:20.578+0000] {logging_mixin.py:190} INFO - [2025-03-06T01:08:20.577+0000] {dag.py:4180} INFO - Setting next_dagrun for example_complex to None, run_after=None
[2025-03-06T01:08:20.605+0000] {processor.py:208} INFO - Processing /home/ubuntu/redfin_venv/lib/python3.12/site-packages/airflow/example_dags/example_complex.py took 0.120 seconds
[2025-03-06T01:09:21.483+0000] {processor.py:186} INFO - Started process (PID=6790) to work on /home/ubuntu/redfin_venv/lib/python3.12/site-packages/airflow/example_dags/example_complex.py
[2025-03-06T01:09:21.485+0000] {processor.py:914} INFO - Processing file /home/ubuntu/redfin_venv/lib/python3.12/site-packages/airflow/example_dags/example_complex.py for tasks to queue
[2025-03-06T01:09:21.489+0000] {logging_mixin.py:190} INFO - [2025-03-06T01:09:21.488+0000] {dagbag.py:588} INFO - Filling up the DagBag from /home/ubuntu/redfin_venv/lib/python3.12/site-packages/airflow/example_dags/example_complex.py
[2025-03-06T01:09:21.524+0000] {processor.py:925} INFO - DAG(s) 'example_complex' retrieved from /home/ubuntu/redfin_venv/lib/python3.12/site-packages/airflow/example_dags/example_complex.py
[2025-03-06T01:09:21.565+0000] {logging_mixin.py:190} INFO - [2025-03-06T01:09:21.565+0000] {dag.py:3239} INFO - Sync 1 DAGs
[2025-03-06T01:09:21.587+0000] {logging_mixin.py:190} INFO - [2025-03-06T01:09:21.586+0000] {dag.py:4180} INFO - Setting next_dagrun for example_complex to None, run_after=None
[2025-03-06T01:09:21.612+0000] {processor.py:208} INFO - Processing /home/ubuntu/redfin_venv/lib/python3.12/site-packages/airflow/example_dags/example_complex.py took 0.140 seconds
[2025-03-06T01:10:24.859+0000] {processor.py:186} INFO - Started process (PID=6914) to work on /home/ubuntu/redfin_venv/lib/python3.12/site-packages/airflow/example_dags/example_complex.py
[2025-03-06T01:10:24.861+0000] {processor.py:914} INFO - Processing file /home/ubuntu/redfin_venv/lib/python3.12/site-packages/airflow/example_dags/example_complex.py for tasks to queue
[2025-03-06T01:10:24.863+0000] {logging_mixin.py:190} INFO - [2025-03-06T01:10:24.862+0000] {dagbag.py:588} INFO - Filling up the DagBag from /home/ubuntu/redfin_venv/lib/python3.12/site-packages/airflow/example_dags/example_complex.py
[2025-03-06T01:10:24.876+0000] {processor.py:925} INFO - DAG(s) 'example_complex' retrieved from /home/ubuntu/redfin_venv/lib/python3.12/site-packages/airflow/example_dags/example_complex.py
[2025-03-06T01:10:24.903+0000] {logging_mixin.py:190} INFO - [2025-03-06T01:10:24.903+0000] {dag.py:3239} INFO - Sync 1 DAGs
[2025-03-06T01:10:24.916+0000] {logging_mixin.py:190} INFO - [2025-03-06T01:10:24.916+0000] {dag.py:4180} INFO - Setting next_dagrun for example_complex to None, run_after=None
[2025-03-06T01:10:24.940+0000] {processor.py:208} INFO - Processing /home/ubuntu/redfin_venv/lib/python3.12/site-packages/airflow/example_dags/example_complex.py took 0.088 seconds
[2025-03-06T01:11:26.524+0000] {processor.py:186} INFO - Started process (PID=7033) to work on /home/ubuntu/redfin_venv/lib/python3.12/site-packages/airflow/example_dags/example_complex.py
[2025-03-06T01:11:26.526+0000] {processor.py:914} INFO - Processing file /home/ubuntu/redfin_venv/lib/python3.12/site-packages/airflow/example_dags/example_complex.py for tasks to queue
[2025-03-06T01:11:26.530+0000] {logging_mixin.py:190} INFO - [2025-03-06T01:11:26.530+0000] {dagbag.py:588} INFO - Filling up the DagBag from /home/ubuntu/redfin_venv/lib/python3.12/site-packages/airflow/example_dags/example_complex.py
[2025-03-06T01:11:26.551+0000] {processor.py:925} INFO - DAG(s) 'example_complex' retrieved from /home/ubuntu/redfin_venv/lib/python3.12/site-packages/airflow/example_dags/example_complex.py
[2025-03-06T01:11:26.608+0000] {logging_mixin.py:190} INFO - [2025-03-06T01:11:26.607+0000] {dag.py:3239} INFO - Sync 1 DAGs
[2025-03-06T01:11:26.633+0000] {logging_mixin.py:190} INFO - [2025-03-06T01:11:26.633+0000] {dag.py:4180} INFO - Setting next_dagrun for example_complex to None, run_after=None
[2025-03-06T01:11:26.680+0000] {processor.py:208} INFO - Processing /home/ubuntu/redfin_venv/lib/python3.12/site-packages/airflow/example_dags/example_complex.py took 0.173 seconds
[2025-03-06T01:12:31.718+0000] {processor.py:186} INFO - Started process (PID=7154) to work on /home/ubuntu/redfin_venv/lib/python3.12/site-packages/airflow/example_dags/example_complex.py
[2025-03-06T01:12:31.721+0000] {processor.py:914} INFO - Processing file /home/ubuntu/redfin_venv/lib/python3.12/site-packages/airflow/example_dags/example_complex.py for tasks to queue
[2025-03-06T01:12:31.725+0000] {logging_mixin.py:190} INFO - [2025-03-06T01:12:31.723+0000] {dagbag.py:588} INFO - Filling up the DagBag from /home/ubuntu/redfin_venv/lib/python3.12/site-packages/airflow/example_dags/example_complex.py
[2025-03-06T01:12:31.745+0000] {processor.py:925} INFO - DAG(s) 'example_complex' retrieved from /home/ubuntu/redfin_venv/lib/python3.12/site-packages/airflow/example_dags/example_complex.py
[2025-03-06T01:12:31.784+0000] {logging_mixin.py:190} INFO - [2025-03-06T01:12:31.784+0000] {dag.py:3239} INFO - Sync 1 DAGs
[2025-03-06T01:12:31.803+0000] {logging_mixin.py:190} INFO - [2025-03-06T01:12:31.802+0000] {dag.py:4180} INFO - Setting next_dagrun for example_complex to None, run_after=None
[2025-03-06T01:12:31.840+0000] {processor.py:208} INFO - Processing /home/ubuntu/redfin_venv/lib/python3.12/site-packages/airflow/example_dags/example_complex.py took 0.132 seconds
[2025-03-06T01:13:32.875+0000] {processor.py:186} INFO - Started process (PID=7335) to work on /home/ubuntu/redfin_venv/lib/python3.12/site-packages/airflow/example_dags/example_complex.py
[2025-03-06T01:13:32.876+0000] {processor.py:914} INFO - Processing file /home/ubuntu/redfin_venv/lib/python3.12/site-packages/airflow/example_dags/example_complex.py for tasks to queue
[2025-03-06T01:13:32.880+0000] {logging_mixin.py:190} INFO - [2025-03-06T01:13:32.879+0000] {dagbag.py:588} INFO - Filling up the DagBag from /home/ubuntu/redfin_venv/lib/python3.12/site-packages/airflow/example_dags/example_complex.py
[2025-03-06T01:13:32.900+0000] {processor.py:925} INFO - DAG(s) 'example_complex' retrieved from /home/ubuntu/redfin_venv/lib/python3.12/site-packages/airflow/example_dags/example_complex.py
[2025-03-06T01:13:32.949+0000] {logging_mixin.py:190} INFO - [2025-03-06T01:13:32.948+0000] {dag.py:3239} INFO - Sync 1 DAGs
[2025-03-06T01:13:32.970+0000] {logging_mixin.py:190} INFO - [2025-03-06T01:13:32.970+0000] {dag.py:4180} INFO - Setting next_dagrun for example_complex to None, run_after=None
[2025-03-06T01:13:33.005+0000] {processor.py:208} INFO - Processing /home/ubuntu/redfin_venv/lib/python3.12/site-packages/airflow/example_dags/example_complex.py took 0.140 seconds
[2025-03-06T01:14:35.477+0000] {processor.py:186} INFO - Started process (PID=7455) to work on /home/ubuntu/redfin_venv/lib/python3.12/site-packages/airflow/example_dags/example_complex.py
[2025-03-06T01:14:35.481+0000] {processor.py:914} INFO - Processing file /home/ubuntu/redfin_venv/lib/python3.12/site-packages/airflow/example_dags/example_complex.py for tasks to queue
[2025-03-06T01:14:35.483+0000] {logging_mixin.py:190} INFO - [2025-03-06T01:14:35.483+0000] {dagbag.py:588} INFO - Filling up the DagBag from /home/ubuntu/redfin_venv/lib/python3.12/site-packages/airflow/example_dags/example_complex.py
[2025-03-06T01:14:35.500+0000] {processor.py:925} INFO - DAG(s) 'example_complex' retrieved from /home/ubuntu/redfin_venv/lib/python3.12/site-packages/airflow/example_dags/example_complex.py
[2025-03-06T01:14:35.536+0000] {logging_mixin.py:190} INFO - [2025-03-06T01:14:35.536+0000] {dag.py:3239} INFO - Sync 1 DAGs
[2025-03-06T01:14:35.551+0000] {logging_mixin.py:190} INFO - [2025-03-06T01:14:35.551+0000] {dag.py:4180} INFO - Setting next_dagrun for example_complex to None, run_after=None
[2025-03-06T01:14:35.578+0000] {processor.py:208} INFO - Processing /home/ubuntu/redfin_venv/lib/python3.12/site-packages/airflow/example_dags/example_complex.py took 0.113 seconds
[2025-03-06T01:15:36.456+0000] {processor.py:186} INFO - Started process (PID=7757) to work on /home/ubuntu/redfin_venv/lib/python3.12/site-packages/airflow/example_dags/example_complex.py
[2025-03-06T01:15:36.458+0000] {processor.py:914} INFO - Processing file /home/ubuntu/redfin_venv/lib/python3.12/site-packages/airflow/example_dags/example_complex.py for tasks to queue
[2025-03-06T01:15:36.460+0000] {logging_mixin.py:190} INFO - [2025-03-06T01:15:36.459+0000] {dagbag.py:588} INFO - Filling up the DagBag from /home/ubuntu/redfin_venv/lib/python3.12/site-packages/airflow/example_dags/example_complex.py
[2025-03-06T01:15:36.473+0000] {processor.py:925} INFO - DAG(s) 'example_complex' retrieved from /home/ubuntu/redfin_venv/lib/python3.12/site-packages/airflow/example_dags/example_complex.py
[2025-03-06T01:15:36.502+0000] {logging_mixin.py:190} INFO - [2025-03-06T01:15:36.501+0000] {dag.py:3239} INFO - Sync 1 DAGs
[2025-03-06T01:15:36.516+0000] {logging_mixin.py:190} INFO - [2025-03-06T01:15:36.516+0000] {dag.py:4180} INFO - Setting next_dagrun for example_complex to None, run_after=None
[2025-03-06T01:15:36.541+0000] {processor.py:208} INFO - Processing /home/ubuntu/redfin_venv/lib/python3.12/site-packages/airflow/example_dags/example_complex.py took 0.091 seconds
[2025-03-06T01:16:39.246+0000] {processor.py:186} INFO - Started process (PID=7877) to work on /home/ubuntu/redfin_venv/lib/python3.12/site-packages/airflow/example_dags/example_complex.py
[2025-03-06T01:16:39.248+0000] {processor.py:914} INFO - Processing file /home/ubuntu/redfin_venv/lib/python3.12/site-packages/airflow/example_dags/example_complex.py for tasks to queue
[2025-03-06T01:16:39.251+0000] {logging_mixin.py:190} INFO - [2025-03-06T01:16:39.250+0000] {dagbag.py:588} INFO - Filling up the DagBag from /home/ubuntu/redfin_venv/lib/python3.12/site-packages/airflow/example_dags/example_complex.py
[2025-03-06T01:16:39.266+0000] {processor.py:925} INFO - DAG(s) 'example_complex' retrieved from /home/ubuntu/redfin_venv/lib/python3.12/site-packages/airflow/example_dags/example_complex.py
[2025-03-06T01:16:39.300+0000] {logging_mixin.py:190} INFO - [2025-03-06T01:16:39.300+0000] {dag.py:3239} INFO - Sync 1 DAGs
[2025-03-06T01:16:39.317+0000] {logging_mixin.py:190} INFO - [2025-03-06T01:16:39.317+0000] {dag.py:4180} INFO - Setting next_dagrun for example_complex to None, run_after=None
[2025-03-06T01:16:39.347+0000] {processor.py:208} INFO - Processing /home/ubuntu/redfin_venv/lib/python3.12/site-packages/airflow/example_dags/example_complex.py took 0.108 seconds
[2025-03-06T01:17:39.755+0000] {processor.py:186} INFO - Started process (PID=8184) to work on /home/ubuntu/redfin_venv/lib/python3.12/site-packages/airflow/example_dags/example_complex.py
[2025-03-06T01:17:39.757+0000] {processor.py:914} INFO - Processing file /home/ubuntu/redfin_venv/lib/python3.12/site-packages/airflow/example_dags/example_complex.py for tasks to queue
[2025-03-06T01:17:39.765+0000] {logging_mixin.py:190} INFO - [2025-03-06T01:17:39.765+0000] {dagbag.py:588} INFO - Filling up the DagBag from /home/ubuntu/redfin_venv/lib/python3.12/site-packages/airflow/example_dags/example_complex.py
[2025-03-06T01:17:39.784+0000] {processor.py:925} INFO - DAG(s) 'example_complex' retrieved from /home/ubuntu/redfin_venv/lib/python3.12/site-packages/airflow/example_dags/example_complex.py
[2025-03-06T01:17:39.830+0000] {logging_mixin.py:190} INFO - [2025-03-06T01:17:39.829+0000] {dag.py:3239} INFO - Sync 1 DAGs
[2025-03-06T01:17:39.854+0000] {logging_mixin.py:190} INFO - [2025-03-06T01:17:39.853+0000] {dag.py:4180} INFO - Setting next_dagrun for example_complex to None, run_after=None
[2025-03-06T01:17:39.900+0000] {processor.py:208} INFO - Processing /home/ubuntu/redfin_venv/lib/python3.12/site-packages/airflow/example_dags/example_complex.py took 0.154 seconds
[2025-03-06T01:18:39.216+0000] {processor.py:186} INFO - Started process (PID=8414) to work on /home/ubuntu/redfin_venv/lib/python3.12/site-packages/airflow/example_dags/example_complex.py
[2025-03-06T01:18:39.220+0000] {processor.py:914} INFO - Processing file /home/ubuntu/redfin_venv/lib/python3.12/site-packages/airflow/example_dags/example_complex.py for tasks to queue
[2025-03-06T01:18:39.227+0000] {logging_mixin.py:190} INFO - [2025-03-06T01:18:39.225+0000] {dagbag.py:588} INFO - Filling up the DagBag from /home/ubuntu/redfin_venv/lib/python3.12/site-packages/airflow/example_dags/example_complex.py
[2025-03-06T01:18:39.248+0000] {processor.py:925} INFO - DAG(s) 'example_complex' retrieved from /home/ubuntu/redfin_venv/lib/python3.12/site-packages/airflow/example_dags/example_complex.py
[2025-03-06T01:18:39.282+0000] {logging_mixin.py:190} INFO - [2025-03-06T01:18:39.281+0000] {dag.py:3239} INFO - Sync 1 DAGs
[2025-03-06T01:18:39.301+0000] {logging_mixin.py:190} INFO - [2025-03-06T01:18:39.301+0000] {dag.py:4180} INFO - Setting next_dagrun for example_complex to None, run_after=None
[2025-03-06T01:18:39.333+0000] {processor.py:208} INFO - Processing /home/ubuntu/redfin_venv/lib/python3.12/site-packages/airflow/example_dags/example_complex.py took 0.129 seconds
[2025-03-06T01:19:47.740+0000] {processor.py:186} INFO - Started process (PID=8579) to work on /home/ubuntu/redfin_venv/lib/python3.12/site-packages/airflow/example_dags/example_complex.py
[2025-03-06T01:19:47.742+0000] {processor.py:914} INFO - Processing file /home/ubuntu/redfin_venv/lib/python3.12/site-packages/airflow/example_dags/example_complex.py for tasks to queue
[2025-03-06T01:19:47.744+0000] {logging_mixin.py:190} INFO - [2025-03-06T01:19:47.743+0000] {dagbag.py:588} INFO - Filling up the DagBag from /home/ubuntu/redfin_venv/lib/python3.12/site-packages/airflow/example_dags/example_complex.py
[2025-03-06T01:19:47.757+0000] {processor.py:925} INFO - DAG(s) 'example_complex' retrieved from /home/ubuntu/redfin_venv/lib/python3.12/site-packages/airflow/example_dags/example_complex.py
[2025-03-06T01:19:47.824+0000] {logging_mixin.py:190} INFO - [2025-03-06T01:19:47.823+0000] {dag.py:3239} INFO - Sync 1 DAGs
[2025-03-06T01:19:47.837+0000] {logging_mixin.py:190} INFO - [2025-03-06T01:19:47.837+0000] {dag.py:4180} INFO - Setting next_dagrun for example_complex to None, run_after=None
[2025-03-06T01:19:47.872+0000] {processor.py:208} INFO - Processing /home/ubuntu/redfin_venv/lib/python3.12/site-packages/airflow/example_dags/example_complex.py took 0.138 seconds
