[2025-03-06T00:58:54.369+0000] {processor.py:186} INFO - Started process (PID=3709) to work on /home/ubuntu/redfin_venv/lib/python3.12/site-packages/airflow/example_dags/example_inlet_event_extra.py
[2025-03-06T00:58:54.370+0000] {processor.py:914} INFO - Processing file /home/ubuntu/redfin_venv/lib/python3.12/site-packages/airflow/example_dags/example_inlet_event_extra.py for tasks to queue
[2025-03-06T00:58:54.372+0000] {logging_mixin.py:190} INFO - [2025-03-06T00:58:54.372+0000] {dagbag.py:588} INFO - Filling up the DagBag from /home/ubuntu/redfin_venv/lib/python3.12/site-packages/airflow/example_dags/example_inlet_event_extra.py
[2025-03-06T00:58:54.386+0000] {processor.py:925} INFO - DAG(s) 'read_dataset_event_from_classic', 'read_dataset_event' retrieved from /home/ubuntu/redfin_venv/lib/python3.12/site-packages/airflow/example_dags/example_inlet_event_extra.py
[2025-03-06T00:58:54.407+0000] {logging_mixin.py:190} INFO - [2025-03-06T00:58:54.406+0000] {dag.py:3239} INFO - Sync 2 DAGs
[2025-03-06T00:58:54.429+0000] {logging_mixin.py:190} INFO - [2025-03-06T00:58:54.429+0000] {dag.py:4180} INFO - Setting next_dagrun for read_dataset_event to 2025-03-05 00:00:00+00:00, run_after=2025-03-06 00:00:00+00:00
[2025-03-06T00:58:54.433+0000] {logging_mixin.py:190} INFO - [2025-03-06T00:58:54.433+0000] {dag.py:4180} INFO - Setting next_dagrun for read_dataset_event_from_classic to 2025-03-05 00:00:00+00:00, run_after=2025-03-06 00:00:00+00:00
[2025-03-06T00:58:54.455+0000] {processor.py:208} INFO - Processing /home/ubuntu/redfin_venv/lib/python3.12/site-packages/airflow/example_dags/example_inlet_event_extra.py took 0.092 seconds
[2025-03-06T00:59:52.894+0000] {processor.py:186} INFO - Started process (PID=4072) to work on /home/ubuntu/redfin_venv/lib/python3.12/site-packages/airflow/example_dags/example_inlet_event_extra.py
[2025-03-06T00:59:52.896+0000] {processor.py:914} INFO - Processing file /home/ubuntu/redfin_venv/lib/python3.12/site-packages/airflow/example_dags/example_inlet_event_extra.py for tasks to queue
[2025-03-06T00:59:52.898+0000] {logging_mixin.py:190} INFO - [2025-03-06T00:59:52.898+0000] {dagbag.py:588} INFO - Filling up the DagBag from /home/ubuntu/redfin_venv/lib/python3.12/site-packages/airflow/example_dags/example_inlet_event_extra.py
[2025-03-06T00:59:52.924+0000] {processor.py:925} INFO - DAG(s) 'read_dataset_event', 'read_dataset_event_from_classic' retrieved from /home/ubuntu/redfin_venv/lib/python3.12/site-packages/airflow/example_dags/example_inlet_event_extra.py
[2025-03-06T00:59:52.961+0000] {logging_mixin.py:190} INFO - [2025-03-06T00:59:52.961+0000] {dag.py:3239} INFO - Sync 2 DAGs
[2025-03-06T00:59:52.995+0000] {logging_mixin.py:190} INFO - [2025-03-06T00:59:52.994+0000] {dag.py:4180} INFO - Setting next_dagrun for read_dataset_event to 2025-03-05 00:00:00+00:00, run_after=2025-03-06 00:00:00+00:00
[2025-03-06T00:59:53.002+0000] {logging_mixin.py:190} INFO - [2025-03-06T00:59:53.002+0000] {dag.py:4180} INFO - Setting next_dagrun for read_dataset_event_from_classic to 2025-03-05 00:00:00+00:00, run_after=2025-03-06 00:00:00+00:00
[2025-03-06T00:59:53.031+0000] {processor.py:208} INFO - Processing /home/ubuntu/redfin_venv/lib/python3.12/site-packages/airflow/example_dags/example_inlet_event_extra.py took 0.144 seconds
[2025-03-06T01:00:53.789+0000] {processor.py:186} INFO - Started process (PID=4672) to work on /home/ubuntu/redfin_venv/lib/python3.12/site-packages/airflow/example_dags/example_inlet_event_extra.py
[2025-03-06T01:00:53.793+0000] {processor.py:914} INFO - Processing file /home/ubuntu/redfin_venv/lib/python3.12/site-packages/airflow/example_dags/example_inlet_event_extra.py for tasks to queue
[2025-03-06T01:00:53.802+0000] {logging_mixin.py:190} INFO - [2025-03-06T01:00:53.802+0000] {dagbag.py:588} INFO - Filling up the DagBag from /home/ubuntu/redfin_venv/lib/python3.12/site-packages/airflow/example_dags/example_inlet_event_extra.py
[2025-03-06T01:00:53.828+0000] {processor.py:925} INFO - DAG(s) 'read_dataset_event', 'read_dataset_event_from_classic' retrieved from /home/ubuntu/redfin_venv/lib/python3.12/site-packages/airflow/example_dags/example_inlet_event_extra.py
[2025-03-06T01:00:53.853+0000] {logging_mixin.py:190} INFO - [2025-03-06T01:00:53.852+0000] {dag.py:3239} INFO - Sync 2 DAGs
[2025-03-06T01:00:53.897+0000] {logging_mixin.py:190} INFO - [2025-03-06T01:00:53.896+0000] {dag.py:4180} INFO - Setting next_dagrun for read_dataset_event to 2025-03-05 00:00:00+00:00, run_after=2025-03-06 00:00:00+00:00
[2025-03-06T01:00:53.904+0000] {logging_mixin.py:190} INFO - [2025-03-06T01:00:53.904+0000] {dag.py:4180} INFO - Setting next_dagrun for read_dataset_event_from_classic to 2025-03-05 00:00:00+00:00, run_after=2025-03-06 00:00:00+00:00
[2025-03-06T01:00:53.938+0000] {processor.py:208} INFO - Processing /home/ubuntu/redfin_venv/lib/python3.12/site-packages/airflow/example_dags/example_inlet_event_extra.py took 0.162 seconds
[2025-03-06T01:01:56.659+0000] {processor.py:186} INFO - Started process (PID=4977) to work on /home/ubuntu/redfin_venv/lib/python3.12/site-packages/airflow/example_dags/example_inlet_event_extra.py
[2025-03-06T01:01:56.662+0000] {processor.py:914} INFO - Processing file /home/ubuntu/redfin_venv/lib/python3.12/site-packages/airflow/example_dags/example_inlet_event_extra.py for tasks to queue
[2025-03-06T01:01:56.666+0000] {logging_mixin.py:190} INFO - [2025-03-06T01:01:56.666+0000] {dagbag.py:588} INFO - Filling up the DagBag from /home/ubuntu/redfin_venv/lib/python3.12/site-packages/airflow/example_dags/example_inlet_event_extra.py
[2025-03-06T01:01:56.687+0000] {processor.py:925} INFO - DAG(s) 'read_dataset_event_from_classic', 'read_dataset_event' retrieved from /home/ubuntu/redfin_venv/lib/python3.12/site-packages/airflow/example_dags/example_inlet_event_extra.py
[2025-03-06T01:01:56.710+0000] {logging_mixin.py:190} INFO - [2025-03-06T01:01:56.709+0000] {dag.py:3239} INFO - Sync 2 DAGs
[2025-03-06T01:01:56.740+0000] {logging_mixin.py:190} INFO - [2025-03-06T01:01:56.740+0000] {dag.py:4180} INFO - Setting next_dagrun for read_dataset_event to 2025-03-05 00:00:00+00:00, run_after=2025-03-06 00:00:00+00:00
[2025-03-06T01:01:56.746+0000] {logging_mixin.py:190} INFO - [2025-03-06T01:01:56.746+0000] {dag.py:4180} INFO - Setting next_dagrun for read_dataset_event_from_classic to 2025-03-05 00:00:00+00:00, run_after=2025-03-06 00:00:00+00:00
[2025-03-06T01:01:56.772+0000] {processor.py:208} INFO - Processing /home/ubuntu/redfin_venv/lib/python3.12/site-packages/airflow/example_dags/example_inlet_event_extra.py took 0.124 seconds
[2025-03-06T01:02:57.800+0000] {processor.py:186} INFO - Started process (PID=5216) to work on /home/ubuntu/redfin_venv/lib/python3.12/site-packages/airflow/example_dags/example_inlet_event_extra.py
[2025-03-06T01:02:57.802+0000] {processor.py:914} INFO - Processing file /home/ubuntu/redfin_venv/lib/python3.12/site-packages/airflow/example_dags/example_inlet_event_extra.py for tasks to queue
[2025-03-06T01:02:57.805+0000] {logging_mixin.py:190} INFO - [2025-03-06T01:02:57.804+0000] {dagbag.py:588} INFO - Filling up the DagBag from /home/ubuntu/redfin_venv/lib/python3.12/site-packages/airflow/example_dags/example_inlet_event_extra.py
[2025-03-06T01:02:57.839+0000] {processor.py:925} INFO - DAG(s) 'read_dataset_event_from_classic', 'read_dataset_event' retrieved from /home/ubuntu/redfin_venv/lib/python3.12/site-packages/airflow/example_dags/example_inlet_event_extra.py
[2025-03-06T01:02:57.874+0000] {logging_mixin.py:190} INFO - [2025-03-06T01:02:57.874+0000] {dag.py:3239} INFO - Sync 2 DAGs
[2025-03-06T01:02:57.908+0000] {logging_mixin.py:190} INFO - [2025-03-06T01:02:57.908+0000] {dag.py:4180} INFO - Setting next_dagrun for read_dataset_event to 2025-03-05 00:00:00+00:00, run_after=2025-03-06 00:00:00+00:00
[2025-03-06T01:02:57.913+0000] {logging_mixin.py:190} INFO - [2025-03-06T01:02:57.913+0000] {dag.py:4180} INFO - Setting next_dagrun for read_dataset_event_from_classic to 2025-03-05 00:00:00+00:00, run_after=2025-03-06 00:00:00+00:00
[2025-03-06T01:02:57.941+0000] {processor.py:208} INFO - Processing /home/ubuntu/redfin_venv/lib/python3.12/site-packages/airflow/example_dags/example_inlet_event_extra.py took 0.148 seconds
[2025-03-06T01:03:56.404+0000] {processor.py:186} INFO - Started process (PID=5395) to work on /home/ubuntu/redfin_venv/lib/python3.12/site-packages/airflow/example_dags/example_inlet_event_extra.py
[2025-03-06T01:03:56.406+0000] {processor.py:914} INFO - Processing file /home/ubuntu/redfin_venv/lib/python3.12/site-packages/airflow/example_dags/example_inlet_event_extra.py for tasks to queue
[2025-03-06T01:03:56.408+0000] {logging_mixin.py:190} INFO - [2025-03-06T01:03:56.408+0000] {dagbag.py:588} INFO - Filling up the DagBag from /home/ubuntu/redfin_venv/lib/python3.12/site-packages/airflow/example_dags/example_inlet_event_extra.py
[2025-03-06T01:03:56.423+0000] {processor.py:925} INFO - DAG(s) 'read_dataset_event', 'read_dataset_event_from_classic' retrieved from /home/ubuntu/redfin_venv/lib/python3.12/site-packages/airflow/example_dags/example_inlet_event_extra.py
[2025-03-06T01:03:56.442+0000] {logging_mixin.py:190} INFO - [2025-03-06T01:03:56.442+0000] {dag.py:3239} INFO - Sync 2 DAGs
[2025-03-06T01:03:56.471+0000] {logging_mixin.py:190} INFO - [2025-03-06T01:03:56.471+0000] {dag.py:4180} INFO - Setting next_dagrun for read_dataset_event to 2025-03-05 00:00:00+00:00, run_after=2025-03-06 00:00:00+00:00
[2025-03-06T01:03:56.476+0000] {logging_mixin.py:190} INFO - [2025-03-06T01:03:56.475+0000] {dag.py:4180} INFO - Setting next_dagrun for read_dataset_event_from_classic to 2025-03-05 00:00:00+00:00, run_after=2025-03-06 00:00:00+00:00
[2025-03-06T01:03:56.498+0000] {processor.py:208} INFO - Processing /home/ubuntu/redfin_venv/lib/python3.12/site-packages/airflow/example_dags/example_inlet_event_extra.py took 0.100 seconds
[2025-03-06T01:05:00.496+0000] {processor.py:186} INFO - Started process (PID=5516) to work on /home/ubuntu/redfin_venv/lib/python3.12/site-packages/airflow/example_dags/example_inlet_event_extra.py
[2025-03-06T01:05:00.498+0000] {processor.py:914} INFO - Processing file /home/ubuntu/redfin_venv/lib/python3.12/site-packages/airflow/example_dags/example_inlet_event_extra.py for tasks to queue
[2025-03-06T01:05:00.503+0000] {logging_mixin.py:190} INFO - [2025-03-06T01:05:00.502+0000] {dagbag.py:588} INFO - Filling up the DagBag from /home/ubuntu/redfin_venv/lib/python3.12/site-packages/airflow/example_dags/example_inlet_event_extra.py
[2025-03-06T01:05:00.549+0000] {processor.py:925} INFO - DAG(s) 'read_dataset_event_from_classic', 'read_dataset_event' retrieved from /home/ubuntu/redfin_venv/lib/python3.12/site-packages/airflow/example_dags/example_inlet_event_extra.py
[2025-03-06T01:05:00.586+0000] {logging_mixin.py:190} INFO - [2025-03-06T01:05:00.586+0000] {dag.py:3239} INFO - Sync 2 DAGs
[2025-03-06T01:05:00.629+0000] {logging_mixin.py:190} INFO - [2025-03-06T01:05:00.629+0000] {dag.py:4180} INFO - Setting next_dagrun for read_dataset_event to 2025-03-05 00:00:00+00:00, run_after=2025-03-06 00:00:00+00:00
[2025-03-06T01:05:00.635+0000] {logging_mixin.py:190} INFO - [2025-03-06T01:05:00.635+0000] {dag.py:4180} INFO - Setting next_dagrun for read_dataset_event_from_classic to 2025-03-05 00:00:00+00:00, run_after=2025-03-06 00:00:00+00:00
[2025-03-06T01:05:00.675+0000] {processor.py:208} INFO - Processing /home/ubuntu/redfin_venv/lib/python3.12/site-packages/airflow/example_dags/example_inlet_event_extra.py took 0.197 seconds
[2025-03-06T01:06:04.874+0000] {processor.py:186} INFO - Started process (PID=5640) to work on /home/ubuntu/redfin_venv/lib/python3.12/site-packages/airflow/example_dags/example_inlet_event_extra.py
[2025-03-06T01:06:04.876+0000] {processor.py:914} INFO - Processing file /home/ubuntu/redfin_venv/lib/python3.12/site-packages/airflow/example_dags/example_inlet_event_extra.py for tasks to queue
[2025-03-06T01:06:04.878+0000] {logging_mixin.py:190} INFO - [2025-03-06T01:06:04.878+0000] {dagbag.py:588} INFO - Filling up the DagBag from /home/ubuntu/redfin_venv/lib/python3.12/site-packages/airflow/example_dags/example_inlet_event_extra.py
[2025-03-06T01:06:04.895+0000] {processor.py:925} INFO - DAG(s) 'read_dataset_event', 'read_dataset_event_from_classic' retrieved from /home/ubuntu/redfin_venv/lib/python3.12/site-packages/airflow/example_dags/example_inlet_event_extra.py
[2025-03-06T01:06:04.916+0000] {logging_mixin.py:190} INFO - [2025-03-06T01:06:04.916+0000] {dag.py:3239} INFO - Sync 2 DAGs
[2025-03-06T01:06:04.943+0000] {logging_mixin.py:190} INFO - [2025-03-06T01:06:04.943+0000] {dag.py:4180} INFO - Setting next_dagrun for read_dataset_event to 2025-03-05 00:00:00+00:00, run_after=2025-03-06 00:00:00+00:00
[2025-03-06T01:06:04.948+0000] {logging_mixin.py:190} INFO - [2025-03-06T01:06:04.947+0000] {dag.py:4180} INFO - Setting next_dagrun for read_dataset_event_from_classic to 2025-03-05 00:00:00+00:00, run_after=2025-03-06 00:00:00+00:00
[2025-03-06T01:06:04.973+0000] {processor.py:208} INFO - Processing /home/ubuntu/redfin_venv/lib/python3.12/site-packages/airflow/example_dags/example_inlet_event_extra.py took 0.107 seconds
[2025-03-06T01:07:10.106+0000] {processor.py:186} INFO - Started process (PID=6063) to work on /home/ubuntu/redfin_venv/lib/python3.12/site-packages/airflow/example_dags/example_inlet_event_extra.py
[2025-03-06T01:07:10.107+0000] {processor.py:914} INFO - Processing file /home/ubuntu/redfin_venv/lib/python3.12/site-packages/airflow/example_dags/example_inlet_event_extra.py for tasks to queue
[2025-03-06T01:07:10.111+0000] {logging_mixin.py:190} INFO - [2025-03-06T01:07:10.110+0000] {dagbag.py:588} INFO - Filling up the DagBag from /home/ubuntu/redfin_venv/lib/python3.12/site-packages/airflow/example_dags/example_inlet_event_extra.py
[2025-03-06T01:07:10.138+0000] {processor.py:925} INFO - DAG(s) 'read_dataset_event_from_classic', 'read_dataset_event' retrieved from /home/ubuntu/redfin_venv/lib/python3.12/site-packages/airflow/example_dags/example_inlet_event_extra.py
[2025-03-06T01:07:10.163+0000] {logging_mixin.py:190} INFO - [2025-03-06T01:07:10.163+0000] {dag.py:3239} INFO - Sync 2 DAGs
[2025-03-06T01:07:10.204+0000] {logging_mixin.py:190} INFO - [2025-03-06T01:07:10.203+0000] {dag.py:4180} INFO - Setting next_dagrun for read_dataset_event to 2025-03-05 00:00:00+00:00, run_after=2025-03-06 00:00:00+00:00
[2025-03-06T01:07:10.213+0000] {logging_mixin.py:190} INFO - [2025-03-06T01:07:10.212+0000] {dag.py:4180} INFO - Setting next_dagrun for read_dataset_event_from_classic to 2025-03-05 00:00:00+00:00, run_after=2025-03-06 00:00:00+00:00
[2025-03-06T01:07:10.259+0000] {processor.py:208} INFO - Processing /home/ubuntu/redfin_venv/lib/python3.12/site-packages/airflow/example_dags/example_inlet_event_extra.py took 0.166 seconds
[2025-03-06T01:08:12.577+0000] {processor.py:186} INFO - Started process (PID=6422) to work on /home/ubuntu/redfin_venv/lib/python3.12/site-packages/airflow/example_dags/example_inlet_event_extra.py
[2025-03-06T01:08:12.578+0000] {processor.py:914} INFO - Processing file /home/ubuntu/redfin_venv/lib/python3.12/site-packages/airflow/example_dags/example_inlet_event_extra.py for tasks to queue
[2025-03-06T01:08:12.580+0000] {logging_mixin.py:190} INFO - [2025-03-06T01:08:12.580+0000] {dagbag.py:588} INFO - Filling up the DagBag from /home/ubuntu/redfin_venv/lib/python3.12/site-packages/airflow/example_dags/example_inlet_event_extra.py
[2025-03-06T01:08:12.598+0000] {processor.py:925} INFO - DAG(s) 'read_dataset_event', 'read_dataset_event_from_classic' retrieved from /home/ubuntu/redfin_venv/lib/python3.12/site-packages/airflow/example_dags/example_inlet_event_extra.py
[2025-03-06T01:08:12.619+0000] {logging_mixin.py:190} INFO - [2025-03-06T01:08:12.619+0000] {dag.py:3239} INFO - Sync 2 DAGs
[2025-03-06T01:08:12.642+0000] {logging_mixin.py:190} INFO - [2025-03-06T01:08:12.642+0000] {dag.py:4180} INFO - Setting next_dagrun for read_dataset_event to 2025-03-05 00:00:00+00:00, run_after=2025-03-06 00:00:00+00:00
[2025-03-06T01:08:12.647+0000] {logging_mixin.py:190} INFO - [2025-03-06T01:08:12.647+0000] {dag.py:4180} INFO - Setting next_dagrun for read_dataset_event_from_classic to 2025-03-05 00:00:00+00:00, run_after=2025-03-06 00:00:00+00:00
[2025-03-06T01:08:12.671+0000] {processor.py:208} INFO - Processing /home/ubuntu/redfin_venv/lib/python3.12/site-packages/airflow/example_dags/example_inlet_event_extra.py took 0.102 seconds
[2025-03-06T01:09:12.358+0000] {processor.py:186} INFO - Started process (PID=6721) to work on /home/ubuntu/redfin_venv/lib/python3.12/site-packages/airflow/example_dags/example_inlet_event_extra.py
[2025-03-06T01:09:12.360+0000] {processor.py:914} INFO - Processing file /home/ubuntu/redfin_venv/lib/python3.12/site-packages/airflow/example_dags/example_inlet_event_extra.py for tasks to queue
[2025-03-06T01:09:12.362+0000] {logging_mixin.py:190} INFO - [2025-03-06T01:09:12.362+0000] {dagbag.py:588} INFO - Filling up the DagBag from /home/ubuntu/redfin_venv/lib/python3.12/site-packages/airflow/example_dags/example_inlet_event_extra.py
[2025-03-06T01:09:12.379+0000] {processor.py:925} INFO - DAG(s) 'read_dataset_event', 'read_dataset_event_from_classic' retrieved from /home/ubuntu/redfin_venv/lib/python3.12/site-packages/airflow/example_dags/example_inlet_event_extra.py
[2025-03-06T01:09:12.401+0000] {logging_mixin.py:190} INFO - [2025-03-06T01:09:12.400+0000] {dag.py:3239} INFO - Sync 2 DAGs
[2025-03-06T01:09:12.431+0000] {logging_mixin.py:190} INFO - [2025-03-06T01:09:12.431+0000] {dag.py:4180} INFO - Setting next_dagrun for read_dataset_event to 2025-03-05 00:00:00+00:00, run_after=2025-03-06 00:00:00+00:00
[2025-03-06T01:09:12.437+0000] {logging_mixin.py:190} INFO - [2025-03-06T01:09:12.437+0000] {dag.py:4180} INFO - Setting next_dagrun for read_dataset_event_from_classic to 2025-03-05 00:00:00+00:00, run_after=2025-03-06 00:00:00+00:00
[2025-03-06T01:09:12.464+0000] {processor.py:208} INFO - Processing /home/ubuntu/redfin_venv/lib/python3.12/site-packages/airflow/example_dags/example_inlet_event_extra.py took 0.113 seconds
[2025-03-06T01:10:15.145+0000] {processor.py:186} INFO - Started process (PID=6870) to work on /home/ubuntu/redfin_venv/lib/python3.12/site-packages/airflow/example_dags/example_inlet_event_extra.py
[2025-03-06T01:10:15.146+0000] {processor.py:914} INFO - Processing file /home/ubuntu/redfin_venv/lib/python3.12/site-packages/airflow/example_dags/example_inlet_event_extra.py for tasks to queue
[2025-03-06T01:10:15.148+0000] {logging_mixin.py:190} INFO - [2025-03-06T01:10:15.148+0000] {dagbag.py:588} INFO - Filling up the DagBag from /home/ubuntu/redfin_venv/lib/python3.12/site-packages/airflow/example_dags/example_inlet_event_extra.py
[2025-03-06T01:10:15.167+0000] {processor.py:925} INFO - DAG(s) 'read_dataset_event', 'read_dataset_event_from_classic' retrieved from /home/ubuntu/redfin_venv/lib/python3.12/site-packages/airflow/example_dags/example_inlet_event_extra.py
[2025-03-06T01:10:15.189+0000] {logging_mixin.py:190} INFO - [2025-03-06T01:10:15.188+0000] {dag.py:3239} INFO - Sync 2 DAGs
[2025-03-06T01:10:15.214+0000] {logging_mixin.py:190} INFO - [2025-03-06T01:10:15.214+0000] {dag.py:4180} INFO - Setting next_dagrun for read_dataset_event to 2025-03-05 00:00:00+00:00, run_after=2025-03-06 00:00:00+00:00
[2025-03-06T01:10:15.219+0000] {logging_mixin.py:190} INFO - [2025-03-06T01:10:15.219+0000] {dag.py:4180} INFO - Setting next_dagrun for read_dataset_event_from_classic to 2025-03-05 00:00:00+00:00, run_after=2025-03-06 00:00:00+00:00
[2025-03-06T01:10:15.245+0000] {processor.py:208} INFO - Processing /home/ubuntu/redfin_venv/lib/python3.12/site-packages/airflow/example_dags/example_inlet_event_extra.py took 0.108 seconds
[2025-03-06T01:11:16.544+0000] {processor.py:186} INFO - Started process (PID=7024) to work on /home/ubuntu/redfin_venv/lib/python3.12/site-packages/airflow/example_dags/example_inlet_event_extra.py
[2025-03-06T01:11:16.545+0000] {processor.py:914} INFO - Processing file /home/ubuntu/redfin_venv/lib/python3.12/site-packages/airflow/example_dags/example_inlet_event_extra.py for tasks to queue
[2025-03-06T01:11:16.548+0000] {logging_mixin.py:190} INFO - [2025-03-06T01:11:16.547+0000] {dagbag.py:588} INFO - Filling up the DagBag from /home/ubuntu/redfin_venv/lib/python3.12/site-packages/airflow/example_dags/example_inlet_event_extra.py
[2025-03-06T01:11:16.562+0000] {processor.py:925} INFO - DAG(s) 'read_dataset_event_from_classic', 'read_dataset_event' retrieved from /home/ubuntu/redfin_venv/lib/python3.12/site-packages/airflow/example_dags/example_inlet_event_extra.py
[2025-03-06T01:11:16.583+0000] {logging_mixin.py:190} INFO - [2025-03-06T01:11:16.583+0000] {dag.py:3239} INFO - Sync 2 DAGs
[2025-03-06T01:11:16.606+0000] {logging_mixin.py:190} INFO - [2025-03-06T01:11:16.606+0000] {dag.py:4180} INFO - Setting next_dagrun for read_dataset_event to 2025-03-05 00:00:00+00:00, run_after=2025-03-06 00:00:00+00:00
[2025-03-06T01:11:16.611+0000] {logging_mixin.py:190} INFO - [2025-03-06T01:11:16.611+0000] {dag.py:4180} INFO - Setting next_dagrun for read_dataset_event_from_classic to 2025-03-05 00:00:00+00:00, run_after=2025-03-06 00:00:00+00:00
[2025-03-06T01:11:16.634+0000] {processor.py:208} INFO - Processing /home/ubuntu/redfin_venv/lib/python3.12/site-packages/airflow/example_dags/example_inlet_event_extra.py took 0.096 seconds
[2025-03-06T01:12:21.397+0000] {processor.py:186} INFO - Started process (PID=7144) to work on /home/ubuntu/redfin_venv/lib/python3.12/site-packages/airflow/example_dags/example_inlet_event_extra.py
[2025-03-06T01:12:21.399+0000] {processor.py:914} INFO - Processing file /home/ubuntu/redfin_venv/lib/python3.12/site-packages/airflow/example_dags/example_inlet_event_extra.py for tasks to queue
[2025-03-06T01:12:21.402+0000] {logging_mixin.py:190} INFO - [2025-03-06T01:12:21.401+0000] {dagbag.py:588} INFO - Filling up the DagBag from /home/ubuntu/redfin_venv/lib/python3.12/site-packages/airflow/example_dags/example_inlet_event_extra.py
[2025-03-06T01:12:21.417+0000] {processor.py:925} INFO - DAG(s) 'read_dataset_event', 'read_dataset_event_from_classic' retrieved from /home/ubuntu/redfin_venv/lib/python3.12/site-packages/airflow/example_dags/example_inlet_event_extra.py
[2025-03-06T01:12:21.438+0000] {logging_mixin.py:190} INFO - [2025-03-06T01:12:21.438+0000] {dag.py:3239} INFO - Sync 2 DAGs
[2025-03-06T01:12:21.463+0000] {logging_mixin.py:190} INFO - [2025-03-06T01:12:21.462+0000] {dag.py:4180} INFO - Setting next_dagrun for read_dataset_event to 2025-03-05 00:00:00+00:00, run_after=2025-03-06 00:00:00+00:00
[2025-03-06T01:12:21.468+0000] {logging_mixin.py:190} INFO - [2025-03-06T01:12:21.468+0000] {dag.py:4180} INFO - Setting next_dagrun for read_dataset_event_from_classic to 2025-03-05 00:00:00+00:00, run_after=2025-03-06 00:00:00+00:00
[2025-03-06T01:12:21.493+0000] {processor.py:208} INFO - Processing /home/ubuntu/redfin_venv/lib/python3.12/site-packages/airflow/example_dags/example_inlet_event_extra.py took 0.102 seconds
[2025-03-06T01:13:23.869+0000] {processor.py:186} INFO - Started process (PID=7326) to work on /home/ubuntu/redfin_venv/lib/python3.12/site-packages/airflow/example_dags/example_inlet_event_extra.py
[2025-03-06T01:13:23.871+0000] {processor.py:914} INFO - Processing file /home/ubuntu/redfin_venv/lib/python3.12/site-packages/airflow/example_dags/example_inlet_event_extra.py for tasks to queue
[2025-03-06T01:13:23.874+0000] {logging_mixin.py:190} INFO - [2025-03-06T01:13:23.874+0000] {dagbag.py:588} INFO - Filling up the DagBag from /home/ubuntu/redfin_venv/lib/python3.12/site-packages/airflow/example_dags/example_inlet_event_extra.py
[2025-03-06T01:13:23.890+0000] {processor.py:925} INFO - DAG(s) 'read_dataset_event', 'read_dataset_event_from_classic' retrieved from /home/ubuntu/redfin_venv/lib/python3.12/site-packages/airflow/example_dags/example_inlet_event_extra.py
[2025-03-06T01:13:23.911+0000] {logging_mixin.py:190} INFO - [2025-03-06T01:13:23.911+0000] {dag.py:3239} INFO - Sync 2 DAGs
[2025-03-06T01:13:23.938+0000] {logging_mixin.py:190} INFO - [2025-03-06T01:13:23.937+0000] {dag.py:4180} INFO - Setting next_dagrun for read_dataset_event to 2025-03-05 00:00:00+00:00, run_after=2025-03-06 00:00:00+00:00
[2025-03-06T01:13:23.944+0000] {logging_mixin.py:190} INFO - [2025-03-06T01:13:23.944+0000] {dag.py:4180} INFO - Setting next_dagrun for read_dataset_event_from_classic to 2025-03-05 00:00:00+00:00, run_after=2025-03-06 00:00:00+00:00
[2025-03-06T01:13:23.968+0000] {processor.py:208} INFO - Processing /home/ubuntu/redfin_venv/lib/python3.12/site-packages/airflow/example_dags/example_inlet_event_extra.py took 0.105 seconds
[2025-03-06T01:14:26.638+0000] {processor.py:186} INFO - Started process (PID=7446) to work on /home/ubuntu/redfin_venv/lib/python3.12/site-packages/airflow/example_dags/example_inlet_event_extra.py
[2025-03-06T01:14:26.641+0000] {processor.py:914} INFO - Processing file /home/ubuntu/redfin_venv/lib/python3.12/site-packages/airflow/example_dags/example_inlet_event_extra.py for tasks to queue
[2025-03-06T01:14:26.643+0000] {logging_mixin.py:190} INFO - [2025-03-06T01:14:26.643+0000] {dagbag.py:588} INFO - Filling up the DagBag from /home/ubuntu/redfin_venv/lib/python3.12/site-packages/airflow/example_dags/example_inlet_event_extra.py
[2025-03-06T01:14:26.658+0000] {processor.py:925} INFO - DAG(s) 'read_dataset_event', 'read_dataset_event_from_classic' retrieved from /home/ubuntu/redfin_venv/lib/python3.12/site-packages/airflow/example_dags/example_inlet_event_extra.py
[2025-03-06T01:14:26.678+0000] {logging_mixin.py:190} INFO - [2025-03-06T01:14:26.678+0000] {dag.py:3239} INFO - Sync 2 DAGs
[2025-03-06T01:14:26.704+0000] {logging_mixin.py:190} INFO - [2025-03-06T01:14:26.704+0000] {dag.py:4180} INFO - Setting next_dagrun for read_dataset_event to 2025-03-05 00:00:00+00:00, run_after=2025-03-06 00:00:00+00:00
[2025-03-06T01:14:26.711+0000] {logging_mixin.py:190} INFO - [2025-03-06T01:14:26.710+0000] {dag.py:4180} INFO - Setting next_dagrun for read_dataset_event_from_classic to 2025-03-05 00:00:00+00:00, run_after=2025-03-06 00:00:00+00:00
[2025-03-06T01:14:26.739+0000] {processor.py:208} INFO - Processing /home/ubuntu/redfin_venv/lib/python3.12/site-packages/airflow/example_dags/example_inlet_event_extra.py took 0.108 seconds
[2025-03-06T01:15:26.595+0000] {processor.py:186} INFO - Started process (PID=7748) to work on /home/ubuntu/redfin_venv/lib/python3.12/site-packages/airflow/example_dags/example_inlet_event_extra.py
[2025-03-06T01:15:26.597+0000] {processor.py:914} INFO - Processing file /home/ubuntu/redfin_venv/lib/python3.12/site-packages/airflow/example_dags/example_inlet_event_extra.py for tasks to queue
[2025-03-06T01:15:26.600+0000] {logging_mixin.py:190} INFO - [2025-03-06T01:15:26.600+0000] {dagbag.py:588} INFO - Filling up the DagBag from /home/ubuntu/redfin_venv/lib/python3.12/site-packages/airflow/example_dags/example_inlet_event_extra.py
[2025-03-06T01:15:26.625+0000] {processor.py:925} INFO - DAG(s) 'read_dataset_event', 'read_dataset_event_from_classic' retrieved from /home/ubuntu/redfin_venv/lib/python3.12/site-packages/airflow/example_dags/example_inlet_event_extra.py
[2025-03-06T01:15:26.657+0000] {logging_mixin.py:190} INFO - [2025-03-06T01:15:26.657+0000] {dag.py:3239} INFO - Sync 2 DAGs
[2025-03-06T01:15:26.691+0000] {logging_mixin.py:190} INFO - [2025-03-06T01:15:26.690+0000] {dag.py:4180} INFO - Setting next_dagrun for read_dataset_event to 2025-03-05 00:00:00+00:00, run_after=2025-03-06 00:00:00+00:00
[2025-03-06T01:15:26.702+0000] {logging_mixin.py:190} INFO - [2025-03-06T01:15:26.702+0000] {dag.py:4180} INFO - Setting next_dagrun for read_dataset_event_from_classic to 2025-03-05 00:00:00+00:00, run_after=2025-03-06 00:00:00+00:00
[2025-03-06T01:15:26.736+0000] {processor.py:208} INFO - Processing /home/ubuntu/redfin_venv/lib/python3.12/site-packages/airflow/example_dags/example_inlet_event_extra.py took 0.150 seconds
[2025-03-06T01:16:27.866+0000] {processor.py:186} INFO - Started process (PID=7868) to work on /home/ubuntu/redfin_venv/lib/python3.12/site-packages/airflow/example_dags/example_inlet_event_extra.py
[2025-03-06T01:16:27.868+0000] {processor.py:914} INFO - Processing file /home/ubuntu/redfin_venv/lib/python3.12/site-packages/airflow/example_dags/example_inlet_event_extra.py for tasks to queue
[2025-03-06T01:16:27.870+0000] {logging_mixin.py:190} INFO - [2025-03-06T01:16:27.870+0000] {dagbag.py:588} INFO - Filling up the DagBag from /home/ubuntu/redfin_venv/lib/python3.12/site-packages/airflow/example_dags/example_inlet_event_extra.py
[2025-03-06T01:16:27.896+0000] {processor.py:925} INFO - DAG(s) 'read_dataset_event', 'read_dataset_event_from_classic' retrieved from /home/ubuntu/redfin_venv/lib/python3.12/site-packages/airflow/example_dags/example_inlet_event_extra.py
[2025-03-06T01:16:27.932+0000] {logging_mixin.py:190} INFO - [2025-03-06T01:16:27.932+0000] {dag.py:3239} INFO - Sync 2 DAGs
[2025-03-06T01:16:27.969+0000] {logging_mixin.py:190} INFO - [2025-03-06T01:16:27.969+0000] {dag.py:4180} INFO - Setting next_dagrun for read_dataset_event to 2025-03-05 00:00:00+00:00, run_after=2025-03-06 00:00:00+00:00
[2025-03-06T01:16:27.974+0000] {logging_mixin.py:190} INFO - [2025-03-06T01:16:27.974+0000] {dag.py:4180} INFO - Setting next_dagrun for read_dataset_event_from_classic to 2025-03-05 00:00:00+00:00, run_after=2025-03-06 00:00:00+00:00
[2025-03-06T01:16:28.013+0000] {processor.py:208} INFO - Processing /home/ubuntu/redfin_venv/lib/python3.12/site-packages/airflow/example_dags/example_inlet_event_extra.py took 0.157 seconds
[2025-03-06T01:17:30.607+0000] {processor.py:186} INFO - Started process (PID=8090) to work on /home/ubuntu/redfin_venv/lib/python3.12/site-packages/airflow/example_dags/example_inlet_event_extra.py
[2025-03-06T01:17:30.609+0000] {processor.py:914} INFO - Processing file /home/ubuntu/redfin_venv/lib/python3.12/site-packages/airflow/example_dags/example_inlet_event_extra.py for tasks to queue
[2025-03-06T01:17:30.611+0000] {logging_mixin.py:190} INFO - [2025-03-06T01:17:30.611+0000] {dagbag.py:588} INFO - Filling up the DagBag from /home/ubuntu/redfin_venv/lib/python3.12/site-packages/airflow/example_dags/example_inlet_event_extra.py
[2025-03-06T01:17:30.636+0000] {processor.py:925} INFO - DAG(s) 'read_dataset_event', 'read_dataset_event_from_classic' retrieved from /home/ubuntu/redfin_venv/lib/python3.12/site-packages/airflow/example_dags/example_inlet_event_extra.py
[2025-03-06T01:17:30.662+0000] {logging_mixin.py:190} INFO - [2025-03-06T01:17:30.662+0000] {dag.py:3239} INFO - Sync 2 DAGs
[2025-03-06T01:17:30.688+0000] {logging_mixin.py:190} INFO - [2025-03-06T01:17:30.688+0000] {dag.py:4180} INFO - Setting next_dagrun for read_dataset_event to 2025-03-05 00:00:00+00:00, run_after=2025-03-06 00:00:00+00:00
[2025-03-06T01:17:30.694+0000] {logging_mixin.py:190} INFO - [2025-03-06T01:17:30.693+0000] {dag.py:4180} INFO - Setting next_dagrun for read_dataset_event_from_classic to 2025-03-05 00:00:00+00:00, run_after=2025-03-06 00:00:00+00:00
[2025-03-06T01:17:30.717+0000] {processor.py:208} INFO - Processing /home/ubuntu/redfin_venv/lib/python3.12/site-packages/airflow/example_dags/example_inlet_event_extra.py took 0.121 seconds
[2025-03-06T01:18:28.934+0000] {processor.py:186} INFO - Started process (PID=8389) to work on /home/ubuntu/redfin_venv/lib/python3.12/site-packages/airflow/example_dags/example_inlet_event_extra.py
[2025-03-06T01:18:28.935+0000] {processor.py:914} INFO - Processing file /home/ubuntu/redfin_venv/lib/python3.12/site-packages/airflow/example_dags/example_inlet_event_extra.py for tasks to queue
[2025-03-06T01:18:28.938+0000] {logging_mixin.py:190} INFO - [2025-03-06T01:18:28.938+0000] {dagbag.py:588} INFO - Filling up the DagBag from /home/ubuntu/redfin_venv/lib/python3.12/site-packages/airflow/example_dags/example_inlet_event_extra.py
[2025-03-06T01:18:28.955+0000] {processor.py:925} INFO - DAG(s) 'read_dataset_event', 'read_dataset_event_from_classic' retrieved from /home/ubuntu/redfin_venv/lib/python3.12/site-packages/airflow/example_dags/example_inlet_event_extra.py
[2025-03-06T01:18:28.979+0000] {logging_mixin.py:190} INFO - [2025-03-06T01:18:28.979+0000] {dag.py:3239} INFO - Sync 2 DAGs
[2025-03-06T01:18:29.007+0000] {logging_mixin.py:190} INFO - [2025-03-06T01:18:29.007+0000] {dag.py:4180} INFO - Setting next_dagrun for read_dataset_event to 2025-03-05 00:00:00+00:00, run_after=2025-03-06 00:00:00+00:00
[2025-03-06T01:18:29.012+0000] {logging_mixin.py:190} INFO - [2025-03-06T01:18:29.012+0000] {dag.py:4180} INFO - Setting next_dagrun for read_dataset_event_from_classic to 2025-03-05 00:00:00+00:00, run_after=2025-03-06 00:00:00+00:00
[2025-03-06T01:18:29.037+0000] {processor.py:208} INFO - Processing /home/ubuntu/redfin_venv/lib/python3.12/site-packages/airflow/example_dags/example_inlet_event_extra.py took 0.112 seconds
[2025-03-06T01:19:37.944+0000] {processor.py:186} INFO - Started process (PID=8570) to work on /home/ubuntu/redfin_venv/lib/python3.12/site-packages/airflow/example_dags/example_inlet_event_extra.py
[2025-03-06T01:19:37.946+0000] {processor.py:914} INFO - Processing file /home/ubuntu/redfin_venv/lib/python3.12/site-packages/airflow/example_dags/example_inlet_event_extra.py for tasks to queue
[2025-03-06T01:19:37.949+0000] {logging_mixin.py:190} INFO - [2025-03-06T01:19:37.948+0000] {dagbag.py:588} INFO - Filling up the DagBag from /home/ubuntu/redfin_venv/lib/python3.12/site-packages/airflow/example_dags/example_inlet_event_extra.py
[2025-03-06T01:19:37.964+0000] {processor.py:925} INFO - DAG(s) 'read_dataset_event', 'read_dataset_event_from_classic' retrieved from /home/ubuntu/redfin_venv/lib/python3.12/site-packages/airflow/example_dags/example_inlet_event_extra.py
[2025-03-06T01:19:37.987+0000] {logging_mixin.py:190} INFO - [2025-03-06T01:19:37.986+0000] {dag.py:3239} INFO - Sync 2 DAGs
[2025-03-06T01:19:38.016+0000] {logging_mixin.py:190} INFO - [2025-03-06T01:19:38.016+0000] {dag.py:4180} INFO - Setting next_dagrun for read_dataset_event to 2025-03-05 00:00:00+00:00, run_after=2025-03-06 00:00:00+00:00
[2025-03-06T01:19:38.026+0000] {logging_mixin.py:190} INFO - [2025-03-06T01:19:38.025+0000] {dag.py:4180} INFO - Setting next_dagrun for read_dataset_event_from_classic to 2025-03-05 00:00:00+00:00, run_after=2025-03-06 00:00:00+00:00
[2025-03-06T01:19:38.063+0000] {processor.py:208} INFO - Processing /home/ubuntu/redfin_venv/lib/python3.12/site-packages/airflow/example_dags/example_inlet_event_extra.py took 0.127 seconds
