[2025-03-06T00:58:58.171+0000] {processor.py:186} INFO - Started process (PID=3713) to work on /home/ubuntu/redfin_venv/lib/python3.12/site-packages/airflow/example_dags/example_kubernetes_executor.py
[2025-03-06T00:58:58.171+0000] {processor.py:914} INFO - Processing file /home/ubuntu/redfin_venv/lib/python3.12/site-packages/airflow/example_dags/example_kubernetes_executor.py for tasks to queue
[2025-03-06T00:58:58.173+0000] {logging_mixin.py:190} INFO - [2025-03-06T00:58:58.173+0000] {dagbag.py:588} INFO - Filling up the DagBag from /home/ubuntu/redfin_venv/lib/python3.12/site-packages/airflow/example_dags/example_kubernetes_executor.py
[2025-03-06T00:58:58.177+0000] {logging_mixin.py:190} INFO - [2025-03-06T00:58:58.176+0000] {example_kubernetes_executor.py:39} WARNING - The example_kubernetes_executor example DAG requires the kubernetes provider. Please install it with: pip install apache-airflow[cncf.kubernetes]
[2025-03-06T00:58:58.177+0000] {processor.py:927} WARNING - No viable dags retrieved from /home/ubuntu/redfin_venv/lib/python3.12/site-packages/airflow/example_dags/example_kubernetes_executor.py
[2025-03-06T00:58:58.188+0000] {processor.py:208} INFO - Processing /home/ubuntu/redfin_venv/lib/python3.12/site-packages/airflow/example_dags/example_kubernetes_executor.py took 0.025 seconds
[2025-03-06T00:59:56.857+0000] {processor.py:186} INFO - Started process (PID=4136) to work on /home/ubuntu/redfin_venv/lib/python3.12/site-packages/airflow/example_dags/example_kubernetes_executor.py
[2025-03-06T00:59:56.859+0000] {processor.py:914} INFO - Processing file /home/ubuntu/redfin_venv/lib/python3.12/site-packages/airflow/example_dags/example_kubernetes_executor.py for tasks to queue
[2025-03-06T00:59:56.861+0000] {logging_mixin.py:190} INFO - [2025-03-06T00:59:56.860+0000] {dagbag.py:588} INFO - Filling up the DagBag from /home/ubuntu/redfin_venv/lib/python3.12/site-packages/airflow/example_dags/example_kubernetes_executor.py
[2025-03-06T00:59:56.864+0000] {logging_mixin.py:190} INFO - [2025-03-06T00:59:56.864+0000] {example_kubernetes_executor.py:39} WARNING - The example_kubernetes_executor example DAG requires the kubernetes provider. Please install it with: pip install apache-airflow[cncf.kubernetes]
[2025-03-06T00:59:56.864+0000] {processor.py:927} WARNING - No viable dags retrieved from /home/ubuntu/redfin_venv/lib/python3.12/site-packages/airflow/example_dags/example_kubernetes_executor.py
[2025-03-06T00:59:56.877+0000] {processor.py:208} INFO - Processing /home/ubuntu/redfin_venv/lib/python3.12/site-packages/airflow/example_dags/example_kubernetes_executor.py took 0.026 seconds
[2025-03-06T01:00:58.244+0000] {processor.py:186} INFO - Started process (PID=4676) to work on /home/ubuntu/redfin_venv/lib/python3.12/site-packages/airflow/example_dags/example_kubernetes_executor.py
[2025-03-06T01:00:58.245+0000] {processor.py:914} INFO - Processing file /home/ubuntu/redfin_venv/lib/python3.12/site-packages/airflow/example_dags/example_kubernetes_executor.py for tasks to queue
[2025-03-06T01:00:58.248+0000] {logging_mixin.py:190} INFO - [2025-03-06T01:00:58.248+0000] {dagbag.py:588} INFO - Filling up the DagBag from /home/ubuntu/redfin_venv/lib/python3.12/site-packages/airflow/example_dags/example_kubernetes_executor.py
[2025-03-06T01:00:58.252+0000] {logging_mixin.py:190} INFO - [2025-03-06T01:00:58.252+0000] {example_kubernetes_executor.py:39} WARNING - The example_kubernetes_executor example DAG requires the kubernetes provider. Please install it with: pip install apache-airflow[cncf.kubernetes]
[2025-03-06T01:00:58.252+0000] {processor.py:927} WARNING - No viable dags retrieved from /home/ubuntu/redfin_venv/lib/python3.12/site-packages/airflow/example_dags/example_kubernetes_executor.py
[2025-03-06T01:00:58.269+0000] {processor.py:208} INFO - Processing /home/ubuntu/redfin_venv/lib/python3.12/site-packages/airflow/example_dags/example_kubernetes_executor.py took 0.032 seconds
[2025-03-06T01:02:01.716+0000] {processor.py:186} INFO - Started process (PID=5041) to work on /home/ubuntu/redfin_venv/lib/python3.12/site-packages/airflow/example_dags/example_kubernetes_executor.py
[2025-03-06T01:02:01.721+0000] {processor.py:914} INFO - Processing file /home/ubuntu/redfin_venv/lib/python3.12/site-packages/airflow/example_dags/example_kubernetes_executor.py for tasks to queue
[2025-03-06T01:02:01.724+0000] {logging_mixin.py:190} INFO - [2025-03-06T01:02:01.723+0000] {dagbag.py:588} INFO - Filling up the DagBag from /home/ubuntu/redfin_venv/lib/python3.12/site-packages/airflow/example_dags/example_kubernetes_executor.py
[2025-03-06T01:02:01.731+0000] {logging_mixin.py:190} INFO - [2025-03-06T01:02:01.731+0000] {example_kubernetes_executor.py:39} WARNING - The example_kubernetes_executor example DAG requires the kubernetes provider. Please install it with: pip install apache-airflow[cncf.kubernetes]
[2025-03-06T01:02:01.731+0000] {processor.py:927} WARNING - No viable dags retrieved from /home/ubuntu/redfin_venv/lib/python3.12/site-packages/airflow/example_dags/example_kubernetes_executor.py
[2025-03-06T01:02:01.745+0000] {processor.py:208} INFO - Processing /home/ubuntu/redfin_venv/lib/python3.12/site-packages/airflow/example_dags/example_kubernetes_executor.py took 0.044 seconds
[2025-03-06T01:03:01.208+0000] {processor.py:186} INFO - Started process (PID=5220) to work on /home/ubuntu/redfin_venv/lib/python3.12/site-packages/airflow/example_dags/example_kubernetes_executor.py
[2025-03-06T01:03:01.211+0000] {processor.py:914} INFO - Processing file /home/ubuntu/redfin_venv/lib/python3.12/site-packages/airflow/example_dags/example_kubernetes_executor.py for tasks to queue
[2025-03-06T01:03:01.213+0000] {logging_mixin.py:190} INFO - [2025-03-06T01:03:01.213+0000] {dagbag.py:588} INFO - Filling up the DagBag from /home/ubuntu/redfin_venv/lib/python3.12/site-packages/airflow/example_dags/example_kubernetes_executor.py
[2025-03-06T01:03:01.216+0000] {logging_mixin.py:190} INFO - [2025-03-06T01:03:01.216+0000] {example_kubernetes_executor.py:39} WARNING - The example_kubernetes_executor example DAG requires the kubernetes provider. Please install it with: pip install apache-airflow[cncf.kubernetes]
[2025-03-06T01:03:01.217+0000] {processor.py:927} WARNING - No viable dags retrieved from /home/ubuntu/redfin_venv/lib/python3.12/site-packages/airflow/example_dags/example_kubernetes_executor.py
[2025-03-06T01:03:01.231+0000] {processor.py:208} INFO - Processing /home/ubuntu/redfin_venv/lib/python3.12/site-packages/airflow/example_dags/example_kubernetes_executor.py took 0.030 seconds
[2025-03-06T01:04:00.504+0000] {processor.py:186} INFO - Started process (PID=5399) to work on /home/ubuntu/redfin_venv/lib/python3.12/site-packages/airflow/example_dags/example_kubernetes_executor.py
[2025-03-06T01:04:00.505+0000] {processor.py:914} INFO - Processing file /home/ubuntu/redfin_venv/lib/python3.12/site-packages/airflow/example_dags/example_kubernetes_executor.py for tasks to queue
[2025-03-06T01:04:00.507+0000] {logging_mixin.py:190} INFO - [2025-03-06T01:04:00.507+0000] {dagbag.py:588} INFO - Filling up the DagBag from /home/ubuntu/redfin_venv/lib/python3.12/site-packages/airflow/example_dags/example_kubernetes_executor.py
[2025-03-06T01:04:00.511+0000] {logging_mixin.py:190} INFO - [2025-03-06T01:04:00.510+0000] {example_kubernetes_executor.py:39} WARNING - The example_kubernetes_executor example DAG requires the kubernetes provider. Please install it with: pip install apache-airflow[cncf.kubernetes]
[2025-03-06T01:04:00.511+0000] {processor.py:927} WARNING - No viable dags retrieved from /home/ubuntu/redfin_venv/lib/python3.12/site-packages/airflow/example_dags/example_kubernetes_executor.py
[2025-03-06T01:04:00.525+0000] {processor.py:208} INFO - Processing /home/ubuntu/redfin_venv/lib/python3.12/site-packages/airflow/example_dags/example_kubernetes_executor.py took 0.028 seconds
[2025-03-06T01:05:04.989+0000] {processor.py:186} INFO - Started process (PID=5523) to work on /home/ubuntu/redfin_venv/lib/python3.12/site-packages/airflow/example_dags/example_kubernetes_executor.py
[2025-03-06T01:05:04.995+0000] {processor.py:914} INFO - Processing file /home/ubuntu/redfin_venv/lib/python3.12/site-packages/airflow/example_dags/example_kubernetes_executor.py for tasks to queue
[2025-03-06T01:05:05.008+0000] {logging_mixin.py:190} INFO - [2025-03-06T01:05:05.005+0000] {dagbag.py:588} INFO - Filling up the DagBag from /home/ubuntu/redfin_venv/lib/python3.12/site-packages/airflow/example_dags/example_kubernetes_executor.py
[2025-03-06T01:05:05.013+0000] {logging_mixin.py:190} INFO - [2025-03-06T01:05:05.013+0000] {example_kubernetes_executor.py:39} WARNING - The example_kubernetes_executor example DAG requires the kubernetes provider. Please install it with: pip install apache-airflow[cncf.kubernetes]
[2025-03-06T01:05:05.013+0000] {processor.py:927} WARNING - No viable dags retrieved from /home/ubuntu/redfin_venv/lib/python3.12/site-packages/airflow/example_dags/example_kubernetes_executor.py
[2025-03-06T01:05:05.033+0000] {processor.py:208} INFO - Processing /home/ubuntu/redfin_venv/lib/python3.12/site-packages/airflow/example_dags/example_kubernetes_executor.py took 0.057 seconds
[2025-03-06T01:06:09.906+0000] {processor.py:186} INFO - Started process (PID=5704) to work on /home/ubuntu/redfin_venv/lib/python3.12/site-packages/airflow/example_dags/example_kubernetes_executor.py
[2025-03-06T01:06:09.908+0000] {processor.py:914} INFO - Processing file /home/ubuntu/redfin_venv/lib/python3.12/site-packages/airflow/example_dags/example_kubernetes_executor.py for tasks to queue
[2025-03-06T01:06:09.910+0000] {logging_mixin.py:190} INFO - [2025-03-06T01:06:09.910+0000] {dagbag.py:588} INFO - Filling up the DagBag from /home/ubuntu/redfin_venv/lib/python3.12/site-packages/airflow/example_dags/example_kubernetes_executor.py
[2025-03-06T01:06:09.913+0000] {logging_mixin.py:190} INFO - [2025-03-06T01:06:09.913+0000] {example_kubernetes_executor.py:39} WARNING - The example_kubernetes_executor example DAG requires the kubernetes provider. Please install it with: pip install apache-airflow[cncf.kubernetes]
[2025-03-06T01:06:09.914+0000] {processor.py:927} WARNING - No viable dags retrieved from /home/ubuntu/redfin_venv/lib/python3.12/site-packages/airflow/example_dags/example_kubernetes_executor.py
[2025-03-06T01:06:09.926+0000] {processor.py:208} INFO - Processing /home/ubuntu/redfin_venv/lib/python3.12/site-packages/airflow/example_dags/example_kubernetes_executor.py took 0.025 seconds
[2025-03-06T01:07:14.086+0000] {processor.py:186} INFO - Started process (PID=6127) to work on /home/ubuntu/redfin_venv/lib/python3.12/site-packages/airflow/example_dags/example_kubernetes_executor.py
[2025-03-06T01:07:14.087+0000] {processor.py:914} INFO - Processing file /home/ubuntu/redfin_venv/lib/python3.12/site-packages/airflow/example_dags/example_kubernetes_executor.py for tasks to queue
[2025-03-06T01:07:14.090+0000] {logging_mixin.py:190} INFO - [2025-03-06T01:07:14.089+0000] {dagbag.py:588} INFO - Filling up the DagBag from /home/ubuntu/redfin_venv/lib/python3.12/site-packages/airflow/example_dags/example_kubernetes_executor.py
[2025-03-06T01:07:14.093+0000] {logging_mixin.py:190} INFO - [2025-03-06T01:07:14.093+0000] {example_kubernetes_executor.py:39} WARNING - The example_kubernetes_executor example DAG requires the kubernetes provider. Please install it with: pip install apache-airflow[cncf.kubernetes]
[2025-03-06T01:07:14.093+0000] {processor.py:927} WARNING - No viable dags retrieved from /home/ubuntu/redfin_venv/lib/python3.12/site-packages/airflow/example_dags/example_kubernetes_executor.py
[2025-03-06T01:07:14.105+0000] {processor.py:208} INFO - Processing /home/ubuntu/redfin_venv/lib/python3.12/site-packages/airflow/example_dags/example_kubernetes_executor.py took 0.026 seconds
[2025-03-06T01:08:14.921+0000] {processor.py:186} INFO - Started process (PID=6426) to work on /home/ubuntu/redfin_venv/lib/python3.12/site-packages/airflow/example_dags/example_kubernetes_executor.py
[2025-03-06T01:08:14.923+0000] {processor.py:914} INFO - Processing file /home/ubuntu/redfin_venv/lib/python3.12/site-packages/airflow/example_dags/example_kubernetes_executor.py for tasks to queue
[2025-03-06T01:08:14.925+0000] {logging_mixin.py:190} INFO - [2025-03-06T01:08:14.925+0000] {dagbag.py:588} INFO - Filling up the DagBag from /home/ubuntu/redfin_venv/lib/python3.12/site-packages/airflow/example_dags/example_kubernetes_executor.py
[2025-03-06T01:08:14.928+0000] {logging_mixin.py:190} INFO - [2025-03-06T01:08:14.928+0000] {example_kubernetes_executor.py:39} WARNING - The example_kubernetes_executor example DAG requires the kubernetes provider. Please install it with: pip install apache-airflow[cncf.kubernetes]
[2025-03-06T01:08:14.929+0000] {processor.py:927} WARNING - No viable dags retrieved from /home/ubuntu/redfin_venv/lib/python3.12/site-packages/airflow/example_dags/example_kubernetes_executor.py
[2025-03-06T01:08:14.941+0000] {processor.py:208} INFO - Processing /home/ubuntu/redfin_venv/lib/python3.12/site-packages/airflow/example_dags/example_kubernetes_executor.py took 0.026 seconds
[2025-03-06T01:09:16.150+0000] {processor.py:186} INFO - Started process (PID=6785) to work on /home/ubuntu/redfin_venv/lib/python3.12/site-packages/airflow/example_dags/example_kubernetes_executor.py
[2025-03-06T01:09:16.152+0000] {processor.py:914} INFO - Processing file /home/ubuntu/redfin_venv/lib/python3.12/site-packages/airflow/example_dags/example_kubernetes_executor.py for tasks to queue
[2025-03-06T01:09:16.154+0000] {logging_mixin.py:190} INFO - [2025-03-06T01:09:16.154+0000] {dagbag.py:588} INFO - Filling up the DagBag from /home/ubuntu/redfin_venv/lib/python3.12/site-packages/airflow/example_dags/example_kubernetes_executor.py
[2025-03-06T01:09:16.158+0000] {logging_mixin.py:190} INFO - [2025-03-06T01:09:16.158+0000] {example_kubernetes_executor.py:39} WARNING - The example_kubernetes_executor example DAG requires the kubernetes provider. Please install it with: pip install apache-airflow[cncf.kubernetes]
[2025-03-06T01:09:16.158+0000] {processor.py:927} WARNING - No viable dags retrieved from /home/ubuntu/redfin_venv/lib/python3.12/site-packages/airflow/example_dags/example_kubernetes_executor.py
[2025-03-06T01:09:16.170+0000] {processor.py:208} INFO - Processing /home/ubuntu/redfin_venv/lib/python3.12/site-packages/airflow/example_dags/example_kubernetes_executor.py took 0.026 seconds
[2025-03-06T01:10:19.228+0000] {processor.py:186} INFO - Started process (PID=6909) to work on /home/ubuntu/redfin_venv/lib/python3.12/site-packages/airflow/example_dags/example_kubernetes_executor.py
[2025-03-06T01:10:19.230+0000] {processor.py:914} INFO - Processing file /home/ubuntu/redfin_venv/lib/python3.12/site-packages/airflow/example_dags/example_kubernetes_executor.py for tasks to queue
[2025-03-06T01:10:19.233+0000] {logging_mixin.py:190} INFO - [2025-03-06T01:10:19.233+0000] {dagbag.py:588} INFO - Filling up the DagBag from /home/ubuntu/redfin_venv/lib/python3.12/site-packages/airflow/example_dags/example_kubernetes_executor.py
[2025-03-06T01:10:19.236+0000] {logging_mixin.py:190} INFO - [2025-03-06T01:10:19.236+0000] {example_kubernetes_executor.py:39} WARNING - The example_kubernetes_executor example DAG requires the kubernetes provider. Please install it with: pip install apache-airflow[cncf.kubernetes]
[2025-03-06T01:10:19.237+0000] {processor.py:927} WARNING - No viable dags retrieved from /home/ubuntu/redfin_venv/lib/python3.12/site-packages/airflow/example_dags/example_kubernetes_executor.py
[2025-03-06T01:10:19.249+0000] {processor.py:208} INFO - Processing /home/ubuntu/redfin_venv/lib/python3.12/site-packages/airflow/example_dags/example_kubernetes_executor.py took 0.027 seconds
[2025-03-06T01:11:20.562+0000] {processor.py:186} INFO - Started process (PID=7028) to work on /home/ubuntu/redfin_venv/lib/python3.12/site-packages/airflow/example_dags/example_kubernetes_executor.py
[2025-03-06T01:11:20.564+0000] {processor.py:914} INFO - Processing file /home/ubuntu/redfin_venv/lib/python3.12/site-packages/airflow/example_dags/example_kubernetes_executor.py for tasks to queue
[2025-03-06T01:11:20.566+0000] {logging_mixin.py:190} INFO - [2025-03-06T01:11:20.566+0000] {dagbag.py:588} INFO - Filling up the DagBag from /home/ubuntu/redfin_venv/lib/python3.12/site-packages/airflow/example_dags/example_kubernetes_executor.py
[2025-03-06T01:11:20.570+0000] {logging_mixin.py:190} INFO - [2025-03-06T01:11:20.569+0000] {example_kubernetes_executor.py:39} WARNING - The example_kubernetes_executor example DAG requires the kubernetes provider. Please install it with: pip install apache-airflow[cncf.kubernetes]
[2025-03-06T01:11:20.570+0000] {processor.py:927} WARNING - No viable dags retrieved from /home/ubuntu/redfin_venv/lib/python3.12/site-packages/airflow/example_dags/example_kubernetes_executor.py
[2025-03-06T01:11:20.583+0000] {processor.py:208} INFO - Processing /home/ubuntu/redfin_venv/lib/python3.12/site-packages/airflow/example_dags/example_kubernetes_executor.py took 0.027 seconds
[2025-03-06T01:12:26.472+0000] {processor.py:186} INFO - Started process (PID=7148) to work on /home/ubuntu/redfin_venv/lib/python3.12/site-packages/airflow/example_dags/example_kubernetes_executor.py
[2025-03-06T01:12:26.474+0000] {processor.py:914} INFO - Processing file /home/ubuntu/redfin_venv/lib/python3.12/site-packages/airflow/example_dags/example_kubernetes_executor.py for tasks to queue
[2025-03-06T01:12:26.477+0000] {logging_mixin.py:190} INFO - [2025-03-06T01:12:26.477+0000] {dagbag.py:588} INFO - Filling up the DagBag from /home/ubuntu/redfin_venv/lib/python3.12/site-packages/airflow/example_dags/example_kubernetes_executor.py
[2025-03-06T01:12:26.481+0000] {logging_mixin.py:190} INFO - [2025-03-06T01:12:26.481+0000] {example_kubernetes_executor.py:39} WARNING - The example_kubernetes_executor example DAG requires the kubernetes provider. Please install it with: pip install apache-airflow[cncf.kubernetes]
[2025-03-06T01:12:26.481+0000] {processor.py:927} WARNING - No viable dags retrieved from /home/ubuntu/redfin_venv/lib/python3.12/site-packages/airflow/example_dags/example_kubernetes_executor.py
[2025-03-06T01:12:26.495+0000] {processor.py:208} INFO - Processing /home/ubuntu/redfin_venv/lib/python3.12/site-packages/airflow/example_dags/example_kubernetes_executor.py took 0.031 seconds
[2025-03-06T01:13:27.404+0000] {processor.py:186} INFO - Started process (PID=7330) to work on /home/ubuntu/redfin_venv/lib/python3.12/site-packages/airflow/example_dags/example_kubernetes_executor.py
[2025-03-06T01:13:27.406+0000] {processor.py:914} INFO - Processing file /home/ubuntu/redfin_venv/lib/python3.12/site-packages/airflow/example_dags/example_kubernetes_executor.py for tasks to queue
[2025-03-06T01:13:27.409+0000] {logging_mixin.py:190} INFO - [2025-03-06T01:13:27.409+0000] {dagbag.py:588} INFO - Filling up the DagBag from /home/ubuntu/redfin_venv/lib/python3.12/site-packages/airflow/example_dags/example_kubernetes_executor.py
[2025-03-06T01:13:27.414+0000] {logging_mixin.py:190} INFO - [2025-03-06T01:13:27.414+0000] {example_kubernetes_executor.py:39} WARNING - The example_kubernetes_executor example DAG requires the kubernetes provider. Please install it with: pip install apache-airflow[cncf.kubernetes]
[2025-03-06T01:13:27.414+0000] {processor.py:927} WARNING - No viable dags retrieved from /home/ubuntu/redfin_venv/lib/python3.12/site-packages/airflow/example_dags/example_kubernetes_executor.py
[2025-03-06T01:13:27.433+0000] {processor.py:208} INFO - Processing /home/ubuntu/redfin_venv/lib/python3.12/site-packages/airflow/example_dags/example_kubernetes_executor.py took 0.036 seconds
[2025-03-06T01:14:30.679+0000] {processor.py:186} INFO - Started process (PID=7450) to work on /home/ubuntu/redfin_venv/lib/python3.12/site-packages/airflow/example_dags/example_kubernetes_executor.py
[2025-03-06T01:14:30.681+0000] {processor.py:914} INFO - Processing file /home/ubuntu/redfin_venv/lib/python3.12/site-packages/airflow/example_dags/example_kubernetes_executor.py for tasks to queue
[2025-03-06T01:14:30.683+0000] {logging_mixin.py:190} INFO - [2025-03-06T01:14:30.683+0000] {dagbag.py:588} INFO - Filling up the DagBag from /home/ubuntu/redfin_venv/lib/python3.12/site-packages/airflow/example_dags/example_kubernetes_executor.py
[2025-03-06T01:14:30.687+0000] {logging_mixin.py:190} INFO - [2025-03-06T01:14:30.687+0000] {example_kubernetes_executor.py:39} WARNING - The example_kubernetes_executor example DAG requires the kubernetes provider. Please install it with: pip install apache-airflow[cncf.kubernetes]
[2025-03-06T01:14:30.687+0000] {processor.py:927} WARNING - No viable dags retrieved from /home/ubuntu/redfin_venv/lib/python3.12/site-packages/airflow/example_dags/example_kubernetes_executor.py
[2025-03-06T01:14:30.700+0000] {processor.py:208} INFO - Processing /home/ubuntu/redfin_venv/lib/python3.12/site-packages/airflow/example_dags/example_kubernetes_executor.py took 0.028 seconds
[2025-03-06T01:15:31.204+0000] {processor.py:186} INFO - Started process (PID=7752) to work on /home/ubuntu/redfin_venv/lib/python3.12/site-packages/airflow/example_dags/example_kubernetes_executor.py
[2025-03-06T01:15:31.206+0000] {processor.py:914} INFO - Processing file /home/ubuntu/redfin_venv/lib/python3.12/site-packages/airflow/example_dags/example_kubernetes_executor.py for tasks to queue
[2025-03-06T01:15:31.208+0000] {logging_mixin.py:190} INFO - [2025-03-06T01:15:31.208+0000] {dagbag.py:588} INFO - Filling up the DagBag from /home/ubuntu/redfin_venv/lib/python3.12/site-packages/airflow/example_dags/example_kubernetes_executor.py
[2025-03-06T01:15:31.222+0000] {logging_mixin.py:190} INFO - [2025-03-06T01:15:31.222+0000] {example_kubernetes_executor.py:39} WARNING - The example_kubernetes_executor example DAG requires the kubernetes provider. Please install it with: pip install apache-airflow[cncf.kubernetes]
[2025-03-06T01:15:31.223+0000] {processor.py:927} WARNING - No viable dags retrieved from /home/ubuntu/redfin_venv/lib/python3.12/site-packages/airflow/example_dags/example_kubernetes_executor.py
[2025-03-06T01:15:31.257+0000] {processor.py:208} INFO - Processing /home/ubuntu/redfin_venv/lib/python3.12/site-packages/airflow/example_dags/example_kubernetes_executor.py took 0.061 seconds
[2025-03-06T01:16:32.846+0000] {processor.py:186} INFO - Started process (PID=7872) to work on /home/ubuntu/redfin_venv/lib/python3.12/site-packages/airflow/example_dags/example_kubernetes_executor.py
[2025-03-06T01:16:32.849+0000] {processor.py:914} INFO - Processing file /home/ubuntu/redfin_venv/lib/python3.12/site-packages/airflow/example_dags/example_kubernetes_executor.py for tasks to queue
[2025-03-06T01:16:32.852+0000] {logging_mixin.py:190} INFO - [2025-03-06T01:16:32.851+0000] {dagbag.py:588} INFO - Filling up the DagBag from /home/ubuntu/redfin_venv/lib/python3.12/site-packages/airflow/example_dags/example_kubernetes_executor.py
[2025-03-06T01:16:32.857+0000] {logging_mixin.py:190} INFO - [2025-03-06T01:16:32.856+0000] {example_kubernetes_executor.py:39} WARNING - The example_kubernetes_executor example DAG requires the kubernetes provider. Please install it with: pip install apache-airflow[cncf.kubernetes]
[2025-03-06T01:16:32.857+0000] {processor.py:927} WARNING - No viable dags retrieved from /home/ubuntu/redfin_venv/lib/python3.12/site-packages/airflow/example_dags/example_kubernetes_executor.py
[2025-03-06T01:16:32.871+0000] {processor.py:208} INFO - Processing /home/ubuntu/redfin_venv/lib/python3.12/site-packages/airflow/example_dags/example_kubernetes_executor.py took 0.032 seconds
[2025-03-06T01:17:34.591+0000] {processor.py:186} INFO - Started process (PID=8119) to work on /home/ubuntu/redfin_venv/lib/python3.12/site-packages/airflow/example_dags/example_kubernetes_executor.py
[2025-03-06T01:17:34.593+0000] {processor.py:914} INFO - Processing file /home/ubuntu/redfin_venv/lib/python3.12/site-packages/airflow/example_dags/example_kubernetes_executor.py for tasks to queue
[2025-03-06T01:17:34.595+0000] {logging_mixin.py:190} INFO - [2025-03-06T01:17:34.594+0000] {dagbag.py:588} INFO - Filling up the DagBag from /home/ubuntu/redfin_venv/lib/python3.12/site-packages/airflow/example_dags/example_kubernetes_executor.py
[2025-03-06T01:17:34.598+0000] {logging_mixin.py:190} INFO - [2025-03-06T01:17:34.598+0000] {example_kubernetes_executor.py:39} WARNING - The example_kubernetes_executor example DAG requires the kubernetes provider. Please install it with: pip install apache-airflow[cncf.kubernetes]
[2025-03-06T01:17:34.598+0000] {processor.py:927} WARNING - No viable dags retrieved from /home/ubuntu/redfin_venv/lib/python3.12/site-packages/airflow/example_dags/example_kubernetes_executor.py
[2025-03-06T01:17:34.610+0000] {processor.py:208} INFO - Processing /home/ubuntu/redfin_venv/lib/python3.12/site-packages/airflow/example_dags/example_kubernetes_executor.py took 0.026 seconds
[2025-03-06T01:18:33.477+0000] {processor.py:186} INFO - Started process (PID=8393) to work on /home/ubuntu/redfin_venv/lib/python3.12/site-packages/airflow/example_dags/example_kubernetes_executor.py
[2025-03-06T01:18:33.479+0000] {processor.py:914} INFO - Processing file /home/ubuntu/redfin_venv/lib/python3.12/site-packages/airflow/example_dags/example_kubernetes_executor.py for tasks to queue
[2025-03-06T01:18:33.482+0000] {logging_mixin.py:190} INFO - [2025-03-06T01:18:33.482+0000] {dagbag.py:588} INFO - Filling up the DagBag from /home/ubuntu/redfin_venv/lib/python3.12/site-packages/airflow/example_dags/example_kubernetes_executor.py
[2025-03-06T01:18:33.487+0000] {logging_mixin.py:190} INFO - [2025-03-06T01:18:33.486+0000] {example_kubernetes_executor.py:39} WARNING - The example_kubernetes_executor example DAG requires the kubernetes provider. Please install it with: pip install apache-airflow[cncf.kubernetes]
[2025-03-06T01:18:33.487+0000] {processor.py:927} WARNING - No viable dags retrieved from /home/ubuntu/redfin_venv/lib/python3.12/site-packages/airflow/example_dags/example_kubernetes_executor.py
[2025-03-06T01:18:33.504+0000] {processor.py:208} INFO - Processing /home/ubuntu/redfin_venv/lib/python3.12/site-packages/airflow/example_dags/example_kubernetes_executor.py took 0.035 seconds
[2025-03-06T01:19:42.882+0000] {processor.py:186} INFO - Started process (PID=8574) to work on /home/ubuntu/redfin_venv/lib/python3.12/site-packages/airflow/example_dags/example_kubernetes_executor.py
[2025-03-06T01:19:42.884+0000] {processor.py:914} INFO - Processing file /home/ubuntu/redfin_venv/lib/python3.12/site-packages/airflow/example_dags/example_kubernetes_executor.py for tasks to queue
[2025-03-06T01:19:42.886+0000] {logging_mixin.py:190} INFO - [2025-03-06T01:19:42.886+0000] {dagbag.py:588} INFO - Filling up the DagBag from /home/ubuntu/redfin_venv/lib/python3.12/site-packages/airflow/example_dags/example_kubernetes_executor.py
[2025-03-06T01:19:42.891+0000] {logging_mixin.py:190} INFO - [2025-03-06T01:19:42.890+0000] {example_kubernetes_executor.py:39} WARNING - The example_kubernetes_executor example DAG requires the kubernetes provider. Please install it with: pip install apache-airflow[cncf.kubernetes]
[2025-03-06T01:19:42.891+0000] {processor.py:927} WARNING - No viable dags retrieved from /home/ubuntu/redfin_venv/lib/python3.12/site-packages/airflow/example_dags/example_kubernetes_executor.py
[2025-03-06T01:19:42.906+0000] {processor.py:208} INFO - Processing /home/ubuntu/redfin_venv/lib/python3.12/site-packages/airflow/example_dags/example_kubernetes_executor.py took 0.032 seconds
