[2025-03-06T00:58:56.676+0000] {processor.py:186} INFO - Started process (PID=3711) to work on /home/ubuntu/redfin_venv/lib/python3.12/site-packages/airflow/example_dags/example_display_name.py
[2025-03-06T00:58:56.677+0000] {processor.py:914} INFO - Processing file /home/ubuntu/redfin_venv/lib/python3.12/site-packages/airflow/example_dags/example_display_name.py for tasks to queue
[2025-03-06T00:58:56.679+0000] {logging_mixin.py:190} INFO - [2025-03-06T00:58:56.679+0000] {dagbag.py:588} INFO - Filling up the DagBag from /home/ubuntu/redfin_venv/lib/python3.12/site-packages/airflow/example_dags/example_display_name.py
[2025-03-06T00:58:56.688+0000] {processor.py:925} INFO - DAG(s) 'example_display_name' retrieved from /home/ubuntu/redfin_venv/lib/python3.12/site-packages/airflow/example_dags/example_display_name.py
[2025-03-06T00:58:56.705+0000] {logging_mixin.py:190} INFO - [2025-03-06T00:58:56.705+0000] {dag.py:3239} INFO - Sync 1 DAGs
[2025-03-06T00:58:56.718+0000] {logging_mixin.py:190} INFO - [2025-03-06T00:58:56.718+0000] {dag.py:4180} INFO - Setting next_dagrun for example_display_name to None, run_after=None
[2025-03-06T00:58:56.741+0000] {processor.py:208} INFO - Processing /home/ubuntu/redfin_venv/lib/python3.12/site-packages/airflow/example_dags/example_display_name.py took 0.070 seconds
[2025-03-06T00:59:54.464+0000] {processor.py:186} INFO - Started process (PID=4074) to work on /home/ubuntu/redfin_venv/lib/python3.12/site-packages/airflow/example_dags/example_display_name.py
[2025-03-06T00:59:54.466+0000] {processor.py:914} INFO - Processing file /home/ubuntu/redfin_venv/lib/python3.12/site-packages/airflow/example_dags/example_display_name.py for tasks to queue
[2025-03-06T00:59:54.468+0000] {logging_mixin.py:190} INFO - [2025-03-06T00:59:54.468+0000] {dagbag.py:588} INFO - Filling up the DagBag from /home/ubuntu/redfin_venv/lib/python3.12/site-packages/airflow/example_dags/example_display_name.py
[2025-03-06T00:59:54.479+0000] {processor.py:925} INFO - DAG(s) 'example_display_name' retrieved from /home/ubuntu/redfin_venv/lib/python3.12/site-packages/airflow/example_dags/example_display_name.py
[2025-03-06T00:59:54.498+0000] {logging_mixin.py:190} INFO - [2025-03-06T00:59:54.498+0000] {dag.py:3239} INFO - Sync 1 DAGs
[2025-03-06T00:59:54.517+0000] {logging_mixin.py:190} INFO - [2025-03-06T00:59:54.517+0000] {dag.py:4180} INFO - Setting next_dagrun for example_display_name to None, run_after=None
[2025-03-06T00:59:54.542+0000] {processor.py:208} INFO - Processing /home/ubuntu/redfin_venv/lib/python3.12/site-packages/airflow/example_dags/example_display_name.py took 0.085 seconds
[2025-03-06T01:00:55.817+0000] {processor.py:186} INFO - Started process (PID=4674) to work on /home/ubuntu/redfin_venv/lib/python3.12/site-packages/airflow/example_dags/example_display_name.py
[2025-03-06T01:00:55.819+0000] {processor.py:914} INFO - Processing file /home/ubuntu/redfin_venv/lib/python3.12/site-packages/airflow/example_dags/example_display_name.py for tasks to queue
[2025-03-06T01:00:55.824+0000] {logging_mixin.py:190} INFO - [2025-03-06T01:00:55.823+0000] {dagbag.py:588} INFO - Filling up the DagBag from /home/ubuntu/redfin_venv/lib/python3.12/site-packages/airflow/example_dags/example_display_name.py
[2025-03-06T01:00:55.850+0000] {processor.py:925} INFO - DAG(s) 'example_display_name' retrieved from /home/ubuntu/redfin_venv/lib/python3.12/site-packages/airflow/example_dags/example_display_name.py
[2025-03-06T01:00:55.878+0000] {logging_mixin.py:190} INFO - [2025-03-06T01:00:55.877+0000] {dag.py:3239} INFO - Sync 1 DAGs
[2025-03-06T01:00:55.898+0000] {logging_mixin.py:190} INFO - [2025-03-06T01:00:55.897+0000] {dag.py:4180} INFO - Setting next_dagrun for example_display_name to None, run_after=None
[2025-03-06T01:00:55.936+0000] {processor.py:208} INFO - Processing /home/ubuntu/redfin_venv/lib/python3.12/site-packages/airflow/example_dags/example_display_name.py took 0.131 seconds
[2025-03-06T01:01:59.226+0000] {processor.py:186} INFO - Started process (PID=4979) to work on /home/ubuntu/redfin_venv/lib/python3.12/site-packages/airflow/example_dags/example_display_name.py
[2025-03-06T01:01:59.229+0000] {processor.py:914} INFO - Processing file /home/ubuntu/redfin_venv/lib/python3.12/site-packages/airflow/example_dags/example_display_name.py for tasks to queue
[2025-03-06T01:01:59.236+0000] {logging_mixin.py:190} INFO - [2025-03-06T01:01:59.235+0000] {dagbag.py:588} INFO - Filling up the DagBag from /home/ubuntu/redfin_venv/lib/python3.12/site-packages/airflow/example_dags/example_display_name.py
[2025-03-06T01:01:59.255+0000] {processor.py:925} INFO - DAG(s) 'example_display_name' retrieved from /home/ubuntu/redfin_venv/lib/python3.12/site-packages/airflow/example_dags/example_display_name.py
[2025-03-06T01:01:59.291+0000] {logging_mixin.py:190} INFO - [2025-03-06T01:01:59.290+0000] {dag.py:3239} INFO - Sync 1 DAGs
[2025-03-06T01:01:59.305+0000] {logging_mixin.py:190} INFO - [2025-03-06T01:01:59.304+0000] {dag.py:4180} INFO - Setting next_dagrun for example_display_name to None, run_after=None
[2025-03-06T01:01:59.330+0000] {processor.py:208} INFO - Processing /home/ubuntu/redfin_venv/lib/python3.12/site-packages/airflow/example_dags/example_display_name.py took 0.137 seconds
[2025-03-06T01:02:59.366+0000] {processor.py:186} INFO - Started process (PID=5218) to work on /home/ubuntu/redfin_venv/lib/python3.12/site-packages/airflow/example_dags/example_display_name.py
[2025-03-06T01:02:59.367+0000] {processor.py:914} INFO - Processing file /home/ubuntu/redfin_venv/lib/python3.12/site-packages/airflow/example_dags/example_display_name.py for tasks to queue
[2025-03-06T01:02:59.369+0000] {logging_mixin.py:190} INFO - [2025-03-06T01:02:59.369+0000] {dagbag.py:588} INFO - Filling up the DagBag from /home/ubuntu/redfin_venv/lib/python3.12/site-packages/airflow/example_dags/example_display_name.py
[2025-03-06T01:02:59.379+0000] {processor.py:925} INFO - DAG(s) 'example_display_name' retrieved from /home/ubuntu/redfin_venv/lib/python3.12/site-packages/airflow/example_dags/example_display_name.py
[2025-03-06T01:02:59.396+0000] {logging_mixin.py:190} INFO - [2025-03-06T01:02:59.396+0000] {dag.py:3239} INFO - Sync 1 DAGs
[2025-03-06T01:02:59.410+0000] {logging_mixin.py:190} INFO - [2025-03-06T01:02:59.409+0000] {dag.py:4180} INFO - Setting next_dagrun for example_display_name to None, run_after=None
[2025-03-06T01:02:59.436+0000] {processor.py:208} INFO - Processing /home/ubuntu/redfin_venv/lib/python3.12/site-packages/airflow/example_dags/example_display_name.py took 0.077 seconds
[2025-03-06T01:03:58.813+0000] {processor.py:186} INFO - Started process (PID=5397) to work on /home/ubuntu/redfin_venv/lib/python3.12/site-packages/airflow/example_dags/example_display_name.py
[2025-03-06T01:03:58.816+0000] {processor.py:914} INFO - Processing file /home/ubuntu/redfin_venv/lib/python3.12/site-packages/airflow/example_dags/example_display_name.py for tasks to queue
[2025-03-06T01:03:58.819+0000] {logging_mixin.py:190} INFO - [2025-03-06T01:03:58.819+0000] {dagbag.py:588} INFO - Filling up the DagBag from /home/ubuntu/redfin_venv/lib/python3.12/site-packages/airflow/example_dags/example_display_name.py
[2025-03-06T01:03:58.831+0000] {processor.py:925} INFO - DAG(s) 'example_display_name' retrieved from /home/ubuntu/redfin_venv/lib/python3.12/site-packages/airflow/example_dags/example_display_name.py
[2025-03-06T01:03:58.862+0000] {logging_mixin.py:190} INFO - [2025-03-06T01:03:58.861+0000] {dag.py:3239} INFO - Sync 1 DAGs
[2025-03-06T01:03:58.883+0000] {logging_mixin.py:190} INFO - [2025-03-06T01:03:58.883+0000] {dag.py:4180} INFO - Setting next_dagrun for example_display_name to None, run_after=None
[2025-03-06T01:03:58.910+0000] {processor.py:208} INFO - Processing /home/ubuntu/redfin_venv/lib/python3.12/site-packages/airflow/example_dags/example_display_name.py took 0.107 seconds
[2025-03-06T01:05:02.515+0000] {processor.py:186} INFO - Started process (PID=5521) to work on /home/ubuntu/redfin_venv/lib/python3.12/site-packages/airflow/example_dags/example_display_name.py
[2025-03-06T01:05:02.517+0000] {processor.py:914} INFO - Processing file /home/ubuntu/redfin_venv/lib/python3.12/site-packages/airflow/example_dags/example_display_name.py for tasks to queue
[2025-03-06T01:05:02.520+0000] {logging_mixin.py:190} INFO - [2025-03-06T01:05:02.520+0000] {dagbag.py:588} INFO - Filling up the DagBag from /home/ubuntu/redfin_venv/lib/python3.12/site-packages/airflow/example_dags/example_display_name.py
[2025-03-06T01:05:02.532+0000] {processor.py:925} INFO - DAG(s) 'example_display_name' retrieved from /home/ubuntu/redfin_venv/lib/python3.12/site-packages/airflow/example_dags/example_display_name.py
[2025-03-06T01:05:02.553+0000] {logging_mixin.py:190} INFO - [2025-03-06T01:05:02.553+0000] {dag.py:3239} INFO - Sync 1 DAGs
[2025-03-06T01:05:02.568+0000] {logging_mixin.py:190} INFO - [2025-03-06T01:05:02.568+0000] {dag.py:4180} INFO - Setting next_dagrun for example_display_name to None, run_after=None
[2025-03-06T01:05:02.597+0000] {processor.py:208} INFO - Processing /home/ubuntu/redfin_venv/lib/python3.12/site-packages/airflow/example_dags/example_display_name.py took 0.092 seconds
[2025-03-06T01:06:07.408+0000] {processor.py:186} INFO - Started process (PID=5642) to work on /home/ubuntu/redfin_venv/lib/python3.12/site-packages/airflow/example_dags/example_display_name.py
[2025-03-06T01:06:07.410+0000] {processor.py:914} INFO - Processing file /home/ubuntu/redfin_venv/lib/python3.12/site-packages/airflow/example_dags/example_display_name.py for tasks to queue
[2025-03-06T01:06:07.414+0000] {logging_mixin.py:190} INFO - [2025-03-06T01:06:07.413+0000] {dagbag.py:588} INFO - Filling up the DagBag from /home/ubuntu/redfin_venv/lib/python3.12/site-packages/airflow/example_dags/example_display_name.py
[2025-03-06T01:06:07.445+0000] {processor.py:925} INFO - DAG(s) 'example_display_name' retrieved from /home/ubuntu/redfin_venv/lib/python3.12/site-packages/airflow/example_dags/example_display_name.py
[2025-03-06T01:06:07.472+0000] {logging_mixin.py:190} INFO - [2025-03-06T01:06:07.471+0000] {dag.py:3239} INFO - Sync 1 DAGs
[2025-03-06T01:06:07.493+0000] {logging_mixin.py:190} INFO - [2025-03-06T01:06:07.493+0000] {dag.py:4180} INFO - Setting next_dagrun for example_display_name to None, run_after=None
[2025-03-06T01:06:07.530+0000] {processor.py:208} INFO - Processing /home/ubuntu/redfin_venv/lib/python3.12/site-packages/airflow/example_dags/example_display_name.py took 0.131 seconds
[2025-03-06T01:07:12.509+0000] {processor.py:186} INFO - Started process (PID=6125) to work on /home/ubuntu/redfin_venv/lib/python3.12/site-packages/airflow/example_dags/example_display_name.py
[2025-03-06T01:07:12.512+0000] {processor.py:914} INFO - Processing file /home/ubuntu/redfin_venv/lib/python3.12/site-packages/airflow/example_dags/example_display_name.py for tasks to queue
[2025-03-06T01:07:12.514+0000] {logging_mixin.py:190} INFO - [2025-03-06T01:07:12.514+0000] {dagbag.py:588} INFO - Filling up the DagBag from /home/ubuntu/redfin_venv/lib/python3.12/site-packages/airflow/example_dags/example_display_name.py
[2025-03-06T01:07:12.529+0000] {processor.py:925} INFO - DAG(s) 'example_display_name' retrieved from /home/ubuntu/redfin_venv/lib/python3.12/site-packages/airflow/example_dags/example_display_name.py
[2025-03-06T01:07:12.549+0000] {logging_mixin.py:190} INFO - [2025-03-06T01:07:12.549+0000] {dag.py:3239} INFO - Sync 1 DAGs
[2025-03-06T01:07:12.567+0000] {logging_mixin.py:190} INFO - [2025-03-06T01:07:12.566+0000] {dag.py:4180} INFO - Setting next_dagrun for example_display_name to None, run_after=None
[2025-03-06T01:07:12.601+0000] {processor.py:208} INFO - Processing /home/ubuntu/redfin_venv/lib/python3.12/site-packages/airflow/example_dags/example_display_name.py took 0.101 seconds
[2025-03-06T01:08:13.987+0000] {processor.py:186} INFO - Started process (PID=6424) to work on /home/ubuntu/redfin_venv/lib/python3.12/site-packages/airflow/example_dags/example_display_name.py
[2025-03-06T01:08:13.989+0000] {processor.py:914} INFO - Processing file /home/ubuntu/redfin_venv/lib/python3.12/site-packages/airflow/example_dags/example_display_name.py for tasks to queue
[2025-03-06T01:08:13.991+0000] {logging_mixin.py:190} INFO - [2025-03-06T01:08:13.990+0000] {dagbag.py:588} INFO - Filling up the DagBag from /home/ubuntu/redfin_venv/lib/python3.12/site-packages/airflow/example_dags/example_display_name.py
[2025-03-06T01:08:14.004+0000] {processor.py:925} INFO - DAG(s) 'example_display_name' retrieved from /home/ubuntu/redfin_venv/lib/python3.12/site-packages/airflow/example_dags/example_display_name.py
[2025-03-06T01:08:14.028+0000] {logging_mixin.py:190} INFO - [2025-03-06T01:08:14.028+0000] {dag.py:3239} INFO - Sync 1 DAGs
[2025-03-06T01:08:14.047+0000] {logging_mixin.py:190} INFO - [2025-03-06T01:08:14.046+0000] {dag.py:4180} INFO - Setting next_dagrun for example_display_name to None, run_after=None
[2025-03-06T01:08:14.079+0000] {processor.py:208} INFO - Processing /home/ubuntu/redfin_venv/lib/python3.12/site-packages/airflow/example_dags/example_display_name.py took 0.105 seconds
[2025-03-06T01:09:13.971+0000] {processor.py:186} INFO - Started process (PID=6723) to work on /home/ubuntu/redfin_venv/lib/python3.12/site-packages/airflow/example_dags/example_display_name.py
[2025-03-06T01:09:13.973+0000] {processor.py:914} INFO - Processing file /home/ubuntu/redfin_venv/lib/python3.12/site-packages/airflow/example_dags/example_display_name.py for tasks to queue
[2025-03-06T01:09:13.977+0000] {logging_mixin.py:190} INFO - [2025-03-06T01:09:13.976+0000] {dagbag.py:588} INFO - Filling up the DagBag from /home/ubuntu/redfin_venv/lib/python3.12/site-packages/airflow/example_dags/example_display_name.py
[2025-03-06T01:09:13.992+0000] {processor.py:925} INFO - DAG(s) 'example_display_name' retrieved from /home/ubuntu/redfin_venv/lib/python3.12/site-packages/airflow/example_dags/example_display_name.py
[2025-03-06T01:09:14.012+0000] {logging_mixin.py:190} INFO - [2025-03-06T01:09:14.011+0000] {dag.py:3239} INFO - Sync 1 DAGs
[2025-03-06T01:09:14.026+0000] {logging_mixin.py:190} INFO - [2025-03-06T01:09:14.026+0000] {dag.py:4180} INFO - Setting next_dagrun for example_display_name to None, run_after=None
[2025-03-06T01:09:14.052+0000] {processor.py:208} INFO - Processing /home/ubuntu/redfin_venv/lib/python3.12/site-packages/airflow/example_dags/example_display_name.py took 0.091 seconds
[2025-03-06T01:10:17.603+0000] {processor.py:186} INFO - Started process (PID=6907) to work on /home/ubuntu/redfin_venv/lib/python3.12/site-packages/airflow/example_dags/example_display_name.py
[2025-03-06T01:10:17.605+0000] {processor.py:914} INFO - Processing file /home/ubuntu/redfin_venv/lib/python3.12/site-packages/airflow/example_dags/example_display_name.py for tasks to queue
[2025-03-06T01:10:17.608+0000] {logging_mixin.py:190} INFO - [2025-03-06T01:10:17.608+0000] {dagbag.py:588} INFO - Filling up the DagBag from /home/ubuntu/redfin_venv/lib/python3.12/site-packages/airflow/example_dags/example_display_name.py
[2025-03-06T01:10:17.639+0000] {processor.py:925} INFO - DAG(s) 'example_display_name' retrieved from /home/ubuntu/redfin_venv/lib/python3.12/site-packages/airflow/example_dags/example_display_name.py
[2025-03-06T01:10:17.670+0000] {logging_mixin.py:190} INFO - [2025-03-06T01:10:17.670+0000] {dag.py:3239} INFO - Sync 1 DAGs
[2025-03-06T01:10:17.694+0000] {logging_mixin.py:190} INFO - [2025-03-06T01:10:17.694+0000] {dag.py:4180} INFO - Setting next_dagrun for example_display_name to None, run_after=None
[2025-03-06T01:10:17.725+0000] {processor.py:208} INFO - Processing /home/ubuntu/redfin_venv/lib/python3.12/site-packages/airflow/example_dags/example_display_name.py took 0.145 seconds
[2025-03-06T01:11:18.830+0000] {processor.py:186} INFO - Started process (PID=7026) to work on /home/ubuntu/redfin_venv/lib/python3.12/site-packages/airflow/example_dags/example_display_name.py
[2025-03-06T01:11:18.831+0000] {processor.py:914} INFO - Processing file /home/ubuntu/redfin_venv/lib/python3.12/site-packages/airflow/example_dags/example_display_name.py for tasks to queue
[2025-03-06T01:11:18.833+0000] {logging_mixin.py:190} INFO - [2025-03-06T01:11:18.833+0000] {dagbag.py:588} INFO - Filling up the DagBag from /home/ubuntu/redfin_venv/lib/python3.12/site-packages/airflow/example_dags/example_display_name.py
[2025-03-06T01:11:18.843+0000] {processor.py:925} INFO - DAG(s) 'example_display_name' retrieved from /home/ubuntu/redfin_venv/lib/python3.12/site-packages/airflow/example_dags/example_display_name.py
[2025-03-06T01:11:18.861+0000] {logging_mixin.py:190} INFO - [2025-03-06T01:11:18.861+0000] {dag.py:3239} INFO - Sync 1 DAGs
[2025-03-06T01:11:18.878+0000] {logging_mixin.py:190} INFO - [2025-03-06T01:11:18.878+0000] {dag.py:4180} INFO - Setting next_dagrun for example_display_name to None, run_after=None
[2025-03-06T01:11:18.913+0000] {processor.py:208} INFO - Processing /home/ubuntu/redfin_venv/lib/python3.12/site-packages/airflow/example_dags/example_display_name.py took 0.090 seconds
[2025-03-06T01:12:23.940+0000] {processor.py:186} INFO - Started process (PID=7146) to work on /home/ubuntu/redfin_venv/lib/python3.12/site-packages/airflow/example_dags/example_display_name.py
[2025-03-06T01:12:23.943+0000] {processor.py:914} INFO - Processing file /home/ubuntu/redfin_venv/lib/python3.12/site-packages/airflow/example_dags/example_display_name.py for tasks to queue
[2025-03-06T01:12:23.946+0000] {logging_mixin.py:190} INFO - [2025-03-06T01:12:23.946+0000] {dagbag.py:588} INFO - Filling up the DagBag from /home/ubuntu/redfin_venv/lib/python3.12/site-packages/airflow/example_dags/example_display_name.py
[2025-03-06T01:12:23.959+0000] {processor.py:925} INFO - DAG(s) 'example_display_name' retrieved from /home/ubuntu/redfin_venv/lib/python3.12/site-packages/airflow/example_dags/example_display_name.py
[2025-03-06T01:12:23.991+0000] {logging_mixin.py:190} INFO - [2025-03-06T01:12:23.991+0000] {dag.py:3239} INFO - Sync 1 DAGs
[2025-03-06T01:12:24.011+0000] {logging_mixin.py:190} INFO - [2025-03-06T01:12:24.010+0000] {dag.py:4180} INFO - Setting next_dagrun for example_display_name to None, run_after=None
[2025-03-06T01:12:24.051+0000] {processor.py:208} INFO - Processing /home/ubuntu/redfin_venv/lib/python3.12/site-packages/airflow/example_dags/example_display_name.py took 0.128 seconds
[2025-03-06T01:13:24.982+0000] {processor.py:186} INFO - Started process (PID=7328) to work on /home/ubuntu/redfin_venv/lib/python3.12/site-packages/airflow/example_dags/example_display_name.py
[2025-03-06T01:13:24.983+0000] {processor.py:914} INFO - Processing file /home/ubuntu/redfin_venv/lib/python3.12/site-packages/airflow/example_dags/example_display_name.py for tasks to queue
[2025-03-06T01:13:24.986+0000] {logging_mixin.py:190} INFO - [2025-03-06T01:13:24.986+0000] {dagbag.py:588} INFO - Filling up the DagBag from /home/ubuntu/redfin_venv/lib/python3.12/site-packages/airflow/example_dags/example_display_name.py
[2025-03-06T01:13:25.003+0000] {processor.py:925} INFO - DAG(s) 'example_display_name' retrieved from /home/ubuntu/redfin_venv/lib/python3.12/site-packages/airflow/example_dags/example_display_name.py
[2025-03-06T01:13:25.027+0000] {logging_mixin.py:190} INFO - [2025-03-06T01:13:25.027+0000] {dag.py:3239} INFO - Sync 1 DAGs
[2025-03-06T01:13:25.041+0000] {logging_mixin.py:190} INFO - [2025-03-06T01:13:25.041+0000] {dag.py:4180} INFO - Setting next_dagrun for example_display_name to None, run_after=None
[2025-03-06T01:13:25.067+0000] {processor.py:208} INFO - Processing /home/ubuntu/redfin_venv/lib/python3.12/site-packages/airflow/example_dags/example_display_name.py took 0.092 seconds
[2025-03-06T01:14:28.259+0000] {processor.py:186} INFO - Started process (PID=7448) to work on /home/ubuntu/redfin_venv/lib/python3.12/site-packages/airflow/example_dags/example_display_name.py
[2025-03-06T01:14:28.261+0000] {processor.py:914} INFO - Processing file /home/ubuntu/redfin_venv/lib/python3.12/site-packages/airflow/example_dags/example_display_name.py for tasks to queue
[2025-03-06T01:14:28.263+0000] {logging_mixin.py:190} INFO - [2025-03-06T01:14:28.263+0000] {dagbag.py:588} INFO - Filling up the DagBag from /home/ubuntu/redfin_venv/lib/python3.12/site-packages/airflow/example_dags/example_display_name.py
[2025-03-06T01:14:28.276+0000] {processor.py:925} INFO - DAG(s) 'example_display_name' retrieved from /home/ubuntu/redfin_venv/lib/python3.12/site-packages/airflow/example_dags/example_display_name.py
[2025-03-06T01:14:28.295+0000] {logging_mixin.py:190} INFO - [2025-03-06T01:14:28.295+0000] {dag.py:3239} INFO - Sync 1 DAGs
[2025-03-06T01:14:28.311+0000] {logging_mixin.py:190} INFO - [2025-03-06T01:14:28.311+0000] {dag.py:4180} INFO - Setting next_dagrun for example_display_name to None, run_after=None
[2025-03-06T01:14:28.344+0000] {processor.py:208} INFO - Processing /home/ubuntu/redfin_venv/lib/python3.12/site-packages/airflow/example_dags/example_display_name.py took 0.092 seconds
[2025-03-06T01:15:28.983+0000] {processor.py:186} INFO - Started process (PID=7750) to work on /home/ubuntu/redfin_venv/lib/python3.12/site-packages/airflow/example_dags/example_display_name.py
[2025-03-06T01:15:28.984+0000] {processor.py:914} INFO - Processing file /home/ubuntu/redfin_venv/lib/python3.12/site-packages/airflow/example_dags/example_display_name.py for tasks to queue
[2025-03-06T01:15:28.986+0000] {logging_mixin.py:190} INFO - [2025-03-06T01:15:28.986+0000] {dagbag.py:588} INFO - Filling up the DagBag from /home/ubuntu/redfin_venv/lib/python3.12/site-packages/airflow/example_dags/example_display_name.py
[2025-03-06T01:15:28.997+0000] {processor.py:925} INFO - DAG(s) 'example_display_name' retrieved from /home/ubuntu/redfin_venv/lib/python3.12/site-packages/airflow/example_dags/example_display_name.py
[2025-03-06T01:15:29.017+0000] {logging_mixin.py:190} INFO - [2025-03-06T01:15:29.017+0000] {dag.py:3239} INFO - Sync 1 DAGs
[2025-03-06T01:15:29.033+0000] {logging_mixin.py:190} INFO - [2025-03-06T01:15:29.033+0000] {dag.py:4180} INFO - Setting next_dagrun for example_display_name to None, run_after=None
[2025-03-06T01:15:29.064+0000] {processor.py:208} INFO - Processing /home/ubuntu/redfin_venv/lib/python3.12/site-packages/airflow/example_dags/example_display_name.py took 0.089 seconds
[2025-03-06T01:16:30.408+0000] {processor.py:186} INFO - Started process (PID=7870) to work on /home/ubuntu/redfin_venv/lib/python3.12/site-packages/airflow/example_dags/example_display_name.py
[2025-03-06T01:16:30.411+0000] {processor.py:914} INFO - Processing file /home/ubuntu/redfin_venv/lib/python3.12/site-packages/airflow/example_dags/example_display_name.py for tasks to queue
[2025-03-06T01:16:30.418+0000] {logging_mixin.py:190} INFO - [2025-03-06T01:16:30.417+0000] {dagbag.py:588} INFO - Filling up the DagBag from /home/ubuntu/redfin_venv/lib/python3.12/site-packages/airflow/example_dags/example_display_name.py
[2025-03-06T01:16:30.435+0000] {processor.py:925} INFO - DAG(s) 'example_display_name' retrieved from /home/ubuntu/redfin_venv/lib/python3.12/site-packages/airflow/example_dags/example_display_name.py
[2025-03-06T01:16:30.475+0000] {logging_mixin.py:190} INFO - [2025-03-06T01:16:30.474+0000] {dag.py:3239} INFO - Sync 1 DAGs
[2025-03-06T01:16:30.504+0000] {logging_mixin.py:190} INFO - [2025-03-06T01:16:30.503+0000] {dag.py:4180} INFO - Setting next_dagrun for example_display_name to None, run_after=None
[2025-03-06T01:16:30.554+0000] {processor.py:208} INFO - Processing /home/ubuntu/redfin_venv/lib/python3.12/site-packages/airflow/example_dags/example_display_name.py took 0.162 seconds
[2025-03-06T01:17:33.030+0000] {processor.py:186} INFO - Started process (PID=8092) to work on /home/ubuntu/redfin_venv/lib/python3.12/site-packages/airflow/example_dags/example_display_name.py
[2025-03-06T01:17:33.032+0000] {processor.py:914} INFO - Processing file /home/ubuntu/redfin_venv/lib/python3.12/site-packages/airflow/example_dags/example_display_name.py for tasks to queue
[2025-03-06T01:17:33.034+0000] {logging_mixin.py:190} INFO - [2025-03-06T01:17:33.034+0000] {dagbag.py:588} INFO - Filling up the DagBag from /home/ubuntu/redfin_venv/lib/python3.12/site-packages/airflow/example_dags/example_display_name.py
[2025-03-06T01:17:33.044+0000] {processor.py:925} INFO - DAG(s) 'example_display_name' retrieved from /home/ubuntu/redfin_venv/lib/python3.12/site-packages/airflow/example_dags/example_display_name.py
[2025-03-06T01:17:33.062+0000] {logging_mixin.py:190} INFO - [2025-03-06T01:17:33.061+0000] {dag.py:3239} INFO - Sync 1 DAGs
[2025-03-06T01:17:33.075+0000] {logging_mixin.py:190} INFO - [2025-03-06T01:17:33.075+0000] {dag.py:4180} INFO - Setting next_dagrun for example_display_name to None, run_after=None
[2025-03-06T01:17:33.100+0000] {processor.py:208} INFO - Processing /home/ubuntu/redfin_venv/lib/python3.12/site-packages/airflow/example_dags/example_display_name.py took 0.077 seconds
[2025-03-06T01:18:31.048+0000] {processor.py:186} INFO - Started process (PID=8391) to work on /home/ubuntu/redfin_venv/lib/python3.12/site-packages/airflow/example_dags/example_display_name.py
[2025-03-06T01:18:31.052+0000] {processor.py:914} INFO - Processing file /home/ubuntu/redfin_venv/lib/python3.12/site-packages/airflow/example_dags/example_display_name.py for tasks to queue
[2025-03-06T01:18:31.055+0000] {logging_mixin.py:190} INFO - [2025-03-06T01:18:31.054+0000] {dagbag.py:588} INFO - Filling up the DagBag from /home/ubuntu/redfin_venv/lib/python3.12/site-packages/airflow/example_dags/example_display_name.py
[2025-03-06T01:18:31.074+0000] {processor.py:925} INFO - DAG(s) 'example_display_name' retrieved from /home/ubuntu/redfin_venv/lib/python3.12/site-packages/airflow/example_dags/example_display_name.py
[2025-03-06T01:18:31.095+0000] {logging_mixin.py:190} INFO - [2025-03-06T01:18:31.094+0000] {dag.py:3239} INFO - Sync 1 DAGs
[2025-03-06T01:18:31.108+0000] {logging_mixin.py:190} INFO - [2025-03-06T01:18:31.108+0000] {dag.py:4180} INFO - Setting next_dagrun for example_display_name to None, run_after=None
[2025-03-06T01:18:31.132+0000] {processor.py:208} INFO - Processing /home/ubuntu/redfin_venv/lib/python3.12/site-packages/airflow/example_dags/example_display_name.py took 0.090 seconds
[2025-03-06T01:19:40.472+0000] {processor.py:186} INFO - Started process (PID=8572) to work on /home/ubuntu/redfin_venv/lib/python3.12/site-packages/airflow/example_dags/example_display_name.py
[2025-03-06T01:19:40.474+0000] {processor.py:914} INFO - Processing file /home/ubuntu/redfin_venv/lib/python3.12/site-packages/airflow/example_dags/example_display_name.py for tasks to queue
[2025-03-06T01:19:40.477+0000] {logging_mixin.py:190} INFO - [2025-03-06T01:19:40.476+0000] {dagbag.py:588} INFO - Filling up the DagBag from /home/ubuntu/redfin_venv/lib/python3.12/site-packages/airflow/example_dags/example_display_name.py
[2025-03-06T01:19:40.487+0000] {processor.py:925} INFO - DAG(s) 'example_display_name' retrieved from /home/ubuntu/redfin_venv/lib/python3.12/site-packages/airflow/example_dags/example_display_name.py
[2025-03-06T01:19:40.507+0000] {logging_mixin.py:190} INFO - [2025-03-06T01:19:40.507+0000] {dag.py:3239} INFO - Sync 1 DAGs
[2025-03-06T01:19:40.523+0000] {logging_mixin.py:190} INFO - [2025-03-06T01:19:40.522+0000] {dag.py:4180} INFO - Setting next_dagrun for example_display_name to None, run_after=None
[2025-03-06T01:19:40.550+0000] {processor.py:208} INFO - Processing /home/ubuntu/redfin_venv/lib/python3.12/site-packages/airflow/example_dags/example_display_name.py took 0.085 seconds
