[2025-03-06T00:58:45.122+0000] {processor.py:186} INFO - Started process (PID=3580) to work on /home/ubuntu/redfin_venv/lib/python3.12/site-packages/airflow/example_dags/example_sensor_decorator.py
[2025-03-06T00:58:45.123+0000] {processor.py:914} INFO - Processing file /home/ubuntu/redfin_venv/lib/python3.12/site-packages/airflow/example_dags/example_sensor_decorator.py for tasks to queue
[2025-03-06T00:58:45.126+0000] {logging_mixin.py:190} INFO - [2025-03-06T00:58:45.125+0000] {dagbag.py:588} INFO - Filling up the DagBag from /home/ubuntu/redfin_venv/lib/python3.12/site-packages/airflow/example_dags/example_sensor_decorator.py
[2025-03-06T00:58:45.137+0000] {processor.py:925} INFO - DAG(s) 'example_sensor_decorator' retrieved from /home/ubuntu/redfin_venv/lib/python3.12/site-packages/airflow/example_dags/example_sensor_decorator.py
[2025-03-06T00:58:45.169+0000] {logging_mixin.py:190} INFO - [2025-03-06T00:58:45.168+0000] {dag.py:3239} INFO - Sync 1 DAGs
[2025-03-06T00:58:45.186+0000] {logging_mixin.py:190} INFO - [2025-03-06T00:58:45.186+0000] {dag.py:4180} INFO - Setting next_dagrun for example_sensor_decorator to None, run_after=None
[2025-03-06T00:58:45.223+0000] {processor.py:208} INFO - Processing /home/ubuntu/redfin_venv/lib/python3.12/site-packages/airflow/example_dags/example_sensor_decorator.py took 0.107 seconds
[2025-03-06T00:59:43.732+0000] {processor.py:186} INFO - Started process (PID=4003) to work on /home/ubuntu/redfin_venv/lib/python3.12/site-packages/airflow/example_dags/example_sensor_decorator.py
[2025-03-06T00:59:43.733+0000] {processor.py:914} INFO - Processing file /home/ubuntu/redfin_venv/lib/python3.12/site-packages/airflow/example_dags/example_sensor_decorator.py for tasks to queue
[2025-03-06T00:59:43.735+0000] {logging_mixin.py:190} INFO - [2025-03-06T00:59:43.735+0000] {dagbag.py:588} INFO - Filling up the DagBag from /home/ubuntu/redfin_venv/lib/python3.12/site-packages/airflow/example_dags/example_sensor_decorator.py
[2025-03-06T00:59:43.745+0000] {processor.py:925} INFO - DAG(s) 'example_sensor_decorator' retrieved from /home/ubuntu/redfin_venv/lib/python3.12/site-packages/airflow/example_dags/example_sensor_decorator.py
[2025-03-06T00:59:43.762+0000] {logging_mixin.py:190} INFO - [2025-03-06T00:59:43.762+0000] {dag.py:3239} INFO - Sync 1 DAGs
[2025-03-06T00:59:43.774+0000] {logging_mixin.py:190} INFO - [2025-03-06T00:59:43.774+0000] {dag.py:4180} INFO - Setting next_dagrun for example_sensor_decorator to None, run_after=None
[2025-03-06T00:59:43.802+0000] {processor.py:208} INFO - Processing /home/ubuntu/redfin_venv/lib/python3.12/site-packages/airflow/example_dags/example_sensor_decorator.py took 0.077 seconds
[2025-03-06T01:00:43.707+0000] {processor.py:186} INFO - Started process (PID=4603) to work on /home/ubuntu/redfin_venv/lib/python3.12/site-packages/airflow/example_dags/example_sensor_decorator.py
[2025-03-06T01:00:43.709+0000] {processor.py:914} INFO - Processing file /home/ubuntu/redfin_venv/lib/python3.12/site-packages/airflow/example_dags/example_sensor_decorator.py for tasks to queue
[2025-03-06T01:00:43.711+0000] {logging_mixin.py:190} INFO - [2025-03-06T01:00:43.711+0000] {dagbag.py:588} INFO - Filling up the DagBag from /home/ubuntu/redfin_venv/lib/python3.12/site-packages/airflow/example_dags/example_sensor_decorator.py
[2025-03-06T01:00:43.721+0000] {processor.py:925} INFO - DAG(s) 'example_sensor_decorator' retrieved from /home/ubuntu/redfin_venv/lib/python3.12/site-packages/airflow/example_dags/example_sensor_decorator.py
[2025-03-06T01:00:43.739+0000] {logging_mixin.py:190} INFO - [2025-03-06T01:00:43.739+0000] {dag.py:3239} INFO - Sync 1 DAGs
[2025-03-06T01:00:43.752+0000] {logging_mixin.py:190} INFO - [2025-03-06T01:00:43.752+0000] {dag.py:4180} INFO - Setting next_dagrun for example_sensor_decorator to None, run_after=None
[2025-03-06T01:00:43.777+0000] {processor.py:208} INFO - Processing /home/ubuntu/redfin_venv/lib/python3.12/site-packages/airflow/example_dags/example_sensor_decorator.py took 0.076 seconds
[2025-03-06T01:01:47.877+0000] {processor.py:186} INFO - Started process (PID=4908) to work on /home/ubuntu/redfin_venv/lib/python3.12/site-packages/airflow/example_dags/example_sensor_decorator.py
[2025-03-06T01:01:47.879+0000] {processor.py:914} INFO - Processing file /home/ubuntu/redfin_venv/lib/python3.12/site-packages/airflow/example_dags/example_sensor_decorator.py for tasks to queue
[2025-03-06T01:01:47.881+0000] {logging_mixin.py:190} INFO - [2025-03-06T01:01:47.881+0000] {dagbag.py:588} INFO - Filling up the DagBag from /home/ubuntu/redfin_venv/lib/python3.12/site-packages/airflow/example_dags/example_sensor_decorator.py
[2025-03-06T01:01:47.891+0000] {processor.py:925} INFO - DAG(s) 'example_sensor_decorator' retrieved from /home/ubuntu/redfin_venv/lib/python3.12/site-packages/airflow/example_dags/example_sensor_decorator.py
[2025-03-06T01:01:47.908+0000] {logging_mixin.py:190} INFO - [2025-03-06T01:01:47.907+0000] {dag.py:3239} INFO - Sync 1 DAGs
[2025-03-06T01:01:47.921+0000] {logging_mixin.py:190} INFO - [2025-03-06T01:01:47.920+0000] {dag.py:4180} INFO - Setting next_dagrun for example_sensor_decorator to None, run_after=None
[2025-03-06T01:01:47.944+0000] {processor.py:208} INFO - Processing /home/ubuntu/redfin_venv/lib/python3.12/site-packages/airflow/example_dags/example_sensor_decorator.py took 0.074 seconds
[2025-03-06T01:02:47.760+0000] {processor.py:186} INFO - Started process (PID=5207) to work on /home/ubuntu/redfin_venv/lib/python3.12/site-packages/airflow/example_dags/example_sensor_decorator.py
[2025-03-06T01:02:47.761+0000] {processor.py:914} INFO - Processing file /home/ubuntu/redfin_venv/lib/python3.12/site-packages/airflow/example_dags/example_sensor_decorator.py for tasks to queue
[2025-03-06T01:02:47.764+0000] {logging_mixin.py:190} INFO - [2025-03-06T01:02:47.763+0000] {dagbag.py:588} INFO - Filling up the DagBag from /home/ubuntu/redfin_venv/lib/python3.12/site-packages/airflow/example_dags/example_sensor_decorator.py
[2025-03-06T01:02:47.779+0000] {processor.py:925} INFO - DAG(s) 'example_sensor_decorator' retrieved from /home/ubuntu/redfin_venv/lib/python3.12/site-packages/airflow/example_dags/example_sensor_decorator.py
[2025-03-06T01:02:47.801+0000] {logging_mixin.py:190} INFO - [2025-03-06T01:02:47.801+0000] {dag.py:3239} INFO - Sync 1 DAGs
[2025-03-06T01:02:47.821+0000] {logging_mixin.py:190} INFO - [2025-03-06T01:02:47.821+0000] {dag.py:4180} INFO - Setting next_dagrun for example_sensor_decorator to None, run_after=None
[2025-03-06T01:02:47.855+0000] {processor.py:208} INFO - Processing /home/ubuntu/redfin_venv/lib/python3.12/site-packages/airflow/example_dags/example_sensor_decorator.py took 0.103 seconds
[2025-03-06T01:03:46.288+0000] {processor.py:186} INFO - Started process (PID=5386) to work on /home/ubuntu/redfin_venv/lib/python3.12/site-packages/airflow/example_dags/example_sensor_decorator.py
[2025-03-06T01:03:46.290+0000] {processor.py:914} INFO - Processing file /home/ubuntu/redfin_venv/lib/python3.12/site-packages/airflow/example_dags/example_sensor_decorator.py for tasks to queue
[2025-03-06T01:03:46.292+0000] {logging_mixin.py:190} INFO - [2025-03-06T01:03:46.291+0000] {dagbag.py:588} INFO - Filling up the DagBag from /home/ubuntu/redfin_venv/lib/python3.12/site-packages/airflow/example_dags/example_sensor_decorator.py
[2025-03-06T01:03:46.302+0000] {processor.py:925} INFO - DAG(s) 'example_sensor_decorator' retrieved from /home/ubuntu/redfin_venv/lib/python3.12/site-packages/airflow/example_dags/example_sensor_decorator.py
[2025-03-06T01:03:46.320+0000] {logging_mixin.py:190} INFO - [2025-03-06T01:03:46.320+0000] {dag.py:3239} INFO - Sync 1 DAGs
[2025-03-06T01:03:46.335+0000] {logging_mixin.py:190} INFO - [2025-03-06T01:03:46.335+0000] {dag.py:4180} INFO - Setting next_dagrun for example_sensor_decorator to None, run_after=None
[2025-03-06T01:03:46.360+0000] {processor.py:208} INFO - Processing /home/ubuntu/redfin_venv/lib/python3.12/site-packages/airflow/example_dags/example_sensor_decorator.py took 0.079 seconds
[2025-03-06T01:04:51.464+0000] {processor.py:186} INFO - Started process (PID=5507) to work on /home/ubuntu/redfin_venv/lib/python3.12/site-packages/airflow/example_dags/example_sensor_decorator.py
[2025-03-06T01:04:51.466+0000] {processor.py:914} INFO - Processing file /home/ubuntu/redfin_venv/lib/python3.12/site-packages/airflow/example_dags/example_sensor_decorator.py for tasks to queue
[2025-03-06T01:04:51.468+0000] {logging_mixin.py:190} INFO - [2025-03-06T01:04:51.468+0000] {dagbag.py:588} INFO - Filling up the DagBag from /home/ubuntu/redfin_venv/lib/python3.12/site-packages/airflow/example_dags/example_sensor_decorator.py
[2025-03-06T01:04:51.478+0000] {processor.py:925} INFO - DAG(s) 'example_sensor_decorator' retrieved from /home/ubuntu/redfin_venv/lib/python3.12/site-packages/airflow/example_dags/example_sensor_decorator.py
[2025-03-06T01:04:51.496+0000] {logging_mixin.py:190} INFO - [2025-03-06T01:04:51.495+0000] {dag.py:3239} INFO - Sync 1 DAGs
[2025-03-06T01:04:51.511+0000] {logging_mixin.py:190} INFO - [2025-03-06T01:04:51.511+0000] {dag.py:4180} INFO - Setting next_dagrun for example_sensor_decorator to None, run_after=None
[2025-03-06T01:04:51.536+0000] {processor.py:208} INFO - Processing /home/ubuntu/redfin_venv/lib/python3.12/site-packages/airflow/example_dags/example_sensor_decorator.py took 0.078 seconds
[2025-03-06T01:05:55.801+0000] {processor.py:186} INFO - Started process (PID=5631) to work on /home/ubuntu/redfin_venv/lib/python3.12/site-packages/airflow/example_dags/example_sensor_decorator.py
[2025-03-06T01:05:55.807+0000] {processor.py:914} INFO - Processing file /home/ubuntu/redfin_venv/lib/python3.12/site-packages/airflow/example_dags/example_sensor_decorator.py for tasks to queue
[2025-03-06T01:05:55.810+0000] {logging_mixin.py:190} INFO - [2025-03-06T01:05:55.809+0000] {dagbag.py:588} INFO - Filling up the DagBag from /home/ubuntu/redfin_venv/lib/python3.12/site-packages/airflow/example_dags/example_sensor_decorator.py
[2025-03-06T01:05:55.829+0000] {processor.py:925} INFO - DAG(s) 'example_sensor_decorator' retrieved from /home/ubuntu/redfin_venv/lib/python3.12/site-packages/airflow/example_dags/example_sensor_decorator.py
[2025-03-06T01:05:55.846+0000] {logging_mixin.py:190} INFO - [2025-03-06T01:05:55.846+0000] {dag.py:3239} INFO - Sync 1 DAGs
[2025-03-06T01:05:55.859+0000] {logging_mixin.py:190} INFO - [2025-03-06T01:05:55.859+0000] {dag.py:4180} INFO - Setting next_dagrun for example_sensor_decorator to None, run_after=None
[2025-03-06T01:05:55.883+0000] {processor.py:208} INFO - Processing /home/ubuntu/redfin_venv/lib/python3.12/site-packages/airflow/example_dags/example_sensor_decorator.py took 0.088 seconds
[2025-03-06T01:07:00.869+0000] {processor.py:186} INFO - Started process (PID=6054) to work on /home/ubuntu/redfin_venv/lib/python3.12/site-packages/airflow/example_dags/example_sensor_decorator.py
[2025-03-06T01:07:00.871+0000] {processor.py:914} INFO - Processing file /home/ubuntu/redfin_venv/lib/python3.12/site-packages/airflow/example_dags/example_sensor_decorator.py for tasks to queue
[2025-03-06T01:07:00.874+0000] {logging_mixin.py:190} INFO - [2025-03-06T01:07:00.873+0000] {dagbag.py:588} INFO - Filling up the DagBag from /home/ubuntu/redfin_venv/lib/python3.12/site-packages/airflow/example_dags/example_sensor_decorator.py
[2025-03-06T01:07:00.885+0000] {processor.py:925} INFO - DAG(s) 'example_sensor_decorator' retrieved from /home/ubuntu/redfin_venv/lib/python3.12/site-packages/airflow/example_dags/example_sensor_decorator.py
[2025-03-06T01:07:00.906+0000] {logging_mixin.py:190} INFO - [2025-03-06T01:07:00.906+0000] {dag.py:3239} INFO - Sync 1 DAGs
[2025-03-06T01:07:00.920+0000] {logging_mixin.py:190} INFO - [2025-03-06T01:07:00.920+0000] {dag.py:4180} INFO - Setting next_dagrun for example_sensor_decorator to None, run_after=None
[2025-03-06T01:07:00.946+0000] {processor.py:208} INFO - Processing /home/ubuntu/redfin_venv/lib/python3.12/site-packages/airflow/example_dags/example_sensor_decorator.py took 0.084 seconds
[2025-03-06T01:08:02.295+0000] {processor.py:186} INFO - Started process (PID=6353) to work on /home/ubuntu/redfin_venv/lib/python3.12/site-packages/airflow/example_dags/example_sensor_decorator.py
[2025-03-06T01:08:02.296+0000] {processor.py:914} INFO - Processing file /home/ubuntu/redfin_venv/lib/python3.12/site-packages/airflow/example_dags/example_sensor_decorator.py for tasks to queue
[2025-03-06T01:08:02.300+0000] {logging_mixin.py:190} INFO - [2025-03-06T01:08:02.300+0000] {dagbag.py:588} INFO - Filling up the DagBag from /home/ubuntu/redfin_venv/lib/python3.12/site-packages/airflow/example_dags/example_sensor_decorator.py
[2025-03-06T01:08:02.314+0000] {processor.py:925} INFO - DAG(s) 'example_sensor_decorator' retrieved from /home/ubuntu/redfin_venv/lib/python3.12/site-packages/airflow/example_dags/example_sensor_decorator.py
[2025-03-06T01:08:02.336+0000] {logging_mixin.py:190} INFO - [2025-03-06T01:08:02.336+0000] {dag.py:3239} INFO - Sync 1 DAGs
[2025-03-06T01:08:02.354+0000] {logging_mixin.py:190} INFO - [2025-03-06T01:08:02.354+0000] {dag.py:4180} INFO - Setting next_dagrun for example_sensor_decorator to None, run_after=None
[2025-03-06T01:08:02.383+0000] {processor.py:208} INFO - Processing /home/ubuntu/redfin_venv/lib/python3.12/site-packages/airflow/example_dags/example_sensor_decorator.py took 0.095 seconds
[2025-03-06T01:09:03.152+0000] {processor.py:186} INFO - Started process (PID=6712) to work on /home/ubuntu/redfin_venv/lib/python3.12/site-packages/airflow/example_dags/example_sensor_decorator.py
[2025-03-06T01:09:03.153+0000] {processor.py:914} INFO - Processing file /home/ubuntu/redfin_venv/lib/python3.12/site-packages/airflow/example_dags/example_sensor_decorator.py for tasks to queue
[2025-03-06T01:09:03.156+0000] {logging_mixin.py:190} INFO - [2025-03-06T01:09:03.155+0000] {dagbag.py:588} INFO - Filling up the DagBag from /home/ubuntu/redfin_venv/lib/python3.12/site-packages/airflow/example_dags/example_sensor_decorator.py
[2025-03-06T01:09:03.166+0000] {processor.py:925} INFO - DAG(s) 'example_sensor_decorator' retrieved from /home/ubuntu/redfin_venv/lib/python3.12/site-packages/airflow/example_dags/example_sensor_decorator.py
[2025-03-06T01:09:03.183+0000] {logging_mixin.py:190} INFO - [2025-03-06T01:09:03.183+0000] {dag.py:3239} INFO - Sync 1 DAGs
[2025-03-06T01:09:03.197+0000] {logging_mixin.py:190} INFO - [2025-03-06T01:09:03.197+0000] {dag.py:4180} INFO - Setting next_dagrun for example_sensor_decorator to None, run_after=None
[2025-03-06T01:09:03.223+0000] {processor.py:208} INFO - Processing /home/ubuntu/redfin_venv/lib/python3.12/site-packages/airflow/example_dags/example_sensor_decorator.py took 0.078 seconds
[2025-03-06T01:10:05.887+0000] {processor.py:186} INFO - Started process (PID=6836) to work on /home/ubuntu/redfin_venv/lib/python3.12/site-packages/airflow/example_dags/example_sensor_decorator.py
[2025-03-06T01:10:05.889+0000] {processor.py:914} INFO - Processing file /home/ubuntu/redfin_venv/lib/python3.12/site-packages/airflow/example_dags/example_sensor_decorator.py for tasks to queue
[2025-03-06T01:10:05.892+0000] {logging_mixin.py:190} INFO - [2025-03-06T01:10:05.891+0000] {dagbag.py:588} INFO - Filling up the DagBag from /home/ubuntu/redfin_venv/lib/python3.12/site-packages/airflow/example_dags/example_sensor_decorator.py
[2025-03-06T01:10:05.903+0000] {processor.py:925} INFO - DAG(s) 'example_sensor_decorator' retrieved from /home/ubuntu/redfin_venv/lib/python3.12/site-packages/airflow/example_dags/example_sensor_decorator.py
[2025-03-06T01:10:05.922+0000] {logging_mixin.py:190} INFO - [2025-03-06T01:10:05.922+0000] {dag.py:3239} INFO - Sync 1 DAGs
[2025-03-06T01:10:05.940+0000] {logging_mixin.py:190} INFO - [2025-03-06T01:10:05.940+0000] {dag.py:4180} INFO - Setting next_dagrun for example_sensor_decorator to None, run_after=None
[2025-03-06T01:10:05.980+0000] {processor.py:208} INFO - Processing /home/ubuntu/redfin_venv/lib/python3.12/site-packages/airflow/example_dags/example_sensor_decorator.py took 0.101 seconds
[2025-03-06T01:11:08.040+0000] {processor.py:186} INFO - Started process (PID=6955) to work on /home/ubuntu/redfin_venv/lib/python3.12/site-packages/airflow/example_dags/example_sensor_decorator.py
[2025-03-06T01:11:08.041+0000] {processor.py:914} INFO - Processing file /home/ubuntu/redfin_venv/lib/python3.12/site-packages/airflow/example_dags/example_sensor_decorator.py for tasks to queue
[2025-03-06T01:11:08.044+0000] {logging_mixin.py:190} INFO - [2025-03-06T01:11:08.043+0000] {dagbag.py:588} INFO - Filling up the DagBag from /home/ubuntu/redfin_venv/lib/python3.12/site-packages/airflow/example_dags/example_sensor_decorator.py
[2025-03-06T01:11:08.055+0000] {processor.py:925} INFO - DAG(s) 'example_sensor_decorator' retrieved from /home/ubuntu/redfin_venv/lib/python3.12/site-packages/airflow/example_dags/example_sensor_decorator.py
[2025-03-06T01:11:08.072+0000] {logging_mixin.py:190} INFO - [2025-03-06T01:11:08.072+0000] {dag.py:3239} INFO - Sync 1 DAGs
[2025-03-06T01:11:08.089+0000] {logging_mixin.py:190} INFO - [2025-03-06T01:11:08.089+0000] {dag.py:4180} INFO - Setting next_dagrun for example_sensor_decorator to None, run_after=None
[2025-03-06T01:11:08.140+0000] {processor.py:208} INFO - Processing /home/ubuntu/redfin_venv/lib/python3.12/site-packages/airflow/example_dags/example_sensor_decorator.py took 0.107 seconds
[2025-03-06T01:12:12.248+0000] {processor.py:186} INFO - Started process (PID=7075) to work on /home/ubuntu/redfin_venv/lib/python3.12/site-packages/airflow/example_dags/example_sensor_decorator.py
[2025-03-06T01:12:12.249+0000] {processor.py:914} INFO - Processing file /home/ubuntu/redfin_venv/lib/python3.12/site-packages/airflow/example_dags/example_sensor_decorator.py for tasks to queue
[2025-03-06T01:12:12.252+0000] {logging_mixin.py:190} INFO - [2025-03-06T01:12:12.251+0000] {dagbag.py:588} INFO - Filling up the DagBag from /home/ubuntu/redfin_venv/lib/python3.12/site-packages/airflow/example_dags/example_sensor_decorator.py
[2025-03-06T01:12:12.262+0000] {processor.py:925} INFO - DAG(s) 'example_sensor_decorator' retrieved from /home/ubuntu/redfin_venv/lib/python3.12/site-packages/airflow/example_dags/example_sensor_decorator.py
[2025-03-06T01:12:12.280+0000] {logging_mixin.py:190} INFO - [2025-03-06T01:12:12.280+0000] {dag.py:3239} INFO - Sync 1 DAGs
[2025-03-06T01:12:12.295+0000] {logging_mixin.py:190} INFO - [2025-03-06T01:12:12.294+0000] {dag.py:4180} INFO - Setting next_dagrun for example_sensor_decorator to None, run_after=None
[2025-03-06T01:12:12.321+0000] {processor.py:208} INFO - Processing /home/ubuntu/redfin_venv/lib/python3.12/site-packages/airflow/example_dags/example_sensor_decorator.py took 0.081 seconds
[2025-03-06T01:13:14.452+0000] {processor.py:186} INFO - Started process (PID=7195) to work on /home/ubuntu/redfin_venv/lib/python3.12/site-packages/airflow/example_dags/example_sensor_decorator.py
[2025-03-06T01:13:14.455+0000] {processor.py:914} INFO - Processing file /home/ubuntu/redfin_venv/lib/python3.12/site-packages/airflow/example_dags/example_sensor_decorator.py for tasks to queue
[2025-03-06T01:13:14.458+0000] {logging_mixin.py:190} INFO - [2025-03-06T01:13:14.457+0000] {dagbag.py:588} INFO - Filling up the DagBag from /home/ubuntu/redfin_venv/lib/python3.12/site-packages/airflow/example_dags/example_sensor_decorator.py
[2025-03-06T01:13:14.473+0000] {processor.py:925} INFO - DAG(s) 'example_sensor_decorator' retrieved from /home/ubuntu/redfin_venv/lib/python3.12/site-packages/airflow/example_dags/example_sensor_decorator.py
[2025-03-06T01:13:14.499+0000] {logging_mixin.py:190} INFO - [2025-03-06T01:13:14.499+0000] {dag.py:3239} INFO - Sync 1 DAGs
[2025-03-06T01:13:14.539+0000] {logging_mixin.py:190} INFO - [2025-03-06T01:13:14.538+0000] {dag.py:4180} INFO - Setting next_dagrun for example_sensor_decorator to None, run_after=None
[2025-03-06T01:13:14.582+0000] {processor.py:208} INFO - Processing /home/ubuntu/redfin_venv/lib/python3.12/site-packages/airflow/example_dags/example_sensor_decorator.py took 0.144 seconds
[2025-03-06T01:14:17.810+0000] {processor.py:186} INFO - Started process (PID=7437) to work on /home/ubuntu/redfin_venv/lib/python3.12/site-packages/airflow/example_dags/example_sensor_decorator.py
[2025-03-06T01:14:17.811+0000] {processor.py:914} INFO - Processing file /home/ubuntu/redfin_venv/lib/python3.12/site-packages/airflow/example_dags/example_sensor_decorator.py for tasks to queue
[2025-03-06T01:14:17.814+0000] {logging_mixin.py:190} INFO - [2025-03-06T01:14:17.813+0000] {dagbag.py:588} INFO - Filling up the DagBag from /home/ubuntu/redfin_venv/lib/python3.12/site-packages/airflow/example_dags/example_sensor_decorator.py
[2025-03-06T01:14:17.824+0000] {processor.py:925} INFO - DAG(s) 'example_sensor_decorator' retrieved from /home/ubuntu/redfin_venv/lib/python3.12/site-packages/airflow/example_dags/example_sensor_decorator.py
[2025-03-06T01:14:17.840+0000] {logging_mixin.py:190} INFO - [2025-03-06T01:14:17.840+0000] {dag.py:3239} INFO - Sync 1 DAGs
[2025-03-06T01:14:17.854+0000] {logging_mixin.py:190} INFO - [2025-03-06T01:14:17.853+0000] {dag.py:4180} INFO - Setting next_dagrun for example_sensor_decorator to None, run_after=None
[2025-03-06T01:14:17.878+0000] {processor.py:208} INFO - Processing /home/ubuntu/redfin_venv/lib/python3.12/site-packages/airflow/example_dags/example_sensor_decorator.py took 0.074 seconds
[2025-03-06T01:15:17.394+0000] {processor.py:186} INFO - Started process (PID=7679) to work on /home/ubuntu/redfin_venv/lib/python3.12/site-packages/airflow/example_dags/example_sensor_decorator.py
[2025-03-06T01:15:17.404+0000] {processor.py:914} INFO - Processing file /home/ubuntu/redfin_venv/lib/python3.12/site-packages/airflow/example_dags/example_sensor_decorator.py for tasks to queue
[2025-03-06T01:15:17.411+0000] {logging_mixin.py:190} INFO - [2025-03-06T01:15:17.410+0000] {dagbag.py:588} INFO - Filling up the DagBag from /home/ubuntu/redfin_venv/lib/python3.12/site-packages/airflow/example_dags/example_sensor_decorator.py
[2025-03-06T01:15:17.427+0000] {processor.py:925} INFO - DAG(s) 'example_sensor_decorator' retrieved from /home/ubuntu/redfin_venv/lib/python3.12/site-packages/airflow/example_dags/example_sensor_decorator.py
[2025-03-06T01:15:17.464+0000] {logging_mixin.py:190} INFO - [2025-03-06T01:15:17.463+0000] {dag.py:3239} INFO - Sync 1 DAGs
[2025-03-06T01:15:17.493+0000] {logging_mixin.py:190} INFO - [2025-03-06T01:15:17.493+0000] {dag.py:4180} INFO - Setting next_dagrun for example_sensor_decorator to None, run_after=None
[2025-03-06T01:15:17.546+0000] {processor.py:208} INFO - Processing /home/ubuntu/redfin_venv/lib/python3.12/site-packages/airflow/example_dags/example_sensor_decorator.py took 0.161 seconds
[2025-03-06T01:16:19.587+0000] {processor.py:186} INFO - Started process (PID=7859) to work on /home/ubuntu/redfin_venv/lib/python3.12/site-packages/airflow/example_dags/example_sensor_decorator.py
[2025-03-06T01:16:19.589+0000] {processor.py:914} INFO - Processing file /home/ubuntu/redfin_venv/lib/python3.12/site-packages/airflow/example_dags/example_sensor_decorator.py for tasks to queue
[2025-03-06T01:16:19.591+0000] {logging_mixin.py:190} INFO - [2025-03-06T01:16:19.591+0000] {dagbag.py:588} INFO - Filling up the DagBag from /home/ubuntu/redfin_venv/lib/python3.12/site-packages/airflow/example_dags/example_sensor_decorator.py
[2025-03-06T01:16:19.602+0000] {processor.py:925} INFO - DAG(s) 'example_sensor_decorator' retrieved from /home/ubuntu/redfin_venv/lib/python3.12/site-packages/airflow/example_dags/example_sensor_decorator.py
[2025-03-06T01:16:19.620+0000] {logging_mixin.py:190} INFO - [2025-03-06T01:16:19.619+0000] {dag.py:3239} INFO - Sync 1 DAGs
[2025-03-06T01:16:19.633+0000] {logging_mixin.py:190} INFO - [2025-03-06T01:16:19.633+0000] {dag.py:4180} INFO - Setting next_dagrun for example_sensor_decorator to None, run_after=None
[2025-03-06T01:16:19.660+0000] {processor.py:208} INFO - Processing /home/ubuntu/redfin_venv/lib/python3.12/site-packages/airflow/example_dags/example_sensor_decorator.py took 0.087 seconds
[2025-03-06T01:17:21.407+0000] {processor.py:186} INFO - Started process (PID=8040) to work on /home/ubuntu/redfin_venv/lib/python3.12/site-packages/airflow/example_dags/example_sensor_decorator.py
[2025-03-06T01:17:21.409+0000] {processor.py:914} INFO - Processing file /home/ubuntu/redfin_venv/lib/python3.12/site-packages/airflow/example_dags/example_sensor_decorator.py for tasks to queue
[2025-03-06T01:17:21.412+0000] {logging_mixin.py:190} INFO - [2025-03-06T01:17:21.412+0000] {dagbag.py:588} INFO - Filling up the DagBag from /home/ubuntu/redfin_venv/lib/python3.12/site-packages/airflow/example_dags/example_sensor_decorator.py
[2025-03-06T01:17:21.446+0000] {processor.py:925} INFO - DAG(s) 'example_sensor_decorator' retrieved from /home/ubuntu/redfin_venv/lib/python3.12/site-packages/airflow/example_dags/example_sensor_decorator.py
[2025-03-06T01:17:21.484+0000] {logging_mixin.py:190} INFO - [2025-03-06T01:17:21.484+0000] {dag.py:3239} INFO - Sync 1 DAGs
[2025-03-06T01:17:21.499+0000] {logging_mixin.py:190} INFO - [2025-03-06T01:17:21.498+0000] {dag.py:4180} INFO - Setting next_dagrun for example_sensor_decorator to None, run_after=None
[2025-03-06T01:17:21.528+0000] {processor.py:208} INFO - Processing /home/ubuntu/redfin_venv/lib/python3.12/site-packages/airflow/example_dags/example_sensor_decorator.py took 0.129 seconds
[2025-03-06T01:18:19.930+0000] {processor.py:186} INFO - Started process (PID=8345) to work on /home/ubuntu/redfin_venv/lib/python3.12/site-packages/airflow/example_dags/example_sensor_decorator.py
[2025-03-06T01:18:19.932+0000] {processor.py:914} INFO - Processing file /home/ubuntu/redfin_venv/lib/python3.12/site-packages/airflow/example_dags/example_sensor_decorator.py for tasks to queue
[2025-03-06T01:18:19.934+0000] {logging_mixin.py:190} INFO - [2025-03-06T01:18:19.934+0000] {dagbag.py:588} INFO - Filling up the DagBag from /home/ubuntu/redfin_venv/lib/python3.12/site-packages/airflow/example_dags/example_sensor_decorator.py
[2025-03-06T01:18:19.945+0000] {processor.py:925} INFO - DAG(s) 'example_sensor_decorator' retrieved from /home/ubuntu/redfin_venv/lib/python3.12/site-packages/airflow/example_dags/example_sensor_decorator.py
[2025-03-06T01:18:19.963+0000] {logging_mixin.py:190} INFO - [2025-03-06T01:18:19.963+0000] {dag.py:3239} INFO - Sync 1 DAGs
[2025-03-06T01:18:19.978+0000] {logging_mixin.py:190} INFO - [2025-03-06T01:18:19.977+0000] {dag.py:4180} INFO - Setting next_dagrun for example_sensor_decorator to None, run_after=None
[2025-03-06T01:18:20.008+0000] {processor.py:208} INFO - Processing /home/ubuntu/redfin_venv/lib/python3.12/site-packages/airflow/example_dags/example_sensor_decorator.py took 0.092 seconds
[2025-03-06T01:19:27.629+0000] {processor.py:186} INFO - Started process (PID=8561) to work on /home/ubuntu/redfin_venv/lib/python3.12/site-packages/airflow/example_dags/example_sensor_decorator.py
[2025-03-06T01:19:27.631+0000] {processor.py:914} INFO - Processing file /home/ubuntu/redfin_venv/lib/python3.12/site-packages/airflow/example_dags/example_sensor_decorator.py for tasks to queue
[2025-03-06T01:19:27.634+0000] {logging_mixin.py:190} INFO - [2025-03-06T01:19:27.633+0000] {dagbag.py:588} INFO - Filling up the DagBag from /home/ubuntu/redfin_venv/lib/python3.12/site-packages/airflow/example_dags/example_sensor_decorator.py
[2025-03-06T01:19:27.646+0000] {processor.py:925} INFO - DAG(s) 'example_sensor_decorator' retrieved from /home/ubuntu/redfin_venv/lib/python3.12/site-packages/airflow/example_dags/example_sensor_decorator.py
[2025-03-06T01:19:27.687+0000] {logging_mixin.py:190} INFO - [2025-03-06T01:19:27.685+0000] {dag.py:3239} INFO - Sync 1 DAGs
[2025-03-06T01:19:27.743+0000] {logging_mixin.py:190} INFO - [2025-03-06T01:19:27.742+0000] {dag.py:4180} INFO - Setting next_dagrun for example_sensor_decorator to None, run_after=None
[2025-03-06T01:19:27.800+0000] {processor.py:208} INFO - Processing /home/ubuntu/redfin_venv/lib/python3.12/site-packages/airflow/example_dags/example_sensor_decorator.py took 0.179 seconds
