[2025-03-06T00:59:09.596+0000] {processor.py:186} INFO - Started process (PID=3870) to work on /home/ubuntu/redfin_venv/lib/python3.12/site-packages/airflow/example_dags/example_branch_day_of_week_operator.py
[2025-03-06T00:59:09.597+0000] {processor.py:914} INFO - Processing file /home/ubuntu/redfin_venv/lib/python3.12/site-packages/airflow/example_dags/example_branch_day_of_week_operator.py for tasks to queue
[2025-03-06T00:59:09.600+0000] {logging_mixin.py:190} INFO - [2025-03-06T00:59:09.600+0000] {dagbag.py:588} INFO - Filling up the DagBag from /home/ubuntu/redfin_venv/lib/python3.12/site-packages/airflow/example_dags/example_branch_day_of_week_operator.py
[2025-03-06T00:59:09.621+0000] {processor.py:925} INFO - DAG(s) 'example_weekday_branch_operator' retrieved from /home/ubuntu/redfin_venv/lib/python3.12/site-packages/airflow/example_dags/example_branch_day_of_week_operator.py
[2025-03-06T00:59:09.662+0000] {logging_mixin.py:190} INFO - [2025-03-06T00:59:09.661+0000] {dag.py:3239} INFO - Sync 1 DAGs
[2025-03-06T00:59:09.702+0000] {logging_mixin.py:190} INFO - [2025-03-06T00:59:09.702+0000] {dag.py:4180} INFO - Setting next_dagrun for example_weekday_branch_operator to 2025-03-05 00:00:00+00:00, run_after=2025-03-06 00:00:00+00:00
[2025-03-06T00:59:09.739+0000] {processor.py:208} INFO - Processing /home/ubuntu/redfin_venv/lib/python3.12/site-packages/airflow/example_dags/example_branch_day_of_week_operator.py took 0.153 seconds
[2025-03-06T01:00:07.331+0000] {processor.py:186} INFO - Started process (PID=4208) to work on /home/ubuntu/redfin_venv/lib/python3.12/site-packages/airflow/example_dags/example_branch_day_of_week_operator.py
[2025-03-06T01:00:07.332+0000] {processor.py:914} INFO - Processing file /home/ubuntu/redfin_venv/lib/python3.12/site-packages/airflow/example_dags/example_branch_day_of_week_operator.py for tasks to queue
[2025-03-06T01:00:07.335+0000] {logging_mixin.py:190} INFO - [2025-03-06T01:00:07.335+0000] {dagbag.py:588} INFO - Filling up the DagBag from /home/ubuntu/redfin_venv/lib/python3.12/site-packages/airflow/example_dags/example_branch_day_of_week_operator.py
[2025-03-06T01:00:07.354+0000] {processor.py:925} INFO - DAG(s) 'example_weekday_branch_operator' retrieved from /home/ubuntu/redfin_venv/lib/python3.12/site-packages/airflow/example_dags/example_branch_day_of_week_operator.py
[2025-03-06T01:00:07.377+0000] {logging_mixin.py:190} INFO - [2025-03-06T01:00:07.377+0000] {dag.py:3239} INFO - Sync 1 DAGs
[2025-03-06T01:00:07.401+0000] {logging_mixin.py:190} INFO - [2025-03-06T01:00:07.401+0000] {dag.py:4180} INFO - Setting next_dagrun for example_weekday_branch_operator to 2025-03-05 00:00:00+00:00, run_after=2025-03-06 00:00:00+00:00
[2025-03-06T01:00:07.429+0000] {processor.py:208} INFO - Processing /home/ubuntu/redfin_venv/lib/python3.12/site-packages/airflow/example_dags/example_branch_day_of_week_operator.py took 0.107 seconds
[2025-03-06T01:01:09.550+0000] {processor.py:186} INFO - Started process (PID=4807) to work on /home/ubuntu/redfin_venv/lib/python3.12/site-packages/airflow/example_dags/example_branch_day_of_week_operator.py
[2025-03-06T01:01:09.554+0000] {processor.py:914} INFO - Processing file /home/ubuntu/redfin_venv/lib/python3.12/site-packages/airflow/example_dags/example_branch_day_of_week_operator.py for tasks to queue
[2025-03-06T01:01:09.556+0000] {logging_mixin.py:190} INFO - [2025-03-06T01:01:09.556+0000] {dagbag.py:588} INFO - Filling up the DagBag from /home/ubuntu/redfin_venv/lib/python3.12/site-packages/airflow/example_dags/example_branch_day_of_week_operator.py
[2025-03-06T01:01:09.568+0000] {processor.py:925} INFO - DAG(s) 'example_weekday_branch_operator' retrieved from /home/ubuntu/redfin_venv/lib/python3.12/site-packages/airflow/example_dags/example_branch_day_of_week_operator.py
[2025-03-06T01:01:09.587+0000] {logging_mixin.py:190} INFO - [2025-03-06T01:01:09.586+0000] {dag.py:3239} INFO - Sync 1 DAGs
[2025-03-06T01:01:09.610+0000] {logging_mixin.py:190} INFO - [2025-03-06T01:01:09.610+0000] {dag.py:4180} INFO - Setting next_dagrun for example_weekday_branch_operator to 2025-03-05 00:00:00+00:00, run_after=2025-03-06 00:00:00+00:00
[2025-03-06T01:01:09.634+0000] {processor.py:208} INFO - Processing /home/ubuntu/redfin_venv/lib/python3.12/site-packages/airflow/example_dags/example_branch_day_of_week_operator.py took 0.090 seconds
[2025-03-06T01:02:12.218+0000] {processor.py:186} INFO - Started process (PID=5076) to work on /home/ubuntu/redfin_venv/lib/python3.12/site-packages/airflow/example_dags/example_branch_day_of_week_operator.py
[2025-03-06T01:02:12.220+0000] {processor.py:914} INFO - Processing file /home/ubuntu/redfin_venv/lib/python3.12/site-packages/airflow/example_dags/example_branch_day_of_week_operator.py for tasks to queue
[2025-03-06T01:02:12.222+0000] {logging_mixin.py:190} INFO - [2025-03-06T01:02:12.222+0000] {dagbag.py:588} INFO - Filling up the DagBag from /home/ubuntu/redfin_venv/lib/python3.12/site-packages/airflow/example_dags/example_branch_day_of_week_operator.py
[2025-03-06T01:02:12.235+0000] {processor.py:925} INFO - DAG(s) 'example_weekday_branch_operator' retrieved from /home/ubuntu/redfin_venv/lib/python3.12/site-packages/airflow/example_dags/example_branch_day_of_week_operator.py
[2025-03-06T01:02:12.256+0000] {logging_mixin.py:190} INFO - [2025-03-06T01:02:12.256+0000] {dag.py:3239} INFO - Sync 1 DAGs
[2025-03-06T01:02:12.287+0000] {logging_mixin.py:190} INFO - [2025-03-06T01:02:12.287+0000] {dag.py:4180} INFO - Setting next_dagrun for example_weekday_branch_operator to 2025-03-05 00:00:00+00:00, run_after=2025-03-06 00:00:00+00:00
[2025-03-06T01:02:12.319+0000] {processor.py:208} INFO - Processing /home/ubuntu/redfin_venv/lib/python3.12/site-packages/airflow/example_dags/example_branch_day_of_week_operator.py took 0.108 seconds
[2025-03-06T01:03:12.201+0000] {processor.py:186} INFO - Started process (PID=5291) to work on /home/ubuntu/redfin_venv/lib/python3.12/site-packages/airflow/example_dags/example_branch_day_of_week_operator.py
[2025-03-06T01:03:12.202+0000] {processor.py:914} INFO - Processing file /home/ubuntu/redfin_venv/lib/python3.12/site-packages/airflow/example_dags/example_branch_day_of_week_operator.py for tasks to queue
[2025-03-06T01:03:12.205+0000] {logging_mixin.py:190} INFO - [2025-03-06T01:03:12.204+0000] {dagbag.py:588} INFO - Filling up the DagBag from /home/ubuntu/redfin_venv/lib/python3.12/site-packages/airflow/example_dags/example_branch_day_of_week_operator.py
[2025-03-06T01:03:12.220+0000] {processor.py:925} INFO - DAG(s) 'example_weekday_branch_operator' retrieved from /home/ubuntu/redfin_venv/lib/python3.12/site-packages/airflow/example_dags/example_branch_day_of_week_operator.py
[2025-03-06T01:03:12.244+0000] {logging_mixin.py:190} INFO - [2025-03-06T01:03:12.243+0000] {dag.py:3239} INFO - Sync 1 DAGs
[2025-03-06T01:03:12.278+0000] {logging_mixin.py:190} INFO - [2025-03-06T01:03:12.278+0000] {dag.py:4180} INFO - Setting next_dagrun for example_weekday_branch_operator to 2025-03-05 00:00:00+00:00, run_after=2025-03-06 00:00:00+00:00
[2025-03-06T01:03:12.332+0000] {processor.py:208} INFO - Processing /home/ubuntu/redfin_venv/lib/python3.12/site-packages/airflow/example_dags/example_branch_day_of_week_operator.py took 0.139 seconds
[2025-03-06T01:04:42.460+0000] {processor.py:186} INFO - Started process (PID=5498) to work on /home/ubuntu/redfin_venv/lib/python3.12/site-packages/airflow/example_dags/example_branch_day_of_week_operator.py
[2025-03-06T01:04:42.461+0000] {processor.py:914} INFO - Processing file /home/ubuntu/redfin_venv/lib/python3.12/site-packages/airflow/example_dags/example_branch_day_of_week_operator.py for tasks to queue
[2025-03-06T01:04:42.465+0000] {logging_mixin.py:190} INFO - [2025-03-06T01:04:42.465+0000] {dagbag.py:588} INFO - Filling up the DagBag from /home/ubuntu/redfin_venv/lib/python3.12/site-packages/airflow/example_dags/example_branch_day_of_week_operator.py
[2025-03-06T01:04:42.480+0000] {processor.py:925} INFO - DAG(s) 'example_weekday_branch_operator' retrieved from /home/ubuntu/redfin_venv/lib/python3.12/site-packages/airflow/example_dags/example_branch_day_of_week_operator.py
[2025-03-06T01:04:42.510+0000] {logging_mixin.py:190} INFO - [2025-03-06T01:04:42.510+0000] {dag.py:3239} INFO - Sync 1 DAGs
[2025-03-06T01:04:42.556+0000] {logging_mixin.py:190} INFO - [2025-03-06T01:04:42.556+0000] {dag.py:4180} INFO - Setting next_dagrun for example_weekday_branch_operator to 2025-03-05 00:00:00+00:00, run_after=2025-03-06 00:00:00+00:00
[2025-03-06T01:04:42.582+0000] {processor.py:208} INFO - Processing /home/ubuntu/redfin_venv/lib/python3.12/site-packages/airflow/example_dags/example_branch_day_of_week_operator.py took 0.133 seconds
[2025-03-06T01:05:47.539+0000] {processor.py:186} INFO - Started process (PID=5622) to work on /home/ubuntu/redfin_venv/lib/python3.12/site-packages/airflow/example_dags/example_branch_day_of_week_operator.py
[2025-03-06T01:05:47.540+0000] {processor.py:914} INFO - Processing file /home/ubuntu/redfin_venv/lib/python3.12/site-packages/airflow/example_dags/example_branch_day_of_week_operator.py for tasks to queue
[2025-03-06T01:05:47.543+0000] {logging_mixin.py:190} INFO - [2025-03-06T01:05:47.542+0000] {dagbag.py:588} INFO - Filling up the DagBag from /home/ubuntu/redfin_venv/lib/python3.12/site-packages/airflow/example_dags/example_branch_day_of_week_operator.py
[2025-03-06T01:05:47.554+0000] {processor.py:925} INFO - DAG(s) 'example_weekday_branch_operator' retrieved from /home/ubuntu/redfin_venv/lib/python3.12/site-packages/airflow/example_dags/example_branch_day_of_week_operator.py
[2025-03-06T01:05:47.573+0000] {logging_mixin.py:190} INFO - [2025-03-06T01:05:47.573+0000] {dag.py:3239} INFO - Sync 1 DAGs
[2025-03-06T01:05:47.594+0000] {logging_mixin.py:190} INFO - [2025-03-06T01:05:47.594+0000] {dag.py:4180} INFO - Setting next_dagrun for example_weekday_branch_operator to 2025-03-05 00:00:00+00:00, run_after=2025-03-06 00:00:00+00:00
[2025-03-06T01:05:47.619+0000] {processor.py:208} INFO - Processing /home/ubuntu/redfin_venv/lib/python3.12/site-packages/airflow/example_dags/example_branch_day_of_week_operator.py took 0.086 seconds
[2025-03-06T01:06:50.383+0000] {processor.py:186} INFO - Started process (PID=5924) to work on /home/ubuntu/redfin_venv/lib/python3.12/site-packages/airflow/example_dags/example_branch_day_of_week_operator.py
[2025-03-06T01:06:50.388+0000] {processor.py:914} INFO - Processing file /home/ubuntu/redfin_venv/lib/python3.12/site-packages/airflow/example_dags/example_branch_day_of_week_operator.py for tasks to queue
[2025-03-06T01:06:50.392+0000] {logging_mixin.py:190} INFO - [2025-03-06T01:06:50.391+0000] {dagbag.py:588} INFO - Filling up the DagBag from /home/ubuntu/redfin_venv/lib/python3.12/site-packages/airflow/example_dags/example_branch_day_of_week_operator.py
[2025-03-06T01:06:50.407+0000] {processor.py:925} INFO - DAG(s) 'example_weekday_branch_operator' retrieved from /home/ubuntu/redfin_venv/lib/python3.12/site-packages/airflow/example_dags/example_branch_day_of_week_operator.py
[2025-03-06T01:06:50.428+0000] {logging_mixin.py:190} INFO - [2025-03-06T01:06:50.428+0000] {dag.py:3239} INFO - Sync 1 DAGs
[2025-03-06T01:06:50.453+0000] {logging_mixin.py:190} INFO - [2025-03-06T01:06:50.453+0000] {dag.py:4180} INFO - Setting next_dagrun for example_weekday_branch_operator to 2025-03-05 00:00:00+00:00, run_after=2025-03-06 00:00:00+00:00
[2025-03-06T01:06:50.479+0000] {processor.py:208} INFO - Processing /home/ubuntu/redfin_venv/lib/python3.12/site-packages/airflow/example_dags/example_branch_day_of_week_operator.py took 0.104 seconds
[2025-03-06T01:07:50.582+0000] {processor.py:186} INFO - Started process (PID=6283) to work on /home/ubuntu/redfin_venv/lib/python3.12/site-packages/airflow/example_dags/example_branch_day_of_week_operator.py
[2025-03-06T01:07:50.583+0000] {processor.py:914} INFO - Processing file /home/ubuntu/redfin_venv/lib/python3.12/site-packages/airflow/example_dags/example_branch_day_of_week_operator.py for tasks to queue
[2025-03-06T01:07:50.585+0000] {logging_mixin.py:190} INFO - [2025-03-06T01:07:50.585+0000] {dagbag.py:588} INFO - Filling up the DagBag from /home/ubuntu/redfin_venv/lib/python3.12/site-packages/airflow/example_dags/example_branch_day_of_week_operator.py
[2025-03-06T01:07:50.596+0000] {processor.py:925} INFO - DAG(s) 'example_weekday_branch_operator' retrieved from /home/ubuntu/redfin_venv/lib/python3.12/site-packages/airflow/example_dags/example_branch_day_of_week_operator.py
[2025-03-06T01:07:50.615+0000] {logging_mixin.py:190} INFO - [2025-03-06T01:07:50.615+0000] {dag.py:3239} INFO - Sync 1 DAGs
[2025-03-06T01:07:50.637+0000] {logging_mixin.py:190} INFO - [2025-03-06T01:07:50.636+0000] {dag.py:4180} INFO - Setting next_dagrun for example_weekday_branch_operator to 2025-03-05 00:00:00+00:00, run_after=2025-03-06 00:00:00+00:00
[2025-03-06T01:07:50.661+0000] {processor.py:208} INFO - Processing /home/ubuntu/redfin_venv/lib/python3.12/site-packages/airflow/example_dags/example_branch_day_of_week_operator.py took 0.085 seconds
[2025-03-06T01:08:50.423+0000] {processor.py:186} INFO - Started process (PID=6581) to work on /home/ubuntu/redfin_venv/lib/python3.12/site-packages/airflow/example_dags/example_branch_day_of_week_operator.py
[2025-03-06T01:08:50.425+0000] {processor.py:914} INFO - Processing file /home/ubuntu/redfin_venv/lib/python3.12/site-packages/airflow/example_dags/example_branch_day_of_week_operator.py for tasks to queue
[2025-03-06T01:08:50.427+0000] {logging_mixin.py:190} INFO - [2025-03-06T01:08:50.427+0000] {dagbag.py:588} INFO - Filling up the DagBag from /home/ubuntu/redfin_venv/lib/python3.12/site-packages/airflow/example_dags/example_branch_day_of_week_operator.py
[2025-03-06T01:08:50.438+0000] {processor.py:925} INFO - DAG(s) 'example_weekday_branch_operator' retrieved from /home/ubuntu/redfin_venv/lib/python3.12/site-packages/airflow/example_dags/example_branch_day_of_week_operator.py
[2025-03-06T01:08:50.456+0000] {logging_mixin.py:190} INFO - [2025-03-06T01:08:50.455+0000] {dag.py:3239} INFO - Sync 1 DAGs
[2025-03-06T01:08:50.478+0000] {logging_mixin.py:190} INFO - [2025-03-06T01:08:50.478+0000] {dag.py:4180} INFO - Setting next_dagrun for example_weekday_branch_operator to 2025-03-05 00:00:00+00:00, run_after=2025-03-06 00:00:00+00:00
[2025-03-06T01:08:50.522+0000] {processor.py:208} INFO - Processing /home/ubuntu/redfin_venv/lib/python3.12/site-packages/airflow/example_dags/example_branch_day_of_week_operator.py took 0.108 seconds
[2025-03-06T01:09:54.412+0000] {processor.py:186} INFO - Started process (PID=6821) to work on /home/ubuntu/redfin_venv/lib/python3.12/site-packages/airflow/example_dags/example_branch_day_of_week_operator.py
[2025-03-06T01:09:54.416+0000] {processor.py:914} INFO - Processing file /home/ubuntu/redfin_venv/lib/python3.12/site-packages/airflow/example_dags/example_branch_day_of_week_operator.py for tasks to queue
[2025-03-06T01:09:54.421+0000] {logging_mixin.py:190} INFO - [2025-03-06T01:09:54.421+0000] {dagbag.py:588} INFO - Filling up the DagBag from /home/ubuntu/redfin_venv/lib/python3.12/site-packages/airflow/example_dags/example_branch_day_of_week_operator.py
[2025-03-06T01:09:54.449+0000] {processor.py:925} INFO - DAG(s) 'example_weekday_branch_operator' retrieved from /home/ubuntu/redfin_venv/lib/python3.12/site-packages/airflow/example_dags/example_branch_day_of_week_operator.py
[2025-03-06T01:09:54.486+0000] {logging_mixin.py:190} INFO - [2025-03-06T01:09:54.485+0000] {dag.py:3239} INFO - Sync 1 DAGs
[2025-03-06T01:09:54.525+0000] {logging_mixin.py:190} INFO - [2025-03-06T01:09:54.525+0000] {dag.py:4180} INFO - Setting next_dagrun for example_weekday_branch_operator to 2025-03-05 00:00:00+00:00, run_after=2025-03-06 00:00:00+00:00
[2025-03-06T01:09:54.560+0000] {processor.py:208} INFO - Processing /home/ubuntu/redfin_venv/lib/python3.12/site-packages/airflow/example_dags/example_branch_day_of_week_operator.py took 0.158 seconds
[2025-03-06T01:10:56.584+0000] {processor.py:186} INFO - Started process (PID=6944) to work on /home/ubuntu/redfin_venv/lib/python3.12/site-packages/airflow/example_dags/example_branch_day_of_week_operator.py
[2025-03-06T01:10:56.586+0000] {processor.py:914} INFO - Processing file /home/ubuntu/redfin_venv/lib/python3.12/site-packages/airflow/example_dags/example_branch_day_of_week_operator.py for tasks to queue
[2025-03-06T01:10:56.588+0000] {logging_mixin.py:190} INFO - [2025-03-06T01:10:56.587+0000] {dagbag.py:588} INFO - Filling up the DagBag from /home/ubuntu/redfin_venv/lib/python3.12/site-packages/airflow/example_dags/example_branch_day_of_week_operator.py
[2025-03-06T01:10:56.599+0000] {processor.py:925} INFO - DAG(s) 'example_weekday_branch_operator' retrieved from /home/ubuntu/redfin_venv/lib/python3.12/site-packages/airflow/example_dags/example_branch_day_of_week_operator.py
[2025-03-06T01:10:56.617+0000] {logging_mixin.py:190} INFO - [2025-03-06T01:10:56.617+0000] {dag.py:3239} INFO - Sync 1 DAGs
[2025-03-06T01:10:56.639+0000] {logging_mixin.py:190} INFO - [2025-03-06T01:10:56.638+0000] {dag.py:4180} INFO - Setting next_dagrun for example_weekday_branch_operator to 2025-03-05 00:00:00+00:00, run_after=2025-03-06 00:00:00+00:00
[2025-03-06T01:10:56.662+0000] {processor.py:208} INFO - Processing /home/ubuntu/redfin_venv/lib/python3.12/site-packages/airflow/example_dags/example_branch_day_of_week_operator.py took 0.084 seconds
[2025-03-06T01:11:59.103+0000] {processor.py:186} INFO - Started process (PID=7063) to work on /home/ubuntu/redfin_venv/lib/python3.12/site-packages/airflow/example_dags/example_branch_day_of_week_operator.py
[2025-03-06T01:11:59.107+0000] {processor.py:914} INFO - Processing file /home/ubuntu/redfin_venv/lib/python3.12/site-packages/airflow/example_dags/example_branch_day_of_week_operator.py for tasks to queue
[2025-03-06T01:11:59.109+0000] {logging_mixin.py:190} INFO - [2025-03-06T01:11:59.109+0000] {dagbag.py:588} INFO - Filling up the DagBag from /home/ubuntu/redfin_venv/lib/python3.12/site-packages/airflow/example_dags/example_branch_day_of_week_operator.py
[2025-03-06T01:11:59.124+0000] {processor.py:925} INFO - DAG(s) 'example_weekday_branch_operator' retrieved from /home/ubuntu/redfin_venv/lib/python3.12/site-packages/airflow/example_dags/example_branch_day_of_week_operator.py
[2025-03-06T01:11:59.145+0000] {logging_mixin.py:190} INFO - [2025-03-06T01:11:59.145+0000] {dag.py:3239} INFO - Sync 1 DAGs
[2025-03-06T01:11:59.169+0000] {logging_mixin.py:190} INFO - [2025-03-06T01:11:59.169+0000] {dag.py:4180} INFO - Setting next_dagrun for example_weekday_branch_operator to 2025-03-05 00:00:00+00:00, run_after=2025-03-06 00:00:00+00:00
[2025-03-06T01:11:59.198+0000] {processor.py:208} INFO - Processing /home/ubuntu/redfin_venv/lib/python3.12/site-packages/airflow/example_dags/example_branch_day_of_week_operator.py took 0.102 seconds
[2025-03-06T01:13:04.746+0000] {processor.py:186} INFO - Started process (PID=7185) to work on /home/ubuntu/redfin_venv/lib/python3.12/site-packages/airflow/example_dags/example_branch_day_of_week_operator.py
[2025-03-06T01:13:04.748+0000] {processor.py:914} INFO - Processing file /home/ubuntu/redfin_venv/lib/python3.12/site-packages/airflow/example_dags/example_branch_day_of_week_operator.py for tasks to queue
[2025-03-06T01:13:04.752+0000] {logging_mixin.py:190} INFO - [2025-03-06T01:13:04.751+0000] {dagbag.py:588} INFO - Filling up the DagBag from /home/ubuntu/redfin_venv/lib/python3.12/site-packages/airflow/example_dags/example_branch_day_of_week_operator.py
[2025-03-06T01:13:04.774+0000] {processor.py:925} INFO - DAG(s) 'example_weekday_branch_operator' retrieved from /home/ubuntu/redfin_venv/lib/python3.12/site-packages/airflow/example_dags/example_branch_day_of_week_operator.py
[2025-03-06T01:13:04.805+0000] {logging_mixin.py:190} INFO - [2025-03-06T01:13:04.804+0000] {dag.py:3239} INFO - Sync 1 DAGs
[2025-03-06T01:13:04.836+0000] {logging_mixin.py:190} INFO - [2025-03-06T01:13:04.836+0000] {dag.py:4180} INFO - Setting next_dagrun for example_weekday_branch_operator to 2025-03-05 00:00:00+00:00, run_after=2025-03-06 00:00:00+00:00
[2025-03-06T01:13:04.877+0000] {processor.py:208} INFO - Processing /home/ubuntu/redfin_venv/lib/python3.12/site-packages/airflow/example_dags/example_branch_day_of_week_operator.py took 0.140 seconds
[2025-03-06T01:14:05.777+0000] {processor.py:186} INFO - Started process (PID=7365) to work on /home/ubuntu/redfin_venv/lib/python3.12/site-packages/airflow/example_dags/example_branch_day_of_week_operator.py
[2025-03-06T01:14:05.779+0000] {processor.py:914} INFO - Processing file /home/ubuntu/redfin_venv/lib/python3.12/site-packages/airflow/example_dags/example_branch_day_of_week_operator.py for tasks to queue
[2025-03-06T01:14:05.781+0000] {logging_mixin.py:190} INFO - [2025-03-06T01:14:05.780+0000] {dagbag.py:588} INFO - Filling up the DagBag from /home/ubuntu/redfin_venv/lib/python3.12/site-packages/airflow/example_dags/example_branch_day_of_week_operator.py
[2025-03-06T01:14:05.794+0000] {processor.py:925} INFO - DAG(s) 'example_weekday_branch_operator' retrieved from /home/ubuntu/redfin_venv/lib/python3.12/site-packages/airflow/example_dags/example_branch_day_of_week_operator.py
[2025-03-06T01:14:05.815+0000] {logging_mixin.py:190} INFO - [2025-03-06T01:14:05.815+0000] {dag.py:3239} INFO - Sync 1 DAGs
[2025-03-06T01:14:05.840+0000] {logging_mixin.py:190} INFO - [2025-03-06T01:14:05.840+0000] {dag.py:4180} INFO - Setting next_dagrun for example_weekday_branch_operator to 2025-03-05 00:00:00+00:00, run_after=2025-03-06 00:00:00+00:00
[2025-03-06T01:14:05.868+0000] {processor.py:208} INFO - Processing /home/ubuntu/redfin_venv/lib/python3.12/site-packages/airflow/example_dags/example_branch_day_of_week_operator.py took 0.098 seconds
[2025-03-06T01:15:06.252+0000] {processor.py:186} INFO - Started process (PID=7573) to work on /home/ubuntu/redfin_venv/lib/python3.12/site-packages/airflow/example_dags/example_branch_day_of_week_operator.py
[2025-03-06T01:15:06.253+0000] {processor.py:914} INFO - Processing file /home/ubuntu/redfin_venv/lib/python3.12/site-packages/airflow/example_dags/example_branch_day_of_week_operator.py for tasks to queue
[2025-03-06T01:15:06.256+0000] {logging_mixin.py:190} INFO - [2025-03-06T01:15:06.255+0000] {dagbag.py:588} INFO - Filling up the DagBag from /home/ubuntu/redfin_venv/lib/python3.12/site-packages/airflow/example_dags/example_branch_day_of_week_operator.py
[2025-03-06T01:15:06.269+0000] {processor.py:925} INFO - DAG(s) 'example_weekday_branch_operator' retrieved from /home/ubuntu/redfin_venv/lib/python3.12/site-packages/airflow/example_dags/example_branch_day_of_week_operator.py
[2025-03-06T01:15:06.288+0000] {logging_mixin.py:190} INFO - [2025-03-06T01:15:06.288+0000] {dag.py:3239} INFO - Sync 1 DAGs
[2025-03-06T01:15:06.311+0000] {logging_mixin.py:190} INFO - [2025-03-06T01:15:06.310+0000] {dag.py:4180} INFO - Setting next_dagrun for example_weekday_branch_operator to 2025-03-05 00:00:00+00:00, run_after=2025-03-06 00:00:00+00:00
[2025-03-06T01:15:06.338+0000] {processor.py:208} INFO - Processing /home/ubuntu/redfin_venv/lib/python3.12/site-packages/airflow/example_dags/example_branch_day_of_week_operator.py took 0.092 seconds
[2025-03-06T01:16:10.324+0000] {processor.py:186} INFO - Started process (PID=7788) to work on /home/ubuntu/redfin_venv/lib/python3.12/site-packages/airflow/example_dags/example_branch_day_of_week_operator.py
[2025-03-06T01:16:10.326+0000] {processor.py:914} INFO - Processing file /home/ubuntu/redfin_venv/lib/python3.12/site-packages/airflow/example_dags/example_branch_day_of_week_operator.py for tasks to queue
[2025-03-06T01:16:10.329+0000] {logging_mixin.py:190} INFO - [2025-03-06T01:16:10.329+0000] {dagbag.py:588} INFO - Filling up the DagBag from /home/ubuntu/redfin_venv/lib/python3.12/site-packages/airflow/example_dags/example_branch_day_of_week_operator.py
[2025-03-06T01:16:10.349+0000] {processor.py:925} INFO - DAG(s) 'example_weekday_branch_operator' retrieved from /home/ubuntu/redfin_venv/lib/python3.12/site-packages/airflow/example_dags/example_branch_day_of_week_operator.py
[2025-03-06T01:16:10.385+0000] {logging_mixin.py:190} INFO - [2025-03-06T01:16:10.385+0000] {dag.py:3239} INFO - Sync 1 DAGs
[2025-03-06T01:16:10.426+0000] {logging_mixin.py:190} INFO - [2025-03-06T01:16:10.426+0000] {dag.py:4180} INFO - Setting next_dagrun for example_weekday_branch_operator to 2025-03-05 00:00:00+00:00, run_after=2025-03-06 00:00:00+00:00
[2025-03-06T01:16:10.457+0000] {processor.py:208} INFO - Processing /home/ubuntu/redfin_venv/lib/python3.12/site-packages/airflow/example_dags/example_branch_day_of_week_operator.py took 0.143 seconds
[2025-03-06T01:17:08.757+0000] {processor.py:186} INFO - Started process (PID=7909) to work on /home/ubuntu/redfin_venv/lib/python3.12/site-packages/airflow/example_dags/example_branch_day_of_week_operator.py
[2025-03-06T01:17:08.760+0000] {processor.py:914} INFO - Processing file /home/ubuntu/redfin_venv/lib/python3.12/site-packages/airflow/example_dags/example_branch_day_of_week_operator.py for tasks to queue
[2025-03-06T01:17:08.762+0000] {logging_mixin.py:190} INFO - [2025-03-06T01:17:08.762+0000] {dagbag.py:588} INFO - Filling up the DagBag from /home/ubuntu/redfin_venv/lib/python3.12/site-packages/airflow/example_dags/example_branch_day_of_week_operator.py
[2025-03-06T01:17:08.776+0000] {processor.py:925} INFO - DAG(s) 'example_weekday_branch_operator' retrieved from /home/ubuntu/redfin_venv/lib/python3.12/site-packages/airflow/example_dags/example_branch_day_of_week_operator.py
[2025-03-06T01:17:08.795+0000] {logging_mixin.py:190} INFO - [2025-03-06T01:17:08.794+0000] {dag.py:3239} INFO - Sync 1 DAGs
[2025-03-06T01:17:08.817+0000] {logging_mixin.py:190} INFO - [2025-03-06T01:17:08.816+0000] {dag.py:4180} INFO - Setting next_dagrun for example_weekday_branch_operator to 2025-03-05 00:00:00+00:00, run_after=2025-03-06 00:00:00+00:00
[2025-03-06T01:17:08.842+0000] {processor.py:208} INFO - Processing /home/ubuntu/redfin_venv/lib/python3.12/site-packages/airflow/example_dags/example_branch_day_of_week_operator.py took 0.092 seconds
[2025-03-06T01:18:10.922+0000] {processor.py:186} INFO - Started process (PID=8250) to work on /home/ubuntu/redfin_venv/lib/python3.12/site-packages/airflow/example_dags/example_branch_day_of_week_operator.py
[2025-03-06T01:18:10.924+0000] {processor.py:914} INFO - Processing file /home/ubuntu/redfin_venv/lib/python3.12/site-packages/airflow/example_dags/example_branch_day_of_week_operator.py for tasks to queue
[2025-03-06T01:18:10.928+0000] {logging_mixin.py:190} INFO - [2025-03-06T01:18:10.927+0000] {dagbag.py:588} INFO - Filling up the DagBag from /home/ubuntu/redfin_venv/lib/python3.12/site-packages/airflow/example_dags/example_branch_day_of_week_operator.py
[2025-03-06T01:18:10.944+0000] {processor.py:925} INFO - DAG(s) 'example_weekday_branch_operator' retrieved from /home/ubuntu/redfin_venv/lib/python3.12/site-packages/airflow/example_dags/example_branch_day_of_week_operator.py
[2025-03-06T01:18:10.969+0000] {logging_mixin.py:190} INFO - [2025-03-06T01:18:10.969+0000] {dag.py:3239} INFO - Sync 1 DAGs
[2025-03-06T01:18:10.998+0000] {logging_mixin.py:190} INFO - [2025-03-06T01:18:10.998+0000] {dag.py:4180} INFO - Setting next_dagrun for example_weekday_branch_operator to 2025-03-05 00:00:00+00:00, run_after=2025-03-06 00:00:00+00:00
[2025-03-06T01:18:11.027+0000] {processor.py:208} INFO - Processing /home/ubuntu/redfin_venv/lib/python3.12/site-packages/airflow/example_dags/example_branch_day_of_week_operator.py took 0.113 seconds
[2025-03-06T01:19:13.442+0000] {processor.py:186} INFO - Started process (PID=8489) to work on /home/ubuntu/redfin_venv/lib/python3.12/site-packages/airflow/example_dags/example_branch_day_of_week_operator.py
[2025-03-06T01:19:13.446+0000] {processor.py:914} INFO - Processing file /home/ubuntu/redfin_venv/lib/python3.12/site-packages/airflow/example_dags/example_branch_day_of_week_operator.py for tasks to queue
[2025-03-06T01:19:13.450+0000] {logging_mixin.py:190} INFO - [2025-03-06T01:19:13.448+0000] {dagbag.py:588} INFO - Filling up the DagBag from /home/ubuntu/redfin_venv/lib/python3.12/site-packages/airflow/example_dags/example_branch_day_of_week_operator.py
[2025-03-06T01:19:13.466+0000] {processor.py:925} INFO - DAG(s) 'example_weekday_branch_operator' retrieved from /home/ubuntu/redfin_venv/lib/python3.12/site-packages/airflow/example_dags/example_branch_day_of_week_operator.py
[2025-03-06T01:19:13.491+0000] {logging_mixin.py:190} INFO - [2025-03-06T01:19:13.491+0000] {dag.py:3239} INFO - Sync 1 DAGs
[2025-03-06T01:19:13.541+0000] {logging_mixin.py:190} INFO - [2025-03-06T01:19:13.540+0000] {dag.py:4180} INFO - Setting next_dagrun for example_weekday_branch_operator to 2025-03-05 00:00:00+00:00, run_after=2025-03-06 00:00:00+00:00
[2025-03-06T01:19:13.595+0000] {processor.py:208} INFO - Processing /home/ubuntu/redfin_venv/lib/python3.12/site-packages/airflow/example_dags/example_branch_day_of_week_operator.py took 0.164 seconds
