[2025-03-06T00:58:59.339+0000] {processor.py:186} INFO - Started process (PID=3739) to work on /home/ubuntu/redfin_venv/lib/python3.12/site-packages/airflow/example_dags/example_datasets.py
[2025-03-06T00:58:59.341+0000] {processor.py:914} INFO - Processing file /home/ubuntu/redfin_venv/lib/python3.12/site-packages/airflow/example_dags/example_datasets.py for tasks to queue
[2025-03-06T00:58:59.346+0000] {logging_mixin.py:190} INFO - [2025-03-06T00:58:59.344+0000] {dagbag.py:588} INFO - Filling up the DagBag from /home/ubuntu/redfin_venv/lib/python3.12/site-packages/airflow/example_dags/example_datasets.py
[2025-03-06T00:58:59.383+0000] {processor.py:925} INFO - DAG(s) 'dataset_produces_2', 'conditional_dataset_and_time_based_timetable', 'dataset_consumes_1_never_scheduled', 'consume_1_or_both_2_and_3_with_dataset_expressions', 'dataset_produces_1', 'dataset_consumes_1_and_2', 'dataset_consumes_unknown_never_scheduled', 'consume_1_and_2_with_dataset_expressions', 'dataset_consumes_1', 'consume_1_or_2_with_dataset_expressions' retrieved from /home/ubuntu/redfin_venv/lib/python3.12/site-packages/airflow/example_dags/example_datasets.py
[2025-03-06T00:58:59.456+0000] {logging_mixin.py:190} INFO - [2025-03-06T00:58:59.455+0000] {dag.py:3239} INFO - Sync 10 DAGs
[2025-03-06T00:58:59.508+0000] {logging_mixin.py:190} INFO - [2025-03-06T00:58:59.507+0000] {dag.py:4180} INFO - Setting next_dagrun for conditional_dataset_and_time_based_timetable to 2025-03-05 01:00:00+00:00, run_after=2025-03-05 01:00:00+00:00
[2025-03-06T00:58:59.516+0000] {logging_mixin.py:190} INFO - [2025-03-06T00:58:59.515+0000] {dag.py:4180} INFO - Setting next_dagrun for consume_1_and_2_with_dataset_expressions to None, run_after=None
[2025-03-06T00:58:59.518+0000] {logging_mixin.py:190} INFO - [2025-03-06T00:58:59.518+0000] {dag.py:4180} INFO - Setting next_dagrun for consume_1_or_2_with_dataset_expressions to None, run_after=None
[2025-03-06T00:58:59.520+0000] {logging_mixin.py:190} INFO - [2025-03-06T00:58:59.520+0000] {dag.py:4180} INFO - Setting next_dagrun for consume_1_or_both_2_and_3_with_dataset_expressions to None, run_after=None
[2025-03-06T00:58:59.522+0000] {logging_mixin.py:190} INFO - [2025-03-06T00:58:59.522+0000] {dag.py:4180} INFO - Setting next_dagrun for dataset_consumes_1 to None, run_after=None
[2025-03-06T00:58:59.525+0000] {logging_mixin.py:190} INFO - [2025-03-06T00:58:59.525+0000] {dag.py:4180} INFO - Setting next_dagrun for dataset_consumes_1_and_2 to None, run_after=None
[2025-03-06T00:58:59.527+0000] {logging_mixin.py:190} INFO - [2025-03-06T00:58:59.526+0000] {dag.py:4180} INFO - Setting next_dagrun for dataset_consumes_1_never_scheduled to None, run_after=None
[2025-03-06T00:58:59.528+0000] {logging_mixin.py:190} INFO - [2025-03-06T00:58:59.528+0000] {dag.py:4180} INFO - Setting next_dagrun for dataset_consumes_unknown_never_scheduled to None, run_after=None
[2025-03-06T00:58:59.534+0000] {logging_mixin.py:190} INFO - [2025-03-06T00:58:59.533+0000] {dag.py:4180} INFO - Setting next_dagrun for dataset_produces_1 to 2025-03-05 00:00:00+00:00, run_after=2025-03-06 00:00:00+00:00
[2025-03-06T00:58:59.536+0000] {logging_mixin.py:190} INFO - [2025-03-06T00:58:59.536+0000] {dag.py:4180} INFO - Setting next_dagrun for dataset_produces_2 to None, run_after=None
[2025-03-06T00:58:59.608+0000] {processor.py:208} INFO - Processing /home/ubuntu/redfin_venv/lib/python3.12/site-packages/airflow/example_dags/example_datasets.py took 0.282 seconds
[2025-03-06T00:59:58.017+0000] {processor.py:186} INFO - Started process (PID=4137) to work on /home/ubuntu/redfin_venv/lib/python3.12/site-packages/airflow/example_dags/example_datasets.py
[2025-03-06T00:59:58.019+0000] {processor.py:914} INFO - Processing file /home/ubuntu/redfin_venv/lib/python3.12/site-packages/airflow/example_dags/example_datasets.py for tasks to queue
[2025-03-06T00:59:58.021+0000] {logging_mixin.py:190} INFO - [2025-03-06T00:59:58.020+0000] {dagbag.py:588} INFO - Filling up the DagBag from /home/ubuntu/redfin_venv/lib/python3.12/site-packages/airflow/example_dags/example_datasets.py
[2025-03-06T00:59:58.042+0000] {processor.py:925} INFO - DAG(s) 'dataset_consumes_1_and_2', 'consume_1_and_2_with_dataset_expressions', 'dataset_produces_1', 'dataset_consumes_1', 'dataset_produces_2', 'dataset_consumes_1_never_scheduled', 'conditional_dataset_and_time_based_timetable', 'dataset_consumes_unknown_never_scheduled', 'consume_1_or_both_2_and_3_with_dataset_expressions', 'consume_1_or_2_with_dataset_expressions' retrieved from /home/ubuntu/redfin_venv/lib/python3.12/site-packages/airflow/example_dags/example_datasets.py
[2025-03-06T00:59:58.078+0000] {logging_mixin.py:190} INFO - [2025-03-06T00:59:58.078+0000] {dag.py:3239} INFO - Sync 10 DAGs
[2025-03-06T00:59:58.102+0000] {logging_mixin.py:190} INFO - [2025-03-06T00:59:58.102+0000] {dag.py:4180} INFO - Setting next_dagrun for conditional_dataset_and_time_based_timetable to 2025-03-05 01:00:00+00:00, run_after=2025-03-05 01:00:00+00:00
[2025-03-06T00:59:58.108+0000] {logging_mixin.py:190} INFO - [2025-03-06T00:59:58.108+0000] {dag.py:4180} INFO - Setting next_dagrun for consume_1_and_2_with_dataset_expressions to None, run_after=None
[2025-03-06T00:59:58.109+0000] {logging_mixin.py:190} INFO - [2025-03-06T00:59:58.109+0000] {dag.py:4180} INFO - Setting next_dagrun for consume_1_or_2_with_dataset_expressions to None, run_after=None
[2025-03-06T00:59:58.110+0000] {logging_mixin.py:190} INFO - [2025-03-06T00:59:58.110+0000] {dag.py:4180} INFO - Setting next_dagrun for consume_1_or_both_2_and_3_with_dataset_expressions to None, run_after=None
[2025-03-06T00:59:58.111+0000] {logging_mixin.py:190} INFO - [2025-03-06T00:59:58.111+0000] {dag.py:4180} INFO - Setting next_dagrun for dataset_consumes_1 to None, run_after=None
[2025-03-06T00:59:58.111+0000] {logging_mixin.py:190} INFO - [2025-03-06T00:59:58.111+0000] {dag.py:4180} INFO - Setting next_dagrun for dataset_consumes_1_and_2 to None, run_after=None
[2025-03-06T00:59:58.112+0000] {logging_mixin.py:190} INFO - [2025-03-06T00:59:58.112+0000] {dag.py:4180} INFO - Setting next_dagrun for dataset_consumes_1_never_scheduled to None, run_after=None
[2025-03-06T00:59:58.113+0000] {logging_mixin.py:190} INFO - [2025-03-06T00:59:58.113+0000] {dag.py:4180} INFO - Setting next_dagrun for dataset_consumes_unknown_never_scheduled to None, run_after=None
[2025-03-06T00:59:58.116+0000] {logging_mixin.py:190} INFO - [2025-03-06T00:59:58.116+0000] {dag.py:4180} INFO - Setting next_dagrun for dataset_produces_1 to 2025-03-05 00:00:00+00:00, run_after=2025-03-06 00:00:00+00:00
[2025-03-06T00:59:58.118+0000] {logging_mixin.py:190} INFO - [2025-03-06T00:59:58.117+0000] {dag.py:4180} INFO - Setting next_dagrun for dataset_produces_2 to None, run_after=None
[2025-03-06T00:59:58.156+0000] {processor.py:208} INFO - Processing /home/ubuntu/redfin_venv/lib/python3.12/site-packages/airflow/example_dags/example_datasets.py took 0.145 seconds
[2025-03-06T01:00:59.114+0000] {processor.py:186} INFO - Started process (PID=4702) to work on /home/ubuntu/redfin_venv/lib/python3.12/site-packages/airflow/example_dags/example_datasets.py
[2025-03-06T01:00:59.116+0000] {processor.py:914} INFO - Processing file /home/ubuntu/redfin_venv/lib/python3.12/site-packages/airflow/example_dags/example_datasets.py for tasks to queue
[2025-03-06T01:00:59.120+0000] {logging_mixin.py:190} INFO - [2025-03-06T01:00:59.119+0000] {dagbag.py:588} INFO - Filling up the DagBag from /home/ubuntu/redfin_venv/lib/python3.12/site-packages/airflow/example_dags/example_datasets.py
[2025-03-06T01:00:59.153+0000] {processor.py:925} INFO - DAG(s) 'dataset_produces_2', 'conditional_dataset_and_time_based_timetable', 'consume_1_or_both_2_and_3_with_dataset_expressions', 'dataset_consumes_1_and_2', 'dataset_consumes_unknown_never_scheduled', 'consume_1_and_2_with_dataset_expressions', 'consume_1_or_2_with_dataset_expressions', 'dataset_consumes_1_never_scheduled', 'dataset_produces_1', 'dataset_consumes_1' retrieved from /home/ubuntu/redfin_venv/lib/python3.12/site-packages/airflow/example_dags/example_datasets.py
[2025-03-06T01:00:59.209+0000] {logging_mixin.py:190} INFO - [2025-03-06T01:00:59.209+0000] {dag.py:3239} INFO - Sync 10 DAGs
[2025-03-06T01:00:59.242+0000] {logging_mixin.py:190} INFO - [2025-03-06T01:00:59.242+0000] {dag.py:4180} INFO - Setting next_dagrun for conditional_dataset_and_time_based_timetable to 2025-03-05 01:00:00+00:00, run_after=2025-03-05 01:00:00+00:00
[2025-03-06T01:00:59.248+0000] {logging_mixin.py:190} INFO - [2025-03-06T01:00:59.247+0000] {dag.py:4180} INFO - Setting next_dagrun for consume_1_and_2_with_dataset_expressions to None, run_after=None
[2025-03-06T01:00:59.249+0000] {logging_mixin.py:190} INFO - [2025-03-06T01:00:59.249+0000] {dag.py:4180} INFO - Setting next_dagrun for consume_1_or_2_with_dataset_expressions to None, run_after=None
[2025-03-06T01:00:59.250+0000] {logging_mixin.py:190} INFO - [2025-03-06T01:00:59.250+0000] {dag.py:4180} INFO - Setting next_dagrun for consume_1_or_both_2_and_3_with_dataset_expressions to None, run_after=None
[2025-03-06T01:00:59.251+0000] {logging_mixin.py:190} INFO - [2025-03-06T01:00:59.251+0000] {dag.py:4180} INFO - Setting next_dagrun for dataset_consumes_1 to None, run_after=None
[2025-03-06T01:00:59.252+0000] {logging_mixin.py:190} INFO - [2025-03-06T01:00:59.252+0000] {dag.py:4180} INFO - Setting next_dagrun for dataset_consumes_1_and_2 to None, run_after=None
[2025-03-06T01:00:59.252+0000] {logging_mixin.py:190} INFO - [2025-03-06T01:00:59.252+0000] {dag.py:4180} INFO - Setting next_dagrun for dataset_consumes_1_never_scheduled to None, run_after=None
[2025-03-06T01:00:59.253+0000] {logging_mixin.py:190} INFO - [2025-03-06T01:00:59.253+0000] {dag.py:4180} INFO - Setting next_dagrun for dataset_consumes_unknown_never_scheduled to None, run_after=None
[2025-03-06T01:00:59.255+0000] {logging_mixin.py:190} INFO - [2025-03-06T01:00:59.255+0000] {dag.py:4180} INFO - Setting next_dagrun for dataset_produces_1 to 2025-03-05 00:00:00+00:00, run_after=2025-03-06 00:00:00+00:00
[2025-03-06T01:00:59.256+0000] {logging_mixin.py:190} INFO - [2025-03-06T01:00:59.256+0000] {dag.py:4180} INFO - Setting next_dagrun for dataset_produces_2 to None, run_after=None
[2025-03-06T01:00:59.300+0000] {processor.py:208} INFO - Processing /home/ubuntu/redfin_venv/lib/python3.12/site-packages/airflow/example_dags/example_datasets.py took 0.198 seconds
[2025-03-06T01:02:01.915+0000] {processor.py:186} INFO - Started process (PID=5042) to work on /home/ubuntu/redfin_venv/lib/python3.12/site-packages/airflow/example_dags/example_datasets.py
[2025-03-06T01:02:01.917+0000] {processor.py:914} INFO - Processing file /home/ubuntu/redfin_venv/lib/python3.12/site-packages/airflow/example_dags/example_datasets.py for tasks to queue
[2025-03-06T01:02:01.919+0000] {logging_mixin.py:190} INFO - [2025-03-06T01:02:01.918+0000] {dagbag.py:588} INFO - Filling up the DagBag from /home/ubuntu/redfin_venv/lib/python3.12/site-packages/airflow/example_dags/example_datasets.py
[2025-03-06T01:02:01.940+0000] {processor.py:925} INFO - DAG(s) 'dataset_consumes_unknown_never_scheduled', 'conditional_dataset_and_time_based_timetable', 'consume_1_or_both_2_and_3_with_dataset_expressions', 'consume_1_or_2_with_dataset_expressions', 'dataset_consumes_1_and_2', 'dataset_consumes_1', 'dataset_produces_2', 'consume_1_and_2_with_dataset_expressions', 'dataset_produces_1', 'dataset_consumes_1_never_scheduled' retrieved from /home/ubuntu/redfin_venv/lib/python3.12/site-packages/airflow/example_dags/example_datasets.py
[2025-03-06T01:02:01.983+0000] {logging_mixin.py:190} INFO - [2025-03-06T01:02:01.983+0000] {dag.py:3239} INFO - Sync 10 DAGs
[2025-03-06T01:02:02.013+0000] {logging_mixin.py:190} INFO - [2025-03-06T01:02:02.013+0000] {dag.py:4180} INFO - Setting next_dagrun for conditional_dataset_and_time_based_timetable to 2025-03-05 01:00:00+00:00, run_after=2025-03-05 01:00:00+00:00
[2025-03-06T01:02:02.017+0000] {logging_mixin.py:190} INFO - [2025-03-06T01:02:02.017+0000] {dag.py:4180} INFO - Setting next_dagrun for consume_1_and_2_with_dataset_expressions to None, run_after=None
[2025-03-06T01:02:02.018+0000] {logging_mixin.py:190} INFO - [2025-03-06T01:02:02.018+0000] {dag.py:4180} INFO - Setting next_dagrun for consume_1_or_2_with_dataset_expressions to None, run_after=None
[2025-03-06T01:02:02.019+0000] {logging_mixin.py:190} INFO - [2025-03-06T01:02:02.019+0000] {dag.py:4180} INFO - Setting next_dagrun for consume_1_or_both_2_and_3_with_dataset_expressions to None, run_after=None
[2025-03-06T01:02:02.020+0000] {logging_mixin.py:190} INFO - [2025-03-06T01:02:02.020+0000] {dag.py:4180} INFO - Setting next_dagrun for dataset_consumes_1 to None, run_after=None
[2025-03-06T01:02:02.021+0000] {logging_mixin.py:190} INFO - [2025-03-06T01:02:02.021+0000] {dag.py:4180} INFO - Setting next_dagrun for dataset_consumes_1_and_2 to None, run_after=None
[2025-03-06T01:02:02.022+0000] {logging_mixin.py:190} INFO - [2025-03-06T01:02:02.022+0000] {dag.py:4180} INFO - Setting next_dagrun for dataset_consumes_1_never_scheduled to None, run_after=None
[2025-03-06T01:02:02.023+0000] {logging_mixin.py:190} INFO - [2025-03-06T01:02:02.022+0000] {dag.py:4180} INFO - Setting next_dagrun for dataset_consumes_unknown_never_scheduled to None, run_after=None
[2025-03-06T01:02:02.026+0000] {logging_mixin.py:190} INFO - [2025-03-06T01:02:02.026+0000] {dag.py:4180} INFO - Setting next_dagrun for dataset_produces_1 to 2025-03-05 00:00:00+00:00, run_after=2025-03-06 00:00:00+00:00
[2025-03-06T01:02:02.027+0000] {logging_mixin.py:190} INFO - [2025-03-06T01:02:02.027+0000] {dag.py:4180} INFO - Setting next_dagrun for dataset_produces_2 to None, run_after=None
[2025-03-06T01:02:02.064+0000] {processor.py:208} INFO - Processing /home/ubuntu/redfin_venv/lib/python3.12/site-packages/airflow/example_dags/example_datasets.py took 0.157 seconds
[2025-03-06T01:03:02.362+0000] {processor.py:186} INFO - Started process (PID=5221) to work on /home/ubuntu/redfin_venv/lib/python3.12/site-packages/airflow/example_dags/example_datasets.py
[2025-03-06T01:03:02.364+0000] {processor.py:914} INFO - Processing file /home/ubuntu/redfin_venv/lib/python3.12/site-packages/airflow/example_dags/example_datasets.py for tasks to queue
[2025-03-06T01:03:02.367+0000] {logging_mixin.py:190} INFO - [2025-03-06T01:03:02.367+0000] {dagbag.py:588} INFO - Filling up the DagBag from /home/ubuntu/redfin_venv/lib/python3.12/site-packages/airflow/example_dags/example_datasets.py
[2025-03-06T01:03:02.387+0000] {processor.py:925} INFO - DAG(s) 'dataset_consumes_1_never_scheduled', 'dataset_produces_1', 'conditional_dataset_and_time_based_timetable', 'consume_1_and_2_with_dataset_expressions', 'consume_1_or_2_with_dataset_expressions', 'consume_1_or_both_2_and_3_with_dataset_expressions', 'dataset_consumes_unknown_never_scheduled', 'dataset_produces_2', 'dataset_consumes_1_and_2', 'dataset_consumes_1' retrieved from /home/ubuntu/redfin_venv/lib/python3.12/site-packages/airflow/example_dags/example_datasets.py
[2025-03-06T01:03:02.432+0000] {logging_mixin.py:190} INFO - [2025-03-06T01:03:02.431+0000] {dag.py:3239} INFO - Sync 10 DAGs
[2025-03-06T01:03:02.463+0000] {logging_mixin.py:190} INFO - [2025-03-06T01:03:02.463+0000] {dag.py:4180} INFO - Setting next_dagrun for conditional_dataset_and_time_based_timetable to 2025-03-05 01:00:00+00:00, run_after=2025-03-05 01:00:00+00:00
[2025-03-06T01:03:02.468+0000] {logging_mixin.py:190} INFO - [2025-03-06T01:03:02.468+0000] {dag.py:4180} INFO - Setting next_dagrun for consume_1_and_2_with_dataset_expressions to None, run_after=None
[2025-03-06T01:03:02.469+0000] {logging_mixin.py:190} INFO - [2025-03-06T01:03:02.469+0000] {dag.py:4180} INFO - Setting next_dagrun for consume_1_or_2_with_dataset_expressions to None, run_after=None
[2025-03-06T01:03:02.470+0000] {logging_mixin.py:190} INFO - [2025-03-06T01:03:02.470+0000] {dag.py:4180} INFO - Setting next_dagrun for consume_1_or_both_2_and_3_with_dataset_expressions to None, run_after=None
[2025-03-06T01:03:02.471+0000] {logging_mixin.py:190} INFO - [2025-03-06T01:03:02.471+0000] {dag.py:4180} INFO - Setting next_dagrun for dataset_consumes_1 to None, run_after=None
[2025-03-06T01:03:02.472+0000] {logging_mixin.py:190} INFO - [2025-03-06T01:03:02.472+0000] {dag.py:4180} INFO - Setting next_dagrun for dataset_consumes_1_and_2 to None, run_after=None
[2025-03-06T01:03:02.473+0000] {logging_mixin.py:190} INFO - [2025-03-06T01:03:02.473+0000] {dag.py:4180} INFO - Setting next_dagrun for dataset_consumes_1_never_scheduled to None, run_after=None
[2025-03-06T01:03:02.474+0000] {logging_mixin.py:190} INFO - [2025-03-06T01:03:02.474+0000] {dag.py:4180} INFO - Setting next_dagrun for dataset_consumes_unknown_never_scheduled to None, run_after=None
[2025-03-06T01:03:02.476+0000] {logging_mixin.py:190} INFO - [2025-03-06T01:03:02.476+0000] {dag.py:4180} INFO - Setting next_dagrun for dataset_produces_1 to 2025-03-05 00:00:00+00:00, run_after=2025-03-06 00:00:00+00:00
[2025-03-06T01:03:02.477+0000] {logging_mixin.py:190} INFO - [2025-03-06T01:03:02.477+0000] {dag.py:4180} INFO - Setting next_dagrun for dataset_produces_2 to None, run_after=None
[2025-03-06T01:03:02.529+0000] {processor.py:208} INFO - Processing /home/ubuntu/redfin_venv/lib/python3.12/site-packages/airflow/example_dags/example_datasets.py took 0.178 seconds
[2025-03-06T01:04:01.674+0000] {processor.py:186} INFO - Started process (PID=5400) to work on /home/ubuntu/redfin_venv/lib/python3.12/site-packages/airflow/example_dags/example_datasets.py
[2025-03-06T01:04:01.676+0000] {processor.py:914} INFO - Processing file /home/ubuntu/redfin_venv/lib/python3.12/site-packages/airflow/example_dags/example_datasets.py for tasks to queue
[2025-03-06T01:04:01.678+0000] {logging_mixin.py:190} INFO - [2025-03-06T01:04:01.678+0000] {dagbag.py:588} INFO - Filling up the DagBag from /home/ubuntu/redfin_venv/lib/python3.12/site-packages/airflow/example_dags/example_datasets.py
[2025-03-06T01:04:01.699+0000] {processor.py:925} INFO - DAG(s) 'consume_1_or_both_2_and_3_with_dataset_expressions', 'conditional_dataset_and_time_based_timetable', 'dataset_consumes_1_and_2', 'dataset_produces_1', 'dataset_consumes_1_never_scheduled', 'consume_1_and_2_with_dataset_expressions', 'consume_1_or_2_with_dataset_expressions', 'dataset_consumes_unknown_never_scheduled', 'dataset_produces_2', 'dataset_consumes_1' retrieved from /home/ubuntu/redfin_venv/lib/python3.12/site-packages/airflow/example_dags/example_datasets.py
[2025-03-06T01:04:01.749+0000] {logging_mixin.py:190} INFO - [2025-03-06T01:04:01.749+0000] {dag.py:3239} INFO - Sync 10 DAGs
[2025-03-06T01:04:01.784+0000] {logging_mixin.py:190} INFO - [2025-03-06T01:04:01.783+0000] {dag.py:4180} INFO - Setting next_dagrun for conditional_dataset_and_time_based_timetable to 2025-03-05 01:00:00+00:00, run_after=2025-03-05 01:00:00+00:00
[2025-03-06T01:04:01.788+0000] {logging_mixin.py:190} INFO - [2025-03-06T01:04:01.788+0000] {dag.py:4180} INFO - Setting next_dagrun for consume_1_and_2_with_dataset_expressions to None, run_after=None
[2025-03-06T01:04:01.789+0000] {logging_mixin.py:190} INFO - [2025-03-06T01:04:01.789+0000] {dag.py:4180} INFO - Setting next_dagrun for consume_1_or_2_with_dataset_expressions to None, run_after=None
[2025-03-06T01:04:01.790+0000] {logging_mixin.py:190} INFO - [2025-03-06T01:04:01.790+0000] {dag.py:4180} INFO - Setting next_dagrun for consume_1_or_both_2_and_3_with_dataset_expressions to None, run_after=None
[2025-03-06T01:04:01.792+0000] {logging_mixin.py:190} INFO - [2025-03-06T01:04:01.791+0000] {dag.py:4180} INFO - Setting next_dagrun for dataset_consumes_1 to None, run_after=None
[2025-03-06T01:04:01.793+0000] {logging_mixin.py:190} INFO - [2025-03-06T01:04:01.792+0000] {dag.py:4180} INFO - Setting next_dagrun for dataset_consumes_1_and_2 to None, run_after=None
[2025-03-06T01:04:01.793+0000] {logging_mixin.py:190} INFO - [2025-03-06T01:04:01.793+0000] {dag.py:4180} INFO - Setting next_dagrun for dataset_consumes_1_never_scheduled to None, run_after=None
[2025-03-06T01:04:01.794+0000] {logging_mixin.py:190} INFO - [2025-03-06T01:04:01.794+0000] {dag.py:4180} INFO - Setting next_dagrun for dataset_consumes_unknown_never_scheduled to None, run_after=None
[2025-03-06T01:04:01.798+0000] {logging_mixin.py:190} INFO - [2025-03-06T01:04:01.798+0000] {dag.py:4180} INFO - Setting next_dagrun for dataset_produces_1 to 2025-03-05 00:00:00+00:00, run_after=2025-03-06 00:00:00+00:00
[2025-03-06T01:04:01.800+0000] {logging_mixin.py:190} INFO - [2025-03-06T01:04:01.800+0000] {dag.py:4180} INFO - Setting next_dagrun for dataset_produces_2 to None, run_after=None
[2025-03-06T01:04:01.863+0000] {processor.py:208} INFO - Processing /home/ubuntu/redfin_venv/lib/python3.12/site-packages/airflow/example_dags/example_datasets.py took 0.198 seconds
[2025-03-06T01:05:06.166+0000] {processor.py:186} INFO - Started process (PID=5524) to work on /home/ubuntu/redfin_venv/lib/python3.12/site-packages/airflow/example_dags/example_datasets.py
[2025-03-06T01:05:06.171+0000] {processor.py:914} INFO - Processing file /home/ubuntu/redfin_venv/lib/python3.12/site-packages/airflow/example_dags/example_datasets.py for tasks to queue
[2025-03-06T01:05:06.174+0000] {logging_mixin.py:190} INFO - [2025-03-06T01:05:06.173+0000] {dagbag.py:588} INFO - Filling up the DagBag from /home/ubuntu/redfin_venv/lib/python3.12/site-packages/airflow/example_dags/example_datasets.py
[2025-03-06T01:05:06.206+0000] {processor.py:925} INFO - DAG(s) 'dataset_consumes_1_never_scheduled', 'consume_1_or_2_with_dataset_expressions', 'consume_1_and_2_with_dataset_expressions', 'conditional_dataset_and_time_based_timetable', 'consume_1_or_both_2_and_3_with_dataset_expressions', 'dataset_produces_1', 'dataset_produces_2', 'dataset_consumes_1', 'dataset_consumes_unknown_never_scheduled', 'dataset_consumes_1_and_2' retrieved from /home/ubuntu/redfin_venv/lib/python3.12/site-packages/airflow/example_dags/example_datasets.py
[2025-03-06T01:05:06.271+0000] {logging_mixin.py:190} INFO - [2025-03-06T01:05:06.271+0000] {dag.py:3239} INFO - Sync 10 DAGs
[2025-03-06T01:05:06.303+0000] {logging_mixin.py:190} INFO - [2025-03-06T01:05:06.302+0000] {dag.py:4180} INFO - Setting next_dagrun for conditional_dataset_and_time_based_timetable to 2025-03-05 01:00:00+00:00, run_after=2025-03-05 01:00:00+00:00
[2025-03-06T01:05:06.310+0000] {logging_mixin.py:190} INFO - [2025-03-06T01:05:06.310+0000] {dag.py:4180} INFO - Setting next_dagrun for consume_1_and_2_with_dataset_expressions to None, run_after=None
[2025-03-06T01:05:06.312+0000] {logging_mixin.py:190} INFO - [2025-03-06T01:05:06.312+0000] {dag.py:4180} INFO - Setting next_dagrun for consume_1_or_2_with_dataset_expressions to None, run_after=None
[2025-03-06T01:05:06.314+0000] {logging_mixin.py:190} INFO - [2025-03-06T01:05:06.314+0000] {dag.py:4180} INFO - Setting next_dagrun for consume_1_or_both_2_and_3_with_dataset_expressions to None, run_after=None
[2025-03-06T01:05:06.315+0000] {logging_mixin.py:190} INFO - [2025-03-06T01:05:06.315+0000] {dag.py:4180} INFO - Setting next_dagrun for dataset_consumes_1 to None, run_after=None
[2025-03-06T01:05:06.317+0000] {logging_mixin.py:190} INFO - [2025-03-06T01:05:06.317+0000] {dag.py:4180} INFO - Setting next_dagrun for dataset_consumes_1_and_2 to None, run_after=None
[2025-03-06T01:05:06.318+0000] {logging_mixin.py:190} INFO - [2025-03-06T01:05:06.318+0000] {dag.py:4180} INFO - Setting next_dagrun for dataset_consumes_1_never_scheduled to None, run_after=None
[2025-03-06T01:05:06.319+0000] {logging_mixin.py:190} INFO - [2025-03-06T01:05:06.319+0000] {dag.py:4180} INFO - Setting next_dagrun for dataset_consumes_unknown_never_scheduled to None, run_after=None
[2025-03-06T01:05:06.322+0000] {logging_mixin.py:190} INFO - [2025-03-06T01:05:06.321+0000] {dag.py:4180} INFO - Setting next_dagrun for dataset_produces_1 to 2025-03-05 00:00:00+00:00, run_after=2025-03-06 00:00:00+00:00
[2025-03-06T01:05:06.322+0000] {logging_mixin.py:190} INFO - [2025-03-06T01:05:06.322+0000] {dag.py:4180} INFO - Setting next_dagrun for dataset_produces_2 to None, run_after=None
[2025-03-06T01:05:06.363+0000] {processor.py:208} INFO - Processing /home/ubuntu/redfin_venv/lib/python3.12/site-packages/airflow/example_dags/example_datasets.py took 0.215 seconds
[2025-03-06T01:06:11.095+0000] {processor.py:186} INFO - Started process (PID=5705) to work on /home/ubuntu/redfin_venv/lib/python3.12/site-packages/airflow/example_dags/example_datasets.py
[2025-03-06T01:06:11.097+0000] {processor.py:914} INFO - Processing file /home/ubuntu/redfin_venv/lib/python3.12/site-packages/airflow/example_dags/example_datasets.py for tasks to queue
[2025-03-06T01:06:11.100+0000] {logging_mixin.py:190} INFO - [2025-03-06T01:06:11.100+0000] {dagbag.py:588} INFO - Filling up the DagBag from /home/ubuntu/redfin_venv/lib/python3.12/site-packages/airflow/example_dags/example_datasets.py
[2025-03-06T01:06:11.121+0000] {processor.py:925} INFO - DAG(s) 'consume_1_and_2_with_dataset_expressions', 'dataset_consumes_unknown_never_scheduled', 'dataset_produces_2', 'consume_1_or_both_2_and_3_with_dataset_expressions', 'dataset_produces_1', 'dataset_consumes_1', 'dataset_consumes_1_never_scheduled', 'consume_1_or_2_with_dataset_expressions', 'dataset_consumes_1_and_2', 'conditional_dataset_and_time_based_timetable' retrieved from /home/ubuntu/redfin_venv/lib/python3.12/site-packages/airflow/example_dags/example_datasets.py
[2025-03-06T01:06:11.169+0000] {logging_mixin.py:190} INFO - [2025-03-06T01:06:11.169+0000] {dag.py:3239} INFO - Sync 10 DAGs
[2025-03-06T01:06:11.203+0000] {logging_mixin.py:190} INFO - [2025-03-06T01:06:11.202+0000] {dag.py:4180} INFO - Setting next_dagrun for conditional_dataset_and_time_based_timetable to 2025-03-05 01:00:00+00:00, run_after=2025-03-05 01:00:00+00:00
[2025-03-06T01:06:11.207+0000] {logging_mixin.py:190} INFO - [2025-03-06T01:06:11.207+0000] {dag.py:4180} INFO - Setting next_dagrun for consume_1_and_2_with_dataset_expressions to None, run_after=None
[2025-03-06T01:06:11.209+0000] {logging_mixin.py:190} INFO - [2025-03-06T01:06:11.208+0000] {dag.py:4180} INFO - Setting next_dagrun for consume_1_or_2_with_dataset_expressions to None, run_after=None
[2025-03-06T01:06:11.210+0000] {logging_mixin.py:190} INFO - [2025-03-06T01:06:11.210+0000] {dag.py:4180} INFO - Setting next_dagrun for consume_1_or_both_2_and_3_with_dataset_expressions to None, run_after=None
[2025-03-06T01:06:11.212+0000] {logging_mixin.py:190} INFO - [2025-03-06T01:06:11.211+0000] {dag.py:4180} INFO - Setting next_dagrun for dataset_consumes_1 to None, run_after=None
[2025-03-06T01:06:11.213+0000] {logging_mixin.py:190} INFO - [2025-03-06T01:06:11.212+0000] {dag.py:4180} INFO - Setting next_dagrun for dataset_consumes_1_and_2 to None, run_after=None
[2025-03-06T01:06:11.214+0000] {logging_mixin.py:190} INFO - [2025-03-06T01:06:11.214+0000] {dag.py:4180} INFO - Setting next_dagrun for dataset_consumes_1_never_scheduled to None, run_after=None
[2025-03-06T01:06:11.215+0000] {logging_mixin.py:190} INFO - [2025-03-06T01:06:11.215+0000] {dag.py:4180} INFO - Setting next_dagrun for dataset_consumes_unknown_never_scheduled to None, run_after=None
[2025-03-06T01:06:11.217+0000] {logging_mixin.py:190} INFO - [2025-03-06T01:06:11.217+0000] {dag.py:4180} INFO - Setting next_dagrun for dataset_produces_1 to 2025-03-05 00:00:00+00:00, run_after=2025-03-06 00:00:00+00:00
[2025-03-06T01:06:11.218+0000] {logging_mixin.py:190} INFO - [2025-03-06T01:06:11.218+0000] {dag.py:4180} INFO - Setting next_dagrun for dataset_produces_2 to None, run_after=None
[2025-03-06T01:06:11.256+0000] {processor.py:208} INFO - Processing /home/ubuntu/redfin_venv/lib/python3.12/site-packages/airflow/example_dags/example_datasets.py took 0.172 seconds
[2025-03-06T01:07:14.489+0000] {processor.py:186} INFO - Started process (PID=6128) to work on /home/ubuntu/redfin_venv/lib/python3.12/site-packages/airflow/example_dags/example_datasets.py
[2025-03-06T01:07:14.491+0000] {processor.py:914} INFO - Processing file /home/ubuntu/redfin_venv/lib/python3.12/site-packages/airflow/example_dags/example_datasets.py for tasks to queue
[2025-03-06T01:07:14.493+0000] {logging_mixin.py:190} INFO - [2025-03-06T01:07:14.493+0000] {dagbag.py:588} INFO - Filling up the DagBag from /home/ubuntu/redfin_venv/lib/python3.12/site-packages/airflow/example_dags/example_datasets.py
[2025-03-06T01:07:14.515+0000] {processor.py:925} INFO - DAG(s) 'conditional_dataset_and_time_based_timetable', 'consume_1_and_2_with_dataset_expressions', 'dataset_consumes_1_never_scheduled', 'consume_1_or_2_with_dataset_expressions', 'dataset_produces_2', 'dataset_consumes_1', 'dataset_produces_1', 'dataset_consumes_unknown_never_scheduled', 'consume_1_or_both_2_and_3_with_dataset_expressions', 'dataset_consumes_1_and_2' retrieved from /home/ubuntu/redfin_venv/lib/python3.12/site-packages/airflow/example_dags/example_datasets.py
[2025-03-06T01:07:14.557+0000] {logging_mixin.py:190} INFO - [2025-03-06T01:07:14.556+0000] {dag.py:3239} INFO - Sync 10 DAGs
[2025-03-06T01:07:14.588+0000] {logging_mixin.py:190} INFO - [2025-03-06T01:07:14.588+0000] {dag.py:4180} INFO - Setting next_dagrun for conditional_dataset_and_time_based_timetable to 2025-03-05 01:00:00+00:00, run_after=2025-03-05 01:00:00+00:00
[2025-03-06T01:07:14.592+0000] {logging_mixin.py:190} INFO - [2025-03-06T01:07:14.592+0000] {dag.py:4180} INFO - Setting next_dagrun for consume_1_and_2_with_dataset_expressions to None, run_after=None
[2025-03-06T01:07:14.596+0000] {logging_mixin.py:190} INFO - [2025-03-06T01:07:14.596+0000] {dag.py:4180} INFO - Setting next_dagrun for consume_1_or_2_with_dataset_expressions to None, run_after=None
[2025-03-06T01:07:14.597+0000] {logging_mixin.py:190} INFO - [2025-03-06T01:07:14.597+0000] {dag.py:4180} INFO - Setting next_dagrun for consume_1_or_both_2_and_3_with_dataset_expressions to None, run_after=None
[2025-03-06T01:07:14.598+0000] {logging_mixin.py:190} INFO - [2025-03-06T01:07:14.598+0000] {dag.py:4180} INFO - Setting next_dagrun for dataset_consumes_1 to None, run_after=None
[2025-03-06T01:07:14.599+0000] {logging_mixin.py:190} INFO - [2025-03-06T01:07:14.599+0000] {dag.py:4180} INFO - Setting next_dagrun for dataset_consumes_1_and_2 to None, run_after=None
[2025-03-06T01:07:14.600+0000] {logging_mixin.py:190} INFO - [2025-03-06T01:07:14.599+0000] {dag.py:4180} INFO - Setting next_dagrun for dataset_consumes_1_never_scheduled to None, run_after=None
[2025-03-06T01:07:14.600+0000] {logging_mixin.py:190} INFO - [2025-03-06T01:07:14.600+0000] {dag.py:4180} INFO - Setting next_dagrun for dataset_consumes_unknown_never_scheduled to None, run_after=None
[2025-03-06T01:07:14.603+0000] {logging_mixin.py:190} INFO - [2025-03-06T01:07:14.603+0000] {dag.py:4180} INFO - Setting next_dagrun for dataset_produces_1 to 2025-03-05 00:00:00+00:00, run_after=2025-03-06 00:00:00+00:00
[2025-03-06T01:07:14.604+0000] {logging_mixin.py:190} INFO - [2025-03-06T01:07:14.604+0000] {dag.py:4180} INFO - Setting next_dagrun for dataset_produces_2 to None, run_after=None
[2025-03-06T01:07:14.642+0000] {processor.py:208} INFO - Processing /home/ubuntu/redfin_venv/lib/python3.12/site-packages/airflow/example_dags/example_datasets.py took 0.161 seconds
[2025-03-06T01:08:16.073+0000] {processor.py:186} INFO - Started process (PID=6452) to work on /home/ubuntu/redfin_venv/lib/python3.12/site-packages/airflow/example_dags/example_datasets.py
[2025-03-06T01:08:16.075+0000] {processor.py:914} INFO - Processing file /home/ubuntu/redfin_venv/lib/python3.12/site-packages/airflow/example_dags/example_datasets.py for tasks to queue
[2025-03-06T01:08:16.078+0000] {logging_mixin.py:190} INFO - [2025-03-06T01:08:16.078+0000] {dagbag.py:588} INFO - Filling up the DagBag from /home/ubuntu/redfin_venv/lib/python3.12/site-packages/airflow/example_dags/example_datasets.py
[2025-03-06T01:08:16.113+0000] {processor.py:925} INFO - DAG(s) 'conditional_dataset_and_time_based_timetable', 'consume_1_or_2_with_dataset_expressions', 'dataset_consumes_1_never_scheduled', 'dataset_consumes_unknown_never_scheduled', 'dataset_produces_2', 'consume_1_or_both_2_and_3_with_dataset_expressions', 'dataset_consumes_1', 'consume_1_and_2_with_dataset_expressions', 'dataset_produces_1', 'dataset_consumes_1_and_2' retrieved from /home/ubuntu/redfin_venv/lib/python3.12/site-packages/airflow/example_dags/example_datasets.py
[2025-03-06T01:08:16.204+0000] {logging_mixin.py:190} INFO - [2025-03-06T01:08:16.204+0000] {dag.py:3239} INFO - Sync 10 DAGs
[2025-03-06T01:08:16.235+0000] {logging_mixin.py:190} INFO - [2025-03-06T01:08:16.235+0000] {dag.py:4180} INFO - Setting next_dagrun for conditional_dataset_and_time_based_timetable to 2025-03-05 01:00:00+00:00, run_after=2025-03-05 01:00:00+00:00
[2025-03-06T01:08:16.239+0000] {logging_mixin.py:190} INFO - [2025-03-06T01:08:16.238+0000] {dag.py:4180} INFO - Setting next_dagrun for consume_1_and_2_with_dataset_expressions to None, run_after=None
[2025-03-06T01:08:16.240+0000] {logging_mixin.py:190} INFO - [2025-03-06T01:08:16.240+0000] {dag.py:4180} INFO - Setting next_dagrun for consume_1_or_2_with_dataset_expressions to None, run_after=None
[2025-03-06T01:08:16.240+0000] {logging_mixin.py:190} INFO - [2025-03-06T01:08:16.240+0000] {dag.py:4180} INFO - Setting next_dagrun for consume_1_or_both_2_and_3_with_dataset_expressions to None, run_after=None
[2025-03-06T01:08:16.241+0000] {logging_mixin.py:190} INFO - [2025-03-06T01:08:16.241+0000] {dag.py:4180} INFO - Setting next_dagrun for dataset_consumes_1 to None, run_after=None
[2025-03-06T01:08:16.242+0000] {logging_mixin.py:190} INFO - [2025-03-06T01:08:16.242+0000] {dag.py:4180} INFO - Setting next_dagrun for dataset_consumes_1_and_2 to None, run_after=None
[2025-03-06T01:08:16.243+0000] {logging_mixin.py:190} INFO - [2025-03-06T01:08:16.243+0000] {dag.py:4180} INFO - Setting next_dagrun for dataset_consumes_1_never_scheduled to None, run_after=None
[2025-03-06T01:08:16.243+0000] {logging_mixin.py:190} INFO - [2025-03-06T01:08:16.243+0000] {dag.py:4180} INFO - Setting next_dagrun for dataset_consumes_unknown_never_scheduled to None, run_after=None
[2025-03-06T01:08:16.245+0000] {logging_mixin.py:190} INFO - [2025-03-06T01:08:16.245+0000] {dag.py:4180} INFO - Setting next_dagrun for dataset_produces_1 to 2025-03-05 00:00:00+00:00, run_after=2025-03-06 00:00:00+00:00
[2025-03-06T01:08:16.246+0000] {logging_mixin.py:190} INFO - [2025-03-06T01:08:16.246+0000] {dag.py:4180} INFO - Setting next_dagrun for dataset_produces_2 to None, run_after=None
[2025-03-06T01:08:16.280+0000] {processor.py:208} INFO - Processing /home/ubuntu/redfin_venv/lib/python3.12/site-packages/airflow/example_dags/example_datasets.py took 0.217 seconds
[2025-03-06T01:09:16.462+0000] {processor.py:186} INFO - Started process (PID=6786) to work on /home/ubuntu/redfin_venv/lib/python3.12/site-packages/airflow/example_dags/example_datasets.py
[2025-03-06T01:09:16.463+0000] {processor.py:914} INFO - Processing file /home/ubuntu/redfin_venv/lib/python3.12/site-packages/airflow/example_dags/example_datasets.py for tasks to queue
[2025-03-06T01:09:16.466+0000] {logging_mixin.py:190} INFO - [2025-03-06T01:09:16.465+0000] {dagbag.py:588} INFO - Filling up the DagBag from /home/ubuntu/redfin_venv/lib/python3.12/site-packages/airflow/example_dags/example_datasets.py
[2025-03-06T01:09:16.482+0000] {processor.py:925} INFO - DAG(s) 'consume_1_and_2_with_dataset_expressions', 'dataset_consumes_1', 'conditional_dataset_and_time_based_timetable', 'dataset_produces_2', 'dataset_produces_1', 'consume_1_or_2_with_dataset_expressions', 'dataset_consumes_1_never_scheduled', 'dataset_consumes_1_and_2', 'consume_1_or_both_2_and_3_with_dataset_expressions', 'dataset_consumes_unknown_never_scheduled' retrieved from /home/ubuntu/redfin_venv/lib/python3.12/site-packages/airflow/example_dags/example_datasets.py
[2025-03-06T01:09:16.517+0000] {logging_mixin.py:190} INFO - [2025-03-06T01:09:16.517+0000] {dag.py:3239} INFO - Sync 10 DAGs
[2025-03-06T01:09:16.542+0000] {logging_mixin.py:190} INFO - [2025-03-06T01:09:16.542+0000] {dag.py:4180} INFO - Setting next_dagrun for conditional_dataset_and_time_based_timetable to 2025-03-05 01:00:00+00:00, run_after=2025-03-05 01:00:00+00:00
[2025-03-06T01:09:16.545+0000] {logging_mixin.py:190} INFO - [2025-03-06T01:09:16.545+0000] {dag.py:4180} INFO - Setting next_dagrun for consume_1_and_2_with_dataset_expressions to None, run_after=None
[2025-03-06T01:09:16.546+0000] {logging_mixin.py:190} INFO - [2025-03-06T01:09:16.546+0000] {dag.py:4180} INFO - Setting next_dagrun for consume_1_or_2_with_dataset_expressions to None, run_after=None
[2025-03-06T01:09:16.547+0000] {logging_mixin.py:190} INFO - [2025-03-06T01:09:16.547+0000] {dag.py:4180} INFO - Setting next_dagrun for consume_1_or_both_2_and_3_with_dataset_expressions to None, run_after=None
[2025-03-06T01:09:16.548+0000] {logging_mixin.py:190} INFO - [2025-03-06T01:09:16.547+0000] {dag.py:4180} INFO - Setting next_dagrun for dataset_consumes_1 to None, run_after=None
[2025-03-06T01:09:16.549+0000] {logging_mixin.py:190} INFO - [2025-03-06T01:09:16.548+0000] {dag.py:4180} INFO - Setting next_dagrun for dataset_consumes_1_and_2 to None, run_after=None
[2025-03-06T01:09:16.549+0000] {logging_mixin.py:190} INFO - [2025-03-06T01:09:16.549+0000] {dag.py:4180} INFO - Setting next_dagrun for dataset_consumes_1_never_scheduled to None, run_after=None
[2025-03-06T01:09:16.550+0000] {logging_mixin.py:190} INFO - [2025-03-06T01:09:16.550+0000] {dag.py:4180} INFO - Setting next_dagrun for dataset_consumes_unknown_never_scheduled to None, run_after=None
[2025-03-06T01:09:16.552+0000] {logging_mixin.py:190} INFO - [2025-03-06T01:09:16.552+0000] {dag.py:4180} INFO - Setting next_dagrun for dataset_produces_1 to 2025-03-05 00:00:00+00:00, run_after=2025-03-06 00:00:00+00:00
[2025-03-06T01:09:16.553+0000] {logging_mixin.py:190} INFO - [2025-03-06T01:09:16.553+0000] {dag.py:4180} INFO - Setting next_dagrun for dataset_produces_2 to None, run_after=None
[2025-03-06T01:09:16.586+0000] {processor.py:208} INFO - Processing /home/ubuntu/redfin_venv/lib/python3.12/site-packages/airflow/example_dags/example_datasets.py took 0.130 seconds
[2025-03-06T01:10:20.377+0000] {processor.py:186} INFO - Started process (PID=6910) to work on /home/ubuntu/redfin_venv/lib/python3.12/site-packages/airflow/example_dags/example_datasets.py
[2025-03-06T01:10:20.378+0000] {processor.py:914} INFO - Processing file /home/ubuntu/redfin_venv/lib/python3.12/site-packages/airflow/example_dags/example_datasets.py for tasks to queue
[2025-03-06T01:10:20.381+0000] {logging_mixin.py:190} INFO - [2025-03-06T01:10:20.381+0000] {dagbag.py:588} INFO - Filling up the DagBag from /home/ubuntu/redfin_venv/lib/python3.12/site-packages/airflow/example_dags/example_datasets.py
[2025-03-06T01:10:20.402+0000] {processor.py:925} INFO - DAG(s) 'consume_1_and_2_with_dataset_expressions', 'dataset_consumes_1_and_2', 'consume_1_or_both_2_and_3_with_dataset_expressions', 'dataset_consumes_1', 'dataset_produces_2', 'dataset_consumes_1_never_scheduled', 'dataset_consumes_unknown_never_scheduled', 'conditional_dataset_and_time_based_timetable', 'consume_1_or_2_with_dataset_expressions', 'dataset_produces_1' retrieved from /home/ubuntu/redfin_venv/lib/python3.12/site-packages/airflow/example_dags/example_datasets.py
[2025-03-06T01:10:20.444+0000] {logging_mixin.py:190} INFO - [2025-03-06T01:10:20.443+0000] {dag.py:3239} INFO - Sync 10 DAGs
[2025-03-06T01:10:20.471+0000] {logging_mixin.py:190} INFO - [2025-03-06T01:10:20.471+0000] {dag.py:4180} INFO - Setting next_dagrun for conditional_dataset_and_time_based_timetable to 2025-03-05 01:00:00+00:00, run_after=2025-03-05 01:00:00+00:00
[2025-03-06T01:10:20.475+0000] {logging_mixin.py:190} INFO - [2025-03-06T01:10:20.475+0000] {dag.py:4180} INFO - Setting next_dagrun for consume_1_and_2_with_dataset_expressions to None, run_after=None
[2025-03-06T01:10:20.477+0000] {logging_mixin.py:190} INFO - [2025-03-06T01:10:20.476+0000] {dag.py:4180} INFO - Setting next_dagrun for consume_1_or_2_with_dataset_expressions to None, run_after=None
[2025-03-06T01:10:20.477+0000] {logging_mixin.py:190} INFO - [2025-03-06T01:10:20.477+0000] {dag.py:4180} INFO - Setting next_dagrun for consume_1_or_both_2_and_3_with_dataset_expressions to None, run_after=None
[2025-03-06T01:10:20.478+0000] {logging_mixin.py:190} INFO - [2025-03-06T01:10:20.478+0000] {dag.py:4180} INFO - Setting next_dagrun for dataset_consumes_1 to None, run_after=None
[2025-03-06T01:10:20.479+0000] {logging_mixin.py:190} INFO - [2025-03-06T01:10:20.479+0000] {dag.py:4180} INFO - Setting next_dagrun for dataset_consumes_1_and_2 to None, run_after=None
[2025-03-06T01:10:20.480+0000] {logging_mixin.py:190} INFO - [2025-03-06T01:10:20.480+0000] {dag.py:4180} INFO - Setting next_dagrun for dataset_consumes_1_never_scheduled to None, run_after=None
[2025-03-06T01:10:20.481+0000] {logging_mixin.py:190} INFO - [2025-03-06T01:10:20.480+0000] {dag.py:4180} INFO - Setting next_dagrun for dataset_consumes_unknown_never_scheduled to None, run_after=None
[2025-03-06T01:10:20.482+0000] {logging_mixin.py:190} INFO - [2025-03-06T01:10:20.482+0000] {dag.py:4180} INFO - Setting next_dagrun for dataset_produces_1 to 2025-03-05 00:00:00+00:00, run_after=2025-03-06 00:00:00+00:00
[2025-03-06T01:10:20.484+0000] {logging_mixin.py:190} INFO - [2025-03-06T01:10:20.483+0000] {dag.py:4180} INFO - Setting next_dagrun for dataset_produces_2 to None, run_after=None
[2025-03-06T01:10:20.515+0000] {processor.py:208} INFO - Processing /home/ubuntu/redfin_venv/lib/python3.12/site-packages/airflow/example_dags/example_datasets.py took 0.146 seconds
[2025-03-06T01:11:21.714+0000] {processor.py:186} INFO - Started process (PID=7029) to work on /home/ubuntu/redfin_venv/lib/python3.12/site-packages/airflow/example_dags/example_datasets.py
[2025-03-06T01:11:21.715+0000] {processor.py:914} INFO - Processing file /home/ubuntu/redfin_venv/lib/python3.12/site-packages/airflow/example_dags/example_datasets.py for tasks to queue
[2025-03-06T01:11:21.718+0000] {logging_mixin.py:190} INFO - [2025-03-06T01:11:21.718+0000] {dagbag.py:588} INFO - Filling up the DagBag from /home/ubuntu/redfin_venv/lib/python3.12/site-packages/airflow/example_dags/example_datasets.py
[2025-03-06T01:11:21.739+0000] {processor.py:925} INFO - DAG(s) 'dataset_consumes_unknown_never_scheduled', 'consume_1_and_2_with_dataset_expressions', 'dataset_consumes_1_and_2', 'consume_1_or_both_2_and_3_with_dataset_expressions', 'dataset_consumes_1', 'dataset_consumes_1_never_scheduled', 'dataset_produces_2', 'consume_1_or_2_with_dataset_expressions', 'conditional_dataset_and_time_based_timetable', 'dataset_produces_1' retrieved from /home/ubuntu/redfin_venv/lib/python3.12/site-packages/airflow/example_dags/example_datasets.py
[2025-03-06T01:11:21.804+0000] {logging_mixin.py:190} INFO - [2025-03-06T01:11:21.804+0000] {dag.py:3239} INFO - Sync 10 DAGs
[2025-03-06T01:11:21.851+0000] {logging_mixin.py:190} INFO - [2025-03-06T01:11:21.850+0000] {dag.py:4180} INFO - Setting next_dagrun for conditional_dataset_and_time_based_timetable to 2025-03-05 01:00:00+00:00, run_after=2025-03-05 01:00:00+00:00
[2025-03-06T01:11:21.855+0000] {logging_mixin.py:190} INFO - [2025-03-06T01:11:21.855+0000] {dag.py:4180} INFO - Setting next_dagrun for consume_1_and_2_with_dataset_expressions to None, run_after=None
[2025-03-06T01:11:21.857+0000] {logging_mixin.py:190} INFO - [2025-03-06T01:11:21.857+0000] {dag.py:4180} INFO - Setting next_dagrun for consume_1_or_2_with_dataset_expressions to None, run_after=None
[2025-03-06T01:11:21.858+0000] {logging_mixin.py:190} INFO - [2025-03-06T01:11:21.858+0000] {dag.py:4180} INFO - Setting next_dagrun for consume_1_or_both_2_and_3_with_dataset_expressions to None, run_after=None
[2025-03-06T01:11:21.859+0000] {logging_mixin.py:190} INFO - [2025-03-06T01:11:21.859+0000] {dag.py:4180} INFO - Setting next_dagrun for dataset_consumes_1 to None, run_after=None
[2025-03-06T01:11:21.860+0000] {logging_mixin.py:190} INFO - [2025-03-06T01:11:21.860+0000] {dag.py:4180} INFO - Setting next_dagrun for dataset_consumes_1_and_2 to None, run_after=None
[2025-03-06T01:11:21.862+0000] {logging_mixin.py:190} INFO - [2025-03-06T01:11:21.862+0000] {dag.py:4180} INFO - Setting next_dagrun for dataset_consumes_1_never_scheduled to None, run_after=None
[2025-03-06T01:11:21.863+0000] {logging_mixin.py:190} INFO - [2025-03-06T01:11:21.862+0000] {dag.py:4180} INFO - Setting next_dagrun for dataset_consumes_unknown_never_scheduled to None, run_after=None
[2025-03-06T01:11:21.865+0000] {logging_mixin.py:190} INFO - [2025-03-06T01:11:21.865+0000] {dag.py:4180} INFO - Setting next_dagrun for dataset_produces_1 to 2025-03-05 00:00:00+00:00, run_after=2025-03-06 00:00:00+00:00
[2025-03-06T01:11:21.866+0000] {logging_mixin.py:190} INFO - [2025-03-06T01:11:21.866+0000] {dag.py:4180} INFO - Setting next_dagrun for dataset_produces_2 to None, run_after=None
[2025-03-06T01:11:21.905+0000] {processor.py:208} INFO - Processing /home/ubuntu/redfin_venv/lib/python3.12/site-packages/airflow/example_dags/example_datasets.py took 0.199 seconds
[2025-03-06T01:12:26.659+0000] {processor.py:186} INFO - Started process (PID=7149) to work on /home/ubuntu/redfin_venv/lib/python3.12/site-packages/airflow/example_dags/example_datasets.py
[2025-03-06T01:12:26.660+0000] {processor.py:914} INFO - Processing file /home/ubuntu/redfin_venv/lib/python3.12/site-packages/airflow/example_dags/example_datasets.py for tasks to queue
[2025-03-06T01:12:26.663+0000] {logging_mixin.py:190} INFO - [2025-03-06T01:12:26.662+0000] {dagbag.py:588} INFO - Filling up the DagBag from /home/ubuntu/redfin_venv/lib/python3.12/site-packages/airflow/example_dags/example_datasets.py
[2025-03-06T01:12:26.683+0000] {processor.py:925} INFO - DAG(s) 'dataset_consumes_1', 'consume_1_and_2_with_dataset_expressions', 'conditional_dataset_and_time_based_timetable', 'dataset_consumes_1_never_scheduled', 'consume_1_or_both_2_and_3_with_dataset_expressions', 'dataset_consumes_unknown_never_scheduled', 'consume_1_or_2_with_dataset_expressions', 'dataset_produces_1', 'dataset_produces_2', 'dataset_consumes_1_and_2' retrieved from /home/ubuntu/redfin_venv/lib/python3.12/site-packages/airflow/example_dags/example_datasets.py
[2025-03-06T01:12:26.719+0000] {logging_mixin.py:190} INFO - [2025-03-06T01:12:26.719+0000] {dag.py:3239} INFO - Sync 10 DAGs
[2025-03-06T01:12:26.746+0000] {logging_mixin.py:190} INFO - [2025-03-06T01:12:26.746+0000] {dag.py:4180} INFO - Setting next_dagrun for conditional_dataset_and_time_based_timetable to 2025-03-05 01:00:00+00:00, run_after=2025-03-05 01:00:00+00:00
[2025-03-06T01:12:26.750+0000] {logging_mixin.py:190} INFO - [2025-03-06T01:12:26.750+0000] {dag.py:4180} INFO - Setting next_dagrun for consume_1_and_2_with_dataset_expressions to None, run_after=None
[2025-03-06T01:12:26.751+0000] {logging_mixin.py:190} INFO - [2025-03-06T01:12:26.751+0000] {dag.py:4180} INFO - Setting next_dagrun for consume_1_or_2_with_dataset_expressions to None, run_after=None
[2025-03-06T01:12:26.752+0000] {logging_mixin.py:190} INFO - [2025-03-06T01:12:26.752+0000] {dag.py:4180} INFO - Setting next_dagrun for consume_1_or_both_2_and_3_with_dataset_expressions to None, run_after=None
[2025-03-06T01:12:26.753+0000] {logging_mixin.py:190} INFO - [2025-03-06T01:12:26.753+0000] {dag.py:4180} INFO - Setting next_dagrun for dataset_consumes_1 to None, run_after=None
[2025-03-06T01:12:26.754+0000] {logging_mixin.py:190} INFO - [2025-03-06T01:12:26.754+0000] {dag.py:4180} INFO - Setting next_dagrun for dataset_consumes_1_and_2 to None, run_after=None
[2025-03-06T01:12:26.755+0000] {logging_mixin.py:190} INFO - [2025-03-06T01:12:26.755+0000] {dag.py:4180} INFO - Setting next_dagrun for dataset_consumes_1_never_scheduled to None, run_after=None
[2025-03-06T01:12:26.756+0000] {logging_mixin.py:190} INFO - [2025-03-06T01:12:26.755+0000] {dag.py:4180} INFO - Setting next_dagrun for dataset_consumes_unknown_never_scheduled to None, run_after=None
[2025-03-06T01:12:26.758+0000] {logging_mixin.py:190} INFO - [2025-03-06T01:12:26.758+0000] {dag.py:4180} INFO - Setting next_dagrun for dataset_produces_1 to 2025-03-05 00:00:00+00:00, run_after=2025-03-06 00:00:00+00:00
[2025-03-06T01:12:26.758+0000] {logging_mixin.py:190} INFO - [2025-03-06T01:12:26.758+0000] {dag.py:4180} INFO - Setting next_dagrun for dataset_produces_2 to None, run_after=None
[2025-03-06T01:12:26.793+0000] {processor.py:208} INFO - Processing /home/ubuntu/redfin_venv/lib/python3.12/site-packages/airflow/example_dags/example_datasets.py took 0.140 seconds
[2025-03-06T01:13:28.584+0000] {processor.py:186} INFO - Started process (PID=7331) to work on /home/ubuntu/redfin_venv/lib/python3.12/site-packages/airflow/example_dags/example_datasets.py
[2025-03-06T01:13:28.586+0000] {processor.py:914} INFO - Processing file /home/ubuntu/redfin_venv/lib/python3.12/site-packages/airflow/example_dags/example_datasets.py for tasks to queue
[2025-03-06T01:13:28.589+0000] {logging_mixin.py:190} INFO - [2025-03-06T01:13:28.588+0000] {dagbag.py:588} INFO - Filling up the DagBag from /home/ubuntu/redfin_venv/lib/python3.12/site-packages/airflow/example_dags/example_datasets.py
[2025-03-06T01:13:28.608+0000] {processor.py:925} INFO - DAG(s) 'dataset_consumes_unknown_never_scheduled', 'conditional_dataset_and_time_based_timetable', 'dataset_produces_2', 'dataset_consumes_1_never_scheduled', 'consume_1_and_2_with_dataset_expressions', 'consume_1_or_both_2_and_3_with_dataset_expressions', 'dataset_produces_1', 'consume_1_or_2_with_dataset_expressions', 'dataset_consumes_1', 'dataset_consumes_1_and_2' retrieved from /home/ubuntu/redfin_venv/lib/python3.12/site-packages/airflow/example_dags/example_datasets.py
[2025-03-06T01:13:28.651+0000] {logging_mixin.py:190} INFO - [2025-03-06T01:13:28.651+0000] {dag.py:3239} INFO - Sync 10 DAGs
[2025-03-06T01:13:28.680+0000] {logging_mixin.py:190} INFO - [2025-03-06T01:13:28.680+0000] {dag.py:4180} INFO - Setting next_dagrun for conditional_dataset_and_time_based_timetable to 2025-03-05 01:00:00+00:00, run_after=2025-03-05 01:00:00+00:00
[2025-03-06T01:13:28.684+0000] {logging_mixin.py:190} INFO - [2025-03-06T01:13:28.684+0000] {dag.py:4180} INFO - Setting next_dagrun for consume_1_and_2_with_dataset_expressions to None, run_after=None
[2025-03-06T01:13:28.686+0000] {logging_mixin.py:190} INFO - [2025-03-06T01:13:28.686+0000] {dag.py:4180} INFO - Setting next_dagrun for consume_1_or_2_with_dataset_expressions to None, run_after=None
[2025-03-06T01:13:28.687+0000] {logging_mixin.py:190} INFO - [2025-03-06T01:13:28.687+0000] {dag.py:4180} INFO - Setting next_dagrun for consume_1_or_both_2_and_3_with_dataset_expressions to None, run_after=None
[2025-03-06T01:13:28.688+0000] {logging_mixin.py:190} INFO - [2025-03-06T01:13:28.687+0000] {dag.py:4180} INFO - Setting next_dagrun for dataset_consumes_1 to None, run_after=None
[2025-03-06T01:13:28.688+0000] {logging_mixin.py:190} INFO - [2025-03-06T01:13:28.688+0000] {dag.py:4180} INFO - Setting next_dagrun for dataset_consumes_1_and_2 to None, run_after=None
[2025-03-06T01:13:28.689+0000] {logging_mixin.py:190} INFO - [2025-03-06T01:13:28.689+0000] {dag.py:4180} INFO - Setting next_dagrun for dataset_consumes_1_never_scheduled to None, run_after=None
[2025-03-06T01:13:28.690+0000] {logging_mixin.py:190} INFO - [2025-03-06T01:13:28.690+0000] {dag.py:4180} INFO - Setting next_dagrun for dataset_consumes_unknown_never_scheduled to None, run_after=None
[2025-03-06T01:13:28.692+0000] {logging_mixin.py:190} INFO - [2025-03-06T01:13:28.692+0000] {dag.py:4180} INFO - Setting next_dagrun for dataset_produces_1 to 2025-03-05 00:00:00+00:00, run_after=2025-03-06 00:00:00+00:00
[2025-03-06T01:13:28.693+0000] {logging_mixin.py:190} INFO - [2025-03-06T01:13:28.693+0000] {dag.py:4180} INFO - Setting next_dagrun for dataset_produces_2 to None, run_after=None
[2025-03-06T01:13:28.731+0000] {processor.py:208} INFO - Processing /home/ubuntu/redfin_venv/lib/python3.12/site-packages/airflow/example_dags/example_datasets.py took 0.155 seconds
[2025-03-06T01:14:31.843+0000] {processor.py:186} INFO - Started process (PID=7451) to work on /home/ubuntu/redfin_venv/lib/python3.12/site-packages/airflow/example_dags/example_datasets.py
[2025-03-06T01:14:31.845+0000] {processor.py:914} INFO - Processing file /home/ubuntu/redfin_venv/lib/python3.12/site-packages/airflow/example_dags/example_datasets.py for tasks to queue
[2025-03-06T01:14:31.848+0000] {logging_mixin.py:190} INFO - [2025-03-06T01:14:31.847+0000] {dagbag.py:588} INFO - Filling up the DagBag from /home/ubuntu/redfin_venv/lib/python3.12/site-packages/airflow/example_dags/example_datasets.py
[2025-03-06T01:14:31.873+0000] {processor.py:925} INFO - DAG(s) 'dataset_produces_1', 'conditional_dataset_and_time_based_timetable', 'dataset_consumes_unknown_never_scheduled', 'dataset_consumes_1_never_scheduled', 'dataset_consumes_1', 'consume_1_or_2_with_dataset_expressions', 'consume_1_and_2_with_dataset_expressions', 'consume_1_or_both_2_and_3_with_dataset_expressions', 'dataset_produces_2', 'dataset_consumes_1_and_2' retrieved from /home/ubuntu/redfin_venv/lib/python3.12/site-packages/airflow/example_dags/example_datasets.py
[2025-03-06T01:14:31.917+0000] {logging_mixin.py:190} INFO - [2025-03-06T01:14:31.917+0000] {dag.py:3239} INFO - Sync 10 DAGs
[2025-03-06T01:14:31.952+0000] {logging_mixin.py:190} INFO - [2025-03-06T01:14:31.951+0000] {dag.py:4180} INFO - Setting next_dagrun for conditional_dataset_and_time_based_timetable to 2025-03-05 01:00:00+00:00, run_after=2025-03-05 01:00:00+00:00
[2025-03-06T01:14:31.955+0000] {logging_mixin.py:190} INFO - [2025-03-06T01:14:31.955+0000] {dag.py:4180} INFO - Setting next_dagrun for consume_1_and_2_with_dataset_expressions to None, run_after=None
[2025-03-06T01:14:31.958+0000] {logging_mixin.py:190} INFO - [2025-03-06T01:14:31.958+0000] {dag.py:4180} INFO - Setting next_dagrun for consume_1_or_2_with_dataset_expressions to None, run_after=None
[2025-03-06T01:14:31.959+0000] {logging_mixin.py:190} INFO - [2025-03-06T01:14:31.959+0000] {dag.py:4180} INFO - Setting next_dagrun for consume_1_or_both_2_and_3_with_dataset_expressions to None, run_after=None
[2025-03-06T01:14:31.960+0000] {logging_mixin.py:190} INFO - [2025-03-06T01:14:31.960+0000] {dag.py:4180} INFO - Setting next_dagrun for dataset_consumes_1 to None, run_after=None
[2025-03-06T01:14:31.962+0000] {logging_mixin.py:190} INFO - [2025-03-06T01:14:31.962+0000] {dag.py:4180} INFO - Setting next_dagrun for dataset_consumes_1_and_2 to None, run_after=None
[2025-03-06T01:14:31.963+0000] {logging_mixin.py:190} INFO - [2025-03-06T01:14:31.963+0000] {dag.py:4180} INFO - Setting next_dagrun for dataset_consumes_1_never_scheduled to None, run_after=None
[2025-03-06T01:14:31.964+0000] {logging_mixin.py:190} INFO - [2025-03-06T01:14:31.964+0000] {dag.py:4180} INFO - Setting next_dagrun for dataset_consumes_unknown_never_scheduled to None, run_after=None
[2025-03-06T01:14:31.966+0000] {logging_mixin.py:190} INFO - [2025-03-06T01:14:31.966+0000] {dag.py:4180} INFO - Setting next_dagrun for dataset_produces_1 to 2025-03-05 00:00:00+00:00, run_after=2025-03-06 00:00:00+00:00
[2025-03-06T01:14:31.968+0000] {logging_mixin.py:190} INFO - [2025-03-06T01:14:31.967+0000] {dag.py:4180} INFO - Setting next_dagrun for dataset_produces_2 to None, run_after=None
[2025-03-06T01:14:32.006+0000] {processor.py:208} INFO - Processing /home/ubuntu/redfin_venv/lib/python3.12/site-packages/airflow/example_dags/example_datasets.py took 0.175 seconds
[2025-03-06T01:15:32.362+0000] {processor.py:186} INFO - Started process (PID=7753) to work on /home/ubuntu/redfin_venv/lib/python3.12/site-packages/airflow/example_dags/example_datasets.py
[2025-03-06T01:15:32.364+0000] {processor.py:914} INFO - Processing file /home/ubuntu/redfin_venv/lib/python3.12/site-packages/airflow/example_dags/example_datasets.py for tasks to queue
[2025-03-06T01:15:32.366+0000] {logging_mixin.py:190} INFO - [2025-03-06T01:15:32.366+0000] {dagbag.py:588} INFO - Filling up the DagBag from /home/ubuntu/redfin_venv/lib/python3.12/site-packages/airflow/example_dags/example_datasets.py
[2025-03-06T01:15:32.389+0000] {processor.py:925} INFO - DAG(s) 'dataset_produces_1', 'dataset_consumes_1_and_2', 'dataset_consumes_unknown_never_scheduled', 'consume_1_or_both_2_and_3_with_dataset_expressions', 'consume_1_or_2_with_dataset_expressions', 'conditional_dataset_and_time_based_timetable', 'dataset_consumes_1', 'consume_1_and_2_with_dataset_expressions', 'dataset_produces_2', 'dataset_consumes_1_never_scheduled' retrieved from /home/ubuntu/redfin_venv/lib/python3.12/site-packages/airflow/example_dags/example_datasets.py
[2025-03-06T01:15:32.431+0000] {logging_mixin.py:190} INFO - [2025-03-06T01:15:32.431+0000] {dag.py:3239} INFO - Sync 10 DAGs
[2025-03-06T01:15:32.458+0000] {logging_mixin.py:190} INFO - [2025-03-06T01:15:32.458+0000] {dag.py:4180} INFO - Setting next_dagrun for conditional_dataset_and_time_based_timetable to 2025-03-05 01:00:00+00:00, run_after=2025-03-05 01:00:00+00:00
[2025-03-06T01:15:32.463+0000] {logging_mixin.py:190} INFO - [2025-03-06T01:15:32.463+0000] {dag.py:4180} INFO - Setting next_dagrun for consume_1_and_2_with_dataset_expressions to None, run_after=None
[2025-03-06T01:15:32.465+0000] {logging_mixin.py:190} INFO - [2025-03-06T01:15:32.464+0000] {dag.py:4180} INFO - Setting next_dagrun for consume_1_or_2_with_dataset_expressions to None, run_after=None
[2025-03-06T01:15:32.466+0000] {logging_mixin.py:190} INFO - [2025-03-06T01:15:32.465+0000] {dag.py:4180} INFO - Setting next_dagrun for consume_1_or_both_2_and_3_with_dataset_expressions to None, run_after=None
[2025-03-06T01:15:32.466+0000] {logging_mixin.py:190} INFO - [2025-03-06T01:15:32.466+0000] {dag.py:4180} INFO - Setting next_dagrun for dataset_consumes_1 to None, run_after=None
[2025-03-06T01:15:32.468+0000] {logging_mixin.py:190} INFO - [2025-03-06T01:15:32.467+0000] {dag.py:4180} INFO - Setting next_dagrun for dataset_consumes_1_and_2 to None, run_after=None
[2025-03-06T01:15:32.469+0000] {logging_mixin.py:190} INFO - [2025-03-06T01:15:32.469+0000] {dag.py:4180} INFO - Setting next_dagrun for dataset_consumes_1_never_scheduled to None, run_after=None
[2025-03-06T01:15:32.471+0000] {logging_mixin.py:190} INFO - [2025-03-06T01:15:32.470+0000] {dag.py:4180} INFO - Setting next_dagrun for dataset_consumes_unknown_never_scheduled to None, run_after=None
[2025-03-06T01:15:32.474+0000] {logging_mixin.py:190} INFO - [2025-03-06T01:15:32.474+0000] {dag.py:4180} INFO - Setting next_dagrun for dataset_produces_1 to 2025-03-05 00:00:00+00:00, run_after=2025-03-06 00:00:00+00:00
[2025-03-06T01:15:32.476+0000] {logging_mixin.py:190} INFO - [2025-03-06T01:15:32.476+0000] {dag.py:4180} INFO - Setting next_dagrun for dataset_produces_2 to None, run_after=None
[2025-03-06T01:15:32.513+0000] {processor.py:208} INFO - Processing /home/ubuntu/redfin_venv/lib/python3.12/site-packages/airflow/example_dags/example_datasets.py took 0.158 seconds
[2025-03-06T01:16:34.027+0000] {processor.py:186} INFO - Started process (PID=7873) to work on /home/ubuntu/redfin_venv/lib/python3.12/site-packages/airflow/example_dags/example_datasets.py
[2025-03-06T01:16:34.029+0000] {processor.py:914} INFO - Processing file /home/ubuntu/redfin_venv/lib/python3.12/site-packages/airflow/example_dags/example_datasets.py for tasks to queue
[2025-03-06T01:16:34.035+0000] {logging_mixin.py:190} INFO - [2025-03-06T01:16:34.033+0000] {dagbag.py:588} INFO - Filling up the DagBag from /home/ubuntu/redfin_venv/lib/python3.12/site-packages/airflow/example_dags/example_datasets.py
[2025-03-06T01:16:34.064+0000] {processor.py:925} INFO - DAG(s) 'dataset_consumes_1_and_2', 'dataset_consumes_1_never_scheduled', 'dataset_consumes_1', 'dataset_produces_1', 'consume_1_or_both_2_and_3_with_dataset_expressions', 'consume_1_or_2_with_dataset_expressions', 'dataset_consumes_unknown_never_scheduled', 'conditional_dataset_and_time_based_timetable', 'dataset_produces_2', 'consume_1_and_2_with_dataset_expressions' retrieved from /home/ubuntu/redfin_venv/lib/python3.12/site-packages/airflow/example_dags/example_datasets.py
[2025-03-06T01:16:34.119+0000] {logging_mixin.py:190} INFO - [2025-03-06T01:16:34.119+0000] {dag.py:3239} INFO - Sync 10 DAGs
[2025-03-06T01:16:34.161+0000] {logging_mixin.py:190} INFO - [2025-03-06T01:16:34.161+0000] {dag.py:4180} INFO - Setting next_dagrun for conditional_dataset_and_time_based_timetable to 2025-03-05 01:00:00+00:00, run_after=2025-03-05 01:00:00+00:00
[2025-03-06T01:16:34.165+0000] {logging_mixin.py:190} INFO - [2025-03-06T01:16:34.164+0000] {dag.py:4180} INFO - Setting next_dagrun for consume_1_and_2_with_dataset_expressions to None, run_after=None
[2025-03-06T01:16:34.166+0000] {logging_mixin.py:190} INFO - [2025-03-06T01:16:34.166+0000] {dag.py:4180} INFO - Setting next_dagrun for consume_1_or_2_with_dataset_expressions to None, run_after=None
[2025-03-06T01:16:34.167+0000] {logging_mixin.py:190} INFO - [2025-03-06T01:16:34.167+0000] {dag.py:4180} INFO - Setting next_dagrun for consume_1_or_both_2_and_3_with_dataset_expressions to None, run_after=None
[2025-03-06T01:16:34.168+0000] {logging_mixin.py:190} INFO - [2025-03-06T01:16:34.168+0000] {dag.py:4180} INFO - Setting next_dagrun for dataset_consumes_1 to None, run_after=None
[2025-03-06T01:16:34.169+0000] {logging_mixin.py:190} INFO - [2025-03-06T01:16:34.169+0000] {dag.py:4180} INFO - Setting next_dagrun for dataset_consumes_1_and_2 to None, run_after=None
[2025-03-06T01:16:34.170+0000] {logging_mixin.py:190} INFO - [2025-03-06T01:16:34.170+0000] {dag.py:4180} INFO - Setting next_dagrun for dataset_consumes_1_never_scheduled to None, run_after=None
[2025-03-06T01:16:34.171+0000] {logging_mixin.py:190} INFO - [2025-03-06T01:16:34.171+0000] {dag.py:4180} INFO - Setting next_dagrun for dataset_consumes_unknown_never_scheduled to None, run_after=None
[2025-03-06T01:16:34.174+0000] {logging_mixin.py:190} INFO - [2025-03-06T01:16:34.174+0000] {dag.py:4180} INFO - Setting next_dagrun for dataset_produces_1 to 2025-03-05 00:00:00+00:00, run_after=2025-03-06 00:00:00+00:00
[2025-03-06T01:16:34.175+0000] {logging_mixin.py:190} INFO - [2025-03-06T01:16:34.175+0000] {dag.py:4180} INFO - Setting next_dagrun for dataset_produces_2 to None, run_after=None
[2025-03-06T01:16:34.222+0000] {processor.py:208} INFO - Processing /home/ubuntu/redfin_venv/lib/python3.12/site-packages/airflow/example_dags/example_datasets.py took 0.205 seconds
[2025-03-06T01:17:35.743+0000] {processor.py:186} INFO - Started process (PID=8155) to work on /home/ubuntu/redfin_venv/lib/python3.12/site-packages/airflow/example_dags/example_datasets.py
[2025-03-06T01:17:35.744+0000] {processor.py:914} INFO - Processing file /home/ubuntu/redfin_venv/lib/python3.12/site-packages/airflow/example_dags/example_datasets.py for tasks to queue
[2025-03-06T01:17:35.746+0000] {logging_mixin.py:190} INFO - [2025-03-06T01:17:35.746+0000] {dagbag.py:588} INFO - Filling up the DagBag from /home/ubuntu/redfin_venv/lib/python3.12/site-packages/airflow/example_dags/example_datasets.py
[2025-03-06T01:17:35.762+0000] {processor.py:925} INFO - DAG(s) 'dataset_produces_1', 'dataset_consumes_unknown_never_scheduled', 'dataset_produces_2', 'consume_1_and_2_with_dataset_expressions', 'dataset_consumes_1_and_2', 'conditional_dataset_and_time_based_timetable', 'dataset_consumes_1_never_scheduled', 'consume_1_or_both_2_and_3_with_dataset_expressions', 'dataset_consumes_1', 'consume_1_or_2_with_dataset_expressions' retrieved from /home/ubuntu/redfin_venv/lib/python3.12/site-packages/airflow/example_dags/example_datasets.py
[2025-03-06T01:17:35.795+0000] {logging_mixin.py:190} INFO - [2025-03-06T01:17:35.795+0000] {dag.py:3239} INFO - Sync 10 DAGs
[2025-03-06T01:17:35.819+0000] {logging_mixin.py:190} INFO - [2025-03-06T01:17:35.819+0000] {dag.py:4180} INFO - Setting next_dagrun for conditional_dataset_and_time_based_timetable to 2025-03-05 01:00:00+00:00, run_after=2025-03-05 01:00:00+00:00
[2025-03-06T01:17:35.822+0000] {logging_mixin.py:190} INFO - [2025-03-06T01:17:35.822+0000] {dag.py:4180} INFO - Setting next_dagrun for consume_1_and_2_with_dataset_expressions to None, run_after=None
[2025-03-06T01:17:35.823+0000] {logging_mixin.py:190} INFO - [2025-03-06T01:17:35.823+0000] {dag.py:4180} INFO - Setting next_dagrun for consume_1_or_2_with_dataset_expressions to None, run_after=None
[2025-03-06T01:17:35.824+0000] {logging_mixin.py:190} INFO - [2025-03-06T01:17:35.824+0000] {dag.py:4180} INFO - Setting next_dagrun for consume_1_or_both_2_and_3_with_dataset_expressions to None, run_after=None
[2025-03-06T01:17:35.825+0000] {logging_mixin.py:190} INFO - [2025-03-06T01:17:35.825+0000] {dag.py:4180} INFO - Setting next_dagrun for dataset_consumes_1 to None, run_after=None
[2025-03-06T01:17:35.826+0000] {logging_mixin.py:190} INFO - [2025-03-06T01:17:35.825+0000] {dag.py:4180} INFO - Setting next_dagrun for dataset_consumes_1_and_2 to None, run_after=None
[2025-03-06T01:17:35.826+0000] {logging_mixin.py:190} INFO - [2025-03-06T01:17:35.826+0000] {dag.py:4180} INFO - Setting next_dagrun for dataset_consumes_1_never_scheduled to None, run_after=None
[2025-03-06T01:17:35.827+0000] {logging_mixin.py:190} INFO - [2025-03-06T01:17:35.827+0000] {dag.py:4180} INFO - Setting next_dagrun for dataset_consumes_unknown_never_scheduled to None, run_after=None
[2025-03-06T01:17:35.829+0000] {logging_mixin.py:190} INFO - [2025-03-06T01:17:35.829+0000] {dag.py:4180} INFO - Setting next_dagrun for dataset_produces_1 to 2025-03-05 00:00:00+00:00, run_after=2025-03-06 00:00:00+00:00
[2025-03-06T01:17:35.830+0000] {logging_mixin.py:190} INFO - [2025-03-06T01:17:35.829+0000] {dag.py:4180} INFO - Setting next_dagrun for dataset_produces_2 to None, run_after=None
[2025-03-06T01:17:35.860+0000] {processor.py:208} INFO - Processing /home/ubuntu/redfin_venv/lib/python3.12/site-packages/airflow/example_dags/example_datasets.py took 0.123 seconds
[2025-03-06T01:18:34.634+0000] {processor.py:186} INFO - Started process (PID=8394) to work on /home/ubuntu/redfin_venv/lib/python3.12/site-packages/airflow/example_dags/example_datasets.py
[2025-03-06T01:18:34.636+0000] {processor.py:914} INFO - Processing file /home/ubuntu/redfin_venv/lib/python3.12/site-packages/airflow/example_dags/example_datasets.py for tasks to queue
[2025-03-06T01:18:34.639+0000] {logging_mixin.py:190} INFO - [2025-03-06T01:18:34.638+0000] {dagbag.py:588} INFO - Filling up the DagBag from /home/ubuntu/redfin_venv/lib/python3.12/site-packages/airflow/example_dags/example_datasets.py
[2025-03-06T01:18:34.658+0000] {processor.py:925} INFO - DAG(s) 'dataset_produces_2', 'dataset_consumes_unknown_never_scheduled', 'consume_1_and_2_with_dataset_expressions', 'consume_1_or_both_2_and_3_with_dataset_expressions', 'conditional_dataset_and_time_based_timetable', 'dataset_consumes_1_and_2', 'dataset_produces_1', 'consume_1_or_2_with_dataset_expressions', 'dataset_consumes_1', 'dataset_consumes_1_never_scheduled' retrieved from /home/ubuntu/redfin_venv/lib/python3.12/site-packages/airflow/example_dags/example_datasets.py
[2025-03-06T01:18:34.701+0000] {logging_mixin.py:190} INFO - [2025-03-06T01:18:34.701+0000] {dag.py:3239} INFO - Sync 10 DAGs
[2025-03-06T01:18:34.725+0000] {logging_mixin.py:190} INFO - [2025-03-06T01:18:34.725+0000] {dag.py:4180} INFO - Setting next_dagrun for conditional_dataset_and_time_based_timetable to 2025-03-05 01:00:00+00:00, run_after=2025-03-05 01:00:00+00:00
[2025-03-06T01:18:34.729+0000] {logging_mixin.py:190} INFO - [2025-03-06T01:18:34.729+0000] {dag.py:4180} INFO - Setting next_dagrun for consume_1_and_2_with_dataset_expressions to None, run_after=None
[2025-03-06T01:18:34.732+0000] {logging_mixin.py:190} INFO - [2025-03-06T01:18:34.732+0000] {dag.py:4180} INFO - Setting next_dagrun for consume_1_or_2_with_dataset_expressions to None, run_after=None
[2025-03-06T01:18:34.733+0000] {logging_mixin.py:190} INFO - [2025-03-06T01:18:34.733+0000] {dag.py:4180} INFO - Setting next_dagrun for consume_1_or_both_2_and_3_with_dataset_expressions to None, run_after=None
[2025-03-06T01:18:34.734+0000] {logging_mixin.py:190} INFO - [2025-03-06T01:18:34.734+0000] {dag.py:4180} INFO - Setting next_dagrun for dataset_consumes_1 to None, run_after=None
[2025-03-06T01:18:34.735+0000] {logging_mixin.py:190} INFO - [2025-03-06T01:18:34.734+0000] {dag.py:4180} INFO - Setting next_dagrun for dataset_consumes_1_and_2 to None, run_after=None
[2025-03-06T01:18:34.735+0000] {logging_mixin.py:190} INFO - [2025-03-06T01:18:34.735+0000] {dag.py:4180} INFO - Setting next_dagrun for dataset_consumes_1_never_scheduled to None, run_after=None
[2025-03-06T01:18:34.736+0000] {logging_mixin.py:190} INFO - [2025-03-06T01:18:34.736+0000] {dag.py:4180} INFO - Setting next_dagrun for dataset_consumes_unknown_never_scheduled to None, run_after=None
[2025-03-06T01:18:34.738+0000] {logging_mixin.py:190} INFO - [2025-03-06T01:18:34.738+0000] {dag.py:4180} INFO - Setting next_dagrun for dataset_produces_1 to 2025-03-05 00:00:00+00:00, run_after=2025-03-06 00:00:00+00:00
[2025-03-06T01:18:34.739+0000] {logging_mixin.py:190} INFO - [2025-03-06T01:18:34.739+0000] {dag.py:4180} INFO - Setting next_dagrun for dataset_produces_2 to None, run_after=None
[2025-03-06T01:18:34.771+0000] {processor.py:208} INFO - Processing /home/ubuntu/redfin_venv/lib/python3.12/site-packages/airflow/example_dags/example_datasets.py took 0.146 seconds
[2025-03-06T01:19:44.030+0000] {processor.py:186} INFO - Started process (PID=8575) to work on /home/ubuntu/redfin_venv/lib/python3.12/site-packages/airflow/example_dags/example_datasets.py
[2025-03-06T01:19:44.032+0000] {processor.py:914} INFO - Processing file /home/ubuntu/redfin_venv/lib/python3.12/site-packages/airflow/example_dags/example_datasets.py for tasks to queue
[2025-03-06T01:19:44.035+0000] {logging_mixin.py:190} INFO - [2025-03-06T01:19:44.034+0000] {dagbag.py:588} INFO - Filling up the DagBag from /home/ubuntu/redfin_venv/lib/python3.12/site-packages/airflow/example_dags/example_datasets.py
[2025-03-06T01:19:44.054+0000] {processor.py:925} INFO - DAG(s) 'consume_1_and_2_with_dataset_expressions', 'conditional_dataset_and_time_based_timetable', 'dataset_produces_2', 'dataset_consumes_1_and_2', 'dataset_consumes_1', 'dataset_produces_1', 'dataset_consumes_1_never_scheduled', 'consume_1_or_both_2_and_3_with_dataset_expressions', 'consume_1_or_2_with_dataset_expressions', 'dataset_consumes_unknown_never_scheduled' retrieved from /home/ubuntu/redfin_venv/lib/python3.12/site-packages/airflow/example_dags/example_datasets.py
[2025-03-06T01:19:44.090+0000] {logging_mixin.py:190} INFO - [2025-03-06T01:19:44.090+0000] {dag.py:3239} INFO - Sync 10 DAGs
[2025-03-06T01:19:44.116+0000] {logging_mixin.py:190} INFO - [2025-03-06T01:19:44.116+0000] {dag.py:4180} INFO - Setting next_dagrun for conditional_dataset_and_time_based_timetable to 2025-03-05 01:00:00+00:00, run_after=2025-03-05 01:00:00+00:00
[2025-03-06T01:19:44.120+0000] {logging_mixin.py:190} INFO - [2025-03-06T01:19:44.120+0000] {dag.py:4180} INFO - Setting next_dagrun for consume_1_and_2_with_dataset_expressions to None, run_after=None
[2025-03-06T01:19:44.122+0000] {logging_mixin.py:190} INFO - [2025-03-06T01:19:44.121+0000] {dag.py:4180} INFO - Setting next_dagrun for consume_1_or_2_with_dataset_expressions to None, run_after=None
[2025-03-06T01:19:44.123+0000] {logging_mixin.py:190} INFO - [2025-03-06T01:19:44.122+0000] {dag.py:4180} INFO - Setting next_dagrun for consume_1_or_both_2_and_3_with_dataset_expressions to None, run_after=None
[2025-03-06T01:19:44.123+0000] {logging_mixin.py:190} INFO - [2025-03-06T01:19:44.123+0000] {dag.py:4180} INFO - Setting next_dagrun for dataset_consumes_1 to None, run_after=None
[2025-03-06T01:19:44.124+0000] {logging_mixin.py:190} INFO - [2025-03-06T01:19:44.124+0000] {dag.py:4180} INFO - Setting next_dagrun for dataset_consumes_1_and_2 to None, run_after=None
[2025-03-06T01:19:44.125+0000] {logging_mixin.py:190} INFO - [2025-03-06T01:19:44.125+0000] {dag.py:4180} INFO - Setting next_dagrun for dataset_consumes_1_never_scheduled to None, run_after=None
[2025-03-06T01:19:44.126+0000] {logging_mixin.py:190} INFO - [2025-03-06T01:19:44.126+0000] {dag.py:4180} INFO - Setting next_dagrun for dataset_consumes_unknown_never_scheduled to None, run_after=None
[2025-03-06T01:19:44.128+0000] {logging_mixin.py:190} INFO - [2025-03-06T01:19:44.127+0000] {dag.py:4180} INFO - Setting next_dagrun for dataset_produces_1 to 2025-03-05 00:00:00+00:00, run_after=2025-03-06 00:00:00+00:00
[2025-03-06T01:19:44.128+0000] {logging_mixin.py:190} INFO - [2025-03-06T01:19:44.128+0000] {dag.py:4180} INFO - Setting next_dagrun for dataset_produces_2 to None, run_after=None
[2025-03-06T01:19:44.163+0000] {processor.py:208} INFO - Processing /home/ubuntu/redfin_venv/lib/python3.12/site-packages/airflow/example_dags/example_datasets.py took 0.142 seconds
