[2025-03-06T00:58:38.255+0000] {processor.py:186} INFO - Started process (PID=3512) to work on /home/ubuntu/redfin_venv/lib/python3.12/site-packages/airflow/example_dags/example_task_group.py
[2025-03-06T00:58:38.257+0000] {processor.py:914} INFO - Processing file /home/ubuntu/redfin_venv/lib/python3.12/site-packages/airflow/example_dags/example_task_group.py for tasks to queue
[2025-03-06T00:58:38.259+0000] {logging_mixin.py:190} INFO - [2025-03-06T00:58:38.259+0000] {dagbag.py:588} INFO - Filling up the DagBag from /home/ubuntu/redfin_venv/lib/python3.12/site-packages/airflow/example_dags/example_task_group.py
[2025-03-06T00:58:38.272+0000] {processor.py:925} INFO - DAG(s) 'example_task_group' retrieved from /home/ubuntu/redfin_venv/lib/python3.12/site-packages/airflow/example_dags/example_task_group.py
[2025-03-06T00:58:38.299+0000] {logging_mixin.py:190} INFO - [2025-03-06T00:58:38.299+0000] {dag.py:3239} INFO - Sync 1 DAGs
[2025-03-06T00:58:38.313+0000] {logging_mixin.py:190} INFO - [2025-03-06T00:58:38.312+0000] {dag.py:4180} INFO - Setting next_dagrun for example_task_group to None, run_after=None
[2025-03-06T00:58:38.338+0000] {processor.py:208} INFO - Processing /home/ubuntu/redfin_venv/lib/python3.12/site-packages/airflow/example_dags/example_task_group.py took 0.090 seconds
[2025-03-06T00:59:35.318+0000] {processor.py:186} INFO - Started process (PID=3994) to work on /home/ubuntu/redfin_venv/lib/python3.12/site-packages/airflow/example_dags/example_task_group.py
[2025-03-06T00:59:35.320+0000] {processor.py:914} INFO - Processing file /home/ubuntu/redfin_venv/lib/python3.12/site-packages/airflow/example_dags/example_task_group.py for tasks to queue
[2025-03-06T00:59:35.323+0000] {logging_mixin.py:190} INFO - [2025-03-06T00:59:35.322+0000] {dagbag.py:588} INFO - Filling up the DagBag from /home/ubuntu/redfin_venv/lib/python3.12/site-packages/airflow/example_dags/example_task_group.py
[2025-03-06T00:59:35.336+0000] {processor.py:925} INFO - DAG(s) 'example_task_group' retrieved from /home/ubuntu/redfin_venv/lib/python3.12/site-packages/airflow/example_dags/example_task_group.py
[2025-03-06T00:59:35.363+0000] {logging_mixin.py:190} INFO - [2025-03-06T00:59:35.363+0000] {dag.py:3239} INFO - Sync 1 DAGs
[2025-03-06T00:59:35.381+0000] {logging_mixin.py:190} INFO - [2025-03-06T00:59:35.381+0000] {dag.py:4180} INFO - Setting next_dagrun for example_task_group to None, run_after=None
[2025-03-06T00:59:35.405+0000] {processor.py:208} INFO - Processing /home/ubuntu/redfin_venv/lib/python3.12/site-packages/airflow/example_dags/example_task_group.py took 0.103 seconds
[2025-03-06T01:00:33.279+0000] {processor.py:186} INFO - Started process (PID=4473) to work on /home/ubuntu/redfin_venv/lib/python3.12/site-packages/airflow/example_dags/example_task_group.py
[2025-03-06T01:00:33.281+0000] {processor.py:914} INFO - Processing file /home/ubuntu/redfin_venv/lib/python3.12/site-packages/airflow/example_dags/example_task_group.py for tasks to queue
[2025-03-06T01:00:33.285+0000] {logging_mixin.py:190} INFO - [2025-03-06T01:00:33.285+0000] {dagbag.py:588} INFO - Filling up the DagBag from /home/ubuntu/redfin_venv/lib/python3.12/site-packages/airflow/example_dags/example_task_group.py
[2025-03-06T01:00:33.297+0000] {processor.py:925} INFO - DAG(s) 'example_task_group' retrieved from /home/ubuntu/redfin_venv/lib/python3.12/site-packages/airflow/example_dags/example_task_group.py
[2025-03-06T01:00:33.318+0000] {logging_mixin.py:190} INFO - [2025-03-06T01:00:33.318+0000] {dag.py:3239} INFO - Sync 1 DAGs
[2025-03-06T01:00:33.333+0000] {logging_mixin.py:190} INFO - [2025-03-06T01:00:33.333+0000] {dag.py:4180} INFO - Setting next_dagrun for example_task_group to None, run_after=None
[2025-03-06T01:00:33.365+0000] {processor.py:208} INFO - Processing /home/ubuntu/redfin_venv/lib/python3.12/site-packages/airflow/example_dags/example_task_group.py took 0.094 seconds
[2025-03-06T01:01:34.544+0000] {processor.py:186} INFO - Started process (PID=4894) to work on /home/ubuntu/redfin_venv/lib/python3.12/site-packages/airflow/example_dags/example_task_group.py
[2025-03-06T01:01:34.545+0000] {processor.py:914} INFO - Processing file /home/ubuntu/redfin_venv/lib/python3.12/site-packages/airflow/example_dags/example_task_group.py for tasks to queue
[2025-03-06T01:01:34.549+0000] {logging_mixin.py:190} INFO - [2025-03-06T01:01:34.548+0000] {dagbag.py:588} INFO - Filling up the DagBag from /home/ubuntu/redfin_venv/lib/python3.12/site-packages/airflow/example_dags/example_task_group.py
[2025-03-06T01:01:34.568+0000] {processor.py:925} INFO - DAG(s) 'example_task_group' retrieved from /home/ubuntu/redfin_venv/lib/python3.12/site-packages/airflow/example_dags/example_task_group.py
[2025-03-06T01:01:34.592+0000] {logging_mixin.py:190} INFO - [2025-03-06T01:01:34.591+0000] {dag.py:3239} INFO - Sync 1 DAGs
[2025-03-06T01:01:34.612+0000] {logging_mixin.py:190} INFO - [2025-03-06T01:01:34.611+0000] {dag.py:4180} INFO - Setting next_dagrun for example_task_group to None, run_after=None
[2025-03-06T01:01:34.650+0000] {processor.py:208} INFO - Processing /home/ubuntu/redfin_venv/lib/python3.12/site-packages/airflow/example_dags/example_task_group.py took 0.117 seconds
[2025-03-06T01:02:35.642+0000] {processor.py:186} INFO - Started process (PID=5195) to work on /home/ubuntu/redfin_venv/lib/python3.12/site-packages/airflow/example_dags/example_task_group.py
[2025-03-06T01:02:35.644+0000] {processor.py:914} INFO - Processing file /home/ubuntu/redfin_venv/lib/python3.12/site-packages/airflow/example_dags/example_task_group.py for tasks to queue
[2025-03-06T01:02:35.648+0000] {logging_mixin.py:190} INFO - [2025-03-06T01:02:35.647+0000] {dagbag.py:588} INFO - Filling up the DagBag from /home/ubuntu/redfin_venv/lib/python3.12/site-packages/airflow/example_dags/example_task_group.py
[2025-03-06T01:02:35.671+0000] {processor.py:925} INFO - DAG(s) 'example_task_group' retrieved from /home/ubuntu/redfin_venv/lib/python3.12/site-packages/airflow/example_dags/example_task_group.py
[2025-03-06T01:02:35.697+0000] {logging_mixin.py:190} INFO - [2025-03-06T01:02:35.697+0000] {dag.py:3239} INFO - Sync 1 DAGs
[2025-03-06T01:02:35.713+0000] {logging_mixin.py:190} INFO - [2025-03-06T01:02:35.713+0000] {dag.py:4180} INFO - Setting next_dagrun for example_task_group to None, run_after=None
[2025-03-06T01:02:35.744+0000] {processor.py:208} INFO - Processing /home/ubuntu/redfin_venv/lib/python3.12/site-packages/airflow/example_dags/example_task_group.py took 0.111 seconds
[2025-03-06T01:03:35.049+0000] {processor.py:186} INFO - Started process (PID=5374) to work on /home/ubuntu/redfin_venv/lib/python3.12/site-packages/airflow/example_dags/example_task_group.py
[2025-03-06T01:03:35.050+0000] {processor.py:914} INFO - Processing file /home/ubuntu/redfin_venv/lib/python3.12/site-packages/airflow/example_dags/example_task_group.py for tasks to queue
[2025-03-06T01:03:35.053+0000] {logging_mixin.py:190} INFO - [2025-03-06T01:03:35.052+0000] {dagbag.py:588} INFO - Filling up the DagBag from /home/ubuntu/redfin_venv/lib/python3.12/site-packages/airflow/example_dags/example_task_group.py
[2025-03-06T01:03:35.063+0000] {processor.py:925} INFO - DAG(s) 'example_task_group' retrieved from /home/ubuntu/redfin_venv/lib/python3.12/site-packages/airflow/example_dags/example_task_group.py
[2025-03-06T01:03:35.082+0000] {logging_mixin.py:190} INFO - [2025-03-06T01:03:35.081+0000] {dag.py:3239} INFO - Sync 1 DAGs
[2025-03-06T01:03:35.095+0000] {logging_mixin.py:190} INFO - [2025-03-06T01:03:35.095+0000] {dag.py:4180} INFO - Setting next_dagrun for example_task_group to None, run_after=None
[2025-03-06T01:03:35.118+0000] {processor.py:208} INFO - Processing /home/ubuntu/redfin_venv/lib/python3.12/site-packages/airflow/example_dags/example_task_group.py took 0.075 seconds
[2025-03-06T01:04:36.332+0000] {processor.py:186} INFO - Started process (PID=5492) to work on /home/ubuntu/redfin_venv/lib/python3.12/site-packages/airflow/example_dags/example_task_group.py
[2025-03-06T01:04:36.334+0000] {processor.py:914} INFO - Processing file /home/ubuntu/redfin_venv/lib/python3.12/site-packages/airflow/example_dags/example_task_group.py for tasks to queue
[2025-03-06T01:04:36.336+0000] {logging_mixin.py:190} INFO - [2025-03-06T01:04:36.335+0000] {dagbag.py:588} INFO - Filling up the DagBag from /home/ubuntu/redfin_venv/lib/python3.12/site-packages/airflow/example_dags/example_task_group.py
[2025-03-06T01:04:36.347+0000] {processor.py:925} INFO - DAG(s) 'example_task_group' retrieved from /home/ubuntu/redfin_venv/lib/python3.12/site-packages/airflow/example_dags/example_task_group.py
[2025-03-06T01:04:36.369+0000] {logging_mixin.py:190} INFO - [2025-03-06T01:04:36.368+0000] {dag.py:3239} INFO - Sync 1 DAGs
[2025-03-06T01:04:36.383+0000] {logging_mixin.py:190} INFO - [2025-03-06T01:04:36.383+0000] {dag.py:4180} INFO - Setting next_dagrun for example_task_group to None, run_after=None
[2025-03-06T01:04:36.408+0000] {processor.py:208} INFO - Processing /home/ubuntu/redfin_venv/lib/python3.12/site-packages/airflow/example_dags/example_task_group.py took 0.086 seconds
[2025-03-06T01:05:41.120+0000] {processor.py:186} INFO - Started process (PID=5616) to work on /home/ubuntu/redfin_venv/lib/python3.12/site-packages/airflow/example_dags/example_task_group.py
[2025-03-06T01:05:41.122+0000] {processor.py:914} INFO - Processing file /home/ubuntu/redfin_venv/lib/python3.12/site-packages/airflow/example_dags/example_task_group.py for tasks to queue
[2025-03-06T01:05:41.124+0000] {logging_mixin.py:190} INFO - [2025-03-06T01:05:41.124+0000] {dagbag.py:588} INFO - Filling up the DagBag from /home/ubuntu/redfin_venv/lib/python3.12/site-packages/airflow/example_dags/example_task_group.py
[2025-03-06T01:05:41.137+0000] {processor.py:925} INFO - DAG(s) 'example_task_group' retrieved from /home/ubuntu/redfin_venv/lib/python3.12/site-packages/airflow/example_dags/example_task_group.py
[2025-03-06T01:05:41.159+0000] {logging_mixin.py:190} INFO - [2025-03-06T01:05:41.159+0000] {dag.py:3239} INFO - Sync 1 DAGs
[2025-03-06T01:05:41.175+0000] {logging_mixin.py:190} INFO - [2025-03-06T01:05:41.175+0000] {dag.py:4180} INFO - Setting next_dagrun for example_task_group to None, run_after=None
[2025-03-06T01:05:41.203+0000] {processor.py:208} INFO - Processing /home/ubuntu/redfin_venv/lib/python3.12/site-packages/airflow/example_dags/example_task_group.py took 0.090 seconds
[2025-03-06T01:06:43.077+0000] {processor.py:186} INFO - Started process (PID=5918) to work on /home/ubuntu/redfin_venv/lib/python3.12/site-packages/airflow/example_dags/example_task_group.py
[2025-03-06T01:06:43.079+0000] {processor.py:914} INFO - Processing file /home/ubuntu/redfin_venv/lib/python3.12/site-packages/airflow/example_dags/example_task_group.py for tasks to queue
[2025-03-06T01:06:43.082+0000] {logging_mixin.py:190} INFO - [2025-03-06T01:06:43.082+0000] {dagbag.py:588} INFO - Filling up the DagBag from /home/ubuntu/redfin_venv/lib/python3.12/site-packages/airflow/example_dags/example_task_group.py
[2025-03-06T01:06:43.101+0000] {processor.py:925} INFO - DAG(s) 'example_task_group' retrieved from /home/ubuntu/redfin_venv/lib/python3.12/site-packages/airflow/example_dags/example_task_group.py
[2025-03-06T01:06:43.127+0000] {logging_mixin.py:190} INFO - [2025-03-06T01:06:43.127+0000] {dag.py:3239} INFO - Sync 1 DAGs
[2025-03-06T01:06:43.142+0000] {logging_mixin.py:190} INFO - [2025-03-06T01:06:43.142+0000] {dag.py:4180} INFO - Setting next_dagrun for example_task_group to None, run_after=None
[2025-03-06T01:06:43.199+0000] {processor.py:208} INFO - Processing /home/ubuntu/redfin_venv/lib/python3.12/site-packages/airflow/example_dags/example_task_group.py took 0.131 seconds
[2025-03-06T01:07:44.544+0000] {processor.py:186} INFO - Started process (PID=6217) to work on /home/ubuntu/redfin_venv/lib/python3.12/site-packages/airflow/example_dags/example_task_group.py
[2025-03-06T01:07:44.545+0000] {processor.py:914} INFO - Processing file /home/ubuntu/redfin_venv/lib/python3.12/site-packages/airflow/example_dags/example_task_group.py for tasks to queue
[2025-03-06T01:07:44.548+0000] {logging_mixin.py:190} INFO - [2025-03-06T01:07:44.547+0000] {dagbag.py:588} INFO - Filling up the DagBag from /home/ubuntu/redfin_venv/lib/python3.12/site-packages/airflow/example_dags/example_task_group.py
[2025-03-06T01:07:44.558+0000] {processor.py:925} INFO - DAG(s) 'example_task_group' retrieved from /home/ubuntu/redfin_venv/lib/python3.12/site-packages/airflow/example_dags/example_task_group.py
[2025-03-06T01:07:44.578+0000] {logging_mixin.py:190} INFO - [2025-03-06T01:07:44.578+0000] {dag.py:3239} INFO - Sync 1 DAGs
[2025-03-06T01:07:44.593+0000] {logging_mixin.py:190} INFO - [2025-03-06T01:07:44.593+0000] {dag.py:4180} INFO - Setting next_dagrun for example_task_group to None, run_after=None
[2025-03-06T01:07:44.618+0000] {processor.py:208} INFO - Processing /home/ubuntu/redfin_venv/lib/python3.12/site-packages/airflow/example_dags/example_task_group.py took 0.081 seconds
[2025-03-06T01:08:44.023+0000] {processor.py:186} INFO - Started process (PID=6575) to work on /home/ubuntu/redfin_venv/lib/python3.12/site-packages/airflow/example_dags/example_task_group.py
[2025-03-06T01:08:44.025+0000] {processor.py:914} INFO - Processing file /home/ubuntu/redfin_venv/lib/python3.12/site-packages/airflow/example_dags/example_task_group.py for tasks to queue
[2025-03-06T01:08:44.027+0000] {logging_mixin.py:190} INFO - [2025-03-06T01:08:44.026+0000] {dagbag.py:588} INFO - Filling up the DagBag from /home/ubuntu/redfin_venv/lib/python3.12/site-packages/airflow/example_dags/example_task_group.py
[2025-03-06T01:08:44.039+0000] {processor.py:925} INFO - DAG(s) 'example_task_group' retrieved from /home/ubuntu/redfin_venv/lib/python3.12/site-packages/airflow/example_dags/example_task_group.py
[2025-03-06T01:08:44.061+0000] {logging_mixin.py:190} INFO - [2025-03-06T01:08:44.061+0000] {dag.py:3239} INFO - Sync 1 DAGs
[2025-03-06T01:08:44.075+0000] {logging_mixin.py:190} INFO - [2025-03-06T01:08:44.075+0000] {dag.py:4180} INFO - Setting next_dagrun for example_task_group to None, run_after=None
[2025-03-06T01:08:44.102+0000] {processor.py:208} INFO - Processing /home/ubuntu/redfin_venv/lib/python3.12/site-packages/airflow/example_dags/example_task_group.py took 0.089 seconds
[2025-03-06T01:09:48.664+0000] {processor.py:186} INFO - Started process (PID=6815) to work on /home/ubuntu/redfin_venv/lib/python3.12/site-packages/airflow/example_dags/example_task_group.py
[2025-03-06T01:09:48.666+0000] {processor.py:914} INFO - Processing file /home/ubuntu/redfin_venv/lib/python3.12/site-packages/airflow/example_dags/example_task_group.py for tasks to queue
[2025-03-06T01:09:48.668+0000] {logging_mixin.py:190} INFO - [2025-03-06T01:09:48.668+0000] {dagbag.py:588} INFO - Filling up the DagBag from /home/ubuntu/redfin_venv/lib/python3.12/site-packages/airflow/example_dags/example_task_group.py
[2025-03-06T01:09:48.680+0000] {processor.py:925} INFO - DAG(s) 'example_task_group' retrieved from /home/ubuntu/redfin_venv/lib/python3.12/site-packages/airflow/example_dags/example_task_group.py
[2025-03-06T01:09:48.700+0000] {logging_mixin.py:190} INFO - [2025-03-06T01:09:48.700+0000] {dag.py:3239} INFO - Sync 1 DAGs
[2025-03-06T01:09:48.715+0000] {logging_mixin.py:190} INFO - [2025-03-06T01:09:48.714+0000] {dag.py:4180} INFO - Setting next_dagrun for example_task_group to None, run_after=None
[2025-03-06T01:09:48.739+0000] {processor.py:208} INFO - Processing /home/ubuntu/redfin_venv/lib/python3.12/site-packages/airflow/example_dags/example_task_group.py took 0.082 seconds
[2025-03-06T01:10:49.889+0000] {processor.py:186} INFO - Started process (PID=6938) to work on /home/ubuntu/redfin_venv/lib/python3.12/site-packages/airflow/example_dags/example_task_group.py
[2025-03-06T01:10:49.892+0000] {processor.py:914} INFO - Processing file /home/ubuntu/redfin_venv/lib/python3.12/site-packages/airflow/example_dags/example_task_group.py for tasks to queue
[2025-03-06T01:10:49.894+0000] {logging_mixin.py:190} INFO - [2025-03-06T01:10:49.893+0000] {dagbag.py:588} INFO - Filling up the DagBag from /home/ubuntu/redfin_venv/lib/python3.12/site-packages/airflow/example_dags/example_task_group.py
[2025-03-06T01:10:49.908+0000] {processor.py:925} INFO - DAG(s) 'example_task_group' retrieved from /home/ubuntu/redfin_venv/lib/python3.12/site-packages/airflow/example_dags/example_task_group.py
[2025-03-06T01:10:49.934+0000] {logging_mixin.py:190} INFO - [2025-03-06T01:10:49.933+0000] {dag.py:3239} INFO - Sync 1 DAGs
[2025-03-06T01:10:49.953+0000] {logging_mixin.py:190} INFO - [2025-03-06T01:10:49.952+0000] {dag.py:4180} INFO - Setting next_dagrun for example_task_group to None, run_after=None
[2025-03-06T01:10:50.013+0000] {processor.py:208} INFO - Processing /home/ubuntu/redfin_venv/lib/python3.12/site-packages/airflow/example_dags/example_task_group.py took 0.130 seconds
[2025-03-06T01:11:52.578+0000] {processor.py:186} INFO - Started process (PID=7057) to work on /home/ubuntu/redfin_venv/lib/python3.12/site-packages/airflow/example_dags/example_task_group.py
[2025-03-06T01:11:52.579+0000] {processor.py:914} INFO - Processing file /home/ubuntu/redfin_venv/lib/python3.12/site-packages/airflow/example_dags/example_task_group.py for tasks to queue
[2025-03-06T01:11:52.582+0000] {logging_mixin.py:190} INFO - [2025-03-06T01:11:52.582+0000] {dagbag.py:588} INFO - Filling up the DagBag from /home/ubuntu/redfin_venv/lib/python3.12/site-packages/airflow/example_dags/example_task_group.py
[2025-03-06T01:11:52.596+0000] {processor.py:925} INFO - DAG(s) 'example_task_group' retrieved from /home/ubuntu/redfin_venv/lib/python3.12/site-packages/airflow/example_dags/example_task_group.py
[2025-03-06T01:11:52.635+0000] {logging_mixin.py:190} INFO - [2025-03-06T01:11:52.632+0000] {dag.py:3239} INFO - Sync 1 DAGs
[2025-03-06T01:11:52.672+0000] {logging_mixin.py:190} INFO - [2025-03-06T01:11:52.671+0000] {dag.py:4180} INFO - Setting next_dagrun for example_task_group to None, run_after=None
[2025-03-06T01:11:52.712+0000] {processor.py:208} INFO - Processing /home/ubuntu/redfin_venv/lib/python3.12/site-packages/airflow/example_dags/example_task_group.py took 0.143 seconds
[2025-03-06T01:12:58.000+0000] {processor.py:186} INFO - Started process (PID=7179) to work on /home/ubuntu/redfin_venv/lib/python3.12/site-packages/airflow/example_dags/example_task_group.py
[2025-03-06T01:12:58.001+0000] {processor.py:914} INFO - Processing file /home/ubuntu/redfin_venv/lib/python3.12/site-packages/airflow/example_dags/example_task_group.py for tasks to queue
[2025-03-06T01:12:58.003+0000] {logging_mixin.py:190} INFO - [2025-03-06T01:12:58.003+0000] {dagbag.py:588} INFO - Filling up the DagBag from /home/ubuntu/redfin_venv/lib/python3.12/site-packages/airflow/example_dags/example_task_group.py
[2025-03-06T01:12:58.013+0000] {processor.py:925} INFO - DAG(s) 'example_task_group' retrieved from /home/ubuntu/redfin_venv/lib/python3.12/site-packages/airflow/example_dags/example_task_group.py
[2025-03-06T01:12:58.032+0000] {logging_mixin.py:190} INFO - [2025-03-06T01:12:58.031+0000] {dag.py:3239} INFO - Sync 1 DAGs
[2025-03-06T01:12:58.044+0000] {logging_mixin.py:190} INFO - [2025-03-06T01:12:58.044+0000] {dag.py:4180} INFO - Setting next_dagrun for example_task_group to None, run_after=None
[2025-03-06T01:12:58.068+0000] {processor.py:208} INFO - Processing /home/ubuntu/redfin_venv/lib/python3.12/site-packages/airflow/example_dags/example_task_group.py took 0.074 seconds
[2025-03-06T01:13:58.357+0000] {processor.py:186} INFO - Started process (PID=7359) to work on /home/ubuntu/redfin_venv/lib/python3.12/site-packages/airflow/example_dags/example_task_group.py
[2025-03-06T01:13:58.360+0000] {processor.py:914} INFO - Processing file /home/ubuntu/redfin_venv/lib/python3.12/site-packages/airflow/example_dags/example_task_group.py for tasks to queue
[2025-03-06T01:13:58.362+0000] {logging_mixin.py:190} INFO - [2025-03-06T01:13:58.362+0000] {dagbag.py:588} INFO - Filling up the DagBag from /home/ubuntu/redfin_venv/lib/python3.12/site-packages/airflow/example_dags/example_task_group.py
[2025-03-06T01:13:58.376+0000] {processor.py:925} INFO - DAG(s) 'example_task_group' retrieved from /home/ubuntu/redfin_venv/lib/python3.12/site-packages/airflow/example_dags/example_task_group.py
[2025-03-06T01:13:58.398+0000] {logging_mixin.py:190} INFO - [2025-03-06T01:13:58.397+0000] {dag.py:3239} INFO - Sync 1 DAGs
[2025-03-06T01:13:58.412+0000] {logging_mixin.py:190} INFO - [2025-03-06T01:13:58.412+0000] {dag.py:4180} INFO - Setting next_dagrun for example_task_group to None, run_after=None
[2025-03-06T01:13:58.442+0000] {processor.py:208} INFO - Processing /home/ubuntu/redfin_venv/lib/python3.12/site-packages/airflow/example_dags/example_task_group.py took 0.103 seconds
[2025-03-06T01:14:59.734+0000] {processor.py:186} INFO - Started process (PID=7478) to work on /home/ubuntu/redfin_venv/lib/python3.12/site-packages/airflow/example_dags/example_task_group.py
[2025-03-06T01:14:59.736+0000] {processor.py:914} INFO - Processing file /home/ubuntu/redfin_venv/lib/python3.12/site-packages/airflow/example_dags/example_task_group.py for tasks to queue
[2025-03-06T01:14:59.739+0000] {logging_mixin.py:190} INFO - [2025-03-06T01:14:59.739+0000] {dagbag.py:588} INFO - Filling up the DagBag from /home/ubuntu/redfin_venv/lib/python3.12/site-packages/airflow/example_dags/example_task_group.py
[2025-03-06T01:14:59.756+0000] {processor.py:925} INFO - DAG(s) 'example_task_group' retrieved from /home/ubuntu/redfin_venv/lib/python3.12/site-packages/airflow/example_dags/example_task_group.py
[2025-03-06T01:14:59.779+0000] {logging_mixin.py:190} INFO - [2025-03-06T01:14:59.778+0000] {dag.py:3239} INFO - Sync 1 DAGs
[2025-03-06T01:14:59.794+0000] {logging_mixin.py:190} INFO - [2025-03-06T01:14:59.794+0000] {dag.py:4180} INFO - Setting next_dagrun for example_task_group to None, run_after=None
[2025-03-06T01:14:59.822+0000] {processor.py:208} INFO - Processing /home/ubuntu/redfin_venv/lib/python3.12/site-packages/airflow/example_dags/example_task_group.py took 0.098 seconds
[2025-03-06T01:16:03.788+0000] {processor.py:186} INFO - Started process (PID=7782) to work on /home/ubuntu/redfin_venv/lib/python3.12/site-packages/airflow/example_dags/example_task_group.py
[2025-03-06T01:16:03.790+0000] {processor.py:914} INFO - Processing file /home/ubuntu/redfin_venv/lib/python3.12/site-packages/airflow/example_dags/example_task_group.py for tasks to queue
[2025-03-06T01:16:03.793+0000] {logging_mixin.py:190} INFO - [2025-03-06T01:16:03.792+0000] {dagbag.py:588} INFO - Filling up the DagBag from /home/ubuntu/redfin_venv/lib/python3.12/site-packages/airflow/example_dags/example_task_group.py
[2025-03-06T01:16:03.811+0000] {processor.py:925} INFO - DAG(s) 'example_task_group' retrieved from /home/ubuntu/redfin_venv/lib/python3.12/site-packages/airflow/example_dags/example_task_group.py
[2025-03-06T01:16:03.847+0000] {logging_mixin.py:190} INFO - [2025-03-06T01:16:03.846+0000] {dag.py:3239} INFO - Sync 1 DAGs
[2025-03-06T01:16:03.868+0000] {logging_mixin.py:190} INFO - [2025-03-06T01:16:03.868+0000] {dag.py:4180} INFO - Setting next_dagrun for example_task_group to None, run_after=None
[2025-03-06T01:16:03.905+0000] {processor.py:208} INFO - Processing /home/ubuntu/redfin_venv/lib/python3.12/site-packages/airflow/example_dags/example_task_group.py took 0.132 seconds
[2025-03-06T01:17:02.074+0000] {processor.py:186} INFO - Started process (PID=7903) to work on /home/ubuntu/redfin_venv/lib/python3.12/site-packages/airflow/example_dags/example_task_group.py
[2025-03-06T01:17:02.076+0000] {processor.py:914} INFO - Processing file /home/ubuntu/redfin_venv/lib/python3.12/site-packages/airflow/example_dags/example_task_group.py for tasks to queue
[2025-03-06T01:17:02.079+0000] {logging_mixin.py:190} INFO - [2025-03-06T01:17:02.078+0000] {dagbag.py:588} INFO - Filling up the DagBag from /home/ubuntu/redfin_venv/lib/python3.12/site-packages/airflow/example_dags/example_task_group.py
[2025-03-06T01:17:02.103+0000] {processor.py:925} INFO - DAG(s) 'example_task_group' retrieved from /home/ubuntu/redfin_venv/lib/python3.12/site-packages/airflow/example_dags/example_task_group.py
[2025-03-06T01:17:02.142+0000] {logging_mixin.py:190} INFO - [2025-03-06T01:17:02.141+0000] {dag.py:3239} INFO - Sync 1 DAGs
[2025-03-06T01:17:02.179+0000] {logging_mixin.py:190} INFO - [2025-03-06T01:17:02.179+0000] {dag.py:4180} INFO - Setting next_dagrun for example_task_group to None, run_after=None
[2025-03-06T01:17:02.237+0000] {processor.py:208} INFO - Processing /home/ubuntu/redfin_venv/lib/python3.12/site-packages/airflow/example_dags/example_task_group.py took 0.175 seconds
[2025-03-06T01:18:04.790+0000] {processor.py:186} INFO - Started process (PID=8244) to work on /home/ubuntu/redfin_venv/lib/python3.12/site-packages/airflow/example_dags/example_task_group.py
[2025-03-06T01:18:04.792+0000] {processor.py:914} INFO - Processing file /home/ubuntu/redfin_venv/lib/python3.12/site-packages/airflow/example_dags/example_task_group.py for tasks to queue
[2025-03-06T01:18:04.794+0000] {logging_mixin.py:190} INFO - [2025-03-06T01:18:04.793+0000] {dagbag.py:588} INFO - Filling up the DagBag from /home/ubuntu/redfin_venv/lib/python3.12/site-packages/airflow/example_dags/example_task_group.py
[2025-03-06T01:18:04.804+0000] {processor.py:925} INFO - DAG(s) 'example_task_group' retrieved from /home/ubuntu/redfin_venv/lib/python3.12/site-packages/airflow/example_dags/example_task_group.py
[2025-03-06T01:18:04.823+0000] {logging_mixin.py:190} INFO - [2025-03-06T01:18:04.823+0000] {dag.py:3239} INFO - Sync 1 DAGs
[2025-03-06T01:18:04.836+0000] {logging_mixin.py:190} INFO - [2025-03-06T01:18:04.836+0000] {dag.py:4180} INFO - Setting next_dagrun for example_task_group to None, run_after=None
[2025-03-06T01:18:04.860+0000] {processor.py:208} INFO - Processing /home/ubuntu/redfin_venv/lib/python3.12/site-packages/airflow/example_dags/example_task_group.py took 0.076 seconds
[2025-03-06T01:19:06.888+0000] {processor.py:186} INFO - Started process (PID=8483) to work on /home/ubuntu/redfin_venv/lib/python3.12/site-packages/airflow/example_dags/example_task_group.py
[2025-03-06T01:19:06.890+0000] {processor.py:914} INFO - Processing file /home/ubuntu/redfin_venv/lib/python3.12/site-packages/airflow/example_dags/example_task_group.py for tasks to queue
[2025-03-06T01:19:06.893+0000] {logging_mixin.py:190} INFO - [2025-03-06T01:19:06.893+0000] {dagbag.py:588} INFO - Filling up the DagBag from /home/ubuntu/redfin_venv/lib/python3.12/site-packages/airflow/example_dags/example_task_group.py
[2025-03-06T01:19:06.912+0000] {processor.py:925} INFO - DAG(s) 'example_task_group' retrieved from /home/ubuntu/redfin_venv/lib/python3.12/site-packages/airflow/example_dags/example_task_group.py
[2025-03-06T01:19:06.942+0000] {logging_mixin.py:190} INFO - [2025-03-06T01:19:06.942+0000] {dag.py:3239} INFO - Sync 1 DAGs
[2025-03-06T01:19:06.962+0000] {logging_mixin.py:190} INFO - [2025-03-06T01:19:06.961+0000] {dag.py:4180} INFO - Setting next_dagrun for example_task_group to None, run_after=None
[2025-03-06T01:19:07.008+0000] {processor.py:208} INFO - Processing /home/ubuntu/redfin_venv/lib/python3.12/site-packages/airflow/example_dags/example_task_group.py took 0.128 seconds
