[2025-03-06T00:59:02.028+0000] {processor.py:186} INFO - Started process (PID=3776) to work on /home/ubuntu/redfin_venv/lib/python3.12/site-packages/airflow/example_dags/example_dag_decorator.py
[2025-03-06T00:59:02.029+0000] {processor.py:914} INFO - Processing file /home/ubuntu/redfin_venv/lib/python3.12/site-packages/airflow/example_dags/example_dag_decorator.py for tasks to queue
[2025-03-06T00:59:02.036+0000] {logging_mixin.py:190} INFO - [2025-03-06T00:59:02.036+0000] {dagbag.py:588} INFO - Filling up the DagBag from /home/ubuntu/redfin_venv/lib/python3.12/site-packages/airflow/example_dags/example_dag_decorator.py
[2025-03-06T00:59:02.126+0000] {processor.py:925} INFO - DAG(s) 'example_dag_decorator' retrieved from /home/ubuntu/redfin_venv/lib/python3.12/site-packages/airflow/example_dags/example_dag_decorator.py
[2025-03-06T00:59:02.274+0000] {logging_mixin.py:190} INFO - [2025-03-06T00:59:02.273+0000] {dag.py:3239} INFO - Sync 1 DAGs
[2025-03-06T00:59:02.285+0000] {logging_mixin.py:190} INFO - [2025-03-06T00:59:02.284+0000] {dag.py:4180} INFO - Setting next_dagrun for example_dag_decorator to None, run_after=None
[2025-03-06T00:59:02.308+0000] {processor.py:208} INFO - Processing /home/ubuntu/redfin_venv/lib/python3.12/site-packages/airflow/example_dags/example_dag_decorator.py took 0.293 seconds
[2025-03-06T01:00:00.134+0000] {processor.py:186} INFO - Started process (PID=4139) to work on /home/ubuntu/redfin_venv/lib/python3.12/site-packages/airflow/example_dags/example_dag_decorator.py
[2025-03-06T01:00:00.135+0000] {processor.py:914} INFO - Processing file /home/ubuntu/redfin_venv/lib/python3.12/site-packages/airflow/example_dags/example_dag_decorator.py for tasks to queue
[2025-03-06T01:00:00.138+0000] {logging_mixin.py:190} INFO - [2025-03-06T01:00:00.137+0000] {dagbag.py:588} INFO - Filling up the DagBag from /home/ubuntu/redfin_venv/lib/python3.12/site-packages/airflow/example_dags/example_dag_decorator.py
[2025-03-06T01:00:00.183+0000] {processor.py:925} INFO - DAG(s) 'example_dag_decorator' retrieved from /home/ubuntu/redfin_venv/lib/python3.12/site-packages/airflow/example_dags/example_dag_decorator.py
[2025-03-06T01:00:00.296+0000] {logging_mixin.py:190} INFO - [2025-03-06T01:00:00.296+0000] {dag.py:3239} INFO - Sync 1 DAGs
[2025-03-06T01:00:00.310+0000] {logging_mixin.py:190} INFO - [2025-03-06T01:00:00.309+0000] {dag.py:4180} INFO - Setting next_dagrun for example_dag_decorator to None, run_after=None
[2025-03-06T01:00:00.334+0000] {processor.py:208} INFO - Processing /home/ubuntu/redfin_venv/lib/python3.12/site-packages/airflow/example_dags/example_dag_decorator.py took 0.207 seconds
[2025-03-06T01:01:00.993+0000] {processor.py:186} INFO - Started process (PID=4739) to work on /home/ubuntu/redfin_venv/lib/python3.12/site-packages/airflow/example_dags/example_dag_decorator.py
[2025-03-06T01:01:00.995+0000] {processor.py:914} INFO - Processing file /home/ubuntu/redfin_venv/lib/python3.12/site-packages/airflow/example_dags/example_dag_decorator.py for tasks to queue
[2025-03-06T01:01:00.998+0000] {logging_mixin.py:190} INFO - [2025-03-06T01:01:00.997+0000] {dagbag.py:588} INFO - Filling up the DagBag from /home/ubuntu/redfin_venv/lib/python3.12/site-packages/airflow/example_dags/example_dag_decorator.py
[2025-03-06T01:01:01.089+0000] {processor.py:925} INFO - DAG(s) 'example_dag_decorator' retrieved from /home/ubuntu/redfin_venv/lib/python3.12/site-packages/airflow/example_dags/example_dag_decorator.py
[2025-03-06T01:01:01.238+0000] {logging_mixin.py:190} INFO - [2025-03-06T01:01:01.237+0000] {dag.py:3239} INFO - Sync 1 DAGs
[2025-03-06T01:01:01.248+0000] {logging_mixin.py:190} INFO - [2025-03-06T01:01:01.248+0000] {dag.py:4180} INFO - Setting next_dagrun for example_dag_decorator to None, run_after=None
[2025-03-06T01:01:01.274+0000] {processor.py:208} INFO - Processing /home/ubuntu/redfin_venv/lib/python3.12/site-packages/airflow/example_dags/example_dag_decorator.py took 0.291 seconds
[2025-03-06T01:02:04.423+0000] {processor.py:186} INFO - Started process (PID=5044) to work on /home/ubuntu/redfin_venv/lib/python3.12/site-packages/airflow/example_dags/example_dag_decorator.py
[2025-03-06T01:02:04.424+0000] {processor.py:914} INFO - Processing file /home/ubuntu/redfin_venv/lib/python3.12/site-packages/airflow/example_dags/example_dag_decorator.py for tasks to queue
[2025-03-06T01:02:04.426+0000] {logging_mixin.py:190} INFO - [2025-03-06T01:02:04.426+0000] {dagbag.py:588} INFO - Filling up the DagBag from /home/ubuntu/redfin_venv/lib/python3.12/site-packages/airflow/example_dags/example_dag_decorator.py
[2025-03-06T01:02:04.472+0000] {processor.py:925} INFO - DAG(s) 'example_dag_decorator' retrieved from /home/ubuntu/redfin_venv/lib/python3.12/site-packages/airflow/example_dags/example_dag_decorator.py
[2025-03-06T01:02:04.578+0000] {logging_mixin.py:190} INFO - [2025-03-06T01:02:04.578+0000] {dag.py:3239} INFO - Sync 1 DAGs
[2025-03-06T01:02:04.589+0000] {logging_mixin.py:190} INFO - [2025-03-06T01:02:04.588+0000] {dag.py:4180} INFO - Setting next_dagrun for example_dag_decorator to None, run_after=None
[2025-03-06T01:02:04.613+0000] {processor.py:208} INFO - Processing /home/ubuntu/redfin_venv/lib/python3.12/site-packages/airflow/example_dags/example_dag_decorator.py took 0.197 seconds
[2025-03-06T01:03:04.530+0000] {processor.py:186} INFO - Started process (PID=5223) to work on /home/ubuntu/redfin_venv/lib/python3.12/site-packages/airflow/example_dags/example_dag_decorator.py
[2025-03-06T01:03:04.531+0000] {processor.py:914} INFO - Processing file /home/ubuntu/redfin_venv/lib/python3.12/site-packages/airflow/example_dags/example_dag_decorator.py for tasks to queue
[2025-03-06T01:03:04.533+0000] {logging_mixin.py:190} INFO - [2025-03-06T01:03:04.533+0000] {dagbag.py:588} INFO - Filling up the DagBag from /home/ubuntu/redfin_venv/lib/python3.12/site-packages/airflow/example_dags/example_dag_decorator.py
[2025-03-06T01:03:04.575+0000] {processor.py:925} INFO - DAG(s) 'example_dag_decorator' retrieved from /home/ubuntu/redfin_venv/lib/python3.12/site-packages/airflow/example_dags/example_dag_decorator.py
[2025-03-06T01:03:04.691+0000] {logging_mixin.py:190} INFO - [2025-03-06T01:03:04.691+0000] {dag.py:3239} INFO - Sync 1 DAGs
[2025-03-06T01:03:04.703+0000] {logging_mixin.py:190} INFO - [2025-03-06T01:03:04.702+0000] {dag.py:4180} INFO - Setting next_dagrun for example_dag_decorator to None, run_after=None
[2025-03-06T01:03:04.725+0000] {processor.py:208} INFO - Processing /home/ubuntu/redfin_venv/lib/python3.12/site-packages/airflow/example_dags/example_dag_decorator.py took 0.201 seconds
[2025-03-06T01:04:04.305+0000] {processor.py:186} INFO - Started process (PID=5402) to work on /home/ubuntu/redfin_venv/lib/python3.12/site-packages/airflow/example_dags/example_dag_decorator.py
[2025-03-06T01:04:04.307+0000] {processor.py:914} INFO - Processing file /home/ubuntu/redfin_venv/lib/python3.12/site-packages/airflow/example_dags/example_dag_decorator.py for tasks to queue
[2025-03-06T01:04:04.309+0000] {logging_mixin.py:190} INFO - [2025-03-06T01:04:04.309+0000] {dagbag.py:588} INFO - Filling up the DagBag from /home/ubuntu/redfin_venv/lib/python3.12/site-packages/airflow/example_dags/example_dag_decorator.py
[2025-03-06T01:04:04.369+0000] {processor.py:925} INFO - DAG(s) 'example_dag_decorator' retrieved from /home/ubuntu/redfin_venv/lib/python3.12/site-packages/airflow/example_dags/example_dag_decorator.py
[2025-03-06T01:04:04.470+0000] {logging_mixin.py:190} INFO - [2025-03-06T01:04:04.470+0000] {dag.py:3239} INFO - Sync 1 DAGs
[2025-03-06T01:04:04.483+0000] {logging_mixin.py:190} INFO - [2025-03-06T01:04:04.482+0000] {dag.py:4180} INFO - Setting next_dagrun for example_dag_decorator to None, run_after=None
[2025-03-06T01:04:04.506+0000] {processor.py:208} INFO - Processing /home/ubuntu/redfin_venv/lib/python3.12/site-packages/airflow/example_dags/example_dag_decorator.py took 0.211 seconds
[2025-03-06T01:05:08.779+0000] {processor.py:186} INFO - Started process (PID=5526) to work on /home/ubuntu/redfin_venv/lib/python3.12/site-packages/airflow/example_dags/example_dag_decorator.py
[2025-03-06T01:05:08.781+0000] {processor.py:914} INFO - Processing file /home/ubuntu/redfin_venv/lib/python3.12/site-packages/airflow/example_dags/example_dag_decorator.py for tasks to queue
[2025-03-06T01:05:08.783+0000] {logging_mixin.py:190} INFO - [2025-03-06T01:05:08.782+0000] {dagbag.py:588} INFO - Filling up the DagBag from /home/ubuntu/redfin_venv/lib/python3.12/site-packages/airflow/example_dags/example_dag_decorator.py
[2025-03-06T01:05:08.844+0000] {processor.py:925} INFO - DAG(s) 'example_dag_decorator' retrieved from /home/ubuntu/redfin_venv/lib/python3.12/site-packages/airflow/example_dags/example_dag_decorator.py
[2025-03-06T01:05:08.984+0000] {logging_mixin.py:190} INFO - [2025-03-06T01:05:08.983+0000] {dag.py:3239} INFO - Sync 1 DAGs
[2025-03-06T01:05:09.006+0000] {logging_mixin.py:190} INFO - [2025-03-06T01:05:09.005+0000] {dag.py:4180} INFO - Setting next_dagrun for example_dag_decorator to None, run_after=None
[2025-03-06T01:05:09.059+0000] {processor.py:208} INFO - Processing /home/ubuntu/redfin_venv/lib/python3.12/site-packages/airflow/example_dags/example_dag_decorator.py took 0.286 seconds
[2025-03-06T01:06:12.325+0000] {processor.py:186} INFO - Started process (PID=5707) to work on /home/ubuntu/redfin_venv/lib/python3.12/site-packages/airflow/example_dags/example_dag_decorator.py
[2025-03-06T01:06:12.327+0000] {processor.py:914} INFO - Processing file /home/ubuntu/redfin_venv/lib/python3.12/site-packages/airflow/example_dags/example_dag_decorator.py for tasks to queue
[2025-03-06T01:06:12.329+0000] {logging_mixin.py:190} INFO - [2025-03-06T01:06:12.329+0000] {dagbag.py:588} INFO - Filling up the DagBag from /home/ubuntu/redfin_venv/lib/python3.12/site-packages/airflow/example_dags/example_dag_decorator.py
[2025-03-06T01:06:12.379+0000] {processor.py:925} INFO - DAG(s) 'example_dag_decorator' retrieved from /home/ubuntu/redfin_venv/lib/python3.12/site-packages/airflow/example_dags/example_dag_decorator.py
[2025-03-06T01:06:12.555+0000] {logging_mixin.py:190} INFO - [2025-03-06T01:06:12.555+0000] {dag.py:3239} INFO - Sync 1 DAGs
[2025-03-06T01:06:12.582+0000] {logging_mixin.py:190} INFO - [2025-03-06T01:06:12.582+0000] {dag.py:4180} INFO - Setting next_dagrun for example_dag_decorator to None, run_after=None
[2025-03-06T01:06:12.617+0000] {processor.py:208} INFO - Processing /home/ubuntu/redfin_venv/lib/python3.12/site-packages/airflow/example_dags/example_dag_decorator.py took 0.306 seconds
[2025-03-06T01:07:17.017+0000] {processor.py:186} INFO - Started process (PID=6190) to work on /home/ubuntu/redfin_venv/lib/python3.12/site-packages/airflow/example_dags/example_dag_decorator.py
[2025-03-06T01:07:17.019+0000] {processor.py:914} INFO - Processing file /home/ubuntu/redfin_venv/lib/python3.12/site-packages/airflow/example_dags/example_dag_decorator.py for tasks to queue
[2025-03-06T01:07:17.022+0000] {logging_mixin.py:190} INFO - [2025-03-06T01:07:17.021+0000] {dagbag.py:588} INFO - Filling up the DagBag from /home/ubuntu/redfin_venv/lib/python3.12/site-packages/airflow/example_dags/example_dag_decorator.py
[2025-03-06T01:07:17.075+0000] {processor.py:925} INFO - DAG(s) 'example_dag_decorator' retrieved from /home/ubuntu/redfin_venv/lib/python3.12/site-packages/airflow/example_dags/example_dag_decorator.py
[2025-03-06T01:07:17.201+0000] {logging_mixin.py:190} INFO - [2025-03-06T01:07:17.201+0000] {dag.py:3239} INFO - Sync 1 DAGs
[2025-03-06T01:07:17.215+0000] {logging_mixin.py:190} INFO - [2025-03-06T01:07:17.215+0000] {dag.py:4180} INFO - Setting next_dagrun for example_dag_decorator to None, run_after=None
[2025-03-06T01:07:17.242+0000] {processor.py:208} INFO - Processing /home/ubuntu/redfin_venv/lib/python3.12/site-packages/airflow/example_dags/example_dag_decorator.py took 0.232 seconds
[2025-03-06T01:08:17.911+0000] {processor.py:186} INFO - Started process (PID=6489) to work on /home/ubuntu/redfin_venv/lib/python3.12/site-packages/airflow/example_dags/example_dag_decorator.py
[2025-03-06T01:08:17.919+0000] {processor.py:914} INFO - Processing file /home/ubuntu/redfin_venv/lib/python3.12/site-packages/airflow/example_dags/example_dag_decorator.py for tasks to queue
[2025-03-06T01:08:17.925+0000] {logging_mixin.py:190} INFO - [2025-03-06T01:08:17.923+0000] {dagbag.py:588} INFO - Filling up the DagBag from /home/ubuntu/redfin_venv/lib/python3.12/site-packages/airflow/example_dags/example_dag_decorator.py
[2025-03-06T01:08:17.978+0000] {processor.py:925} INFO - DAG(s) 'example_dag_decorator' retrieved from /home/ubuntu/redfin_venv/lib/python3.12/site-packages/airflow/example_dags/example_dag_decorator.py
[2025-03-06T01:08:18.104+0000] {logging_mixin.py:190} INFO - [2025-03-06T01:08:18.104+0000] {dag.py:3239} INFO - Sync 1 DAGs
[2025-03-06T01:08:18.124+0000] {logging_mixin.py:190} INFO - [2025-03-06T01:08:18.124+0000] {dag.py:4180} INFO - Setting next_dagrun for example_dag_decorator to None, run_after=None
[2025-03-06T01:08:18.156+0000] {processor.py:208} INFO - Processing /home/ubuntu/redfin_venv/lib/python3.12/site-packages/airflow/example_dags/example_dag_decorator.py took 0.261 seconds
[2025-03-06T01:09:18.962+0000] {processor.py:186} INFO - Started process (PID=6788) to work on /home/ubuntu/redfin_venv/lib/python3.12/site-packages/airflow/example_dags/example_dag_decorator.py
[2025-03-06T01:09:18.964+0000] {processor.py:914} INFO - Processing file /home/ubuntu/redfin_venv/lib/python3.12/site-packages/airflow/example_dags/example_dag_decorator.py for tasks to queue
[2025-03-06T01:09:18.966+0000] {logging_mixin.py:190} INFO - [2025-03-06T01:09:18.966+0000] {dagbag.py:588} INFO - Filling up the DagBag from /home/ubuntu/redfin_venv/lib/python3.12/site-packages/airflow/example_dags/example_dag_decorator.py
[2025-03-06T01:09:19.014+0000] {processor.py:925} INFO - DAG(s) 'example_dag_decorator' retrieved from /home/ubuntu/redfin_venv/lib/python3.12/site-packages/airflow/example_dags/example_dag_decorator.py
[2025-03-06T01:09:19.117+0000] {logging_mixin.py:190} INFO - [2025-03-06T01:09:19.117+0000] {dag.py:3239} INFO - Sync 1 DAGs
[2025-03-06T01:09:19.129+0000] {logging_mixin.py:190} INFO - [2025-03-06T01:09:19.129+0000] {dag.py:4180} INFO - Setting next_dagrun for example_dag_decorator to None, run_after=None
[2025-03-06T01:09:19.152+0000] {processor.py:208} INFO - Processing /home/ubuntu/redfin_venv/lib/python3.12/site-packages/airflow/example_dags/example_dag_decorator.py took 0.197 seconds
[2025-03-06T01:10:22.370+0000] {processor.py:186} INFO - Started process (PID=6912) to work on /home/ubuntu/redfin_venv/lib/python3.12/site-packages/airflow/example_dags/example_dag_decorator.py
[2025-03-06T01:10:22.371+0000] {processor.py:914} INFO - Processing file /home/ubuntu/redfin_venv/lib/python3.12/site-packages/airflow/example_dags/example_dag_decorator.py for tasks to queue
[2025-03-06T01:10:22.373+0000] {logging_mixin.py:190} INFO - [2025-03-06T01:10:22.373+0000] {dagbag.py:588} INFO - Filling up the DagBag from /home/ubuntu/redfin_venv/lib/python3.12/site-packages/airflow/example_dags/example_dag_decorator.py
[2025-03-06T01:10:22.413+0000] {processor.py:925} INFO - DAG(s) 'example_dag_decorator' retrieved from /home/ubuntu/redfin_venv/lib/python3.12/site-packages/airflow/example_dags/example_dag_decorator.py
[2025-03-06T01:10:22.515+0000] {logging_mixin.py:190} INFO - [2025-03-06T01:10:22.515+0000] {dag.py:3239} INFO - Sync 1 DAGs
[2025-03-06T01:10:22.525+0000] {logging_mixin.py:190} INFO - [2025-03-06T01:10:22.525+0000] {dag.py:4180} INFO - Setting next_dagrun for example_dag_decorator to None, run_after=None
[2025-03-06T01:10:22.548+0000] {processor.py:208} INFO - Processing /home/ubuntu/redfin_venv/lib/python3.12/site-packages/airflow/example_dags/example_dag_decorator.py took 0.184 seconds
[2025-03-06T01:11:23.992+0000] {processor.py:186} INFO - Started process (PID=7031) to work on /home/ubuntu/redfin_venv/lib/python3.12/site-packages/airflow/example_dags/example_dag_decorator.py
[2025-03-06T01:11:23.994+0000] {processor.py:914} INFO - Processing file /home/ubuntu/redfin_venv/lib/python3.12/site-packages/airflow/example_dags/example_dag_decorator.py for tasks to queue
[2025-03-06T01:11:23.996+0000] {logging_mixin.py:190} INFO - [2025-03-06T01:11:23.996+0000] {dagbag.py:588} INFO - Filling up the DagBag from /home/ubuntu/redfin_venv/lib/python3.12/site-packages/airflow/example_dags/example_dag_decorator.py
[2025-03-06T01:11:24.070+0000] {processor.py:925} INFO - DAG(s) 'example_dag_decorator' retrieved from /home/ubuntu/redfin_venv/lib/python3.12/site-packages/airflow/example_dags/example_dag_decorator.py
[2025-03-06T01:11:24.104+0000] {logging_mixin.py:190} INFO - [2025-03-06T01:11:24.104+0000] {dag.py:3239} INFO - Sync 1 DAGs
[2025-03-06T01:11:24.126+0000] {logging_mixin.py:190} INFO - [2025-03-06T01:11:24.126+0000] {dag.py:4180} INFO - Setting next_dagrun for example_dag_decorator to None, run_after=None
[2025-03-06T01:11:24.156+0000] {processor.py:208} INFO - Processing /home/ubuntu/redfin_venv/lib/python3.12/site-packages/airflow/example_dags/example_dag_decorator.py took 0.175 seconds
[2025-03-06T01:12:29.200+0000] {processor.py:186} INFO - Started process (PID=7151) to work on /home/ubuntu/redfin_venv/lib/python3.12/site-packages/airflow/example_dags/example_dag_decorator.py
[2025-03-06T01:12:29.202+0000] {processor.py:914} INFO - Processing file /home/ubuntu/redfin_venv/lib/python3.12/site-packages/airflow/example_dags/example_dag_decorator.py for tasks to queue
[2025-03-06T01:12:29.204+0000] {logging_mixin.py:190} INFO - [2025-03-06T01:12:29.204+0000] {dagbag.py:588} INFO - Filling up the DagBag from /home/ubuntu/redfin_venv/lib/python3.12/site-packages/airflow/example_dags/example_dag_decorator.py
[2025-03-06T01:12:29.244+0000] {processor.py:925} INFO - DAG(s) 'example_dag_decorator' retrieved from /home/ubuntu/redfin_venv/lib/python3.12/site-packages/airflow/example_dags/example_dag_decorator.py
[2025-03-06T01:12:29.344+0000] {logging_mixin.py:190} INFO - [2025-03-06T01:12:29.344+0000] {dag.py:3239} INFO - Sync 1 DAGs
[2025-03-06T01:12:29.355+0000] {logging_mixin.py:190} INFO - [2025-03-06T01:12:29.354+0000] {dag.py:4180} INFO - Setting next_dagrun for example_dag_decorator to None, run_after=None
[2025-03-06T01:12:29.379+0000] {processor.py:208} INFO - Processing /home/ubuntu/redfin_venv/lib/python3.12/site-packages/airflow/example_dags/example_dag_decorator.py took 0.185 seconds
[2025-03-06T01:13:31.217+0000] {processor.py:186} INFO - Started process (PID=7333) to work on /home/ubuntu/redfin_venv/lib/python3.12/site-packages/airflow/example_dags/example_dag_decorator.py
[2025-03-06T01:13:31.219+0000] {processor.py:914} INFO - Processing file /home/ubuntu/redfin_venv/lib/python3.12/site-packages/airflow/example_dags/example_dag_decorator.py for tasks to queue
[2025-03-06T01:13:31.223+0000] {logging_mixin.py:190} INFO - [2025-03-06T01:13:31.222+0000] {dagbag.py:588} INFO - Filling up the DagBag from /home/ubuntu/redfin_venv/lib/python3.12/site-packages/airflow/example_dags/example_dag_decorator.py
[2025-03-06T01:13:31.275+0000] {processor.py:925} INFO - DAG(s) 'example_dag_decorator' retrieved from /home/ubuntu/redfin_venv/lib/python3.12/site-packages/airflow/example_dags/example_dag_decorator.py
[2025-03-06T01:13:31.424+0000] {logging_mixin.py:190} INFO - [2025-03-06T01:13:31.424+0000] {dag.py:3239} INFO - Sync 1 DAGs
[2025-03-06T01:13:31.440+0000] {logging_mixin.py:190} INFO - [2025-03-06T01:13:31.440+0000] {dag.py:4180} INFO - Setting next_dagrun for example_dag_decorator to None, run_after=None
[2025-03-06T01:13:31.469+0000] {processor.py:208} INFO - Processing /home/ubuntu/redfin_venv/lib/python3.12/site-packages/airflow/example_dags/example_dag_decorator.py took 0.259 seconds
[2025-03-06T01:14:32.797+0000] {processor.py:186} INFO - Started process (PID=7453) to work on /home/ubuntu/redfin_venv/lib/python3.12/site-packages/airflow/example_dags/example_dag_decorator.py
[2025-03-06T01:14:32.799+0000] {processor.py:914} INFO - Processing file /home/ubuntu/redfin_venv/lib/python3.12/site-packages/airflow/example_dags/example_dag_decorator.py for tasks to queue
[2025-03-06T01:14:32.803+0000] {logging_mixin.py:190} INFO - [2025-03-06T01:14:32.802+0000] {dagbag.py:588} INFO - Filling up the DagBag from /home/ubuntu/redfin_venv/lib/python3.12/site-packages/airflow/example_dags/example_dag_decorator.py
[2025-03-06T01:14:32.889+0000] {processor.py:925} INFO - DAG(s) 'example_dag_decorator' retrieved from /home/ubuntu/redfin_venv/lib/python3.12/site-packages/airflow/example_dags/example_dag_decorator.py
[2025-03-06T01:14:33.032+0000] {logging_mixin.py:190} INFO - [2025-03-06T01:14:33.032+0000] {dag.py:3239} INFO - Sync 1 DAGs
[2025-03-06T01:14:33.043+0000] {logging_mixin.py:190} INFO - [2025-03-06T01:14:33.042+0000] {dag.py:4180} INFO - Setting next_dagrun for example_dag_decorator to None, run_after=None
[2025-03-06T01:14:33.068+0000] {processor.py:208} INFO - Processing /home/ubuntu/redfin_venv/lib/python3.12/site-packages/airflow/example_dags/example_dag_decorator.py took 0.293 seconds
[2025-03-06T01:15:34.137+0000] {processor.py:186} INFO - Started process (PID=7755) to work on /home/ubuntu/redfin_venv/lib/python3.12/site-packages/airflow/example_dags/example_dag_decorator.py
[2025-03-06T01:15:34.139+0000] {processor.py:914} INFO - Processing file /home/ubuntu/redfin_venv/lib/python3.12/site-packages/airflow/example_dags/example_dag_decorator.py for tasks to queue
[2025-03-06T01:15:34.141+0000] {logging_mixin.py:190} INFO - [2025-03-06T01:15:34.141+0000] {dagbag.py:588} INFO - Filling up the DagBag from /home/ubuntu/redfin_venv/lib/python3.12/site-packages/airflow/example_dags/example_dag_decorator.py
[2025-03-06T01:15:34.208+0000] {processor.py:925} INFO - DAG(s) 'example_dag_decorator' retrieved from /home/ubuntu/redfin_venv/lib/python3.12/site-packages/airflow/example_dags/example_dag_decorator.py
[2025-03-06T01:15:34.373+0000] {logging_mixin.py:190} INFO - [2025-03-06T01:15:34.373+0000] {dag.py:3239} INFO - Sync 1 DAGs
[2025-03-06T01:15:34.400+0000] {logging_mixin.py:190} INFO - [2025-03-06T01:15:34.400+0000] {dag.py:4180} INFO - Setting next_dagrun for example_dag_decorator to None, run_after=None
[2025-03-06T01:15:34.436+0000] {processor.py:208} INFO - Processing /home/ubuntu/redfin_venv/lib/python3.12/site-packages/airflow/example_dags/example_dag_decorator.py took 0.309 seconds
[2025-03-06T01:16:36.638+0000] {processor.py:186} INFO - Started process (PID=7875) to work on /home/ubuntu/redfin_venv/lib/python3.12/site-packages/airflow/example_dags/example_dag_decorator.py
[2025-03-06T01:16:36.640+0000] {processor.py:914} INFO - Processing file /home/ubuntu/redfin_venv/lib/python3.12/site-packages/airflow/example_dags/example_dag_decorator.py for tasks to queue
[2025-03-06T01:16:36.642+0000] {logging_mixin.py:190} INFO - [2025-03-06T01:16:36.642+0000] {dagbag.py:588} INFO - Filling up the DagBag from /home/ubuntu/redfin_venv/lib/python3.12/site-packages/airflow/example_dags/example_dag_decorator.py
[2025-03-06T01:16:36.693+0000] {processor.py:925} INFO - DAG(s) 'example_dag_decorator' retrieved from /home/ubuntu/redfin_venv/lib/python3.12/site-packages/airflow/example_dags/example_dag_decorator.py
[2025-03-06T01:16:36.832+0000] {logging_mixin.py:190} INFO - [2025-03-06T01:16:36.832+0000] {dag.py:3239} INFO - Sync 1 DAGs
[2025-03-06T01:16:36.851+0000] {logging_mixin.py:190} INFO - [2025-03-06T01:16:36.850+0000] {dag.py:4180} INFO - Setting next_dagrun for example_dag_decorator to None, run_after=None
[2025-03-06T01:16:36.882+0000] {processor.py:208} INFO - Processing /home/ubuntu/redfin_venv/lib/python3.12/site-packages/airflow/example_dags/example_dag_decorator.py took 0.252 seconds
[2025-03-06T01:17:37.922+0000] {processor.py:186} INFO - Started process (PID=8157) to work on /home/ubuntu/redfin_venv/lib/python3.12/site-packages/airflow/example_dags/example_dag_decorator.py
[2025-03-06T01:17:37.923+0000] {processor.py:914} INFO - Processing file /home/ubuntu/redfin_venv/lib/python3.12/site-packages/airflow/example_dags/example_dag_decorator.py for tasks to queue
[2025-03-06T01:17:37.925+0000] {logging_mixin.py:190} INFO - [2025-03-06T01:17:37.925+0000] {dagbag.py:588} INFO - Filling up the DagBag from /home/ubuntu/redfin_venv/lib/python3.12/site-packages/airflow/example_dags/example_dag_decorator.py
[2025-03-06T01:17:37.990+0000] {processor.py:925} INFO - DAG(s) 'example_dag_decorator' retrieved from /home/ubuntu/redfin_venv/lib/python3.12/site-packages/airflow/example_dags/example_dag_decorator.py
[2025-03-06T01:17:38.013+0000] {logging_mixin.py:190} INFO - [2025-03-06T01:17:38.012+0000] {dag.py:3239} INFO - Sync 1 DAGs
[2025-03-06T01:17:38.027+0000] {logging_mixin.py:190} INFO - [2025-03-06T01:17:38.027+0000] {dag.py:4180} INFO - Setting next_dagrun for example_dag_decorator to None, run_after=None
[2025-03-06T01:17:38.056+0000] {processor.py:208} INFO - Processing /home/ubuntu/redfin_venv/lib/python3.12/site-packages/airflow/example_dags/example_dag_decorator.py took 0.141 seconds
[2025-03-06T01:18:37.138+0000] {processor.py:186} INFO - Started process (PID=8396) to work on /home/ubuntu/redfin_venv/lib/python3.12/site-packages/airflow/example_dags/example_dag_decorator.py
[2025-03-06T01:18:37.142+0000] {processor.py:914} INFO - Processing file /home/ubuntu/redfin_venv/lib/python3.12/site-packages/airflow/example_dags/example_dag_decorator.py for tasks to queue
[2025-03-06T01:18:37.146+0000] {logging_mixin.py:190} INFO - [2025-03-06T01:18:37.146+0000] {dagbag.py:588} INFO - Filling up the DagBag from /home/ubuntu/redfin_venv/lib/python3.12/site-packages/airflow/example_dags/example_dag_decorator.py
[2025-03-06T01:18:37.233+0000] {processor.py:925} INFO - DAG(s) 'example_dag_decorator' retrieved from /home/ubuntu/redfin_venv/lib/python3.12/site-packages/airflow/example_dags/example_dag_decorator.py
[2025-03-06T01:18:37.379+0000] {logging_mixin.py:190} INFO - [2025-03-06T01:18:37.379+0000] {dag.py:3239} INFO - Sync 1 DAGs
[2025-03-06T01:18:37.391+0000] {logging_mixin.py:190} INFO - [2025-03-06T01:18:37.391+0000] {dag.py:4180} INFO - Setting next_dagrun for example_dag_decorator to None, run_after=None
[2025-03-06T01:18:37.416+0000] {processor.py:208} INFO - Processing /home/ubuntu/redfin_venv/lib/python3.12/site-packages/airflow/example_dags/example_dag_decorator.py took 0.288 seconds
[2025-03-06T01:19:45.739+0000] {processor.py:186} INFO - Started process (PID=8577) to work on /home/ubuntu/redfin_venv/lib/python3.12/site-packages/airflow/example_dags/example_dag_decorator.py
[2025-03-06T01:19:45.741+0000] {processor.py:914} INFO - Processing file /home/ubuntu/redfin_venv/lib/python3.12/site-packages/airflow/example_dags/example_dag_decorator.py for tasks to queue
[2025-03-06T01:19:45.744+0000] {logging_mixin.py:190} INFO - [2025-03-06T01:19:45.743+0000] {dagbag.py:588} INFO - Filling up the DagBag from /home/ubuntu/redfin_venv/lib/python3.12/site-packages/airflow/example_dags/example_dag_decorator.py
[2025-03-06T01:19:45.786+0000] {processor.py:925} INFO - DAG(s) 'example_dag_decorator' retrieved from /home/ubuntu/redfin_venv/lib/python3.12/site-packages/airflow/example_dags/example_dag_decorator.py
[2025-03-06T01:19:45.890+0000] {logging_mixin.py:190} INFO - [2025-03-06T01:19:45.890+0000] {dag.py:3239} INFO - Sync 1 DAGs
[2025-03-06T01:19:45.903+0000] {logging_mixin.py:190} INFO - [2025-03-06T01:19:45.902+0000] {dag.py:4180} INFO - Setting next_dagrun for example_dag_decorator to None, run_after=None
[2025-03-06T01:19:45.927+0000] {processor.py:208} INFO - Processing /home/ubuntu/redfin_venv/lib/python3.12/site-packages/airflow/example_dags/example_dag_decorator.py took 0.197 seconds
