[2025-03-06T00:59:08.339+0000] {processor.py:186} INFO - Started process (PID=3844) to work on /home/ubuntu/redfin_venv/lib/python3.12/site-packages/airflow/example_dags/example_branch_python_dop_operator_3.py
[2025-03-06T00:59:08.340+0000] {processor.py:914} INFO - Processing file /home/ubuntu/redfin_venv/lib/python3.12/site-packages/airflow/example_dags/example_branch_python_dop_operator_3.py for tasks to queue
[2025-03-06T00:59:08.345+0000] {logging_mixin.py:190} INFO - [2025-03-06T00:59:08.343+0000] {dagbag.py:588} INFO - Filling up the DagBag from /home/ubuntu/redfin_venv/lib/python3.12/site-packages/airflow/example_dags/example_branch_python_dop_operator_3.py
[2025-03-06T00:59:08.368+0000] {processor.py:925} INFO - DAG(s) 'example_branch_dop_operator_v3' retrieved from /home/ubuntu/redfin_venv/lib/python3.12/site-packages/airflow/example_dags/example_branch_python_dop_operator_3.py
[2025-03-06T00:59:08.398+0000] {logging_mixin.py:190} INFO - [2025-03-06T00:59:08.397+0000] {dag.py:3239} INFO - Sync 1 DAGs
[2025-03-06T00:59:08.422+0000] {logging_mixin.py:190} INFO - [2025-03-06T00:59:08.422+0000] {dag.py:4180} INFO - Setting next_dagrun for example_branch_dop_operator_v3 to 2025-03-06 00:58:00+00:00, run_after=2025-03-06 00:59:00+00:00
[2025-03-06T00:59:08.451+0000] {processor.py:208} INFO - Processing /home/ubuntu/redfin_venv/lib/python3.12/site-packages/airflow/example_dags/example_branch_python_dop_operator_3.py took 0.121 seconds
[2025-03-06T01:00:06.914+0000] {processor.py:186} INFO - Started process (PID=4207) to work on /home/ubuntu/redfin_venv/lib/python3.12/site-packages/airflow/example_dags/example_branch_python_dop_operator_3.py
[2025-03-06T01:00:06.918+0000] {processor.py:914} INFO - Processing file /home/ubuntu/redfin_venv/lib/python3.12/site-packages/airflow/example_dags/example_branch_python_dop_operator_3.py for tasks to queue
[2025-03-06T01:00:06.924+0000] {logging_mixin.py:190} INFO - [2025-03-06T01:00:06.924+0000] {dagbag.py:588} INFO - Filling up the DagBag from /home/ubuntu/redfin_venv/lib/python3.12/site-packages/airflow/example_dags/example_branch_python_dop_operator_3.py
[2025-03-06T01:00:06.947+0000] {processor.py:925} INFO - DAG(s) 'example_branch_dop_operator_v3' retrieved from /home/ubuntu/redfin_venv/lib/python3.12/site-packages/airflow/example_dags/example_branch_python_dop_operator_3.py
[2025-03-06T01:00:06.973+0000] {logging_mixin.py:190} INFO - [2025-03-06T01:00:06.972+0000] {dag.py:3239} INFO - Sync 1 DAGs
[2025-03-06T01:00:07.001+0000] {logging_mixin.py:190} INFO - [2025-03-06T01:00:07.000+0000] {dag.py:4180} INFO - Setting next_dagrun for example_branch_dop_operator_v3 to 2025-03-06 00:59:00+00:00, run_after=2025-03-06 01:00:00+00:00
[2025-03-06T01:00:07.027+0000] {processor.py:208} INFO - Processing /home/ubuntu/redfin_venv/lib/python3.12/site-packages/airflow/example_dags/example_branch_python_dop_operator_3.py took 0.125 seconds
[2025-03-06T01:01:08.310+0000] {processor.py:186} INFO - Started process (PID=4806) to work on /home/ubuntu/redfin_venv/lib/python3.12/site-packages/airflow/example_dags/example_branch_python_dop_operator_3.py
[2025-03-06T01:01:08.312+0000] {processor.py:914} INFO - Processing file /home/ubuntu/redfin_venv/lib/python3.12/site-packages/airflow/example_dags/example_branch_python_dop_operator_3.py for tasks to queue
[2025-03-06T01:01:08.317+0000] {logging_mixin.py:190} INFO - [2025-03-06T01:01:08.316+0000] {dagbag.py:588} INFO - Filling up the DagBag from /home/ubuntu/redfin_venv/lib/python3.12/site-packages/airflow/example_dags/example_branch_python_dop_operator_3.py
[2025-03-06T01:01:08.330+0000] {processor.py:925} INFO - DAG(s) 'example_branch_dop_operator_v3' retrieved from /home/ubuntu/redfin_venv/lib/python3.12/site-packages/airflow/example_dags/example_branch_python_dop_operator_3.py
[2025-03-06T01:01:08.354+0000] {logging_mixin.py:190} INFO - [2025-03-06T01:01:08.354+0000] {dag.py:3239} INFO - Sync 1 DAGs
[2025-03-06T01:01:08.377+0000] {logging_mixin.py:190} INFO - [2025-03-06T01:01:08.377+0000] {dag.py:4180} INFO - Setting next_dagrun for example_branch_dop_operator_v3 to 2025-03-06 01:00:00+00:00, run_after=2025-03-06 01:01:00+00:00
[2025-03-06T01:01:08.402+0000] {processor.py:208} INFO - Processing /home/ubuntu/redfin_venv/lib/python3.12/site-packages/airflow/example_dags/example_branch_python_dop_operator_3.py took 0.099 seconds
[2025-03-06T01:02:11.826+0000] {processor.py:186} INFO - Started process (PID=5061) to work on /home/ubuntu/redfin_venv/lib/python3.12/site-packages/airflow/example_dags/example_branch_python_dop_operator_3.py
[2025-03-06T01:02:11.828+0000] {processor.py:914} INFO - Processing file /home/ubuntu/redfin_venv/lib/python3.12/site-packages/airflow/example_dags/example_branch_python_dop_operator_3.py for tasks to queue
[2025-03-06T01:02:11.832+0000] {logging_mixin.py:190} INFO - [2025-03-06T01:02:11.831+0000] {dagbag.py:588} INFO - Filling up the DagBag from /home/ubuntu/redfin_venv/lib/python3.12/site-packages/airflow/example_dags/example_branch_python_dop_operator_3.py
[2025-03-06T01:02:11.849+0000] {processor.py:925} INFO - DAG(s) 'example_branch_dop_operator_v3' retrieved from /home/ubuntu/redfin_venv/lib/python3.12/site-packages/airflow/example_dags/example_branch_python_dop_operator_3.py
[2025-03-06T01:02:11.870+0000] {logging_mixin.py:190} INFO - [2025-03-06T01:02:11.870+0000] {dag.py:3239} INFO - Sync 1 DAGs
[2025-03-06T01:02:11.911+0000] {logging_mixin.py:190} INFO - [2025-03-06T01:02:11.910+0000] {dag.py:4180} INFO - Setting next_dagrun for example_branch_dop_operator_v3 to 2025-03-06 01:01:00+00:00, run_after=2025-03-06 01:02:00+00:00
[2025-03-06T01:02:11.940+0000] {processor.py:208} INFO - Processing /home/ubuntu/redfin_venv/lib/python3.12/site-packages/airflow/example_dags/example_branch_python_dop_operator_3.py took 0.124 seconds
[2025-03-06T01:03:11.050+0000] {processor.py:186} INFO - Started process (PID=5290) to work on /home/ubuntu/redfin_venv/lib/python3.12/site-packages/airflow/example_dags/example_branch_python_dop_operator_3.py
[2025-03-06T01:03:11.051+0000] {processor.py:914} INFO - Processing file /home/ubuntu/redfin_venv/lib/python3.12/site-packages/airflow/example_dags/example_branch_python_dop_operator_3.py for tasks to queue
[2025-03-06T01:03:11.054+0000] {logging_mixin.py:190} INFO - [2025-03-06T01:03:11.053+0000] {dagbag.py:588} INFO - Filling up the DagBag from /home/ubuntu/redfin_venv/lib/python3.12/site-packages/airflow/example_dags/example_branch_python_dop_operator_3.py
[2025-03-06T01:03:11.068+0000] {processor.py:925} INFO - DAG(s) 'example_branch_dop_operator_v3' retrieved from /home/ubuntu/redfin_venv/lib/python3.12/site-packages/airflow/example_dags/example_branch_python_dop_operator_3.py
[2025-03-06T01:03:11.088+0000] {logging_mixin.py:190} INFO - [2025-03-06T01:03:11.087+0000] {dag.py:3239} INFO - Sync 1 DAGs
[2025-03-06T01:03:11.112+0000] {logging_mixin.py:190} INFO - [2025-03-06T01:03:11.112+0000] {dag.py:4180} INFO - Setting next_dagrun for example_branch_dop_operator_v3 to 2025-03-06 01:02:00+00:00, run_after=2025-03-06 01:03:00+00:00
[2025-03-06T01:03:11.138+0000] {processor.py:208} INFO - Processing /home/ubuntu/redfin_venv/lib/python3.12/site-packages/airflow/example_dags/example_branch_python_dop_operator_3.py took 0.094 seconds
[2025-03-06T01:04:10.637+0000] {processor.py:186} INFO - Started process (PID=5408) to work on /home/ubuntu/redfin_venv/lib/python3.12/site-packages/airflow/example_dags/example_branch_python_dop_operator_3.py
[2025-03-06T01:04:10.639+0000] {processor.py:914} INFO - Processing file /home/ubuntu/redfin_venv/lib/python3.12/site-packages/airflow/example_dags/example_branch_python_dop_operator_3.py for tasks to queue
[2025-03-06T01:04:10.641+0000] {logging_mixin.py:190} INFO - [2025-03-06T01:04:10.641+0000] {dagbag.py:588} INFO - Filling up the DagBag from /home/ubuntu/redfin_venv/lib/python3.12/site-packages/airflow/example_dags/example_branch_python_dop_operator_3.py
[2025-03-06T01:04:10.653+0000] {processor.py:925} INFO - DAG(s) 'example_branch_dop_operator_v3' retrieved from /home/ubuntu/redfin_venv/lib/python3.12/site-packages/airflow/example_dags/example_branch_python_dop_operator_3.py
[2025-03-06T01:04:10.683+0000] {logging_mixin.py:190} INFO - [2025-03-06T01:04:10.682+0000] {dag.py:3239} INFO - Sync 1 DAGs
[2025-03-06T01:04:10.708+0000] {logging_mixin.py:190} INFO - [2025-03-06T01:04:10.708+0000] {dag.py:4180} INFO - Setting next_dagrun for example_branch_dop_operator_v3 to 2025-03-06 01:03:00+00:00, run_after=2025-03-06 01:04:00+00:00
[2025-03-06T01:04:10.750+0000] {processor.py:208} INFO - Processing /home/ubuntu/redfin_venv/lib/python3.12/site-packages/airflow/example_dags/example_branch_python_dop_operator_3.py took 0.119 seconds
[2025-03-06T01:05:15.264+0000] {processor.py:186} INFO - Started process (PID=5557) to work on /home/ubuntu/redfin_venv/lib/python3.12/site-packages/airflow/example_dags/example_branch_python_dop_operator_3.py
[2025-03-06T01:05:15.265+0000] {processor.py:914} INFO - Processing file /home/ubuntu/redfin_venv/lib/python3.12/site-packages/airflow/example_dags/example_branch_python_dop_operator_3.py for tasks to queue
[2025-03-06T01:05:15.269+0000] {logging_mixin.py:190} INFO - [2025-03-06T01:05:15.268+0000] {dagbag.py:588} INFO - Filling up the DagBag from /home/ubuntu/redfin_venv/lib/python3.12/site-packages/airflow/example_dags/example_branch_python_dop_operator_3.py
[2025-03-06T01:05:15.284+0000] {processor.py:925} INFO - DAG(s) 'example_branch_dop_operator_v3' retrieved from /home/ubuntu/redfin_venv/lib/python3.12/site-packages/airflow/example_dags/example_branch_python_dop_operator_3.py
[2025-03-06T01:05:15.304+0000] {logging_mixin.py:190} INFO - [2025-03-06T01:05:15.303+0000] {dag.py:3239} INFO - Sync 1 DAGs
[2025-03-06T01:05:15.330+0000] {logging_mixin.py:190} INFO - [2025-03-06T01:05:15.330+0000] {dag.py:4180} INFO - Setting next_dagrun for example_branch_dop_operator_v3 to 2025-03-06 01:04:00+00:00, run_after=2025-03-06 01:05:00+00:00
[2025-03-06T01:05:15.359+0000] {processor.py:208} INFO - Processing /home/ubuntu/redfin_venv/lib/python3.12/site-packages/airflow/example_dags/example_branch_python_dop_operator_3.py took 0.102 seconds
[2025-03-06T01:06:18.882+0000] {processor.py:186} INFO - Started process (PID=5773) to work on /home/ubuntu/redfin_venv/lib/python3.12/site-packages/airflow/example_dags/example_branch_python_dop_operator_3.py
[2025-03-06T01:06:18.884+0000] {processor.py:914} INFO - Processing file /home/ubuntu/redfin_venv/lib/python3.12/site-packages/airflow/example_dags/example_branch_python_dop_operator_3.py for tasks to queue
[2025-03-06T01:06:18.887+0000] {logging_mixin.py:190} INFO - [2025-03-06T01:06:18.886+0000] {dagbag.py:588} INFO - Filling up the DagBag from /home/ubuntu/redfin_venv/lib/python3.12/site-packages/airflow/example_dags/example_branch_python_dop_operator_3.py
[2025-03-06T01:06:18.904+0000] {processor.py:925} INFO - DAG(s) 'example_branch_dop_operator_v3' retrieved from /home/ubuntu/redfin_venv/lib/python3.12/site-packages/airflow/example_dags/example_branch_python_dop_operator_3.py
[2025-03-06T01:06:18.928+0000] {logging_mixin.py:190} INFO - [2025-03-06T01:06:18.928+0000] {dag.py:3239} INFO - Sync 1 DAGs
[2025-03-06T01:06:18.972+0000] {logging_mixin.py:190} INFO - [2025-03-06T01:06:18.972+0000] {dag.py:4180} INFO - Setting next_dagrun for example_branch_dop_operator_v3 to 2025-03-06 01:05:00+00:00, run_after=2025-03-06 01:06:00+00:00
[2025-03-06T01:06:19.016+0000] {processor.py:208} INFO - Processing /home/ubuntu/redfin_venv/lib/python3.12/site-packages/airflow/example_dags/example_branch_python_dop_operator_3.py took 0.145 seconds
[2025-03-06T01:07:23.253+0000] {processor.py:186} INFO - Started process (PID=6196) to work on /home/ubuntu/redfin_venv/lib/python3.12/site-packages/airflow/example_dags/example_branch_python_dop_operator_3.py
[2025-03-06T01:07:23.255+0000] {processor.py:914} INFO - Processing file /home/ubuntu/redfin_venv/lib/python3.12/site-packages/airflow/example_dags/example_branch_python_dop_operator_3.py for tasks to queue
[2025-03-06T01:07:23.258+0000] {logging_mixin.py:190} INFO - [2025-03-06T01:07:23.257+0000] {dagbag.py:588} INFO - Filling up the DagBag from /home/ubuntu/redfin_venv/lib/python3.12/site-packages/airflow/example_dags/example_branch_python_dop_operator_3.py
[2025-03-06T01:07:23.274+0000] {processor.py:925} INFO - DAG(s) 'example_branch_dop_operator_v3' retrieved from /home/ubuntu/redfin_venv/lib/python3.12/site-packages/airflow/example_dags/example_branch_python_dop_operator_3.py
[2025-03-06T01:07:23.294+0000] {logging_mixin.py:190} INFO - [2025-03-06T01:07:23.293+0000] {dag.py:3239} INFO - Sync 1 DAGs
[2025-03-06T01:07:23.320+0000] {logging_mixin.py:190} INFO - [2025-03-06T01:07:23.320+0000] {dag.py:4180} INFO - Setting next_dagrun for example_branch_dop_operator_v3 to 2025-03-06 01:06:00+00:00, run_after=2025-03-06 01:07:00+00:00
[2025-03-06T01:07:23.354+0000] {processor.py:208} INFO - Processing /home/ubuntu/redfin_venv/lib/python3.12/site-packages/airflow/example_dags/example_branch_python_dop_operator_3.py took 0.113 seconds
[2025-03-06T01:08:24.207+0000] {processor.py:186} INFO - Started process (PID=6495) to work on /home/ubuntu/redfin_venv/lib/python3.12/site-packages/airflow/example_dags/example_branch_python_dop_operator_3.py
[2025-03-06T01:08:24.214+0000] {processor.py:914} INFO - Processing file /home/ubuntu/redfin_venv/lib/python3.12/site-packages/airflow/example_dags/example_branch_python_dop_operator_3.py for tasks to queue
[2025-03-06T01:08:24.220+0000] {logging_mixin.py:190} INFO - [2025-03-06T01:08:24.219+0000] {dagbag.py:588} INFO - Filling up the DagBag from /home/ubuntu/redfin_venv/lib/python3.12/site-packages/airflow/example_dags/example_branch_python_dop_operator_3.py
[2025-03-06T01:08:24.241+0000] {processor.py:925} INFO - DAG(s) 'example_branch_dop_operator_v3' retrieved from /home/ubuntu/redfin_venv/lib/python3.12/site-packages/airflow/example_dags/example_branch_python_dop_operator_3.py
[2025-03-06T01:08:24.265+0000] {logging_mixin.py:190} INFO - [2025-03-06T01:08:24.265+0000] {dag.py:3239} INFO - Sync 1 DAGs
[2025-03-06T01:08:24.320+0000] {logging_mixin.py:190} INFO - [2025-03-06T01:08:24.320+0000] {dag.py:4180} INFO - Setting next_dagrun for example_branch_dop_operator_v3 to 2025-03-06 01:07:00+00:00, run_after=2025-03-06 01:08:00+00:00
[2025-03-06T01:08:24.359+0000] {processor.py:208} INFO - Processing /home/ubuntu/redfin_venv/lib/python3.12/site-packages/airflow/example_dags/example_branch_python_dop_operator_3.py took 0.172 seconds
[2025-03-06T01:09:25.482+0000] {processor.py:186} INFO - Started process (PID=6794) to work on /home/ubuntu/redfin_venv/lib/python3.12/site-packages/airflow/example_dags/example_branch_python_dop_operator_3.py
[2025-03-06T01:09:25.483+0000] {processor.py:914} INFO - Processing file /home/ubuntu/redfin_venv/lib/python3.12/site-packages/airflow/example_dags/example_branch_python_dop_operator_3.py for tasks to queue
[2025-03-06T01:09:25.486+0000] {logging_mixin.py:190} INFO - [2025-03-06T01:09:25.485+0000] {dagbag.py:588} INFO - Filling up the DagBag from /home/ubuntu/redfin_venv/lib/python3.12/site-packages/airflow/example_dags/example_branch_python_dop_operator_3.py
[2025-03-06T01:09:25.499+0000] {processor.py:925} INFO - DAG(s) 'example_branch_dop_operator_v3' retrieved from /home/ubuntu/redfin_venv/lib/python3.12/site-packages/airflow/example_dags/example_branch_python_dop_operator_3.py
[2025-03-06T01:09:25.524+0000] {logging_mixin.py:190} INFO - [2025-03-06T01:09:25.524+0000] {dag.py:3239} INFO - Sync 1 DAGs
[2025-03-06T01:09:25.551+0000] {logging_mixin.py:190} INFO - [2025-03-06T01:09:25.550+0000] {dag.py:4180} INFO - Setting next_dagrun for example_branch_dop_operator_v3 to 2025-03-06 01:08:00+00:00, run_after=2025-03-06 01:09:00+00:00
[2025-03-06T01:09:25.576+0000] {processor.py:208} INFO - Processing /home/ubuntu/redfin_venv/lib/python3.12/site-packages/airflow/example_dags/example_branch_python_dop_operator_3.py took 0.101 seconds
[2025-03-06T01:10:28.223+0000] {processor.py:186} INFO - Started process (PID=6918) to work on /home/ubuntu/redfin_venv/lib/python3.12/site-packages/airflow/example_dags/example_branch_python_dop_operator_3.py
[2025-03-06T01:10:28.225+0000] {processor.py:914} INFO - Processing file /home/ubuntu/redfin_venv/lib/python3.12/site-packages/airflow/example_dags/example_branch_python_dop_operator_3.py for tasks to queue
[2025-03-06T01:10:28.228+0000] {logging_mixin.py:190} INFO - [2025-03-06T01:10:28.227+0000] {dagbag.py:588} INFO - Filling up the DagBag from /home/ubuntu/redfin_venv/lib/python3.12/site-packages/airflow/example_dags/example_branch_python_dop_operator_3.py
[2025-03-06T01:10:28.240+0000] {processor.py:925} INFO - DAG(s) 'example_branch_dop_operator_v3' retrieved from /home/ubuntu/redfin_venv/lib/python3.12/site-packages/airflow/example_dags/example_branch_python_dop_operator_3.py
[2025-03-06T01:10:28.260+0000] {logging_mixin.py:190} INFO - [2025-03-06T01:10:28.260+0000] {dag.py:3239} INFO - Sync 1 DAGs
[2025-03-06T01:10:28.287+0000] {logging_mixin.py:190} INFO - [2025-03-06T01:10:28.287+0000] {dag.py:4180} INFO - Setting next_dagrun for example_branch_dop_operator_v3 to 2025-03-06 01:09:00+00:00, run_after=2025-03-06 01:10:00+00:00
[2025-03-06T01:10:28.321+0000] {processor.py:208} INFO - Processing /home/ubuntu/redfin_venv/lib/python3.12/site-packages/airflow/example_dags/example_branch_python_dop_operator_3.py took 0.104 seconds
[2025-03-06T01:11:29.562+0000] {processor.py:186} INFO - Started process (PID=7037) to work on /home/ubuntu/redfin_venv/lib/python3.12/site-packages/airflow/example_dags/example_branch_python_dop_operator_3.py
[2025-03-06T01:11:29.567+0000] {processor.py:914} INFO - Processing file /home/ubuntu/redfin_venv/lib/python3.12/site-packages/airflow/example_dags/example_branch_python_dop_operator_3.py for tasks to queue
[2025-03-06T01:11:29.570+0000] {logging_mixin.py:190} INFO - [2025-03-06T01:11:29.569+0000] {dagbag.py:588} INFO - Filling up the DagBag from /home/ubuntu/redfin_venv/lib/python3.12/site-packages/airflow/example_dags/example_branch_python_dop_operator_3.py
[2025-03-06T01:11:29.586+0000] {processor.py:925} INFO - DAG(s) 'example_branch_dop_operator_v3' retrieved from /home/ubuntu/redfin_venv/lib/python3.12/site-packages/airflow/example_dags/example_branch_python_dop_operator_3.py
[2025-03-06T01:11:29.609+0000] {logging_mixin.py:190} INFO - [2025-03-06T01:11:29.609+0000] {dag.py:3239} INFO - Sync 1 DAGs
[2025-03-06T01:11:29.638+0000] {logging_mixin.py:190} INFO - [2025-03-06T01:11:29.638+0000] {dag.py:4180} INFO - Setting next_dagrun for example_branch_dop_operator_v3 to 2025-03-06 01:10:00+00:00, run_after=2025-03-06 01:11:00+00:00
[2025-03-06T01:11:29.664+0000] {processor.py:208} INFO - Processing /home/ubuntu/redfin_venv/lib/python3.12/site-packages/airflow/example_dags/example_branch_python_dop_operator_3.py took 0.109 seconds
[2025-03-06T01:12:36.595+0000] {processor.py:186} INFO - Started process (PID=7158) to work on /home/ubuntu/redfin_venv/lib/python3.12/site-packages/airflow/example_dags/example_branch_python_dop_operator_3.py
[2025-03-06T01:12:36.596+0000] {processor.py:914} INFO - Processing file /home/ubuntu/redfin_venv/lib/python3.12/site-packages/airflow/example_dags/example_branch_python_dop_operator_3.py for tasks to queue
[2025-03-06T01:12:36.599+0000] {logging_mixin.py:190} INFO - [2025-03-06T01:12:36.598+0000] {dagbag.py:588} INFO - Filling up the DagBag from /home/ubuntu/redfin_venv/lib/python3.12/site-packages/airflow/example_dags/example_branch_python_dop_operator_3.py
[2025-03-06T01:12:36.613+0000] {processor.py:925} INFO - DAG(s) 'example_branch_dop_operator_v3' retrieved from /home/ubuntu/redfin_venv/lib/python3.12/site-packages/airflow/example_dags/example_branch_python_dop_operator_3.py
[2025-03-06T01:12:36.631+0000] {logging_mixin.py:190} INFO - [2025-03-06T01:12:36.630+0000] {dag.py:3239} INFO - Sync 1 DAGs
[2025-03-06T01:12:36.656+0000] {logging_mixin.py:190} INFO - [2025-03-06T01:12:36.656+0000] {dag.py:4180} INFO - Setting next_dagrun for example_branch_dop_operator_v3 to 2025-03-06 01:11:00+00:00, run_after=2025-03-06 01:12:00+00:00
[2025-03-06T01:12:36.681+0000] {processor.py:208} INFO - Processing /home/ubuntu/redfin_venv/lib/python3.12/site-packages/airflow/example_dags/example_branch_python_dop_operator_3.py took 0.097 seconds
[2025-03-06T01:13:37.548+0000] {processor.py:186} INFO - Started process (PID=7339) to work on /home/ubuntu/redfin_venv/lib/python3.12/site-packages/airflow/example_dags/example_branch_python_dop_operator_3.py
[2025-03-06T01:13:37.550+0000] {processor.py:914} INFO - Processing file /home/ubuntu/redfin_venv/lib/python3.12/site-packages/airflow/example_dags/example_branch_python_dop_operator_3.py for tasks to queue
[2025-03-06T01:13:37.556+0000] {logging_mixin.py:190} INFO - [2025-03-06T01:13:37.554+0000] {dagbag.py:588} INFO - Filling up the DagBag from /home/ubuntu/redfin_venv/lib/python3.12/site-packages/airflow/example_dags/example_branch_python_dop_operator_3.py
[2025-03-06T01:13:37.573+0000] {processor.py:925} INFO - DAG(s) 'example_branch_dop_operator_v3' retrieved from /home/ubuntu/redfin_venv/lib/python3.12/site-packages/airflow/example_dags/example_branch_python_dop_operator_3.py
[2025-03-06T01:13:37.591+0000] {logging_mixin.py:190} INFO - [2025-03-06T01:13:37.590+0000] {dag.py:3239} INFO - Sync 1 DAGs
[2025-03-06T01:13:37.618+0000] {logging_mixin.py:190} INFO - [2025-03-06T01:13:37.618+0000] {dag.py:4180} INFO - Setting next_dagrun for example_branch_dop_operator_v3 to 2025-03-06 01:12:00+00:00, run_after=2025-03-06 01:13:00+00:00
[2025-03-06T01:13:37.644+0000] {processor.py:208} INFO - Processing /home/ubuntu/redfin_venv/lib/python3.12/site-packages/airflow/example_dags/example_branch_python_dop_operator_3.py took 0.104 seconds
[2025-03-06T01:14:39.901+0000] {processor.py:186} INFO - Started process (PID=7459) to work on /home/ubuntu/redfin_venv/lib/python3.12/site-packages/airflow/example_dags/example_branch_python_dop_operator_3.py
[2025-03-06T01:14:39.904+0000] {processor.py:914} INFO - Processing file /home/ubuntu/redfin_venv/lib/python3.12/site-packages/airflow/example_dags/example_branch_python_dop_operator_3.py for tasks to queue
[2025-03-06T01:14:39.906+0000] {logging_mixin.py:190} INFO - [2025-03-06T01:14:39.906+0000] {dagbag.py:588} INFO - Filling up the DagBag from /home/ubuntu/redfin_venv/lib/python3.12/site-packages/airflow/example_dags/example_branch_python_dop_operator_3.py
[2025-03-06T01:14:39.922+0000] {processor.py:925} INFO - DAG(s) 'example_branch_dop_operator_v3' retrieved from /home/ubuntu/redfin_venv/lib/python3.12/site-packages/airflow/example_dags/example_branch_python_dop_operator_3.py
[2025-03-06T01:14:39.948+0000] {logging_mixin.py:190} INFO - [2025-03-06T01:14:39.946+0000] {dag.py:3239} INFO - Sync 1 DAGs
[2025-03-06T01:14:39.985+0000] {logging_mixin.py:190} INFO - [2025-03-06T01:14:39.985+0000] {dag.py:4180} INFO - Setting next_dagrun for example_branch_dop_operator_v3 to 2025-03-06 01:13:00+00:00, run_after=2025-03-06 01:14:00+00:00
[2025-03-06T01:14:40.021+0000] {processor.py:208} INFO - Processing /home/ubuntu/redfin_venv/lib/python3.12/site-packages/airflow/example_dags/example_branch_python_dop_operator_3.py took 0.127 seconds
[2025-03-06T01:15:40.477+0000] {processor.py:186} INFO - Started process (PID=7761) to work on /home/ubuntu/redfin_venv/lib/python3.12/site-packages/airflow/example_dags/example_branch_python_dop_operator_3.py
[2025-03-06T01:15:40.478+0000] {processor.py:914} INFO - Processing file /home/ubuntu/redfin_venv/lib/python3.12/site-packages/airflow/example_dags/example_branch_python_dop_operator_3.py for tasks to queue
[2025-03-06T01:15:40.481+0000] {logging_mixin.py:190} INFO - [2025-03-06T01:15:40.481+0000] {dagbag.py:588} INFO - Filling up the DagBag from /home/ubuntu/redfin_venv/lib/python3.12/site-packages/airflow/example_dags/example_branch_python_dop_operator_3.py
[2025-03-06T01:15:40.498+0000] {processor.py:925} INFO - DAG(s) 'example_branch_dop_operator_v3' retrieved from /home/ubuntu/redfin_venv/lib/python3.12/site-packages/airflow/example_dags/example_branch_python_dop_operator_3.py
[2025-03-06T01:15:40.522+0000] {logging_mixin.py:190} INFO - [2025-03-06T01:15:40.521+0000] {dag.py:3239} INFO - Sync 1 DAGs
[2025-03-06T01:15:40.568+0000] {logging_mixin.py:190} INFO - [2025-03-06T01:15:40.568+0000] {dag.py:4180} INFO - Setting next_dagrun for example_branch_dop_operator_v3 to 2025-03-06 01:14:00+00:00, run_after=2025-03-06 01:15:00+00:00
[2025-03-06T01:15:40.605+0000] {processor.py:208} INFO - Processing /home/ubuntu/redfin_venv/lib/python3.12/site-packages/airflow/example_dags/example_branch_python_dop_operator_3.py took 0.144 seconds
[2025-03-06T01:16:43.121+0000] {processor.py:186} INFO - Started process (PID=7881) to work on /home/ubuntu/redfin_venv/lib/python3.12/site-packages/airflow/example_dags/example_branch_python_dop_operator_3.py
[2025-03-06T01:16:43.123+0000] {processor.py:914} INFO - Processing file /home/ubuntu/redfin_venv/lib/python3.12/site-packages/airflow/example_dags/example_branch_python_dop_operator_3.py for tasks to queue
[2025-03-06T01:16:43.126+0000] {logging_mixin.py:190} INFO - [2025-03-06T01:16:43.126+0000] {dagbag.py:588} INFO - Filling up the DagBag from /home/ubuntu/redfin_venv/lib/python3.12/site-packages/airflow/example_dags/example_branch_python_dop_operator_3.py
[2025-03-06T01:16:43.143+0000] {processor.py:925} INFO - DAG(s) 'example_branch_dop_operator_v3' retrieved from /home/ubuntu/redfin_venv/lib/python3.12/site-packages/airflow/example_dags/example_branch_python_dop_operator_3.py
[2025-03-06T01:16:43.160+0000] {logging_mixin.py:190} INFO - [2025-03-06T01:16:43.160+0000] {dag.py:3239} INFO - Sync 1 DAGs
[2025-03-06T01:16:43.183+0000] {logging_mixin.py:190} INFO - [2025-03-06T01:16:43.183+0000] {dag.py:4180} INFO - Setting next_dagrun for example_branch_dop_operator_v3 to 2025-03-06 01:15:00+00:00, run_after=2025-03-06 01:16:00+00:00
[2025-03-06T01:16:43.206+0000] {processor.py:208} INFO - Processing /home/ubuntu/redfin_venv/lib/python3.12/site-packages/airflow/example_dags/example_branch_python_dop_operator_3.py took 0.092 seconds
[2025-03-06T01:17:44.200+0000] {processor.py:186} INFO - Started process (PID=8223) to work on /home/ubuntu/redfin_venv/lib/python3.12/site-packages/airflow/example_dags/example_branch_python_dop_operator_3.py
[2025-03-06T01:17:44.201+0000] {processor.py:914} INFO - Processing file /home/ubuntu/redfin_venv/lib/python3.12/site-packages/airflow/example_dags/example_branch_python_dop_operator_3.py for tasks to queue
[2025-03-06T01:17:44.205+0000] {logging_mixin.py:190} INFO - [2025-03-06T01:17:44.205+0000] {dagbag.py:588} INFO - Filling up the DagBag from /home/ubuntu/redfin_venv/lib/python3.12/site-packages/airflow/example_dags/example_branch_python_dop_operator_3.py
[2025-03-06T01:17:44.222+0000] {processor.py:925} INFO - DAG(s) 'example_branch_dop_operator_v3' retrieved from /home/ubuntu/redfin_venv/lib/python3.12/site-packages/airflow/example_dags/example_branch_python_dop_operator_3.py
[2025-03-06T01:17:44.244+0000] {logging_mixin.py:190} INFO - [2025-03-06T01:17:44.243+0000] {dag.py:3239} INFO - Sync 1 DAGs
[2025-03-06T01:17:44.277+0000] {logging_mixin.py:190} INFO - [2025-03-06T01:17:44.277+0000] {dag.py:4180} INFO - Setting next_dagrun for example_branch_dop_operator_v3 to 2025-03-06 01:16:00+00:00, run_after=2025-03-06 01:17:00+00:00
[2025-03-06T01:17:44.327+0000] {processor.py:208} INFO - Processing /home/ubuntu/redfin_venv/lib/python3.12/site-packages/airflow/example_dags/example_branch_python_dop_operator_3.py took 0.141 seconds
[2025-03-06T01:18:43.669+0000] {processor.py:186} INFO - Started process (PID=8462) to work on /home/ubuntu/redfin_venv/lib/python3.12/site-packages/airflow/example_dags/example_branch_python_dop_operator_3.py
[2025-03-06T01:18:43.670+0000] {processor.py:914} INFO - Processing file /home/ubuntu/redfin_venv/lib/python3.12/site-packages/airflow/example_dags/example_branch_python_dop_operator_3.py for tasks to queue
[2025-03-06T01:18:43.673+0000] {logging_mixin.py:190} INFO - [2025-03-06T01:18:43.672+0000] {dagbag.py:588} INFO - Filling up the DagBag from /home/ubuntu/redfin_venv/lib/python3.12/site-packages/airflow/example_dags/example_branch_python_dop_operator_3.py
[2025-03-06T01:18:43.686+0000] {processor.py:925} INFO - DAG(s) 'example_branch_dop_operator_v3' retrieved from /home/ubuntu/redfin_venv/lib/python3.12/site-packages/airflow/example_dags/example_branch_python_dop_operator_3.py
[2025-03-06T01:18:43.708+0000] {logging_mixin.py:190} INFO - [2025-03-06T01:18:43.708+0000] {dag.py:3239} INFO - Sync 1 DAGs
[2025-03-06T01:18:43.734+0000] {logging_mixin.py:190} INFO - [2025-03-06T01:18:43.734+0000] {dag.py:4180} INFO - Setting next_dagrun for example_branch_dop_operator_v3 to 2025-03-06 01:17:00+00:00, run_after=2025-03-06 01:18:00+00:00
[2025-03-06T01:18:43.762+0000] {processor.py:208} INFO - Processing /home/ubuntu/redfin_venv/lib/python3.12/site-packages/airflow/example_dags/example_branch_python_dop_operator_3.py took 0.100 seconds
[2025-03-06T01:19:50.898+0000] {processor.py:186} INFO - Started process (PID=8583) to work on /home/ubuntu/redfin_venv/lib/python3.12/site-packages/airflow/example_dags/example_branch_python_dop_operator_3.py
[2025-03-06T01:19:50.900+0000] {processor.py:914} INFO - Processing file /home/ubuntu/redfin_venv/lib/python3.12/site-packages/airflow/example_dags/example_branch_python_dop_operator_3.py for tasks to queue
[2025-03-06T01:19:50.904+0000] {logging_mixin.py:190} INFO - [2025-03-06T01:19:50.903+0000] {dagbag.py:588} INFO - Filling up the DagBag from /home/ubuntu/redfin_venv/lib/python3.12/site-packages/airflow/example_dags/example_branch_python_dop_operator_3.py
[2025-03-06T01:19:50.925+0000] {processor.py:925} INFO - DAG(s) 'example_branch_dop_operator_v3' retrieved from /home/ubuntu/redfin_venv/lib/python3.12/site-packages/airflow/example_dags/example_branch_python_dop_operator_3.py
[2025-03-06T01:19:50.952+0000] {logging_mixin.py:190} INFO - [2025-03-06T01:19:50.951+0000] {dag.py:3239} INFO - Sync 1 DAGs
[2025-03-06T01:19:50.995+0000] {logging_mixin.py:190} INFO - [2025-03-06T01:19:50.995+0000] {dag.py:4180} INFO - Setting next_dagrun for example_branch_dop_operator_v3 to 2025-03-06 01:18:00+00:00, run_after=2025-03-06 01:19:00+00:00
[2025-03-06T01:19:51.038+0000] {processor.py:208} INFO - Processing /home/ubuntu/redfin_venv/lib/python3.12/site-packages/airflow/example_dags/example_branch_python_dop_operator_3.py took 0.149 seconds
