[2025-03-06T00:58:43.394+0000] {processor.py:186} INFO - Started process (PID=3578) to work on /home/ubuntu/redfin_venv/lib/python3.12/site-packages/airflow/example_dags/example_sensors.py
[2025-03-06T00:58:43.395+0000] {processor.py:914} INFO - Processing file /home/ubuntu/redfin_venv/lib/python3.12/site-packages/airflow/example_dags/example_sensors.py for tasks to queue
[2025-03-06T00:58:43.398+0000] {logging_mixin.py:190} INFO - [2025-03-06T00:58:43.397+0000] {dagbag.py:588} INFO - Filling up the DagBag from /home/ubuntu/redfin_venv/lib/python3.12/site-packages/airflow/example_dags/example_sensors.py
[2025-03-06T00:58:43.410+0000] {processor.py:925} INFO - DAG(s) 'example_sensors' retrieved from /home/ubuntu/redfin_venv/lib/python3.12/site-packages/airflow/example_dags/example_sensors.py
[2025-03-06T00:58:43.438+0000] {logging_mixin.py:190} INFO - [2025-03-06T00:58:43.438+0000] {dag.py:3239} INFO - Sync 1 DAGs
[2025-03-06T00:58:43.452+0000] {logging_mixin.py:190} INFO - [2025-03-06T00:58:43.452+0000] {dag.py:4180} INFO - Setting next_dagrun for example_sensors to None, run_after=None
[2025-03-06T00:58:43.482+0000] {processor.py:208} INFO - Processing /home/ubuntu/redfin_venv/lib/python3.12/site-packages/airflow/example_dags/example_sensors.py took 0.095 seconds
[2025-03-06T00:59:41.402+0000] {processor.py:186} INFO - Started process (PID=4001) to work on /home/ubuntu/redfin_venv/lib/python3.12/site-packages/airflow/example_dags/example_sensors.py
[2025-03-06T00:59:41.404+0000] {processor.py:914} INFO - Processing file /home/ubuntu/redfin_venv/lib/python3.12/site-packages/airflow/example_dags/example_sensors.py for tasks to queue
[2025-03-06T00:59:41.406+0000] {logging_mixin.py:190} INFO - [2025-03-06T00:59:41.406+0000] {dagbag.py:588} INFO - Filling up the DagBag from /home/ubuntu/redfin_venv/lib/python3.12/site-packages/airflow/example_dags/example_sensors.py
[2025-03-06T00:59:41.420+0000] {processor.py:925} INFO - DAG(s) 'example_sensors' retrieved from /home/ubuntu/redfin_venv/lib/python3.12/site-packages/airflow/example_dags/example_sensors.py
[2025-03-06T00:59:41.446+0000] {logging_mixin.py:190} INFO - [2025-03-06T00:59:41.446+0000] {dag.py:3239} INFO - Sync 1 DAGs
[2025-03-06T00:59:41.460+0000] {logging_mixin.py:190} INFO - [2025-03-06T00:59:41.459+0000] {dag.py:4180} INFO - Setting next_dagrun for example_sensors to None, run_after=None
[2025-03-06T00:59:41.489+0000] {processor.py:208} INFO - Processing /home/ubuntu/redfin_venv/lib/python3.12/site-packages/airflow/example_dags/example_sensors.py took 0.095 seconds
[2025-03-06T01:00:42.000+0000] {processor.py:186} INFO - Started process (PID=4601) to work on /home/ubuntu/redfin_venv/lib/python3.12/site-packages/airflow/example_dags/example_sensors.py
[2025-03-06T01:00:42.003+0000] {processor.py:914} INFO - Processing file /home/ubuntu/redfin_venv/lib/python3.12/site-packages/airflow/example_dags/example_sensors.py for tasks to queue
[2025-03-06T01:00:42.006+0000] {logging_mixin.py:190} INFO - [2025-03-06T01:00:42.005+0000] {dagbag.py:588} INFO - Filling up the DagBag from /home/ubuntu/redfin_venv/lib/python3.12/site-packages/airflow/example_dags/example_sensors.py
[2025-03-06T01:00:42.025+0000] {processor.py:925} INFO - DAG(s) 'example_sensors' retrieved from /home/ubuntu/redfin_venv/lib/python3.12/site-packages/airflow/example_dags/example_sensors.py
[2025-03-06T01:00:42.063+0000] {logging_mixin.py:190} INFO - [2025-03-06T01:00:42.063+0000] {dag.py:3239} INFO - Sync 1 DAGs
[2025-03-06T01:00:42.086+0000] {logging_mixin.py:190} INFO - [2025-03-06T01:00:42.086+0000] {dag.py:4180} INFO - Setting next_dagrun for example_sensors to None, run_after=None
[2025-03-06T01:00:42.124+0000] {processor.py:208} INFO - Processing /home/ubuntu/redfin_venv/lib/python3.12/site-packages/airflow/example_dags/example_sensors.py took 0.135 seconds
[2025-03-06T01:01:46.338+0000] {processor.py:186} INFO - Started process (PID=4906) to work on /home/ubuntu/redfin_venv/lib/python3.12/site-packages/airflow/example_dags/example_sensors.py
[2025-03-06T01:01:46.339+0000] {processor.py:914} INFO - Processing file /home/ubuntu/redfin_venv/lib/python3.12/site-packages/airflow/example_dags/example_sensors.py for tasks to queue
[2025-03-06T01:01:46.342+0000] {logging_mixin.py:190} INFO - [2025-03-06T01:01:46.341+0000] {dagbag.py:588} INFO - Filling up the DagBag from /home/ubuntu/redfin_venv/lib/python3.12/site-packages/airflow/example_dags/example_sensors.py
[2025-03-06T01:01:46.356+0000] {processor.py:925} INFO - DAG(s) 'example_sensors' retrieved from /home/ubuntu/redfin_venv/lib/python3.12/site-packages/airflow/example_dags/example_sensors.py
[2025-03-06T01:01:46.382+0000] {logging_mixin.py:190} INFO - [2025-03-06T01:01:46.382+0000] {dag.py:3239} INFO - Sync 1 DAGs
[2025-03-06T01:01:46.396+0000] {logging_mixin.py:190} INFO - [2025-03-06T01:01:46.396+0000] {dag.py:4180} INFO - Setting next_dagrun for example_sensors to None, run_after=None
[2025-03-06T01:01:46.422+0000] {processor.py:208} INFO - Processing /home/ubuntu/redfin_venv/lib/python3.12/site-packages/airflow/example_dags/example_sensors.py took 0.093 seconds
[2025-03-06T01:02:46.061+0000] {processor.py:186} INFO - Started process (PID=5205) to work on /home/ubuntu/redfin_venv/lib/python3.12/site-packages/airflow/example_dags/example_sensors.py
[2025-03-06T01:02:46.063+0000] {processor.py:914} INFO - Processing file /home/ubuntu/redfin_venv/lib/python3.12/site-packages/airflow/example_dags/example_sensors.py for tasks to queue
[2025-03-06T01:02:46.065+0000] {logging_mixin.py:190} INFO - [2025-03-06T01:02:46.065+0000] {dagbag.py:588} INFO - Filling up the DagBag from /home/ubuntu/redfin_venv/lib/python3.12/site-packages/airflow/example_dags/example_sensors.py
[2025-03-06T01:02:46.077+0000] {processor.py:925} INFO - DAG(s) 'example_sensors' retrieved from /home/ubuntu/redfin_venv/lib/python3.12/site-packages/airflow/example_dags/example_sensors.py
[2025-03-06T01:02:46.099+0000] {logging_mixin.py:190} INFO - [2025-03-06T01:02:46.099+0000] {dag.py:3239} INFO - Sync 1 DAGs
[2025-03-06T01:02:46.112+0000] {logging_mixin.py:190} INFO - [2025-03-06T01:02:46.112+0000] {dag.py:4180} INFO - Setting next_dagrun for example_sensors to None, run_after=None
[2025-03-06T01:02:46.136+0000] {processor.py:208} INFO - Processing /home/ubuntu/redfin_venv/lib/python3.12/site-packages/airflow/example_dags/example_sensors.py took 0.080 seconds
[2025-03-06T01:03:44.684+0000] {processor.py:186} INFO - Started process (PID=5384) to work on /home/ubuntu/redfin_venv/lib/python3.12/site-packages/airflow/example_dags/example_sensors.py
[2025-03-06T01:03:44.686+0000] {processor.py:914} INFO - Processing file /home/ubuntu/redfin_venv/lib/python3.12/site-packages/airflow/example_dags/example_sensors.py for tasks to queue
[2025-03-06T01:03:44.690+0000] {logging_mixin.py:190} INFO - [2025-03-06T01:03:44.688+0000] {dagbag.py:588} INFO - Filling up the DagBag from /home/ubuntu/redfin_venv/lib/python3.12/site-packages/airflow/example_dags/example_sensors.py
[2025-03-06T01:03:44.709+0000] {processor.py:925} INFO - DAG(s) 'example_sensors' retrieved from /home/ubuntu/redfin_venv/lib/python3.12/site-packages/airflow/example_dags/example_sensors.py
[2025-03-06T01:03:44.744+0000] {logging_mixin.py:190} INFO - [2025-03-06T01:03:44.744+0000] {dag.py:3239} INFO - Sync 1 DAGs
[2025-03-06T01:03:44.758+0000] {logging_mixin.py:190} INFO - [2025-03-06T01:03:44.758+0000] {dag.py:4180} INFO - Setting next_dagrun for example_sensors to None, run_after=None
[2025-03-06T01:03:44.791+0000] {processor.py:208} INFO - Processing /home/ubuntu/redfin_venv/lib/python3.12/site-packages/airflow/example_dags/example_sensors.py took 0.115 seconds
[2025-03-06T01:04:49.408+0000] {processor.py:186} INFO - Started process (PID=5505) to work on /home/ubuntu/redfin_venv/lib/python3.12/site-packages/airflow/example_dags/example_sensors.py
[2025-03-06T01:04:49.410+0000] {processor.py:914} INFO - Processing file /home/ubuntu/redfin_venv/lib/python3.12/site-packages/airflow/example_dags/example_sensors.py for tasks to queue
[2025-03-06T01:04:49.412+0000] {logging_mixin.py:190} INFO - [2025-03-06T01:04:49.412+0000] {dagbag.py:588} INFO - Filling up the DagBag from /home/ubuntu/redfin_venv/lib/python3.12/site-packages/airflow/example_dags/example_sensors.py
[2025-03-06T01:04:49.427+0000] {processor.py:925} INFO - DAG(s) 'example_sensors' retrieved from /home/ubuntu/redfin_venv/lib/python3.12/site-packages/airflow/example_dags/example_sensors.py
[2025-03-06T01:04:49.451+0000] {logging_mixin.py:190} INFO - [2025-03-06T01:04:49.451+0000] {dag.py:3239} INFO - Sync 1 DAGs
[2025-03-06T01:04:49.465+0000] {logging_mixin.py:190} INFO - [2025-03-06T01:04:49.465+0000] {dag.py:4180} INFO - Setting next_dagrun for example_sensors to None, run_after=None
[2025-03-06T01:04:49.488+0000] {processor.py:208} INFO - Processing /home/ubuntu/redfin_venv/lib/python3.12/site-packages/airflow/example_dags/example_sensors.py took 0.085 seconds
[2025-03-06T01:05:54.093+0000] {processor.py:186} INFO - Started process (PID=5629) to work on /home/ubuntu/redfin_venv/lib/python3.12/site-packages/airflow/example_dags/example_sensors.py
[2025-03-06T01:05:54.095+0000] {processor.py:914} INFO - Processing file /home/ubuntu/redfin_venv/lib/python3.12/site-packages/airflow/example_dags/example_sensors.py for tasks to queue
[2025-03-06T01:05:54.098+0000] {logging_mixin.py:190} INFO - [2025-03-06T01:05:54.098+0000] {dagbag.py:588} INFO - Filling up the DagBag from /home/ubuntu/redfin_venv/lib/python3.12/site-packages/airflow/example_dags/example_sensors.py
[2025-03-06T01:05:54.118+0000] {processor.py:925} INFO - DAG(s) 'example_sensors' retrieved from /home/ubuntu/redfin_venv/lib/python3.12/site-packages/airflow/example_dags/example_sensors.py
[2025-03-06T01:05:54.152+0000] {logging_mixin.py:190} INFO - [2025-03-06T01:05:54.152+0000] {dag.py:3239} INFO - Sync 1 DAGs
[2025-03-06T01:05:54.191+0000] {logging_mixin.py:190} INFO - [2025-03-06T01:05:54.191+0000] {dag.py:4180} INFO - Setting next_dagrun for example_sensors to None, run_after=None
[2025-03-06T01:05:54.226+0000] {processor.py:208} INFO - Processing /home/ubuntu/redfin_venv/lib/python3.12/site-packages/airflow/example_dags/example_sensors.py took 0.140 seconds
[2025-03-06T01:06:58.473+0000] {processor.py:186} INFO - Started process (PID=5992) to work on /home/ubuntu/redfin_venv/lib/python3.12/site-packages/airflow/example_dags/example_sensors.py
[2025-03-06T01:06:58.475+0000] {processor.py:914} INFO - Processing file /home/ubuntu/redfin_venv/lib/python3.12/site-packages/airflow/example_dags/example_sensors.py for tasks to queue
[2025-03-06T01:06:58.479+0000] {logging_mixin.py:190} INFO - [2025-03-06T01:06:58.478+0000] {dagbag.py:588} INFO - Filling up the DagBag from /home/ubuntu/redfin_venv/lib/python3.12/site-packages/airflow/example_dags/example_sensors.py
[2025-03-06T01:06:58.496+0000] {processor.py:925} INFO - DAG(s) 'example_sensors' retrieved from /home/ubuntu/redfin_venv/lib/python3.12/site-packages/airflow/example_dags/example_sensors.py
[2025-03-06T01:06:58.525+0000] {logging_mixin.py:190} INFO - [2025-03-06T01:06:58.525+0000] {dag.py:3239} INFO - Sync 1 DAGs
[2025-03-06T01:06:58.541+0000] {logging_mixin.py:190} INFO - [2025-03-06T01:06:58.541+0000] {dag.py:4180} INFO - Setting next_dagrun for example_sensors to None, run_after=None
[2025-03-06T01:06:58.574+0000] {processor.py:208} INFO - Processing /home/ubuntu/redfin_venv/lib/python3.12/site-packages/airflow/example_dags/example_sensors.py took 0.109 seconds
[2025-03-06T01:08:00.533+0000] {processor.py:186} INFO - Started process (PID=6351) to work on /home/ubuntu/redfin_venv/lib/python3.12/site-packages/airflow/example_dags/example_sensors.py
[2025-03-06T01:08:00.535+0000] {processor.py:914} INFO - Processing file /home/ubuntu/redfin_venv/lib/python3.12/site-packages/airflow/example_dags/example_sensors.py for tasks to queue
[2025-03-06T01:08:00.538+0000] {logging_mixin.py:190} INFO - [2025-03-06T01:08:00.538+0000] {dagbag.py:588} INFO - Filling up the DagBag from /home/ubuntu/redfin_venv/lib/python3.12/site-packages/airflow/example_dags/example_sensors.py
[2025-03-06T01:08:00.554+0000] {processor.py:925} INFO - DAG(s) 'example_sensors' retrieved from /home/ubuntu/redfin_venv/lib/python3.12/site-packages/airflow/example_dags/example_sensors.py
[2025-03-06T01:08:00.586+0000] {logging_mixin.py:190} INFO - [2025-03-06T01:08:00.586+0000] {dag.py:3239} INFO - Sync 1 DAGs
[2025-03-06T01:08:00.603+0000] {logging_mixin.py:190} INFO - [2025-03-06T01:08:00.603+0000] {dag.py:4180} INFO - Setting next_dagrun for example_sensors to None, run_after=None
[2025-03-06T01:08:00.635+0000] {processor.py:208} INFO - Processing /home/ubuntu/redfin_venv/lib/python3.12/site-packages/airflow/example_dags/example_sensors.py took 0.114 seconds
[2025-03-06T01:09:00.772+0000] {processor.py:186} INFO - Started process (PID=6675) to work on /home/ubuntu/redfin_venv/lib/python3.12/site-packages/airflow/example_dags/example_sensors.py
[2025-03-06T01:09:00.775+0000] {processor.py:914} INFO - Processing file /home/ubuntu/redfin_venv/lib/python3.12/site-packages/airflow/example_dags/example_sensors.py for tasks to queue
[2025-03-06T01:09:00.779+0000] {logging_mixin.py:190} INFO - [2025-03-06T01:09:00.778+0000] {dagbag.py:588} INFO - Filling up the DagBag from /home/ubuntu/redfin_venv/lib/python3.12/site-packages/airflow/example_dags/example_sensors.py
[2025-03-06T01:09:00.812+0000] {processor.py:925} INFO - DAG(s) 'example_sensors' retrieved from /home/ubuntu/redfin_venv/lib/python3.12/site-packages/airflow/example_dags/example_sensors.py
[2025-03-06T01:09:00.849+0000] {logging_mixin.py:190} INFO - [2025-03-06T01:09:00.848+0000] {dag.py:3239} INFO - Sync 1 DAGs
[2025-03-06T01:09:00.876+0000] {logging_mixin.py:190} INFO - [2025-03-06T01:09:00.876+0000] {dag.py:4180} INFO - Setting next_dagrun for example_sensors to None, run_after=None
[2025-03-06T01:09:00.911+0000] {processor.py:208} INFO - Processing /home/ubuntu/redfin_venv/lib/python3.12/site-packages/airflow/example_dags/example_sensors.py took 0.152 seconds
[2025-03-06T01:10:04.208+0000] {processor.py:186} INFO - Started process (PID=6834) to work on /home/ubuntu/redfin_venv/lib/python3.12/site-packages/airflow/example_dags/example_sensors.py
[2025-03-06T01:10:04.210+0000] {processor.py:914} INFO - Processing file /home/ubuntu/redfin_venv/lib/python3.12/site-packages/airflow/example_dags/example_sensors.py for tasks to queue
[2025-03-06T01:10:04.212+0000] {logging_mixin.py:190} INFO - [2025-03-06T01:10:04.212+0000] {dagbag.py:588} INFO - Filling up the DagBag from /home/ubuntu/redfin_venv/lib/python3.12/site-packages/airflow/example_dags/example_sensors.py
[2025-03-06T01:10:04.234+0000] {processor.py:925} INFO - DAG(s) 'example_sensors' retrieved from /home/ubuntu/redfin_venv/lib/python3.12/site-packages/airflow/example_dags/example_sensors.py
[2025-03-06T01:10:04.265+0000] {logging_mixin.py:190} INFO - [2025-03-06T01:10:04.265+0000] {dag.py:3239} INFO - Sync 1 DAGs
[2025-03-06T01:10:04.284+0000] {logging_mixin.py:190} INFO - [2025-03-06T01:10:04.284+0000] {dag.py:4180} INFO - Setting next_dagrun for example_sensors to None, run_after=None
[2025-03-06T01:10:04.314+0000] {processor.py:208} INFO - Processing /home/ubuntu/redfin_venv/lib/python3.12/site-packages/airflow/example_dags/example_sensors.py took 0.115 seconds
[2025-03-06T01:11:05.640+0000] {processor.py:186} INFO - Started process (PID=6953) to work on /home/ubuntu/redfin_venv/lib/python3.12/site-packages/airflow/example_dags/example_sensors.py
[2025-03-06T01:11:05.642+0000] {processor.py:914} INFO - Processing file /home/ubuntu/redfin_venv/lib/python3.12/site-packages/airflow/example_dags/example_sensors.py for tasks to queue
[2025-03-06T01:11:05.646+0000] {logging_mixin.py:190} INFO - [2025-03-06T01:11:05.646+0000] {dagbag.py:588} INFO - Filling up the DagBag from /home/ubuntu/redfin_venv/lib/python3.12/site-packages/airflow/example_dags/example_sensors.py
[2025-03-06T01:11:05.671+0000] {processor.py:925} INFO - DAG(s) 'example_sensors' retrieved from /home/ubuntu/redfin_venv/lib/python3.12/site-packages/airflow/example_dags/example_sensors.py
[2025-03-06T01:11:05.722+0000] {logging_mixin.py:190} INFO - [2025-03-06T01:11:05.720+0000] {dag.py:3239} INFO - Sync 1 DAGs
[2025-03-06T01:11:05.747+0000] {logging_mixin.py:190} INFO - [2025-03-06T01:11:05.747+0000] {dag.py:4180} INFO - Setting next_dagrun for example_sensors to None, run_after=None
[2025-03-06T01:11:05.780+0000] {processor.py:208} INFO - Processing /home/ubuntu/redfin_venv/lib/python3.12/site-packages/airflow/example_dags/example_sensors.py took 0.155 seconds
[2025-03-06T01:12:10.070+0000] {processor.py:186} INFO - Started process (PID=7073) to work on /home/ubuntu/redfin_venv/lib/python3.12/site-packages/airflow/example_dags/example_sensors.py
[2025-03-06T01:12:10.072+0000] {processor.py:914} INFO - Processing file /home/ubuntu/redfin_venv/lib/python3.12/site-packages/airflow/example_dags/example_sensors.py for tasks to queue
[2025-03-06T01:12:10.077+0000] {logging_mixin.py:190} INFO - [2025-03-06T01:12:10.077+0000] {dagbag.py:588} INFO - Filling up the DagBag from /home/ubuntu/redfin_venv/lib/python3.12/site-packages/airflow/example_dags/example_sensors.py
[2025-03-06T01:12:10.098+0000] {processor.py:925} INFO - DAG(s) 'example_sensors' retrieved from /home/ubuntu/redfin_venv/lib/python3.12/site-packages/airflow/example_dags/example_sensors.py
[2025-03-06T01:12:10.140+0000] {logging_mixin.py:190} INFO - [2025-03-06T01:12:10.139+0000] {dag.py:3239} INFO - Sync 1 DAGs
[2025-03-06T01:12:10.159+0000] {logging_mixin.py:190} INFO - [2025-03-06T01:12:10.159+0000] {dag.py:4180} INFO - Setting next_dagrun for example_sensors to None, run_after=None
[2025-03-06T01:12:10.201+0000] {processor.py:208} INFO - Processing /home/ubuntu/redfin_venv/lib/python3.12/site-packages/airflow/example_dags/example_sensors.py took 0.143 seconds
[2025-03-06T01:13:12.364+0000] {processor.py:186} INFO - Started process (PID=7193) to work on /home/ubuntu/redfin_venv/lib/python3.12/site-packages/airflow/example_dags/example_sensors.py
[2025-03-06T01:13:12.366+0000] {processor.py:914} INFO - Processing file /home/ubuntu/redfin_venv/lib/python3.12/site-packages/airflow/example_dags/example_sensors.py for tasks to queue
[2025-03-06T01:13:12.370+0000] {logging_mixin.py:190} INFO - [2025-03-06T01:13:12.369+0000] {dagbag.py:588} INFO - Filling up the DagBag from /home/ubuntu/redfin_venv/lib/python3.12/site-packages/airflow/example_dags/example_sensors.py
[2025-03-06T01:13:12.387+0000] {processor.py:925} INFO - DAG(s) 'example_sensors' retrieved from /home/ubuntu/redfin_venv/lib/python3.12/site-packages/airflow/example_dags/example_sensors.py
[2025-03-06T01:13:12.415+0000] {logging_mixin.py:190} INFO - [2025-03-06T01:13:12.415+0000] {dag.py:3239} INFO - Sync 1 DAGs
[2025-03-06T01:13:12.434+0000] {logging_mixin.py:190} INFO - [2025-03-06T01:13:12.434+0000] {dag.py:4180} INFO - Setting next_dagrun for example_sensors to None, run_after=None
[2025-03-06T01:13:12.464+0000] {processor.py:208} INFO - Processing /home/ubuntu/redfin_venv/lib/python3.12/site-packages/airflow/example_dags/example_sensors.py took 0.107 seconds
[2025-03-06T01:14:15.974+0000] {processor.py:186} INFO - Started process (PID=7400) to work on /home/ubuntu/redfin_venv/lib/python3.12/site-packages/airflow/example_dags/example_sensors.py
[2025-03-06T01:14:15.978+0000] {processor.py:914} INFO - Processing file /home/ubuntu/redfin_venv/lib/python3.12/site-packages/airflow/example_dags/example_sensors.py for tasks to queue
[2025-03-06T01:14:15.981+0000] {logging_mixin.py:190} INFO - [2025-03-06T01:14:15.981+0000] {dagbag.py:588} INFO - Filling up the DagBag from /home/ubuntu/redfin_venv/lib/python3.12/site-packages/airflow/example_dags/example_sensors.py
[2025-03-06T01:14:15.995+0000] {processor.py:925} INFO - DAG(s) 'example_sensors' retrieved from /home/ubuntu/redfin_venv/lib/python3.12/site-packages/airflow/example_dags/example_sensors.py
[2025-03-06T01:14:16.017+0000] {logging_mixin.py:190} INFO - [2025-03-06T01:14:16.017+0000] {dag.py:3239} INFO - Sync 1 DAGs
[2025-03-06T01:14:16.030+0000] {logging_mixin.py:190} INFO - [2025-03-06T01:14:16.030+0000] {dag.py:4180} INFO - Setting next_dagrun for example_sensors to None, run_after=None
[2025-03-06T01:14:16.054+0000] {processor.py:208} INFO - Processing /home/ubuntu/redfin_venv/lib/python3.12/site-packages/airflow/example_dags/example_sensors.py took 0.091 seconds
[2025-03-06T01:15:15.452+0000] {processor.py:186} INFO - Started process (PID=7642) to work on /home/ubuntu/redfin_venv/lib/python3.12/site-packages/airflow/example_dags/example_sensors.py
[2025-03-06T01:15:15.455+0000] {processor.py:914} INFO - Processing file /home/ubuntu/redfin_venv/lib/python3.12/site-packages/airflow/example_dags/example_sensors.py for tasks to queue
[2025-03-06T01:15:15.457+0000] {logging_mixin.py:190} INFO - [2025-03-06T01:15:15.457+0000] {dagbag.py:588} INFO - Filling up the DagBag from /home/ubuntu/redfin_venv/lib/python3.12/site-packages/airflow/example_dags/example_sensors.py
[2025-03-06T01:15:15.473+0000] {processor.py:925} INFO - DAG(s) 'example_sensors' retrieved from /home/ubuntu/redfin_venv/lib/python3.12/site-packages/airflow/example_dags/example_sensors.py
[2025-03-06T01:15:15.501+0000] {logging_mixin.py:190} INFO - [2025-03-06T01:15:15.501+0000] {dag.py:3239} INFO - Sync 1 DAGs
[2025-03-06T01:15:15.517+0000] {logging_mixin.py:190} INFO - [2025-03-06T01:15:15.517+0000] {dag.py:4180} INFO - Setting next_dagrun for example_sensors to None, run_after=None
[2025-03-06T01:15:15.548+0000] {processor.py:208} INFO - Processing /home/ubuntu/redfin_venv/lib/python3.12/site-packages/airflow/example_dags/example_sensors.py took 0.106 seconds
[2025-03-06T01:16:17.151+0000] {processor.py:186} INFO - Started process (PID=7857) to work on /home/ubuntu/redfin_venv/lib/python3.12/site-packages/airflow/example_dags/example_sensors.py
[2025-03-06T01:16:17.153+0000] {processor.py:914} INFO - Processing file /home/ubuntu/redfin_venv/lib/python3.12/site-packages/airflow/example_dags/example_sensors.py for tasks to queue
[2025-03-06T01:16:17.155+0000] {logging_mixin.py:190} INFO - [2025-03-06T01:16:17.155+0000] {dagbag.py:588} INFO - Filling up the DagBag from /home/ubuntu/redfin_venv/lib/python3.12/site-packages/airflow/example_dags/example_sensors.py
[2025-03-06T01:16:17.168+0000] {processor.py:925} INFO - DAG(s) 'example_sensors' retrieved from /home/ubuntu/redfin_venv/lib/python3.12/site-packages/airflow/example_dags/example_sensors.py
[2025-03-06T01:16:17.192+0000] {logging_mixin.py:190} INFO - [2025-03-06T01:16:17.192+0000] {dag.py:3239} INFO - Sync 1 DAGs
[2025-03-06T01:16:17.205+0000] {logging_mixin.py:190} INFO - [2025-03-06T01:16:17.205+0000] {dag.py:4180} INFO - Setting next_dagrun for example_sensors to None, run_after=None
[2025-03-06T01:16:17.231+0000] {processor.py:208} INFO - Processing /home/ubuntu/redfin_venv/lib/python3.12/site-packages/airflow/example_dags/example_sensors.py took 0.087 seconds
[2025-03-06T01:17:18.891+0000] {processor.py:186} INFO - Started process (PID=8003) to work on /home/ubuntu/redfin_venv/lib/python3.12/site-packages/airflow/example_dags/example_sensors.py
[2025-03-06T01:17:18.894+0000] {processor.py:914} INFO - Processing file /home/ubuntu/redfin_venv/lib/python3.12/site-packages/airflow/example_dags/example_sensors.py for tasks to queue
[2025-03-06T01:17:18.899+0000] {logging_mixin.py:190} INFO - [2025-03-06T01:17:18.899+0000] {dagbag.py:588} INFO - Filling up the DagBag from /home/ubuntu/redfin_venv/lib/python3.12/site-packages/airflow/example_dags/example_sensors.py
[2025-03-06T01:17:18.924+0000] {processor.py:925} INFO - DAG(s) 'example_sensors' retrieved from /home/ubuntu/redfin_venv/lib/python3.12/site-packages/airflow/example_dags/example_sensors.py
[2025-03-06T01:17:18.955+0000] {logging_mixin.py:190} INFO - [2025-03-06T01:17:18.954+0000] {dag.py:3239} INFO - Sync 1 DAGs
[2025-03-06T01:17:18.975+0000] {logging_mixin.py:190} INFO - [2025-03-06T01:17:18.975+0000] {dag.py:4180} INFO - Setting next_dagrun for example_sensors to None, run_after=None
[2025-03-06T01:17:19.004+0000] {processor.py:208} INFO - Processing /home/ubuntu/redfin_venv/lib/python3.12/site-packages/airflow/example_dags/example_sensors.py took 0.122 seconds
[2025-03-06T01:18:17.630+0000] {processor.py:186} INFO - Started process (PID=8318) to work on /home/ubuntu/redfin_venv/lib/python3.12/site-packages/airflow/example_dags/example_sensors.py
[2025-03-06T01:18:17.632+0000] {processor.py:914} INFO - Processing file /home/ubuntu/redfin_venv/lib/python3.12/site-packages/airflow/example_dags/example_sensors.py for tasks to queue
[2025-03-06T01:18:17.634+0000] {logging_mixin.py:190} INFO - [2025-03-06T01:18:17.634+0000] {dagbag.py:588} INFO - Filling up the DagBag from /home/ubuntu/redfin_venv/lib/python3.12/site-packages/airflow/example_dags/example_sensors.py
[2025-03-06T01:18:17.647+0000] {processor.py:925} INFO - DAG(s) 'example_sensors' retrieved from /home/ubuntu/redfin_venv/lib/python3.12/site-packages/airflow/example_dags/example_sensors.py
[2025-03-06T01:18:17.670+0000] {logging_mixin.py:190} INFO - [2025-03-06T01:18:17.670+0000] {dag.py:3239} INFO - Sync 1 DAGs
[2025-03-06T01:18:17.689+0000] {logging_mixin.py:190} INFO - [2025-03-06T01:18:17.688+0000] {dag.py:4180} INFO - Setting next_dagrun for example_sensors to None, run_after=None
[2025-03-06T01:18:17.714+0000] {processor.py:208} INFO - Processing /home/ubuntu/redfin_venv/lib/python3.12/site-packages/airflow/example_dags/example_sensors.py took 0.090 seconds
[2025-03-06T01:19:25.120+0000] {processor.py:186} INFO - Started process (PID=8559) to work on /home/ubuntu/redfin_venv/lib/python3.12/site-packages/airflow/example_dags/example_sensors.py
[2025-03-06T01:19:25.123+0000] {processor.py:914} INFO - Processing file /home/ubuntu/redfin_venv/lib/python3.12/site-packages/airflow/example_dags/example_sensors.py for tasks to queue
[2025-03-06T01:19:25.126+0000] {logging_mixin.py:190} INFO - [2025-03-06T01:19:25.126+0000] {dagbag.py:588} INFO - Filling up the DagBag from /home/ubuntu/redfin_venv/lib/python3.12/site-packages/airflow/example_dags/example_sensors.py
[2025-03-06T01:19:25.143+0000] {processor.py:925} INFO - DAG(s) 'example_sensors' retrieved from /home/ubuntu/redfin_venv/lib/python3.12/site-packages/airflow/example_dags/example_sensors.py
[2025-03-06T01:19:25.175+0000] {logging_mixin.py:190} INFO - [2025-03-06T01:19:25.175+0000] {dag.py:3239} INFO - Sync 1 DAGs
[2025-03-06T01:19:25.204+0000] {logging_mixin.py:190} INFO - [2025-03-06T01:19:25.204+0000] {dag.py:4180} INFO - Setting next_dagrun for example_sensors to None, run_after=None
[2025-03-06T01:19:25.269+0000] {processor.py:208} INFO - Processing /home/ubuntu/redfin_venv/lib/python3.12/site-packages/airflow/example_dags/example_sensors.py took 0.159 seconds
