[2025-03-06T00:58:49.126+0000] {processor.py:186} INFO - Started process (PID=3644) to work on /home/ubuntu/redfin_venv/lib/python3.12/site-packages/airflow/example_dags/example_latest_only.py
[2025-03-06T00:58:49.127+0000] {processor.py:914} INFO - Processing file /home/ubuntu/redfin_venv/lib/python3.12/site-packages/airflow/example_dags/example_latest_only.py for tasks to queue
[2025-03-06T00:58:49.130+0000] {logging_mixin.py:190} INFO - [2025-03-06T00:58:49.130+0000] {dagbag.py:588} INFO - Filling up the DagBag from /home/ubuntu/redfin_venv/lib/python3.12/site-packages/airflow/example_dags/example_latest_only.py
[2025-03-06T00:58:49.140+0000] {processor.py:925} INFO - DAG(s) 'latest_only' retrieved from /home/ubuntu/redfin_venv/lib/python3.12/site-packages/airflow/example_dags/example_latest_only.py
[2025-03-06T00:58:49.165+0000] {logging_mixin.py:190} INFO - [2025-03-06T00:58:49.165+0000] {dag.py:3239} INFO - Sync 1 DAGs
[2025-03-06T00:58:49.192+0000] {logging_mixin.py:190} INFO - [2025-03-06T00:58:49.191+0000] {dag.py:4180} INFO - Setting next_dagrun for latest_only to 2025-03-05 20:00:00+00:00, run_after=2025-03-06 00:00:00+00:00
[2025-03-06T00:58:49.224+0000] {processor.py:208} INFO - Processing /home/ubuntu/redfin_venv/lib/python3.12/site-packages/airflow/example_dags/example_latest_only.py took 0.106 seconds
[2025-03-06T00:59:47.733+0000] {processor.py:186} INFO - Started process (PID=4007) to work on /home/ubuntu/redfin_venv/lib/python3.12/site-packages/airflow/example_dags/example_latest_only.py
[2025-03-06T00:59:47.736+0000] {processor.py:914} INFO - Processing file /home/ubuntu/redfin_venv/lib/python3.12/site-packages/airflow/example_dags/example_latest_only.py for tasks to queue
[2025-03-06T00:59:47.739+0000] {logging_mixin.py:190} INFO - [2025-03-06T00:59:47.738+0000] {dagbag.py:588} INFO - Filling up the DagBag from /home/ubuntu/redfin_venv/lib/python3.12/site-packages/airflow/example_dags/example_latest_only.py
[2025-03-06T00:59:47.749+0000] {processor.py:925} INFO - DAG(s) 'latest_only' retrieved from /home/ubuntu/redfin_venv/lib/python3.12/site-packages/airflow/example_dags/example_latest_only.py
[2025-03-06T00:59:47.769+0000] {logging_mixin.py:190} INFO - [2025-03-06T00:59:47.768+0000] {dag.py:3239} INFO - Sync 1 DAGs
[2025-03-06T00:59:47.789+0000] {logging_mixin.py:190} INFO - [2025-03-06T00:59:47.789+0000] {dag.py:4180} INFO - Setting next_dagrun for latest_only to 2025-03-05 20:00:00+00:00, run_after=2025-03-06 00:00:00+00:00
[2025-03-06T00:59:47.813+0000] {processor.py:208} INFO - Processing /home/ubuntu/redfin_venv/lib/python3.12/site-packages/airflow/example_dags/example_latest_only.py took 0.089 seconds
[2025-03-06T01:00:48.075+0000] {processor.py:186} INFO - Started process (PID=4667) to work on /home/ubuntu/redfin_venv/lib/python3.12/site-packages/airflow/example_dags/example_latest_only.py
[2025-03-06T01:00:48.081+0000] {processor.py:914} INFO - Processing file /home/ubuntu/redfin_venv/lib/python3.12/site-packages/airflow/example_dags/example_latest_only.py for tasks to queue
[2025-03-06T01:00:48.083+0000] {logging_mixin.py:190} INFO - [2025-03-06T01:00:48.083+0000] {dagbag.py:588} INFO - Filling up the DagBag from /home/ubuntu/redfin_venv/lib/python3.12/site-packages/airflow/example_dags/example_latest_only.py
[2025-03-06T01:00:48.096+0000] {processor.py:925} INFO - DAG(s) 'latest_only' retrieved from /home/ubuntu/redfin_venv/lib/python3.12/site-packages/airflow/example_dags/example_latest_only.py
[2025-03-06T01:00:48.128+0000] {logging_mixin.py:190} INFO - [2025-03-06T01:00:48.128+0000] {dag.py:3239} INFO - Sync 1 DAGs
[2025-03-06T01:00:48.168+0000] {logging_mixin.py:190} INFO - [2025-03-06T01:00:48.168+0000] {dag.py:4180} INFO - Setting next_dagrun for latest_only to 2025-03-05 20:00:00+00:00, run_after=2025-03-06 00:00:00+00:00
[2025-03-06T01:00:48.226+0000] {processor.py:208} INFO - Processing /home/ubuntu/redfin_venv/lib/python3.12/site-packages/airflow/example_dags/example_latest_only.py took 0.163 seconds
[2025-03-06T01:01:51.500+0000] {processor.py:186} INFO - Started process (PID=4912) to work on /home/ubuntu/redfin_venv/lib/python3.12/site-packages/airflow/example_dags/example_latest_only.py
[2025-03-06T01:01:51.502+0000] {processor.py:914} INFO - Processing file /home/ubuntu/redfin_venv/lib/python3.12/site-packages/airflow/example_dags/example_latest_only.py for tasks to queue
[2025-03-06T01:01:51.504+0000] {logging_mixin.py:190} INFO - [2025-03-06T01:01:51.503+0000] {dagbag.py:588} INFO - Filling up the DagBag from /home/ubuntu/redfin_venv/lib/python3.12/site-packages/airflow/example_dags/example_latest_only.py
[2025-03-06T01:01:51.512+0000] {processor.py:925} INFO - DAG(s) 'latest_only' retrieved from /home/ubuntu/redfin_venv/lib/python3.12/site-packages/airflow/example_dags/example_latest_only.py
[2025-03-06T01:01:51.529+0000] {logging_mixin.py:190} INFO - [2025-03-06T01:01:51.528+0000] {dag.py:3239} INFO - Sync 1 DAGs
[2025-03-06T01:01:51.549+0000] {logging_mixin.py:190} INFO - [2025-03-06T01:01:51.549+0000] {dag.py:4180} INFO - Setting next_dagrun for latest_only to 2025-03-05 20:00:00+00:00, run_after=2025-03-06 00:00:00+00:00
[2025-03-06T01:01:51.573+0000] {processor.py:208} INFO - Processing /home/ubuntu/redfin_venv/lib/python3.12/site-packages/airflow/example_dags/example_latest_only.py took 0.079 seconds
[2025-03-06T01:02:52.517+0000] {processor.py:186} INFO - Started process (PID=5211) to work on /home/ubuntu/redfin_venv/lib/python3.12/site-packages/airflow/example_dags/example_latest_only.py
[2025-03-06T01:02:52.519+0000] {processor.py:914} INFO - Processing file /home/ubuntu/redfin_venv/lib/python3.12/site-packages/airflow/example_dags/example_latest_only.py for tasks to queue
[2025-03-06T01:02:52.521+0000] {logging_mixin.py:190} INFO - [2025-03-06T01:02:52.520+0000] {dagbag.py:588} INFO - Filling up the DagBag from /home/ubuntu/redfin_venv/lib/python3.12/site-packages/airflow/example_dags/example_latest_only.py
[2025-03-06T01:02:52.531+0000] {processor.py:925} INFO - DAG(s) 'latest_only' retrieved from /home/ubuntu/redfin_venv/lib/python3.12/site-packages/airflow/example_dags/example_latest_only.py
[2025-03-06T01:02:52.553+0000] {logging_mixin.py:190} INFO - [2025-03-06T01:02:52.552+0000] {dag.py:3239} INFO - Sync 1 DAGs
[2025-03-06T01:02:52.579+0000] {logging_mixin.py:190} INFO - [2025-03-06T01:02:52.579+0000] {dag.py:4180} INFO - Setting next_dagrun for latest_only to 2025-03-05 20:00:00+00:00, run_after=2025-03-06 00:00:00+00:00
[2025-03-06T01:02:52.607+0000] {processor.py:208} INFO - Processing /home/ubuntu/redfin_venv/lib/python3.12/site-packages/airflow/example_dags/example_latest_only.py took 0.098 seconds
[2025-03-06T01:03:50.237+0000] {processor.py:186} INFO - Started process (PID=5390) to work on /home/ubuntu/redfin_venv/lib/python3.12/site-packages/airflow/example_dags/example_latest_only.py
[2025-03-06T01:03:50.239+0000] {processor.py:914} INFO - Processing file /home/ubuntu/redfin_venv/lib/python3.12/site-packages/airflow/example_dags/example_latest_only.py for tasks to queue
[2025-03-06T01:03:50.241+0000] {logging_mixin.py:190} INFO - [2025-03-06T01:03:50.241+0000] {dagbag.py:588} INFO - Filling up the DagBag from /home/ubuntu/redfin_venv/lib/python3.12/site-packages/airflow/example_dags/example_latest_only.py
[2025-03-06T01:03:50.251+0000] {processor.py:925} INFO - DAG(s) 'latest_only' retrieved from /home/ubuntu/redfin_venv/lib/python3.12/site-packages/airflow/example_dags/example_latest_only.py
[2025-03-06T01:03:50.270+0000] {logging_mixin.py:190} INFO - [2025-03-06T01:03:50.270+0000] {dag.py:3239} INFO - Sync 1 DAGs
[2025-03-06T01:03:50.291+0000] {logging_mixin.py:190} INFO - [2025-03-06T01:03:50.290+0000] {dag.py:4180} INFO - Setting next_dagrun for latest_only to 2025-03-05 20:00:00+00:00, run_after=2025-03-06 00:00:00+00:00
[2025-03-06T01:03:50.314+0000] {processor.py:208} INFO - Processing /home/ubuntu/redfin_venv/lib/python3.12/site-packages/airflow/example_dags/example_latest_only.py took 0.083 seconds
[2025-03-06T01:04:55.740+0000] {processor.py:186} INFO - Started process (PID=5511) to work on /home/ubuntu/redfin_venv/lib/python3.12/site-packages/airflow/example_dags/example_latest_only.py
[2025-03-06T01:04:55.743+0000] {processor.py:914} INFO - Processing file /home/ubuntu/redfin_venv/lib/python3.12/site-packages/airflow/example_dags/example_latest_only.py for tasks to queue
[2025-03-06T01:04:55.747+0000] {logging_mixin.py:190} INFO - [2025-03-06T01:04:55.746+0000] {dagbag.py:588} INFO - Filling up the DagBag from /home/ubuntu/redfin_venv/lib/python3.12/site-packages/airflow/example_dags/example_latest_only.py
[2025-03-06T01:04:55.769+0000] {processor.py:925} INFO - DAG(s) 'latest_only' retrieved from /home/ubuntu/redfin_venv/lib/python3.12/site-packages/airflow/example_dags/example_latest_only.py
[2025-03-06T01:04:55.802+0000] {logging_mixin.py:190} INFO - [2025-03-06T01:04:55.801+0000] {dag.py:3239} INFO - Sync 1 DAGs
[2025-03-06T01:04:55.843+0000] {logging_mixin.py:190} INFO - [2025-03-06T01:04:55.842+0000] {dag.py:4180} INFO - Setting next_dagrun for latest_only to 2025-03-05 20:00:00+00:00, run_after=2025-03-06 00:00:00+00:00
[2025-03-06T01:04:55.874+0000] {processor.py:208} INFO - Processing /home/ubuntu/redfin_venv/lib/python3.12/site-packages/airflow/example_dags/example_latest_only.py took 0.143 seconds
[2025-03-06T01:06:00.512+0000] {processor.py:186} INFO - Started process (PID=5635) to work on /home/ubuntu/redfin_venv/lib/python3.12/site-packages/airflow/example_dags/example_latest_only.py
[2025-03-06T01:06:00.514+0000] {processor.py:914} INFO - Processing file /home/ubuntu/redfin_venv/lib/python3.12/site-packages/airflow/example_dags/example_latest_only.py for tasks to queue
[2025-03-06T01:06:00.516+0000] {logging_mixin.py:190} INFO - [2025-03-06T01:06:00.516+0000] {dagbag.py:588} INFO - Filling up the DagBag from /home/ubuntu/redfin_venv/lib/python3.12/site-packages/airflow/example_dags/example_latest_only.py
[2025-03-06T01:06:00.525+0000] {processor.py:925} INFO - DAG(s) 'latest_only' retrieved from /home/ubuntu/redfin_venv/lib/python3.12/site-packages/airflow/example_dags/example_latest_only.py
[2025-03-06T01:06:00.544+0000] {logging_mixin.py:190} INFO - [2025-03-06T01:06:00.544+0000] {dag.py:3239} INFO - Sync 1 DAGs
[2025-03-06T01:06:00.567+0000] {logging_mixin.py:190} INFO - [2025-03-06T01:06:00.566+0000] {dag.py:4180} INFO - Setting next_dagrun for latest_only to 2025-03-05 20:00:00+00:00, run_after=2025-03-06 00:00:00+00:00
[2025-03-06T01:06:00.592+0000] {processor.py:208} INFO - Processing /home/ubuntu/redfin_venv/lib/python3.12/site-packages/airflow/example_dags/example_latest_only.py took 0.086 seconds
[2025-03-06T01:07:04.383+0000] {processor.py:186} INFO - Started process (PID=6058) to work on /home/ubuntu/redfin_venv/lib/python3.12/site-packages/airflow/example_dags/example_latest_only.py
[2025-03-06T01:07:04.384+0000] {processor.py:914} INFO - Processing file /home/ubuntu/redfin_venv/lib/python3.12/site-packages/airflow/example_dags/example_latest_only.py for tasks to queue
[2025-03-06T01:07:04.387+0000] {logging_mixin.py:190} INFO - [2025-03-06T01:07:04.386+0000] {dagbag.py:588} INFO - Filling up the DagBag from /home/ubuntu/redfin_venv/lib/python3.12/site-packages/airflow/example_dags/example_latest_only.py
[2025-03-06T01:07:04.399+0000] {processor.py:925} INFO - DAG(s) 'latest_only' retrieved from /home/ubuntu/redfin_venv/lib/python3.12/site-packages/airflow/example_dags/example_latest_only.py
[2025-03-06T01:07:04.424+0000] {logging_mixin.py:190} INFO - [2025-03-06T01:07:04.423+0000] {dag.py:3239} INFO - Sync 1 DAGs
[2025-03-06T01:07:04.470+0000] {logging_mixin.py:190} INFO - [2025-03-06T01:07:04.469+0000] {dag.py:4180} INFO - Setting next_dagrun for latest_only to 2025-03-05 20:00:00+00:00, run_after=2025-03-06 00:00:00+00:00
[2025-03-06T01:07:04.507+0000] {processor.py:208} INFO - Processing /home/ubuntu/redfin_venv/lib/python3.12/site-packages/airflow/example_dags/example_latest_only.py took 0.132 seconds
[2025-03-06T01:08:06.292+0000] {processor.py:186} INFO - Started process (PID=6357) to work on /home/ubuntu/redfin_venv/lib/python3.12/site-packages/airflow/example_dags/example_latest_only.py
[2025-03-06T01:08:06.293+0000] {processor.py:914} INFO - Processing file /home/ubuntu/redfin_venv/lib/python3.12/site-packages/airflow/example_dags/example_latest_only.py for tasks to queue
[2025-03-06T01:08:06.295+0000] {logging_mixin.py:190} INFO - [2025-03-06T01:08:06.295+0000] {dagbag.py:588} INFO - Filling up the DagBag from /home/ubuntu/redfin_venv/lib/python3.12/site-packages/airflow/example_dags/example_latest_only.py
[2025-03-06T01:08:06.304+0000] {processor.py:925} INFO - DAG(s) 'latest_only' retrieved from /home/ubuntu/redfin_venv/lib/python3.12/site-packages/airflow/example_dags/example_latest_only.py
[2025-03-06T01:08:06.331+0000] {logging_mixin.py:190} INFO - [2025-03-06T01:08:06.330+0000] {dag.py:3239} INFO - Sync 1 DAGs
[2025-03-06T01:08:06.361+0000] {logging_mixin.py:190} INFO - [2025-03-06T01:08:06.361+0000] {dag.py:4180} INFO - Setting next_dagrun for latest_only to 2025-03-05 20:00:00+00:00, run_after=2025-03-06 00:00:00+00:00
[2025-03-06T01:08:06.392+0000] {processor.py:208} INFO - Processing /home/ubuntu/redfin_venv/lib/python3.12/site-packages/airflow/example_dags/example_latest_only.py took 0.106 seconds
[2025-03-06T01:09:06.312+0000] {processor.py:186} INFO - Started process (PID=6716) to work on /home/ubuntu/redfin_venv/lib/python3.12/site-packages/airflow/example_dags/example_latest_only.py
[2025-03-06T01:09:06.313+0000] {processor.py:914} INFO - Processing file /home/ubuntu/redfin_venv/lib/python3.12/site-packages/airflow/example_dags/example_latest_only.py for tasks to queue
[2025-03-06T01:09:06.316+0000] {logging_mixin.py:190} INFO - [2025-03-06T01:09:06.315+0000] {dagbag.py:588} INFO - Filling up the DagBag from /home/ubuntu/redfin_venv/lib/python3.12/site-packages/airflow/example_dags/example_latest_only.py
[2025-03-06T01:09:06.325+0000] {processor.py:925} INFO - DAG(s) 'latest_only' retrieved from /home/ubuntu/redfin_venv/lib/python3.12/site-packages/airflow/example_dags/example_latest_only.py
[2025-03-06T01:09:06.343+0000] {logging_mixin.py:190} INFO - [2025-03-06T01:09:06.342+0000] {dag.py:3239} INFO - Sync 1 DAGs
[2025-03-06T01:09:06.366+0000] {logging_mixin.py:190} INFO - [2025-03-06T01:09:06.366+0000] {dag.py:4180} INFO - Setting next_dagrun for latest_only to 2025-03-05 20:00:00+00:00, run_after=2025-03-06 00:00:00+00:00
[2025-03-06T01:09:06.391+0000] {processor.py:208} INFO - Processing /home/ubuntu/redfin_venv/lib/python3.12/site-packages/airflow/example_dags/example_latest_only.py took 0.086 seconds
[2025-03-06T01:10:10.227+0000] {processor.py:186} INFO - Started process (PID=6840) to work on /home/ubuntu/redfin_venv/lib/python3.12/site-packages/airflow/example_dags/example_latest_only.py
[2025-03-06T01:10:10.229+0000] {processor.py:914} INFO - Processing file /home/ubuntu/redfin_venv/lib/python3.12/site-packages/airflow/example_dags/example_latest_only.py for tasks to queue
[2025-03-06T01:10:10.231+0000] {logging_mixin.py:190} INFO - [2025-03-06T01:10:10.230+0000] {dagbag.py:588} INFO - Filling up the DagBag from /home/ubuntu/redfin_venv/lib/python3.12/site-packages/airflow/example_dags/example_latest_only.py
[2025-03-06T01:10:10.240+0000] {processor.py:925} INFO - DAG(s) 'latest_only' retrieved from /home/ubuntu/redfin_venv/lib/python3.12/site-packages/airflow/example_dags/example_latest_only.py
[2025-03-06T01:10:10.260+0000] {logging_mixin.py:190} INFO - [2025-03-06T01:10:10.259+0000] {dag.py:3239} INFO - Sync 1 DAGs
[2025-03-06T01:10:10.282+0000] {logging_mixin.py:190} INFO - [2025-03-06T01:10:10.282+0000] {dag.py:4180} INFO - Setting next_dagrun for latest_only to 2025-03-05 20:00:00+00:00, run_after=2025-03-06 00:00:00+00:00
[2025-03-06T01:10:10.307+0000] {processor.py:208} INFO - Processing /home/ubuntu/redfin_venv/lib/python3.12/site-packages/airflow/example_dags/example_latest_only.py took 0.087 seconds
[2025-03-06T01:11:11.565+0000] {processor.py:186} INFO - Started process (PID=6959) to work on /home/ubuntu/redfin_venv/lib/python3.12/site-packages/airflow/example_dags/example_latest_only.py
[2025-03-06T01:11:11.569+0000] {processor.py:914} INFO - Processing file /home/ubuntu/redfin_venv/lib/python3.12/site-packages/airflow/example_dags/example_latest_only.py for tasks to queue
[2025-03-06T01:11:11.572+0000] {logging_mixin.py:190} INFO - [2025-03-06T01:11:11.571+0000] {dagbag.py:588} INFO - Filling up the DagBag from /home/ubuntu/redfin_venv/lib/python3.12/site-packages/airflow/example_dags/example_latest_only.py
[2025-03-06T01:11:11.588+0000] {processor.py:925} INFO - DAG(s) 'latest_only' retrieved from /home/ubuntu/redfin_venv/lib/python3.12/site-packages/airflow/example_dags/example_latest_only.py
[2025-03-06T01:11:11.613+0000] {logging_mixin.py:190} INFO - [2025-03-06T01:11:11.612+0000] {dag.py:3239} INFO - Sync 1 DAGs
[2025-03-06T01:11:11.642+0000] {logging_mixin.py:190} INFO - [2025-03-06T01:11:11.642+0000] {dag.py:4180} INFO - Setting next_dagrun for latest_only to 2025-03-05 20:00:00+00:00, run_after=2025-03-06 00:00:00+00:00
[2025-03-06T01:11:11.676+0000] {processor.py:208} INFO - Processing /home/ubuntu/redfin_venv/lib/python3.12/site-packages/airflow/example_dags/example_latest_only.py took 0.124 seconds
[2025-03-06T01:12:16.244+0000] {processor.py:186} INFO - Started process (PID=7139) to work on /home/ubuntu/redfin_venv/lib/python3.12/site-packages/airflow/example_dags/example_latest_only.py
[2025-03-06T01:12:16.246+0000] {processor.py:914} INFO - Processing file /home/ubuntu/redfin_venv/lib/python3.12/site-packages/airflow/example_dags/example_latest_only.py for tasks to queue
[2025-03-06T01:12:16.248+0000] {logging_mixin.py:190} INFO - [2025-03-06T01:12:16.247+0000] {dagbag.py:588} INFO - Filling up the DagBag from /home/ubuntu/redfin_venv/lib/python3.12/site-packages/airflow/example_dags/example_latest_only.py
[2025-03-06T01:12:16.257+0000] {processor.py:925} INFO - DAG(s) 'latest_only' retrieved from /home/ubuntu/redfin_venv/lib/python3.12/site-packages/airflow/example_dags/example_latest_only.py
[2025-03-06T01:12:16.274+0000] {logging_mixin.py:190} INFO - [2025-03-06T01:12:16.273+0000] {dag.py:3239} INFO - Sync 1 DAGs
[2025-03-06T01:12:16.296+0000] {logging_mixin.py:190} INFO - [2025-03-06T01:12:16.296+0000] {dag.py:4180} INFO - Setting next_dagrun for latest_only to 2025-03-05 20:00:00+00:00, run_after=2025-03-06 00:00:00+00:00
[2025-03-06T01:12:16.319+0000] {processor.py:208} INFO - Processing /home/ubuntu/redfin_venv/lib/python3.12/site-packages/airflow/example_dags/example_latest_only.py took 0.081 seconds
[2025-03-06T01:13:19.398+0000] {processor.py:186} INFO - Started process (PID=7259) to work on /home/ubuntu/redfin_venv/lib/python3.12/site-packages/airflow/example_dags/example_latest_only.py
[2025-03-06T01:13:19.400+0000] {processor.py:914} INFO - Processing file /home/ubuntu/redfin_venv/lib/python3.12/site-packages/airflow/example_dags/example_latest_only.py for tasks to queue
[2025-03-06T01:13:19.402+0000] {logging_mixin.py:190} INFO - [2025-03-06T01:13:19.402+0000] {dagbag.py:588} INFO - Filling up the DagBag from /home/ubuntu/redfin_venv/lib/python3.12/site-packages/airflow/example_dags/example_latest_only.py
[2025-03-06T01:13:19.416+0000] {processor.py:925} INFO - DAG(s) 'latest_only' retrieved from /home/ubuntu/redfin_venv/lib/python3.12/site-packages/airflow/example_dags/example_latest_only.py
[2025-03-06T01:13:19.434+0000] {logging_mixin.py:190} INFO - [2025-03-06T01:13:19.434+0000] {dag.py:3239} INFO - Sync 1 DAGs
[2025-03-06T01:13:19.475+0000] {logging_mixin.py:190} INFO - [2025-03-06T01:13:19.475+0000] {dag.py:4180} INFO - Setting next_dagrun for latest_only to 2025-03-05 20:00:00+00:00, run_after=2025-03-06 00:00:00+00:00
[2025-03-06T01:13:19.498+0000] {processor.py:208} INFO - Processing /home/ubuntu/redfin_venv/lib/python3.12/site-packages/airflow/example_dags/example_latest_only.py took 0.108 seconds
[2025-03-06T01:14:21.826+0000] {processor.py:186} INFO - Started process (PID=7441) to work on /home/ubuntu/redfin_venv/lib/python3.12/site-packages/airflow/example_dags/example_latest_only.py
[2025-03-06T01:14:21.828+0000] {processor.py:914} INFO - Processing file /home/ubuntu/redfin_venv/lib/python3.12/site-packages/airflow/example_dags/example_latest_only.py for tasks to queue
[2025-03-06T01:14:21.833+0000] {logging_mixin.py:190} INFO - [2025-03-06T01:14:21.832+0000] {dagbag.py:588} INFO - Filling up the DagBag from /home/ubuntu/redfin_venv/lib/python3.12/site-packages/airflow/example_dags/example_latest_only.py
[2025-03-06T01:14:21.853+0000] {processor.py:925} INFO - DAG(s) 'latest_only' retrieved from /home/ubuntu/redfin_venv/lib/python3.12/site-packages/airflow/example_dags/example_latest_only.py
[2025-03-06T01:14:21.885+0000] {logging_mixin.py:190} INFO - [2025-03-06T01:14:21.885+0000] {dag.py:3239} INFO - Sync 1 DAGs
[2025-03-06T01:14:21.925+0000] {logging_mixin.py:190} INFO - [2025-03-06T01:14:21.925+0000] {dag.py:4180} INFO - Setting next_dagrun for latest_only to 2025-03-05 20:00:00+00:00, run_after=2025-03-06 00:00:00+00:00
[2025-03-06T01:14:21.978+0000] {processor.py:208} INFO - Processing /home/ubuntu/redfin_venv/lib/python3.12/site-packages/airflow/example_dags/example_latest_only.py took 0.165 seconds
[2025-03-06T01:15:21.881+0000] {processor.py:186} INFO - Started process (PID=7743) to work on /home/ubuntu/redfin_venv/lib/python3.12/site-packages/airflow/example_dags/example_latest_only.py
[2025-03-06T01:15:21.882+0000] {processor.py:914} INFO - Processing file /home/ubuntu/redfin_venv/lib/python3.12/site-packages/airflow/example_dags/example_latest_only.py for tasks to queue
[2025-03-06T01:15:21.885+0000] {logging_mixin.py:190} INFO - [2025-03-06T01:15:21.884+0000] {dagbag.py:588} INFO - Filling up the DagBag from /home/ubuntu/redfin_venv/lib/python3.12/site-packages/airflow/example_dags/example_latest_only.py
[2025-03-06T01:15:21.894+0000] {processor.py:925} INFO - DAG(s) 'latest_only' retrieved from /home/ubuntu/redfin_venv/lib/python3.12/site-packages/airflow/example_dags/example_latest_only.py
[2025-03-06T01:15:21.913+0000] {logging_mixin.py:190} INFO - [2025-03-06T01:15:21.912+0000] {dag.py:3239} INFO - Sync 1 DAGs
[2025-03-06T01:15:21.938+0000] {logging_mixin.py:190} INFO - [2025-03-06T01:15:21.938+0000] {dag.py:4180} INFO - Setting next_dagrun for latest_only to 2025-03-05 20:00:00+00:00, run_after=2025-03-06 00:00:00+00:00
[2025-03-06T01:15:21.965+0000] {processor.py:208} INFO - Processing /home/ubuntu/redfin_venv/lib/python3.12/site-packages/airflow/example_dags/example_latest_only.py took 0.091 seconds
[2025-03-06T01:16:23.590+0000] {processor.py:186} INFO - Started process (PID=7863) to work on /home/ubuntu/redfin_venv/lib/python3.12/site-packages/airflow/example_dags/example_latest_only.py
[2025-03-06T01:16:23.591+0000] {processor.py:914} INFO - Processing file /home/ubuntu/redfin_venv/lib/python3.12/site-packages/airflow/example_dags/example_latest_only.py for tasks to queue
[2025-03-06T01:16:23.593+0000] {logging_mixin.py:190} INFO - [2025-03-06T01:16:23.593+0000] {dagbag.py:588} INFO - Filling up the DagBag from /home/ubuntu/redfin_venv/lib/python3.12/site-packages/airflow/example_dags/example_latest_only.py
[2025-03-06T01:16:23.603+0000] {processor.py:925} INFO - DAG(s) 'latest_only' retrieved from /home/ubuntu/redfin_venv/lib/python3.12/site-packages/airflow/example_dags/example_latest_only.py
[2025-03-06T01:16:23.626+0000] {logging_mixin.py:190} INFO - [2025-03-06T01:16:23.626+0000] {dag.py:3239} INFO - Sync 1 DAGs
[2025-03-06T01:16:23.649+0000] {logging_mixin.py:190} INFO - [2025-03-06T01:16:23.648+0000] {dag.py:4180} INFO - Setting next_dagrun for latest_only to 2025-03-05 20:00:00+00:00, run_after=2025-03-06 00:00:00+00:00
[2025-03-06T01:16:23.675+0000] {processor.py:208} INFO - Processing /home/ubuntu/redfin_venv/lib/python3.12/site-packages/airflow/example_dags/example_latest_only.py took 0.092 seconds
[2025-03-06T01:17:25.316+0000] {processor.py:186} INFO - Started process (PID=8057) to work on /home/ubuntu/redfin_venv/lib/python3.12/site-packages/airflow/example_dags/example_latest_only.py
[2025-03-06T01:17:25.318+0000] {processor.py:914} INFO - Processing file /home/ubuntu/redfin_venv/lib/python3.12/site-packages/airflow/example_dags/example_latest_only.py for tasks to queue
[2025-03-06T01:17:25.322+0000] {logging_mixin.py:190} INFO - [2025-03-06T01:17:25.321+0000] {dagbag.py:588} INFO - Filling up the DagBag from /home/ubuntu/redfin_venv/lib/python3.12/site-packages/airflow/example_dags/example_latest_only.py
[2025-03-06T01:17:25.339+0000] {processor.py:925} INFO - DAG(s) 'latest_only' retrieved from /home/ubuntu/redfin_venv/lib/python3.12/site-packages/airflow/example_dags/example_latest_only.py
[2025-03-06T01:17:25.373+0000] {logging_mixin.py:190} INFO - [2025-03-06T01:17:25.372+0000] {dag.py:3239} INFO - Sync 1 DAGs
[2025-03-06T01:17:25.418+0000] {logging_mixin.py:190} INFO - [2025-03-06T01:17:25.418+0000] {dag.py:4180} INFO - Setting next_dagrun for latest_only to 2025-03-05 20:00:00+00:00, run_after=2025-03-06 00:00:00+00:00
[2025-03-06T01:17:25.467+0000] {processor.py:208} INFO - Processing /home/ubuntu/redfin_venv/lib/python3.12/site-packages/airflow/example_dags/example_latest_only.py took 0.163 seconds
[2025-03-06T01:18:24.271+0000] {processor.py:186} INFO - Started process (PID=8384) to work on /home/ubuntu/redfin_venv/lib/python3.12/site-packages/airflow/example_dags/example_latest_only.py
[2025-03-06T01:18:24.273+0000] {processor.py:914} INFO - Processing file /home/ubuntu/redfin_venv/lib/python3.12/site-packages/airflow/example_dags/example_latest_only.py for tasks to queue
[2025-03-06T01:18:24.276+0000] {logging_mixin.py:190} INFO - [2025-03-06T01:18:24.275+0000] {dagbag.py:588} INFO - Filling up the DagBag from /home/ubuntu/redfin_venv/lib/python3.12/site-packages/airflow/example_dags/example_latest_only.py
[2025-03-06T01:18:24.285+0000] {processor.py:925} INFO - DAG(s) 'latest_only' retrieved from /home/ubuntu/redfin_venv/lib/python3.12/site-packages/airflow/example_dags/example_latest_only.py
[2025-03-06T01:18:24.306+0000] {logging_mixin.py:190} INFO - [2025-03-06T01:18:24.306+0000] {dag.py:3239} INFO - Sync 1 DAGs
[2025-03-06T01:18:24.329+0000] {logging_mixin.py:190} INFO - [2025-03-06T01:18:24.328+0000] {dag.py:4180} INFO - Setting next_dagrun for latest_only to 2025-03-05 20:00:00+00:00, run_after=2025-03-06 00:00:00+00:00
[2025-03-06T01:18:24.356+0000] {processor.py:208} INFO - Processing /home/ubuntu/redfin_venv/lib/python3.12/site-packages/airflow/example_dags/example_latest_only.py took 0.092 seconds
[2025-03-06T01:19:32.473+0000] {processor.py:186} INFO - Started process (PID=8565) to work on /home/ubuntu/redfin_venv/lib/python3.12/site-packages/airflow/example_dags/example_latest_only.py
[2025-03-06T01:19:32.475+0000] {processor.py:914} INFO - Processing file /home/ubuntu/redfin_venv/lib/python3.12/site-packages/airflow/example_dags/example_latest_only.py for tasks to queue
[2025-03-06T01:19:32.479+0000] {logging_mixin.py:190} INFO - [2025-03-06T01:19:32.478+0000] {dagbag.py:588} INFO - Filling up the DagBag from /home/ubuntu/redfin_venv/lib/python3.12/site-packages/airflow/example_dags/example_latest_only.py
[2025-03-06T01:19:32.494+0000] {processor.py:925} INFO - DAG(s) 'latest_only' retrieved from /home/ubuntu/redfin_venv/lib/python3.12/site-packages/airflow/example_dags/example_latest_only.py
[2025-03-06T01:19:32.545+0000] {logging_mixin.py:190} INFO - [2025-03-06T01:19:32.544+0000] {dag.py:3239} INFO - Sync 1 DAGs
[2025-03-06T01:19:32.567+0000] {logging_mixin.py:190} INFO - [2025-03-06T01:19:32.567+0000] {dag.py:4180} INFO - Setting next_dagrun for latest_only to 2025-03-05 20:00:00+00:00, run_after=2025-03-06 00:00:00+00:00
[2025-03-06T01:19:32.593+0000] {processor.py:208} INFO - Processing /home/ubuntu/redfin_venv/lib/python3.12/site-packages/airflow/example_dags/example_latest_only.py took 0.130 seconds
