[2025-03-06T00:59:03.456+0000] {processor.py:186} INFO - Started process (PID=3777) to work on /home/ubuntu/redfin_venv/lib/python3.12/site-packages/airflow/example_dags/example_dataset_alias_with_no_taskflow.py
[2025-03-06T00:59:03.457+0000] {processor.py:914} INFO - Processing file /home/ubuntu/redfin_venv/lib/python3.12/site-packages/airflow/example_dags/example_dataset_alias_with_no_taskflow.py for tasks to queue
[2025-03-06T00:59:03.459+0000] {logging_mixin.py:190} INFO - [2025-03-06T00:59:03.459+0000] {dagbag.py:588} INFO - Filling up the DagBag from /home/ubuntu/redfin_venv/lib/python3.12/site-packages/airflow/example_dags/example_dataset_alias_with_no_taskflow.py
[2025-03-06T00:59:03.486+0000] {processor.py:925} INFO - DAG(s) 'dataset_s3_bucket_producer_with_no_taskflow', 'dataset_alias_example_alias_producer_with_no_taskflow', 'dataset_s3_bucket_consumer_with_no_taskflow', 'dataset_alias_example_alias_consumer_with_no_taskflow' retrieved from /home/ubuntu/redfin_venv/lib/python3.12/site-packages/airflow/example_dags/example_dataset_alias_with_no_taskflow.py
[2025-03-06T00:59:03.507+0000] {logging_mixin.py:190} INFO - [2025-03-06T00:59:03.506+0000] {dag.py:3239} INFO - Sync 4 DAGs
[2025-03-06T00:59:03.529+0000] {logging_mixin.py:190} INFO - [2025-03-06T00:59:03.529+0000] {dag.py:4180} INFO - Setting next_dagrun for dataset_alias_example_alias_consumer_with_no_taskflow to None, run_after=None
[2025-03-06T00:59:03.531+0000] {logging_mixin.py:190} INFO - [2025-03-06T00:59:03.531+0000] {dag.py:4180} INFO - Setting next_dagrun for dataset_alias_example_alias_producer_with_no_taskflow to None, run_after=None
[2025-03-06T00:59:03.533+0000] {logging_mixin.py:190} INFO - [2025-03-06T00:59:03.532+0000] {dag.py:4180} INFO - Setting next_dagrun for dataset_s3_bucket_consumer_with_no_taskflow to None, run_after=None
[2025-03-06T00:59:03.533+0000] {logging_mixin.py:190} INFO - [2025-03-06T00:59:03.533+0000] {dag.py:4180} INFO - Setting next_dagrun for dataset_s3_bucket_producer_with_no_taskflow to None, run_after=None
[2025-03-06T00:59:03.559+0000] {processor.py:208} INFO - Processing /home/ubuntu/redfin_venv/lib/python3.12/site-packages/airflow/example_dags/example_dataset_alias_with_no_taskflow.py took 0.108 seconds
[2025-03-06T01:00:01.486+0000] {processor.py:186} INFO - Started process (PID=4140) to work on /home/ubuntu/redfin_venv/lib/python3.12/site-packages/airflow/example_dags/example_dataset_alias_with_no_taskflow.py
[2025-03-06T01:00:01.487+0000] {processor.py:914} INFO - Processing file /home/ubuntu/redfin_venv/lib/python3.12/site-packages/airflow/example_dags/example_dataset_alias_with_no_taskflow.py for tasks to queue
[2025-03-06T01:00:01.490+0000] {logging_mixin.py:190} INFO - [2025-03-06T01:00:01.490+0000] {dagbag.py:588} INFO - Filling up the DagBag from /home/ubuntu/redfin_venv/lib/python3.12/site-packages/airflow/example_dags/example_dataset_alias_with_no_taskflow.py
[2025-03-06T01:00:01.520+0000] {processor.py:925} INFO - DAG(s) 'dataset_s3_bucket_consumer_with_no_taskflow', 'dataset_alias_example_alias_consumer_with_no_taskflow', 'dataset_s3_bucket_producer_with_no_taskflow', 'dataset_alias_example_alias_producer_with_no_taskflow' retrieved from /home/ubuntu/redfin_venv/lib/python3.12/site-packages/airflow/example_dags/example_dataset_alias_with_no_taskflow.py
[2025-03-06T01:00:01.545+0000] {logging_mixin.py:190} INFO - [2025-03-06T01:00:01.545+0000] {dag.py:3239} INFO - Sync 4 DAGs
[2025-03-06T01:00:01.568+0000] {logging_mixin.py:190} INFO - [2025-03-06T01:00:01.568+0000] {dag.py:4180} INFO - Setting next_dagrun for dataset_alias_example_alias_consumer_with_no_taskflow to None, run_after=None
[2025-03-06T01:00:01.571+0000] {logging_mixin.py:190} INFO - [2025-03-06T01:00:01.571+0000] {dag.py:4180} INFO - Setting next_dagrun for dataset_alias_example_alias_producer_with_no_taskflow to None, run_after=None
[2025-03-06T01:00:01.572+0000] {logging_mixin.py:190} INFO - [2025-03-06T01:00:01.572+0000] {dag.py:4180} INFO - Setting next_dagrun for dataset_s3_bucket_consumer_with_no_taskflow to None, run_after=None
[2025-03-06T01:00:01.573+0000] {logging_mixin.py:190} INFO - [2025-03-06T01:00:01.573+0000] {dag.py:4180} INFO - Setting next_dagrun for dataset_s3_bucket_producer_with_no_taskflow to None, run_after=None
[2025-03-06T01:00:01.602+0000] {processor.py:208} INFO - Processing /home/ubuntu/redfin_venv/lib/python3.12/site-packages/airflow/example_dags/example_dataset_alias_with_no_taskflow.py took 0.123 seconds
[2025-03-06T01:01:02.329+0000] {processor.py:186} INFO - Started process (PID=4740) to work on /home/ubuntu/redfin_venv/lib/python3.12/site-packages/airflow/example_dags/example_dataset_alias_with_no_taskflow.py
[2025-03-06T01:01:02.330+0000] {processor.py:914} INFO - Processing file /home/ubuntu/redfin_venv/lib/python3.12/site-packages/airflow/example_dags/example_dataset_alias_with_no_taskflow.py for tasks to queue
[2025-03-06T01:01:02.333+0000] {logging_mixin.py:190} INFO - [2025-03-06T01:01:02.332+0000] {dagbag.py:588} INFO - Filling up the DagBag from /home/ubuntu/redfin_venv/lib/python3.12/site-packages/airflow/example_dags/example_dataset_alias_with_no_taskflow.py
[2025-03-06T01:01:02.362+0000] {processor.py:925} INFO - DAG(s) 'dataset_alias_example_alias_producer_with_no_taskflow', 'dataset_s3_bucket_consumer_with_no_taskflow', 'dataset_alias_example_alias_consumer_with_no_taskflow', 'dataset_s3_bucket_producer_with_no_taskflow' retrieved from /home/ubuntu/redfin_venv/lib/python3.12/site-packages/airflow/example_dags/example_dataset_alias_with_no_taskflow.py
[2025-03-06T01:01:02.384+0000] {logging_mixin.py:190} INFO - [2025-03-06T01:01:02.384+0000] {dag.py:3239} INFO - Sync 4 DAGs
[2025-03-06T01:01:02.408+0000] {logging_mixin.py:190} INFO - [2025-03-06T01:01:02.408+0000] {dag.py:4180} INFO - Setting next_dagrun for dataset_alias_example_alias_consumer_with_no_taskflow to None, run_after=None
[2025-03-06T01:01:02.413+0000] {logging_mixin.py:190} INFO - [2025-03-06T01:01:02.411+0000] {dag.py:4180} INFO - Setting next_dagrun for dataset_alias_example_alias_producer_with_no_taskflow to None, run_after=None
[2025-03-06T01:01:02.414+0000] {logging_mixin.py:190} INFO - [2025-03-06T01:01:02.414+0000] {dag.py:4180} INFO - Setting next_dagrun for dataset_s3_bucket_consumer_with_no_taskflow to None, run_after=None
[2025-03-06T01:01:02.415+0000] {logging_mixin.py:190} INFO - [2025-03-06T01:01:02.415+0000] {dag.py:4180} INFO - Setting next_dagrun for dataset_s3_bucket_producer_with_no_taskflow to None, run_after=None
[2025-03-06T01:01:02.463+0000] {processor.py:208} INFO - Processing /home/ubuntu/redfin_venv/lib/python3.12/site-packages/airflow/example_dags/example_dataset_alias_with_no_taskflow.py took 0.140 seconds
[2025-03-06T01:02:05.697+0000] {processor.py:186} INFO - Started process (PID=5045) to work on /home/ubuntu/redfin_venv/lib/python3.12/site-packages/airflow/example_dags/example_dataset_alias_with_no_taskflow.py
[2025-03-06T01:02:05.700+0000] {processor.py:914} INFO - Processing file /home/ubuntu/redfin_venv/lib/python3.12/site-packages/airflow/example_dags/example_dataset_alias_with_no_taskflow.py for tasks to queue
[2025-03-06T01:02:05.703+0000] {logging_mixin.py:190} INFO - [2025-03-06T01:02:05.702+0000] {dagbag.py:588} INFO - Filling up the DagBag from /home/ubuntu/redfin_venv/lib/python3.12/site-packages/airflow/example_dags/example_dataset_alias_with_no_taskflow.py
[2025-03-06T01:02:05.738+0000] {processor.py:925} INFO - DAG(s) 'dataset_alias_example_alias_producer_with_no_taskflow', 'dataset_s3_bucket_consumer_with_no_taskflow', 'dataset_alias_example_alias_consumer_with_no_taskflow', 'dataset_s3_bucket_producer_with_no_taskflow' retrieved from /home/ubuntu/redfin_venv/lib/python3.12/site-packages/airflow/example_dags/example_dataset_alias_with_no_taskflow.py
[2025-03-06T01:02:05.765+0000] {logging_mixin.py:190} INFO - [2025-03-06T01:02:05.764+0000] {dag.py:3239} INFO - Sync 4 DAGs
[2025-03-06T01:02:05.789+0000] {logging_mixin.py:190} INFO - [2025-03-06T01:02:05.789+0000] {dag.py:4180} INFO - Setting next_dagrun for dataset_alias_example_alias_consumer_with_no_taskflow to None, run_after=None
[2025-03-06T01:02:05.792+0000] {logging_mixin.py:190} INFO - [2025-03-06T01:02:05.791+0000] {dag.py:4180} INFO - Setting next_dagrun for dataset_alias_example_alias_producer_with_no_taskflow to None, run_after=None
[2025-03-06T01:02:05.793+0000] {logging_mixin.py:190} INFO - [2025-03-06T01:02:05.793+0000] {dag.py:4180} INFO - Setting next_dagrun for dataset_s3_bucket_consumer_with_no_taskflow to None, run_after=None
[2025-03-06T01:02:05.794+0000] {logging_mixin.py:190} INFO - [2025-03-06T01:02:05.794+0000] {dag.py:4180} INFO - Setting next_dagrun for dataset_s3_bucket_producer_with_no_taskflow to None, run_after=None
[2025-03-06T01:02:05.821+0000] {processor.py:208} INFO - Processing /home/ubuntu/redfin_venv/lib/python3.12/site-packages/airflow/example_dags/example_dataset_alias_with_no_taskflow.py took 0.142 seconds
[2025-03-06T01:03:05.894+0000] {processor.py:186} INFO - Started process (PID=5224) to work on /home/ubuntu/redfin_venv/lib/python3.12/site-packages/airflow/example_dags/example_dataset_alias_with_no_taskflow.py
[2025-03-06T01:03:05.896+0000] {processor.py:914} INFO - Processing file /home/ubuntu/redfin_venv/lib/python3.12/site-packages/airflow/example_dags/example_dataset_alias_with_no_taskflow.py for tasks to queue
[2025-03-06T01:03:05.899+0000] {logging_mixin.py:190} INFO - [2025-03-06T01:03:05.898+0000] {dagbag.py:588} INFO - Filling up the DagBag from /home/ubuntu/redfin_venv/lib/python3.12/site-packages/airflow/example_dags/example_dataset_alias_with_no_taskflow.py
[2025-03-06T01:03:05.929+0000] {processor.py:925} INFO - DAG(s) 'dataset_alias_example_alias_consumer_with_no_taskflow', 'dataset_s3_bucket_producer_with_no_taskflow', 'dataset_s3_bucket_consumer_with_no_taskflow', 'dataset_alias_example_alias_producer_with_no_taskflow' retrieved from /home/ubuntu/redfin_venv/lib/python3.12/site-packages/airflow/example_dags/example_dataset_alias_with_no_taskflow.py
[2025-03-06T01:03:05.950+0000] {logging_mixin.py:190} INFO - [2025-03-06T01:03:05.950+0000] {dag.py:3239} INFO - Sync 4 DAGs
[2025-03-06T01:03:05.970+0000] {logging_mixin.py:190} INFO - [2025-03-06T01:03:05.970+0000] {dag.py:4180} INFO - Setting next_dagrun for dataset_alias_example_alias_consumer_with_no_taskflow to None, run_after=None
[2025-03-06T01:03:05.972+0000] {logging_mixin.py:190} INFO - [2025-03-06T01:03:05.972+0000] {dag.py:4180} INFO - Setting next_dagrun for dataset_alias_example_alias_producer_with_no_taskflow to None, run_after=None
[2025-03-06T01:03:05.975+0000] {logging_mixin.py:190} INFO - [2025-03-06T01:03:05.975+0000] {dag.py:4180} INFO - Setting next_dagrun for dataset_s3_bucket_consumer_with_no_taskflow to None, run_after=None
[2025-03-06T01:03:05.976+0000] {logging_mixin.py:190} INFO - [2025-03-06T01:03:05.976+0000] {dag.py:4180} INFO - Setting next_dagrun for dataset_s3_bucket_producer_with_no_taskflow to None, run_after=None
[2025-03-06T01:03:06.005+0000] {processor.py:208} INFO - Processing /home/ubuntu/redfin_venv/lib/python3.12/site-packages/airflow/example_dags/example_dataset_alias_with_no_taskflow.py took 0.122 seconds
[2025-03-06T01:04:05.656+0000] {processor.py:186} INFO - Started process (PID=5403) to work on /home/ubuntu/redfin_venv/lib/python3.12/site-packages/airflow/example_dags/example_dataset_alias_with_no_taskflow.py
[2025-03-06T01:04:05.658+0000] {processor.py:914} INFO - Processing file /home/ubuntu/redfin_venv/lib/python3.12/site-packages/airflow/example_dags/example_dataset_alias_with_no_taskflow.py for tasks to queue
[2025-03-06T01:04:05.662+0000] {logging_mixin.py:190} INFO - [2025-03-06T01:04:05.661+0000] {dagbag.py:588} INFO - Filling up the DagBag from /home/ubuntu/redfin_venv/lib/python3.12/site-packages/airflow/example_dags/example_dataset_alias_with_no_taskflow.py
[2025-03-06T01:04:05.705+0000] {processor.py:925} INFO - DAG(s) 'dataset_s3_bucket_consumer_with_no_taskflow', 'dataset_alias_example_alias_consumer_with_no_taskflow', 'dataset_alias_example_alias_producer_with_no_taskflow', 'dataset_s3_bucket_producer_with_no_taskflow' retrieved from /home/ubuntu/redfin_venv/lib/python3.12/site-packages/airflow/example_dags/example_dataset_alias_with_no_taskflow.py
[2025-03-06T01:04:05.733+0000] {logging_mixin.py:190} INFO - [2025-03-06T01:04:05.732+0000] {dag.py:3239} INFO - Sync 4 DAGs
[2025-03-06T01:04:05.757+0000] {logging_mixin.py:190} INFO - [2025-03-06T01:04:05.757+0000] {dag.py:4180} INFO - Setting next_dagrun for dataset_alias_example_alias_consumer_with_no_taskflow to None, run_after=None
[2025-03-06T01:04:05.760+0000] {logging_mixin.py:190} INFO - [2025-03-06T01:04:05.760+0000] {dag.py:4180} INFO - Setting next_dagrun for dataset_alias_example_alias_producer_with_no_taskflow to None, run_after=None
[2025-03-06T01:04:05.761+0000] {logging_mixin.py:190} INFO - [2025-03-06T01:04:05.761+0000] {dag.py:4180} INFO - Setting next_dagrun for dataset_s3_bucket_consumer_with_no_taskflow to None, run_after=None
[2025-03-06T01:04:05.762+0000] {logging_mixin.py:190} INFO - [2025-03-06T01:04:05.762+0000] {dag.py:4180} INFO - Setting next_dagrun for dataset_s3_bucket_producer_with_no_taskflow to None, run_after=None
[2025-03-06T01:04:05.796+0000] {processor.py:208} INFO - Processing /home/ubuntu/redfin_venv/lib/python3.12/site-packages/airflow/example_dags/example_dataset_alias_with_no_taskflow.py took 0.146 seconds
[2025-03-06T01:05:10.137+0000] {processor.py:186} INFO - Started process (PID=5527) to work on /home/ubuntu/redfin_venv/lib/python3.12/site-packages/airflow/example_dags/example_dataset_alias_with_no_taskflow.py
[2025-03-06T01:05:10.139+0000] {processor.py:914} INFO - Processing file /home/ubuntu/redfin_venv/lib/python3.12/site-packages/airflow/example_dags/example_dataset_alias_with_no_taskflow.py for tasks to queue
[2025-03-06T01:05:10.142+0000] {logging_mixin.py:190} INFO - [2025-03-06T01:05:10.141+0000] {dagbag.py:588} INFO - Filling up the DagBag from /home/ubuntu/redfin_venv/lib/python3.12/site-packages/airflow/example_dags/example_dataset_alias_with_no_taskflow.py
[2025-03-06T01:05:10.174+0000] {processor.py:925} INFO - DAG(s) 'dataset_s3_bucket_consumer_with_no_taskflow', 'dataset_s3_bucket_producer_with_no_taskflow', 'dataset_alias_example_alias_consumer_with_no_taskflow', 'dataset_alias_example_alias_producer_with_no_taskflow' retrieved from /home/ubuntu/redfin_venv/lib/python3.12/site-packages/airflow/example_dags/example_dataset_alias_with_no_taskflow.py
[2025-03-06T01:05:10.203+0000] {logging_mixin.py:190} INFO - [2025-03-06T01:05:10.203+0000] {dag.py:3239} INFO - Sync 4 DAGs
[2025-03-06T01:05:10.227+0000] {logging_mixin.py:190} INFO - [2025-03-06T01:05:10.227+0000] {dag.py:4180} INFO - Setting next_dagrun for dataset_alias_example_alias_consumer_with_no_taskflow to None, run_after=None
[2025-03-06T01:05:10.230+0000] {logging_mixin.py:190} INFO - [2025-03-06T01:05:10.229+0000] {dag.py:4180} INFO - Setting next_dagrun for dataset_alias_example_alias_producer_with_no_taskflow to None, run_after=None
[2025-03-06T01:05:10.231+0000] {logging_mixin.py:190} INFO - [2025-03-06T01:05:10.230+0000] {dag.py:4180} INFO - Setting next_dagrun for dataset_s3_bucket_consumer_with_no_taskflow to None, run_after=None
[2025-03-06T01:05:10.232+0000] {logging_mixin.py:190} INFO - [2025-03-06T01:05:10.232+0000] {dag.py:4180} INFO - Setting next_dagrun for dataset_s3_bucket_producer_with_no_taskflow to None, run_after=None
[2025-03-06T01:05:10.257+0000] {processor.py:208} INFO - Processing /home/ubuntu/redfin_venv/lib/python3.12/site-packages/airflow/example_dags/example_dataset_alias_with_no_taskflow.py took 0.126 seconds
[2025-03-06T01:06:13.674+0000] {processor.py:186} INFO - Started process (PID=5708) to work on /home/ubuntu/redfin_venv/lib/python3.12/site-packages/airflow/example_dags/example_dataset_alias_with_no_taskflow.py
[2025-03-06T01:06:13.676+0000] {processor.py:914} INFO - Processing file /home/ubuntu/redfin_venv/lib/python3.12/site-packages/airflow/example_dags/example_dataset_alias_with_no_taskflow.py for tasks to queue
[2025-03-06T01:06:13.680+0000] {logging_mixin.py:190} INFO - [2025-03-06T01:06:13.679+0000] {dagbag.py:588} INFO - Filling up the DagBag from /home/ubuntu/redfin_venv/lib/python3.12/site-packages/airflow/example_dags/example_dataset_alias_with_no_taskflow.py
[2025-03-06T01:06:13.721+0000] {processor.py:925} INFO - DAG(s) 'dataset_alias_example_alias_consumer_with_no_taskflow', 'dataset_s3_bucket_producer_with_no_taskflow', 'dataset_alias_example_alias_producer_with_no_taskflow', 'dataset_s3_bucket_consumer_with_no_taskflow' retrieved from /home/ubuntu/redfin_venv/lib/python3.12/site-packages/airflow/example_dags/example_dataset_alias_with_no_taskflow.py
[2025-03-06T01:06:13.758+0000] {logging_mixin.py:190} INFO - [2025-03-06T01:06:13.758+0000] {dag.py:3239} INFO - Sync 4 DAGs
[2025-03-06T01:06:13.795+0000] {logging_mixin.py:190} INFO - [2025-03-06T01:06:13.795+0000] {dag.py:4180} INFO - Setting next_dagrun for dataset_alias_example_alias_consumer_with_no_taskflow to None, run_after=None
[2025-03-06T01:06:13.799+0000] {logging_mixin.py:190} INFO - [2025-03-06T01:06:13.798+0000] {dag.py:4180} INFO - Setting next_dagrun for dataset_alias_example_alias_producer_with_no_taskflow to None, run_after=None
[2025-03-06T01:06:13.801+0000] {logging_mixin.py:190} INFO - [2025-03-06T01:06:13.800+0000] {dag.py:4180} INFO - Setting next_dagrun for dataset_s3_bucket_consumer_with_no_taskflow to None, run_after=None
[2025-03-06T01:06:13.803+0000] {logging_mixin.py:190} INFO - [2025-03-06T01:06:13.803+0000] {dag.py:4180} INFO - Setting next_dagrun for dataset_s3_bucket_producer_with_no_taskflow to None, run_after=None
[2025-03-06T01:06:13.842+0000] {processor.py:208} INFO - Processing /home/ubuntu/redfin_venv/lib/python3.12/site-packages/airflow/example_dags/example_dataset_alias_with_no_taskflow.py took 0.179 seconds
[2025-03-06T01:07:18.377+0000] {processor.py:186} INFO - Started process (PID=6191) to work on /home/ubuntu/redfin_venv/lib/python3.12/site-packages/airflow/example_dags/example_dataset_alias_with_no_taskflow.py
[2025-03-06T01:07:18.379+0000] {processor.py:914} INFO - Processing file /home/ubuntu/redfin_venv/lib/python3.12/site-packages/airflow/example_dags/example_dataset_alias_with_no_taskflow.py for tasks to queue
[2025-03-06T01:07:18.381+0000] {logging_mixin.py:190} INFO - [2025-03-06T01:07:18.381+0000] {dagbag.py:588} INFO - Filling up the DagBag from /home/ubuntu/redfin_venv/lib/python3.12/site-packages/airflow/example_dags/example_dataset_alias_with_no_taskflow.py
[2025-03-06T01:07:18.408+0000] {processor.py:925} INFO - DAG(s) 'dataset_s3_bucket_producer_with_no_taskflow', 'dataset_alias_example_alias_producer_with_no_taskflow', 'dataset_s3_bucket_consumer_with_no_taskflow', 'dataset_alias_example_alias_consumer_with_no_taskflow' retrieved from /home/ubuntu/redfin_venv/lib/python3.12/site-packages/airflow/example_dags/example_dataset_alias_with_no_taskflow.py
[2025-03-06T01:07:18.430+0000] {logging_mixin.py:190} INFO - [2025-03-06T01:07:18.430+0000] {dag.py:3239} INFO - Sync 4 DAGs
[2025-03-06T01:07:18.451+0000] {logging_mixin.py:190} INFO - [2025-03-06T01:07:18.450+0000] {dag.py:4180} INFO - Setting next_dagrun for dataset_alias_example_alias_consumer_with_no_taskflow to None, run_after=None
[2025-03-06T01:07:18.453+0000] {logging_mixin.py:190} INFO - [2025-03-06T01:07:18.452+0000] {dag.py:4180} INFO - Setting next_dagrun for dataset_alias_example_alias_producer_with_no_taskflow to None, run_after=None
[2025-03-06T01:07:18.455+0000] {logging_mixin.py:190} INFO - [2025-03-06T01:07:18.455+0000] {dag.py:4180} INFO - Setting next_dagrun for dataset_s3_bucket_consumer_with_no_taskflow to None, run_after=None
[2025-03-06T01:07:18.456+0000] {logging_mixin.py:190} INFO - [2025-03-06T01:07:18.456+0000] {dag.py:4180} INFO - Setting next_dagrun for dataset_s3_bucket_producer_with_no_taskflow to None, run_after=None
[2025-03-06T01:07:18.483+0000] {processor.py:208} INFO - Processing /home/ubuntu/redfin_venv/lib/python3.12/site-packages/airflow/example_dags/example_dataset_alias_with_no_taskflow.py took 0.113 seconds
[2025-03-06T01:08:19.246+0000] {processor.py:186} INFO - Started process (PID=6490) to work on /home/ubuntu/redfin_venv/lib/python3.12/site-packages/airflow/example_dags/example_dataset_alias_with_no_taskflow.py
[2025-03-06T01:08:19.248+0000] {processor.py:914} INFO - Processing file /home/ubuntu/redfin_venv/lib/python3.12/site-packages/airflow/example_dags/example_dataset_alias_with_no_taskflow.py for tasks to queue
[2025-03-06T01:08:19.250+0000] {logging_mixin.py:190} INFO - [2025-03-06T01:08:19.250+0000] {dagbag.py:588} INFO - Filling up the DagBag from /home/ubuntu/redfin_venv/lib/python3.12/site-packages/airflow/example_dags/example_dataset_alias_with_no_taskflow.py
[2025-03-06T01:08:19.277+0000] {processor.py:925} INFO - DAG(s) 'dataset_alias_example_alias_consumer_with_no_taskflow', 'dataset_s3_bucket_consumer_with_no_taskflow', 'dataset_alias_example_alias_producer_with_no_taskflow', 'dataset_s3_bucket_producer_with_no_taskflow' retrieved from /home/ubuntu/redfin_venv/lib/python3.12/site-packages/airflow/example_dags/example_dataset_alias_with_no_taskflow.py
[2025-03-06T01:08:19.301+0000] {logging_mixin.py:190} INFO - [2025-03-06T01:08:19.300+0000] {dag.py:3239} INFO - Sync 4 DAGs
[2025-03-06T01:08:19.321+0000] {logging_mixin.py:190} INFO - [2025-03-06T01:08:19.321+0000] {dag.py:4180} INFO - Setting next_dagrun for dataset_alias_example_alias_consumer_with_no_taskflow to None, run_after=None
[2025-03-06T01:08:19.324+0000] {logging_mixin.py:190} INFO - [2025-03-06T01:08:19.323+0000] {dag.py:4180} INFO - Setting next_dagrun for dataset_alias_example_alias_producer_with_no_taskflow to None, run_after=None
[2025-03-06T01:08:19.326+0000] {logging_mixin.py:190} INFO - [2025-03-06T01:08:19.325+0000] {dag.py:4180} INFO - Setting next_dagrun for dataset_s3_bucket_consumer_with_no_taskflow to None, run_after=None
[2025-03-06T01:08:19.327+0000] {logging_mixin.py:190} INFO - [2025-03-06T01:08:19.327+0000] {dag.py:4180} INFO - Setting next_dagrun for dataset_s3_bucket_producer_with_no_taskflow to None, run_after=None
[2025-03-06T01:08:19.358+0000] {processor.py:208} INFO - Processing /home/ubuntu/redfin_venv/lib/python3.12/site-packages/airflow/example_dags/example_dataset_alias_with_no_taskflow.py took 0.118 seconds
[2025-03-06T01:09:20.321+0000] {processor.py:186} INFO - Started process (PID=6789) to work on /home/ubuntu/redfin_venv/lib/python3.12/site-packages/airflow/example_dags/example_dataset_alias_with_no_taskflow.py
[2025-03-06T01:09:20.322+0000] {processor.py:914} INFO - Processing file /home/ubuntu/redfin_venv/lib/python3.12/site-packages/airflow/example_dags/example_dataset_alias_with_no_taskflow.py for tasks to queue
[2025-03-06T01:09:20.325+0000] {logging_mixin.py:190} INFO - [2025-03-06T01:09:20.324+0000] {dagbag.py:588} INFO - Filling up the DagBag from /home/ubuntu/redfin_venv/lib/python3.12/site-packages/airflow/example_dags/example_dataset_alias_with_no_taskflow.py
[2025-03-06T01:09:20.358+0000] {processor.py:925} INFO - DAG(s) 'dataset_alias_example_alias_consumer_with_no_taskflow', 'dataset_s3_bucket_producer_with_no_taskflow', 'dataset_alias_example_alias_producer_with_no_taskflow', 'dataset_s3_bucket_consumer_with_no_taskflow' retrieved from /home/ubuntu/redfin_venv/lib/python3.12/site-packages/airflow/example_dags/example_dataset_alias_with_no_taskflow.py
[2025-03-06T01:09:20.386+0000] {logging_mixin.py:190} INFO - [2025-03-06T01:09:20.386+0000] {dag.py:3239} INFO - Sync 4 DAGs
[2025-03-06T01:09:20.409+0000] {logging_mixin.py:190} INFO - [2025-03-06T01:09:20.409+0000] {dag.py:4180} INFO - Setting next_dagrun for dataset_alias_example_alias_consumer_with_no_taskflow to None, run_after=None
[2025-03-06T01:09:20.411+0000] {logging_mixin.py:190} INFO - [2025-03-06T01:09:20.411+0000] {dag.py:4180} INFO - Setting next_dagrun for dataset_alias_example_alias_producer_with_no_taskflow to None, run_after=None
[2025-03-06T01:09:20.412+0000] {logging_mixin.py:190} INFO - [2025-03-06T01:09:20.412+0000] {dag.py:4180} INFO - Setting next_dagrun for dataset_s3_bucket_consumer_with_no_taskflow to None, run_after=None
[2025-03-06T01:09:20.413+0000] {logging_mixin.py:190} INFO - [2025-03-06T01:09:20.413+0000] {dag.py:4180} INFO - Setting next_dagrun for dataset_s3_bucket_producer_with_no_taskflow to None, run_after=None
[2025-03-06T01:09:20.437+0000] {processor.py:208} INFO - Processing /home/ubuntu/redfin_venv/lib/python3.12/site-packages/airflow/example_dags/example_dataset_alias_with_no_taskflow.py took 0.127 seconds
[2025-03-06T01:10:23.619+0000] {processor.py:186} INFO - Started process (PID=6913) to work on /home/ubuntu/redfin_venv/lib/python3.12/site-packages/airflow/example_dags/example_dataset_alias_with_no_taskflow.py
[2025-03-06T01:10:23.620+0000] {processor.py:914} INFO - Processing file /home/ubuntu/redfin_venv/lib/python3.12/site-packages/airflow/example_dags/example_dataset_alias_with_no_taskflow.py for tasks to queue
[2025-03-06T01:10:23.623+0000] {logging_mixin.py:190} INFO - [2025-03-06T01:10:23.622+0000] {dagbag.py:588} INFO - Filling up the DagBag from /home/ubuntu/redfin_venv/lib/python3.12/site-packages/airflow/example_dags/example_dataset_alias_with_no_taskflow.py
[2025-03-06T01:10:23.649+0000] {processor.py:925} INFO - DAG(s) 'dataset_alias_example_alias_consumer_with_no_taskflow', 'dataset_s3_bucket_consumer_with_no_taskflow', 'dataset_alias_example_alias_producer_with_no_taskflow', 'dataset_s3_bucket_producer_with_no_taskflow' retrieved from /home/ubuntu/redfin_venv/lib/python3.12/site-packages/airflow/example_dags/example_dataset_alias_with_no_taskflow.py
[2025-03-06T01:10:23.672+0000] {logging_mixin.py:190} INFO - [2025-03-06T01:10:23.672+0000] {dag.py:3239} INFO - Sync 4 DAGs
[2025-03-06T01:10:23.694+0000] {logging_mixin.py:190} INFO - [2025-03-06T01:10:23.694+0000] {dag.py:4180} INFO - Setting next_dagrun for dataset_alias_example_alias_consumer_with_no_taskflow to None, run_after=None
[2025-03-06T01:10:23.696+0000] {logging_mixin.py:190} INFO - [2025-03-06T01:10:23.696+0000] {dag.py:4180} INFO - Setting next_dagrun for dataset_alias_example_alias_producer_with_no_taskflow to None, run_after=None
[2025-03-06T01:10:23.697+0000] {logging_mixin.py:190} INFO - [2025-03-06T01:10:23.697+0000] {dag.py:4180} INFO - Setting next_dagrun for dataset_s3_bucket_consumer_with_no_taskflow to None, run_after=None
[2025-03-06T01:10:23.698+0000] {logging_mixin.py:190} INFO - [2025-03-06T01:10:23.698+0000] {dag.py:4180} INFO - Setting next_dagrun for dataset_s3_bucket_producer_with_no_taskflow to None, run_after=None
[2025-03-06T01:10:23.765+0000] {processor.py:208} INFO - Processing /home/ubuntu/redfin_venv/lib/python3.12/site-packages/airflow/example_dags/example_dataset_alias_with_no_taskflow.py took 0.153 seconds
[2025-03-06T01:11:25.261+0000] {processor.py:186} INFO - Started process (PID=7032) to work on /home/ubuntu/redfin_venv/lib/python3.12/site-packages/airflow/example_dags/example_dataset_alias_with_no_taskflow.py
[2025-03-06T01:11:25.263+0000] {processor.py:914} INFO - Processing file /home/ubuntu/redfin_venv/lib/python3.12/site-packages/airflow/example_dags/example_dataset_alias_with_no_taskflow.py for tasks to queue
[2025-03-06T01:11:25.266+0000] {logging_mixin.py:190} INFO - [2025-03-06T01:11:25.265+0000] {dagbag.py:588} INFO - Filling up the DagBag from /home/ubuntu/redfin_venv/lib/python3.12/site-packages/airflow/example_dags/example_dataset_alias_with_no_taskflow.py
[2025-03-06T01:11:25.301+0000] {processor.py:925} INFO - DAG(s) 'dataset_alias_example_alias_producer_with_no_taskflow', 'dataset_alias_example_alias_consumer_with_no_taskflow', 'dataset_s3_bucket_producer_with_no_taskflow', 'dataset_s3_bucket_consumer_with_no_taskflow' retrieved from /home/ubuntu/redfin_venv/lib/python3.12/site-packages/airflow/example_dags/example_dataset_alias_with_no_taskflow.py
[2025-03-06T01:11:25.336+0000] {logging_mixin.py:190} INFO - [2025-03-06T01:11:25.335+0000] {dag.py:3239} INFO - Sync 4 DAGs
[2025-03-06T01:11:25.364+0000] {logging_mixin.py:190} INFO - [2025-03-06T01:11:25.364+0000] {dag.py:4180} INFO - Setting next_dagrun for dataset_alias_example_alias_consumer_with_no_taskflow to None, run_after=None
[2025-03-06T01:11:25.369+0000] {logging_mixin.py:190} INFO - [2025-03-06T01:11:25.368+0000] {dag.py:4180} INFO - Setting next_dagrun for dataset_alias_example_alias_producer_with_no_taskflow to None, run_after=None
[2025-03-06T01:11:25.370+0000] {logging_mixin.py:190} INFO - [2025-03-06T01:11:25.370+0000] {dag.py:4180} INFO - Setting next_dagrun for dataset_s3_bucket_consumer_with_no_taskflow to None, run_after=None
[2025-03-06T01:11:25.372+0000] {logging_mixin.py:190} INFO - [2025-03-06T01:11:25.371+0000] {dag.py:4180} INFO - Setting next_dagrun for dataset_s3_bucket_producer_with_no_taskflow to None, run_after=None
[2025-03-06T01:11:25.403+0000] {processor.py:208} INFO - Processing /home/ubuntu/redfin_venv/lib/python3.12/site-packages/airflow/example_dags/example_dataset_alias_with_no_taskflow.py took 0.149 seconds
[2025-03-06T01:12:30.441+0000] {processor.py:186} INFO - Started process (PID=7152) to work on /home/ubuntu/redfin_venv/lib/python3.12/site-packages/airflow/example_dags/example_dataset_alias_with_no_taskflow.py
[2025-03-06T01:12:30.443+0000] {processor.py:914} INFO - Processing file /home/ubuntu/redfin_venv/lib/python3.12/site-packages/airflow/example_dags/example_dataset_alias_with_no_taskflow.py for tasks to queue
[2025-03-06T01:12:30.445+0000] {logging_mixin.py:190} INFO - [2025-03-06T01:12:30.444+0000] {dagbag.py:588} INFO - Filling up the DagBag from /home/ubuntu/redfin_venv/lib/python3.12/site-packages/airflow/example_dags/example_dataset_alias_with_no_taskflow.py
[2025-03-06T01:12:30.470+0000] {processor.py:925} INFO - DAG(s) 'dataset_s3_bucket_consumer_with_no_taskflow', 'dataset_alias_example_alias_consumer_with_no_taskflow', 'dataset_alias_example_alias_producer_with_no_taskflow', 'dataset_s3_bucket_producer_with_no_taskflow' retrieved from /home/ubuntu/redfin_venv/lib/python3.12/site-packages/airflow/example_dags/example_dataset_alias_with_no_taskflow.py
[2025-03-06T01:12:30.491+0000] {logging_mixin.py:190} INFO - [2025-03-06T01:12:30.490+0000] {dag.py:3239} INFO - Sync 4 DAGs
[2025-03-06T01:12:30.512+0000] {logging_mixin.py:190} INFO - [2025-03-06T01:12:30.512+0000] {dag.py:4180} INFO - Setting next_dagrun for dataset_alias_example_alias_consumer_with_no_taskflow to None, run_after=None
[2025-03-06T01:12:30.514+0000] {logging_mixin.py:190} INFO - [2025-03-06T01:12:30.514+0000] {dag.py:4180} INFO - Setting next_dagrun for dataset_alias_example_alias_producer_with_no_taskflow to None, run_after=None
[2025-03-06T01:12:30.515+0000] {logging_mixin.py:190} INFO - [2025-03-06T01:12:30.515+0000] {dag.py:4180} INFO - Setting next_dagrun for dataset_s3_bucket_consumer_with_no_taskflow to None, run_after=None
[2025-03-06T01:12:30.516+0000] {logging_mixin.py:190} INFO - [2025-03-06T01:12:30.516+0000] {dag.py:4180} INFO - Setting next_dagrun for dataset_s3_bucket_producer_with_no_taskflow to None, run_after=None
[2025-03-06T01:12:30.554+0000] {processor.py:208} INFO - Processing /home/ubuntu/redfin_venv/lib/python3.12/site-packages/airflow/example_dags/example_dataset_alias_with_no_taskflow.py took 0.120 seconds
[2025-03-06T01:13:31.607+0000] {processor.py:186} INFO - Started process (PID=7334) to work on /home/ubuntu/redfin_venv/lib/python3.12/site-packages/airflow/example_dags/example_dataset_alias_with_no_taskflow.py
[2025-03-06T01:13:31.608+0000] {processor.py:914} INFO - Processing file /home/ubuntu/redfin_venv/lib/python3.12/site-packages/airflow/example_dags/example_dataset_alias_with_no_taskflow.py for tasks to queue
[2025-03-06T01:13:31.612+0000] {logging_mixin.py:190} INFO - [2025-03-06T01:13:31.611+0000] {dagbag.py:588} INFO - Filling up the DagBag from /home/ubuntu/redfin_venv/lib/python3.12/site-packages/airflow/example_dags/example_dataset_alias_with_no_taskflow.py
[2025-03-06T01:13:31.649+0000] {processor.py:925} INFO - DAG(s) 'dataset_alias_example_alias_consumer_with_no_taskflow', 'dataset_alias_example_alias_producer_with_no_taskflow', 'dataset_s3_bucket_consumer_with_no_taskflow', 'dataset_s3_bucket_producer_with_no_taskflow' retrieved from /home/ubuntu/redfin_venv/lib/python3.12/site-packages/airflow/example_dags/example_dataset_alias_with_no_taskflow.py
[2025-03-06T01:13:31.681+0000] {logging_mixin.py:190} INFO - [2025-03-06T01:13:31.680+0000] {dag.py:3239} INFO - Sync 4 DAGs
[2025-03-06T01:13:31.707+0000] {logging_mixin.py:190} INFO - [2025-03-06T01:13:31.707+0000] {dag.py:4180} INFO - Setting next_dagrun for dataset_alias_example_alias_consumer_with_no_taskflow to None, run_after=None
[2025-03-06T01:13:31.710+0000] {logging_mixin.py:190} INFO - [2025-03-06T01:13:31.710+0000] {dag.py:4180} INFO - Setting next_dagrun for dataset_alias_example_alias_producer_with_no_taskflow to None, run_after=None
[2025-03-06T01:13:31.711+0000] {logging_mixin.py:190} INFO - [2025-03-06T01:13:31.711+0000] {dag.py:4180} INFO - Setting next_dagrun for dataset_s3_bucket_consumer_with_no_taskflow to None, run_after=None
[2025-03-06T01:13:31.712+0000] {logging_mixin.py:190} INFO - [2025-03-06T01:13:31.712+0000] {dag.py:4180} INFO - Setting next_dagrun for dataset_s3_bucket_producer_with_no_taskflow to None, run_after=None
[2025-03-06T01:13:31.744+0000] {processor.py:208} INFO - Processing /home/ubuntu/redfin_venv/lib/python3.12/site-packages/airflow/example_dags/example_dataset_alias_with_no_taskflow.py took 0.145 seconds
[2025-03-06T01:14:34.231+0000] {processor.py:186} INFO - Started process (PID=7454) to work on /home/ubuntu/redfin_venv/lib/python3.12/site-packages/airflow/example_dags/example_dataset_alias_with_no_taskflow.py
[2025-03-06T01:14:34.233+0000] {processor.py:914} INFO - Processing file /home/ubuntu/redfin_venv/lib/python3.12/site-packages/airflow/example_dags/example_dataset_alias_with_no_taskflow.py for tasks to queue
[2025-03-06T01:14:34.236+0000] {logging_mixin.py:190} INFO - [2025-03-06T01:14:34.235+0000] {dagbag.py:588} INFO - Filling up the DagBag from /home/ubuntu/redfin_venv/lib/python3.12/site-packages/airflow/example_dags/example_dataset_alias_with_no_taskflow.py
[2025-03-06T01:14:34.275+0000] {processor.py:925} INFO - DAG(s) 'dataset_s3_bucket_consumer_with_no_taskflow', 'dataset_alias_example_alias_producer_with_no_taskflow', 'dataset_alias_example_alias_consumer_with_no_taskflow', 'dataset_s3_bucket_producer_with_no_taskflow' retrieved from /home/ubuntu/redfin_venv/lib/python3.12/site-packages/airflow/example_dags/example_dataset_alias_with_no_taskflow.py
[2025-03-06T01:14:34.308+0000] {logging_mixin.py:190} INFO - [2025-03-06T01:14:34.308+0000] {dag.py:3239} INFO - Sync 4 DAGs
[2025-03-06T01:14:34.338+0000] {logging_mixin.py:190} INFO - [2025-03-06T01:14:34.338+0000] {dag.py:4180} INFO - Setting next_dagrun for dataset_alias_example_alias_consumer_with_no_taskflow to None, run_after=None
[2025-03-06T01:14:34.343+0000] {logging_mixin.py:190} INFO - [2025-03-06T01:14:34.343+0000] {dag.py:4180} INFO - Setting next_dagrun for dataset_alias_example_alias_producer_with_no_taskflow to None, run_after=None
[2025-03-06T01:14:34.345+0000] {logging_mixin.py:190} INFO - [2025-03-06T01:14:34.345+0000] {dag.py:4180} INFO - Setting next_dagrun for dataset_s3_bucket_consumer_with_no_taskflow to None, run_after=None
[2025-03-06T01:14:34.348+0000] {logging_mixin.py:190} INFO - [2025-03-06T01:14:34.347+0000] {dag.py:4180} INFO - Setting next_dagrun for dataset_s3_bucket_producer_with_no_taskflow to None, run_after=None
[2025-03-06T01:14:34.392+0000] {processor.py:208} INFO - Processing /home/ubuntu/redfin_venv/lib/python3.12/site-packages/airflow/example_dags/example_dataset_alias_with_no_taskflow.py took 0.174 seconds
[2025-03-06T01:15:35.203+0000] {processor.py:186} INFO - Started process (PID=7756) to work on /home/ubuntu/redfin_venv/lib/python3.12/site-packages/airflow/example_dags/example_dataset_alias_with_no_taskflow.py
[2025-03-06T01:15:35.204+0000] {processor.py:914} INFO - Processing file /home/ubuntu/redfin_venv/lib/python3.12/site-packages/airflow/example_dags/example_dataset_alias_with_no_taskflow.py for tasks to queue
[2025-03-06T01:15:35.206+0000] {logging_mixin.py:190} INFO - [2025-03-06T01:15:35.206+0000] {dagbag.py:588} INFO - Filling up the DagBag from /home/ubuntu/redfin_venv/lib/python3.12/site-packages/airflow/example_dags/example_dataset_alias_with_no_taskflow.py
[2025-03-06T01:15:35.269+0000] {processor.py:925} INFO - DAG(s) 'dataset_alias_example_alias_producer_with_no_taskflow', 'dataset_alias_example_alias_consumer_with_no_taskflow', 'dataset_s3_bucket_producer_with_no_taskflow', 'dataset_s3_bucket_consumer_with_no_taskflow' retrieved from /home/ubuntu/redfin_venv/lib/python3.12/site-packages/airflow/example_dags/example_dataset_alias_with_no_taskflow.py
[2025-03-06T01:15:35.299+0000] {logging_mixin.py:190} INFO - [2025-03-06T01:15:35.299+0000] {dag.py:3239} INFO - Sync 4 DAGs
[2025-03-06T01:15:35.319+0000] {logging_mixin.py:190} INFO - [2025-03-06T01:15:35.319+0000] {dag.py:4180} INFO - Setting next_dagrun for dataset_alias_example_alias_consumer_with_no_taskflow to None, run_after=None
[2025-03-06T01:15:35.321+0000] {logging_mixin.py:190} INFO - [2025-03-06T01:15:35.321+0000] {dag.py:4180} INFO - Setting next_dagrun for dataset_alias_example_alias_producer_with_no_taskflow to None, run_after=None
[2025-03-06T01:15:35.322+0000] {logging_mixin.py:190} INFO - [2025-03-06T01:15:35.322+0000] {dag.py:4180} INFO - Setting next_dagrun for dataset_s3_bucket_consumer_with_no_taskflow to None, run_after=None
[2025-03-06T01:15:35.323+0000] {logging_mixin.py:190} INFO - [2025-03-06T01:15:35.322+0000] {dag.py:4180} INFO - Setting next_dagrun for dataset_s3_bucket_producer_with_no_taskflow to None, run_after=None
[2025-03-06T01:15:35.347+0000] {processor.py:208} INFO - Processing /home/ubuntu/redfin_venv/lib/python3.12/site-packages/airflow/example_dags/example_dataset_alias_with_no_taskflow.py took 0.150 seconds
[2025-03-06T01:16:37.987+0000] {processor.py:186} INFO - Started process (PID=7876) to work on /home/ubuntu/redfin_venv/lib/python3.12/site-packages/airflow/example_dags/example_dataset_alias_with_no_taskflow.py
[2025-03-06T01:16:37.988+0000] {processor.py:914} INFO - Processing file /home/ubuntu/redfin_venv/lib/python3.12/site-packages/airflow/example_dags/example_dataset_alias_with_no_taskflow.py for tasks to queue
[2025-03-06T01:16:37.990+0000] {logging_mixin.py:190} INFO - [2025-03-06T01:16:37.990+0000] {dagbag.py:588} INFO - Filling up the DagBag from /home/ubuntu/redfin_venv/lib/python3.12/site-packages/airflow/example_dags/example_dataset_alias_with_no_taskflow.py
[2025-03-06T01:16:38.018+0000] {processor.py:925} INFO - DAG(s) 'dataset_s3_bucket_consumer_with_no_taskflow', 'dataset_s3_bucket_producer_with_no_taskflow', 'dataset_alias_example_alias_producer_with_no_taskflow', 'dataset_alias_example_alias_consumer_with_no_taskflow' retrieved from /home/ubuntu/redfin_venv/lib/python3.12/site-packages/airflow/example_dags/example_dataset_alias_with_no_taskflow.py
[2025-03-06T01:16:38.040+0000] {logging_mixin.py:190} INFO - [2025-03-06T01:16:38.040+0000] {dag.py:3239} INFO - Sync 4 DAGs
[2025-03-06T01:16:38.061+0000] {logging_mixin.py:190} INFO - [2025-03-06T01:16:38.061+0000] {dag.py:4180} INFO - Setting next_dagrun for dataset_alias_example_alias_consumer_with_no_taskflow to None, run_after=None
[2025-03-06T01:16:38.063+0000] {logging_mixin.py:190} INFO - [2025-03-06T01:16:38.063+0000] {dag.py:4180} INFO - Setting next_dagrun for dataset_alias_example_alias_producer_with_no_taskflow to None, run_after=None
[2025-03-06T01:16:38.064+0000] {logging_mixin.py:190} INFO - [2025-03-06T01:16:38.064+0000] {dag.py:4180} INFO - Setting next_dagrun for dataset_s3_bucket_consumer_with_no_taskflow to None, run_after=None
[2025-03-06T01:16:38.065+0000] {logging_mixin.py:190} INFO - [2025-03-06T01:16:38.065+0000] {dag.py:4180} INFO - Setting next_dagrun for dataset_s3_bucket_producer_with_no_taskflow to None, run_after=None
[2025-03-06T01:16:38.095+0000] {processor.py:208} INFO - Processing /home/ubuntu/redfin_venv/lib/python3.12/site-packages/airflow/example_dags/example_dataset_alias_with_no_taskflow.py took 0.115 seconds
[2025-03-06T01:17:39.187+0000] {processor.py:186} INFO - Started process (PID=8158) to work on /home/ubuntu/redfin_venv/lib/python3.12/site-packages/airflow/example_dags/example_dataset_alias_with_no_taskflow.py
[2025-03-06T01:17:39.188+0000] {processor.py:914} INFO - Processing file /home/ubuntu/redfin_venv/lib/python3.12/site-packages/airflow/example_dags/example_dataset_alias_with_no_taskflow.py for tasks to queue
[2025-03-06T01:17:39.193+0000] {logging_mixin.py:190} INFO - [2025-03-06T01:17:39.192+0000] {dagbag.py:588} INFO - Filling up the DagBag from /home/ubuntu/redfin_venv/lib/python3.12/site-packages/airflow/example_dags/example_dataset_alias_with_no_taskflow.py
[2025-03-06T01:17:39.251+0000] {processor.py:925} INFO - DAG(s) 'dataset_s3_bucket_consumer_with_no_taskflow', 'dataset_s3_bucket_producer_with_no_taskflow', 'dataset_alias_example_alias_producer_with_no_taskflow', 'dataset_alias_example_alias_consumer_with_no_taskflow' retrieved from /home/ubuntu/redfin_venv/lib/python3.12/site-packages/airflow/example_dags/example_dataset_alias_with_no_taskflow.py
[2025-03-06T01:17:39.288+0000] {logging_mixin.py:190} INFO - [2025-03-06T01:17:39.288+0000] {dag.py:3239} INFO - Sync 4 DAGs
[2025-03-06T01:17:39.318+0000] {logging_mixin.py:190} INFO - [2025-03-06T01:17:39.318+0000] {dag.py:4180} INFO - Setting next_dagrun for dataset_alias_example_alias_consumer_with_no_taskflow to None, run_after=None
[2025-03-06T01:17:39.321+0000] {logging_mixin.py:190} INFO - [2025-03-06T01:17:39.320+0000] {dag.py:4180} INFO - Setting next_dagrun for dataset_alias_example_alias_producer_with_no_taskflow to None, run_after=None
[2025-03-06T01:17:39.323+0000] {logging_mixin.py:190} INFO - [2025-03-06T01:17:39.322+0000] {dag.py:4180} INFO - Setting next_dagrun for dataset_s3_bucket_consumer_with_no_taskflow to None, run_after=None
[2025-03-06T01:17:39.324+0000] {logging_mixin.py:190} INFO - [2025-03-06T01:17:39.324+0000] {dag.py:4180} INFO - Setting next_dagrun for dataset_s3_bucket_producer_with_no_taskflow to None, run_after=None
[2025-03-06T01:17:39.359+0000] {processor.py:208} INFO - Processing /home/ubuntu/redfin_venv/lib/python3.12/site-packages/airflow/example_dags/example_dataset_alias_with_no_taskflow.py took 0.188 seconds
[2025-03-06T01:18:37.942+0000] {processor.py:186} INFO - Started process (PID=8397) to work on /home/ubuntu/redfin_venv/lib/python3.12/site-packages/airflow/example_dags/example_dataset_alias_with_no_taskflow.py
[2025-03-06T01:18:37.943+0000] {processor.py:914} INFO - Processing file /home/ubuntu/redfin_venv/lib/python3.12/site-packages/airflow/example_dags/example_dataset_alias_with_no_taskflow.py for tasks to queue
[2025-03-06T01:18:37.946+0000] {logging_mixin.py:190} INFO - [2025-03-06T01:18:37.946+0000] {dagbag.py:588} INFO - Filling up the DagBag from /home/ubuntu/redfin_venv/lib/python3.12/site-packages/airflow/example_dags/example_dataset_alias_with_no_taskflow.py
[2025-03-06T01:18:37.979+0000] {processor.py:925} INFO - DAG(s) 'dataset_alias_example_alias_consumer_with_no_taskflow', 'dataset_s3_bucket_consumer_with_no_taskflow', 'dataset_s3_bucket_producer_with_no_taskflow', 'dataset_alias_example_alias_producer_with_no_taskflow' retrieved from /home/ubuntu/redfin_venv/lib/python3.12/site-packages/airflow/example_dags/example_dataset_alias_with_no_taskflow.py
[2025-03-06T01:18:38.007+0000] {logging_mixin.py:190} INFO - [2025-03-06T01:18:38.007+0000] {dag.py:3239} INFO - Sync 4 DAGs
[2025-03-06T01:18:38.041+0000] {logging_mixin.py:190} INFO - [2025-03-06T01:18:38.041+0000] {dag.py:4180} INFO - Setting next_dagrun for dataset_alias_example_alias_consumer_with_no_taskflow to None, run_after=None
[2025-03-06T01:18:38.044+0000] {logging_mixin.py:190} INFO - [2025-03-06T01:18:38.044+0000] {dag.py:4180} INFO - Setting next_dagrun for dataset_alias_example_alias_producer_with_no_taskflow to None, run_after=None
[2025-03-06T01:18:38.046+0000] {logging_mixin.py:190} INFO - [2025-03-06T01:18:38.045+0000] {dag.py:4180} INFO - Setting next_dagrun for dataset_s3_bucket_consumer_with_no_taskflow to None, run_after=None
[2025-03-06T01:18:38.047+0000] {logging_mixin.py:190} INFO - [2025-03-06T01:18:38.047+0000] {dag.py:4180} INFO - Setting next_dagrun for dataset_s3_bucket_producer_with_no_taskflow to None, run_after=None
[2025-03-06T01:18:38.076+0000] {processor.py:208} INFO - Processing /home/ubuntu/redfin_venv/lib/python3.12/site-packages/airflow/example_dags/example_dataset_alias_with_no_taskflow.py took 0.141 seconds
[2025-03-06T01:19:46.474+0000] {processor.py:186} INFO - Started process (PID=8578) to work on /home/ubuntu/redfin_venv/lib/python3.12/site-packages/airflow/example_dags/example_dataset_alias_with_no_taskflow.py
[2025-03-06T01:19:46.476+0000] {processor.py:914} INFO - Processing file /home/ubuntu/redfin_venv/lib/python3.12/site-packages/airflow/example_dags/example_dataset_alias_with_no_taskflow.py for tasks to queue
[2025-03-06T01:19:46.480+0000] {logging_mixin.py:190} INFO - [2025-03-06T01:19:46.479+0000] {dagbag.py:588} INFO - Filling up the DagBag from /home/ubuntu/redfin_venv/lib/python3.12/site-packages/airflow/example_dags/example_dataset_alias_with_no_taskflow.py
[2025-03-06T01:19:46.519+0000] {processor.py:925} INFO - DAG(s) 'dataset_s3_bucket_consumer_with_no_taskflow', 'dataset_alias_example_alias_producer_with_no_taskflow', 'dataset_s3_bucket_producer_with_no_taskflow', 'dataset_alias_example_alias_consumer_with_no_taskflow' retrieved from /home/ubuntu/redfin_venv/lib/python3.12/site-packages/airflow/example_dags/example_dataset_alias_with_no_taskflow.py
[2025-03-06T01:19:46.554+0000] {logging_mixin.py:190} INFO - [2025-03-06T01:19:46.554+0000] {dag.py:3239} INFO - Sync 4 DAGs
[2025-03-06T01:19:46.577+0000] {logging_mixin.py:190} INFO - [2025-03-06T01:19:46.577+0000] {dag.py:4180} INFO - Setting next_dagrun for dataset_alias_example_alias_consumer_with_no_taskflow to None, run_after=None
[2025-03-06T01:19:46.580+0000] {logging_mixin.py:190} INFO - [2025-03-06T01:19:46.579+0000] {dag.py:4180} INFO - Setting next_dagrun for dataset_alias_example_alias_producer_with_no_taskflow to None, run_after=None
[2025-03-06T01:19:46.581+0000] {logging_mixin.py:190} INFO - [2025-03-06T01:19:46.580+0000] {dag.py:4180} INFO - Setting next_dagrun for dataset_s3_bucket_consumer_with_no_taskflow to None, run_after=None
[2025-03-06T01:19:46.582+0000] {logging_mixin.py:190} INFO - [2025-03-06T01:19:46.582+0000] {dag.py:4180} INFO - Setting next_dagrun for dataset_s3_bucket_producer_with_no_taskflow to None, run_after=None
[2025-03-06T01:19:46.607+0000] {processor.py:208} INFO - Processing /home/ubuntu/redfin_venv/lib/python3.12/site-packages/airflow/example_dags/example_dataset_alias_with_no_taskflow.py took 0.143 seconds
