[2025-03-06T00:59:10.057+0000] {processor.py:186} INFO - Started process (PID=3906) to work on /home/ubuntu/redfin_venv/lib/python3.12/site-packages/airflow/example_dags/example_branch_labels.py
[2025-03-06T00:59:10.058+0000] {processor.py:914} INFO - Processing file /home/ubuntu/redfin_venv/lib/python3.12/site-packages/airflow/example_dags/example_branch_labels.py for tasks to queue
[2025-03-06T00:59:10.060+0000] {logging_mixin.py:190} INFO - [2025-03-06T00:59:10.060+0000] {dagbag.py:588} INFO - Filling up the DagBag from /home/ubuntu/redfin_venv/lib/python3.12/site-packages/airflow/example_dags/example_branch_labels.py
[2025-03-06T00:59:10.075+0000] {processor.py:925} INFO - DAG(s) 'example_branch_labels' retrieved from /home/ubuntu/redfin_venv/lib/python3.12/site-packages/airflow/example_dags/example_branch_labels.py
[2025-03-06T00:59:10.100+0000] {logging_mixin.py:190} INFO - [2025-03-06T00:59:10.100+0000] {dag.py:3239} INFO - Sync 1 DAGs
[2025-03-06T00:59:10.126+0000] {logging_mixin.py:190} INFO - [2025-03-06T00:59:10.126+0000] {dag.py:4180} INFO - Setting next_dagrun for example_branch_labels to 2025-03-05 00:00:00+00:00, run_after=2025-03-06 00:00:00+00:00
[2025-03-06T00:59:10.152+0000] {processor.py:208} INFO - Processing /home/ubuntu/redfin_venv/lib/python3.12/site-packages/airflow/example_dags/example_branch_labels.py took 0.104 seconds
[2025-03-06T01:00:08.585+0000] {processor.py:186} INFO - Started process (PID=4209) to work on /home/ubuntu/redfin_venv/lib/python3.12/site-packages/airflow/example_dags/example_branch_labels.py
[2025-03-06T01:00:08.586+0000] {processor.py:914} INFO - Processing file /home/ubuntu/redfin_venv/lib/python3.12/site-packages/airflow/example_dags/example_branch_labels.py for tasks to queue
[2025-03-06T01:00:08.588+0000] {logging_mixin.py:190} INFO - [2025-03-06T01:00:08.588+0000] {dagbag.py:588} INFO - Filling up the DagBag from /home/ubuntu/redfin_venv/lib/python3.12/site-packages/airflow/example_dags/example_branch_labels.py
[2025-03-06T01:00:08.601+0000] {processor.py:925} INFO - DAG(s) 'example_branch_labels' retrieved from /home/ubuntu/redfin_venv/lib/python3.12/site-packages/airflow/example_dags/example_branch_labels.py
[2025-03-06T01:00:08.622+0000] {logging_mixin.py:190} INFO - [2025-03-06T01:00:08.621+0000] {dag.py:3239} INFO - Sync 1 DAGs
[2025-03-06T01:00:08.647+0000] {logging_mixin.py:190} INFO - [2025-03-06T01:00:08.647+0000] {dag.py:4180} INFO - Setting next_dagrun for example_branch_labels to 2025-03-05 00:00:00+00:00, run_after=2025-03-06 00:00:00+00:00
[2025-03-06T01:00:08.675+0000] {processor.py:208} INFO - Processing /home/ubuntu/redfin_venv/lib/python3.12/site-packages/airflow/example_dags/example_branch_labels.py took 0.097 seconds
[2025-03-06T01:01:09.989+0000] {processor.py:186} INFO - Started process (PID=4808) to work on /home/ubuntu/redfin_venv/lib/python3.12/site-packages/airflow/example_dags/example_branch_labels.py
[2025-03-06T01:01:09.991+0000] {processor.py:914} INFO - Processing file /home/ubuntu/redfin_venv/lib/python3.12/site-packages/airflow/example_dags/example_branch_labels.py for tasks to queue
[2025-03-06T01:01:09.993+0000] {logging_mixin.py:190} INFO - [2025-03-06T01:01:09.993+0000] {dagbag.py:588} INFO - Filling up the DagBag from /home/ubuntu/redfin_venv/lib/python3.12/site-packages/airflow/example_dags/example_branch_labels.py
[2025-03-06T01:01:10.005+0000] {processor.py:925} INFO - DAG(s) 'example_branch_labels' retrieved from /home/ubuntu/redfin_venv/lib/python3.12/site-packages/airflow/example_dags/example_branch_labels.py
[2025-03-06T01:01:10.023+0000] {logging_mixin.py:190} INFO - [2025-03-06T01:01:10.023+0000] {dag.py:3239} INFO - Sync 1 DAGs
[2025-03-06T01:01:10.044+0000] {logging_mixin.py:190} INFO - [2025-03-06T01:01:10.044+0000] {dag.py:4180} INFO - Setting next_dagrun for example_branch_labels to 2025-03-05 00:00:00+00:00, run_after=2025-03-06 00:00:00+00:00
[2025-03-06T01:01:10.067+0000] {processor.py:208} INFO - Processing /home/ubuntu/redfin_venv/lib/python3.12/site-packages/airflow/example_dags/example_branch_labels.py took 0.084 seconds
[2025-03-06T01:02:13.101+0000] {processor.py:186} INFO - Started process (PID=5112) to work on /home/ubuntu/redfin_venv/lib/python3.12/site-packages/airflow/example_dags/example_branch_labels.py
[2025-03-06T01:02:13.103+0000] {processor.py:914} INFO - Processing file /home/ubuntu/redfin_venv/lib/python3.12/site-packages/airflow/example_dags/example_branch_labels.py for tasks to queue
[2025-03-06T01:02:13.107+0000] {logging_mixin.py:190} INFO - [2025-03-06T01:02:13.106+0000] {dagbag.py:588} INFO - Filling up the DagBag from /home/ubuntu/redfin_venv/lib/python3.12/site-packages/airflow/example_dags/example_branch_labels.py
[2025-03-06T01:02:13.138+0000] {processor.py:925} INFO - DAG(s) 'example_branch_labels' retrieved from /home/ubuntu/redfin_venv/lib/python3.12/site-packages/airflow/example_dags/example_branch_labels.py
[2025-03-06T01:02:13.168+0000] {logging_mixin.py:190} INFO - [2025-03-06T01:02:13.168+0000] {dag.py:3239} INFO - Sync 1 DAGs
[2025-03-06T01:02:13.231+0000] {logging_mixin.py:190} INFO - [2025-03-06T01:02:13.231+0000] {dag.py:4180} INFO - Setting next_dagrun for example_branch_labels to 2025-03-05 00:00:00+00:00, run_after=2025-03-06 00:00:00+00:00
[2025-03-06T01:02:13.286+0000] {processor.py:208} INFO - Processing /home/ubuntu/redfin_venv/lib/python3.12/site-packages/airflow/example_dags/example_branch_labels.py took 0.195 seconds
[2025-03-06T01:03:12.945+0000] {processor.py:186} INFO - Started process (PID=5292) to work on /home/ubuntu/redfin_venv/lib/python3.12/site-packages/airflow/example_dags/example_branch_labels.py
[2025-03-06T01:03:12.947+0000] {processor.py:914} INFO - Processing file /home/ubuntu/redfin_venv/lib/python3.12/site-packages/airflow/example_dags/example_branch_labels.py for tasks to queue
[2025-03-06T01:03:12.955+0000] {logging_mixin.py:190} INFO - [2025-03-06T01:03:12.954+0000] {dagbag.py:588} INFO - Filling up the DagBag from /home/ubuntu/redfin_venv/lib/python3.12/site-packages/airflow/example_dags/example_branch_labels.py
[2025-03-06T01:03:12.981+0000] {processor.py:925} INFO - DAG(s) 'example_branch_labels' retrieved from /home/ubuntu/redfin_venv/lib/python3.12/site-packages/airflow/example_dags/example_branch_labels.py
[2025-03-06T01:03:13.018+0000] {logging_mixin.py:190} INFO - [2025-03-06T01:03:13.018+0000] {dag.py:3239} INFO - Sync 1 DAGs
[2025-03-06T01:03:13.041+0000] {logging_mixin.py:190} INFO - [2025-03-06T01:03:13.041+0000] {dag.py:4180} INFO - Setting next_dagrun for example_branch_labels to 2025-03-05 00:00:00+00:00, run_after=2025-03-06 00:00:00+00:00
[2025-03-06T01:03:13.068+0000] {processor.py:208} INFO - Processing /home/ubuntu/redfin_venv/lib/python3.12/site-packages/airflow/example_dags/example_branch_labels.py took 0.130 seconds
[2025-03-06T01:04:43.099+0000] {processor.py:186} INFO - Started process (PID=5499) to work on /home/ubuntu/redfin_venv/lib/python3.12/site-packages/airflow/example_dags/example_branch_labels.py
[2025-03-06T01:04:43.103+0000] {processor.py:914} INFO - Processing file /home/ubuntu/redfin_venv/lib/python3.12/site-packages/airflow/example_dags/example_branch_labels.py for tasks to queue
[2025-03-06T01:04:43.105+0000] {logging_mixin.py:190} INFO - [2025-03-06T01:04:43.105+0000] {dagbag.py:588} INFO - Filling up the DagBag from /home/ubuntu/redfin_venv/lib/python3.12/site-packages/airflow/example_dags/example_branch_labels.py
[2025-03-06T01:04:43.117+0000] {processor.py:925} INFO - DAG(s) 'example_branch_labels' retrieved from /home/ubuntu/redfin_venv/lib/python3.12/site-packages/airflow/example_dags/example_branch_labels.py
[2025-03-06T01:04:43.136+0000] {logging_mixin.py:190} INFO - [2025-03-06T01:04:43.136+0000] {dag.py:3239} INFO - Sync 1 DAGs
[2025-03-06T01:04:43.158+0000] {logging_mixin.py:190} INFO - [2025-03-06T01:04:43.157+0000] {dag.py:4180} INFO - Setting next_dagrun for example_branch_labels to 2025-03-05 00:00:00+00:00, run_after=2025-03-06 00:00:00+00:00
[2025-03-06T01:04:43.182+0000] {processor.py:208} INFO - Processing /home/ubuntu/redfin_venv/lib/python3.12/site-packages/airflow/example_dags/example_branch_labels.py took 0.089 seconds
[2025-03-06T01:05:48.385+0000] {processor.py:186} INFO - Started process (PID=5623) to work on /home/ubuntu/redfin_venv/lib/python3.12/site-packages/airflow/example_dags/example_branch_labels.py
[2025-03-06T01:05:48.387+0000] {processor.py:914} INFO - Processing file /home/ubuntu/redfin_venv/lib/python3.12/site-packages/airflow/example_dags/example_branch_labels.py for tasks to queue
[2025-03-06T01:05:48.389+0000] {logging_mixin.py:190} INFO - [2025-03-06T01:05:48.389+0000] {dagbag.py:588} INFO - Filling up the DagBag from /home/ubuntu/redfin_venv/lib/python3.12/site-packages/airflow/example_dags/example_branch_labels.py
[2025-03-06T01:05:48.405+0000] {processor.py:925} INFO - DAG(s) 'example_branch_labels' retrieved from /home/ubuntu/redfin_venv/lib/python3.12/site-packages/airflow/example_dags/example_branch_labels.py
[2025-03-06T01:05:48.423+0000] {logging_mixin.py:190} INFO - [2025-03-06T01:05:48.423+0000] {dag.py:3239} INFO - Sync 1 DAGs
[2025-03-06T01:05:48.445+0000] {logging_mixin.py:190} INFO - [2025-03-06T01:05:48.445+0000] {dag.py:4180} INFO - Setting next_dagrun for example_branch_labels to 2025-03-05 00:00:00+00:00, run_after=2025-03-06 00:00:00+00:00
[2025-03-06T01:05:48.470+0000] {processor.py:208} INFO - Processing /home/ubuntu/redfin_venv/lib/python3.12/site-packages/airflow/example_dags/example_branch_labels.py took 0.096 seconds
[2025-03-06T01:06:51.622+0000] {processor.py:186} INFO - Started process (PID=5925) to work on /home/ubuntu/redfin_venv/lib/python3.12/site-packages/airflow/example_dags/example_branch_labels.py
[2025-03-06T01:06:51.624+0000] {processor.py:914} INFO - Processing file /home/ubuntu/redfin_venv/lib/python3.12/site-packages/airflow/example_dags/example_branch_labels.py for tasks to queue
[2025-03-06T01:06:51.627+0000] {logging_mixin.py:190} INFO - [2025-03-06T01:06:51.626+0000] {dagbag.py:588} INFO - Filling up the DagBag from /home/ubuntu/redfin_venv/lib/python3.12/site-packages/airflow/example_dags/example_branch_labels.py
[2025-03-06T01:06:51.639+0000] {processor.py:925} INFO - DAG(s) 'example_branch_labels' retrieved from /home/ubuntu/redfin_venv/lib/python3.12/site-packages/airflow/example_dags/example_branch_labels.py
[2025-03-06T01:06:51.659+0000] {logging_mixin.py:190} INFO - [2025-03-06T01:06:51.659+0000] {dag.py:3239} INFO - Sync 1 DAGs
[2025-03-06T01:06:51.680+0000] {logging_mixin.py:190} INFO - [2025-03-06T01:06:51.680+0000] {dag.py:4180} INFO - Setting next_dagrun for example_branch_labels to 2025-03-05 00:00:00+00:00, run_after=2025-03-06 00:00:00+00:00
[2025-03-06T01:06:51.704+0000] {processor.py:208} INFO - Processing /home/ubuntu/redfin_venv/lib/python3.12/site-packages/airflow/example_dags/example_branch_labels.py took 0.087 seconds
[2025-03-06T01:07:51.740+0000] {processor.py:186} INFO - Started process (PID=6284) to work on /home/ubuntu/redfin_venv/lib/python3.12/site-packages/airflow/example_dags/example_branch_labels.py
[2025-03-06T01:07:51.742+0000] {processor.py:914} INFO - Processing file /home/ubuntu/redfin_venv/lib/python3.12/site-packages/airflow/example_dags/example_branch_labels.py for tasks to queue
[2025-03-06T01:07:51.744+0000] {logging_mixin.py:190} INFO - [2025-03-06T01:07:51.744+0000] {dagbag.py:588} INFO - Filling up the DagBag from /home/ubuntu/redfin_venv/lib/python3.12/site-packages/airflow/example_dags/example_branch_labels.py
[2025-03-06T01:07:51.757+0000] {processor.py:925} INFO - DAG(s) 'example_branch_labels' retrieved from /home/ubuntu/redfin_venv/lib/python3.12/site-packages/airflow/example_dags/example_branch_labels.py
[2025-03-06T01:07:51.775+0000] {logging_mixin.py:190} INFO - [2025-03-06T01:07:51.774+0000] {dag.py:3239} INFO - Sync 1 DAGs
[2025-03-06T01:07:51.796+0000] {logging_mixin.py:190} INFO - [2025-03-06T01:07:51.796+0000] {dag.py:4180} INFO - Setting next_dagrun for example_branch_labels to 2025-03-05 00:00:00+00:00, run_after=2025-03-06 00:00:00+00:00
[2025-03-06T01:07:51.818+0000] {processor.py:208} INFO - Processing /home/ubuntu/redfin_venv/lib/python3.12/site-packages/airflow/example_dags/example_branch_labels.py took 0.089 seconds
[2025-03-06T01:08:51.200+0000] {processor.py:186} INFO - Started process (PID=6582) to work on /home/ubuntu/redfin_venv/lib/python3.12/site-packages/airflow/example_dags/example_branch_labels.py
[2025-03-06T01:08:51.201+0000] {processor.py:914} INFO - Processing file /home/ubuntu/redfin_venv/lib/python3.12/site-packages/airflow/example_dags/example_branch_labels.py for tasks to queue
[2025-03-06T01:08:51.203+0000] {logging_mixin.py:190} INFO - [2025-03-06T01:08:51.203+0000] {dagbag.py:588} INFO - Filling up the DagBag from /home/ubuntu/redfin_venv/lib/python3.12/site-packages/airflow/example_dags/example_branch_labels.py
[2025-03-06T01:08:51.214+0000] {processor.py:925} INFO - DAG(s) 'example_branch_labels' retrieved from /home/ubuntu/redfin_venv/lib/python3.12/site-packages/airflow/example_dags/example_branch_labels.py
[2025-03-06T01:08:51.233+0000] {logging_mixin.py:190} INFO - [2025-03-06T01:08:51.233+0000] {dag.py:3239} INFO - Sync 1 DAGs
[2025-03-06T01:08:51.255+0000] {logging_mixin.py:190} INFO - [2025-03-06T01:08:51.255+0000] {dag.py:4180} INFO - Setting next_dagrun for example_branch_labels to 2025-03-05 00:00:00+00:00, run_after=2025-03-06 00:00:00+00:00
[2025-03-06T01:08:51.280+0000] {processor.py:208} INFO - Processing /home/ubuntu/redfin_venv/lib/python3.12/site-packages/airflow/example_dags/example_branch_labels.py took 0.086 seconds
[2025-03-06T01:09:55.463+0000] {processor.py:186} INFO - Started process (PID=6822) to work on /home/ubuntu/redfin_venv/lib/python3.12/site-packages/airflow/example_dags/example_branch_labels.py
[2025-03-06T01:09:55.465+0000] {processor.py:914} INFO - Processing file /home/ubuntu/redfin_venv/lib/python3.12/site-packages/airflow/example_dags/example_branch_labels.py for tasks to queue
[2025-03-06T01:09:55.469+0000] {logging_mixin.py:190} INFO - [2025-03-06T01:09:55.468+0000] {dagbag.py:588} INFO - Filling up the DagBag from /home/ubuntu/redfin_venv/lib/python3.12/site-packages/airflow/example_dags/example_branch_labels.py
[2025-03-06T01:09:55.505+0000] {processor.py:925} INFO - DAG(s) 'example_branch_labels' retrieved from /home/ubuntu/redfin_venv/lib/python3.12/site-packages/airflow/example_dags/example_branch_labels.py
[2025-03-06T01:09:55.547+0000] {logging_mixin.py:190} INFO - [2025-03-06T01:09:55.546+0000] {dag.py:3239} INFO - Sync 1 DAGs
[2025-03-06T01:09:55.591+0000] {logging_mixin.py:190} INFO - [2025-03-06T01:09:55.590+0000] {dag.py:4180} INFO - Setting next_dagrun for example_branch_labels to 2025-03-05 00:00:00+00:00, run_after=2025-03-06 00:00:00+00:00
[2025-03-06T01:09:55.624+0000] {processor.py:208} INFO - Processing /home/ubuntu/redfin_venv/lib/python3.12/site-packages/airflow/example_dags/example_branch_labels.py took 0.178 seconds
[2025-03-06T01:10:57.733+0000] {processor.py:186} INFO - Started process (PID=6945) to work on /home/ubuntu/redfin_venv/lib/python3.12/site-packages/airflow/example_dags/example_branch_labels.py
[2025-03-06T01:10:57.734+0000] {processor.py:914} INFO - Processing file /home/ubuntu/redfin_venv/lib/python3.12/site-packages/airflow/example_dags/example_branch_labels.py for tasks to queue
[2025-03-06T01:10:57.737+0000] {logging_mixin.py:190} INFO - [2025-03-06T01:10:57.737+0000] {dagbag.py:588} INFO - Filling up the DagBag from /home/ubuntu/redfin_venv/lib/python3.12/site-packages/airflow/example_dags/example_branch_labels.py
[2025-03-06T01:10:57.751+0000] {processor.py:925} INFO - DAG(s) 'example_branch_labels' retrieved from /home/ubuntu/redfin_venv/lib/python3.12/site-packages/airflow/example_dags/example_branch_labels.py
[2025-03-06T01:10:57.772+0000] {logging_mixin.py:190} INFO - [2025-03-06T01:10:57.772+0000] {dag.py:3239} INFO - Sync 1 DAGs
[2025-03-06T01:10:57.812+0000] {logging_mixin.py:190} INFO - [2025-03-06T01:10:57.812+0000] {dag.py:4180} INFO - Setting next_dagrun for example_branch_labels to 2025-03-05 00:00:00+00:00, run_after=2025-03-06 00:00:00+00:00
[2025-03-06T01:10:57.844+0000] {processor.py:208} INFO - Processing /home/ubuntu/redfin_venv/lib/python3.12/site-packages/airflow/example_dags/example_branch_labels.py took 0.120 seconds
[2025-03-06T01:11:59.962+0000] {processor.py:186} INFO - Started process (PID=7064) to work on /home/ubuntu/redfin_venv/lib/python3.12/site-packages/airflow/example_dags/example_branch_labels.py
[2025-03-06T01:11:59.964+0000] {processor.py:914} INFO - Processing file /home/ubuntu/redfin_venv/lib/python3.12/site-packages/airflow/example_dags/example_branch_labels.py for tasks to queue
[2025-03-06T01:11:59.967+0000] {logging_mixin.py:190} INFO - [2025-03-06T01:11:59.967+0000] {dagbag.py:588} INFO - Filling up the DagBag from /home/ubuntu/redfin_venv/lib/python3.12/site-packages/airflow/example_dags/example_branch_labels.py
[2025-03-06T01:11:59.984+0000] {processor.py:925} INFO - DAG(s) 'example_branch_labels' retrieved from /home/ubuntu/redfin_venv/lib/python3.12/site-packages/airflow/example_dags/example_branch_labels.py
[2025-03-06T01:12:00.007+0000] {logging_mixin.py:190} INFO - [2025-03-06T01:12:00.007+0000] {dag.py:3239} INFO - Sync 1 DAGs
[2025-03-06T01:12:00.033+0000] {logging_mixin.py:190} INFO - [2025-03-06T01:12:00.032+0000] {dag.py:4180} INFO - Setting next_dagrun for example_branch_labels to 2025-03-05 00:00:00+00:00, run_after=2025-03-06 00:00:00+00:00
[2025-03-06T01:12:00.065+0000] {processor.py:208} INFO - Processing /home/ubuntu/redfin_venv/lib/python3.12/site-packages/airflow/example_dags/example_branch_labels.py took 0.113 seconds
[2025-03-06T01:13:06.009+0000] {processor.py:186} INFO - Started process (PID=7186) to work on /home/ubuntu/redfin_venv/lib/python3.12/site-packages/airflow/example_dags/example_branch_labels.py
[2025-03-06T01:13:06.011+0000] {processor.py:914} INFO - Processing file /home/ubuntu/redfin_venv/lib/python3.12/site-packages/airflow/example_dags/example_branch_labels.py for tasks to queue
[2025-03-06T01:13:06.013+0000] {logging_mixin.py:190} INFO - [2025-03-06T01:13:06.012+0000] {dagbag.py:588} INFO - Filling up the DagBag from /home/ubuntu/redfin_venv/lib/python3.12/site-packages/airflow/example_dags/example_branch_labels.py
[2025-03-06T01:13:06.027+0000] {processor.py:925} INFO - DAG(s) 'example_branch_labels' retrieved from /home/ubuntu/redfin_venv/lib/python3.12/site-packages/airflow/example_dags/example_branch_labels.py
[2025-03-06T01:13:06.051+0000] {logging_mixin.py:190} INFO - [2025-03-06T01:13:06.051+0000] {dag.py:3239} INFO - Sync 1 DAGs
[2025-03-06T01:13:06.075+0000] {logging_mixin.py:190} INFO - [2025-03-06T01:13:06.075+0000] {dag.py:4180} INFO - Setting next_dagrun for example_branch_labels to 2025-03-05 00:00:00+00:00, run_after=2025-03-06 00:00:00+00:00
[2025-03-06T01:13:06.100+0000] {processor.py:208} INFO - Processing /home/ubuntu/redfin_venv/lib/python3.12/site-packages/airflow/example_dags/example_branch_labels.py took 0.100 seconds
[2025-03-06T01:14:06.117+0000] {processor.py:186} INFO - Started process (PID=7366) to work on /home/ubuntu/redfin_venv/lib/python3.12/site-packages/airflow/example_dags/example_branch_labels.py
[2025-03-06T01:14:06.119+0000] {processor.py:914} INFO - Processing file /home/ubuntu/redfin_venv/lib/python3.12/site-packages/airflow/example_dags/example_branch_labels.py for tasks to queue
[2025-03-06T01:14:06.121+0000] {logging_mixin.py:190} INFO - [2025-03-06T01:14:06.121+0000] {dagbag.py:588} INFO - Filling up the DagBag from /home/ubuntu/redfin_venv/lib/python3.12/site-packages/airflow/example_dags/example_branch_labels.py
[2025-03-06T01:14:06.134+0000] {processor.py:925} INFO - DAG(s) 'example_branch_labels' retrieved from /home/ubuntu/redfin_venv/lib/python3.12/site-packages/airflow/example_dags/example_branch_labels.py
[2025-03-06T01:14:06.154+0000] {logging_mixin.py:190} INFO - [2025-03-06T01:14:06.154+0000] {dag.py:3239} INFO - Sync 1 DAGs
[2025-03-06T01:14:06.179+0000] {logging_mixin.py:190} INFO - [2025-03-06T01:14:06.178+0000] {dag.py:4180} INFO - Setting next_dagrun for example_branch_labels to 2025-03-05 00:00:00+00:00, run_after=2025-03-06 00:00:00+00:00
[2025-03-06T01:14:06.209+0000] {processor.py:208} INFO - Processing /home/ubuntu/redfin_venv/lib/python3.12/site-packages/airflow/example_dags/example_branch_labels.py took 0.099 seconds
[2025-03-06T01:15:07.393+0000] {processor.py:186} INFO - Started process (PID=7609) to work on /home/ubuntu/redfin_venv/lib/python3.12/site-packages/airflow/example_dags/example_branch_labels.py
[2025-03-06T01:15:07.395+0000] {processor.py:914} INFO - Processing file /home/ubuntu/redfin_venv/lib/python3.12/site-packages/airflow/example_dags/example_branch_labels.py for tasks to queue
[2025-03-06T01:15:07.397+0000] {logging_mixin.py:190} INFO - [2025-03-06T01:15:07.396+0000] {dagbag.py:588} INFO - Filling up the DagBag from /home/ubuntu/redfin_venv/lib/python3.12/site-packages/airflow/example_dags/example_branch_labels.py
[2025-03-06T01:15:07.413+0000] {processor.py:925} INFO - DAG(s) 'example_branch_labels' retrieved from /home/ubuntu/redfin_venv/lib/python3.12/site-packages/airflow/example_dags/example_branch_labels.py
[2025-03-06T01:15:07.434+0000] {logging_mixin.py:190} INFO - [2025-03-06T01:15:07.434+0000] {dag.py:3239} INFO - Sync 1 DAGs
[2025-03-06T01:15:07.457+0000] {logging_mixin.py:190} INFO - [2025-03-06T01:15:07.457+0000] {dag.py:4180} INFO - Setting next_dagrun for example_branch_labels to 2025-03-05 00:00:00+00:00, run_after=2025-03-06 00:00:00+00:00
[2025-03-06T01:15:07.485+0000] {processor.py:208} INFO - Processing /home/ubuntu/redfin_venv/lib/python3.12/site-packages/airflow/example_dags/example_branch_labels.py took 0.099 seconds
[2025-03-06T01:16:11.568+0000] {processor.py:186} INFO - Started process (PID=7789) to work on /home/ubuntu/redfin_venv/lib/python3.12/site-packages/airflow/example_dags/example_branch_labels.py
[2025-03-06T01:16:11.570+0000] {processor.py:914} INFO - Processing file /home/ubuntu/redfin_venv/lib/python3.12/site-packages/airflow/example_dags/example_branch_labels.py for tasks to queue
[2025-03-06T01:16:11.573+0000] {logging_mixin.py:190} INFO - [2025-03-06T01:16:11.573+0000] {dagbag.py:588} INFO - Filling up the DagBag from /home/ubuntu/redfin_venv/lib/python3.12/site-packages/airflow/example_dags/example_branch_labels.py
[2025-03-06T01:16:11.590+0000] {processor.py:925} INFO - DAG(s) 'example_branch_labels' retrieved from /home/ubuntu/redfin_venv/lib/python3.12/site-packages/airflow/example_dags/example_branch_labels.py
[2025-03-06T01:16:11.617+0000] {logging_mixin.py:190} INFO - [2025-03-06T01:16:11.616+0000] {dag.py:3239} INFO - Sync 1 DAGs
[2025-03-06T01:16:11.643+0000] {logging_mixin.py:190} INFO - [2025-03-06T01:16:11.642+0000] {dag.py:4180} INFO - Setting next_dagrun for example_branch_labels to 2025-03-05 00:00:00+00:00, run_after=2025-03-06 00:00:00+00:00
[2025-03-06T01:16:11.675+0000] {processor.py:208} INFO - Processing /home/ubuntu/redfin_venv/lib/python3.12/site-packages/airflow/example_dags/example_branch_labels.py took 0.117 seconds
[2025-03-06T01:17:09.934+0000] {processor.py:186} INFO - Started process (PID=7910) to work on /home/ubuntu/redfin_venv/lib/python3.12/site-packages/airflow/example_dags/example_branch_labels.py
[2025-03-06T01:17:09.936+0000] {processor.py:914} INFO - Processing file /home/ubuntu/redfin_venv/lib/python3.12/site-packages/airflow/example_dags/example_branch_labels.py for tasks to queue
[2025-03-06T01:17:09.938+0000] {logging_mixin.py:190} INFO - [2025-03-06T01:17:09.937+0000] {dagbag.py:588} INFO - Filling up the DagBag from /home/ubuntu/redfin_venv/lib/python3.12/site-packages/airflow/example_dags/example_branch_labels.py
[2025-03-06T01:17:09.949+0000] {processor.py:925} INFO - DAG(s) 'example_branch_labels' retrieved from /home/ubuntu/redfin_venv/lib/python3.12/site-packages/airflow/example_dags/example_branch_labels.py
[2025-03-06T01:17:09.968+0000] {logging_mixin.py:190} INFO - [2025-03-06T01:17:09.968+0000] {dag.py:3239} INFO - Sync 1 DAGs
[2025-03-06T01:17:09.992+0000] {logging_mixin.py:190} INFO - [2025-03-06T01:17:09.992+0000] {dag.py:4180} INFO - Setting next_dagrun for example_branch_labels to 2025-03-05 00:00:00+00:00, run_after=2025-03-06 00:00:00+00:00
[2025-03-06T01:17:10.026+0000] {processor.py:208} INFO - Processing /home/ubuntu/redfin_venv/lib/python3.12/site-packages/airflow/example_dags/example_branch_labels.py took 0.106 seconds
[2025-03-06T01:18:11.535+0000] {processor.py:186} INFO - Started process (PID=8251) to work on /home/ubuntu/redfin_venv/lib/python3.12/site-packages/airflow/example_dags/example_branch_labels.py
[2025-03-06T01:18:11.537+0000] {processor.py:914} INFO - Processing file /home/ubuntu/redfin_venv/lib/python3.12/site-packages/airflow/example_dags/example_branch_labels.py for tasks to queue
[2025-03-06T01:18:11.539+0000] {logging_mixin.py:190} INFO - [2025-03-06T01:18:11.539+0000] {dagbag.py:588} INFO - Filling up the DagBag from /home/ubuntu/redfin_venv/lib/python3.12/site-packages/airflow/example_dags/example_branch_labels.py
[2025-03-06T01:18:11.553+0000] {processor.py:925} INFO - DAG(s) 'example_branch_labels' retrieved from /home/ubuntu/redfin_venv/lib/python3.12/site-packages/airflow/example_dags/example_branch_labels.py
[2025-03-06T01:18:11.579+0000] {logging_mixin.py:190} INFO - [2025-03-06T01:18:11.578+0000] {dag.py:3239} INFO - Sync 1 DAGs
[2025-03-06T01:18:11.607+0000] {logging_mixin.py:190} INFO - [2025-03-06T01:18:11.607+0000] {dag.py:4180} INFO - Setting next_dagrun for example_branch_labels to 2025-03-05 00:00:00+00:00, run_after=2025-03-06 00:00:00+00:00
[2025-03-06T01:18:11.636+0000] {processor.py:208} INFO - Processing /home/ubuntu/redfin_venv/lib/python3.12/site-packages/airflow/example_dags/example_branch_labels.py took 0.111 seconds
[2025-03-06T01:19:14.746+0000] {processor.py:186} INFO - Started process (PID=8490) to work on /home/ubuntu/redfin_venv/lib/python3.12/site-packages/airflow/example_dags/example_branch_labels.py
[2025-03-06T01:19:14.747+0000] {processor.py:914} INFO - Processing file /home/ubuntu/redfin_venv/lib/python3.12/site-packages/airflow/example_dags/example_branch_labels.py for tasks to queue
[2025-03-06T01:19:14.750+0000] {logging_mixin.py:190} INFO - [2025-03-06T01:19:14.750+0000] {dagbag.py:588} INFO - Filling up the DagBag from /home/ubuntu/redfin_venv/lib/python3.12/site-packages/airflow/example_dags/example_branch_labels.py
[2025-03-06T01:19:14.762+0000] {processor.py:925} INFO - DAG(s) 'example_branch_labels' retrieved from /home/ubuntu/redfin_venv/lib/python3.12/site-packages/airflow/example_dags/example_branch_labels.py
[2025-03-06T01:19:14.781+0000] {logging_mixin.py:190} INFO - [2025-03-06T01:19:14.780+0000] {dag.py:3239} INFO - Sync 1 DAGs
[2025-03-06T01:19:14.802+0000] {logging_mixin.py:190} INFO - [2025-03-06T01:19:14.802+0000] {dag.py:4180} INFO - Setting next_dagrun for example_branch_labels to 2025-03-05 00:00:00+00:00, run_after=2025-03-06 00:00:00+00:00
[2025-03-06T01:19:14.827+0000] {processor.py:208} INFO - Processing /home/ubuntu/redfin_venv/lib/python3.12/site-packages/airflow/example_dags/example_branch_labels.py took 0.103 seconds
