[2025-03-06T00:58:22.950+0000] {processor.py:186} INFO - Started process (PID=3438) to work on /home/ubuntu/redfin_venv/lib/python3.12/site-packages/airflow/example_dags/example_xcomargs.py
[2025-03-06T00:58:22.953+0000] {processor.py:914} INFO - Processing file /home/ubuntu/redfin_venv/lib/python3.12/site-packages/airflow/example_dags/example_xcomargs.py for tasks to queue
[2025-03-06T00:58:22.957+0000] {logging_mixin.py:190} INFO - [2025-03-06T00:58:22.955+0000] {dagbag.py:588} INFO - Filling up the DagBag from /home/ubuntu/redfin_venv/lib/python3.12/site-packages/airflow/example_dags/example_xcomargs.py
[2025-03-06T00:58:22.968+0000] {processor.py:925} INFO - DAG(s) 'example_xcom_args_with_operators', 'example_xcom_args' retrieved from /home/ubuntu/redfin_venv/lib/python3.12/site-packages/airflow/example_dags/example_xcomargs.py
[2025-03-06T00:58:22.994+0000] {logging_mixin.py:190} INFO - [2025-03-06T00:58:22.994+0000] {dag.py:3239} INFO - Sync 2 DAGs
[2025-03-06T00:58:23.009+0000] {logging_mixin.py:190} INFO - [2025-03-06T00:58:23.009+0000] {dag.py:4180} INFO - Setting next_dagrun for example_xcom_args to None, run_after=None
[2025-03-06T00:58:23.013+0000] {logging_mixin.py:190} INFO - [2025-03-06T00:58:23.012+0000] {dag.py:4180} INFO - Setting next_dagrun for example_xcom_args_with_operators to None, run_after=None
[2025-03-06T00:58:23.033+0000] {processor.py:208} INFO - Processing /home/ubuntu/redfin_venv/lib/python3.12/site-packages/airflow/example_dags/example_xcomargs.py took 0.094 seconds
[2025-03-06T00:59:20.457+0000] {processor.py:186} INFO - Started process (PID=3980) to work on /home/ubuntu/redfin_venv/lib/python3.12/site-packages/airflow/example_dags/example_xcomargs.py
[2025-03-06T00:59:20.459+0000] {processor.py:914} INFO - Processing file /home/ubuntu/redfin_venv/lib/python3.12/site-packages/airflow/example_dags/example_xcomargs.py for tasks to queue
[2025-03-06T00:59:20.461+0000] {logging_mixin.py:190} INFO - [2025-03-06T00:59:20.461+0000] {dagbag.py:588} INFO - Filling up the DagBag from /home/ubuntu/redfin_venv/lib/python3.12/site-packages/airflow/example_dags/example_xcomargs.py
[2025-03-06T00:59:20.473+0000] {processor.py:925} INFO - DAG(s) 'example_xcom_args', 'example_xcom_args_with_operators' retrieved from /home/ubuntu/redfin_venv/lib/python3.12/site-packages/airflow/example_dags/example_xcomargs.py
[2025-03-06T00:59:20.494+0000] {logging_mixin.py:190} INFO - [2025-03-06T00:59:20.493+0000] {dag.py:3239} INFO - Sync 2 DAGs
[2025-03-06T00:59:20.507+0000] {logging_mixin.py:190} INFO - [2025-03-06T00:59:20.507+0000] {dag.py:4180} INFO - Setting next_dagrun for example_xcom_args to None, run_after=None
[2025-03-06T00:59:20.511+0000] {logging_mixin.py:190} INFO - [2025-03-06T00:59:20.510+0000] {dag.py:4180} INFO - Setting next_dagrun for example_xcom_args_with_operators to None, run_after=None
[2025-03-06T00:59:20.532+0000] {processor.py:208} INFO - Processing /home/ubuntu/redfin_venv/lib/python3.12/site-packages/airflow/example_dags/example_xcomargs.py took 0.080 seconds
[2025-03-06T01:00:17.784+0000] {processor.py:186} INFO - Started process (PID=4279) to work on /home/ubuntu/redfin_venv/lib/python3.12/site-packages/airflow/example_dags/example_xcomargs.py
[2025-03-06T01:00:17.786+0000] {processor.py:914} INFO - Processing file /home/ubuntu/redfin_venv/lib/python3.12/site-packages/airflow/example_dags/example_xcomargs.py for tasks to queue
[2025-03-06T01:00:17.788+0000] {logging_mixin.py:190} INFO - [2025-03-06T01:00:17.788+0000] {dagbag.py:588} INFO - Filling up the DagBag from /home/ubuntu/redfin_venv/lib/python3.12/site-packages/airflow/example_dags/example_xcomargs.py
[2025-03-06T01:00:17.807+0000] {processor.py:925} INFO - DAG(s) 'example_xcom_args_with_operators', 'example_xcom_args' retrieved from /home/ubuntu/redfin_venv/lib/python3.12/site-packages/airflow/example_dags/example_xcomargs.py
[2025-03-06T01:00:17.835+0000] {logging_mixin.py:190} INFO - [2025-03-06T01:00:17.834+0000] {dag.py:3239} INFO - Sync 2 DAGs
[2025-03-06T01:00:17.848+0000] {logging_mixin.py:190} INFO - [2025-03-06T01:00:17.848+0000] {dag.py:4180} INFO - Setting next_dagrun for example_xcom_args to None, run_after=None
[2025-03-06T01:00:17.852+0000] {logging_mixin.py:190} INFO - [2025-03-06T01:00:17.851+0000] {dag.py:4180} INFO - Setting next_dagrun for example_xcom_args_with_operators to None, run_after=None
[2025-03-06T01:00:17.884+0000] {processor.py:208} INFO - Processing /home/ubuntu/redfin_venv/lib/python3.12/site-packages/airflow/example_dags/example_xcomargs.py took 0.113 seconds
[2025-03-06T01:01:19.717+0000] {processor.py:186} INFO - Started process (PID=4878) to work on /home/ubuntu/redfin_venv/lib/python3.12/site-packages/airflow/example_dags/example_xcomargs.py
[2025-03-06T01:01:19.719+0000] {processor.py:914} INFO - Processing file /home/ubuntu/redfin_venv/lib/python3.12/site-packages/airflow/example_dags/example_xcomargs.py for tasks to queue
[2025-03-06T01:01:19.722+0000] {logging_mixin.py:190} INFO - [2025-03-06T01:01:19.721+0000] {dagbag.py:588} INFO - Filling up the DagBag from /home/ubuntu/redfin_venv/lib/python3.12/site-packages/airflow/example_dags/example_xcomargs.py
[2025-03-06T01:01:19.741+0000] {processor.py:925} INFO - DAG(s) 'example_xcom_args_with_operators', 'example_xcom_args' retrieved from /home/ubuntu/redfin_venv/lib/python3.12/site-packages/airflow/example_dags/example_xcomargs.py
[2025-03-06T01:01:19.768+0000] {logging_mixin.py:190} INFO - [2025-03-06T01:01:19.768+0000] {dag.py:3239} INFO - Sync 2 DAGs
[2025-03-06T01:01:19.783+0000] {logging_mixin.py:190} INFO - [2025-03-06T01:01:19.782+0000] {dag.py:4180} INFO - Setting next_dagrun for example_xcom_args to None, run_after=None
[2025-03-06T01:01:19.787+0000] {logging_mixin.py:190} INFO - [2025-03-06T01:01:19.786+0000] {dag.py:4180} INFO - Setting next_dagrun for example_xcom_args_with_operators to None, run_after=None
[2025-03-06T01:01:19.815+0000] {processor.py:208} INFO - Processing /home/ubuntu/redfin_venv/lib/python3.12/site-packages/airflow/example_dags/example_xcomargs.py took 0.106 seconds
[2025-03-06T01:02:20.919+0000] {processor.py:186} INFO - Started process (PID=5180) to work on /home/ubuntu/redfin_venv/lib/python3.12/site-packages/airflow/example_dags/example_xcomargs.py
[2025-03-06T01:02:20.921+0000] {processor.py:914} INFO - Processing file /home/ubuntu/redfin_venv/lib/python3.12/site-packages/airflow/example_dags/example_xcomargs.py for tasks to queue
[2025-03-06T01:02:20.924+0000] {logging_mixin.py:190} INFO - [2025-03-06T01:02:20.924+0000] {dagbag.py:588} INFO - Filling up the DagBag from /home/ubuntu/redfin_venv/lib/python3.12/site-packages/airflow/example_dags/example_xcomargs.py
[2025-03-06T01:02:20.937+0000] {processor.py:925} INFO - DAG(s) 'example_xcom_args', 'example_xcom_args_with_operators' retrieved from /home/ubuntu/redfin_venv/lib/python3.12/site-packages/airflow/example_dags/example_xcomargs.py
[2025-03-06T01:02:20.959+0000] {logging_mixin.py:190} INFO - [2025-03-06T01:02:20.959+0000] {dag.py:3239} INFO - Sync 2 DAGs
[2025-03-06T01:02:20.972+0000] {logging_mixin.py:190} INFO - [2025-03-06T01:02:20.972+0000] {dag.py:4180} INFO - Setting next_dagrun for example_xcom_args to None, run_after=None
[2025-03-06T01:02:20.976+0000] {logging_mixin.py:190} INFO - [2025-03-06T01:02:20.975+0000] {dag.py:4180} INFO - Setting next_dagrun for example_xcom_args_with_operators to None, run_after=None
[2025-03-06T01:02:20.998+0000] {processor.py:208} INFO - Processing /home/ubuntu/redfin_venv/lib/python3.12/site-packages/airflow/example_dags/example_xcomargs.py took 0.085 seconds
[2025-03-06T01:03:20.237+0000] {processor.py:186} INFO - Started process (PID=5360) to work on /home/ubuntu/redfin_venv/lib/python3.12/site-packages/airflow/example_dags/example_xcomargs.py
[2025-03-06T01:03:20.239+0000] {processor.py:914} INFO - Processing file /home/ubuntu/redfin_venv/lib/python3.12/site-packages/airflow/example_dags/example_xcomargs.py for tasks to queue
[2025-03-06T01:03:20.241+0000] {logging_mixin.py:190} INFO - [2025-03-06T01:03:20.241+0000] {dagbag.py:588} INFO - Filling up the DagBag from /home/ubuntu/redfin_venv/lib/python3.12/site-packages/airflow/example_dags/example_xcomargs.py
[2025-03-06T01:03:20.254+0000] {processor.py:925} INFO - DAG(s) 'example_xcom_args_with_operators', 'example_xcom_args' retrieved from /home/ubuntu/redfin_venv/lib/python3.12/site-packages/airflow/example_dags/example_xcomargs.py
[2025-03-06T01:03:20.278+0000] {logging_mixin.py:190} INFO - [2025-03-06T01:03:20.277+0000] {dag.py:3239} INFO - Sync 2 DAGs
[2025-03-06T01:03:20.297+0000] {logging_mixin.py:190} INFO - [2025-03-06T01:03:20.297+0000] {dag.py:4180} INFO - Setting next_dagrun for example_xcom_args to None, run_after=None
[2025-03-06T01:03:20.301+0000] {logging_mixin.py:190} INFO - [2025-03-06T01:03:20.301+0000] {dag.py:4180} INFO - Setting next_dagrun for example_xcom_args_with_operators to None, run_after=None
[2025-03-06T01:03:20.326+0000] {processor.py:208} INFO - Processing /home/ubuntu/redfin_venv/lib/python3.12/site-packages/airflow/example_dags/example_xcomargs.py took 0.095 seconds
[2025-03-06T01:04:21.964+0000] {processor.py:186} INFO - Started process (PID=5478) to work on /home/ubuntu/redfin_venv/lib/python3.12/site-packages/airflow/example_dags/example_xcomargs.py
[2025-03-06T01:04:21.967+0000] {processor.py:914} INFO - Processing file /home/ubuntu/redfin_venv/lib/python3.12/site-packages/airflow/example_dags/example_xcomargs.py for tasks to queue
[2025-03-06T01:04:21.973+0000] {logging_mixin.py:190} INFO - [2025-03-06T01:04:21.971+0000] {dagbag.py:588} INFO - Filling up the DagBag from /home/ubuntu/redfin_venv/lib/python3.12/site-packages/airflow/example_dags/example_xcomargs.py
[2025-03-06T01:04:21.997+0000] {processor.py:925} INFO - DAG(s) 'example_xcom_args', 'example_xcom_args_with_operators' retrieved from /home/ubuntu/redfin_venv/lib/python3.12/site-packages/airflow/example_dags/example_xcomargs.py
[2025-03-06T01:04:22.031+0000] {logging_mixin.py:190} INFO - [2025-03-06T01:04:22.031+0000] {dag.py:3239} INFO - Sync 2 DAGs
[2025-03-06T01:04:22.064+0000] {logging_mixin.py:190} INFO - [2025-03-06T01:04:22.064+0000] {dag.py:4180} INFO - Setting next_dagrun for example_xcom_args to None, run_after=None
[2025-03-06T01:04:22.068+0000] {logging_mixin.py:190} INFO - [2025-03-06T01:04:22.068+0000] {dag.py:4180} INFO - Setting next_dagrun for example_xcom_args_with_operators to None, run_after=None
[2025-03-06T01:04:22.102+0000] {processor.py:208} INFO - Processing /home/ubuntu/redfin_venv/lib/python3.12/site-packages/airflow/example_dags/example_xcomargs.py took 0.153 seconds
[2025-03-06T01:05:26.793+0000] {processor.py:186} INFO - Started process (PID=5602) to work on /home/ubuntu/redfin_venv/lib/python3.12/site-packages/airflow/example_dags/example_xcomargs.py
[2025-03-06T01:05:26.803+0000] {processor.py:914} INFO - Processing file /home/ubuntu/redfin_venv/lib/python3.12/site-packages/airflow/example_dags/example_xcomargs.py for tasks to queue
[2025-03-06T01:05:26.806+0000] {logging_mixin.py:190} INFO - [2025-03-06T01:05:26.805+0000] {dagbag.py:588} INFO - Filling up the DagBag from /home/ubuntu/redfin_venv/lib/python3.12/site-packages/airflow/example_dags/example_xcomargs.py
[2025-03-06T01:05:26.834+0000] {processor.py:925} INFO - DAG(s) 'example_xcom_args', 'example_xcom_args_with_operators' retrieved from /home/ubuntu/redfin_venv/lib/python3.12/site-packages/airflow/example_dags/example_xcomargs.py
[2025-03-06T01:05:26.867+0000] {logging_mixin.py:190} INFO - [2025-03-06T01:05:26.867+0000] {dag.py:3239} INFO - Sync 2 DAGs
[2025-03-06T01:05:26.883+0000] {logging_mixin.py:190} INFO - [2025-03-06T01:05:26.883+0000] {dag.py:4180} INFO - Setting next_dagrun for example_xcom_args to None, run_after=None
[2025-03-06T01:05:26.900+0000] {logging_mixin.py:190} INFO - [2025-03-06T01:05:26.899+0000] {dag.py:4180} INFO - Setting next_dagrun for example_xcom_args_with_operators to None, run_after=None
[2025-03-06T01:05:26.924+0000] {processor.py:208} INFO - Processing /home/ubuntu/redfin_venv/lib/python3.12/site-packages/airflow/example_dags/example_xcomargs.py took 0.143 seconds
[2025-03-06T01:06:28.321+0000] {processor.py:186} INFO - Started process (PID=5904) to work on /home/ubuntu/redfin_venv/lib/python3.12/site-packages/airflow/example_dags/example_xcomargs.py
[2025-03-06T01:06:28.323+0000] {processor.py:914} INFO - Processing file /home/ubuntu/redfin_venv/lib/python3.12/site-packages/airflow/example_dags/example_xcomargs.py for tasks to queue
[2025-03-06T01:06:28.328+0000] {logging_mixin.py:190} INFO - [2025-03-06T01:06:28.327+0000] {dagbag.py:588} INFO - Filling up the DagBag from /home/ubuntu/redfin_venv/lib/python3.12/site-packages/airflow/example_dags/example_xcomargs.py
[2025-03-06T01:06:28.353+0000] {processor.py:925} INFO - DAG(s) 'example_xcom_args', 'example_xcom_args_with_operators' retrieved from /home/ubuntu/redfin_venv/lib/python3.12/site-packages/airflow/example_dags/example_xcomargs.py
[2025-03-06T01:06:28.393+0000] {logging_mixin.py:190} INFO - [2025-03-06T01:06:28.392+0000] {dag.py:3239} INFO - Sync 2 DAGs
[2025-03-06T01:06:28.407+0000] {logging_mixin.py:190} INFO - [2025-03-06T01:06:28.407+0000] {dag.py:4180} INFO - Setting next_dagrun for example_xcom_args to None, run_after=None
[2025-03-06T01:06:28.411+0000] {logging_mixin.py:190} INFO - [2025-03-06T01:06:28.411+0000] {dag.py:4180} INFO - Setting next_dagrun for example_xcom_args_with_operators to None, run_after=None
[2025-03-06T01:06:28.435+0000] {processor.py:208} INFO - Processing /home/ubuntu/redfin_venv/lib/python3.12/site-packages/airflow/example_dags/example_xcomargs.py took 0.130 seconds
[2025-03-06T01:07:29.973+0000] {processor.py:186} INFO - Started process (PID=6203) to work on /home/ubuntu/redfin_venv/lib/python3.12/site-packages/airflow/example_dags/example_xcomargs.py
[2025-03-06T01:07:29.974+0000] {processor.py:914} INFO - Processing file /home/ubuntu/redfin_venv/lib/python3.12/site-packages/airflow/example_dags/example_xcomargs.py for tasks to queue
[2025-03-06T01:07:29.976+0000] {logging_mixin.py:190} INFO - [2025-03-06T01:07:29.976+0000] {dagbag.py:588} INFO - Filling up the DagBag from /home/ubuntu/redfin_venv/lib/python3.12/site-packages/airflow/example_dags/example_xcomargs.py
[2025-03-06T01:07:29.989+0000] {processor.py:925} INFO - DAG(s) 'example_xcom_args', 'example_xcom_args_with_operators' retrieved from /home/ubuntu/redfin_venv/lib/python3.12/site-packages/airflow/example_dags/example_xcomargs.py
[2025-03-06T01:07:30.010+0000] {logging_mixin.py:190} INFO - [2025-03-06T01:07:30.010+0000] {dag.py:3239} INFO - Sync 2 DAGs
[2025-03-06T01:07:30.025+0000] {logging_mixin.py:190} INFO - [2025-03-06T01:07:30.025+0000] {dag.py:4180} INFO - Setting next_dagrun for example_xcom_args to None, run_after=None
[2025-03-06T01:07:30.028+0000] {logging_mixin.py:190} INFO - [2025-03-06T01:07:30.028+0000] {dag.py:4180} INFO - Setting next_dagrun for example_xcom_args_with_operators to None, run_after=None
[2025-03-06T01:07:30.052+0000] {processor.py:208} INFO - Processing /home/ubuntu/redfin_venv/lib/python3.12/site-packages/airflow/example_dags/example_xcomargs.py took 0.085 seconds
[2025-03-06T01:08:30.590+0000] {processor.py:186} INFO - Started process (PID=6501) to work on /home/ubuntu/redfin_venv/lib/python3.12/site-packages/airflow/example_dags/example_xcomargs.py
[2025-03-06T01:08:30.591+0000] {processor.py:914} INFO - Processing file /home/ubuntu/redfin_venv/lib/python3.12/site-packages/airflow/example_dags/example_xcomargs.py for tasks to queue
[2025-03-06T01:08:30.593+0000] {logging_mixin.py:190} INFO - [2025-03-06T01:08:30.593+0000] {dagbag.py:588} INFO - Filling up the DagBag from /home/ubuntu/redfin_venv/lib/python3.12/site-packages/airflow/example_dags/example_xcomargs.py
[2025-03-06T01:08:30.605+0000] {processor.py:925} INFO - DAG(s) 'example_xcom_args_with_operators', 'example_xcom_args' retrieved from /home/ubuntu/redfin_venv/lib/python3.12/site-packages/airflow/example_dags/example_xcomargs.py
[2025-03-06T01:08:30.625+0000] {logging_mixin.py:190} INFO - [2025-03-06T01:08:30.625+0000] {dag.py:3239} INFO - Sync 2 DAGs
[2025-03-06T01:08:30.638+0000] {logging_mixin.py:190} INFO - [2025-03-06T01:08:30.638+0000] {dag.py:4180} INFO - Setting next_dagrun for example_xcom_args to None, run_after=None
[2025-03-06T01:08:30.641+0000] {logging_mixin.py:190} INFO - [2025-03-06T01:08:30.641+0000] {dag.py:4180} INFO - Setting next_dagrun for example_xcom_args_with_operators to None, run_after=None
[2025-03-06T01:08:30.662+0000] {processor.py:208} INFO - Processing /home/ubuntu/redfin_venv/lib/python3.12/site-packages/airflow/example_dags/example_xcomargs.py took 0.079 seconds
[2025-03-06T01:09:34.219+0000] {processor.py:186} INFO - Started process (PID=6801) to work on /home/ubuntu/redfin_venv/lib/python3.12/site-packages/airflow/example_dags/example_xcomargs.py
[2025-03-06T01:09:34.220+0000] {processor.py:914} INFO - Processing file /home/ubuntu/redfin_venv/lib/python3.12/site-packages/airflow/example_dags/example_xcomargs.py for tasks to queue
[2025-03-06T01:09:34.222+0000] {logging_mixin.py:190} INFO - [2025-03-06T01:09:34.222+0000] {dagbag.py:588} INFO - Filling up the DagBag from /home/ubuntu/redfin_venv/lib/python3.12/site-packages/airflow/example_dags/example_xcomargs.py
[2025-03-06T01:09:34.234+0000] {processor.py:925} INFO - DAG(s) 'example_xcom_args', 'example_xcom_args_with_operators' retrieved from /home/ubuntu/redfin_venv/lib/python3.12/site-packages/airflow/example_dags/example_xcomargs.py
[2025-03-06T01:09:34.254+0000] {logging_mixin.py:190} INFO - [2025-03-06T01:09:34.253+0000] {dag.py:3239} INFO - Sync 2 DAGs
[2025-03-06T01:09:34.267+0000] {logging_mixin.py:190} INFO - [2025-03-06T01:09:34.266+0000] {dag.py:4180} INFO - Setting next_dagrun for example_xcom_args to None, run_after=None
[2025-03-06T01:09:34.270+0000] {logging_mixin.py:190} INFO - [2025-03-06T01:09:34.270+0000] {dag.py:4180} INFO - Setting next_dagrun for example_xcom_args_with_operators to None, run_after=None
[2025-03-06T01:09:34.291+0000] {processor.py:208} INFO - Processing /home/ubuntu/redfin_venv/lib/python3.12/site-packages/airflow/example_dags/example_xcomargs.py took 0.083 seconds
[2025-03-06T01:10:35.710+0000] {processor.py:186} INFO - Started process (PID=6924) to work on /home/ubuntu/redfin_venv/lib/python3.12/site-packages/airflow/example_dags/example_xcomargs.py
[2025-03-06T01:10:35.713+0000] {processor.py:914} INFO - Processing file /home/ubuntu/redfin_venv/lib/python3.12/site-packages/airflow/example_dags/example_xcomargs.py for tasks to queue
[2025-03-06T01:10:35.718+0000] {logging_mixin.py:190} INFO - [2025-03-06T01:10:35.716+0000] {dagbag.py:588} INFO - Filling up the DagBag from /home/ubuntu/redfin_venv/lib/python3.12/site-packages/airflow/example_dags/example_xcomargs.py
[2025-03-06T01:10:35.749+0000] {processor.py:925} INFO - DAG(s) 'example_xcom_args', 'example_xcom_args_with_operators' retrieved from /home/ubuntu/redfin_venv/lib/python3.12/site-packages/airflow/example_dags/example_xcomargs.py
[2025-03-06T01:10:35.780+0000] {logging_mixin.py:190} INFO - [2025-03-06T01:10:35.780+0000] {dag.py:3239} INFO - Sync 2 DAGs
[2025-03-06T01:10:35.797+0000] {logging_mixin.py:190} INFO - [2025-03-06T01:10:35.797+0000] {dag.py:4180} INFO - Setting next_dagrun for example_xcom_args to None, run_after=None
[2025-03-06T01:10:35.801+0000] {logging_mixin.py:190} INFO - [2025-03-06T01:10:35.800+0000] {dag.py:4180} INFO - Setting next_dagrun for example_xcom_args_with_operators to None, run_after=None
[2025-03-06T01:10:35.830+0000] {processor.py:208} INFO - Processing /home/ubuntu/redfin_venv/lib/python3.12/site-packages/airflow/example_dags/example_xcomargs.py took 0.136 seconds
[2025-03-06T01:11:36.747+0000] {processor.py:186} INFO - Started process (PID=7043) to work on /home/ubuntu/redfin_venv/lib/python3.12/site-packages/airflow/example_dags/example_xcomargs.py
[2025-03-06T01:11:36.749+0000] {processor.py:914} INFO - Processing file /home/ubuntu/redfin_venv/lib/python3.12/site-packages/airflow/example_dags/example_xcomargs.py for tasks to queue
[2025-03-06T01:11:36.751+0000] {logging_mixin.py:190} INFO - [2025-03-06T01:11:36.751+0000] {dagbag.py:588} INFO - Filling up the DagBag from /home/ubuntu/redfin_venv/lib/python3.12/site-packages/airflow/example_dags/example_xcomargs.py
[2025-03-06T01:11:36.765+0000] {processor.py:925} INFO - DAG(s) 'example_xcom_args', 'example_xcom_args_with_operators' retrieved from /home/ubuntu/redfin_venv/lib/python3.12/site-packages/airflow/example_dags/example_xcomargs.py
[2025-03-06T01:11:36.788+0000] {logging_mixin.py:190} INFO - [2025-03-06T01:11:36.787+0000] {dag.py:3239} INFO - Sync 2 DAGs
[2025-03-06T01:11:36.803+0000] {logging_mixin.py:190} INFO - [2025-03-06T01:11:36.802+0000] {dag.py:4180} INFO - Setting next_dagrun for example_xcom_args to None, run_after=None
[2025-03-06T01:11:36.807+0000] {logging_mixin.py:190} INFO - [2025-03-06T01:11:36.806+0000] {dag.py:4180} INFO - Setting next_dagrun for example_xcom_args_with_operators to None, run_after=None
[2025-03-06T01:11:36.838+0000] {processor.py:208} INFO - Processing /home/ubuntu/redfin_venv/lib/python3.12/site-packages/airflow/example_dags/example_xcomargs.py took 0.097 seconds
[2025-03-06T01:12:42.757+0000] {processor.py:186} INFO - Started process (PID=7165) to work on /home/ubuntu/redfin_venv/lib/python3.12/site-packages/airflow/example_dags/example_xcomargs.py
[2025-03-06T01:12:42.760+0000] {processor.py:914} INFO - Processing file /home/ubuntu/redfin_venv/lib/python3.12/site-packages/airflow/example_dags/example_xcomargs.py for tasks to queue
[2025-03-06T01:12:42.762+0000] {logging_mixin.py:190} INFO - [2025-03-06T01:12:42.762+0000] {dagbag.py:588} INFO - Filling up the DagBag from /home/ubuntu/redfin_venv/lib/python3.12/site-packages/airflow/example_dags/example_xcomargs.py
[2025-03-06T01:12:42.779+0000] {processor.py:925} INFO - DAG(s) 'example_xcom_args', 'example_xcom_args_with_operators' retrieved from /home/ubuntu/redfin_venv/lib/python3.12/site-packages/airflow/example_dags/example_xcomargs.py
[2025-03-06T01:12:42.810+0000] {logging_mixin.py:190} INFO - [2025-03-06T01:12:42.809+0000] {dag.py:3239} INFO - Sync 2 DAGs
[2025-03-06T01:12:42.832+0000] {logging_mixin.py:190} INFO - [2025-03-06T01:12:42.832+0000] {dag.py:4180} INFO - Setting next_dagrun for example_xcom_args to None, run_after=None
[2025-03-06T01:12:42.842+0000] {logging_mixin.py:190} INFO - [2025-03-06T01:12:42.841+0000] {dag.py:4180} INFO - Setting next_dagrun for example_xcom_args_with_operators to None, run_after=None
[2025-03-06T01:12:42.869+0000] {processor.py:208} INFO - Processing /home/ubuntu/redfin_venv/lib/python3.12/site-packages/airflow/example_dags/example_xcomargs.py took 0.124 seconds
[2025-03-06T01:13:43.120+0000] {processor.py:186} INFO - Started process (PID=7345) to work on /home/ubuntu/redfin_venv/lib/python3.12/site-packages/airflow/example_dags/example_xcomargs.py
[2025-03-06T01:13:43.123+0000] {processor.py:914} INFO - Processing file /home/ubuntu/redfin_venv/lib/python3.12/site-packages/airflow/example_dags/example_xcomargs.py for tasks to queue
[2025-03-06T01:13:43.126+0000] {logging_mixin.py:190} INFO - [2025-03-06T01:13:43.125+0000] {dagbag.py:588} INFO - Filling up the DagBag from /home/ubuntu/redfin_venv/lib/python3.12/site-packages/airflow/example_dags/example_xcomargs.py
[2025-03-06T01:13:43.138+0000] {processor.py:925} INFO - DAG(s) 'example_xcom_args_with_operators', 'example_xcom_args' retrieved from /home/ubuntu/redfin_venv/lib/python3.12/site-packages/airflow/example_dags/example_xcomargs.py
[2025-03-06T01:13:43.158+0000] {logging_mixin.py:190} INFO - [2025-03-06T01:13:43.158+0000] {dag.py:3239} INFO - Sync 2 DAGs
[2025-03-06T01:13:43.171+0000] {logging_mixin.py:190} INFO - [2025-03-06T01:13:43.170+0000] {dag.py:4180} INFO - Setting next_dagrun for example_xcom_args to None, run_after=None
[2025-03-06T01:13:43.174+0000] {logging_mixin.py:190} INFO - [2025-03-06T01:13:43.174+0000] {dag.py:4180} INFO - Setting next_dagrun for example_xcom_args_with_operators to None, run_after=None
[2025-03-06T01:13:43.195+0000] {processor.py:208} INFO - Processing /home/ubuntu/redfin_venv/lib/python3.12/site-packages/airflow/example_dags/example_xcomargs.py took 0.082 seconds
[2025-03-06T01:14:44.364+0000] {processor.py:186} INFO - Started process (PID=7464) to work on /home/ubuntu/redfin_venv/lib/python3.12/site-packages/airflow/example_dags/example_xcomargs.py
[2025-03-06T01:14:44.366+0000] {processor.py:914} INFO - Processing file /home/ubuntu/redfin_venv/lib/python3.12/site-packages/airflow/example_dags/example_xcomargs.py for tasks to queue
[2025-03-06T01:14:44.368+0000] {logging_mixin.py:190} INFO - [2025-03-06T01:14:44.368+0000] {dagbag.py:588} INFO - Filling up the DagBag from /home/ubuntu/redfin_venv/lib/python3.12/site-packages/airflow/example_dags/example_xcomargs.py
[2025-03-06T01:14:44.383+0000] {processor.py:925} INFO - DAG(s) 'example_xcom_args_with_operators', 'example_xcom_args' retrieved from /home/ubuntu/redfin_venv/lib/python3.12/site-packages/airflow/example_dags/example_xcomargs.py
[2025-03-06T01:14:44.406+0000] {logging_mixin.py:190} INFO - [2025-03-06T01:14:44.406+0000] {dag.py:3239} INFO - Sync 2 DAGs
[2025-03-06T01:14:44.422+0000] {logging_mixin.py:190} INFO - [2025-03-06T01:14:44.422+0000] {dag.py:4180} INFO - Setting next_dagrun for example_xcom_args to None, run_after=None
[2025-03-06T01:14:44.426+0000] {logging_mixin.py:190} INFO - [2025-03-06T01:14:44.426+0000] {dag.py:4180} INFO - Setting next_dagrun for example_xcom_args_with_operators to None, run_after=None
[2025-03-06T01:14:44.453+0000] {processor.py:208} INFO - Processing /home/ubuntu/redfin_venv/lib/python3.12/site-packages/airflow/example_dags/example_xcomargs.py took 0.097 seconds
[2025-03-06T01:15:49.226+0000] {processor.py:186} INFO - Started process (PID=7768) to work on /home/ubuntu/redfin_venv/lib/python3.12/site-packages/airflow/example_dags/example_xcomargs.py
[2025-03-06T01:15:49.227+0000] {processor.py:914} INFO - Processing file /home/ubuntu/redfin_venv/lib/python3.12/site-packages/airflow/example_dags/example_xcomargs.py for tasks to queue
[2025-03-06T01:15:49.230+0000] {logging_mixin.py:190} INFO - [2025-03-06T01:15:49.229+0000] {dagbag.py:588} INFO - Filling up the DagBag from /home/ubuntu/redfin_venv/lib/python3.12/site-packages/airflow/example_dags/example_xcomargs.py
[2025-03-06T01:15:49.250+0000] {processor.py:925} INFO - DAG(s) 'example_xcom_args', 'example_xcom_args_with_operators' retrieved from /home/ubuntu/redfin_venv/lib/python3.12/site-packages/airflow/example_dags/example_xcomargs.py
[2025-03-06T01:15:49.275+0000] {logging_mixin.py:190} INFO - [2025-03-06T01:15:49.274+0000] {dag.py:3239} INFO - Sync 2 DAGs
[2025-03-06T01:15:49.328+0000] {logging_mixin.py:190} INFO - [2025-03-06T01:15:49.327+0000] {dag.py:4180} INFO - Setting next_dagrun for example_xcom_args to None, run_after=None
[2025-03-06T01:15:49.333+0000] {logging_mixin.py:190} INFO - [2025-03-06T01:15:49.333+0000] {dag.py:4180} INFO - Setting next_dagrun for example_xcom_args_with_operators to None, run_after=None
[2025-03-06T01:15:49.370+0000] {processor.py:208} INFO - Processing /home/ubuntu/redfin_venv/lib/python3.12/site-packages/airflow/example_dags/example_xcomargs.py took 0.150 seconds
[2025-03-06T01:16:48.067+0000] {processor.py:186} INFO - Started process (PID=7886) to work on /home/ubuntu/redfin_venv/lib/python3.12/site-packages/airflow/example_dags/example_xcomargs.py
[2025-03-06T01:16:48.069+0000] {processor.py:914} INFO - Processing file /home/ubuntu/redfin_venv/lib/python3.12/site-packages/airflow/example_dags/example_xcomargs.py for tasks to queue
[2025-03-06T01:16:48.072+0000] {logging_mixin.py:190} INFO - [2025-03-06T01:16:48.071+0000] {dagbag.py:588} INFO - Filling up the DagBag from /home/ubuntu/redfin_venv/lib/python3.12/site-packages/airflow/example_dags/example_xcomargs.py
[2025-03-06T01:16:48.090+0000] {processor.py:925} INFO - DAG(s) 'example_xcom_args', 'example_xcom_args_with_operators' retrieved from /home/ubuntu/redfin_venv/lib/python3.12/site-packages/airflow/example_dags/example_xcomargs.py
[2025-03-06T01:16:48.124+0000] {logging_mixin.py:190} INFO - [2025-03-06T01:16:48.124+0000] {dag.py:3239} INFO - Sync 2 DAGs
[2025-03-06T01:16:48.141+0000] {logging_mixin.py:190} INFO - [2025-03-06T01:16:48.141+0000] {dag.py:4180} INFO - Setting next_dagrun for example_xcom_args to None, run_after=None
[2025-03-06T01:16:48.148+0000] {logging_mixin.py:190} INFO - [2025-03-06T01:16:48.147+0000] {dag.py:4180} INFO - Setting next_dagrun for example_xcom_args_with_operators to None, run_after=None
[2025-03-06T01:16:48.184+0000] {processor.py:208} INFO - Processing /home/ubuntu/redfin_venv/lib/python3.12/site-packages/airflow/example_dags/example_xcomargs.py took 0.137 seconds
[2025-03-06T01:17:50.530+0000] {processor.py:186} INFO - Started process (PID=8229) to work on /home/ubuntu/redfin_venv/lib/python3.12/site-packages/airflow/example_dags/example_xcomargs.py
[2025-03-06T01:17:50.531+0000] {processor.py:914} INFO - Processing file /home/ubuntu/redfin_venv/lib/python3.12/site-packages/airflow/example_dags/example_xcomargs.py for tasks to queue
[2025-03-06T01:17:50.533+0000] {logging_mixin.py:190} INFO - [2025-03-06T01:17:50.533+0000] {dagbag.py:588} INFO - Filling up the DagBag from /home/ubuntu/redfin_venv/lib/python3.12/site-packages/airflow/example_dags/example_xcomargs.py
[2025-03-06T01:17:50.545+0000] {processor.py:925} INFO - DAG(s) 'example_xcom_args_with_operators', 'example_xcom_args' retrieved from /home/ubuntu/redfin_venv/lib/python3.12/site-packages/airflow/example_dags/example_xcomargs.py
[2025-03-06T01:17:50.565+0000] {logging_mixin.py:190} INFO - [2025-03-06T01:17:50.565+0000] {dag.py:3239} INFO - Sync 2 DAGs
[2025-03-06T01:17:50.578+0000] {logging_mixin.py:190} INFO - [2025-03-06T01:17:50.578+0000] {dag.py:4180} INFO - Setting next_dagrun for example_xcom_args to None, run_after=None
[2025-03-06T01:17:50.582+0000] {logging_mixin.py:190} INFO - [2025-03-06T01:17:50.582+0000] {dag.py:4180} INFO - Setting next_dagrun for example_xcom_args_with_operators to None, run_after=None
[2025-03-06T01:17:50.607+0000] {processor.py:208} INFO - Processing /home/ubuntu/redfin_venv/lib/python3.12/site-packages/airflow/example_dags/example_xcomargs.py took 0.084 seconds
[2025-03-06T01:18:51.740+0000] {processor.py:186} INFO - Started process (PID=8469) to work on /home/ubuntu/redfin_venv/lib/python3.12/site-packages/airflow/example_dags/example_xcomargs.py
[2025-03-06T01:18:51.741+0000] {processor.py:914} INFO - Processing file /home/ubuntu/redfin_venv/lib/python3.12/site-packages/airflow/example_dags/example_xcomargs.py for tasks to queue
[2025-03-06T01:18:51.744+0000] {logging_mixin.py:190} INFO - [2025-03-06T01:18:51.743+0000] {dagbag.py:588} INFO - Filling up the DagBag from /home/ubuntu/redfin_venv/lib/python3.12/site-packages/airflow/example_dags/example_xcomargs.py
[2025-03-06T01:18:51.756+0000] {processor.py:925} INFO - DAG(s) 'example_xcom_args', 'example_xcom_args_with_operators' retrieved from /home/ubuntu/redfin_venv/lib/python3.12/site-packages/airflow/example_dags/example_xcomargs.py
[2025-03-06T01:18:51.778+0000] {logging_mixin.py:190} INFO - [2025-03-06T01:18:51.777+0000] {dag.py:3239} INFO - Sync 2 DAGs
[2025-03-06T01:18:51.793+0000] {logging_mixin.py:190} INFO - [2025-03-06T01:18:51.793+0000] {dag.py:4180} INFO - Setting next_dagrun for example_xcom_args to None, run_after=None
[2025-03-06T01:18:51.797+0000] {logging_mixin.py:190} INFO - [2025-03-06T01:18:51.797+0000] {dag.py:4180} INFO - Setting next_dagrun for example_xcom_args_with_operators to None, run_after=None
[2025-03-06T01:18:51.820+0000] {processor.py:208} INFO - Processing /home/ubuntu/redfin_venv/lib/python3.12/site-packages/airflow/example_dags/example_xcomargs.py took 0.086 seconds
[2025-03-06T01:19:59.606+0000] {processor.py:186} INFO - Started process (PID=8590) to work on /home/ubuntu/redfin_venv/lib/python3.12/site-packages/airflow/example_dags/example_xcomargs.py
[2025-03-06T01:19:59.608+0000] {processor.py:914} INFO - Processing file /home/ubuntu/redfin_venv/lib/python3.12/site-packages/airflow/example_dags/example_xcomargs.py for tasks to queue
[2025-03-06T01:19:59.610+0000] {logging_mixin.py:190} INFO - [2025-03-06T01:19:59.610+0000] {dagbag.py:588} INFO - Filling up the DagBag from /home/ubuntu/redfin_venv/lib/python3.12/site-packages/airflow/example_dags/example_xcomargs.py
[2025-03-06T01:19:59.626+0000] {processor.py:925} INFO - DAG(s) 'example_xcom_args', 'example_xcom_args_with_operators' retrieved from /home/ubuntu/redfin_venv/lib/python3.12/site-packages/airflow/example_dags/example_xcomargs.py
[2025-03-06T01:19:59.663+0000] {logging_mixin.py:190} INFO - [2025-03-06T01:19:59.663+0000] {dag.py:3239} INFO - Sync 2 DAGs
[2025-03-06T01:19:59.682+0000] {logging_mixin.py:190} INFO - [2025-03-06T01:19:59.682+0000] {dag.py:4180} INFO - Setting next_dagrun for example_xcom_args to None, run_after=None
[2025-03-06T01:19:59.705+0000] {logging_mixin.py:190} INFO - [2025-03-06T01:19:59.704+0000] {dag.py:4180} INFO - Setting next_dagrun for example_xcom_args_with_operators to None, run_after=None
[2025-03-06T01:19:59.730+0000] {processor.py:208} INFO - Processing /home/ubuntu/redfin_venv/lib/python3.12/site-packages/airflow/example_dags/example_xcomargs.py took 0.132 seconds
