[2025-03-06T00:58:50.381+0000] {processor.py:186} INFO - Started process (PID=3645) to work on /home/ubuntu/redfin_venv/lib/python3.12/site-packages/airflow/example_dags/example_nested_branch_dag.py
[2025-03-06T00:58:50.382+0000] {processor.py:914} INFO - Processing file /home/ubuntu/redfin_venv/lib/python3.12/site-packages/airflow/example_dags/example_nested_branch_dag.py for tasks to queue
[2025-03-06T00:58:50.386+0000] {logging_mixin.py:190} INFO - [2025-03-06T00:58:50.385+0000] {dagbag.py:588} INFO - Filling up the DagBag from /home/ubuntu/redfin_venv/lib/python3.12/site-packages/airflow/example_dags/example_nested_branch_dag.py
[2025-03-06T00:58:50.400+0000] {processor.py:925} INFO - DAG(s) 'example_nested_branch_dag' retrieved from /home/ubuntu/redfin_venv/lib/python3.12/site-packages/airflow/example_dags/example_nested_branch_dag.py
[2025-03-06T00:58:50.437+0000] {logging_mixin.py:190} INFO - [2025-03-06T00:58:50.437+0000] {dag.py:3239} INFO - Sync 1 DAGs
[2025-03-06T00:58:50.473+0000] {logging_mixin.py:190} INFO - [2025-03-06T00:58:50.473+0000] {dag.py:4180} INFO - Setting next_dagrun for example_nested_branch_dag to 2025-03-05 00:00:00+00:00, run_after=2025-03-06 00:00:00+00:00
[2025-03-06T00:58:50.509+0000] {processor.py:208} INFO - Processing /home/ubuntu/redfin_venv/lib/python3.12/site-packages/airflow/example_dags/example_nested_branch_dag.py took 0.140 seconds
[2025-03-06T00:59:48.868+0000] {processor.py:186} INFO - Started process (PID=4008) to work on /home/ubuntu/redfin_venv/lib/python3.12/site-packages/airflow/example_dags/example_nested_branch_dag.py
[2025-03-06T00:59:48.870+0000] {processor.py:914} INFO - Processing file /home/ubuntu/redfin_venv/lib/python3.12/site-packages/airflow/example_dags/example_nested_branch_dag.py for tasks to queue
[2025-03-06T00:59:48.872+0000] {logging_mixin.py:190} INFO - [2025-03-06T00:59:48.872+0000] {dagbag.py:588} INFO - Filling up the DagBag from /home/ubuntu/redfin_venv/lib/python3.12/site-packages/airflow/example_dags/example_nested_branch_dag.py
[2025-03-06T00:59:48.885+0000] {processor.py:925} INFO - DAG(s) 'example_nested_branch_dag' retrieved from /home/ubuntu/redfin_venv/lib/python3.12/site-packages/airflow/example_dags/example_nested_branch_dag.py
[2025-03-06T00:59:48.904+0000] {logging_mixin.py:190} INFO - [2025-03-06T00:59:48.904+0000] {dag.py:3239} INFO - Sync 1 DAGs
[2025-03-06T00:59:48.925+0000] {logging_mixin.py:190} INFO - [2025-03-06T00:59:48.925+0000] {dag.py:4180} INFO - Setting next_dagrun for example_nested_branch_dag to 2025-03-05 00:00:00+00:00, run_after=2025-03-06 00:00:00+00:00
[2025-03-06T00:59:48.949+0000] {processor.py:208} INFO - Processing /home/ubuntu/redfin_venv/lib/python3.12/site-packages/airflow/example_dags/example_nested_branch_dag.py took 0.087 seconds
[2025-03-06T01:00:48.860+0000] {processor.py:186} INFO - Started process (PID=4668) to work on /home/ubuntu/redfin_venv/lib/python3.12/site-packages/airflow/example_dags/example_nested_branch_dag.py
[2025-03-06T01:00:48.861+0000] {processor.py:914} INFO - Processing file /home/ubuntu/redfin_venv/lib/python3.12/site-packages/airflow/example_dags/example_nested_branch_dag.py for tasks to queue
[2025-03-06T01:00:48.864+0000] {logging_mixin.py:190} INFO - [2025-03-06T01:00:48.864+0000] {dagbag.py:588} INFO - Filling up the DagBag from /home/ubuntu/redfin_venv/lib/python3.12/site-packages/airflow/example_dags/example_nested_branch_dag.py
[2025-03-06T01:00:48.877+0000] {processor.py:925} INFO - DAG(s) 'example_nested_branch_dag' retrieved from /home/ubuntu/redfin_venv/lib/python3.12/site-packages/airflow/example_dags/example_nested_branch_dag.py
[2025-03-06T01:00:48.895+0000] {logging_mixin.py:190} INFO - [2025-03-06T01:00:48.895+0000] {dag.py:3239} INFO - Sync 1 DAGs
[2025-03-06T01:00:48.917+0000] {logging_mixin.py:190} INFO - [2025-03-06T01:00:48.917+0000] {dag.py:4180} INFO - Setting next_dagrun for example_nested_branch_dag to 2025-03-05 00:00:00+00:00, run_after=2025-03-06 00:00:00+00:00
[2025-03-06T01:00:48.947+0000] {processor.py:208} INFO - Processing /home/ubuntu/redfin_venv/lib/python3.12/site-packages/airflow/example_dags/example_nested_branch_dag.py took 0.094 seconds
[2025-03-06T01:01:52.653+0000] {processor.py:186} INFO - Started process (PID=4913) to work on /home/ubuntu/redfin_venv/lib/python3.12/site-packages/airflow/example_dags/example_nested_branch_dag.py
[2025-03-06T01:01:52.655+0000] {processor.py:914} INFO - Processing file /home/ubuntu/redfin_venv/lib/python3.12/site-packages/airflow/example_dags/example_nested_branch_dag.py for tasks to queue
[2025-03-06T01:01:52.657+0000] {logging_mixin.py:190} INFO - [2025-03-06T01:01:52.657+0000] {dagbag.py:588} INFO - Filling up the DagBag from /home/ubuntu/redfin_venv/lib/python3.12/site-packages/airflow/example_dags/example_nested_branch_dag.py
[2025-03-06T01:01:52.671+0000] {processor.py:925} INFO - DAG(s) 'example_nested_branch_dag' retrieved from /home/ubuntu/redfin_venv/lib/python3.12/site-packages/airflow/example_dags/example_nested_branch_dag.py
[2025-03-06T01:01:52.689+0000] {logging_mixin.py:190} INFO - [2025-03-06T01:01:52.689+0000] {dag.py:3239} INFO - Sync 1 DAGs
[2025-03-06T01:01:52.711+0000] {logging_mixin.py:190} INFO - [2025-03-06T01:01:52.711+0000] {dag.py:4180} INFO - Setting next_dagrun for example_nested_branch_dag to 2025-03-05 00:00:00+00:00, run_after=2025-03-06 00:00:00+00:00
[2025-03-06T01:01:52.736+0000] {processor.py:208} INFO - Processing /home/ubuntu/redfin_venv/lib/python3.12/site-packages/airflow/example_dags/example_nested_branch_dag.py took 0.089 seconds
[2025-03-06T01:02:53.768+0000] {processor.py:186} INFO - Started process (PID=5212) to work on /home/ubuntu/redfin_venv/lib/python3.12/site-packages/airflow/example_dags/example_nested_branch_dag.py
[2025-03-06T01:02:53.770+0000] {processor.py:914} INFO - Processing file /home/ubuntu/redfin_venv/lib/python3.12/site-packages/airflow/example_dags/example_nested_branch_dag.py for tasks to queue
[2025-03-06T01:02:53.772+0000] {logging_mixin.py:190} INFO - [2025-03-06T01:02:53.772+0000] {dagbag.py:588} INFO - Filling up the DagBag from /home/ubuntu/redfin_venv/lib/python3.12/site-packages/airflow/example_dags/example_nested_branch_dag.py
[2025-03-06T01:02:53.786+0000] {processor.py:925} INFO - DAG(s) 'example_nested_branch_dag' retrieved from /home/ubuntu/redfin_venv/lib/python3.12/site-packages/airflow/example_dags/example_nested_branch_dag.py
[2025-03-06T01:02:53.808+0000] {logging_mixin.py:190} INFO - [2025-03-06T01:02:53.808+0000] {dag.py:3239} INFO - Sync 1 DAGs
[2025-03-06T01:02:53.833+0000] {logging_mixin.py:190} INFO - [2025-03-06T01:02:53.833+0000] {dag.py:4180} INFO - Setting next_dagrun for example_nested_branch_dag to 2025-03-05 00:00:00+00:00, run_after=2025-03-06 00:00:00+00:00
[2025-03-06T01:02:53.859+0000] {processor.py:208} INFO - Processing /home/ubuntu/redfin_venv/lib/python3.12/site-packages/airflow/example_dags/example_nested_branch_dag.py took 0.098 seconds
[2025-03-06T01:03:51.383+0000] {processor.py:186} INFO - Started process (PID=5391) to work on /home/ubuntu/redfin_venv/lib/python3.12/site-packages/airflow/example_dags/example_nested_branch_dag.py
[2025-03-06T01:03:51.390+0000] {processor.py:914} INFO - Processing file /home/ubuntu/redfin_venv/lib/python3.12/site-packages/airflow/example_dags/example_nested_branch_dag.py for tasks to queue
[2025-03-06T01:03:51.392+0000] {logging_mixin.py:190} INFO - [2025-03-06T01:03:51.392+0000] {dagbag.py:588} INFO - Filling up the DagBag from /home/ubuntu/redfin_venv/lib/python3.12/site-packages/airflow/example_dags/example_nested_branch_dag.py
[2025-03-06T01:03:51.409+0000] {processor.py:925} INFO - DAG(s) 'example_nested_branch_dag' retrieved from /home/ubuntu/redfin_venv/lib/python3.12/site-packages/airflow/example_dags/example_nested_branch_dag.py
[2025-03-06T01:03:51.437+0000] {logging_mixin.py:190} INFO - [2025-03-06T01:03:51.437+0000] {dag.py:3239} INFO - Sync 1 DAGs
[2025-03-06T01:03:51.481+0000] {logging_mixin.py:190} INFO - [2025-03-06T01:03:51.481+0000] {dag.py:4180} INFO - Setting next_dagrun for example_nested_branch_dag to 2025-03-05 00:00:00+00:00, run_after=2025-03-06 00:00:00+00:00
[2025-03-06T01:03:51.520+0000] {processor.py:208} INFO - Processing /home/ubuntu/redfin_venv/lib/python3.12/site-packages/airflow/example_dags/example_nested_branch_dag.py took 0.144 seconds
[2025-03-06T01:04:56.992+0000] {processor.py:186} INFO - Started process (PID=5512) to work on /home/ubuntu/redfin_venv/lib/python3.12/site-packages/airflow/example_dags/example_nested_branch_dag.py
[2025-03-06T01:04:56.994+0000] {processor.py:914} INFO - Processing file /home/ubuntu/redfin_venv/lib/python3.12/site-packages/airflow/example_dags/example_nested_branch_dag.py for tasks to queue
[2025-03-06T01:04:56.997+0000] {logging_mixin.py:190} INFO - [2025-03-06T01:04:56.997+0000] {dagbag.py:588} INFO - Filling up the DagBag from /home/ubuntu/redfin_venv/lib/python3.12/site-packages/airflow/example_dags/example_nested_branch_dag.py
[2025-03-06T01:04:57.019+0000] {processor.py:925} INFO - DAG(s) 'example_nested_branch_dag' retrieved from /home/ubuntu/redfin_venv/lib/python3.12/site-packages/airflow/example_dags/example_nested_branch_dag.py
[2025-03-06T01:04:57.046+0000] {logging_mixin.py:190} INFO - [2025-03-06T01:04:57.046+0000] {dag.py:3239} INFO - Sync 1 DAGs
[2025-03-06T01:04:57.075+0000] {logging_mixin.py:190} INFO - [2025-03-06T01:04:57.075+0000] {dag.py:4180} INFO - Setting next_dagrun for example_nested_branch_dag to 2025-03-05 00:00:00+00:00, run_after=2025-03-06 00:00:00+00:00
[2025-03-06T01:04:57.106+0000] {processor.py:208} INFO - Processing /home/ubuntu/redfin_venv/lib/python3.12/site-packages/airflow/example_dags/example_nested_branch_dag.py took 0.123 seconds
[2025-03-06T01:06:00.954+0000] {processor.py:186} INFO - Started process (PID=5636) to work on /home/ubuntu/redfin_venv/lib/python3.12/site-packages/airflow/example_dags/example_nested_branch_dag.py
[2025-03-06T01:06:00.956+0000] {processor.py:914} INFO - Processing file /home/ubuntu/redfin_venv/lib/python3.12/site-packages/airflow/example_dags/example_nested_branch_dag.py for tasks to queue
[2025-03-06T01:06:00.958+0000] {logging_mixin.py:190} INFO - [2025-03-06T01:06:00.958+0000] {dagbag.py:588} INFO - Filling up the DagBag from /home/ubuntu/redfin_venv/lib/python3.12/site-packages/airflow/example_dags/example_nested_branch_dag.py
[2025-03-06T01:06:00.975+0000] {processor.py:925} INFO - DAG(s) 'example_nested_branch_dag' retrieved from /home/ubuntu/redfin_venv/lib/python3.12/site-packages/airflow/example_dags/example_nested_branch_dag.py
[2025-03-06T01:06:00.995+0000] {logging_mixin.py:190} INFO - [2025-03-06T01:06:00.995+0000] {dag.py:3239} INFO - Sync 1 DAGs
[2025-03-06T01:06:01.018+0000] {logging_mixin.py:190} INFO - [2025-03-06T01:06:01.017+0000] {dag.py:4180} INFO - Setting next_dagrun for example_nested_branch_dag to 2025-03-05 00:00:00+00:00, run_after=2025-03-06 00:00:00+00:00
[2025-03-06T01:06:01.044+0000] {processor.py:208} INFO - Processing /home/ubuntu/redfin_venv/lib/python3.12/site-packages/airflow/example_dags/example_nested_branch_dag.py took 0.098 seconds
[2025-03-06T01:07:05.656+0000] {processor.py:186} INFO - Started process (PID=6059) to work on /home/ubuntu/redfin_venv/lib/python3.12/site-packages/airflow/example_dags/example_nested_branch_dag.py
[2025-03-06T01:07:05.657+0000] {processor.py:914} INFO - Processing file /home/ubuntu/redfin_venv/lib/python3.12/site-packages/airflow/example_dags/example_nested_branch_dag.py for tasks to queue
[2025-03-06T01:07:05.659+0000] {logging_mixin.py:190} INFO - [2025-03-06T01:07:05.659+0000] {dagbag.py:588} INFO - Filling up the DagBag from /home/ubuntu/redfin_venv/lib/python3.12/site-packages/airflow/example_dags/example_nested_branch_dag.py
[2025-03-06T01:07:05.673+0000] {processor.py:925} INFO - DAG(s) 'example_nested_branch_dag' retrieved from /home/ubuntu/redfin_venv/lib/python3.12/site-packages/airflow/example_dags/example_nested_branch_dag.py
[2025-03-06T01:07:05.692+0000] {logging_mixin.py:190} INFO - [2025-03-06T01:07:05.691+0000] {dag.py:3239} INFO - Sync 1 DAGs
[2025-03-06T01:07:05.713+0000] {logging_mixin.py:190} INFO - [2025-03-06T01:07:05.713+0000] {dag.py:4180} INFO - Setting next_dagrun for example_nested_branch_dag to 2025-03-05 00:00:00+00:00, run_after=2025-03-06 00:00:00+00:00
[2025-03-06T01:07:05.737+0000] {processor.py:208} INFO - Processing /home/ubuntu/redfin_venv/lib/python3.12/site-packages/airflow/example_dags/example_nested_branch_dag.py took 0.088 seconds
[2025-03-06T01:08:07.552+0000] {processor.py:186} INFO - Started process (PID=6358) to work on /home/ubuntu/redfin_venv/lib/python3.12/site-packages/airflow/example_dags/example_nested_branch_dag.py
[2025-03-06T01:08:07.553+0000] {processor.py:914} INFO - Processing file /home/ubuntu/redfin_venv/lib/python3.12/site-packages/airflow/example_dags/example_nested_branch_dag.py for tasks to queue
[2025-03-06T01:08:07.556+0000] {logging_mixin.py:190} INFO - [2025-03-06T01:08:07.555+0000] {dagbag.py:588} INFO - Filling up the DagBag from /home/ubuntu/redfin_venv/lib/python3.12/site-packages/airflow/example_dags/example_nested_branch_dag.py
[2025-03-06T01:08:07.570+0000] {processor.py:925} INFO - DAG(s) 'example_nested_branch_dag' retrieved from /home/ubuntu/redfin_venv/lib/python3.12/site-packages/airflow/example_dags/example_nested_branch_dag.py
[2025-03-06T01:08:07.596+0000] {logging_mixin.py:190} INFO - [2025-03-06T01:08:07.596+0000] {dag.py:3239} INFO - Sync 1 DAGs
[2025-03-06T01:08:07.625+0000] {logging_mixin.py:190} INFO - [2025-03-06T01:08:07.624+0000] {dag.py:4180} INFO - Setting next_dagrun for example_nested_branch_dag to 2025-03-05 00:00:00+00:00, run_after=2025-03-06 00:00:00+00:00
[2025-03-06T01:08:07.675+0000] {processor.py:208} INFO - Processing /home/ubuntu/redfin_venv/lib/python3.12/site-packages/airflow/example_dags/example_nested_branch_dag.py took 0.131 seconds
[2025-03-06T01:09:07.480+0000] {processor.py:186} INFO - Started process (PID=6717) to work on /home/ubuntu/redfin_venv/lib/python3.12/site-packages/airflow/example_dags/example_nested_branch_dag.py
[2025-03-06T01:09:07.481+0000] {processor.py:914} INFO - Processing file /home/ubuntu/redfin_venv/lib/python3.12/site-packages/airflow/example_dags/example_nested_branch_dag.py for tasks to queue
[2025-03-06T01:09:07.484+0000] {logging_mixin.py:190} INFO - [2025-03-06T01:09:07.483+0000] {dagbag.py:588} INFO - Filling up the DagBag from /home/ubuntu/redfin_venv/lib/python3.12/site-packages/airflow/example_dags/example_nested_branch_dag.py
[2025-03-06T01:09:07.502+0000] {processor.py:925} INFO - DAG(s) 'example_nested_branch_dag' retrieved from /home/ubuntu/redfin_venv/lib/python3.12/site-packages/airflow/example_dags/example_nested_branch_dag.py
[2025-03-06T01:09:07.525+0000] {logging_mixin.py:190} INFO - [2025-03-06T01:09:07.525+0000] {dag.py:3239} INFO - Sync 1 DAGs
[2025-03-06T01:09:07.557+0000] {logging_mixin.py:190} INFO - [2025-03-06T01:09:07.557+0000] {dag.py:4180} INFO - Setting next_dagrun for example_nested_branch_dag to 2025-03-05 00:00:00+00:00, run_after=2025-03-06 00:00:00+00:00
[2025-03-06T01:09:07.581+0000] {processor.py:208} INFO - Processing /home/ubuntu/redfin_venv/lib/python3.12/site-packages/airflow/example_dags/example_nested_branch_dag.py took 0.112 seconds
[2025-03-06T01:10:11.136+0000] {processor.py:186} INFO - Started process (PID=6841) to work on /home/ubuntu/redfin_venv/lib/python3.12/site-packages/airflow/example_dags/example_nested_branch_dag.py
[2025-03-06T01:10:11.138+0000] {processor.py:914} INFO - Processing file /home/ubuntu/redfin_venv/lib/python3.12/site-packages/airflow/example_dags/example_nested_branch_dag.py for tasks to queue
[2025-03-06T01:10:11.141+0000] {logging_mixin.py:190} INFO - [2025-03-06T01:10:11.140+0000] {dagbag.py:588} INFO - Filling up the DagBag from /home/ubuntu/redfin_venv/lib/python3.12/site-packages/airflow/example_dags/example_nested_branch_dag.py
[2025-03-06T01:10:11.156+0000] {processor.py:925} INFO - DAG(s) 'example_nested_branch_dag' retrieved from /home/ubuntu/redfin_venv/lib/python3.12/site-packages/airflow/example_dags/example_nested_branch_dag.py
[2025-03-06T01:10:11.194+0000] {logging_mixin.py:190} INFO - [2025-03-06T01:10:11.194+0000] {dag.py:3239} INFO - Sync 1 DAGs
[2025-03-06T01:10:11.222+0000] {logging_mixin.py:190} INFO - [2025-03-06T01:10:11.222+0000] {dag.py:4180} INFO - Setting next_dagrun for example_nested_branch_dag to 2025-03-05 00:00:00+00:00, run_after=2025-03-06 00:00:00+00:00
[2025-03-06T01:10:11.250+0000] {processor.py:208} INFO - Processing /home/ubuntu/redfin_venv/lib/python3.12/site-packages/airflow/example_dags/example_nested_branch_dag.py took 0.121 seconds
[2025-03-06T01:11:12.823+0000] {processor.py:186} INFO - Started process (PID=6960) to work on /home/ubuntu/redfin_venv/lib/python3.12/site-packages/airflow/example_dags/example_nested_branch_dag.py
[2025-03-06T01:11:12.828+0000] {processor.py:914} INFO - Processing file /home/ubuntu/redfin_venv/lib/python3.12/site-packages/airflow/example_dags/example_nested_branch_dag.py for tasks to queue
[2025-03-06T01:11:12.834+0000] {logging_mixin.py:190} INFO - [2025-03-06T01:11:12.833+0000] {dagbag.py:588} INFO - Filling up the DagBag from /home/ubuntu/redfin_venv/lib/python3.12/site-packages/airflow/example_dags/example_nested_branch_dag.py
[2025-03-06T01:11:12.859+0000] {processor.py:925} INFO - DAG(s) 'example_nested_branch_dag' retrieved from /home/ubuntu/redfin_venv/lib/python3.12/site-packages/airflow/example_dags/example_nested_branch_dag.py
[2025-03-06T01:11:12.887+0000] {logging_mixin.py:190} INFO - [2025-03-06T01:11:12.887+0000] {dag.py:3239} INFO - Sync 1 DAGs
[2025-03-06T01:11:12.910+0000] {logging_mixin.py:190} INFO - [2025-03-06T01:11:12.909+0000] {dag.py:4180} INFO - Setting next_dagrun for example_nested_branch_dag to 2025-03-05 00:00:00+00:00, run_after=2025-03-06 00:00:00+00:00
[2025-03-06T01:11:12.943+0000] {processor.py:208} INFO - Processing /home/ubuntu/redfin_venv/lib/python3.12/site-packages/airflow/example_dags/example_nested_branch_dag.py took 0.132 seconds
[2025-03-06T01:12:17.405+0000] {processor.py:186} INFO - Started process (PID=7140) to work on /home/ubuntu/redfin_venv/lib/python3.12/site-packages/airflow/example_dags/example_nested_branch_dag.py
[2025-03-06T01:12:17.408+0000] {processor.py:914} INFO - Processing file /home/ubuntu/redfin_venv/lib/python3.12/site-packages/airflow/example_dags/example_nested_branch_dag.py for tasks to queue
[2025-03-06T01:12:17.411+0000] {logging_mixin.py:190} INFO - [2025-03-06T01:12:17.411+0000] {dagbag.py:588} INFO - Filling up the DagBag from /home/ubuntu/redfin_venv/lib/python3.12/site-packages/airflow/example_dags/example_nested_branch_dag.py
[2025-03-06T01:12:17.428+0000] {processor.py:925} INFO - DAG(s) 'example_nested_branch_dag' retrieved from /home/ubuntu/redfin_venv/lib/python3.12/site-packages/airflow/example_dags/example_nested_branch_dag.py
[2025-03-06T01:12:17.469+0000] {logging_mixin.py:190} INFO - [2025-03-06T01:12:17.469+0000] {dag.py:3239} INFO - Sync 1 DAGs
[2025-03-06T01:12:17.510+0000] {logging_mixin.py:190} INFO - [2025-03-06T01:12:17.510+0000] {dag.py:4180} INFO - Setting next_dagrun for example_nested_branch_dag to 2025-03-05 00:00:00+00:00, run_after=2025-03-06 00:00:00+00:00
[2025-03-06T01:12:17.539+0000] {processor.py:208} INFO - Processing /home/ubuntu/redfin_venv/lib/python3.12/site-packages/airflow/example_dags/example_nested_branch_dag.py took 0.143 seconds
[2025-03-06T01:13:19.726+0000] {processor.py:186} INFO - Started process (PID=7286) to work on /home/ubuntu/redfin_venv/lib/python3.12/site-packages/airflow/example_dags/example_nested_branch_dag.py
[2025-03-06T01:13:19.728+0000] {processor.py:914} INFO - Processing file /home/ubuntu/redfin_venv/lib/python3.12/site-packages/airflow/example_dags/example_nested_branch_dag.py for tasks to queue
[2025-03-06T01:13:19.730+0000] {logging_mixin.py:190} INFO - [2025-03-06T01:13:19.730+0000] {dagbag.py:588} INFO - Filling up the DagBag from /home/ubuntu/redfin_venv/lib/python3.12/site-packages/airflow/example_dags/example_nested_branch_dag.py
[2025-03-06T01:13:19.744+0000] {processor.py:925} INFO - DAG(s) 'example_nested_branch_dag' retrieved from /home/ubuntu/redfin_venv/lib/python3.12/site-packages/airflow/example_dags/example_nested_branch_dag.py
[2025-03-06T01:13:19.766+0000] {logging_mixin.py:190} INFO - [2025-03-06T01:13:19.765+0000] {dag.py:3239} INFO - Sync 1 DAGs
[2025-03-06T01:13:19.787+0000] {logging_mixin.py:190} INFO - [2025-03-06T01:13:19.787+0000] {dag.py:4180} INFO - Setting next_dagrun for example_nested_branch_dag to 2025-03-05 00:00:00+00:00, run_after=2025-03-06 00:00:00+00:00
[2025-03-06T01:13:19.823+0000] {processor.py:208} INFO - Processing /home/ubuntu/redfin_venv/lib/python3.12/site-packages/airflow/example_dags/example_nested_branch_dag.py took 0.109 seconds
[2025-03-06T01:14:22.515+0000] {processor.py:186} INFO - Started process (PID=7442) to work on /home/ubuntu/redfin_venv/lib/python3.12/site-packages/airflow/example_dags/example_nested_branch_dag.py
[2025-03-06T01:14:22.517+0000] {processor.py:914} INFO - Processing file /home/ubuntu/redfin_venv/lib/python3.12/site-packages/airflow/example_dags/example_nested_branch_dag.py for tasks to queue
[2025-03-06T01:14:22.520+0000] {logging_mixin.py:190} INFO - [2025-03-06T01:14:22.519+0000] {dagbag.py:588} INFO - Filling up the DagBag from /home/ubuntu/redfin_venv/lib/python3.12/site-packages/airflow/example_dags/example_nested_branch_dag.py
[2025-03-06T01:14:22.535+0000] {processor.py:925} INFO - DAG(s) 'example_nested_branch_dag' retrieved from /home/ubuntu/redfin_venv/lib/python3.12/site-packages/airflow/example_dags/example_nested_branch_dag.py
[2025-03-06T01:14:22.558+0000] {logging_mixin.py:190} INFO - [2025-03-06T01:14:22.558+0000] {dag.py:3239} INFO - Sync 1 DAGs
[2025-03-06T01:14:22.581+0000] {logging_mixin.py:190} INFO - [2025-03-06T01:14:22.581+0000] {dag.py:4180} INFO - Setting next_dagrun for example_nested_branch_dag to 2025-03-05 00:00:00+00:00, run_after=2025-03-06 00:00:00+00:00
[2025-03-06T01:14:22.606+0000] {processor.py:208} INFO - Processing /home/ubuntu/redfin_venv/lib/python3.12/site-packages/airflow/example_dags/example_nested_branch_dag.py took 0.097 seconds
[2025-03-06T01:15:23.032+0000] {processor.py:186} INFO - Started process (PID=7744) to work on /home/ubuntu/redfin_venv/lib/python3.12/site-packages/airflow/example_dags/example_nested_branch_dag.py
[2025-03-06T01:15:23.034+0000] {processor.py:914} INFO - Processing file /home/ubuntu/redfin_venv/lib/python3.12/site-packages/airflow/example_dags/example_nested_branch_dag.py for tasks to queue
[2025-03-06T01:15:23.039+0000] {logging_mixin.py:190} INFO - [2025-03-06T01:15:23.037+0000] {dagbag.py:588} INFO - Filling up the DagBag from /home/ubuntu/redfin_venv/lib/python3.12/site-packages/airflow/example_dags/example_nested_branch_dag.py
[2025-03-06T01:15:23.055+0000] {processor.py:925} INFO - DAG(s) 'example_nested_branch_dag' retrieved from /home/ubuntu/redfin_venv/lib/python3.12/site-packages/airflow/example_dags/example_nested_branch_dag.py
[2025-03-06T01:15:23.085+0000] {logging_mixin.py:190} INFO - [2025-03-06T01:15:23.085+0000] {dag.py:3239} INFO - Sync 1 DAGs
[2025-03-06T01:15:23.138+0000] {logging_mixin.py:190} INFO - [2025-03-06T01:15:23.138+0000] {dag.py:4180} INFO - Setting next_dagrun for example_nested_branch_dag to 2025-03-05 00:00:00+00:00, run_after=2025-03-06 00:00:00+00:00
[2025-03-06T01:15:23.177+0000] {processor.py:208} INFO - Processing /home/ubuntu/redfin_venv/lib/python3.12/site-packages/airflow/example_dags/example_nested_branch_dag.py took 0.152 seconds
[2025-03-06T01:16:24.760+0000] {processor.py:186} INFO - Started process (PID=7864) to work on /home/ubuntu/redfin_venv/lib/python3.12/site-packages/airflow/example_dags/example_nested_branch_dag.py
[2025-03-06T01:16:24.763+0000] {processor.py:914} INFO - Processing file /home/ubuntu/redfin_venv/lib/python3.12/site-packages/airflow/example_dags/example_nested_branch_dag.py for tasks to queue
[2025-03-06T01:16:24.766+0000] {logging_mixin.py:190} INFO - [2025-03-06T01:16:24.765+0000] {dagbag.py:588} INFO - Filling up the DagBag from /home/ubuntu/redfin_venv/lib/python3.12/site-packages/airflow/example_dags/example_nested_branch_dag.py
[2025-03-06T01:16:24.786+0000] {processor.py:925} INFO - DAG(s) 'example_nested_branch_dag' retrieved from /home/ubuntu/redfin_venv/lib/python3.12/site-packages/airflow/example_dags/example_nested_branch_dag.py
[2025-03-06T01:16:24.806+0000] {logging_mixin.py:190} INFO - [2025-03-06T01:16:24.806+0000] {dag.py:3239} INFO - Sync 1 DAGs
[2025-03-06T01:16:24.846+0000] {logging_mixin.py:190} INFO - [2025-03-06T01:16:24.845+0000] {dag.py:4180} INFO - Setting next_dagrun for example_nested_branch_dag to 2025-03-05 00:00:00+00:00, run_after=2025-03-06 00:00:00+00:00
[2025-03-06T01:16:24.911+0000] {processor.py:208} INFO - Processing /home/ubuntu/redfin_venv/lib/python3.12/site-packages/airflow/example_dags/example_nested_branch_dag.py took 0.169 seconds
[2025-03-06T01:17:26.408+0000] {processor.py:186} INFO - Started process (PID=8084) to work on /home/ubuntu/redfin_venv/lib/python3.12/site-packages/airflow/example_dags/example_nested_branch_dag.py
[2025-03-06T01:17:26.410+0000] {processor.py:914} INFO - Processing file /home/ubuntu/redfin_venv/lib/python3.12/site-packages/airflow/example_dags/example_nested_branch_dag.py for tasks to queue
[2025-03-06T01:17:26.413+0000] {logging_mixin.py:190} INFO - [2025-03-06T01:17:26.413+0000] {dagbag.py:588} INFO - Filling up the DagBag from /home/ubuntu/redfin_venv/lib/python3.12/site-packages/airflow/example_dags/example_nested_branch_dag.py
[2025-03-06T01:17:26.433+0000] {processor.py:925} INFO - DAG(s) 'example_nested_branch_dag' retrieved from /home/ubuntu/redfin_venv/lib/python3.12/site-packages/airflow/example_dags/example_nested_branch_dag.py
[2025-03-06T01:17:26.465+0000] {logging_mixin.py:190} INFO - [2025-03-06T01:17:26.465+0000] {dag.py:3239} INFO - Sync 1 DAGs
[2025-03-06T01:17:26.503+0000] {logging_mixin.py:190} INFO - [2025-03-06T01:17:26.503+0000] {dag.py:4180} INFO - Setting next_dagrun for example_nested_branch_dag to 2025-03-05 00:00:00+00:00, run_after=2025-03-06 00:00:00+00:00
[2025-03-06T01:17:26.550+0000] {processor.py:208} INFO - Processing /home/ubuntu/redfin_venv/lib/python3.12/site-packages/airflow/example_dags/example_nested_branch_dag.py took 0.153 seconds
[2025-03-06T01:18:25.417+0000] {processor.py:186} INFO - Started process (PID=8385) to work on /home/ubuntu/redfin_venv/lib/python3.12/site-packages/airflow/example_dags/example_nested_branch_dag.py
[2025-03-06T01:18:25.420+0000] {processor.py:914} INFO - Processing file /home/ubuntu/redfin_venv/lib/python3.12/site-packages/airflow/example_dags/example_nested_branch_dag.py for tasks to queue
[2025-03-06T01:18:25.424+0000] {logging_mixin.py:190} INFO - [2025-03-06T01:18:25.423+0000] {dagbag.py:588} INFO - Filling up the DagBag from /home/ubuntu/redfin_venv/lib/python3.12/site-packages/airflow/example_dags/example_nested_branch_dag.py
[2025-03-06T01:18:25.443+0000] {processor.py:925} INFO - DAG(s) 'example_nested_branch_dag' retrieved from /home/ubuntu/redfin_venv/lib/python3.12/site-packages/airflow/example_dags/example_nested_branch_dag.py
[2025-03-06T01:18:25.473+0000] {logging_mixin.py:190} INFO - [2025-03-06T01:18:25.472+0000] {dag.py:3239} INFO - Sync 1 DAGs
[2025-03-06T01:18:25.496+0000] {logging_mixin.py:190} INFO - [2025-03-06T01:18:25.496+0000] {dag.py:4180} INFO - Setting next_dagrun for example_nested_branch_dag to 2025-03-05 00:00:00+00:00, run_after=2025-03-06 00:00:00+00:00
[2025-03-06T01:18:25.526+0000] {processor.py:208} INFO - Processing /home/ubuntu/redfin_venv/lib/python3.12/site-packages/airflow/example_dags/example_nested_branch_dag.py took 0.116 seconds
[2025-03-06T01:19:33.718+0000] {processor.py:186} INFO - Started process (PID=8566) to work on /home/ubuntu/redfin_venv/lib/python3.12/site-packages/airflow/example_dags/example_nested_branch_dag.py
[2025-03-06T01:19:33.719+0000] {processor.py:914} INFO - Processing file /home/ubuntu/redfin_venv/lib/python3.12/site-packages/airflow/example_dags/example_nested_branch_dag.py for tasks to queue
[2025-03-06T01:19:33.722+0000] {logging_mixin.py:190} INFO - [2025-03-06T01:19:33.722+0000] {dagbag.py:588} INFO - Filling up the DagBag from /home/ubuntu/redfin_venv/lib/python3.12/site-packages/airflow/example_dags/example_nested_branch_dag.py
[2025-03-06T01:19:33.738+0000] {processor.py:925} INFO - DAG(s) 'example_nested_branch_dag' retrieved from /home/ubuntu/redfin_venv/lib/python3.12/site-packages/airflow/example_dags/example_nested_branch_dag.py
[2025-03-06T01:19:33.768+0000] {logging_mixin.py:190} INFO - [2025-03-06T01:19:33.767+0000] {dag.py:3239} INFO - Sync 1 DAGs
[2025-03-06T01:19:33.793+0000] {logging_mixin.py:190} INFO - [2025-03-06T01:19:33.793+0000] {dag.py:4180} INFO - Setting next_dagrun for example_nested_branch_dag to 2025-03-05 00:00:00+00:00, run_after=2025-03-06 00:00:00+00:00
[2025-03-06T01:19:33.822+0000] {processor.py:208} INFO - Processing /home/ubuntu/redfin_venv/lib/python3.12/site-packages/airflow/example_dags/example_nested_branch_dag.py took 0.113 seconds
