[2025-03-06T00:58:57.822+0000] {processor.py:186} INFO - Started process (PID=3712) to work on /home/ubuntu/redfin_venv/lib/python3.12/site-packages/airflow/example_dags/example_external_task_marker_dag.py
[2025-03-06T00:58:57.823+0000] {processor.py:914} INFO - Processing file /home/ubuntu/redfin_venv/lib/python3.12/site-packages/airflow/example_dags/example_external_task_marker_dag.py for tasks to queue
[2025-03-06T00:58:57.826+0000] {logging_mixin.py:190} INFO - [2025-03-06T00:58:57.825+0000] {dagbag.py:588} INFO - Filling up the DagBag from /home/ubuntu/redfin_venv/lib/python3.12/site-packages/airflow/example_dags/example_external_task_marker_dag.py
[2025-03-06T00:58:57.835+0000] {processor.py:925} INFO - DAG(s) 'example_external_task_marker_child', 'example_external_task_marker_parent' retrieved from /home/ubuntu/redfin_venv/lib/python3.12/site-packages/airflow/example_dags/example_external_task_marker_dag.py
[2025-03-06T00:58:57.855+0000] {logging_mixin.py:190} INFO - [2025-03-06T00:58:57.854+0000] {dag.py:3239} INFO - Sync 2 DAGs
[2025-03-06T00:58:57.868+0000] {logging_mixin.py:190} INFO - [2025-03-06T00:58:57.867+0000] {dag.py:4180} INFO - Setting next_dagrun for example_external_task_marker_child to None, run_after=None
[2025-03-06T00:58:57.871+0000] {logging_mixin.py:190} INFO - [2025-03-06T00:58:57.871+0000] {dag.py:4180} INFO - Setting next_dagrun for example_external_task_marker_parent to None, run_after=None
[2025-03-06T00:58:57.922+0000] {processor.py:208} INFO - Processing /home/ubuntu/redfin_venv/lib/python3.12/site-packages/airflow/example_dags/example_external_task_marker_dag.py took 0.106 seconds
[2025-03-06T00:59:55.610+0000] {processor.py:186} INFO - Started process (PID=4100) to work on /home/ubuntu/redfin_venv/lib/python3.12/site-packages/airflow/example_dags/example_external_task_marker_dag.py
[2025-03-06T00:59:55.612+0000] {processor.py:914} INFO - Processing file /home/ubuntu/redfin_venv/lib/python3.12/site-packages/airflow/example_dags/example_external_task_marker_dag.py for tasks to queue
[2025-03-06T00:59:55.615+0000] {logging_mixin.py:190} INFO - [2025-03-06T00:59:55.615+0000] {dagbag.py:588} INFO - Filling up the DagBag from /home/ubuntu/redfin_venv/lib/python3.12/site-packages/airflow/example_dags/example_external_task_marker_dag.py
[2025-03-06T00:59:55.633+0000] {processor.py:925} INFO - DAG(s) 'example_external_task_marker_child', 'example_external_task_marker_parent' retrieved from /home/ubuntu/redfin_venv/lib/python3.12/site-packages/airflow/example_dags/example_external_task_marker_dag.py
[2025-03-06T00:59:55.665+0000] {logging_mixin.py:190} INFO - [2025-03-06T00:59:55.665+0000] {dag.py:3239} INFO - Sync 2 DAGs
[2025-03-06T00:59:55.690+0000] {logging_mixin.py:190} INFO - [2025-03-06T00:59:55.689+0000] {dag.py:4180} INFO - Setting next_dagrun for example_external_task_marker_child to None, run_after=None
[2025-03-06T00:59:55.698+0000] {logging_mixin.py:190} INFO - [2025-03-06T00:59:55.698+0000] {dag.py:4180} INFO - Setting next_dagrun for example_external_task_marker_parent to None, run_after=None
[2025-03-06T00:59:55.731+0000] {processor.py:208} INFO - Processing /home/ubuntu/redfin_venv/lib/python3.12/site-packages/airflow/example_dags/example_external_task_marker_dag.py took 0.128 seconds
[2025-03-06T01:00:57.089+0000] {processor.py:186} INFO - Started process (PID=4675) to work on /home/ubuntu/redfin_venv/lib/python3.12/site-packages/airflow/example_dags/example_external_task_marker_dag.py
[2025-03-06T01:00:57.091+0000] {processor.py:914} INFO - Processing file /home/ubuntu/redfin_venv/lib/python3.12/site-packages/airflow/example_dags/example_external_task_marker_dag.py for tasks to queue
[2025-03-06T01:00:57.093+0000] {logging_mixin.py:190} INFO - [2025-03-06T01:00:57.093+0000] {dagbag.py:588} INFO - Filling up the DagBag from /home/ubuntu/redfin_venv/lib/python3.12/site-packages/airflow/example_dags/example_external_task_marker_dag.py
[2025-03-06T01:00:57.104+0000] {processor.py:925} INFO - DAG(s) 'example_external_task_marker_child', 'example_external_task_marker_parent' retrieved from /home/ubuntu/redfin_venv/lib/python3.12/site-packages/airflow/example_dags/example_external_task_marker_dag.py
[2025-03-06T01:00:57.127+0000] {logging_mixin.py:190} INFO - [2025-03-06T01:00:57.127+0000] {dag.py:3239} INFO - Sync 2 DAGs
[2025-03-06T01:00:57.143+0000] {logging_mixin.py:190} INFO - [2025-03-06T01:00:57.142+0000] {dag.py:4180} INFO - Setting next_dagrun for example_external_task_marker_child to None, run_after=None
[2025-03-06T01:00:57.146+0000] {logging_mixin.py:190} INFO - [2025-03-06T01:00:57.146+0000] {dag.py:4180} INFO - Setting next_dagrun for example_external_task_marker_parent to None, run_after=None
[2025-03-06T01:00:57.177+0000] {processor.py:208} INFO - Processing /home/ubuntu/redfin_venv/lib/python3.12/site-packages/airflow/example_dags/example_external_task_marker_dag.py took 0.095 seconds
[2025-03-06T01:02:00.450+0000] {processor.py:186} INFO - Started process (PID=4980) to work on /home/ubuntu/redfin_venv/lib/python3.12/site-packages/airflow/example_dags/example_external_task_marker_dag.py
[2025-03-06T01:02:00.452+0000] {processor.py:914} INFO - Processing file /home/ubuntu/redfin_venv/lib/python3.12/site-packages/airflow/example_dags/example_external_task_marker_dag.py for tasks to queue
[2025-03-06T01:02:00.456+0000] {logging_mixin.py:190} INFO - [2025-03-06T01:02:00.455+0000] {dagbag.py:588} INFO - Filling up the DagBag from /home/ubuntu/redfin_venv/lib/python3.12/site-packages/airflow/example_dags/example_external_task_marker_dag.py
[2025-03-06T01:02:00.471+0000] {processor.py:925} INFO - DAG(s) 'example_external_task_marker_child', 'example_external_task_marker_parent' retrieved from /home/ubuntu/redfin_venv/lib/python3.12/site-packages/airflow/example_dags/example_external_task_marker_dag.py
[2025-03-06T01:02:00.510+0000] {logging_mixin.py:190} INFO - [2025-03-06T01:02:00.510+0000] {dag.py:3239} INFO - Sync 2 DAGs
[2025-03-06T01:02:00.532+0000] {logging_mixin.py:190} INFO - [2025-03-06T01:02:00.531+0000] {dag.py:4180} INFO - Setting next_dagrun for example_external_task_marker_child to None, run_after=None
[2025-03-06T01:02:00.536+0000] {logging_mixin.py:190} INFO - [2025-03-06T01:02:00.536+0000] {dag.py:4180} INFO - Setting next_dagrun for example_external_task_marker_parent to None, run_after=None
[2025-03-06T01:02:00.569+0000] {processor.py:208} INFO - Processing /home/ubuntu/redfin_venv/lib/python3.12/site-packages/airflow/example_dags/example_external_task_marker_dag.py took 0.132 seconds
[2025-03-06T01:03:00.542+0000] {processor.py:186} INFO - Started process (PID=5219) to work on /home/ubuntu/redfin_venv/lib/python3.12/site-packages/airflow/example_dags/example_external_task_marker_dag.py
[2025-03-06T01:03:00.544+0000] {processor.py:914} INFO - Processing file /home/ubuntu/redfin_venv/lib/python3.12/site-packages/airflow/example_dags/example_external_task_marker_dag.py for tasks to queue
[2025-03-06T01:03:00.546+0000] {logging_mixin.py:190} INFO - [2025-03-06T01:03:00.546+0000] {dagbag.py:588} INFO - Filling up the DagBag from /home/ubuntu/redfin_venv/lib/python3.12/site-packages/airflow/example_dags/example_external_task_marker_dag.py
[2025-03-06T01:03:00.557+0000] {processor.py:925} INFO - DAG(s) 'example_external_task_marker_child', 'example_external_task_marker_parent' retrieved from /home/ubuntu/redfin_venv/lib/python3.12/site-packages/airflow/example_dags/example_external_task_marker_dag.py
[2025-03-06T01:03:00.579+0000] {logging_mixin.py:190} INFO - [2025-03-06T01:03:00.578+0000] {dag.py:3239} INFO - Sync 2 DAGs
[2025-03-06T01:03:00.592+0000] {logging_mixin.py:190} INFO - [2025-03-06T01:03:00.592+0000] {dag.py:4180} INFO - Setting next_dagrun for example_external_task_marker_child to None, run_after=None
[2025-03-06T01:03:00.596+0000] {logging_mixin.py:190} INFO - [2025-03-06T01:03:00.595+0000] {dag.py:4180} INFO - Setting next_dagrun for example_external_task_marker_parent to None, run_after=None
[2025-03-06T01:03:00.619+0000] {processor.py:208} INFO - Processing /home/ubuntu/redfin_venv/lib/python3.12/site-packages/airflow/example_dags/example_external_task_marker_dag.py took 0.086 seconds
[2025-03-06T01:03:59.242+0000] {processor.py:186} INFO - Started process (PID=5398) to work on /home/ubuntu/redfin_venv/lib/python3.12/site-packages/airflow/example_dags/example_external_task_marker_dag.py
[2025-03-06T01:03:59.244+0000] {processor.py:914} INFO - Processing file /home/ubuntu/redfin_venv/lib/python3.12/site-packages/airflow/example_dags/example_external_task_marker_dag.py for tasks to queue
[2025-03-06T01:03:59.246+0000] {logging_mixin.py:190} INFO - [2025-03-06T01:03:59.246+0000] {dagbag.py:588} INFO - Filling up the DagBag from /home/ubuntu/redfin_venv/lib/python3.12/site-packages/airflow/example_dags/example_external_task_marker_dag.py
[2025-03-06T01:03:59.257+0000] {processor.py:925} INFO - DAG(s) 'example_external_task_marker_child', 'example_external_task_marker_parent' retrieved from /home/ubuntu/redfin_venv/lib/python3.12/site-packages/airflow/example_dags/example_external_task_marker_dag.py
[2025-03-06T01:03:59.287+0000] {logging_mixin.py:190} INFO - [2025-03-06T01:03:59.287+0000] {dag.py:3239} INFO - Sync 2 DAGs
[2025-03-06T01:03:59.305+0000] {logging_mixin.py:190} INFO - [2025-03-06T01:03:59.304+0000] {dag.py:4180} INFO - Setting next_dagrun for example_external_task_marker_child to None, run_after=None
[2025-03-06T01:03:59.312+0000] {logging_mixin.py:190} INFO - [2025-03-06T01:03:59.312+0000] {dag.py:4180} INFO - Setting next_dagrun for example_external_task_marker_parent to None, run_after=None
[2025-03-06T01:03:59.340+0000] {processor.py:208} INFO - Processing /home/ubuntu/redfin_venv/lib/python3.12/site-packages/airflow/example_dags/example_external_task_marker_dag.py took 0.106 seconds
[2025-03-06T01:05:03.686+0000] {processor.py:186} INFO - Started process (PID=5522) to work on /home/ubuntu/redfin_venv/lib/python3.12/site-packages/airflow/example_dags/example_external_task_marker_dag.py
[2025-03-06T01:05:03.690+0000] {processor.py:914} INFO - Processing file /home/ubuntu/redfin_venv/lib/python3.12/site-packages/airflow/example_dags/example_external_task_marker_dag.py for tasks to queue
[2025-03-06T01:05:03.694+0000] {logging_mixin.py:190} INFO - [2025-03-06T01:05:03.693+0000] {dagbag.py:588} INFO - Filling up the DagBag from /home/ubuntu/redfin_venv/lib/python3.12/site-packages/airflow/example_dags/example_external_task_marker_dag.py
[2025-03-06T01:05:03.715+0000] {processor.py:925} INFO - DAG(s) 'example_external_task_marker_parent', 'example_external_task_marker_child' retrieved from /home/ubuntu/redfin_venv/lib/python3.12/site-packages/airflow/example_dags/example_external_task_marker_dag.py
[2025-03-06T01:05:03.754+0000] {logging_mixin.py:190} INFO - [2025-03-06T01:05:03.753+0000] {dag.py:3239} INFO - Sync 2 DAGs
[2025-03-06T01:05:03.780+0000] {logging_mixin.py:190} INFO - [2025-03-06T01:05:03.779+0000] {dag.py:4180} INFO - Setting next_dagrun for example_external_task_marker_child to None, run_after=None
[2025-03-06T01:05:03.785+0000] {logging_mixin.py:190} INFO - [2025-03-06T01:05:03.785+0000] {dag.py:4180} INFO - Setting next_dagrun for example_external_task_marker_parent to None, run_after=None
[2025-03-06T01:05:03.826+0000] {processor.py:208} INFO - Processing /home/ubuntu/redfin_venv/lib/python3.12/site-packages/airflow/example_dags/example_external_task_marker_dag.py took 0.154 seconds
[2025-03-06T01:06:08.663+0000] {processor.py:186} INFO - Started process (PID=5668) to work on /home/ubuntu/redfin_venv/lib/python3.12/site-packages/airflow/example_dags/example_external_task_marker_dag.py
[2025-03-06T01:06:08.666+0000] {processor.py:914} INFO - Processing file /home/ubuntu/redfin_venv/lib/python3.12/site-packages/airflow/example_dags/example_external_task_marker_dag.py for tasks to queue
[2025-03-06T01:06:08.669+0000] {logging_mixin.py:190} INFO - [2025-03-06T01:06:08.668+0000] {dagbag.py:588} INFO - Filling up the DagBag from /home/ubuntu/redfin_venv/lib/python3.12/site-packages/airflow/example_dags/example_external_task_marker_dag.py
[2025-03-06T01:06:08.682+0000] {processor.py:925} INFO - DAG(s) 'example_external_task_marker_child', 'example_external_task_marker_parent' retrieved from /home/ubuntu/redfin_venv/lib/python3.12/site-packages/airflow/example_dags/example_external_task_marker_dag.py
[2025-03-06T01:06:08.717+0000] {logging_mixin.py:190} INFO - [2025-03-06T01:06:08.717+0000] {dag.py:3239} INFO - Sync 2 DAGs
[2025-03-06T01:06:08.736+0000] {logging_mixin.py:190} INFO - [2025-03-06T01:06:08.736+0000] {dag.py:4180} INFO - Setting next_dagrun for example_external_task_marker_child to None, run_after=None
[2025-03-06T01:06:08.743+0000] {logging_mixin.py:190} INFO - [2025-03-06T01:06:08.743+0000] {dag.py:4180} INFO - Setting next_dagrun for example_external_task_marker_parent to None, run_after=None
[2025-03-06T01:06:08.772+0000] {processor.py:208} INFO - Processing /home/ubuntu/redfin_venv/lib/python3.12/site-packages/airflow/example_dags/example_external_task_marker_dag.py took 0.118 seconds
[2025-03-06T01:07:13.763+0000] {processor.py:186} INFO - Started process (PID=6126) to work on /home/ubuntu/redfin_venv/lib/python3.12/site-packages/airflow/example_dags/example_external_task_marker_dag.py
[2025-03-06T01:07:13.764+0000] {processor.py:914} INFO - Processing file /home/ubuntu/redfin_venv/lib/python3.12/site-packages/airflow/example_dags/example_external_task_marker_dag.py for tasks to queue
[2025-03-06T01:07:13.766+0000] {logging_mixin.py:190} INFO - [2025-03-06T01:07:13.766+0000] {dagbag.py:588} INFO - Filling up the DagBag from /home/ubuntu/redfin_venv/lib/python3.12/site-packages/airflow/example_dags/example_external_task_marker_dag.py
[2025-03-06T01:07:13.776+0000] {processor.py:925} INFO - DAG(s) 'example_external_task_marker_parent', 'example_external_task_marker_child' retrieved from /home/ubuntu/redfin_venv/lib/python3.12/site-packages/airflow/example_dags/example_external_task_marker_dag.py
[2025-03-06T01:07:13.817+0000] {logging_mixin.py:190} INFO - [2025-03-06T01:07:13.817+0000] {dag.py:3239} INFO - Sync 2 DAGs
[2025-03-06T01:07:13.863+0000] {logging_mixin.py:190} INFO - [2025-03-06T01:07:13.862+0000] {dag.py:4180} INFO - Setting next_dagrun for example_external_task_marker_child to None, run_after=None
[2025-03-06T01:07:13.869+0000] {logging_mixin.py:190} INFO - [2025-03-06T01:07:13.869+0000] {dag.py:4180} INFO - Setting next_dagrun for example_external_task_marker_parent to None, run_after=None
[2025-03-06T01:07:13.899+0000] {processor.py:208} INFO - Processing /home/ubuntu/redfin_venv/lib/python3.12/site-packages/airflow/example_dags/example_external_task_marker_dag.py took 0.142 seconds
[2025-03-06T01:08:14.746+0000] {processor.py:186} INFO - Started process (PID=6425) to work on /home/ubuntu/redfin_venv/lib/python3.12/site-packages/airflow/example_dags/example_external_task_marker_dag.py
[2025-03-06T01:08:14.748+0000] {processor.py:914} INFO - Processing file /home/ubuntu/redfin_venv/lib/python3.12/site-packages/airflow/example_dags/example_external_task_marker_dag.py for tasks to queue
[2025-03-06T01:08:14.750+0000] {logging_mixin.py:190} INFO - [2025-03-06T01:08:14.750+0000] {dagbag.py:588} INFO - Filling up the DagBag from /home/ubuntu/redfin_venv/lib/python3.12/site-packages/airflow/example_dags/example_external_task_marker_dag.py
[2025-03-06T01:08:14.759+0000] {processor.py:925} INFO - DAG(s) 'example_external_task_marker_parent', 'example_external_task_marker_child' retrieved from /home/ubuntu/redfin_venv/lib/python3.12/site-packages/airflow/example_dags/example_external_task_marker_dag.py
[2025-03-06T01:08:14.783+0000] {logging_mixin.py:190} INFO - [2025-03-06T01:08:14.783+0000] {dag.py:3239} INFO - Sync 2 DAGs
[2025-03-06T01:08:14.796+0000] {logging_mixin.py:190} INFO - [2025-03-06T01:08:14.796+0000] {dag.py:4180} INFO - Setting next_dagrun for example_external_task_marker_child to None, run_after=None
[2025-03-06T01:08:14.800+0000] {logging_mixin.py:190} INFO - [2025-03-06T01:08:14.800+0000] {dag.py:4180} INFO - Setting next_dagrun for example_external_task_marker_parent to None, run_after=None
[2025-03-06T01:08:14.821+0000] {processor.py:208} INFO - Processing /home/ubuntu/redfin_venv/lib/python3.12/site-packages/airflow/example_dags/example_external_task_marker_dag.py took 0.081 seconds
[2025-03-06T01:09:14.896+0000] {processor.py:186} INFO - Started process (PID=6749) to work on /home/ubuntu/redfin_venv/lib/python3.12/site-packages/airflow/example_dags/example_external_task_marker_dag.py
[2025-03-06T01:09:14.898+0000] {processor.py:914} INFO - Processing file /home/ubuntu/redfin_venv/lib/python3.12/site-packages/airflow/example_dags/example_external_task_marker_dag.py for tasks to queue
[2025-03-06T01:09:14.900+0000] {logging_mixin.py:190} INFO - [2025-03-06T01:09:14.900+0000] {dagbag.py:588} INFO - Filling up the DagBag from /home/ubuntu/redfin_venv/lib/python3.12/site-packages/airflow/example_dags/example_external_task_marker_dag.py
[2025-03-06T01:09:14.911+0000] {processor.py:925} INFO - DAG(s) 'example_external_task_marker_child', 'example_external_task_marker_parent' retrieved from /home/ubuntu/redfin_venv/lib/python3.12/site-packages/airflow/example_dags/example_external_task_marker_dag.py
[2025-03-06T01:09:14.941+0000] {logging_mixin.py:190} INFO - [2025-03-06T01:09:14.941+0000] {dag.py:3239} INFO - Sync 2 DAGs
[2025-03-06T01:09:14.973+0000] {logging_mixin.py:190} INFO - [2025-03-06T01:09:14.973+0000] {dag.py:4180} INFO - Setting next_dagrun for example_external_task_marker_child to None, run_after=None
[2025-03-06T01:09:14.977+0000] {logging_mixin.py:190} INFO - [2025-03-06T01:09:14.977+0000] {dag.py:4180} INFO - Setting next_dagrun for example_external_task_marker_parent to None, run_after=None
[2025-03-06T01:09:15.004+0000] {processor.py:208} INFO - Processing /home/ubuntu/redfin_venv/lib/python3.12/site-packages/airflow/example_dags/example_external_task_marker_dag.py took 0.115 seconds
[2025-03-06T01:10:17.981+0000] {processor.py:186} INFO - Started process (PID=6908) to work on /home/ubuntu/redfin_venv/lib/python3.12/site-packages/airflow/example_dags/example_external_task_marker_dag.py
[2025-03-06T01:10:17.983+0000] {processor.py:914} INFO - Processing file /home/ubuntu/redfin_venv/lib/python3.12/site-packages/airflow/example_dags/example_external_task_marker_dag.py for tasks to queue
[2025-03-06T01:10:17.988+0000] {logging_mixin.py:190} INFO - [2025-03-06T01:10:17.987+0000] {dagbag.py:588} INFO - Filling up the DagBag from /home/ubuntu/redfin_venv/lib/python3.12/site-packages/airflow/example_dags/example_external_task_marker_dag.py
[2025-03-06T01:10:18.003+0000] {processor.py:925} INFO - DAG(s) 'example_external_task_marker_parent', 'example_external_task_marker_child' retrieved from /home/ubuntu/redfin_venv/lib/python3.12/site-packages/airflow/example_dags/example_external_task_marker_dag.py
[2025-03-06T01:10:18.031+0000] {logging_mixin.py:190} INFO - [2025-03-06T01:10:18.031+0000] {dag.py:3239} INFO - Sync 2 DAGs
[2025-03-06T01:10:18.045+0000] {logging_mixin.py:190} INFO - [2025-03-06T01:10:18.045+0000] {dag.py:4180} INFO - Setting next_dagrun for example_external_task_marker_child to None, run_after=None
[2025-03-06T01:10:18.049+0000] {logging_mixin.py:190} INFO - [2025-03-06T01:10:18.049+0000] {dag.py:4180} INFO - Setting next_dagrun for example_external_task_marker_parent to None, run_after=None
[2025-03-06T01:10:18.077+0000] {processor.py:208} INFO - Processing /home/ubuntu/redfin_venv/lib/python3.12/site-packages/airflow/example_dags/example_external_task_marker_dag.py took 0.106 seconds
[2025-03-06T01:11:19.307+0000] {processor.py:186} INFO - Started process (PID=7027) to work on /home/ubuntu/redfin_venv/lib/python3.12/site-packages/airflow/example_dags/example_external_task_marker_dag.py
[2025-03-06T01:11:19.310+0000] {processor.py:914} INFO - Processing file /home/ubuntu/redfin_venv/lib/python3.12/site-packages/airflow/example_dags/example_external_task_marker_dag.py for tasks to queue
[2025-03-06T01:11:19.314+0000] {logging_mixin.py:190} INFO - [2025-03-06T01:11:19.313+0000] {dagbag.py:588} INFO - Filling up the DagBag from /home/ubuntu/redfin_venv/lib/python3.12/site-packages/airflow/example_dags/example_external_task_marker_dag.py
[2025-03-06T01:11:19.327+0000] {processor.py:925} INFO - DAG(s) 'example_external_task_marker_parent', 'example_external_task_marker_child' retrieved from /home/ubuntu/redfin_venv/lib/python3.12/site-packages/airflow/example_dags/example_external_task_marker_dag.py
[2025-03-06T01:11:19.359+0000] {logging_mixin.py:190} INFO - [2025-03-06T01:11:19.358+0000] {dag.py:3239} INFO - Sync 2 DAGs
[2025-03-06T01:11:19.385+0000] {logging_mixin.py:190} INFO - [2025-03-06T01:11:19.385+0000] {dag.py:4180} INFO - Setting next_dagrun for example_external_task_marker_child to None, run_after=None
[2025-03-06T01:11:19.390+0000] {logging_mixin.py:190} INFO - [2025-03-06T01:11:19.390+0000] {dag.py:4180} INFO - Setting next_dagrun for example_external_task_marker_parent to None, run_after=None
[2025-03-06T01:11:19.420+0000] {processor.py:208} INFO - Processing /home/ubuntu/redfin_venv/lib/python3.12/site-packages/airflow/example_dags/example_external_task_marker_dag.py took 0.120 seconds
[2025-03-06T01:12:25.182+0000] {processor.py:186} INFO - Started process (PID=7147) to work on /home/ubuntu/redfin_venv/lib/python3.12/site-packages/airflow/example_dags/example_external_task_marker_dag.py
[2025-03-06T01:12:25.185+0000] {processor.py:914} INFO - Processing file /home/ubuntu/redfin_venv/lib/python3.12/site-packages/airflow/example_dags/example_external_task_marker_dag.py for tasks to queue
[2025-03-06T01:12:25.190+0000] {logging_mixin.py:190} INFO - [2025-03-06T01:12:25.189+0000] {dagbag.py:588} INFO - Filling up the DagBag from /home/ubuntu/redfin_venv/lib/python3.12/site-packages/airflow/example_dags/example_external_task_marker_dag.py
[2025-03-06T01:12:25.201+0000] {processor.py:925} INFO - DAG(s) 'example_external_task_marker_parent', 'example_external_task_marker_child' retrieved from /home/ubuntu/redfin_venv/lib/python3.12/site-packages/airflow/example_dags/example_external_task_marker_dag.py
[2025-03-06T01:12:25.229+0000] {logging_mixin.py:190} INFO - [2025-03-06T01:12:25.229+0000] {dag.py:3239} INFO - Sync 2 DAGs
[2025-03-06T01:12:25.251+0000] {logging_mixin.py:190} INFO - [2025-03-06T01:12:25.251+0000] {dag.py:4180} INFO - Setting next_dagrun for example_external_task_marker_child to None, run_after=None
[2025-03-06T01:12:25.262+0000] {logging_mixin.py:190} INFO - [2025-03-06T01:12:25.261+0000] {dag.py:4180} INFO - Setting next_dagrun for example_external_task_marker_parent to None, run_after=None
[2025-03-06T01:12:25.305+0000] {processor.py:208} INFO - Processing /home/ubuntu/redfin_venv/lib/python3.12/site-packages/airflow/example_dags/example_external_task_marker_dag.py took 0.131 seconds
[2025-03-06T01:13:26.158+0000] {processor.py:186} INFO - Started process (PID=7329) to work on /home/ubuntu/redfin_venv/lib/python3.12/site-packages/airflow/example_dags/example_external_task_marker_dag.py
[2025-03-06T01:13:26.160+0000] {processor.py:914} INFO - Processing file /home/ubuntu/redfin_venv/lib/python3.12/site-packages/airflow/example_dags/example_external_task_marker_dag.py for tasks to queue
[2025-03-06T01:13:26.164+0000] {logging_mixin.py:190} INFO - [2025-03-06T01:13:26.164+0000] {dagbag.py:588} INFO - Filling up the DagBag from /home/ubuntu/redfin_venv/lib/python3.12/site-packages/airflow/example_dags/example_external_task_marker_dag.py
[2025-03-06T01:13:26.182+0000] {processor.py:925} INFO - DAG(s) 'example_external_task_marker_parent', 'example_external_task_marker_child' retrieved from /home/ubuntu/redfin_venv/lib/python3.12/site-packages/airflow/example_dags/example_external_task_marker_dag.py
[2025-03-06T01:13:26.212+0000] {logging_mixin.py:190} INFO - [2025-03-06T01:13:26.212+0000] {dag.py:3239} INFO - Sync 2 DAGs
[2025-03-06T01:13:26.228+0000] {logging_mixin.py:190} INFO - [2025-03-06T01:13:26.228+0000] {dag.py:4180} INFO - Setting next_dagrun for example_external_task_marker_child to None, run_after=None
[2025-03-06T01:13:26.232+0000] {logging_mixin.py:190} INFO - [2025-03-06T01:13:26.232+0000] {dag.py:4180} INFO - Setting next_dagrun for example_external_task_marker_parent to None, run_after=None
[2025-03-06T01:13:26.258+0000] {processor.py:208} INFO - Processing /home/ubuntu/redfin_venv/lib/python3.12/site-packages/airflow/example_dags/example_external_task_marker_dag.py took 0.113 seconds
[2025-03-06T01:14:29.423+0000] {processor.py:186} INFO - Started process (PID=7449) to work on /home/ubuntu/redfin_venv/lib/python3.12/site-packages/airflow/example_dags/example_external_task_marker_dag.py
[2025-03-06T01:14:29.424+0000] {processor.py:914} INFO - Processing file /home/ubuntu/redfin_venv/lib/python3.12/site-packages/airflow/example_dags/example_external_task_marker_dag.py for tasks to queue
[2025-03-06T01:14:29.427+0000] {logging_mixin.py:190} INFO - [2025-03-06T01:14:29.426+0000] {dagbag.py:588} INFO - Filling up the DagBag from /home/ubuntu/redfin_venv/lib/python3.12/site-packages/airflow/example_dags/example_external_task_marker_dag.py
[2025-03-06T01:14:29.442+0000] {processor.py:925} INFO - DAG(s) 'example_external_task_marker_parent', 'example_external_task_marker_child' retrieved from /home/ubuntu/redfin_venv/lib/python3.12/site-packages/airflow/example_dags/example_external_task_marker_dag.py
[2025-03-06T01:14:29.478+0000] {logging_mixin.py:190} INFO - [2025-03-06T01:14:29.477+0000] {dag.py:3239} INFO - Sync 2 DAGs
[2025-03-06T01:14:29.495+0000] {logging_mixin.py:190} INFO - [2025-03-06T01:14:29.495+0000] {dag.py:4180} INFO - Setting next_dagrun for example_external_task_marker_child to None, run_after=None
[2025-03-06T01:14:29.500+0000] {logging_mixin.py:190} INFO - [2025-03-06T01:14:29.500+0000] {dag.py:4180} INFO - Setting next_dagrun for example_external_task_marker_parent to None, run_after=None
[2025-03-06T01:14:29.529+0000] {processor.py:208} INFO - Processing /home/ubuntu/redfin_venv/lib/python3.12/site-packages/airflow/example_dags/example_external_task_marker_dag.py took 0.118 seconds
[2025-03-06T01:15:29.893+0000] {processor.py:186} INFO - Started process (PID=7751) to work on /home/ubuntu/redfin_venv/lib/python3.12/site-packages/airflow/example_dags/example_external_task_marker_dag.py
[2025-03-06T01:15:29.894+0000] {processor.py:914} INFO - Processing file /home/ubuntu/redfin_venv/lib/python3.12/site-packages/airflow/example_dags/example_external_task_marker_dag.py for tasks to queue
[2025-03-06T01:15:29.897+0000] {logging_mixin.py:190} INFO - [2025-03-06T01:15:29.896+0000] {dagbag.py:588} INFO - Filling up the DagBag from /home/ubuntu/redfin_venv/lib/python3.12/site-packages/airflow/example_dags/example_external_task_marker_dag.py
[2025-03-06T01:15:29.910+0000] {processor.py:925} INFO - DAG(s) 'example_external_task_marker_parent', 'example_external_task_marker_child' retrieved from /home/ubuntu/redfin_venv/lib/python3.12/site-packages/airflow/example_dags/example_external_task_marker_dag.py
[2025-03-06T01:15:29.940+0000] {logging_mixin.py:190} INFO - [2025-03-06T01:15:29.939+0000] {dag.py:3239} INFO - Sync 2 DAGs
[2025-03-06T01:15:29.956+0000] {logging_mixin.py:190} INFO - [2025-03-06T01:15:29.956+0000] {dag.py:4180} INFO - Setting next_dagrun for example_external_task_marker_child to None, run_after=None
[2025-03-06T01:15:29.961+0000] {logging_mixin.py:190} INFO - [2025-03-06T01:15:29.960+0000] {dag.py:4180} INFO - Setting next_dagrun for example_external_task_marker_parent to None, run_after=None
[2025-03-06T01:15:29.999+0000] {processor.py:208} INFO - Processing /home/ubuntu/redfin_venv/lib/python3.12/site-packages/airflow/example_dags/example_external_task_marker_dag.py took 0.113 seconds
[2025-03-06T01:16:31.681+0000] {processor.py:186} INFO - Started process (PID=7871) to work on /home/ubuntu/redfin_venv/lib/python3.12/site-packages/airflow/example_dags/example_external_task_marker_dag.py
[2025-03-06T01:16:31.685+0000] {processor.py:914} INFO - Processing file /home/ubuntu/redfin_venv/lib/python3.12/site-packages/airflow/example_dags/example_external_task_marker_dag.py for tasks to queue
[2025-03-06T01:16:31.689+0000] {logging_mixin.py:190} INFO - [2025-03-06T01:16:31.688+0000] {dagbag.py:588} INFO - Filling up the DagBag from /home/ubuntu/redfin_venv/lib/python3.12/site-packages/airflow/example_dags/example_external_task_marker_dag.py
[2025-03-06T01:16:31.704+0000] {processor.py:925} INFO - DAG(s) 'example_external_task_marker_child', 'example_external_task_marker_parent' retrieved from /home/ubuntu/redfin_venv/lib/python3.12/site-packages/airflow/example_dags/example_external_task_marker_dag.py
[2025-03-06T01:16:31.733+0000] {logging_mixin.py:190} INFO - [2025-03-06T01:16:31.733+0000] {dag.py:3239} INFO - Sync 2 DAGs
[2025-03-06T01:16:31.767+0000] {logging_mixin.py:190} INFO - [2025-03-06T01:16:31.767+0000] {dag.py:4180} INFO - Setting next_dagrun for example_external_task_marker_child to None, run_after=None
[2025-03-06T01:16:31.774+0000] {logging_mixin.py:190} INFO - [2025-03-06T01:16:31.774+0000] {dag.py:4180} INFO - Setting next_dagrun for example_external_task_marker_parent to None, run_after=None
[2025-03-06T01:16:31.800+0000] {processor.py:208} INFO - Processing /home/ubuntu/redfin_venv/lib/python3.12/site-packages/airflow/example_dags/example_external_task_marker_dag.py took 0.132 seconds
[2025-03-06T01:17:34.180+0000] {processor.py:186} INFO - Started process (PID=8093) to work on /home/ubuntu/redfin_venv/lib/python3.12/site-packages/airflow/example_dags/example_external_task_marker_dag.py
[2025-03-06T01:17:34.183+0000] {processor.py:914} INFO - Processing file /home/ubuntu/redfin_venv/lib/python3.12/site-packages/airflow/example_dags/example_external_task_marker_dag.py for tasks to queue
[2025-03-06T01:17:34.186+0000] {logging_mixin.py:190} INFO - [2025-03-06T01:17:34.186+0000] {dagbag.py:588} INFO - Filling up the DagBag from /home/ubuntu/redfin_venv/lib/python3.12/site-packages/airflow/example_dags/example_external_task_marker_dag.py
[2025-03-06T01:17:34.200+0000] {processor.py:925} INFO - DAG(s) 'example_external_task_marker_parent', 'example_external_task_marker_child' retrieved from /home/ubuntu/redfin_venv/lib/python3.12/site-packages/airflow/example_dags/example_external_task_marker_dag.py
[2025-03-06T01:17:34.220+0000] {logging_mixin.py:190} INFO - [2025-03-06T01:17:34.220+0000] {dag.py:3239} INFO - Sync 2 DAGs
[2025-03-06T01:17:34.233+0000] {logging_mixin.py:190} INFO - [2025-03-06T01:17:34.233+0000] {dag.py:4180} INFO - Setting next_dagrun for example_external_task_marker_child to None, run_after=None
[2025-03-06T01:17:34.236+0000] {logging_mixin.py:190} INFO - [2025-03-06T01:17:34.236+0000] {dag.py:4180} INFO - Setting next_dagrun for example_external_task_marker_parent to None, run_after=None
[2025-03-06T01:17:34.257+0000] {processor.py:208} INFO - Processing /home/ubuntu/redfin_venv/lib/python3.12/site-packages/airflow/example_dags/example_external_task_marker_dag.py took 0.089 seconds
[2025-03-06T01:18:32.277+0000] {processor.py:186} INFO - Started process (PID=8392) to work on /home/ubuntu/redfin_venv/lib/python3.12/site-packages/airflow/example_dags/example_external_task_marker_dag.py
[2025-03-06T01:18:32.278+0000] {processor.py:914} INFO - Processing file /home/ubuntu/redfin_venv/lib/python3.12/site-packages/airflow/example_dags/example_external_task_marker_dag.py for tasks to queue
[2025-03-06T01:18:32.281+0000] {logging_mixin.py:190} INFO - [2025-03-06T01:18:32.280+0000] {dagbag.py:588} INFO - Filling up the DagBag from /home/ubuntu/redfin_venv/lib/python3.12/site-packages/airflow/example_dags/example_external_task_marker_dag.py
[2025-03-06T01:18:32.291+0000] {processor.py:925} INFO - DAG(s) 'example_external_task_marker_parent', 'example_external_task_marker_child' retrieved from /home/ubuntu/redfin_venv/lib/python3.12/site-packages/airflow/example_dags/example_external_task_marker_dag.py
[2025-03-06T01:18:32.314+0000] {logging_mixin.py:190} INFO - [2025-03-06T01:18:32.314+0000] {dag.py:3239} INFO - Sync 2 DAGs
[2025-03-06T01:18:32.333+0000] {logging_mixin.py:190} INFO - [2025-03-06T01:18:32.332+0000] {dag.py:4180} INFO - Setting next_dagrun for example_external_task_marker_child to None, run_after=None
[2025-03-06T01:18:32.337+0000] {logging_mixin.py:190} INFO - [2025-03-06T01:18:32.336+0000] {dag.py:4180} INFO - Setting next_dagrun for example_external_task_marker_parent to None, run_after=None
[2025-03-06T01:18:32.362+0000] {processor.py:208} INFO - Processing /home/ubuntu/redfin_venv/lib/python3.12/site-packages/airflow/example_dags/example_external_task_marker_dag.py took 0.092 seconds
[2025-03-06T01:19:41.623+0000] {processor.py:186} INFO - Started process (PID=8573) to work on /home/ubuntu/redfin_venv/lib/python3.12/site-packages/airflow/example_dags/example_external_task_marker_dag.py
[2025-03-06T01:19:41.624+0000] {processor.py:914} INFO - Processing file /home/ubuntu/redfin_venv/lib/python3.12/site-packages/airflow/example_dags/example_external_task_marker_dag.py for tasks to queue
[2025-03-06T01:19:41.627+0000] {logging_mixin.py:190} INFO - [2025-03-06T01:19:41.627+0000] {dagbag.py:588} INFO - Filling up the DagBag from /home/ubuntu/redfin_venv/lib/python3.12/site-packages/airflow/example_dags/example_external_task_marker_dag.py
[2025-03-06T01:19:41.638+0000] {processor.py:925} INFO - DAG(s) 'example_external_task_marker_child', 'example_external_task_marker_parent' retrieved from /home/ubuntu/redfin_venv/lib/python3.12/site-packages/airflow/example_dags/example_external_task_marker_dag.py
[2025-03-06T01:19:41.662+0000] {logging_mixin.py:190} INFO - [2025-03-06T01:19:41.661+0000] {dag.py:3239} INFO - Sync 2 DAGs
[2025-03-06T01:19:41.677+0000] {logging_mixin.py:190} INFO - [2025-03-06T01:19:41.677+0000] {dag.py:4180} INFO - Setting next_dagrun for example_external_task_marker_child to None, run_after=None
[2025-03-06T01:19:41.681+0000] {logging_mixin.py:190} INFO - [2025-03-06T01:19:41.681+0000] {dag.py:4180} INFO - Setting next_dagrun for example_external_task_marker_parent to None, run_after=None
[2025-03-06T01:19:41.710+0000] {processor.py:208} INFO - Processing /home/ubuntu/redfin_venv/lib/python3.12/site-packages/airflow/example_dags/example_external_task_marker_dag.py took 0.098 seconds
