[2025-03-06T00:59:00.735+0000] {processor.py:186} INFO - Started process (PID=3775) to work on /home/ubuntu/redfin_venv/lib/python3.12/site-packages/airflow/example_dags/example_dataset_alias.py
[2025-03-06T00:59:00.736+0000] {processor.py:914} INFO - Processing file /home/ubuntu/redfin_venv/lib/python3.12/site-packages/airflow/example_dags/example_dataset_alias.py for tasks to queue
[2025-03-06T00:59:00.738+0000] {logging_mixin.py:190} INFO - [2025-03-06T00:59:00.738+0000] {dagbag.py:588} INFO - Filling up the DagBag from /home/ubuntu/redfin_venv/lib/python3.12/site-packages/airflow/example_dags/example_dataset_alias.py
[2025-03-06T00:59:00.766+0000] {processor.py:925} INFO - DAG(s) 'dataset_s3_bucket_producer', 'dataset_alias_example_alias_producer', 'dataset_s3_bucket_consumer', 'dataset_alias_example_alias_consumer' retrieved from /home/ubuntu/redfin_venv/lib/python3.12/site-packages/airflow/example_dags/example_dataset_alias.py
[2025-03-06T00:59:00.792+0000] {logging_mixin.py:190} INFO - [2025-03-06T00:59:00.792+0000] {dag.py:3239} INFO - Sync 4 DAGs
[2025-03-06T00:59:00.815+0000] {logging_mixin.py:190} INFO - [2025-03-06T00:59:00.815+0000] {dag.py:4180} INFO - Setting next_dagrun for dataset_alias_example_alias_consumer to None, run_after=None
[2025-03-06T00:59:00.821+0000] {logging_mixin.py:190} INFO - [2025-03-06T00:59:00.817+0000] {dag.py:4180} INFO - Setting next_dagrun for dataset_alias_example_alias_producer to None, run_after=None
[2025-03-06T00:59:00.824+0000] {logging_mixin.py:190} INFO - [2025-03-06T00:59:00.824+0000] {dag.py:4180} INFO - Setting next_dagrun for dataset_s3_bucket_consumer to None, run_after=None
[2025-03-06T00:59:00.825+0000] {logging_mixin.py:190} INFO - [2025-03-06T00:59:00.825+0000] {dag.py:4180} INFO - Setting next_dagrun for dataset_s3_bucket_producer to None, run_after=None
[2025-03-06T00:59:00.886+0000] {processor.py:208} INFO - Processing /home/ubuntu/redfin_venv/lib/python3.12/site-packages/airflow/example_dags/example_dataset_alias.py took 0.157 seconds
[2025-03-06T00:59:58.893+0000] {processor.py:186} INFO - Started process (PID=4138) to work on /home/ubuntu/redfin_venv/lib/python3.12/site-packages/airflow/example_dags/example_dataset_alias.py
[2025-03-06T00:59:58.894+0000] {processor.py:914} INFO - Processing file /home/ubuntu/redfin_venv/lib/python3.12/site-packages/airflow/example_dags/example_dataset_alias.py for tasks to queue
[2025-03-06T00:59:58.897+0000] {logging_mixin.py:190} INFO - [2025-03-06T00:59:58.896+0000] {dagbag.py:588} INFO - Filling up the DagBag from /home/ubuntu/redfin_venv/lib/python3.12/site-packages/airflow/example_dags/example_dataset_alias.py
[2025-03-06T00:59:58.927+0000] {processor.py:925} INFO - DAG(s) 'dataset_s3_bucket_consumer', 'dataset_alias_example_alias_consumer', 'dataset_alias_example_alias_producer', 'dataset_s3_bucket_producer' retrieved from /home/ubuntu/redfin_venv/lib/python3.12/site-packages/airflow/example_dags/example_dataset_alias.py
[2025-03-06T00:59:58.947+0000] {logging_mixin.py:190} INFO - [2025-03-06T00:59:58.947+0000] {dag.py:3239} INFO - Sync 4 DAGs
[2025-03-06T00:59:58.966+0000] {logging_mixin.py:190} INFO - [2025-03-06T00:59:58.965+0000] {dag.py:4180} INFO - Setting next_dagrun for dataset_alias_example_alias_consumer to None, run_after=None
[2025-03-06T00:59:58.968+0000] {logging_mixin.py:190} INFO - [2025-03-06T00:59:58.968+0000] {dag.py:4180} INFO - Setting next_dagrun for dataset_alias_example_alias_producer to None, run_after=None
[2025-03-06T00:59:58.969+0000] {logging_mixin.py:190} INFO - [2025-03-06T00:59:58.969+0000] {dag.py:4180} INFO - Setting next_dagrun for dataset_s3_bucket_consumer to None, run_after=None
[2025-03-06T00:59:58.970+0000] {logging_mixin.py:190} INFO - [2025-03-06T00:59:58.969+0000] {dag.py:4180} INFO - Setting next_dagrun for dataset_s3_bucket_producer to None, run_after=None
[2025-03-06T00:59:58.996+0000] {processor.py:208} INFO - Processing /home/ubuntu/redfin_venv/lib/python3.12/site-packages/airflow/example_dags/example_dataset_alias.py took 0.109 seconds
[2025-03-06T01:00:59.730+0000] {processor.py:186} INFO - Started process (PID=4738) to work on /home/ubuntu/redfin_venv/lib/python3.12/site-packages/airflow/example_dags/example_dataset_alias.py
[2025-03-06T01:00:59.732+0000] {processor.py:914} INFO - Processing file /home/ubuntu/redfin_venv/lib/python3.12/site-packages/airflow/example_dags/example_dataset_alias.py for tasks to queue
[2025-03-06T01:00:59.735+0000] {logging_mixin.py:190} INFO - [2025-03-06T01:00:59.735+0000] {dagbag.py:588} INFO - Filling up the DagBag from /home/ubuntu/redfin_venv/lib/python3.12/site-packages/airflow/example_dags/example_dataset_alias.py
[2025-03-06T01:00:59.769+0000] {processor.py:925} INFO - DAG(s) 'dataset_s3_bucket_producer', 'dataset_alias_example_alias_producer', 'dataset_s3_bucket_consumer', 'dataset_alias_example_alias_consumer' retrieved from /home/ubuntu/redfin_venv/lib/python3.12/site-packages/airflow/example_dags/example_dataset_alias.py
[2025-03-06T01:00:59.807+0000] {logging_mixin.py:190} INFO - [2025-03-06T01:00:59.806+0000] {dag.py:3239} INFO - Sync 4 DAGs
[2025-03-06T01:00:59.836+0000] {logging_mixin.py:190} INFO - [2025-03-06T01:00:59.836+0000] {dag.py:4180} INFO - Setting next_dagrun for dataset_alias_example_alias_consumer to None, run_after=None
[2025-03-06T01:00:59.839+0000] {logging_mixin.py:190} INFO - [2025-03-06T01:00:59.838+0000] {dag.py:4180} INFO - Setting next_dagrun for dataset_alias_example_alias_producer to None, run_after=None
[2025-03-06T01:00:59.840+0000] {logging_mixin.py:190} INFO - [2025-03-06T01:00:59.840+0000] {dag.py:4180} INFO - Setting next_dagrun for dataset_s3_bucket_consumer to None, run_after=None
[2025-03-06T01:00:59.841+0000] {logging_mixin.py:190} INFO - [2025-03-06T01:00:59.841+0000] {dag.py:4180} INFO - Setting next_dagrun for dataset_s3_bucket_producer to None, run_after=None
[2025-03-06T01:00:59.877+0000] {processor.py:208} INFO - Processing /home/ubuntu/redfin_venv/lib/python3.12/site-packages/airflow/example_dags/example_dataset_alias.py took 0.155 seconds
[2025-03-06T01:02:03.191+0000] {processor.py:186} INFO - Started process (PID=5043) to work on /home/ubuntu/redfin_venv/lib/python3.12/site-packages/airflow/example_dags/example_dataset_alias.py
[2025-03-06T01:02:03.192+0000] {processor.py:914} INFO - Processing file /home/ubuntu/redfin_venv/lib/python3.12/site-packages/airflow/example_dags/example_dataset_alias.py for tasks to queue
[2025-03-06T01:02:03.195+0000] {logging_mixin.py:190} INFO - [2025-03-06T01:02:03.195+0000] {dagbag.py:588} INFO - Filling up the DagBag from /home/ubuntu/redfin_venv/lib/python3.12/site-packages/airflow/example_dags/example_dataset_alias.py
[2025-03-06T01:02:03.243+0000] {processor.py:925} INFO - DAG(s) 'dataset_s3_bucket_producer', 'dataset_alias_example_alias_consumer', 'dataset_alias_example_alias_producer', 'dataset_s3_bucket_consumer' retrieved from /home/ubuntu/redfin_venv/lib/python3.12/site-packages/airflow/example_dags/example_dataset_alias.py
[2025-03-06T01:02:03.269+0000] {logging_mixin.py:190} INFO - [2025-03-06T01:02:03.268+0000] {dag.py:3239} INFO - Sync 4 DAGs
[2025-03-06T01:02:03.293+0000] {logging_mixin.py:190} INFO - [2025-03-06T01:02:03.293+0000] {dag.py:4180} INFO - Setting next_dagrun for dataset_alias_example_alias_consumer to None, run_after=None
[2025-03-06T01:02:03.296+0000] {logging_mixin.py:190} INFO - [2025-03-06T01:02:03.295+0000] {dag.py:4180} INFO - Setting next_dagrun for dataset_alias_example_alias_producer to None, run_after=None
[2025-03-06T01:02:03.297+0000] {logging_mixin.py:190} INFO - [2025-03-06T01:02:03.297+0000] {dag.py:4180} INFO - Setting next_dagrun for dataset_s3_bucket_consumer to None, run_after=None
[2025-03-06T01:02:03.298+0000] {logging_mixin.py:190} INFO - [2025-03-06T01:02:03.298+0000] {dag.py:4180} INFO - Setting next_dagrun for dataset_s3_bucket_producer to None, run_after=None
[2025-03-06T01:02:03.326+0000] {processor.py:208} INFO - Processing /home/ubuntu/redfin_venv/lib/python3.12/site-packages/airflow/example_dags/example_dataset_alias.py took 0.155 seconds
[2025-03-06T01:03:03.612+0000] {processor.py:186} INFO - Started process (PID=5222) to work on /home/ubuntu/redfin_venv/lib/python3.12/site-packages/airflow/example_dags/example_dataset_alias.py
[2025-03-06T01:03:03.614+0000] {processor.py:914} INFO - Processing file /home/ubuntu/redfin_venv/lib/python3.12/site-packages/airflow/example_dags/example_dataset_alias.py for tasks to queue
[2025-03-06T01:03:03.616+0000] {logging_mixin.py:190} INFO - [2025-03-06T01:03:03.616+0000] {dagbag.py:588} INFO - Filling up the DagBag from /home/ubuntu/redfin_venv/lib/python3.12/site-packages/airflow/example_dags/example_dataset_alias.py
[2025-03-06T01:03:03.662+0000] {processor.py:925} INFO - DAG(s) 'dataset_alias_example_alias_consumer', 'dataset_s3_bucket_consumer', 'dataset_s3_bucket_producer', 'dataset_alias_example_alias_producer' retrieved from /home/ubuntu/redfin_venv/lib/python3.12/site-packages/airflow/example_dags/example_dataset_alias.py
[2025-03-06T01:03:03.694+0000] {logging_mixin.py:190} INFO - [2025-03-06T01:03:03.693+0000] {dag.py:3239} INFO - Sync 4 DAGs
[2025-03-06T01:03:03.718+0000] {logging_mixin.py:190} INFO - [2025-03-06T01:03:03.718+0000] {dag.py:4180} INFO - Setting next_dagrun for dataset_alias_example_alias_consumer to None, run_after=None
[2025-03-06T01:03:03.720+0000] {logging_mixin.py:190} INFO - [2025-03-06T01:03:03.720+0000] {dag.py:4180} INFO - Setting next_dagrun for dataset_alias_example_alias_producer to None, run_after=None
[2025-03-06T01:03:03.723+0000] {logging_mixin.py:190} INFO - [2025-03-06T01:03:03.723+0000] {dag.py:4180} INFO - Setting next_dagrun for dataset_s3_bucket_consumer to None, run_after=None
[2025-03-06T01:03:03.724+0000] {logging_mixin.py:190} INFO - [2025-03-06T01:03:03.724+0000] {dag.py:4180} INFO - Setting next_dagrun for dataset_s3_bucket_producer to None, run_after=None
[2025-03-06T01:03:03.756+0000] {processor.py:208} INFO - Processing /home/ubuntu/redfin_venv/lib/python3.12/site-packages/airflow/example_dags/example_dataset_alias.py took 0.150 seconds
[2025-03-06T01:04:03.051+0000] {processor.py:186} INFO - Started process (PID=5401) to work on /home/ubuntu/redfin_venv/lib/python3.12/site-packages/airflow/example_dags/example_dataset_alias.py
[2025-03-06T01:04:03.053+0000] {processor.py:914} INFO - Processing file /home/ubuntu/redfin_venv/lib/python3.12/site-packages/airflow/example_dags/example_dataset_alias.py for tasks to queue
[2025-03-06T01:04:03.057+0000] {logging_mixin.py:190} INFO - [2025-03-06T01:04:03.056+0000] {dagbag.py:588} INFO - Filling up the DagBag from /home/ubuntu/redfin_venv/lib/python3.12/site-packages/airflow/example_dags/example_dataset_alias.py
[2025-03-06T01:04:03.101+0000] {processor.py:925} INFO - DAG(s) 'dataset_s3_bucket_consumer', 'dataset_alias_example_alias_consumer', 'dataset_alias_example_alias_producer', 'dataset_s3_bucket_producer' retrieved from /home/ubuntu/redfin_venv/lib/python3.12/site-packages/airflow/example_dags/example_dataset_alias.py
[2025-03-06T01:04:03.141+0000] {logging_mixin.py:190} INFO - [2025-03-06T01:04:03.140+0000] {dag.py:3239} INFO - Sync 4 DAGs
[2025-03-06T01:04:03.185+0000] {logging_mixin.py:190} INFO - [2025-03-06T01:04:03.185+0000] {dag.py:4180} INFO - Setting next_dagrun for dataset_alias_example_alias_consumer to None, run_after=None
[2025-03-06T01:04:03.189+0000] {logging_mixin.py:190} INFO - [2025-03-06T01:04:03.189+0000] {dag.py:4180} INFO - Setting next_dagrun for dataset_alias_example_alias_producer to None, run_after=None
[2025-03-06T01:04:03.191+0000] {logging_mixin.py:190} INFO - [2025-03-06T01:04:03.191+0000] {dag.py:4180} INFO - Setting next_dagrun for dataset_s3_bucket_consumer to None, run_after=None
[2025-03-06T01:04:03.192+0000] {logging_mixin.py:190} INFO - [2025-03-06T01:04:03.192+0000] {dag.py:4180} INFO - Setting next_dagrun for dataset_s3_bucket_producer to None, run_after=None
[2025-03-06T01:04:03.227+0000] {processor.py:208} INFO - Processing /home/ubuntu/redfin_venv/lib/python3.12/site-packages/airflow/example_dags/example_dataset_alias.py took 0.185 seconds
[2025-03-06T01:05:07.539+0000] {processor.py:186} INFO - Started process (PID=5525) to work on /home/ubuntu/redfin_venv/lib/python3.12/site-packages/airflow/example_dags/example_dataset_alias.py
[2025-03-06T01:05:07.542+0000] {processor.py:914} INFO - Processing file /home/ubuntu/redfin_venv/lib/python3.12/site-packages/airflow/example_dags/example_dataset_alias.py for tasks to queue
[2025-03-06T01:05:07.546+0000] {logging_mixin.py:190} INFO - [2025-03-06T01:05:07.545+0000] {dagbag.py:588} INFO - Filling up the DagBag from /home/ubuntu/redfin_venv/lib/python3.12/site-packages/airflow/example_dags/example_dataset_alias.py
[2025-03-06T01:05:07.581+0000] {processor.py:925} INFO - DAG(s) 'dataset_alias_example_alias_consumer', 'dataset_s3_bucket_consumer', 'dataset_alias_example_alias_producer', 'dataset_s3_bucket_producer' retrieved from /home/ubuntu/redfin_venv/lib/python3.12/site-packages/airflow/example_dags/example_dataset_alias.py
[2025-03-06T01:05:07.652+0000] {logging_mixin.py:190} INFO - [2025-03-06T01:05:07.639+0000] {dag.py:3239} INFO - Sync 4 DAGs
[2025-03-06T01:05:07.679+0000] {logging_mixin.py:190} INFO - [2025-03-06T01:05:07.679+0000] {dag.py:4180} INFO - Setting next_dagrun for dataset_alias_example_alias_consumer to None, run_after=None
[2025-03-06T01:05:07.681+0000] {logging_mixin.py:190} INFO - [2025-03-06T01:05:07.681+0000] {dag.py:4180} INFO - Setting next_dagrun for dataset_alias_example_alias_producer to None, run_after=None
[2025-03-06T01:05:07.682+0000] {logging_mixin.py:190} INFO - [2025-03-06T01:05:07.682+0000] {dag.py:4180} INFO - Setting next_dagrun for dataset_s3_bucket_consumer to None, run_after=None
[2025-03-06T01:05:07.683+0000] {logging_mixin.py:190} INFO - [2025-03-06T01:05:07.683+0000] {dag.py:4180} INFO - Setting next_dagrun for dataset_s3_bucket_producer to None, run_after=None
[2025-03-06T01:05:07.711+0000] {processor.py:208} INFO - Processing /home/ubuntu/redfin_venv/lib/python3.12/site-packages/airflow/example_dags/example_dataset_alias.py took 0.186 seconds
[2025-03-06T01:06:11.412+0000] {processor.py:186} INFO - Started process (PID=5706) to work on /home/ubuntu/redfin_venv/lib/python3.12/site-packages/airflow/example_dags/example_dataset_alias.py
[2025-03-06T01:06:11.414+0000] {processor.py:914} INFO - Processing file /home/ubuntu/redfin_venv/lib/python3.12/site-packages/airflow/example_dags/example_dataset_alias.py for tasks to queue
[2025-03-06T01:06:11.416+0000] {logging_mixin.py:190} INFO - [2025-03-06T01:06:11.416+0000] {dagbag.py:588} INFO - Filling up the DagBag from /home/ubuntu/redfin_venv/lib/python3.12/site-packages/airflow/example_dags/example_dataset_alias.py
[2025-03-06T01:06:11.479+0000] {processor.py:925} INFO - DAG(s) 'dataset_s3_bucket_producer', 'dataset_alias_example_alias_consumer', 'dataset_alias_example_alias_producer', 'dataset_s3_bucket_consumer' retrieved from /home/ubuntu/redfin_venv/lib/python3.12/site-packages/airflow/example_dags/example_dataset_alias.py
[2025-03-06T01:06:11.509+0000] {logging_mixin.py:190} INFO - [2025-03-06T01:06:11.509+0000] {dag.py:3239} INFO - Sync 4 DAGs
[2025-03-06T01:06:11.540+0000] {logging_mixin.py:190} INFO - [2025-03-06T01:06:11.540+0000] {dag.py:4180} INFO - Setting next_dagrun for dataset_alias_example_alias_consumer to None, run_after=None
[2025-03-06T01:06:11.544+0000] {logging_mixin.py:190} INFO - [2025-03-06T01:06:11.543+0000] {dag.py:4180} INFO - Setting next_dagrun for dataset_alias_example_alias_producer to None, run_after=None
[2025-03-06T01:06:11.546+0000] {logging_mixin.py:190} INFO - [2025-03-06T01:06:11.546+0000] {dag.py:4180} INFO - Setting next_dagrun for dataset_s3_bucket_consumer to None, run_after=None
[2025-03-06T01:06:11.548+0000] {logging_mixin.py:190} INFO - [2025-03-06T01:06:11.547+0000] {dag.py:4180} INFO - Setting next_dagrun for dataset_s3_bucket_producer to None, run_after=None
[2025-03-06T01:06:11.606+0000] {processor.py:208} INFO - Processing /home/ubuntu/redfin_venv/lib/python3.12/site-packages/airflow/example_dags/example_dataset_alias.py took 0.202 seconds
[2025-03-06T01:07:15.772+0000] {processor.py:186} INFO - Started process (PID=6154) to work on /home/ubuntu/redfin_venv/lib/python3.12/site-packages/airflow/example_dags/example_dataset_alias.py
[2025-03-06T01:07:15.773+0000] {processor.py:914} INFO - Processing file /home/ubuntu/redfin_venv/lib/python3.12/site-packages/airflow/example_dags/example_dataset_alias.py for tasks to queue
[2025-03-06T01:07:15.778+0000] {logging_mixin.py:190} INFO - [2025-03-06T01:07:15.777+0000] {dagbag.py:588} INFO - Filling up the DagBag from /home/ubuntu/redfin_venv/lib/python3.12/site-packages/airflow/example_dags/example_dataset_alias.py
[2025-03-06T01:07:15.813+0000] {processor.py:925} INFO - DAG(s) 'dataset_s3_bucket_consumer', 'dataset_s3_bucket_producer', 'dataset_alias_example_alias_consumer', 'dataset_alias_example_alias_producer' retrieved from /home/ubuntu/redfin_venv/lib/python3.12/site-packages/airflow/example_dags/example_dataset_alias.py
[2025-03-06T01:07:15.837+0000] {logging_mixin.py:190} INFO - [2025-03-06T01:07:15.836+0000] {dag.py:3239} INFO - Sync 4 DAGs
[2025-03-06T01:07:15.857+0000] {logging_mixin.py:190} INFO - [2025-03-06T01:07:15.857+0000] {dag.py:4180} INFO - Setting next_dagrun for dataset_alias_example_alias_consumer to None, run_after=None
[2025-03-06T01:07:15.860+0000] {logging_mixin.py:190} INFO - [2025-03-06T01:07:15.859+0000] {dag.py:4180} INFO - Setting next_dagrun for dataset_alias_example_alias_producer to None, run_after=None
[2025-03-06T01:07:15.862+0000] {logging_mixin.py:190} INFO - [2025-03-06T01:07:15.862+0000] {dag.py:4180} INFO - Setting next_dagrun for dataset_s3_bucket_consumer to None, run_after=None
[2025-03-06T01:07:15.863+0000] {logging_mixin.py:190} INFO - [2025-03-06T01:07:15.863+0000] {dag.py:4180} INFO - Setting next_dagrun for dataset_s3_bucket_producer to None, run_after=None
[2025-03-06T01:07:15.889+0000] {processor.py:208} INFO - Processing /home/ubuntu/redfin_venv/lib/python3.12/site-packages/airflow/example_dags/example_dataset_alias.py took 0.123 seconds
[2025-03-06T01:08:16.594+0000] {processor.py:186} INFO - Started process (PID=6488) to work on /home/ubuntu/redfin_venv/lib/python3.12/site-packages/airflow/example_dags/example_dataset_alias.py
[2025-03-06T01:08:16.596+0000] {processor.py:914} INFO - Processing file /home/ubuntu/redfin_venv/lib/python3.12/site-packages/airflow/example_dags/example_dataset_alias.py for tasks to queue
[2025-03-06T01:08:16.598+0000] {logging_mixin.py:190} INFO - [2025-03-06T01:08:16.598+0000] {dagbag.py:588} INFO - Filling up the DagBag from /home/ubuntu/redfin_venv/lib/python3.12/site-packages/airflow/example_dags/example_dataset_alias.py
[2025-03-06T01:08:16.631+0000] {processor.py:925} INFO - DAG(s) 'dataset_s3_bucket_producer', 'dataset_alias_example_alias_producer', 'dataset_s3_bucket_consumer', 'dataset_alias_example_alias_consumer' retrieved from /home/ubuntu/redfin_venv/lib/python3.12/site-packages/airflow/example_dags/example_dataset_alias.py
[2025-03-06T01:08:16.656+0000] {logging_mixin.py:190} INFO - [2025-03-06T01:08:16.656+0000] {dag.py:3239} INFO - Sync 4 DAGs
[2025-03-06T01:08:16.680+0000] {logging_mixin.py:190} INFO - [2025-03-06T01:08:16.679+0000] {dag.py:4180} INFO - Setting next_dagrun for dataset_alias_example_alias_consumer to None, run_after=None
[2025-03-06T01:08:16.682+0000] {logging_mixin.py:190} INFO - [2025-03-06T01:08:16.681+0000] {dag.py:4180} INFO - Setting next_dagrun for dataset_alias_example_alias_producer to None, run_after=None
[2025-03-06T01:08:16.683+0000] {logging_mixin.py:190} INFO - [2025-03-06T01:08:16.683+0000] {dag.py:4180} INFO - Setting next_dagrun for dataset_s3_bucket_consumer to None, run_after=None
[2025-03-06T01:08:16.685+0000] {logging_mixin.py:190} INFO - [2025-03-06T01:08:16.685+0000] {dag.py:4180} INFO - Setting next_dagrun for dataset_s3_bucket_producer to None, run_after=None
[2025-03-06T01:08:16.714+0000] {processor.py:208} INFO - Processing /home/ubuntu/redfin_venv/lib/python3.12/site-packages/airflow/example_dags/example_dataset_alias.py took 0.137 seconds
[2025-03-06T01:09:17.727+0000] {processor.py:186} INFO - Started process (PID=6787) to work on /home/ubuntu/redfin_venv/lib/python3.12/site-packages/airflow/example_dags/example_dataset_alias.py
[2025-03-06T01:09:17.728+0000] {processor.py:914} INFO - Processing file /home/ubuntu/redfin_venv/lib/python3.12/site-packages/airflow/example_dags/example_dataset_alias.py for tasks to queue
[2025-03-06T01:09:17.733+0000] {logging_mixin.py:190} INFO - [2025-03-06T01:09:17.730+0000] {dagbag.py:588} INFO - Filling up the DagBag from /home/ubuntu/redfin_venv/lib/python3.12/site-packages/airflow/example_dags/example_dataset_alias.py
[2025-03-06T01:09:17.778+0000] {processor.py:925} INFO - DAG(s) 'dataset_s3_bucket_consumer', 'dataset_alias_example_alias_producer', 'dataset_alias_example_alias_consumer', 'dataset_s3_bucket_producer' retrieved from /home/ubuntu/redfin_venv/lib/python3.12/site-packages/airflow/example_dags/example_dataset_alias.py
[2025-03-06T01:09:17.805+0000] {logging_mixin.py:190} INFO - [2025-03-06T01:09:17.804+0000] {dag.py:3239} INFO - Sync 4 DAGs
[2025-03-06T01:09:17.830+0000] {logging_mixin.py:190} INFO - [2025-03-06T01:09:17.830+0000] {dag.py:4180} INFO - Setting next_dagrun for dataset_alias_example_alias_consumer to None, run_after=None
[2025-03-06T01:09:17.832+0000] {logging_mixin.py:190} INFO - [2025-03-06T01:09:17.832+0000] {dag.py:4180} INFO - Setting next_dagrun for dataset_alias_example_alias_producer to None, run_after=None
[2025-03-06T01:09:17.834+0000] {logging_mixin.py:190} INFO - [2025-03-06T01:09:17.834+0000] {dag.py:4180} INFO - Setting next_dagrun for dataset_s3_bucket_consumer to None, run_after=None
[2025-03-06T01:09:17.835+0000] {logging_mixin.py:190} INFO - [2025-03-06T01:09:17.835+0000] {dag.py:4180} INFO - Setting next_dagrun for dataset_s3_bucket_producer to None, run_after=None
[2025-03-06T01:09:17.861+0000] {processor.py:208} INFO - Processing /home/ubuntu/redfin_venv/lib/python3.12/site-packages/airflow/example_dags/example_dataset_alias.py took 0.148 seconds
[2025-03-06T01:10:21.573+0000] {processor.py:186} INFO - Started process (PID=6911) to work on /home/ubuntu/redfin_venv/lib/python3.12/site-packages/airflow/example_dags/example_dataset_alias.py
[2025-03-06T01:10:21.574+0000] {processor.py:914} INFO - Processing file /home/ubuntu/redfin_venv/lib/python3.12/site-packages/airflow/example_dags/example_dataset_alias.py for tasks to queue
[2025-03-06T01:10:21.577+0000] {logging_mixin.py:190} INFO - [2025-03-06T01:10:21.576+0000] {dagbag.py:588} INFO - Filling up the DagBag from /home/ubuntu/redfin_venv/lib/python3.12/site-packages/airflow/example_dags/example_dataset_alias.py
[2025-03-06T01:10:21.603+0000] {processor.py:925} INFO - DAG(s) 'dataset_alias_example_alias_producer', 'dataset_s3_bucket_producer', 'dataset_s3_bucket_consumer', 'dataset_alias_example_alias_consumer' retrieved from /home/ubuntu/redfin_venv/lib/python3.12/site-packages/airflow/example_dags/example_dataset_alias.py
[2025-03-06T01:10:21.624+0000] {logging_mixin.py:190} INFO - [2025-03-06T01:10:21.624+0000] {dag.py:3239} INFO - Sync 4 DAGs
[2025-03-06T01:10:21.645+0000] {logging_mixin.py:190} INFO - [2025-03-06T01:10:21.645+0000] {dag.py:4180} INFO - Setting next_dagrun for dataset_alias_example_alias_consumer to None, run_after=None
[2025-03-06T01:10:21.647+0000] {logging_mixin.py:190} INFO - [2025-03-06T01:10:21.647+0000] {dag.py:4180} INFO - Setting next_dagrun for dataset_alias_example_alias_producer to None, run_after=None
[2025-03-06T01:10:21.648+0000] {logging_mixin.py:190} INFO - [2025-03-06T01:10:21.648+0000] {dag.py:4180} INFO - Setting next_dagrun for dataset_s3_bucket_consumer to None, run_after=None
[2025-03-06T01:10:21.649+0000] {logging_mixin.py:190} INFO - [2025-03-06T01:10:21.649+0000] {dag.py:4180} INFO - Setting next_dagrun for dataset_s3_bucket_producer to None, run_after=None
[2025-03-06T01:10:21.674+0000] {processor.py:208} INFO - Processing /home/ubuntu/redfin_venv/lib/python3.12/site-packages/airflow/example_dags/example_dataset_alias.py took 0.107 seconds
[2025-03-06T01:11:23.078+0000] {processor.py:186} INFO - Started process (PID=7030) to work on /home/ubuntu/redfin_venv/lib/python3.12/site-packages/airflow/example_dags/example_dataset_alias.py
[2025-03-06T01:11:23.080+0000] {processor.py:914} INFO - Processing file /home/ubuntu/redfin_venv/lib/python3.12/site-packages/airflow/example_dags/example_dataset_alias.py for tasks to queue
[2025-03-06T01:11:23.082+0000] {logging_mixin.py:190} INFO - [2025-03-06T01:11:23.082+0000] {dagbag.py:588} INFO - Filling up the DagBag from /home/ubuntu/redfin_venv/lib/python3.12/site-packages/airflow/example_dags/example_dataset_alias.py
[2025-03-06T01:11:23.111+0000] {processor.py:925} INFO - DAG(s) 'dataset_alias_example_alias_consumer', 'dataset_s3_bucket_producer', 'dataset_s3_bucket_consumer', 'dataset_alias_example_alias_producer' retrieved from /home/ubuntu/redfin_venv/lib/python3.12/site-packages/airflow/example_dags/example_dataset_alias.py
[2025-03-06T01:11:23.134+0000] {logging_mixin.py:190} INFO - [2025-03-06T01:11:23.134+0000] {dag.py:3239} INFO - Sync 4 DAGs
[2025-03-06T01:11:23.155+0000] {logging_mixin.py:190} INFO - [2025-03-06T01:11:23.155+0000] {dag.py:4180} INFO - Setting next_dagrun for dataset_alias_example_alias_consumer to None, run_after=None
[2025-03-06T01:11:23.157+0000] {logging_mixin.py:190} INFO - [2025-03-06T01:11:23.157+0000] {dag.py:4180} INFO - Setting next_dagrun for dataset_alias_example_alias_producer to None, run_after=None
[2025-03-06T01:11:23.159+0000] {logging_mixin.py:190} INFO - [2025-03-06T01:11:23.158+0000] {dag.py:4180} INFO - Setting next_dagrun for dataset_s3_bucket_consumer to None, run_after=None
[2025-03-06T01:11:23.159+0000] {logging_mixin.py:190} INFO - [2025-03-06T01:11:23.159+0000] {dag.py:4180} INFO - Setting next_dagrun for dataset_s3_bucket_producer to None, run_after=None
[2025-03-06T01:11:23.187+0000] {processor.py:208} INFO - Processing /home/ubuntu/redfin_venv/lib/python3.12/site-packages/airflow/example_dags/example_dataset_alias.py took 0.116 seconds
[2025-03-06T01:12:27.927+0000] {processor.py:186} INFO - Started process (PID=7150) to work on /home/ubuntu/redfin_venv/lib/python3.12/site-packages/airflow/example_dags/example_dataset_alias.py
[2025-03-06T01:12:27.928+0000] {processor.py:914} INFO - Processing file /home/ubuntu/redfin_venv/lib/python3.12/site-packages/airflow/example_dags/example_dataset_alias.py for tasks to queue
[2025-03-06T01:12:27.931+0000] {logging_mixin.py:190} INFO - [2025-03-06T01:12:27.930+0000] {dagbag.py:588} INFO - Filling up the DagBag from /home/ubuntu/redfin_venv/lib/python3.12/site-packages/airflow/example_dags/example_dataset_alias.py
[2025-03-06T01:12:27.985+0000] {processor.py:925} INFO - DAG(s) 'dataset_s3_bucket_consumer', 'dataset_alias_example_alias_consumer', 'dataset_s3_bucket_producer', 'dataset_alias_example_alias_producer' retrieved from /home/ubuntu/redfin_venv/lib/python3.12/site-packages/airflow/example_dags/example_dataset_alias.py
[2025-03-06T01:12:28.026+0000] {logging_mixin.py:190} INFO - [2025-03-06T01:12:28.026+0000] {dag.py:3239} INFO - Sync 4 DAGs
[2025-03-06T01:12:28.064+0000] {logging_mixin.py:190} INFO - [2025-03-06T01:12:28.064+0000] {dag.py:4180} INFO - Setting next_dagrun for dataset_alias_example_alias_consumer to None, run_after=None
[2025-03-06T01:12:28.067+0000] {logging_mixin.py:190} INFO - [2025-03-06T01:12:28.067+0000] {dag.py:4180} INFO - Setting next_dagrun for dataset_alias_example_alias_producer to None, run_after=None
[2025-03-06T01:12:28.068+0000] {logging_mixin.py:190} INFO - [2025-03-06T01:12:28.068+0000] {dag.py:4180} INFO - Setting next_dagrun for dataset_s3_bucket_consumer to None, run_after=None
[2025-03-06T01:12:28.070+0000] {logging_mixin.py:190} INFO - [2025-03-06T01:12:28.069+0000] {dag.py:4180} INFO - Setting next_dagrun for dataset_s3_bucket_producer to None, run_after=None
[2025-03-06T01:12:28.099+0000] {processor.py:208} INFO - Processing /home/ubuntu/redfin_venv/lib/python3.12/site-packages/airflow/example_dags/example_dataset_alias.py took 0.181 seconds
[2025-03-06T01:13:29.866+0000] {processor.py:186} INFO - Started process (PID=7332) to work on /home/ubuntu/redfin_venv/lib/python3.12/site-packages/airflow/example_dags/example_dataset_alias.py
[2025-03-06T01:13:29.868+0000] {processor.py:914} INFO - Processing file /home/ubuntu/redfin_venv/lib/python3.12/site-packages/airflow/example_dags/example_dataset_alias.py for tasks to queue
[2025-03-06T01:13:29.873+0000] {logging_mixin.py:190} INFO - [2025-03-06T01:13:29.872+0000] {dagbag.py:588} INFO - Filling up the DagBag from /home/ubuntu/redfin_venv/lib/python3.12/site-packages/airflow/example_dags/example_dataset_alias.py
[2025-03-06T01:13:29.943+0000] {processor.py:925} INFO - DAG(s) 'dataset_s3_bucket_producer', 'dataset_alias_example_alias_consumer', 'dataset_alias_example_alias_producer', 'dataset_s3_bucket_consumer' retrieved from /home/ubuntu/redfin_venv/lib/python3.12/site-packages/airflow/example_dags/example_dataset_alias.py
[2025-03-06T01:13:29.989+0000] {logging_mixin.py:190} INFO - [2025-03-06T01:13:29.989+0000] {dag.py:3239} INFO - Sync 4 DAGs
[2025-03-06T01:13:30.027+0000] {logging_mixin.py:190} INFO - [2025-03-06T01:13:30.027+0000] {dag.py:4180} INFO - Setting next_dagrun for dataset_alias_example_alias_consumer to None, run_after=None
[2025-03-06T01:13:30.030+0000] {logging_mixin.py:190} INFO - [2025-03-06T01:13:30.030+0000] {dag.py:4180} INFO - Setting next_dagrun for dataset_alias_example_alias_producer to None, run_after=None
[2025-03-06T01:13:30.032+0000] {logging_mixin.py:190} INFO - [2025-03-06T01:13:30.031+0000] {dag.py:4180} INFO - Setting next_dagrun for dataset_s3_bucket_consumer to None, run_after=None
[2025-03-06T01:13:30.033+0000] {logging_mixin.py:190} INFO - [2025-03-06T01:13:30.033+0000] {dag.py:4180} INFO - Setting next_dagrun for dataset_s3_bucket_producer to None, run_after=None
[2025-03-06T01:13:30.064+0000] {processor.py:208} INFO - Processing /home/ubuntu/redfin_venv/lib/python3.12/site-packages/airflow/example_dags/example_dataset_alias.py took 0.212 seconds
[2025-03-06T01:14:32.260+0000] {processor.py:186} INFO - Started process (PID=7452) to work on /home/ubuntu/redfin_venv/lib/python3.12/site-packages/airflow/example_dags/example_dataset_alias.py
[2025-03-06T01:14:32.262+0000] {processor.py:914} INFO - Processing file /home/ubuntu/redfin_venv/lib/python3.12/site-packages/airflow/example_dags/example_dataset_alias.py for tasks to queue
[2025-03-06T01:14:32.265+0000] {logging_mixin.py:190} INFO - [2025-03-06T01:14:32.264+0000] {dagbag.py:588} INFO - Filling up the DagBag from /home/ubuntu/redfin_venv/lib/python3.12/site-packages/airflow/example_dags/example_dataset_alias.py
[2025-03-06T01:14:32.301+0000] {processor.py:925} INFO - DAG(s) 'dataset_alias_example_alias_consumer', 'dataset_alias_example_alias_producer', 'dataset_s3_bucket_consumer', 'dataset_s3_bucket_producer' retrieved from /home/ubuntu/redfin_venv/lib/python3.12/site-packages/airflow/example_dags/example_dataset_alias.py
[2025-03-06T01:14:32.324+0000] {logging_mixin.py:190} INFO - [2025-03-06T01:14:32.323+0000] {dag.py:3239} INFO - Sync 4 DAGs
[2025-03-06T01:14:32.347+0000] {logging_mixin.py:190} INFO - [2025-03-06T01:14:32.347+0000] {dag.py:4180} INFO - Setting next_dagrun for dataset_alias_example_alias_consumer to None, run_after=None
[2025-03-06T01:14:32.350+0000] {logging_mixin.py:190} INFO - [2025-03-06T01:14:32.349+0000] {dag.py:4180} INFO - Setting next_dagrun for dataset_alias_example_alias_producer to None, run_after=None
[2025-03-06T01:14:32.353+0000] {logging_mixin.py:190} INFO - [2025-03-06T01:14:32.353+0000] {dag.py:4180} INFO - Setting next_dagrun for dataset_s3_bucket_consumer to None, run_after=None
[2025-03-06T01:14:32.354+0000] {logging_mixin.py:190} INFO - [2025-03-06T01:14:32.354+0000] {dag.py:4180} INFO - Setting next_dagrun for dataset_s3_bucket_producer to None, run_after=None
[2025-03-06T01:14:32.401+0000] {processor.py:208} INFO - Processing /home/ubuntu/redfin_venv/lib/python3.12/site-packages/airflow/example_dags/example_dataset_alias.py took 0.148 seconds
[2025-03-06T01:15:33.602+0000] {processor.py:186} INFO - Started process (PID=7754) to work on /home/ubuntu/redfin_venv/lib/python3.12/site-packages/airflow/example_dags/example_dataset_alias.py
[2025-03-06T01:15:33.603+0000] {processor.py:914} INFO - Processing file /home/ubuntu/redfin_venv/lib/python3.12/site-packages/airflow/example_dags/example_dataset_alias.py for tasks to queue
[2025-03-06T01:15:33.605+0000] {logging_mixin.py:190} INFO - [2025-03-06T01:15:33.605+0000] {dagbag.py:588} INFO - Filling up the DagBag from /home/ubuntu/redfin_venv/lib/python3.12/site-packages/airflow/example_dags/example_dataset_alias.py
[2025-03-06T01:15:33.639+0000] {processor.py:925} INFO - DAG(s) 'dataset_alias_example_alias_producer', 'dataset_alias_example_alias_consumer', 'dataset_s3_bucket_consumer', 'dataset_s3_bucket_producer' retrieved from /home/ubuntu/redfin_venv/lib/python3.12/site-packages/airflow/example_dags/example_dataset_alias.py
[2025-03-06T01:15:33.663+0000] {logging_mixin.py:190} INFO - [2025-03-06T01:15:33.663+0000] {dag.py:3239} INFO - Sync 4 DAGs
[2025-03-06T01:15:33.687+0000] {logging_mixin.py:190} INFO - [2025-03-06T01:15:33.687+0000] {dag.py:4180} INFO - Setting next_dagrun for dataset_alias_example_alias_consumer to None, run_after=None
[2025-03-06T01:15:33.690+0000] {logging_mixin.py:190} INFO - [2025-03-06T01:15:33.689+0000] {dag.py:4180} INFO - Setting next_dagrun for dataset_alias_example_alias_producer to None, run_after=None
[2025-03-06T01:15:33.691+0000] {logging_mixin.py:190} INFO - [2025-03-06T01:15:33.691+0000] {dag.py:4180} INFO - Setting next_dagrun for dataset_s3_bucket_consumer to None, run_after=None
[2025-03-06T01:15:33.692+0000] {logging_mixin.py:190} INFO - [2025-03-06T01:15:33.691+0000] {dag.py:4180} INFO - Setting next_dagrun for dataset_s3_bucket_producer to None, run_after=None
[2025-03-06T01:15:33.717+0000] {processor.py:208} INFO - Processing /home/ubuntu/redfin_venv/lib/python3.12/site-packages/airflow/example_dags/example_dataset_alias.py took 0.122 seconds
[2025-03-06T01:16:35.389+0000] {processor.py:186} INFO - Started process (PID=7874) to work on /home/ubuntu/redfin_venv/lib/python3.12/site-packages/airflow/example_dags/example_dataset_alias.py
[2025-03-06T01:16:35.390+0000] {processor.py:914} INFO - Processing file /home/ubuntu/redfin_venv/lib/python3.12/site-packages/airflow/example_dags/example_dataset_alias.py for tasks to queue
[2025-03-06T01:16:35.393+0000] {logging_mixin.py:190} INFO - [2025-03-06T01:16:35.392+0000] {dagbag.py:588} INFO - Filling up the DagBag from /home/ubuntu/redfin_venv/lib/python3.12/site-packages/airflow/example_dags/example_dataset_alias.py
[2025-03-06T01:16:35.432+0000] {processor.py:925} INFO - DAG(s) 'dataset_alias_example_alias_consumer', 'dataset_s3_bucket_consumer', 'dataset_s3_bucket_producer', 'dataset_alias_example_alias_producer' retrieved from /home/ubuntu/redfin_venv/lib/python3.12/site-packages/airflow/example_dags/example_dataset_alias.py
[2025-03-06T01:16:35.468+0000] {logging_mixin.py:190} INFO - [2025-03-06T01:16:35.468+0000] {dag.py:3239} INFO - Sync 4 DAGs
[2025-03-06T01:16:35.500+0000] {logging_mixin.py:190} INFO - [2025-03-06T01:16:35.499+0000] {dag.py:4180} INFO - Setting next_dagrun for dataset_alias_example_alias_consumer to None, run_after=None
[2025-03-06T01:16:35.503+0000] {logging_mixin.py:190} INFO - [2025-03-06T01:16:35.502+0000] {dag.py:4180} INFO - Setting next_dagrun for dataset_alias_example_alias_producer to None, run_after=None
[2025-03-06T01:16:35.504+0000] {logging_mixin.py:190} INFO - [2025-03-06T01:16:35.504+0000] {dag.py:4180} INFO - Setting next_dagrun for dataset_s3_bucket_consumer to None, run_after=None
[2025-03-06T01:16:35.505+0000] {logging_mixin.py:190} INFO - [2025-03-06T01:16:35.505+0000] {dag.py:4180} INFO - Setting next_dagrun for dataset_s3_bucket_producer to None, run_after=None
[2025-03-06T01:16:35.539+0000] {processor.py:208} INFO - Processing /home/ubuntu/redfin_venv/lib/python3.12/site-packages/airflow/example_dags/example_dataset_alias.py took 0.160 seconds
[2025-03-06T01:17:36.669+0000] {processor.py:186} INFO - Started process (PID=8156) to work on /home/ubuntu/redfin_venv/lib/python3.12/site-packages/airflow/example_dags/example_dataset_alias.py
[2025-03-06T01:17:36.673+0000] {processor.py:914} INFO - Processing file /home/ubuntu/redfin_venv/lib/python3.12/site-packages/airflow/example_dags/example_dataset_alias.py for tasks to queue
[2025-03-06T01:17:36.680+0000] {logging_mixin.py:190} INFO - [2025-03-06T01:17:36.680+0000] {dagbag.py:588} INFO - Filling up the DagBag from /home/ubuntu/redfin_venv/lib/python3.12/site-packages/airflow/example_dags/example_dataset_alias.py
[2025-03-06T01:17:36.709+0000] {processor.py:925} INFO - DAG(s) 'dataset_alias_example_alias_producer', 'dataset_s3_bucket_producer', 'dataset_alias_example_alias_consumer', 'dataset_s3_bucket_consumer' retrieved from /home/ubuntu/redfin_venv/lib/python3.12/site-packages/airflow/example_dags/example_dataset_alias.py
[2025-03-06T01:17:36.730+0000] {logging_mixin.py:190} INFO - [2025-03-06T01:17:36.730+0000] {dag.py:3239} INFO - Sync 4 DAGs
[2025-03-06T01:17:36.750+0000] {logging_mixin.py:190} INFO - [2025-03-06T01:17:36.750+0000] {dag.py:4180} INFO - Setting next_dagrun for dataset_alias_example_alias_consumer to None, run_after=None
[2025-03-06T01:17:36.752+0000] {logging_mixin.py:190} INFO - [2025-03-06T01:17:36.752+0000] {dag.py:4180} INFO - Setting next_dagrun for dataset_alias_example_alias_producer to None, run_after=None
[2025-03-06T01:17:36.753+0000] {logging_mixin.py:190} INFO - [2025-03-06T01:17:36.753+0000] {dag.py:4180} INFO - Setting next_dagrun for dataset_s3_bucket_consumer to None, run_after=None
[2025-03-06T01:17:36.754+0000] {logging_mixin.py:190} INFO - [2025-03-06T01:17:36.754+0000] {dag.py:4180} INFO - Setting next_dagrun for dataset_s3_bucket_producer to None, run_after=None
[2025-03-06T01:17:36.778+0000] {processor.py:208} INFO - Processing /home/ubuntu/redfin_venv/lib/python3.12/site-packages/airflow/example_dags/example_dataset_alias.py took 0.115 seconds
[2025-03-06T01:18:35.887+0000] {processor.py:186} INFO - Started process (PID=8395) to work on /home/ubuntu/redfin_venv/lib/python3.12/site-packages/airflow/example_dags/example_dataset_alias.py
[2025-03-06T01:18:35.889+0000] {processor.py:914} INFO - Processing file /home/ubuntu/redfin_venv/lib/python3.12/site-packages/airflow/example_dags/example_dataset_alias.py for tasks to queue
[2025-03-06T01:18:35.891+0000] {logging_mixin.py:190} INFO - [2025-03-06T01:18:35.891+0000] {dagbag.py:588} INFO - Filling up the DagBag from /home/ubuntu/redfin_venv/lib/python3.12/site-packages/airflow/example_dags/example_dataset_alias.py
[2025-03-06T01:18:35.923+0000] {processor.py:925} INFO - DAG(s) 'dataset_alias_example_alias_producer', 'dataset_s3_bucket_producer', 'dataset_s3_bucket_consumer', 'dataset_alias_example_alias_consumer' retrieved from /home/ubuntu/redfin_venv/lib/python3.12/site-packages/airflow/example_dags/example_dataset_alias.py
[2025-03-06T01:18:35.947+0000] {logging_mixin.py:190} INFO - [2025-03-06T01:18:35.946+0000] {dag.py:3239} INFO - Sync 4 DAGs
[2025-03-06T01:18:35.970+0000] {logging_mixin.py:190} INFO - [2025-03-06T01:18:35.970+0000] {dag.py:4180} INFO - Setting next_dagrun for dataset_alias_example_alias_consumer to None, run_after=None
[2025-03-06T01:18:35.973+0000] {logging_mixin.py:190} INFO - [2025-03-06T01:18:35.973+0000] {dag.py:4180} INFO - Setting next_dagrun for dataset_alias_example_alias_producer to None, run_after=None
[2025-03-06T01:18:35.975+0000] {logging_mixin.py:190} INFO - [2025-03-06T01:18:35.974+0000] {dag.py:4180} INFO - Setting next_dagrun for dataset_s3_bucket_consumer to None, run_after=None
[2025-03-06T01:18:35.975+0000] {logging_mixin.py:190} INFO - [2025-03-06T01:18:35.975+0000] {dag.py:4180} INFO - Setting next_dagrun for dataset_s3_bucket_producer to None, run_after=None
[2025-03-06T01:18:36.007+0000] {processor.py:208} INFO - Processing /home/ubuntu/redfin_venv/lib/python3.12/site-packages/airflow/example_dags/example_dataset_alias.py took 0.126 seconds
[2025-03-06T01:19:44.471+0000] {processor.py:186} INFO - Started process (PID=8576) to work on /home/ubuntu/redfin_venv/lib/python3.12/site-packages/airflow/example_dags/example_dataset_alias.py
[2025-03-06T01:19:44.472+0000] {processor.py:914} INFO - Processing file /home/ubuntu/redfin_venv/lib/python3.12/site-packages/airflow/example_dags/example_dataset_alias.py for tasks to queue
[2025-03-06T01:19:44.475+0000] {logging_mixin.py:190} INFO - [2025-03-06T01:19:44.475+0000] {dagbag.py:588} INFO - Filling up the DagBag from /home/ubuntu/redfin_venv/lib/python3.12/site-packages/airflow/example_dags/example_dataset_alias.py
[2025-03-06T01:19:44.509+0000] {processor.py:925} INFO - DAG(s) 'dataset_alias_example_alias_producer', 'dataset_s3_bucket_producer', 'dataset_alias_example_alias_consumer', 'dataset_s3_bucket_consumer' retrieved from /home/ubuntu/redfin_venv/lib/python3.12/site-packages/airflow/example_dags/example_dataset_alias.py
[2025-03-06T01:19:44.537+0000] {logging_mixin.py:190} INFO - [2025-03-06T01:19:44.537+0000] {dag.py:3239} INFO - Sync 4 DAGs
[2025-03-06T01:19:44.566+0000] {logging_mixin.py:190} INFO - [2025-03-06T01:19:44.565+0000] {dag.py:4180} INFO - Setting next_dagrun for dataset_alias_example_alias_consumer to None, run_after=None
[2025-03-06T01:19:44.569+0000] {logging_mixin.py:190} INFO - [2025-03-06T01:19:44.568+0000] {dag.py:4180} INFO - Setting next_dagrun for dataset_alias_example_alias_producer to None, run_after=None
[2025-03-06T01:19:44.570+0000] {logging_mixin.py:190} INFO - [2025-03-06T01:19:44.569+0000] {dag.py:4180} INFO - Setting next_dagrun for dataset_s3_bucket_consumer to None, run_after=None
[2025-03-06T01:19:44.570+0000] {logging_mixin.py:190} INFO - [2025-03-06T01:19:44.570+0000] {dag.py:4180} INFO - Setting next_dagrun for dataset_s3_bucket_producer to None, run_after=None
[2025-03-06T01:19:44.608+0000] {processor.py:208} INFO - Processing /home/ubuntu/redfin_venv/lib/python3.12/site-packages/airflow/example_dags/example_dataset_alias.py took 0.145 seconds
