[2025-03-06T00:59:04.773+0000] {processor.py:186} INFO - Started process (PID=3841) to work on /home/ubuntu/redfin_venv/lib/python3.12/site-packages/airflow/example_dags/example_branch_datetime_operator.py
[2025-03-06T00:59:04.774+0000] {processor.py:914} INFO - Processing file /home/ubuntu/redfin_venv/lib/python3.12/site-packages/airflow/example_dags/example_branch_datetime_operator.py for tasks to queue
[2025-03-06T00:59:04.776+0000] {logging_mixin.py:190} INFO - [2025-03-06T00:59:04.776+0000] {dagbag.py:588} INFO - Filling up the DagBag from /home/ubuntu/redfin_venv/lib/python3.12/site-packages/airflow/example_dags/example_branch_datetime_operator.py
[2025-03-06T00:59:04.796+0000] {processor.py:925} INFO - DAG(s) 'example_branch_datetime_operator', 'example_branch_datetime_operator_2', 'example_branch_datetime_operator_3' retrieved from /home/ubuntu/redfin_venv/lib/python3.12/site-packages/airflow/example_dags/example_branch_datetime_operator.py
[2025-03-06T00:59:04.826+0000] {logging_mixin.py:190} INFO - [2025-03-06T00:59:04.825+0000] {dag.py:3239} INFO - Sync 3 DAGs
[2025-03-06T00:59:04.860+0000] {logging_mixin.py:190} INFO - [2025-03-06T00:59:04.859+0000] {dag.py:4180} INFO - Setting next_dagrun for example_branch_datetime_operator to 2025-03-05 00:00:00+00:00, run_after=2025-03-06 00:00:00+00:00
[2025-03-06T00:59:04.867+0000] {logging_mixin.py:190} INFO - [2025-03-06T00:59:04.867+0000] {dag.py:4180} INFO - Setting next_dagrun for example_branch_datetime_operator_2 to 2025-03-05 00:00:00+00:00, run_after=2025-03-06 00:00:00+00:00
[2025-03-06T00:59:04.870+0000] {logging_mixin.py:190} INFO - [2025-03-06T00:59:04.869+0000] {dag.py:4180} INFO - Setting next_dagrun for example_branch_datetime_operator_3 to 2025-03-05 00:00:00+00:00, run_after=2025-03-06 00:00:00+00:00
[2025-03-06T00:59:04.895+0000] {processor.py:208} INFO - Processing /home/ubuntu/redfin_venv/lib/python3.12/site-packages/airflow/example_dags/example_branch_datetime_operator.py took 0.129 seconds
[2025-03-06T01:00:03.320+0000] {processor.py:186} INFO - Started process (PID=4144) to work on /home/ubuntu/redfin_venv/lib/python3.12/site-packages/airflow/example_dags/example_branch_datetime_operator.py
[2025-03-06T01:00:03.321+0000] {processor.py:914} INFO - Processing file /home/ubuntu/redfin_venv/lib/python3.12/site-packages/airflow/example_dags/example_branch_datetime_operator.py for tasks to queue
[2025-03-06T01:00:03.324+0000] {logging_mixin.py:190} INFO - [2025-03-06T01:00:03.323+0000] {dagbag.py:588} INFO - Filling up the DagBag from /home/ubuntu/redfin_venv/lib/python3.12/site-packages/airflow/example_dags/example_branch_datetime_operator.py
[2025-03-06T01:00:03.338+0000] {processor.py:925} INFO - DAG(s) 'example_branch_datetime_operator_2', 'example_branch_datetime_operator', 'example_branch_datetime_operator_3' retrieved from /home/ubuntu/redfin_venv/lib/python3.12/site-packages/airflow/example_dags/example_branch_datetime_operator.py
[2025-03-06T01:00:03.368+0000] {logging_mixin.py:190} INFO - [2025-03-06T01:00:03.368+0000] {dag.py:3239} INFO - Sync 3 DAGs
[2025-03-06T01:00:03.400+0000] {logging_mixin.py:190} INFO - [2025-03-06T01:00:03.399+0000] {dag.py:4180} INFO - Setting next_dagrun for example_branch_datetime_operator to 2025-03-05 00:00:00+00:00, run_after=2025-03-06 00:00:00+00:00
[2025-03-06T01:00:03.404+0000] {logging_mixin.py:190} INFO - [2025-03-06T01:00:03.404+0000] {dag.py:4180} INFO - Setting next_dagrun for example_branch_datetime_operator_2 to 2025-03-05 00:00:00+00:00, run_after=2025-03-06 00:00:00+00:00
[2025-03-06T01:00:03.406+0000] {logging_mixin.py:190} INFO - [2025-03-06T01:00:03.406+0000] {dag.py:4180} INFO - Setting next_dagrun for example_branch_datetime_operator_3 to 2025-03-05 00:00:00+00:00, run_after=2025-03-06 00:00:00+00:00
[2025-03-06T01:00:03.444+0000] {processor.py:208} INFO - Processing /home/ubuntu/redfin_venv/lib/python3.12/site-packages/airflow/example_dags/example_branch_datetime_operator.py took 0.131 seconds
[2025-03-06T01:01:04.568+0000] {processor.py:186} INFO - Started process (PID=4768) to work on /home/ubuntu/redfin_venv/lib/python3.12/site-packages/airflow/example_dags/example_branch_datetime_operator.py
[2025-03-06T01:01:04.570+0000] {processor.py:914} INFO - Processing file /home/ubuntu/redfin_venv/lib/python3.12/site-packages/airflow/example_dags/example_branch_datetime_operator.py for tasks to queue
[2025-03-06T01:01:04.581+0000] {logging_mixin.py:190} INFO - [2025-03-06T01:01:04.576+0000] {dagbag.py:588} INFO - Filling up the DagBag from /home/ubuntu/redfin_venv/lib/python3.12/site-packages/airflow/example_dags/example_branch_datetime_operator.py
[2025-03-06T01:01:04.632+0000] {processor.py:925} INFO - DAG(s) 'example_branch_datetime_operator_3', 'example_branch_datetime_operator_2', 'example_branch_datetime_operator' retrieved from /home/ubuntu/redfin_venv/lib/python3.12/site-packages/airflow/example_dags/example_branch_datetime_operator.py
[2025-03-06T01:01:04.710+0000] {logging_mixin.py:190} INFO - [2025-03-06T01:01:04.710+0000] {dag.py:3239} INFO - Sync 3 DAGs
[2025-03-06T01:01:04.764+0000] {logging_mixin.py:190} INFO - [2025-03-06T01:01:04.763+0000] {dag.py:4180} INFO - Setting next_dagrun for example_branch_datetime_operator to 2025-03-05 00:00:00+00:00, run_after=2025-03-06 00:00:00+00:00
[2025-03-06T01:01:04.771+0000] {logging_mixin.py:190} INFO - [2025-03-06T01:01:04.770+0000] {dag.py:4180} INFO - Setting next_dagrun for example_branch_datetime_operator_2 to 2025-03-05 00:00:00+00:00, run_after=2025-03-06 00:00:00+00:00
[2025-03-06T01:01:04.776+0000] {logging_mixin.py:190} INFO - [2025-03-06T01:01:04.776+0000] {dag.py:4180} INFO - Setting next_dagrun for example_branch_datetime_operator_3 to 2025-03-05 00:00:00+00:00, run_after=2025-03-06 00:00:00+00:00
[2025-03-06T01:01:04.817+0000] {processor.py:208} INFO - Processing /home/ubuntu/redfin_venv/lib/python3.12/site-packages/airflow/example_dags/example_branch_datetime_operator.py took 0.276 seconds
[2025-03-06T01:02:08.266+0000] {processor.py:186} INFO - Started process (PID=5047) to work on /home/ubuntu/redfin_venv/lib/python3.12/site-packages/airflow/example_dags/example_branch_datetime_operator.py
[2025-03-06T01:02:08.269+0000] {processor.py:914} INFO - Processing file /home/ubuntu/redfin_venv/lib/python3.12/site-packages/airflow/example_dags/example_branch_datetime_operator.py for tasks to queue
[2025-03-06T01:02:08.272+0000] {logging_mixin.py:190} INFO - [2025-03-06T01:02:08.271+0000] {dagbag.py:588} INFO - Filling up the DagBag from /home/ubuntu/redfin_venv/lib/python3.12/site-packages/airflow/example_dags/example_branch_datetime_operator.py
[2025-03-06T01:02:08.292+0000] {processor.py:925} INFO - DAG(s) 'example_branch_datetime_operator', 'example_branch_datetime_operator_3', 'example_branch_datetime_operator_2' retrieved from /home/ubuntu/redfin_venv/lib/python3.12/site-packages/airflow/example_dags/example_branch_datetime_operator.py
[2025-03-06T01:02:08.332+0000] {logging_mixin.py:190} INFO - [2025-03-06T01:02:08.332+0000] {dag.py:3239} INFO - Sync 3 DAGs
[2025-03-06T01:02:08.358+0000] {logging_mixin.py:190} INFO - [2025-03-06T01:02:08.358+0000] {dag.py:4180} INFO - Setting next_dagrun for example_branch_datetime_operator to 2025-03-05 00:00:00+00:00, run_after=2025-03-06 00:00:00+00:00
[2025-03-06T01:02:08.364+0000] {logging_mixin.py:190} INFO - [2025-03-06T01:02:08.364+0000] {dag.py:4180} INFO - Setting next_dagrun for example_branch_datetime_operator_2 to 2025-03-05 00:00:00+00:00, run_after=2025-03-06 00:00:00+00:00
[2025-03-06T01:02:08.366+0000] {logging_mixin.py:190} INFO - [2025-03-06T01:02:08.366+0000] {dag.py:4180} INFO - Setting next_dagrun for example_branch_datetime_operator_3 to 2025-03-05 00:00:00+00:00, run_after=2025-03-06 00:00:00+00:00
[2025-03-06T01:02:08.390+0000] {processor.py:208} INFO - Processing /home/ubuntu/redfin_venv/lib/python3.12/site-packages/airflow/example_dags/example_branch_datetime_operator.py took 0.135 seconds
[2025-03-06T01:03:08.074+0000] {processor.py:186} INFO - Started process (PID=5227) to work on /home/ubuntu/redfin_venv/lib/python3.12/site-packages/airflow/example_dags/example_branch_datetime_operator.py
[2025-03-06T01:03:08.076+0000] {processor.py:914} INFO - Processing file /home/ubuntu/redfin_venv/lib/python3.12/site-packages/airflow/example_dags/example_branch_datetime_operator.py for tasks to queue
[2025-03-06T01:03:08.078+0000] {logging_mixin.py:190} INFO - [2025-03-06T01:03:08.078+0000] {dagbag.py:588} INFO - Filling up the DagBag from /home/ubuntu/redfin_venv/lib/python3.12/site-packages/airflow/example_dags/example_branch_datetime_operator.py
[2025-03-06T01:03:08.092+0000] {processor.py:925} INFO - DAG(s) 'example_branch_datetime_operator_3', 'example_branch_datetime_operator', 'example_branch_datetime_operator_2' retrieved from /home/ubuntu/redfin_venv/lib/python3.12/site-packages/airflow/example_dags/example_branch_datetime_operator.py
[2025-03-06T01:03:08.116+0000] {logging_mixin.py:190} INFO - [2025-03-06T01:03:08.116+0000] {dag.py:3239} INFO - Sync 3 DAGs
[2025-03-06T01:03:08.140+0000] {logging_mixin.py:190} INFO - [2025-03-06T01:03:08.140+0000] {dag.py:4180} INFO - Setting next_dagrun for example_branch_datetime_operator to 2025-03-05 00:00:00+00:00, run_after=2025-03-06 00:00:00+00:00
[2025-03-06T01:03:08.145+0000] {logging_mixin.py:190} INFO - [2025-03-06T01:03:08.145+0000] {dag.py:4180} INFO - Setting next_dagrun for example_branch_datetime_operator_2 to 2025-03-05 00:00:00+00:00, run_after=2025-03-06 00:00:00+00:00
[2025-03-06T01:03:08.147+0000] {logging_mixin.py:190} INFO - [2025-03-06T01:03:08.147+0000] {dag.py:4180} INFO - Setting next_dagrun for example_branch_datetime_operator_3 to 2025-03-05 00:00:00+00:00, run_after=2025-03-06 00:00:00+00:00
[2025-03-06T01:03:08.173+0000] {processor.py:208} INFO - Processing /home/ubuntu/redfin_venv/lib/python3.12/site-packages/airflow/example_dags/example_branch_datetime_operator.py took 0.105 seconds
[2025-03-06T01:04:08.078+0000] {processor.py:186} INFO - Started process (PID=5405) to work on /home/ubuntu/redfin_venv/lib/python3.12/site-packages/airflow/example_dags/example_branch_datetime_operator.py
[2025-03-06T01:04:08.080+0000] {processor.py:914} INFO - Processing file /home/ubuntu/redfin_venv/lib/python3.12/site-packages/airflow/example_dags/example_branch_datetime_operator.py for tasks to queue
[2025-03-06T01:04:08.082+0000] {logging_mixin.py:190} INFO - [2025-03-06T01:04:08.082+0000] {dagbag.py:588} INFO - Filling up the DagBag from /home/ubuntu/redfin_venv/lib/python3.12/site-packages/airflow/example_dags/example_branch_datetime_operator.py
[2025-03-06T01:04:08.096+0000] {processor.py:925} INFO - DAG(s) 'example_branch_datetime_operator', 'example_branch_datetime_operator_2', 'example_branch_datetime_operator_3' retrieved from /home/ubuntu/redfin_venv/lib/python3.12/site-packages/airflow/example_dags/example_branch_datetime_operator.py
[2025-03-06T01:04:08.119+0000] {logging_mixin.py:190} INFO - [2025-03-06T01:04:08.119+0000] {dag.py:3239} INFO - Sync 3 DAGs
[2025-03-06T01:04:08.143+0000] {logging_mixin.py:190} INFO - [2025-03-06T01:04:08.142+0000] {dag.py:4180} INFO - Setting next_dagrun for example_branch_datetime_operator to 2025-03-05 00:00:00+00:00, run_after=2025-03-06 00:00:00+00:00
[2025-03-06T01:04:08.147+0000] {logging_mixin.py:190} INFO - [2025-03-06T01:04:08.147+0000] {dag.py:4180} INFO - Setting next_dagrun for example_branch_datetime_operator_2 to 2025-03-05 00:00:00+00:00, run_after=2025-03-06 00:00:00+00:00
[2025-03-06T01:04:08.150+0000] {logging_mixin.py:190} INFO - [2025-03-06T01:04:08.149+0000] {dag.py:4180} INFO - Setting next_dagrun for example_branch_datetime_operator_3 to 2025-03-05 00:00:00+00:00, run_after=2025-03-06 00:00:00+00:00
[2025-03-06T01:04:08.171+0000] {processor.py:208} INFO - Processing /home/ubuntu/redfin_venv/lib/python3.12/site-packages/airflow/example_dags/example_branch_datetime_operator.py took 0.100 seconds
[2025-03-06T01:05:12.108+0000] {processor.py:186} INFO - Started process (PID=5529) to work on /home/ubuntu/redfin_venv/lib/python3.12/site-packages/airflow/example_dags/example_branch_datetime_operator.py
[2025-03-06T01:05:12.109+0000] {processor.py:914} INFO - Processing file /home/ubuntu/redfin_venv/lib/python3.12/site-packages/airflow/example_dags/example_branch_datetime_operator.py for tasks to queue
[2025-03-06T01:05:12.113+0000] {logging_mixin.py:190} INFO - [2025-03-06T01:05:12.112+0000] {dagbag.py:588} INFO - Filling up the DagBag from /home/ubuntu/redfin_venv/lib/python3.12/site-packages/airflow/example_dags/example_branch_datetime_operator.py
[2025-03-06T01:05:12.133+0000] {processor.py:925} INFO - DAG(s) 'example_branch_datetime_operator_3', 'example_branch_datetime_operator', 'example_branch_datetime_operator_2' retrieved from /home/ubuntu/redfin_venv/lib/python3.12/site-packages/airflow/example_dags/example_branch_datetime_operator.py
[2025-03-06T01:05:12.172+0000] {logging_mixin.py:190} INFO - [2025-03-06T01:05:12.171+0000] {dag.py:3239} INFO - Sync 3 DAGs
[2025-03-06T01:05:12.204+0000] {logging_mixin.py:190} INFO - [2025-03-06T01:05:12.204+0000] {dag.py:4180} INFO - Setting next_dagrun for example_branch_datetime_operator to 2025-03-05 00:00:00+00:00, run_after=2025-03-06 00:00:00+00:00
[2025-03-06T01:05:12.212+0000] {logging_mixin.py:190} INFO - [2025-03-06T01:05:12.212+0000] {dag.py:4180} INFO - Setting next_dagrun for example_branch_datetime_operator_2 to 2025-03-05 00:00:00+00:00, run_after=2025-03-06 00:00:00+00:00
[2025-03-06T01:05:12.215+0000] {logging_mixin.py:190} INFO - [2025-03-06T01:05:12.215+0000] {dag.py:4180} INFO - Setting next_dagrun for example_branch_datetime_operator_3 to 2025-03-05 00:00:00+00:00, run_after=2025-03-06 00:00:00+00:00
[2025-03-06T01:05:12.250+0000] {processor.py:208} INFO - Processing /home/ubuntu/redfin_venv/lib/python3.12/site-packages/airflow/example_dags/example_branch_datetime_operator.py took 0.152 seconds
[2025-03-06T01:06:15.484+0000] {processor.py:186} INFO - Started process (PID=5735) to work on /home/ubuntu/redfin_venv/lib/python3.12/site-packages/airflow/example_dags/example_branch_datetime_operator.py
[2025-03-06T01:06:15.486+0000] {processor.py:914} INFO - Processing file /home/ubuntu/redfin_venv/lib/python3.12/site-packages/airflow/example_dags/example_branch_datetime_operator.py for tasks to queue
[2025-03-06T01:06:15.488+0000] {logging_mixin.py:190} INFO - [2025-03-06T01:06:15.487+0000] {dagbag.py:588} INFO - Filling up the DagBag from /home/ubuntu/redfin_venv/lib/python3.12/site-packages/airflow/example_dags/example_branch_datetime_operator.py
[2025-03-06T01:06:15.501+0000] {processor.py:925} INFO - DAG(s) 'example_branch_datetime_operator_2', 'example_branch_datetime_operator', 'example_branch_datetime_operator_3' retrieved from /home/ubuntu/redfin_venv/lib/python3.12/site-packages/airflow/example_dags/example_branch_datetime_operator.py
[2025-03-06T01:06:15.526+0000] {logging_mixin.py:190} INFO - [2025-03-06T01:06:15.526+0000] {dag.py:3239} INFO - Sync 3 DAGs
[2025-03-06T01:06:15.551+0000] {logging_mixin.py:190} INFO - [2025-03-06T01:06:15.551+0000] {dag.py:4180} INFO - Setting next_dagrun for example_branch_datetime_operator to 2025-03-05 00:00:00+00:00, run_after=2025-03-06 00:00:00+00:00
[2025-03-06T01:06:15.556+0000] {logging_mixin.py:190} INFO - [2025-03-06T01:06:15.556+0000] {dag.py:4180} INFO - Setting next_dagrun for example_branch_datetime_operator_2 to 2025-03-05 00:00:00+00:00, run_after=2025-03-06 00:00:00+00:00
[2025-03-06T01:06:15.558+0000] {logging_mixin.py:190} INFO - [2025-03-06T01:06:15.558+0000] {dag.py:4180} INFO - Setting next_dagrun for example_branch_datetime_operator_3 to 2025-03-05 00:00:00+00:00, run_after=2025-03-06 00:00:00+00:00
[2025-03-06T01:06:15.581+0000] {processor.py:208} INFO - Processing /home/ubuntu/redfin_venv/lib/python3.12/site-packages/airflow/example_dags/example_branch_datetime_operator.py took 0.105 seconds
[2025-03-06T01:07:19.653+0000] {processor.py:186} INFO - Started process (PID=6193) to work on /home/ubuntu/redfin_venv/lib/python3.12/site-packages/airflow/example_dags/example_branch_datetime_operator.py
[2025-03-06T01:07:19.655+0000] {processor.py:914} INFO - Processing file /home/ubuntu/redfin_venv/lib/python3.12/site-packages/airflow/example_dags/example_branch_datetime_operator.py for tasks to queue
[2025-03-06T01:07:19.657+0000] {logging_mixin.py:190} INFO - [2025-03-06T01:07:19.656+0000] {dagbag.py:588} INFO - Filling up the DagBag from /home/ubuntu/redfin_venv/lib/python3.12/site-packages/airflow/example_dags/example_branch_datetime_operator.py
[2025-03-06T01:07:19.670+0000] {processor.py:925} INFO - DAG(s) 'example_branch_datetime_operator_2', 'example_branch_datetime_operator', 'example_branch_datetime_operator_3' retrieved from /home/ubuntu/redfin_venv/lib/python3.12/site-packages/airflow/example_dags/example_branch_datetime_operator.py
[2025-03-06T01:07:19.694+0000] {logging_mixin.py:190} INFO - [2025-03-06T01:07:19.693+0000] {dag.py:3239} INFO - Sync 3 DAGs
[2025-03-06T01:07:19.718+0000] {logging_mixin.py:190} INFO - [2025-03-06T01:07:19.717+0000] {dag.py:4180} INFO - Setting next_dagrun for example_branch_datetime_operator to 2025-03-05 00:00:00+00:00, run_after=2025-03-06 00:00:00+00:00
[2025-03-06T01:07:19.723+0000] {logging_mixin.py:190} INFO - [2025-03-06T01:07:19.723+0000] {dag.py:4180} INFO - Setting next_dagrun for example_branch_datetime_operator_2 to 2025-03-05 00:00:00+00:00, run_after=2025-03-06 00:00:00+00:00
[2025-03-06T01:07:19.725+0000] {logging_mixin.py:190} INFO - [2025-03-06T01:07:19.725+0000] {dag.py:4180} INFO - Setting next_dagrun for example_branch_datetime_operator_3 to 2025-03-05 00:00:00+00:00, run_after=2025-03-06 00:00:00+00:00
[2025-03-06T01:07:19.754+0000] {processor.py:208} INFO - Processing /home/ubuntu/redfin_venv/lib/python3.12/site-packages/airflow/example_dags/example_branch_datetime_operator.py took 0.107 seconds
[2025-03-06T01:08:20.788+0000] {processor.py:186} INFO - Started process (PID=6492) to work on /home/ubuntu/redfin_venv/lib/python3.12/site-packages/airflow/example_dags/example_branch_datetime_operator.py
[2025-03-06T01:08:20.791+0000] {processor.py:914} INFO - Processing file /home/ubuntu/redfin_venv/lib/python3.12/site-packages/airflow/example_dags/example_branch_datetime_operator.py for tasks to queue
[2025-03-06T01:08:20.796+0000] {logging_mixin.py:190} INFO - [2025-03-06T01:08:20.794+0000] {dagbag.py:588} INFO - Filling up the DagBag from /home/ubuntu/redfin_venv/lib/python3.12/site-packages/airflow/example_dags/example_branch_datetime_operator.py
[2025-03-06T01:08:20.830+0000] {processor.py:925} INFO - DAG(s) 'example_branch_datetime_operator_2', 'example_branch_datetime_operator_3', 'example_branch_datetime_operator' retrieved from /home/ubuntu/redfin_venv/lib/python3.12/site-packages/airflow/example_dags/example_branch_datetime_operator.py
[2025-03-06T01:08:20.858+0000] {logging_mixin.py:190} INFO - [2025-03-06T01:08:20.858+0000] {dag.py:3239} INFO - Sync 3 DAGs
[2025-03-06T01:08:20.894+0000] {logging_mixin.py:190} INFO - [2025-03-06T01:08:20.893+0000] {dag.py:4180} INFO - Setting next_dagrun for example_branch_datetime_operator to 2025-03-05 00:00:00+00:00, run_after=2025-03-06 00:00:00+00:00
[2025-03-06T01:08:20.902+0000] {logging_mixin.py:190} INFO - [2025-03-06T01:08:20.901+0000] {dag.py:4180} INFO - Setting next_dagrun for example_branch_datetime_operator_2 to 2025-03-05 00:00:00+00:00, run_after=2025-03-06 00:00:00+00:00
[2025-03-06T01:08:20.904+0000] {logging_mixin.py:190} INFO - [2025-03-06T01:08:20.904+0000] {dag.py:4180} INFO - Setting next_dagrun for example_branch_datetime_operator_3 to 2025-03-05 00:00:00+00:00, run_after=2025-03-06 00:00:00+00:00
[2025-03-06T01:08:20.931+0000] {processor.py:208} INFO - Processing /home/ubuntu/redfin_venv/lib/python3.12/site-packages/airflow/example_dags/example_branch_datetime_operator.py took 0.156 seconds
[2025-03-06T01:09:22.721+0000] {processor.py:186} INFO - Started process (PID=6791) to work on /home/ubuntu/redfin_venv/lib/python3.12/site-packages/airflow/example_dags/example_branch_datetime_operator.py
[2025-03-06T01:09:22.722+0000] {processor.py:914} INFO - Processing file /home/ubuntu/redfin_venv/lib/python3.12/site-packages/airflow/example_dags/example_branch_datetime_operator.py for tasks to queue
[2025-03-06T01:09:22.726+0000] {logging_mixin.py:190} INFO - [2025-03-06T01:09:22.725+0000] {dagbag.py:588} INFO - Filling up the DagBag from /home/ubuntu/redfin_venv/lib/python3.12/site-packages/airflow/example_dags/example_branch_datetime_operator.py
[2025-03-06T01:09:22.741+0000] {processor.py:925} INFO - DAG(s) 'example_branch_datetime_operator', 'example_branch_datetime_operator_3', 'example_branch_datetime_operator_2' retrieved from /home/ubuntu/redfin_venv/lib/python3.12/site-packages/airflow/example_dags/example_branch_datetime_operator.py
[2025-03-06T01:09:22.791+0000] {logging_mixin.py:190} INFO - [2025-03-06T01:09:22.790+0000] {dag.py:3239} INFO - Sync 3 DAGs
[2025-03-06T01:09:22.833+0000] {logging_mixin.py:190} INFO - [2025-03-06T01:09:22.832+0000] {dag.py:4180} INFO - Setting next_dagrun for example_branch_datetime_operator to 2025-03-05 00:00:00+00:00, run_after=2025-03-06 00:00:00+00:00
[2025-03-06T01:09:22.840+0000] {logging_mixin.py:190} INFO - [2025-03-06T01:09:22.840+0000] {dag.py:4180} INFO - Setting next_dagrun for example_branch_datetime_operator_2 to 2025-03-05 00:00:00+00:00, run_after=2025-03-06 00:00:00+00:00
[2025-03-06T01:09:22.843+0000] {logging_mixin.py:190} INFO - [2025-03-06T01:09:22.843+0000] {dag.py:4180} INFO - Setting next_dagrun for example_branch_datetime_operator_3 to 2025-03-05 00:00:00+00:00, run_after=2025-03-06 00:00:00+00:00
[2025-03-06T01:09:22.903+0000] {processor.py:208} INFO - Processing /home/ubuntu/redfin_venv/lib/python3.12/site-packages/airflow/example_dags/example_branch_datetime_operator.py took 0.190 seconds
[2025-03-06T01:10:26.020+0000] {processor.py:186} INFO - Started process (PID=6915) to work on /home/ubuntu/redfin_venv/lib/python3.12/site-packages/airflow/example_dags/example_branch_datetime_operator.py
[2025-03-06T01:10:26.021+0000] {processor.py:914} INFO - Processing file /home/ubuntu/redfin_venv/lib/python3.12/site-packages/airflow/example_dags/example_branch_datetime_operator.py for tasks to queue
[2025-03-06T01:10:26.024+0000] {logging_mixin.py:190} INFO - [2025-03-06T01:10:26.023+0000] {dagbag.py:588} INFO - Filling up the DagBag from /home/ubuntu/redfin_venv/lib/python3.12/site-packages/airflow/example_dags/example_branch_datetime_operator.py
[2025-03-06T01:10:26.040+0000] {processor.py:925} INFO - DAG(s) 'example_branch_datetime_operator_2', 'example_branch_datetime_operator_3', 'example_branch_datetime_operator' retrieved from /home/ubuntu/redfin_venv/lib/python3.12/site-packages/airflow/example_dags/example_branch_datetime_operator.py
[2025-03-06T01:10:26.068+0000] {logging_mixin.py:190} INFO - [2025-03-06T01:10:26.068+0000] {dag.py:3239} INFO - Sync 3 DAGs
[2025-03-06T01:10:26.098+0000] {logging_mixin.py:190} INFO - [2025-03-06T01:10:26.098+0000] {dag.py:4180} INFO - Setting next_dagrun for example_branch_datetime_operator to 2025-03-05 00:00:00+00:00, run_after=2025-03-06 00:00:00+00:00
[2025-03-06T01:10:26.106+0000] {logging_mixin.py:190} INFO - [2025-03-06T01:10:26.106+0000] {dag.py:4180} INFO - Setting next_dagrun for example_branch_datetime_operator_2 to 2025-03-05 00:00:00+00:00, run_after=2025-03-06 00:00:00+00:00
[2025-03-06T01:10:26.108+0000] {logging_mixin.py:190} INFO - [2025-03-06T01:10:26.108+0000] {dag.py:4180} INFO - Setting next_dagrun for example_branch_datetime_operator_3 to 2025-03-05 00:00:00+00:00, run_after=2025-03-06 00:00:00+00:00
[2025-03-06T01:10:26.131+0000] {processor.py:208} INFO - Processing /home/ubuntu/redfin_venv/lib/python3.12/site-packages/airflow/example_dags/example_branch_datetime_operator.py took 0.119 seconds
[2025-03-06T01:11:27.809+0000] {processor.py:186} INFO - Started process (PID=7034) to work on /home/ubuntu/redfin_venv/lib/python3.12/site-packages/airflow/example_dags/example_branch_datetime_operator.py
[2025-03-06T01:11:27.817+0000] {processor.py:914} INFO - Processing file /home/ubuntu/redfin_venv/lib/python3.12/site-packages/airflow/example_dags/example_branch_datetime_operator.py for tasks to queue
[2025-03-06T01:11:27.819+0000] {logging_mixin.py:190} INFO - [2025-03-06T01:11:27.819+0000] {dagbag.py:588} INFO - Filling up the DagBag from /home/ubuntu/redfin_venv/lib/python3.12/site-packages/airflow/example_dags/example_branch_datetime_operator.py
[2025-03-06T01:11:27.841+0000] {processor.py:925} INFO - DAG(s) 'example_branch_datetime_operator_3', 'example_branch_datetime_operator_2', 'example_branch_datetime_operator' retrieved from /home/ubuntu/redfin_venv/lib/python3.12/site-packages/airflow/example_dags/example_branch_datetime_operator.py
[2025-03-06T01:11:27.874+0000] {logging_mixin.py:190} INFO - [2025-03-06T01:11:27.874+0000] {dag.py:3239} INFO - Sync 3 DAGs
[2025-03-06T01:11:27.915+0000] {logging_mixin.py:190} INFO - [2025-03-06T01:11:27.914+0000] {dag.py:4180} INFO - Setting next_dagrun for example_branch_datetime_operator to 2025-03-05 00:00:00+00:00, run_after=2025-03-06 00:00:00+00:00
[2025-03-06T01:11:27.922+0000] {logging_mixin.py:190} INFO - [2025-03-06T01:11:27.922+0000] {dag.py:4180} INFO - Setting next_dagrun for example_branch_datetime_operator_2 to 2025-03-05 00:00:00+00:00, run_after=2025-03-06 00:00:00+00:00
[2025-03-06T01:11:27.925+0000] {logging_mixin.py:190} INFO - [2025-03-06T01:11:27.924+0000] {dag.py:4180} INFO - Setting next_dagrun for example_branch_datetime_operator_3 to 2025-03-05 00:00:00+00:00, run_after=2025-03-06 00:00:00+00:00
[2025-03-06T01:11:27.959+0000] {processor.py:208} INFO - Processing /home/ubuntu/redfin_venv/lib/python3.12/site-packages/airflow/example_dags/example_branch_datetime_operator.py took 0.167 seconds
[2025-03-06T01:12:32.989+0000] {processor.py:186} INFO - Started process (PID=7155) to work on /home/ubuntu/redfin_venv/lib/python3.12/site-packages/airflow/example_dags/example_branch_datetime_operator.py
[2025-03-06T01:12:32.992+0000] {processor.py:914} INFO - Processing file /home/ubuntu/redfin_venv/lib/python3.12/site-packages/airflow/example_dags/example_branch_datetime_operator.py for tasks to queue
[2025-03-06T01:12:32.997+0000] {logging_mixin.py:190} INFO - [2025-03-06T01:12:32.996+0000] {dagbag.py:588} INFO - Filling up the DagBag from /home/ubuntu/redfin_venv/lib/python3.12/site-packages/airflow/example_dags/example_branch_datetime_operator.py
[2025-03-06T01:12:33.026+0000] {processor.py:925} INFO - DAG(s) 'example_branch_datetime_operator', 'example_branch_datetime_operator_3', 'example_branch_datetime_operator_2' retrieved from /home/ubuntu/redfin_venv/lib/python3.12/site-packages/airflow/example_dags/example_branch_datetime_operator.py
[2025-03-06T01:12:33.074+0000] {logging_mixin.py:190} INFO - [2025-03-06T01:12:33.073+0000] {dag.py:3239} INFO - Sync 3 DAGs
[2025-03-06T01:12:33.116+0000] {logging_mixin.py:190} INFO - [2025-03-06T01:12:33.115+0000] {dag.py:4180} INFO - Setting next_dagrun for example_branch_datetime_operator to 2025-03-05 00:00:00+00:00, run_after=2025-03-06 00:00:00+00:00
[2025-03-06T01:12:33.121+0000] {logging_mixin.py:190} INFO - [2025-03-06T01:12:33.121+0000] {dag.py:4180} INFO - Setting next_dagrun for example_branch_datetime_operator_2 to 2025-03-05 00:00:00+00:00, run_after=2025-03-06 00:00:00+00:00
[2025-03-06T01:12:33.124+0000] {logging_mixin.py:190} INFO - [2025-03-06T01:12:33.124+0000] {dag.py:4180} INFO - Setting next_dagrun for example_branch_datetime_operator_3 to 2025-03-05 00:00:00+00:00, run_after=2025-03-06 00:00:00+00:00
[2025-03-06T01:12:33.156+0000] {processor.py:208} INFO - Processing /home/ubuntu/redfin_venv/lib/python3.12/site-packages/airflow/example_dags/example_branch_datetime_operator.py took 0.177 seconds
[2025-03-06T01:13:34.160+0000] {processor.py:186} INFO - Started process (PID=7336) to work on /home/ubuntu/redfin_venv/lib/python3.12/site-packages/airflow/example_dags/example_branch_datetime_operator.py
[2025-03-06T01:13:34.162+0000] {processor.py:914} INFO - Processing file /home/ubuntu/redfin_venv/lib/python3.12/site-packages/airflow/example_dags/example_branch_datetime_operator.py for tasks to queue
[2025-03-06T01:13:34.164+0000] {logging_mixin.py:190} INFO - [2025-03-06T01:13:34.164+0000] {dagbag.py:588} INFO - Filling up the DagBag from /home/ubuntu/redfin_venv/lib/python3.12/site-packages/airflow/example_dags/example_branch_datetime_operator.py
[2025-03-06T01:13:34.180+0000] {processor.py:925} INFO - DAG(s) 'example_branch_datetime_operator_2', 'example_branch_datetime_operator_3', 'example_branch_datetime_operator' retrieved from /home/ubuntu/redfin_venv/lib/python3.12/site-packages/airflow/example_dags/example_branch_datetime_operator.py
[2025-03-06T01:13:34.210+0000] {logging_mixin.py:190} INFO - [2025-03-06T01:13:34.209+0000] {dag.py:3239} INFO - Sync 3 DAGs
[2025-03-06T01:13:34.244+0000] {logging_mixin.py:190} INFO - [2025-03-06T01:13:34.244+0000] {dag.py:4180} INFO - Setting next_dagrun for example_branch_datetime_operator to 2025-03-05 00:00:00+00:00, run_after=2025-03-06 00:00:00+00:00
[2025-03-06T01:13:34.253+0000] {logging_mixin.py:190} INFO - [2025-03-06T01:13:34.253+0000] {dag.py:4180} INFO - Setting next_dagrun for example_branch_datetime_operator_2 to 2025-03-05 00:00:00+00:00, run_after=2025-03-06 00:00:00+00:00
[2025-03-06T01:13:34.256+0000] {logging_mixin.py:190} INFO - [2025-03-06T01:13:34.256+0000] {dag.py:4180} INFO - Setting next_dagrun for example_branch_datetime_operator_3 to 2025-03-05 00:00:00+00:00, run_after=2025-03-06 00:00:00+00:00
[2025-03-06T01:13:34.287+0000] {processor.py:208} INFO - Processing /home/ubuntu/redfin_venv/lib/python3.12/site-packages/airflow/example_dags/example_branch_datetime_operator.py took 0.139 seconds
[2025-03-06T01:14:36.749+0000] {processor.py:186} INFO - Started process (PID=7456) to work on /home/ubuntu/redfin_venv/lib/python3.12/site-packages/airflow/example_dags/example_branch_datetime_operator.py
[2025-03-06T01:14:36.750+0000] {processor.py:914} INFO - Processing file /home/ubuntu/redfin_venv/lib/python3.12/site-packages/airflow/example_dags/example_branch_datetime_operator.py for tasks to queue
[2025-03-06T01:14:36.752+0000] {logging_mixin.py:190} INFO - [2025-03-06T01:14:36.752+0000] {dagbag.py:588} INFO - Filling up the DagBag from /home/ubuntu/redfin_venv/lib/python3.12/site-packages/airflow/example_dags/example_branch_datetime_operator.py
[2025-03-06T01:14:36.770+0000] {processor.py:925} INFO - DAG(s) 'example_branch_datetime_operator_2', 'example_branch_datetime_operator', 'example_branch_datetime_operator_3' retrieved from /home/ubuntu/redfin_venv/lib/python3.12/site-packages/airflow/example_dags/example_branch_datetime_operator.py
[2025-03-06T01:14:36.805+0000] {logging_mixin.py:190} INFO - [2025-03-06T01:14:36.804+0000] {dag.py:3239} INFO - Sync 3 DAGs
[2025-03-06T01:14:36.831+0000] {logging_mixin.py:190} INFO - [2025-03-06T01:14:36.831+0000] {dag.py:4180} INFO - Setting next_dagrun for example_branch_datetime_operator to 2025-03-05 00:00:00+00:00, run_after=2025-03-06 00:00:00+00:00
[2025-03-06T01:14:36.836+0000] {logging_mixin.py:190} INFO - [2025-03-06T01:14:36.836+0000] {dag.py:4180} INFO - Setting next_dagrun for example_branch_datetime_operator_2 to 2025-03-05 00:00:00+00:00, run_after=2025-03-06 00:00:00+00:00
[2025-03-06T01:14:36.839+0000] {logging_mixin.py:190} INFO - [2025-03-06T01:14:36.838+0000] {dag.py:4180} INFO - Setting next_dagrun for example_branch_datetime_operator_3 to 2025-03-05 00:00:00+00:00, run_after=2025-03-06 00:00:00+00:00
[2025-03-06T01:14:36.869+0000] {processor.py:208} INFO - Processing /home/ubuntu/redfin_venv/lib/python3.12/site-packages/airflow/example_dags/example_branch_datetime_operator.py took 0.133 seconds
[2025-03-06T01:15:37.621+0000] {processor.py:186} INFO - Started process (PID=7758) to work on /home/ubuntu/redfin_venv/lib/python3.12/site-packages/airflow/example_dags/example_branch_datetime_operator.py
[2025-03-06T01:15:37.622+0000] {processor.py:914} INFO - Processing file /home/ubuntu/redfin_venv/lib/python3.12/site-packages/airflow/example_dags/example_branch_datetime_operator.py for tasks to queue
[2025-03-06T01:15:37.624+0000] {logging_mixin.py:190} INFO - [2025-03-06T01:15:37.624+0000] {dagbag.py:588} INFO - Filling up the DagBag from /home/ubuntu/redfin_venv/lib/python3.12/site-packages/airflow/example_dags/example_branch_datetime_operator.py
[2025-03-06T01:15:37.645+0000] {processor.py:925} INFO - DAG(s) 'example_branch_datetime_operator_3', 'example_branch_datetime_operator', 'example_branch_datetime_operator_2' retrieved from /home/ubuntu/redfin_venv/lib/python3.12/site-packages/airflow/example_dags/example_branch_datetime_operator.py
[2025-03-06T01:15:37.686+0000] {logging_mixin.py:190} INFO - [2025-03-06T01:15:37.685+0000] {dag.py:3239} INFO - Sync 3 DAGs
[2025-03-06T01:15:37.734+0000] {logging_mixin.py:190} INFO - [2025-03-06T01:15:37.733+0000] {dag.py:4180} INFO - Setting next_dagrun for example_branch_datetime_operator to 2025-03-05 00:00:00+00:00, run_after=2025-03-06 00:00:00+00:00
[2025-03-06T01:15:37.739+0000] {logging_mixin.py:190} INFO - [2025-03-06T01:15:37.739+0000] {dag.py:4180} INFO - Setting next_dagrun for example_branch_datetime_operator_2 to 2025-03-05 00:00:00+00:00, run_after=2025-03-06 00:00:00+00:00
[2025-03-06T01:15:37.741+0000] {logging_mixin.py:190} INFO - [2025-03-06T01:15:37.741+0000] {dag.py:4180} INFO - Setting next_dagrun for example_branch_datetime_operator_3 to 2025-03-05 00:00:00+00:00, run_after=2025-03-06 00:00:00+00:00
[2025-03-06T01:15:37.785+0000] {processor.py:208} INFO - Processing /home/ubuntu/redfin_venv/lib/python3.12/site-packages/airflow/example_dags/example_branch_datetime_operator.py took 0.171 seconds
[2025-03-06T01:16:40.514+0000] {processor.py:186} INFO - Started process (PID=7878) to work on /home/ubuntu/redfin_venv/lib/python3.12/site-packages/airflow/example_dags/example_branch_datetime_operator.py
[2025-03-06T01:16:40.517+0000] {processor.py:914} INFO - Processing file /home/ubuntu/redfin_venv/lib/python3.12/site-packages/airflow/example_dags/example_branch_datetime_operator.py for tasks to queue
[2025-03-06T01:16:40.520+0000] {logging_mixin.py:190} INFO - [2025-03-06T01:16:40.519+0000] {dagbag.py:588} INFO - Filling up the DagBag from /home/ubuntu/redfin_venv/lib/python3.12/site-packages/airflow/example_dags/example_branch_datetime_operator.py
[2025-03-06T01:16:40.548+0000] {processor.py:925} INFO - DAG(s) 'example_branch_datetime_operator', 'example_branch_datetime_operator_3', 'example_branch_datetime_operator_2' retrieved from /home/ubuntu/redfin_venv/lib/python3.12/site-packages/airflow/example_dags/example_branch_datetime_operator.py
[2025-03-06T01:16:40.577+0000] {logging_mixin.py:190} INFO - [2025-03-06T01:16:40.577+0000] {dag.py:3239} INFO - Sync 3 DAGs
[2025-03-06T01:16:40.608+0000] {logging_mixin.py:190} INFO - [2025-03-06T01:16:40.608+0000] {dag.py:4180} INFO - Setting next_dagrun for example_branch_datetime_operator to 2025-03-05 00:00:00+00:00, run_after=2025-03-06 00:00:00+00:00
[2025-03-06T01:16:40.614+0000] {logging_mixin.py:190} INFO - [2025-03-06T01:16:40.614+0000] {dag.py:4180} INFO - Setting next_dagrun for example_branch_datetime_operator_2 to 2025-03-05 00:00:00+00:00, run_after=2025-03-06 00:00:00+00:00
[2025-03-06T01:16:40.617+0000] {logging_mixin.py:190} INFO - [2025-03-06T01:16:40.616+0000] {dag.py:4180} INFO - Setting next_dagrun for example_branch_datetime_operator_3 to 2025-03-05 00:00:00+00:00, run_after=2025-03-06 00:00:00+00:00
[2025-03-06T01:16:40.651+0000] {processor.py:208} INFO - Processing /home/ubuntu/redfin_venv/lib/python3.12/site-packages/airflow/example_dags/example_branch_datetime_operator.py took 0.148 seconds
[2025-03-06T01:17:41.049+0000] {processor.py:186} INFO - Started process (PID=8220) to work on /home/ubuntu/redfin_venv/lib/python3.12/site-packages/airflow/example_dags/example_branch_datetime_operator.py
[2025-03-06T01:17:41.050+0000] {processor.py:914} INFO - Processing file /home/ubuntu/redfin_venv/lib/python3.12/site-packages/airflow/example_dags/example_branch_datetime_operator.py for tasks to queue
[2025-03-06T01:17:41.052+0000] {logging_mixin.py:190} INFO - [2025-03-06T01:17:41.052+0000] {dagbag.py:588} INFO - Filling up the DagBag from /home/ubuntu/redfin_venv/lib/python3.12/site-packages/airflow/example_dags/example_branch_datetime_operator.py
[2025-03-06T01:17:41.066+0000] {processor.py:925} INFO - DAG(s) 'example_branch_datetime_operator_3', 'example_branch_datetime_operator', 'example_branch_datetime_operator_2' retrieved from /home/ubuntu/redfin_venv/lib/python3.12/site-packages/airflow/example_dags/example_branch_datetime_operator.py
[2025-03-06T01:17:41.088+0000] {logging_mixin.py:190} INFO - [2025-03-06T01:17:41.088+0000] {dag.py:3239} INFO - Sync 3 DAGs
[2025-03-06T01:17:41.111+0000] {logging_mixin.py:190} INFO - [2025-03-06T01:17:41.111+0000] {dag.py:4180} INFO - Setting next_dagrun for example_branch_datetime_operator to 2025-03-05 00:00:00+00:00, run_after=2025-03-06 00:00:00+00:00
[2025-03-06T01:17:41.115+0000] {logging_mixin.py:190} INFO - [2025-03-06T01:17:41.115+0000] {dag.py:4180} INFO - Setting next_dagrun for example_branch_datetime_operator_2 to 2025-03-05 00:00:00+00:00, run_after=2025-03-06 00:00:00+00:00
[2025-03-06T01:17:41.117+0000] {logging_mixin.py:190} INFO - [2025-03-06T01:17:41.117+0000] {dag.py:4180} INFO - Setting next_dagrun for example_branch_datetime_operator_3 to 2025-03-05 00:00:00+00:00, run_after=2025-03-06 00:00:00+00:00
[2025-03-06T01:17:41.138+0000] {processor.py:208} INFO - Processing /home/ubuntu/redfin_venv/lib/python3.12/site-packages/airflow/example_dags/example_branch_datetime_operator.py took 0.096 seconds
[2025-03-06T01:18:40.459+0000] {processor.py:186} INFO - Started process (PID=8459) to work on /home/ubuntu/redfin_venv/lib/python3.12/site-packages/airflow/example_dags/example_branch_datetime_operator.py
[2025-03-06T01:18:40.462+0000] {processor.py:914} INFO - Processing file /home/ubuntu/redfin_venv/lib/python3.12/site-packages/airflow/example_dags/example_branch_datetime_operator.py for tasks to queue
[2025-03-06T01:18:40.465+0000] {logging_mixin.py:190} INFO - [2025-03-06T01:18:40.465+0000] {dagbag.py:588} INFO - Filling up the DagBag from /home/ubuntu/redfin_venv/lib/python3.12/site-packages/airflow/example_dags/example_branch_datetime_operator.py
[2025-03-06T01:18:40.481+0000] {processor.py:925} INFO - DAG(s) 'example_branch_datetime_operator_3', 'example_branch_datetime_operator_2', 'example_branch_datetime_operator' retrieved from /home/ubuntu/redfin_venv/lib/python3.12/site-packages/airflow/example_dags/example_branch_datetime_operator.py
[2025-03-06T01:18:40.525+0000] {logging_mixin.py:190} INFO - [2025-03-06T01:18:40.525+0000] {dag.py:3239} INFO - Sync 3 DAGs
[2025-03-06T01:18:40.562+0000] {logging_mixin.py:190} INFO - [2025-03-06T01:18:40.561+0000] {dag.py:4180} INFO - Setting next_dagrun for example_branch_datetime_operator to 2025-03-05 00:00:00+00:00, run_after=2025-03-06 00:00:00+00:00
[2025-03-06T01:18:40.570+0000] {logging_mixin.py:190} INFO - [2025-03-06T01:18:40.570+0000] {dag.py:4180} INFO - Setting next_dagrun for example_branch_datetime_operator_2 to 2025-03-05 00:00:00+00:00, run_after=2025-03-06 00:00:00+00:00
[2025-03-06T01:18:40.573+0000] {logging_mixin.py:190} INFO - [2025-03-06T01:18:40.573+0000] {dag.py:4180} INFO - Setting next_dagrun for example_branch_datetime_operator_3 to 2025-03-05 00:00:00+00:00, run_after=2025-03-06 00:00:00+00:00
[2025-03-06T01:18:40.605+0000] {processor.py:208} INFO - Processing /home/ubuntu/redfin_venv/lib/python3.12/site-packages/airflow/example_dags/example_branch_datetime_operator.py took 0.153 seconds
[2025-03-06T01:19:48.987+0000] {processor.py:186} INFO - Started process (PID=8580) to work on /home/ubuntu/redfin_venv/lib/python3.12/site-packages/airflow/example_dags/example_branch_datetime_operator.py
[2025-03-06T01:19:48.988+0000] {processor.py:914} INFO - Processing file /home/ubuntu/redfin_venv/lib/python3.12/site-packages/airflow/example_dags/example_branch_datetime_operator.py for tasks to queue
[2025-03-06T01:19:48.992+0000] {logging_mixin.py:190} INFO - [2025-03-06T01:19:48.991+0000] {dagbag.py:588} INFO - Filling up the DagBag from /home/ubuntu/redfin_venv/lib/python3.12/site-packages/airflow/example_dags/example_branch_datetime_operator.py
[2025-03-06T01:19:49.013+0000] {processor.py:925} INFO - DAG(s) 'example_branch_datetime_operator_2', 'example_branch_datetime_operator', 'example_branch_datetime_operator_3' retrieved from /home/ubuntu/redfin_venv/lib/python3.12/site-packages/airflow/example_dags/example_branch_datetime_operator.py
[2025-03-06T01:19:49.052+0000] {logging_mixin.py:190} INFO - [2025-03-06T01:19:49.051+0000] {dag.py:3239} INFO - Sync 3 DAGs
[2025-03-06T01:19:49.083+0000] {logging_mixin.py:190} INFO - [2025-03-06T01:19:49.082+0000] {dag.py:4180} INFO - Setting next_dagrun for example_branch_datetime_operator to 2025-03-05 00:00:00+00:00, run_after=2025-03-06 00:00:00+00:00
[2025-03-06T01:19:49.088+0000] {logging_mixin.py:190} INFO - [2025-03-06T01:19:49.087+0000] {dag.py:4180} INFO - Setting next_dagrun for example_branch_datetime_operator_2 to 2025-03-05 00:00:00+00:00, run_after=2025-03-06 00:00:00+00:00
[2025-03-06T01:19:49.090+0000] {logging_mixin.py:190} INFO - [2025-03-06T01:19:49.090+0000] {dag.py:4180} INFO - Setting next_dagrun for example_branch_datetime_operator_3 to 2025-03-05 00:00:00+00:00, run_after=2025-03-06 00:00:00+00:00
[2025-03-06T01:19:49.115+0000] {processor.py:208} INFO - Processing /home/ubuntu/redfin_venv/lib/python3.12/site-packages/airflow/example_dags/example_branch_datetime_operator.py took 0.141 seconds
