[2025-03-06T00:58:52.874+0000] {processor.py:186} INFO - Started process (PID=3707) to work on /home/ubuntu/redfin_venv/lib/python3.12/site-packages/airflow/example_dags/example_params_trigger_ui.py
[2025-03-06T00:58:52.875+0000] {processor.py:914} INFO - Processing file /home/ubuntu/redfin_venv/lib/python3.12/site-packages/airflow/example_dags/example_params_trigger_ui.py for tasks to queue
[2025-03-06T00:58:52.878+0000] {logging_mixin.py:190} INFO - [2025-03-06T00:58:52.878+0000] {dagbag.py:588} INFO - Filling up the DagBag from /home/ubuntu/redfin_venv/lib/python3.12/site-packages/airflow/example_dags/example_params_trigger_ui.py
[2025-03-06T00:58:52.898+0000] {processor.py:925} INFO - DAG(s) 'example_params_trigger_ui' retrieved from /home/ubuntu/redfin_venv/lib/python3.12/site-packages/airflow/example_dags/example_params_trigger_ui.py
[2025-03-06T00:58:52.971+0000] {logging_mixin.py:190} INFO - [2025-03-06T00:58:52.970+0000] {dag.py:3239} INFO - Sync 1 DAGs
[2025-03-06T00:58:52.997+0000] {logging_mixin.py:190} INFO - [2025-03-06T00:58:52.997+0000] {dag.py:4180} INFO - Setting next_dagrun for example_params_trigger_ui to None, run_after=None
[2025-03-06T00:58:53.040+0000] {processor.py:208} INFO - Processing /home/ubuntu/redfin_venv/lib/python3.12/site-packages/airflow/example_dags/example_params_trigger_ui.py took 0.175 seconds
[2025-03-06T00:59:51.262+0000] {processor.py:186} INFO - Started process (PID=4070) to work on /home/ubuntu/redfin_venv/lib/python3.12/site-packages/airflow/example_dags/example_params_trigger_ui.py
[2025-03-06T00:59:51.264+0000] {processor.py:914} INFO - Processing file /home/ubuntu/redfin_venv/lib/python3.12/site-packages/airflow/example_dags/example_params_trigger_ui.py for tasks to queue
[2025-03-06T00:59:51.266+0000] {logging_mixin.py:190} INFO - [2025-03-06T00:59:51.266+0000] {dagbag.py:588} INFO - Filling up the DagBag from /home/ubuntu/redfin_venv/lib/python3.12/site-packages/airflow/example_dags/example_params_trigger_ui.py
[2025-03-06T00:59:51.283+0000] {processor.py:925} INFO - DAG(s) 'example_params_trigger_ui' retrieved from /home/ubuntu/redfin_venv/lib/python3.12/site-packages/airflow/example_dags/example_params_trigger_ui.py
[2025-03-06T00:59:51.349+0000] {logging_mixin.py:190} INFO - [2025-03-06T00:59:51.349+0000] {dag.py:3239} INFO - Sync 1 DAGs
[2025-03-06T00:59:51.363+0000] {logging_mixin.py:190} INFO - [2025-03-06T00:59:51.363+0000] {dag.py:4180} INFO - Setting next_dagrun for example_params_trigger_ui to None, run_after=None
[2025-03-06T00:59:51.389+0000] {processor.py:208} INFO - Processing /home/ubuntu/redfin_venv/lib/python3.12/site-packages/airflow/example_dags/example_params_trigger_ui.py took 0.135 seconds
[2025-03-06T01:00:51.301+0000] {processor.py:186} INFO - Started process (PID=4670) to work on /home/ubuntu/redfin_venv/lib/python3.12/site-packages/airflow/example_dags/example_params_trigger_ui.py
[2025-03-06T01:00:51.303+0000] {processor.py:914} INFO - Processing file /home/ubuntu/redfin_venv/lib/python3.12/site-packages/airflow/example_dags/example_params_trigger_ui.py for tasks to queue
[2025-03-06T01:00:51.305+0000] {logging_mixin.py:190} INFO - [2025-03-06T01:00:51.304+0000] {dagbag.py:588} INFO - Filling up the DagBag from /home/ubuntu/redfin_venv/lib/python3.12/site-packages/airflow/example_dags/example_params_trigger_ui.py
[2025-03-06T01:00:51.318+0000] {processor.py:925} INFO - DAG(s) 'example_params_trigger_ui' retrieved from /home/ubuntu/redfin_venv/lib/python3.12/site-packages/airflow/example_dags/example_params_trigger_ui.py
[2025-03-06T01:00:51.359+0000] {logging_mixin.py:190} INFO - [2025-03-06T01:00:51.358+0000] {dag.py:3239} INFO - Sync 1 DAGs
[2025-03-06T01:00:51.373+0000] {logging_mixin.py:190} INFO - [2025-03-06T01:00:51.372+0000] {dag.py:4180} INFO - Setting next_dagrun for example_params_trigger_ui to None, run_after=None
[2025-03-06T01:00:51.396+0000] {processor.py:208} INFO - Processing /home/ubuntu/redfin_venv/lib/python3.12/site-packages/airflow/example_dags/example_params_trigger_ui.py took 0.116 seconds
[2025-03-06T01:01:55.074+0000] {processor.py:186} INFO - Started process (PID=4915) to work on /home/ubuntu/redfin_venv/lib/python3.12/site-packages/airflow/example_dags/example_params_trigger_ui.py
[2025-03-06T01:01:55.075+0000] {processor.py:914} INFO - Processing file /home/ubuntu/redfin_venv/lib/python3.12/site-packages/airflow/example_dags/example_params_trigger_ui.py for tasks to queue
[2025-03-06T01:01:55.079+0000] {logging_mixin.py:190} INFO - [2025-03-06T01:01:55.078+0000] {dagbag.py:588} INFO - Filling up the DagBag from /home/ubuntu/redfin_venv/lib/python3.12/site-packages/airflow/example_dags/example_params_trigger_ui.py
[2025-03-06T01:01:55.095+0000] {processor.py:925} INFO - DAG(s) 'example_params_trigger_ui' retrieved from /home/ubuntu/redfin_venv/lib/python3.12/site-packages/airflow/example_dags/example_params_trigger_ui.py
[2025-03-06T01:01:55.146+0000] {logging_mixin.py:190} INFO - [2025-03-06T01:01:55.145+0000] {dag.py:3239} INFO - Sync 1 DAGs
[2025-03-06T01:01:55.165+0000] {logging_mixin.py:190} INFO - [2025-03-06T01:01:55.164+0000] {dag.py:4180} INFO - Setting next_dagrun for example_params_trigger_ui to None, run_after=None
[2025-03-06T01:01:55.201+0000] {processor.py:208} INFO - Processing /home/ubuntu/redfin_venv/lib/python3.12/site-packages/airflow/example_dags/example_params_trigger_ui.py took 0.136 seconds
[2025-03-06T01:02:55.396+0000] {processor.py:186} INFO - Started process (PID=5214) to work on /home/ubuntu/redfin_venv/lib/python3.12/site-packages/airflow/example_dags/example_params_trigger_ui.py
[2025-03-06T01:02:55.397+0000] {processor.py:914} INFO - Processing file /home/ubuntu/redfin_venv/lib/python3.12/site-packages/airflow/example_dags/example_params_trigger_ui.py for tasks to queue
[2025-03-06T01:02:55.400+0000] {logging_mixin.py:190} INFO - [2025-03-06T01:02:55.400+0000] {dagbag.py:588} INFO - Filling up the DagBag from /home/ubuntu/redfin_venv/lib/python3.12/site-packages/airflow/example_dags/example_params_trigger_ui.py
[2025-03-06T01:02:55.432+0000] {processor.py:925} INFO - DAG(s) 'example_params_trigger_ui' retrieved from /home/ubuntu/redfin_venv/lib/python3.12/site-packages/airflow/example_dags/example_params_trigger_ui.py
[2025-03-06T01:02:55.473+0000] {logging_mixin.py:190} INFO - [2025-03-06T01:02:55.472+0000] {dag.py:3239} INFO - Sync 1 DAGs
[2025-03-06T01:02:55.486+0000] {logging_mixin.py:190} INFO - [2025-03-06T01:02:55.486+0000] {dag.py:4180} INFO - Setting next_dagrun for example_params_trigger_ui to None, run_after=None
[2025-03-06T01:02:55.512+0000] {processor.py:208} INFO - Processing /home/ubuntu/redfin_venv/lib/python3.12/site-packages/airflow/example_dags/example_params_trigger_ui.py took 0.134 seconds
[2025-03-06T01:03:53.902+0000] {processor.py:186} INFO - Started process (PID=5393) to work on /home/ubuntu/redfin_venv/lib/python3.12/site-packages/airflow/example_dags/example_params_trigger_ui.py
[2025-03-06T01:03:53.905+0000] {processor.py:914} INFO - Processing file /home/ubuntu/redfin_venv/lib/python3.12/site-packages/airflow/example_dags/example_params_trigger_ui.py for tasks to queue
[2025-03-06T01:03:53.908+0000] {logging_mixin.py:190} INFO - [2025-03-06T01:03:53.908+0000] {dagbag.py:588} INFO - Filling up the DagBag from /home/ubuntu/redfin_venv/lib/python3.12/site-packages/airflow/example_dags/example_params_trigger_ui.py
[2025-03-06T01:03:53.927+0000] {processor.py:925} INFO - DAG(s) 'example_params_trigger_ui' retrieved from /home/ubuntu/redfin_venv/lib/python3.12/site-packages/airflow/example_dags/example_params_trigger_ui.py
[2025-03-06T01:03:53.996+0000] {logging_mixin.py:190} INFO - [2025-03-06T01:03:53.996+0000] {dag.py:3239} INFO - Sync 1 DAGs
[2025-03-06T01:03:54.025+0000] {logging_mixin.py:190} INFO - [2025-03-06T01:03:54.025+0000] {dag.py:4180} INFO - Setting next_dagrun for example_params_trigger_ui to None, run_after=None
[2025-03-06T01:03:54.075+0000] {processor.py:208} INFO - Processing /home/ubuntu/redfin_venv/lib/python3.12/site-packages/airflow/example_dags/example_params_trigger_ui.py took 0.182 seconds
[2025-03-06T01:04:58.570+0000] {processor.py:186} INFO - Started process (PID=5514) to work on /home/ubuntu/redfin_venv/lib/python3.12/site-packages/airflow/example_dags/example_params_trigger_ui.py
[2025-03-06T01:04:58.571+0000] {processor.py:914} INFO - Processing file /home/ubuntu/redfin_venv/lib/python3.12/site-packages/airflow/example_dags/example_params_trigger_ui.py for tasks to queue
[2025-03-06T01:04:58.574+0000] {logging_mixin.py:190} INFO - [2025-03-06T01:04:58.573+0000] {dagbag.py:588} INFO - Filling up the DagBag from /home/ubuntu/redfin_venv/lib/python3.12/site-packages/airflow/example_dags/example_params_trigger_ui.py
[2025-03-06T01:04:58.593+0000] {processor.py:925} INFO - DAG(s) 'example_params_trigger_ui' retrieved from /home/ubuntu/redfin_venv/lib/python3.12/site-packages/airflow/example_dags/example_params_trigger_ui.py
[2025-03-06T01:04:58.647+0000] {logging_mixin.py:190} INFO - [2025-03-06T01:04:58.647+0000] {dag.py:3239} INFO - Sync 1 DAGs
[2025-03-06T01:04:58.666+0000] {logging_mixin.py:190} INFO - [2025-03-06T01:04:58.665+0000] {dag.py:4180} INFO - Setting next_dagrun for example_params_trigger_ui to None, run_after=None
[2025-03-06T01:04:58.698+0000] {processor.py:208} INFO - Processing /home/ubuntu/redfin_venv/lib/python3.12/site-packages/airflow/example_dags/example_params_trigger_ui.py took 0.137 seconds
[2025-03-06T01:06:03.308+0000] {processor.py:186} INFO - Started process (PID=5638) to work on /home/ubuntu/redfin_venv/lib/python3.12/site-packages/airflow/example_dags/example_params_trigger_ui.py
[2025-03-06T01:06:03.310+0000] {processor.py:914} INFO - Processing file /home/ubuntu/redfin_venv/lib/python3.12/site-packages/airflow/example_dags/example_params_trigger_ui.py for tasks to queue
[2025-03-06T01:06:03.313+0000] {logging_mixin.py:190} INFO - [2025-03-06T01:06:03.313+0000] {dagbag.py:588} INFO - Filling up the DagBag from /home/ubuntu/redfin_venv/lib/python3.12/site-packages/airflow/example_dags/example_params_trigger_ui.py
[2025-03-06T01:06:03.328+0000] {processor.py:925} INFO - DAG(s) 'example_params_trigger_ui' retrieved from /home/ubuntu/redfin_venv/lib/python3.12/site-packages/airflow/example_dags/example_params_trigger_ui.py
[2025-03-06T01:06:03.396+0000] {logging_mixin.py:190} INFO - [2025-03-06T01:06:03.395+0000] {dag.py:3239} INFO - Sync 1 DAGs
[2025-03-06T01:06:03.424+0000] {logging_mixin.py:190} INFO - [2025-03-06T01:06:03.423+0000] {dag.py:4180} INFO - Setting next_dagrun for example_params_trigger_ui to None, run_after=None
[2025-03-06T01:06:03.462+0000] {processor.py:208} INFO - Processing /home/ubuntu/redfin_venv/lib/python3.12/site-packages/airflow/example_dags/example_params_trigger_ui.py took 0.161 seconds
[2025-03-06T01:07:08.051+0000] {processor.py:186} INFO - Started process (PID=6061) to work on /home/ubuntu/redfin_venv/lib/python3.12/site-packages/airflow/example_dags/example_params_trigger_ui.py
[2025-03-06T01:07:08.053+0000] {processor.py:914} INFO - Processing file /home/ubuntu/redfin_venv/lib/python3.12/site-packages/airflow/example_dags/example_params_trigger_ui.py for tasks to queue
[2025-03-06T01:07:08.055+0000] {logging_mixin.py:190} INFO - [2025-03-06T01:07:08.055+0000] {dagbag.py:588} INFO - Filling up the DagBag from /home/ubuntu/redfin_venv/lib/python3.12/site-packages/airflow/example_dags/example_params_trigger_ui.py
[2025-03-06T01:07:08.069+0000] {processor.py:925} INFO - DAG(s) 'example_params_trigger_ui' retrieved from /home/ubuntu/redfin_venv/lib/python3.12/site-packages/airflow/example_dags/example_params_trigger_ui.py
[2025-03-06T01:07:08.118+0000] {logging_mixin.py:190} INFO - [2025-03-06T01:07:08.118+0000] {dag.py:3239} INFO - Sync 1 DAGs
[2025-03-06T01:07:08.135+0000] {logging_mixin.py:190} INFO - [2025-03-06T01:07:08.134+0000] {dag.py:4180} INFO - Setting next_dagrun for example_params_trigger_ui to None, run_after=None
[2025-03-06T01:07:08.162+0000] {processor.py:208} INFO - Processing /home/ubuntu/redfin_venv/lib/python3.12/site-packages/airflow/example_dags/example_params_trigger_ui.py took 0.118 seconds
[2025-03-06T01:08:10.159+0000] {processor.py:186} INFO - Started process (PID=6385) to work on /home/ubuntu/redfin_venv/lib/python3.12/site-packages/airflow/example_dags/example_params_trigger_ui.py
[2025-03-06T01:08:10.160+0000] {processor.py:914} INFO - Processing file /home/ubuntu/redfin_venv/lib/python3.12/site-packages/airflow/example_dags/example_params_trigger_ui.py for tasks to queue
[2025-03-06T01:08:10.163+0000] {logging_mixin.py:190} INFO - [2025-03-06T01:08:10.162+0000] {dagbag.py:588} INFO - Filling up the DagBag from /home/ubuntu/redfin_venv/lib/python3.12/site-packages/airflow/example_dags/example_params_trigger_ui.py
[2025-03-06T01:08:10.177+0000] {processor.py:925} INFO - DAG(s) 'example_params_trigger_ui' retrieved from /home/ubuntu/redfin_venv/lib/python3.12/site-packages/airflow/example_dags/example_params_trigger_ui.py
[2025-03-06T01:08:10.217+0000] {logging_mixin.py:190} INFO - [2025-03-06T01:08:10.217+0000] {dag.py:3239} INFO - Sync 1 DAGs
[2025-03-06T01:08:10.230+0000] {logging_mixin.py:190} INFO - [2025-03-06T01:08:10.230+0000] {dag.py:4180} INFO - Setting next_dagrun for example_params_trigger_ui to None, run_after=None
[2025-03-06T01:08:10.255+0000] {processor.py:208} INFO - Processing /home/ubuntu/redfin_venv/lib/python3.12/site-packages/airflow/example_dags/example_params_trigger_ui.py took 0.104 seconds
[2025-03-06T01:09:09.971+0000] {processor.py:186} INFO - Started process (PID=6719) to work on /home/ubuntu/redfin_venv/lib/python3.12/site-packages/airflow/example_dags/example_params_trigger_ui.py
[2025-03-06T01:09:09.972+0000] {processor.py:914} INFO - Processing file /home/ubuntu/redfin_venv/lib/python3.12/site-packages/airflow/example_dags/example_params_trigger_ui.py for tasks to queue
[2025-03-06T01:09:09.975+0000] {logging_mixin.py:190} INFO - [2025-03-06T01:09:09.974+0000] {dagbag.py:588} INFO - Filling up the DagBag from /home/ubuntu/redfin_venv/lib/python3.12/site-packages/airflow/example_dags/example_params_trigger_ui.py
[2025-03-06T01:09:09.988+0000] {processor.py:925} INFO - DAG(s) 'example_params_trigger_ui' retrieved from /home/ubuntu/redfin_venv/lib/python3.12/site-packages/airflow/example_dags/example_params_trigger_ui.py
[2025-03-06T01:09:10.035+0000] {logging_mixin.py:190} INFO - [2025-03-06T01:09:10.035+0000] {dag.py:3239} INFO - Sync 1 DAGs
[2025-03-06T01:09:10.061+0000] {logging_mixin.py:190} INFO - [2025-03-06T01:09:10.061+0000] {dag.py:4180} INFO - Setting next_dagrun for example_params_trigger_ui to None, run_after=None
[2025-03-06T01:09:10.092+0000] {processor.py:208} INFO - Processing /home/ubuntu/redfin_venv/lib/python3.12/site-packages/airflow/example_dags/example_params_trigger_ui.py took 0.129 seconds
[2025-03-06T01:10:13.665+0000] {processor.py:186} INFO - Started process (PID=6843) to work on /home/ubuntu/redfin_venv/lib/python3.12/site-packages/airflow/example_dags/example_params_trigger_ui.py
[2025-03-06T01:10:13.668+0000] {processor.py:914} INFO - Processing file /home/ubuntu/redfin_venv/lib/python3.12/site-packages/airflow/example_dags/example_params_trigger_ui.py for tasks to queue
[2025-03-06T01:10:13.672+0000] {logging_mixin.py:190} INFO - [2025-03-06T01:10:13.672+0000] {dagbag.py:588} INFO - Filling up the DagBag from /home/ubuntu/redfin_venv/lib/python3.12/site-packages/airflow/example_dags/example_params_trigger_ui.py
[2025-03-06T01:10:13.696+0000] {processor.py:925} INFO - DAG(s) 'example_params_trigger_ui' retrieved from /home/ubuntu/redfin_venv/lib/python3.12/site-packages/airflow/example_dags/example_params_trigger_ui.py
[2025-03-06T01:10:13.751+0000] {logging_mixin.py:190} INFO - [2025-03-06T01:10:13.751+0000] {dag.py:3239} INFO - Sync 1 DAGs
[2025-03-06T01:10:13.766+0000] {logging_mixin.py:190} INFO - [2025-03-06T01:10:13.765+0000] {dag.py:4180} INFO - Setting next_dagrun for example_params_trigger_ui to None, run_after=None
[2025-03-06T01:10:13.796+0000] {processor.py:208} INFO - Processing /home/ubuntu/redfin_venv/lib/python3.12/site-packages/airflow/example_dags/example_params_trigger_ui.py took 0.146 seconds
[2025-03-06T01:11:14.899+0000] {processor.py:186} INFO - Started process (PID=6962) to work on /home/ubuntu/redfin_venv/lib/python3.12/site-packages/airflow/example_dags/example_params_trigger_ui.py
[2025-03-06T01:11:14.901+0000] {processor.py:914} INFO - Processing file /home/ubuntu/redfin_venv/lib/python3.12/site-packages/airflow/example_dags/example_params_trigger_ui.py for tasks to queue
[2025-03-06T01:11:14.904+0000] {logging_mixin.py:190} INFO - [2025-03-06T01:11:14.904+0000] {dagbag.py:588} INFO - Filling up the DagBag from /home/ubuntu/redfin_venv/lib/python3.12/site-packages/airflow/example_dags/example_params_trigger_ui.py
[2025-03-06T01:11:14.924+0000] {processor.py:925} INFO - DAG(s) 'example_params_trigger_ui' retrieved from /home/ubuntu/redfin_venv/lib/python3.12/site-packages/airflow/example_dags/example_params_trigger_ui.py
[2025-03-06T01:11:14.982+0000] {logging_mixin.py:190} INFO - [2025-03-06T01:11:14.982+0000] {dag.py:3239} INFO - Sync 1 DAGs
[2025-03-06T01:11:14.995+0000] {logging_mixin.py:190} INFO - [2025-03-06T01:11:14.995+0000] {dag.py:4180} INFO - Setting next_dagrun for example_params_trigger_ui to None, run_after=None
[2025-03-06T01:11:15.020+0000] {processor.py:208} INFO - Processing /home/ubuntu/redfin_venv/lib/python3.12/site-packages/airflow/example_dags/example_params_trigger_ui.py took 0.127 seconds
[2025-03-06T01:12:19.895+0000] {processor.py:186} INFO - Started process (PID=7142) to work on /home/ubuntu/redfin_venv/lib/python3.12/site-packages/airflow/example_dags/example_params_trigger_ui.py
[2025-03-06T01:12:19.897+0000] {processor.py:914} INFO - Processing file /home/ubuntu/redfin_venv/lib/python3.12/site-packages/airflow/example_dags/example_params_trigger_ui.py for tasks to queue
[2025-03-06T01:12:19.900+0000] {logging_mixin.py:190} INFO - [2025-03-06T01:12:19.900+0000] {dagbag.py:588} INFO - Filling up the DagBag from /home/ubuntu/redfin_venv/lib/python3.12/site-packages/airflow/example_dags/example_params_trigger_ui.py
[2025-03-06T01:12:19.916+0000] {processor.py:925} INFO - DAG(s) 'example_params_trigger_ui' retrieved from /home/ubuntu/redfin_venv/lib/python3.12/site-packages/airflow/example_dags/example_params_trigger_ui.py
[2025-03-06T01:12:19.959+0000] {logging_mixin.py:190} INFO - [2025-03-06T01:12:19.959+0000] {dag.py:3239} INFO - Sync 1 DAGs
[2025-03-06T01:12:19.973+0000] {logging_mixin.py:190} INFO - [2025-03-06T01:12:19.973+0000] {dag.py:4180} INFO - Setting next_dagrun for example_params_trigger_ui to None, run_after=None
[2025-03-06T01:12:20.009+0000] {processor.py:208} INFO - Processing /home/ubuntu/redfin_venv/lib/python3.12/site-packages/airflow/example_dags/example_params_trigger_ui.py took 0.121 seconds
[2025-03-06T01:13:21.358+0000] {processor.py:186} INFO - Started process (PID=7324) to work on /home/ubuntu/redfin_venv/lib/python3.12/site-packages/airflow/example_dags/example_params_trigger_ui.py
[2025-03-06T01:13:21.361+0000] {processor.py:914} INFO - Processing file /home/ubuntu/redfin_venv/lib/python3.12/site-packages/airflow/example_dags/example_params_trigger_ui.py for tasks to queue
[2025-03-06T01:13:21.365+0000] {logging_mixin.py:190} INFO - [2025-03-06T01:13:21.364+0000] {dagbag.py:588} INFO - Filling up the DagBag from /home/ubuntu/redfin_venv/lib/python3.12/site-packages/airflow/example_dags/example_params_trigger_ui.py
[2025-03-06T01:13:21.384+0000] {processor.py:925} INFO - DAG(s) 'example_params_trigger_ui' retrieved from /home/ubuntu/redfin_venv/lib/python3.12/site-packages/airflow/example_dags/example_params_trigger_ui.py
[2025-03-06T01:13:21.438+0000] {logging_mixin.py:190} INFO - [2025-03-06T01:13:21.438+0000] {dag.py:3239} INFO - Sync 1 DAGs
[2025-03-06T01:13:21.458+0000] {logging_mixin.py:190} INFO - [2025-03-06T01:13:21.458+0000] {dag.py:4180} INFO - Setting next_dagrun for example_params_trigger_ui to None, run_after=None
[2025-03-06T01:13:21.490+0000] {processor.py:208} INFO - Processing /home/ubuntu/redfin_venv/lib/python3.12/site-packages/airflow/example_dags/example_params_trigger_ui.py took 0.140 seconds
[2025-03-06T01:14:25.016+0000] {processor.py:186} INFO - Started process (PID=7444) to work on /home/ubuntu/redfin_venv/lib/python3.12/site-packages/airflow/example_dags/example_params_trigger_ui.py
[2025-03-06T01:14:25.019+0000] {processor.py:914} INFO - Processing file /home/ubuntu/redfin_venv/lib/python3.12/site-packages/airflow/example_dags/example_params_trigger_ui.py for tasks to queue
[2025-03-06T01:14:25.022+0000] {logging_mixin.py:190} INFO - [2025-03-06T01:14:25.021+0000] {dagbag.py:588} INFO - Filling up the DagBag from /home/ubuntu/redfin_venv/lib/python3.12/site-packages/airflow/example_dags/example_params_trigger_ui.py
[2025-03-06T01:14:25.035+0000] {processor.py:925} INFO - DAG(s) 'example_params_trigger_ui' retrieved from /home/ubuntu/redfin_venv/lib/python3.12/site-packages/airflow/example_dags/example_params_trigger_ui.py
[2025-03-06T01:14:25.074+0000] {logging_mixin.py:190} INFO - [2025-03-06T01:14:25.074+0000] {dag.py:3239} INFO - Sync 1 DAGs
[2025-03-06T01:14:25.087+0000] {logging_mixin.py:190} INFO - [2025-03-06T01:14:25.087+0000] {dag.py:4180} INFO - Setting next_dagrun for example_params_trigger_ui to None, run_after=None
[2025-03-06T01:14:25.112+0000] {processor.py:208} INFO - Processing /home/ubuntu/redfin_venv/lib/python3.12/site-packages/airflow/example_dags/example_params_trigger_ui.py took 0.105 seconds
[2025-03-06T01:15:24.631+0000] {processor.py:186} INFO - Started process (PID=7746) to work on /home/ubuntu/redfin_venv/lib/python3.12/site-packages/airflow/example_dags/example_params_trigger_ui.py
[2025-03-06T01:15:24.632+0000] {processor.py:914} INFO - Processing file /home/ubuntu/redfin_venv/lib/python3.12/site-packages/airflow/example_dags/example_params_trigger_ui.py for tasks to queue
[2025-03-06T01:15:24.635+0000] {logging_mixin.py:190} INFO - [2025-03-06T01:15:24.634+0000] {dagbag.py:588} INFO - Filling up the DagBag from /home/ubuntu/redfin_venv/lib/python3.12/site-packages/airflow/example_dags/example_params_trigger_ui.py
[2025-03-06T01:15:24.649+0000] {processor.py:925} INFO - DAG(s) 'example_params_trigger_ui' retrieved from /home/ubuntu/redfin_venv/lib/python3.12/site-packages/airflow/example_dags/example_params_trigger_ui.py
[2025-03-06T01:15:24.689+0000] {logging_mixin.py:190} INFO - [2025-03-06T01:15:24.689+0000] {dag.py:3239} INFO - Sync 1 DAGs
[2025-03-06T01:15:24.703+0000] {logging_mixin.py:190} INFO - [2025-03-06T01:15:24.702+0000] {dag.py:4180} INFO - Setting next_dagrun for example_params_trigger_ui to None, run_after=None
[2025-03-06T01:15:24.727+0000] {processor.py:208} INFO - Processing /home/ubuntu/redfin_venv/lib/python3.12/site-packages/airflow/example_dags/example_params_trigger_ui.py took 0.107 seconds
[2025-03-06T01:16:26.422+0000] {processor.py:186} INFO - Started process (PID=7866) to work on /home/ubuntu/redfin_venv/lib/python3.12/site-packages/airflow/example_dags/example_params_trigger_ui.py
[2025-03-06T01:16:26.424+0000] {processor.py:914} INFO - Processing file /home/ubuntu/redfin_venv/lib/python3.12/site-packages/airflow/example_dags/example_params_trigger_ui.py for tasks to queue
[2025-03-06T01:16:26.426+0000] {logging_mixin.py:190} INFO - [2025-03-06T01:16:26.425+0000] {dagbag.py:588} INFO - Filling up the DagBag from /home/ubuntu/redfin_venv/lib/python3.12/site-packages/airflow/example_dags/example_params_trigger_ui.py
[2025-03-06T01:16:26.438+0000] {processor.py:925} INFO - DAG(s) 'example_params_trigger_ui' retrieved from /home/ubuntu/redfin_venv/lib/python3.12/site-packages/airflow/example_dags/example_params_trigger_ui.py
[2025-03-06T01:16:26.476+0000] {logging_mixin.py:190} INFO - [2025-03-06T01:16:26.475+0000] {dag.py:3239} INFO - Sync 1 DAGs
[2025-03-06T01:16:26.489+0000] {logging_mixin.py:190} INFO - [2025-03-06T01:16:26.489+0000] {dag.py:4180} INFO - Setting next_dagrun for example_params_trigger_ui to None, run_after=None
[2025-03-06T01:16:26.514+0000] {processor.py:208} INFO - Processing /home/ubuntu/redfin_venv/lib/python3.12/site-packages/airflow/example_dags/example_params_trigger_ui.py took 0.098 seconds
[2025-03-06T01:17:28.962+0000] {processor.py:186} INFO - Started process (PID=8088) to work on /home/ubuntu/redfin_venv/lib/python3.12/site-packages/airflow/example_dags/example_params_trigger_ui.py
[2025-03-06T01:17:28.965+0000] {processor.py:914} INFO - Processing file /home/ubuntu/redfin_venv/lib/python3.12/site-packages/airflow/example_dags/example_params_trigger_ui.py for tasks to queue
[2025-03-06T01:17:28.971+0000] {logging_mixin.py:190} INFO - [2025-03-06T01:17:28.970+0000] {dagbag.py:588} INFO - Filling up the DagBag from /home/ubuntu/redfin_venv/lib/python3.12/site-packages/airflow/example_dags/example_params_trigger_ui.py
[2025-03-06T01:17:28.986+0000] {processor.py:925} INFO - DAG(s) 'example_params_trigger_ui' retrieved from /home/ubuntu/redfin_venv/lib/python3.12/site-packages/airflow/example_dags/example_params_trigger_ui.py
[2025-03-06T01:17:29.032+0000] {logging_mixin.py:190} INFO - [2025-03-06T01:17:29.032+0000] {dag.py:3239} INFO - Sync 1 DAGs
[2025-03-06T01:17:29.046+0000] {logging_mixin.py:190} INFO - [2025-03-06T01:17:29.046+0000] {dag.py:4180} INFO - Setting next_dagrun for example_params_trigger_ui to None, run_after=None
[2025-03-06T01:17:29.070+0000] {processor.py:208} INFO - Processing /home/ubuntu/redfin_venv/lib/python3.12/site-packages/airflow/example_dags/example_params_trigger_ui.py took 0.124 seconds
[2025-03-06T01:18:27.040+0000] {processor.py:186} INFO - Started process (PID=8387) to work on /home/ubuntu/redfin_venv/lib/python3.12/site-packages/airflow/example_dags/example_params_trigger_ui.py
[2025-03-06T01:18:27.042+0000] {processor.py:914} INFO - Processing file /home/ubuntu/redfin_venv/lib/python3.12/site-packages/airflow/example_dags/example_params_trigger_ui.py for tasks to queue
[2025-03-06T01:18:27.046+0000] {logging_mixin.py:190} INFO - [2025-03-06T01:18:27.045+0000] {dagbag.py:588} INFO - Filling up the DagBag from /home/ubuntu/redfin_venv/lib/python3.12/site-packages/airflow/example_dags/example_params_trigger_ui.py
[2025-03-06T01:18:27.062+0000] {processor.py:925} INFO - DAG(s) 'example_params_trigger_ui' retrieved from /home/ubuntu/redfin_venv/lib/python3.12/site-packages/airflow/example_dags/example_params_trigger_ui.py
[2025-03-06T01:18:27.124+0000] {logging_mixin.py:190} INFO - [2025-03-06T01:18:27.124+0000] {dag.py:3239} INFO - Sync 1 DAGs
[2025-03-06T01:18:27.138+0000] {logging_mixin.py:190} INFO - [2025-03-06T01:18:27.138+0000] {dag.py:4180} INFO - Setting next_dagrun for example_params_trigger_ui to None, run_after=None
[2025-03-06T01:18:27.164+0000] {processor.py:208} INFO - Processing /home/ubuntu/redfin_venv/lib/python3.12/site-packages/airflow/example_dags/example_params_trigger_ui.py took 0.141 seconds
[2025-03-06T01:19:35.433+0000] {processor.py:186} INFO - Started process (PID=8568) to work on /home/ubuntu/redfin_venv/lib/python3.12/site-packages/airflow/example_dags/example_params_trigger_ui.py
[2025-03-06T01:19:35.434+0000] {processor.py:914} INFO - Processing file /home/ubuntu/redfin_venv/lib/python3.12/site-packages/airflow/example_dags/example_params_trigger_ui.py for tasks to queue
[2025-03-06T01:19:35.437+0000] {logging_mixin.py:190} INFO - [2025-03-06T01:19:35.436+0000] {dagbag.py:588} INFO - Filling up the DagBag from /home/ubuntu/redfin_venv/lib/python3.12/site-packages/airflow/example_dags/example_params_trigger_ui.py
[2025-03-06T01:19:35.454+0000] {processor.py:925} INFO - DAG(s) 'example_params_trigger_ui' retrieved from /home/ubuntu/redfin_venv/lib/python3.12/site-packages/airflow/example_dags/example_params_trigger_ui.py
[2025-03-06T01:19:35.514+0000] {logging_mixin.py:190} INFO - [2025-03-06T01:19:35.514+0000] {dag.py:3239} INFO - Sync 1 DAGs
[2025-03-06T01:19:35.533+0000] {logging_mixin.py:190} INFO - [2025-03-06T01:19:35.533+0000] {dag.py:4180} INFO - Setting next_dagrun for example_params_trigger_ui to None, run_after=None
[2025-03-06T01:19:35.562+0000] {processor.py:208} INFO - Processing /home/ubuntu/redfin_venv/lib/python3.12/site-packages/airflow/example_dags/example_params_trigger_ui.py took 0.138 seconds
