[2025-03-06T00:58:46.362+0000] {processor.py:186} INFO - Started process (PID=3606) to work on /home/ubuntu/redfin_venv/lib/python3.12/site-packages/airflow/example_dags/example_setup_teardown.py
[2025-03-06T00:58:46.363+0000] {processor.py:914} INFO - Processing file /home/ubuntu/redfin_venv/lib/python3.12/site-packages/airflow/example_dags/example_setup_teardown.py for tasks to queue
[2025-03-06T00:58:46.366+0000] {logging_mixin.py:190} INFO - [2025-03-06T00:58:46.365+0000] {dagbag.py:588} INFO - Filling up the DagBag from /home/ubuntu/redfin_venv/lib/python3.12/site-packages/airflow/example_dags/example_setup_teardown.py
[2025-03-06T00:58:46.376+0000] {processor.py:925} INFO - DAG(s) 'example_setup_teardown' retrieved from /home/ubuntu/redfin_venv/lib/python3.12/site-packages/airflow/example_dags/example_setup_teardown.py
[2025-03-06T00:58:46.396+0000] {logging_mixin.py:190} INFO - [2025-03-06T00:58:46.396+0000] {dag.py:3239} INFO - Sync 1 DAGs
[2025-03-06T00:58:46.410+0000] {logging_mixin.py:190} INFO - [2025-03-06T00:58:46.410+0000] {dag.py:4180} INFO - Setting next_dagrun for example_setup_teardown to None, run_after=None
[2025-03-06T00:58:46.447+0000] {processor.py:208} INFO - Processing /home/ubuntu/redfin_venv/lib/python3.12/site-packages/airflow/example_dags/example_setup_teardown.py took 0.091 seconds
[2025-03-06T00:59:44.293+0000] {processor.py:186} INFO - Started process (PID=4004) to work on /home/ubuntu/redfin_venv/lib/python3.12/site-packages/airflow/example_dags/example_setup_teardown.py
[2025-03-06T00:59:44.294+0000] {processor.py:914} INFO - Processing file /home/ubuntu/redfin_venv/lib/python3.12/site-packages/airflow/example_dags/example_setup_teardown.py for tasks to queue
[2025-03-06T00:59:44.297+0000] {logging_mixin.py:190} INFO - [2025-03-06T00:59:44.296+0000] {dagbag.py:588} INFO - Filling up the DagBag from /home/ubuntu/redfin_venv/lib/python3.12/site-packages/airflow/example_dags/example_setup_teardown.py
[2025-03-06T00:59:44.307+0000] {processor.py:925} INFO - DAG(s) 'example_setup_teardown' retrieved from /home/ubuntu/redfin_venv/lib/python3.12/site-packages/airflow/example_dags/example_setup_teardown.py
[2025-03-06T00:59:44.326+0000] {logging_mixin.py:190} INFO - [2025-03-06T00:59:44.326+0000] {dag.py:3239} INFO - Sync 1 DAGs
[2025-03-06T00:59:44.341+0000] {logging_mixin.py:190} INFO - [2025-03-06T00:59:44.341+0000] {dag.py:4180} INFO - Setting next_dagrun for example_setup_teardown to None, run_after=None
[2025-03-06T00:59:44.368+0000] {processor.py:208} INFO - Processing /home/ubuntu/redfin_venv/lib/python3.12/site-packages/airflow/example_dags/example_setup_teardown.py took 0.082 seconds
[2025-03-06T01:00:44.548+0000] {processor.py:186} INFO - Started process (PID=4629) to work on /home/ubuntu/redfin_venv/lib/python3.12/site-packages/airflow/example_dags/example_setup_teardown.py
[2025-03-06T01:00:44.549+0000] {processor.py:914} INFO - Processing file /home/ubuntu/redfin_venv/lib/python3.12/site-packages/airflow/example_dags/example_setup_teardown.py for tasks to queue
[2025-03-06T01:00:44.551+0000] {logging_mixin.py:190} INFO - [2025-03-06T01:00:44.551+0000] {dagbag.py:588} INFO - Filling up the DagBag from /home/ubuntu/redfin_venv/lib/python3.12/site-packages/airflow/example_dags/example_setup_teardown.py
[2025-03-06T01:00:44.569+0000] {processor.py:925} INFO - DAG(s) 'example_setup_teardown' retrieved from /home/ubuntu/redfin_venv/lib/python3.12/site-packages/airflow/example_dags/example_setup_teardown.py
[2025-03-06T01:00:44.593+0000] {logging_mixin.py:190} INFO - [2025-03-06T01:00:44.593+0000] {dag.py:3239} INFO - Sync 1 DAGs
[2025-03-06T01:00:44.610+0000] {logging_mixin.py:190} INFO - [2025-03-06T01:00:44.610+0000] {dag.py:4180} INFO - Setting next_dagrun for example_setup_teardown to None, run_after=None
[2025-03-06T01:00:44.637+0000] {processor.py:208} INFO - Processing /home/ubuntu/redfin_venv/lib/python3.12/site-packages/airflow/example_dags/example_setup_teardown.py took 0.096 seconds
[2025-03-06T01:01:49.023+0000] {processor.py:186} INFO - Started process (PID=4909) to work on /home/ubuntu/redfin_venv/lib/python3.12/site-packages/airflow/example_dags/example_setup_teardown.py
[2025-03-06T01:01:49.025+0000] {processor.py:914} INFO - Processing file /home/ubuntu/redfin_venv/lib/python3.12/site-packages/airflow/example_dags/example_setup_teardown.py for tasks to queue
[2025-03-06T01:01:49.028+0000] {logging_mixin.py:190} INFO - [2025-03-06T01:01:49.028+0000] {dagbag.py:588} INFO - Filling up the DagBag from /home/ubuntu/redfin_venv/lib/python3.12/site-packages/airflow/example_dags/example_setup_teardown.py
[2025-03-06T01:01:49.039+0000] {processor.py:925} INFO - DAG(s) 'example_setup_teardown' retrieved from /home/ubuntu/redfin_venv/lib/python3.12/site-packages/airflow/example_dags/example_setup_teardown.py
[2025-03-06T01:01:49.057+0000] {logging_mixin.py:190} INFO - [2025-03-06T01:01:49.056+0000] {dag.py:3239} INFO - Sync 1 DAGs
[2025-03-06T01:01:49.071+0000] {logging_mixin.py:190} INFO - [2025-03-06T01:01:49.071+0000] {dag.py:4180} INFO - Setting next_dagrun for example_setup_teardown to None, run_after=None
[2025-03-06T01:01:49.096+0000] {processor.py:208} INFO - Processing /home/ubuntu/redfin_venv/lib/python3.12/site-packages/airflow/example_dags/example_setup_teardown.py took 0.079 seconds
[2025-03-06T01:02:48.948+0000] {processor.py:186} INFO - Started process (PID=5208) to work on /home/ubuntu/redfin_venv/lib/python3.12/site-packages/airflow/example_dags/example_setup_teardown.py
[2025-03-06T01:02:48.950+0000] {processor.py:914} INFO - Processing file /home/ubuntu/redfin_venv/lib/python3.12/site-packages/airflow/example_dags/example_setup_teardown.py for tasks to queue
[2025-03-06T01:02:48.952+0000] {logging_mixin.py:190} INFO - [2025-03-06T01:02:48.951+0000] {dagbag.py:588} INFO - Filling up the DagBag from /home/ubuntu/redfin_venv/lib/python3.12/site-packages/airflow/example_dags/example_setup_teardown.py
[2025-03-06T01:02:48.962+0000] {processor.py:925} INFO - DAG(s) 'example_setup_teardown' retrieved from /home/ubuntu/redfin_venv/lib/python3.12/site-packages/airflow/example_dags/example_setup_teardown.py
[2025-03-06T01:02:48.980+0000] {logging_mixin.py:190} INFO - [2025-03-06T01:02:48.980+0000] {dag.py:3239} INFO - Sync 1 DAGs
[2025-03-06T01:02:48.998+0000] {logging_mixin.py:190} INFO - [2025-03-06T01:02:48.998+0000] {dag.py:4180} INFO - Setting next_dagrun for example_setup_teardown to None, run_after=None
[2025-03-06T01:02:49.028+0000] {processor.py:208} INFO - Processing /home/ubuntu/redfin_venv/lib/python3.12/site-packages/airflow/example_dags/example_setup_teardown.py took 0.093 seconds
[2025-03-06T01:03:46.651+0000] {processor.py:186} INFO - Started process (PID=5387) to work on /home/ubuntu/redfin_venv/lib/python3.12/site-packages/airflow/example_dags/example_setup_teardown.py
[2025-03-06T01:03:46.653+0000] {processor.py:914} INFO - Processing file /home/ubuntu/redfin_venv/lib/python3.12/site-packages/airflow/example_dags/example_setup_teardown.py for tasks to queue
[2025-03-06T01:03:46.655+0000] {logging_mixin.py:190} INFO - [2025-03-06T01:03:46.655+0000] {dagbag.py:588} INFO - Filling up the DagBag from /home/ubuntu/redfin_venv/lib/python3.12/site-packages/airflow/example_dags/example_setup_teardown.py
[2025-03-06T01:03:46.666+0000] {processor.py:925} INFO - DAG(s) 'example_setup_teardown' retrieved from /home/ubuntu/redfin_venv/lib/python3.12/site-packages/airflow/example_dags/example_setup_teardown.py
[2025-03-06T01:03:46.685+0000] {logging_mixin.py:190} INFO - [2025-03-06T01:03:46.685+0000] {dag.py:3239} INFO - Sync 1 DAGs
[2025-03-06T01:03:46.700+0000] {logging_mixin.py:190} INFO - [2025-03-06T01:03:46.699+0000] {dag.py:4180} INFO - Setting next_dagrun for example_setup_teardown to None, run_after=None
[2025-03-06T01:03:46.724+0000] {processor.py:208} INFO - Processing /home/ubuntu/redfin_venv/lib/python3.12/site-packages/airflow/example_dags/example_setup_teardown.py took 0.079 seconds
[2025-03-06T01:04:52.621+0000] {processor.py:186} INFO - Started process (PID=5508) to work on /home/ubuntu/redfin_venv/lib/python3.12/site-packages/airflow/example_dags/example_setup_teardown.py
[2025-03-06T01:04:52.622+0000] {processor.py:914} INFO - Processing file /home/ubuntu/redfin_venv/lib/python3.12/site-packages/airflow/example_dags/example_setup_teardown.py for tasks to queue
[2025-03-06T01:04:52.625+0000] {logging_mixin.py:190} INFO - [2025-03-06T01:04:52.624+0000] {dagbag.py:588} INFO - Filling up the DagBag from /home/ubuntu/redfin_venv/lib/python3.12/site-packages/airflow/example_dags/example_setup_teardown.py
[2025-03-06T01:04:52.635+0000] {processor.py:925} INFO - DAG(s) 'example_setup_teardown' retrieved from /home/ubuntu/redfin_venv/lib/python3.12/site-packages/airflow/example_dags/example_setup_teardown.py
[2025-03-06T01:04:52.655+0000] {logging_mixin.py:190} INFO - [2025-03-06T01:04:52.655+0000] {dag.py:3239} INFO - Sync 1 DAGs
[2025-03-06T01:04:52.669+0000] {logging_mixin.py:190} INFO - [2025-03-06T01:04:52.669+0000] {dag.py:4180} INFO - Setting next_dagrun for example_setup_teardown to None, run_after=None
[2025-03-06T01:04:52.692+0000] {processor.py:208} INFO - Processing /home/ubuntu/redfin_venv/lib/python3.12/site-packages/airflow/example_dags/example_setup_teardown.py took 0.085 seconds
[2025-03-06T01:05:56.958+0000] {processor.py:186} INFO - Started process (PID=5632) to work on /home/ubuntu/redfin_venv/lib/python3.12/site-packages/airflow/example_dags/example_setup_teardown.py
[2025-03-06T01:05:56.960+0000] {processor.py:914} INFO - Processing file /home/ubuntu/redfin_venv/lib/python3.12/site-packages/airflow/example_dags/example_setup_teardown.py for tasks to queue
[2025-03-06T01:05:56.962+0000] {logging_mixin.py:190} INFO - [2025-03-06T01:05:56.962+0000] {dagbag.py:588} INFO - Filling up the DagBag from /home/ubuntu/redfin_venv/lib/python3.12/site-packages/airflow/example_dags/example_setup_teardown.py
[2025-03-06T01:05:56.975+0000] {processor.py:925} INFO - DAG(s) 'example_setup_teardown' retrieved from /home/ubuntu/redfin_venv/lib/python3.12/site-packages/airflow/example_dags/example_setup_teardown.py
[2025-03-06T01:05:56.997+0000] {logging_mixin.py:190} INFO - [2025-03-06T01:05:56.997+0000] {dag.py:3239} INFO - Sync 1 DAGs
[2025-03-06T01:05:57.011+0000] {logging_mixin.py:190} INFO - [2025-03-06T01:05:57.011+0000] {dag.py:4180} INFO - Setting next_dagrun for example_setup_teardown to None, run_after=None
[2025-03-06T01:05:57.040+0000] {processor.py:208} INFO - Processing /home/ubuntu/redfin_venv/lib/python3.12/site-packages/airflow/example_dags/example_setup_teardown.py took 0.090 seconds
[2025-03-06T01:07:02.031+0000] {processor.py:186} INFO - Started process (PID=6055) to work on /home/ubuntu/redfin_venv/lib/python3.12/site-packages/airflow/example_dags/example_setup_teardown.py
[2025-03-06T01:07:02.032+0000] {processor.py:914} INFO - Processing file /home/ubuntu/redfin_venv/lib/python3.12/site-packages/airflow/example_dags/example_setup_teardown.py for tasks to queue
[2025-03-06T01:07:02.035+0000] {logging_mixin.py:190} INFO - [2025-03-06T01:07:02.034+0000] {dagbag.py:588} INFO - Filling up the DagBag from /home/ubuntu/redfin_venv/lib/python3.12/site-packages/airflow/example_dags/example_setup_teardown.py
[2025-03-06T01:07:02.046+0000] {processor.py:925} INFO - DAG(s) 'example_setup_teardown' retrieved from /home/ubuntu/redfin_venv/lib/python3.12/site-packages/airflow/example_dags/example_setup_teardown.py
[2025-03-06T01:07:02.066+0000] {logging_mixin.py:190} INFO - [2025-03-06T01:07:02.065+0000] {dag.py:3239} INFO - Sync 1 DAGs
[2025-03-06T01:07:02.079+0000] {logging_mixin.py:190} INFO - [2025-03-06T01:07:02.079+0000] {dag.py:4180} INFO - Setting next_dagrun for example_setup_teardown to None, run_after=None
[2025-03-06T01:07:02.106+0000] {processor.py:208} INFO - Processing /home/ubuntu/redfin_venv/lib/python3.12/site-packages/airflow/example_dags/example_setup_teardown.py took 0.085 seconds
[2025-03-06T01:08:03.540+0000] {processor.py:186} INFO - Started process (PID=6354) to work on /home/ubuntu/redfin_venv/lib/python3.12/site-packages/airflow/example_dags/example_setup_teardown.py
[2025-03-06T01:08:03.543+0000] {processor.py:914} INFO - Processing file /home/ubuntu/redfin_venv/lib/python3.12/site-packages/airflow/example_dags/example_setup_teardown.py for tasks to queue
[2025-03-06T01:08:03.547+0000] {logging_mixin.py:190} INFO - [2025-03-06T01:08:03.546+0000] {dagbag.py:588} INFO - Filling up the DagBag from /home/ubuntu/redfin_venv/lib/python3.12/site-packages/airflow/example_dags/example_setup_teardown.py
[2025-03-06T01:08:03.567+0000] {processor.py:925} INFO - DAG(s) 'example_setup_teardown' retrieved from /home/ubuntu/redfin_venv/lib/python3.12/site-packages/airflow/example_dags/example_setup_teardown.py
[2025-03-06T01:08:03.597+0000] {logging_mixin.py:190} INFO - [2025-03-06T01:08:03.597+0000] {dag.py:3239} INFO - Sync 1 DAGs
[2025-03-06T01:08:03.618+0000] {logging_mixin.py:190} INFO - [2025-03-06T01:08:03.618+0000] {dag.py:4180} INFO - Setting next_dagrun for example_setup_teardown to None, run_after=None
[2025-03-06T01:08:03.658+0000] {processor.py:208} INFO - Processing /home/ubuntu/redfin_venv/lib/python3.12/site-packages/airflow/example_dags/example_setup_teardown.py took 0.126 seconds
[2025-03-06T01:09:03.599+0000] {processor.py:186} INFO - Started process (PID=6713) to work on /home/ubuntu/redfin_venv/lib/python3.12/site-packages/airflow/example_dags/example_setup_teardown.py
[2025-03-06T01:09:03.601+0000] {processor.py:914} INFO - Processing file /home/ubuntu/redfin_venv/lib/python3.12/site-packages/airflow/example_dags/example_setup_teardown.py for tasks to queue
[2025-03-06T01:09:03.604+0000] {logging_mixin.py:190} INFO - [2025-03-06T01:09:03.603+0000] {dagbag.py:588} INFO - Filling up the DagBag from /home/ubuntu/redfin_venv/lib/python3.12/site-packages/airflow/example_dags/example_setup_teardown.py
[2025-03-06T01:09:03.614+0000] {processor.py:925} INFO - DAG(s) 'example_setup_teardown' retrieved from /home/ubuntu/redfin_venv/lib/python3.12/site-packages/airflow/example_dags/example_setup_teardown.py
[2025-03-06T01:09:03.636+0000] {logging_mixin.py:190} INFO - [2025-03-06T01:09:03.635+0000] {dag.py:3239} INFO - Sync 1 DAGs
[2025-03-06T01:09:03.651+0000] {logging_mixin.py:190} INFO - [2025-03-06T01:09:03.651+0000] {dag.py:4180} INFO - Setting next_dagrun for example_setup_teardown to None, run_after=None
[2025-03-06T01:09:03.682+0000] {processor.py:208} INFO - Processing /home/ubuntu/redfin_venv/lib/python3.12/site-packages/airflow/example_dags/example_setup_teardown.py took 0.090 seconds
[2025-03-06T01:10:07.140+0000] {processor.py:186} INFO - Started process (PID=6837) to work on /home/ubuntu/redfin_venv/lib/python3.12/site-packages/airflow/example_dags/example_setup_teardown.py
[2025-03-06T01:10:07.149+0000] {processor.py:914} INFO - Processing file /home/ubuntu/redfin_venv/lib/python3.12/site-packages/airflow/example_dags/example_setup_teardown.py for tasks to queue
[2025-03-06T01:10:07.155+0000] {logging_mixin.py:190} INFO - [2025-03-06T01:10:07.151+0000] {dagbag.py:588} INFO - Filling up the DagBag from /home/ubuntu/redfin_venv/lib/python3.12/site-packages/airflow/example_dags/example_setup_teardown.py
[2025-03-06T01:10:07.174+0000] {processor.py:925} INFO - DAG(s) 'example_setup_teardown' retrieved from /home/ubuntu/redfin_venv/lib/python3.12/site-packages/airflow/example_dags/example_setup_teardown.py
[2025-03-06T01:10:07.208+0000] {logging_mixin.py:190} INFO - [2025-03-06T01:10:07.208+0000] {dag.py:3239} INFO - Sync 1 DAGs
[2025-03-06T01:10:07.229+0000] {logging_mixin.py:190} INFO - [2025-03-06T01:10:07.229+0000] {dag.py:4180} INFO - Setting next_dagrun for example_setup_teardown to None, run_after=None
[2025-03-06T01:10:07.259+0000] {processor.py:208} INFO - Processing /home/ubuntu/redfin_venv/lib/python3.12/site-packages/airflow/example_dags/example_setup_teardown.py took 0.132 seconds
[2025-03-06T01:11:08.478+0000] {processor.py:186} INFO - Started process (PID=6956) to work on /home/ubuntu/redfin_venv/lib/python3.12/site-packages/airflow/example_dags/example_setup_teardown.py
[2025-03-06T01:11:08.480+0000] {processor.py:914} INFO - Processing file /home/ubuntu/redfin_venv/lib/python3.12/site-packages/airflow/example_dags/example_setup_teardown.py for tasks to queue
[2025-03-06T01:11:08.482+0000] {logging_mixin.py:190} INFO - [2025-03-06T01:11:08.482+0000] {dagbag.py:588} INFO - Filling up the DagBag from /home/ubuntu/redfin_venv/lib/python3.12/site-packages/airflow/example_dags/example_setup_teardown.py
[2025-03-06T01:11:08.493+0000] {processor.py:925} INFO - DAG(s) 'example_setup_teardown' retrieved from /home/ubuntu/redfin_venv/lib/python3.12/site-packages/airflow/example_dags/example_setup_teardown.py
[2025-03-06T01:11:08.512+0000] {logging_mixin.py:190} INFO - [2025-03-06T01:11:08.512+0000] {dag.py:3239} INFO - Sync 1 DAGs
[2025-03-06T01:11:08.531+0000] {logging_mixin.py:190} INFO - [2025-03-06T01:11:08.531+0000] {dag.py:4180} INFO - Setting next_dagrun for example_setup_teardown to None, run_after=None
[2025-03-06T01:11:08.561+0000] {processor.py:208} INFO - Processing /home/ubuntu/redfin_venv/lib/python3.12/site-packages/airflow/example_dags/example_setup_teardown.py took 0.090 seconds
[2025-03-06T01:12:13.399+0000] {processor.py:186} INFO - Started process (PID=7076) to work on /home/ubuntu/redfin_venv/lib/python3.12/site-packages/airflow/example_dags/example_setup_teardown.py
[2025-03-06T01:12:13.401+0000] {processor.py:914} INFO - Processing file /home/ubuntu/redfin_venv/lib/python3.12/site-packages/airflow/example_dags/example_setup_teardown.py for tasks to queue
[2025-03-06T01:12:13.405+0000] {logging_mixin.py:190} INFO - [2025-03-06T01:12:13.405+0000] {dagbag.py:588} INFO - Filling up the DagBag from /home/ubuntu/redfin_venv/lib/python3.12/site-packages/airflow/example_dags/example_setup_teardown.py
[2025-03-06T01:12:13.415+0000] {processor.py:925} INFO - DAG(s) 'example_setup_teardown' retrieved from /home/ubuntu/redfin_venv/lib/python3.12/site-packages/airflow/example_dags/example_setup_teardown.py
[2025-03-06T01:12:13.438+0000] {logging_mixin.py:190} INFO - [2025-03-06T01:12:13.438+0000] {dag.py:3239} INFO - Sync 1 DAGs
[2025-03-06T01:12:13.452+0000] {logging_mixin.py:190} INFO - [2025-03-06T01:12:13.451+0000] {dag.py:4180} INFO - Setting next_dagrun for example_setup_teardown to None, run_after=None
[2025-03-06T01:12:13.477+0000] {processor.py:208} INFO - Processing /home/ubuntu/redfin_venv/lib/python3.12/site-packages/airflow/example_dags/example_setup_teardown.py took 0.095 seconds
[2025-03-06T01:13:15.724+0000] {processor.py:186} INFO - Started process (PID=7256) to work on /home/ubuntu/redfin_venv/lib/python3.12/site-packages/airflow/example_dags/example_setup_teardown.py
[2025-03-06T01:13:15.725+0000] {processor.py:914} INFO - Processing file /home/ubuntu/redfin_venv/lib/python3.12/site-packages/airflow/example_dags/example_setup_teardown.py for tasks to queue
[2025-03-06T01:13:15.728+0000] {logging_mixin.py:190} INFO - [2025-03-06T01:13:15.728+0000] {dagbag.py:588} INFO - Filling up the DagBag from /home/ubuntu/redfin_venv/lib/python3.12/site-packages/airflow/example_dags/example_setup_teardown.py
[2025-03-06T01:13:15.739+0000] {processor.py:925} INFO - DAG(s) 'example_setup_teardown' retrieved from /home/ubuntu/redfin_venv/lib/python3.12/site-packages/airflow/example_dags/example_setup_teardown.py
[2025-03-06T01:13:15.761+0000] {logging_mixin.py:190} INFO - [2025-03-06T01:13:15.760+0000] {dag.py:3239} INFO - Sync 1 DAGs
[2025-03-06T01:13:15.776+0000] {logging_mixin.py:190} INFO - [2025-03-06T01:13:15.776+0000] {dag.py:4180} INFO - Setting next_dagrun for example_setup_teardown to None, run_after=None
[2025-03-06T01:13:15.824+0000] {processor.py:208} INFO - Processing /home/ubuntu/redfin_venv/lib/python3.12/site-packages/airflow/example_dags/example_setup_teardown.py took 0.107 seconds
[2025-03-06T01:14:18.968+0000] {processor.py:186} INFO - Started process (PID=7438) to work on /home/ubuntu/redfin_venv/lib/python3.12/site-packages/airflow/example_dags/example_setup_teardown.py
[2025-03-06T01:14:18.970+0000] {processor.py:914} INFO - Processing file /home/ubuntu/redfin_venv/lib/python3.12/site-packages/airflow/example_dags/example_setup_teardown.py for tasks to queue
[2025-03-06T01:14:18.974+0000] {logging_mixin.py:190} INFO - [2025-03-06T01:14:18.974+0000] {dagbag.py:588} INFO - Filling up the DagBag from /home/ubuntu/redfin_venv/lib/python3.12/site-packages/airflow/example_dags/example_setup_teardown.py
[2025-03-06T01:14:18.997+0000] {processor.py:925} INFO - DAG(s) 'example_setup_teardown' retrieved from /home/ubuntu/redfin_venv/lib/python3.12/site-packages/airflow/example_dags/example_setup_teardown.py
[2025-03-06T01:14:19.044+0000] {logging_mixin.py:190} INFO - [2025-03-06T01:14:19.043+0000] {dag.py:3239} INFO - Sync 1 DAGs
[2025-03-06T01:14:19.076+0000] {logging_mixin.py:190} INFO - [2025-03-06T01:14:19.076+0000] {dag.py:4180} INFO - Setting next_dagrun for example_setup_teardown to None, run_after=None
[2025-03-06T01:14:19.104+0000] {processor.py:208} INFO - Processing /home/ubuntu/redfin_venv/lib/python3.12/site-packages/airflow/example_dags/example_setup_teardown.py took 0.145 seconds
[2025-03-06T01:15:18.636+0000] {processor.py:186} INFO - Started process (PID=7680) to work on /home/ubuntu/redfin_venv/lib/python3.12/site-packages/airflow/example_dags/example_setup_teardown.py
[2025-03-06T01:15:18.637+0000] {processor.py:914} INFO - Processing file /home/ubuntu/redfin_venv/lib/python3.12/site-packages/airflow/example_dags/example_setup_teardown.py for tasks to queue
[2025-03-06T01:15:18.640+0000] {logging_mixin.py:190} INFO - [2025-03-06T01:15:18.639+0000] {dagbag.py:588} INFO - Filling up the DagBag from /home/ubuntu/redfin_venv/lib/python3.12/site-packages/airflow/example_dags/example_setup_teardown.py
[2025-03-06T01:15:18.653+0000] {processor.py:925} INFO - DAG(s) 'example_setup_teardown' retrieved from /home/ubuntu/redfin_venv/lib/python3.12/site-packages/airflow/example_dags/example_setup_teardown.py
[2025-03-06T01:15:18.675+0000] {logging_mixin.py:190} INFO - [2025-03-06T01:15:18.674+0000] {dag.py:3239} INFO - Sync 1 DAGs
[2025-03-06T01:15:18.689+0000] {logging_mixin.py:190} INFO - [2025-03-06T01:15:18.688+0000] {dag.py:4180} INFO - Setting next_dagrun for example_setup_teardown to None, run_after=None
[2025-03-06T01:15:18.719+0000] {processor.py:208} INFO - Processing /home/ubuntu/redfin_venv/lib/python3.12/site-packages/airflow/example_dags/example_setup_teardown.py took 0.090 seconds
[2025-03-06T01:16:20.726+0000] {processor.py:186} INFO - Started process (PID=7860) to work on /home/ubuntu/redfin_venv/lib/python3.12/site-packages/airflow/example_dags/example_setup_teardown.py
[2025-03-06T01:16:20.741+0000] {processor.py:914} INFO - Processing file /home/ubuntu/redfin_venv/lib/python3.12/site-packages/airflow/example_dags/example_setup_teardown.py for tasks to queue
[2025-03-06T01:16:20.743+0000] {logging_mixin.py:190} INFO - [2025-03-06T01:16:20.743+0000] {dagbag.py:588} INFO - Filling up the DagBag from /home/ubuntu/redfin_venv/lib/python3.12/site-packages/airflow/example_dags/example_setup_teardown.py
[2025-03-06T01:16:20.754+0000] {processor.py:925} INFO - DAG(s) 'example_setup_teardown' retrieved from /home/ubuntu/redfin_venv/lib/python3.12/site-packages/airflow/example_dags/example_setup_teardown.py
[2025-03-06T01:16:20.791+0000] {logging_mixin.py:190} INFO - [2025-03-06T01:16:20.791+0000] {dag.py:3239} INFO - Sync 1 DAGs
[2025-03-06T01:16:20.805+0000] {logging_mixin.py:190} INFO - [2025-03-06T01:16:20.805+0000] {dag.py:4180} INFO - Setting next_dagrun for example_setup_teardown to None, run_after=None
[2025-03-06T01:16:20.832+0000] {processor.py:208} INFO - Processing /home/ubuntu/redfin_venv/lib/python3.12/site-packages/airflow/example_dags/example_setup_teardown.py took 0.114 seconds
[2025-03-06T01:17:22.687+0000] {processor.py:186} INFO - Started process (PID=8041) to work on /home/ubuntu/redfin_venv/lib/python3.12/site-packages/airflow/example_dags/example_setup_teardown.py
[2025-03-06T01:17:22.689+0000] {processor.py:914} INFO - Processing file /home/ubuntu/redfin_venv/lib/python3.12/site-packages/airflow/example_dags/example_setup_teardown.py for tasks to queue
[2025-03-06T01:17:22.691+0000] {logging_mixin.py:190} INFO - [2025-03-06T01:17:22.691+0000] {dagbag.py:588} INFO - Filling up the DagBag from /home/ubuntu/redfin_venv/lib/python3.12/site-packages/airflow/example_dags/example_setup_teardown.py
[2025-03-06T01:17:22.703+0000] {processor.py:925} INFO - DAG(s) 'example_setup_teardown' retrieved from /home/ubuntu/redfin_venv/lib/python3.12/site-packages/airflow/example_dags/example_setup_teardown.py
[2025-03-06T01:17:22.726+0000] {logging_mixin.py:190} INFO - [2025-03-06T01:17:22.726+0000] {dag.py:3239} INFO - Sync 1 DAGs
[2025-03-06T01:17:22.741+0000] {logging_mixin.py:190} INFO - [2025-03-06T01:17:22.741+0000] {dag.py:4180} INFO - Setting next_dagrun for example_setup_teardown to None, run_after=None
[2025-03-06T01:17:22.769+0000] {processor.py:208} INFO - Processing /home/ubuntu/redfin_venv/lib/python3.12/site-packages/airflow/example_dags/example_setup_teardown.py took 0.091 seconds
[2025-03-06T01:18:21.090+0000] {processor.py:186} INFO - Started process (PID=8381) to work on /home/ubuntu/redfin_venv/lib/python3.12/site-packages/airflow/example_dags/example_setup_teardown.py
[2025-03-06T01:18:21.092+0000] {processor.py:914} INFO - Processing file /home/ubuntu/redfin_venv/lib/python3.12/site-packages/airflow/example_dags/example_setup_teardown.py for tasks to queue
[2025-03-06T01:18:21.094+0000] {logging_mixin.py:190} INFO - [2025-03-06T01:18:21.093+0000] {dagbag.py:588} INFO - Filling up the DagBag from /home/ubuntu/redfin_venv/lib/python3.12/site-packages/airflow/example_dags/example_setup_teardown.py
[2025-03-06T01:18:21.104+0000] {processor.py:925} INFO - DAG(s) 'example_setup_teardown' retrieved from /home/ubuntu/redfin_venv/lib/python3.12/site-packages/airflow/example_dags/example_setup_teardown.py
[2025-03-06T01:18:21.126+0000] {logging_mixin.py:190} INFO - [2025-03-06T01:18:21.126+0000] {dag.py:3239} INFO - Sync 1 DAGs
[2025-03-06T01:18:21.146+0000] {logging_mixin.py:190} INFO - [2025-03-06T01:18:21.146+0000] {dag.py:4180} INFO - Setting next_dagrun for example_setup_teardown to None, run_after=None
[2025-03-06T01:18:21.174+0000] {processor.py:208} INFO - Processing /home/ubuntu/redfin_venv/lib/python3.12/site-packages/airflow/example_dags/example_setup_teardown.py took 0.091 seconds
[2025-03-06T01:19:28.906+0000] {processor.py:186} INFO - Started process (PID=8562) to work on /home/ubuntu/redfin_venv/lib/python3.12/site-packages/airflow/example_dags/example_setup_teardown.py
[2025-03-06T01:19:28.908+0000] {processor.py:914} INFO - Processing file /home/ubuntu/redfin_venv/lib/python3.12/site-packages/airflow/example_dags/example_setup_teardown.py for tasks to queue
[2025-03-06T01:19:28.911+0000] {logging_mixin.py:190} INFO - [2025-03-06T01:19:28.910+0000] {dagbag.py:588} INFO - Filling up the DagBag from /home/ubuntu/redfin_venv/lib/python3.12/site-packages/airflow/example_dags/example_setup_teardown.py
[2025-03-06T01:19:28.926+0000] {processor.py:925} INFO - DAG(s) 'example_setup_teardown' retrieved from /home/ubuntu/redfin_venv/lib/python3.12/site-packages/airflow/example_dags/example_setup_teardown.py
[2025-03-06T01:19:28.947+0000] {logging_mixin.py:190} INFO - [2025-03-06T01:19:28.947+0000] {dag.py:3239} INFO - Sync 1 DAGs
[2025-03-06T01:19:28.966+0000] {logging_mixin.py:190} INFO - [2025-03-06T01:19:28.966+0000] {dag.py:4180} INFO - Setting next_dagrun for example_setup_teardown to None, run_after=None
[2025-03-06T01:19:29.022+0000] {processor.py:208} INFO - Processing /home/ubuntu/redfin_venv/lib/python3.12/site-packages/airflow/example_dags/example_setup_teardown.py took 0.123 seconds
