[2025-03-06T00:59:11.320+0000] {processor.py:186} INFO - Started process (PID=3907) to work on /home/ubuntu/redfin_venv/lib/python3.12/site-packages/airflow/example_dags/example_bash_operator.py
[2025-03-06T00:59:11.321+0000] {processor.py:914} INFO - Processing file /home/ubuntu/redfin_venv/lib/python3.12/site-packages/airflow/example_dags/example_bash_operator.py for tasks to queue
[2025-03-06T00:59:11.323+0000] {logging_mixin.py:190} INFO - [2025-03-06T00:59:11.322+0000] {dagbag.py:588} INFO - Filling up the DagBag from /home/ubuntu/redfin_venv/lib/python3.12/site-packages/airflow/example_dags/example_bash_operator.py
[2025-03-06T00:59:11.338+0000] {processor.py:925} INFO - DAG(s) 'example_bash_operator' retrieved from /home/ubuntu/redfin_venv/lib/python3.12/site-packages/airflow/example_dags/example_bash_operator.py
[2025-03-06T00:59:11.362+0000] {logging_mixin.py:190} INFO - [2025-03-06T00:59:11.362+0000] {dag.py:3239} INFO - Sync 1 DAGs
[2025-03-06T00:59:11.384+0000] {logging_mixin.py:190} INFO - [2025-03-06T00:59:11.384+0000] {dag.py:4180} INFO - Setting next_dagrun for example_bash_operator to 2025-03-05 00:00:00+00:00, run_after=2025-03-06 00:00:00+00:00
[2025-03-06T00:59:11.407+0000] {processor.py:208} INFO - Processing /home/ubuntu/redfin_venv/lib/python3.12/site-packages/airflow/example_dags/example_bash_operator.py took 0.093 seconds
[2025-03-06T01:00:37.911+0000] {processor.py:186} INFO - Started process (PID=4537) to work on /home/ubuntu/redfin_venv/lib/python3.12/site-packages/airflow/example_dags/example_bash_operator.py
[2025-03-06T01:00:37.913+0000] {processor.py:914} INFO - Processing file /home/ubuntu/redfin_venv/lib/python3.12/site-packages/airflow/example_dags/example_bash_operator.py for tasks to queue
[2025-03-06T01:00:37.916+0000] {logging_mixin.py:190} INFO - [2025-03-06T01:00:37.915+0000] {dagbag.py:588} INFO - Filling up the DagBag from /home/ubuntu/redfin_venv/lib/python3.12/site-packages/airflow/example_dags/example_bash_operator.py
[2025-03-06T01:00:37.935+0000] {processor.py:925} INFO - DAG(s) 'example_bash_operator' retrieved from /home/ubuntu/redfin_venv/lib/python3.12/site-packages/airflow/example_dags/example_bash_operator.py
[2025-03-06T01:00:37.964+0000] {logging_mixin.py:190} INFO - [2025-03-06T01:00:37.963+0000] {dag.py:3239} INFO - Sync 1 DAGs
[2025-03-06T01:00:37.994+0000] {logging_mixin.py:190} INFO - [2025-03-06T01:00:37.994+0000] {dag.py:4180} INFO - Setting next_dagrun for example_bash_operator to 2025-03-05 00:00:00+00:00, run_after=2025-03-06 00:00:00+00:00
[2025-03-06T01:00:38.023+0000] {processor.py:208} INFO - Processing /home/ubuntu/redfin_venv/lib/python3.12/site-packages/airflow/example_dags/example_bash_operator.py took 0.119 seconds
[2025-03-06T01:01:41.073+0000] {processor.py:186} INFO - Started process (PID=4900) to work on /home/ubuntu/redfin_venv/lib/python3.12/site-packages/airflow/example_dags/example_bash_operator.py
[2025-03-06T01:01:41.075+0000] {processor.py:914} INFO - Processing file /home/ubuntu/redfin_venv/lib/python3.12/site-packages/airflow/example_dags/example_bash_operator.py for tasks to queue
[2025-03-06T01:01:41.078+0000] {logging_mixin.py:190} INFO - [2025-03-06T01:01:41.077+0000] {dagbag.py:588} INFO - Filling up the DagBag from /home/ubuntu/redfin_venv/lib/python3.12/site-packages/airflow/example_dags/example_bash_operator.py
[2025-03-06T01:01:41.099+0000] {processor.py:925} INFO - DAG(s) 'example_bash_operator' retrieved from /home/ubuntu/redfin_venv/lib/python3.12/site-packages/airflow/example_dags/example_bash_operator.py
[2025-03-06T01:01:41.125+0000] {logging_mixin.py:190} INFO - [2025-03-06T01:01:41.125+0000] {dag.py:3239} INFO - Sync 1 DAGs
[2025-03-06T01:01:41.159+0000] {logging_mixin.py:190} INFO - [2025-03-06T01:01:41.158+0000] {dag.py:4180} INFO - Setting next_dagrun for example_bash_operator to 2025-03-05 00:00:00+00:00, run_after=2025-03-06 00:00:00+00:00
[2025-03-06T01:01:41.191+0000] {processor.py:208} INFO - Processing /home/ubuntu/redfin_venv/lib/python3.12/site-packages/airflow/example_dags/example_bash_operator.py took 0.127 seconds
[2025-03-06T01:02:41.951+0000] {processor.py:186} INFO - Started process (PID=5201) to work on /home/ubuntu/redfin_venv/lib/python3.12/site-packages/airflow/example_dags/example_bash_operator.py
[2025-03-06T01:02:41.954+0000] {processor.py:914} INFO - Processing file /home/ubuntu/redfin_venv/lib/python3.12/site-packages/airflow/example_dags/example_bash_operator.py for tasks to queue
[2025-03-06T01:02:41.957+0000] {logging_mixin.py:190} INFO - [2025-03-06T01:02:41.957+0000] {dagbag.py:588} INFO - Filling up the DagBag from /home/ubuntu/redfin_venv/lib/python3.12/site-packages/airflow/example_dags/example_bash_operator.py
[2025-03-06T01:02:41.980+0000] {processor.py:925} INFO - DAG(s) 'example_bash_operator' retrieved from /home/ubuntu/redfin_venv/lib/python3.12/site-packages/airflow/example_dags/example_bash_operator.py
[2025-03-06T01:02:42.013+0000] {logging_mixin.py:190} INFO - [2025-03-06T01:02:42.013+0000] {dag.py:3239} INFO - Sync 1 DAGs
[2025-03-06T01:02:42.044+0000] {logging_mixin.py:190} INFO - [2025-03-06T01:02:42.044+0000] {dag.py:4180} INFO - Setting next_dagrun for example_bash_operator to 2025-03-05 00:00:00+00:00, run_after=2025-03-06 00:00:00+00:00
[2025-03-06T01:02:42.068+0000] {processor.py:208} INFO - Processing /home/ubuntu/redfin_venv/lib/python3.12/site-packages/airflow/example_dags/example_bash_operator.py took 0.126 seconds
[2025-03-06T01:03:41.028+0000] {processor.py:186} INFO - Started process (PID=5381) to work on /home/ubuntu/redfin_venv/lib/python3.12/site-packages/airflow/example_dags/example_bash_operator.py
[2025-03-06T01:03:41.030+0000] {processor.py:914} INFO - Processing file /home/ubuntu/redfin_venv/lib/python3.12/site-packages/airflow/example_dags/example_bash_operator.py for tasks to queue
[2025-03-06T01:03:41.033+0000] {logging_mixin.py:190} INFO - [2025-03-06T01:03:41.033+0000] {dagbag.py:588} INFO - Filling up the DagBag from /home/ubuntu/redfin_venv/lib/python3.12/site-packages/airflow/example_dags/example_bash_operator.py
[2025-03-06T01:03:41.054+0000] {processor.py:925} INFO - DAG(s) 'example_bash_operator' retrieved from /home/ubuntu/redfin_venv/lib/python3.12/site-packages/airflow/example_dags/example_bash_operator.py
[2025-03-06T01:03:41.083+0000] {logging_mixin.py:190} INFO - [2025-03-06T01:03:41.083+0000] {dag.py:3239} INFO - Sync 1 DAGs
[2025-03-06T01:03:41.106+0000] {logging_mixin.py:190} INFO - [2025-03-06T01:03:41.106+0000] {dag.py:4180} INFO - Setting next_dagrun for example_bash_operator to 2025-03-05 00:00:00+00:00, run_after=2025-03-06 00:00:00+00:00
[2025-03-06T01:03:41.132+0000] {processor.py:208} INFO - Processing /home/ubuntu/redfin_venv/lib/python3.12/site-packages/airflow/example_dags/example_bash_operator.py took 0.114 seconds
[2025-03-06T01:04:44.252+0000] {processor.py:186} INFO - Started process (PID=5500) to work on /home/ubuntu/redfin_venv/lib/python3.12/site-packages/airflow/example_dags/example_bash_operator.py
[2025-03-06T01:04:44.254+0000] {processor.py:914} INFO - Processing file /home/ubuntu/redfin_venv/lib/python3.12/site-packages/airflow/example_dags/example_bash_operator.py for tasks to queue
[2025-03-06T01:04:44.257+0000] {logging_mixin.py:190} INFO - [2025-03-06T01:04:44.256+0000] {dagbag.py:588} INFO - Filling up the DagBag from /home/ubuntu/redfin_venv/lib/python3.12/site-packages/airflow/example_dags/example_bash_operator.py
[2025-03-06T01:04:44.275+0000] {processor.py:925} INFO - DAG(s) 'example_bash_operator' retrieved from /home/ubuntu/redfin_venv/lib/python3.12/site-packages/airflow/example_dags/example_bash_operator.py
[2025-03-06T01:04:44.300+0000] {logging_mixin.py:190} INFO - [2025-03-06T01:04:44.299+0000] {dag.py:3239} INFO - Sync 1 DAGs
[2025-03-06T01:04:44.323+0000] {logging_mixin.py:190} INFO - [2025-03-06T01:04:44.323+0000] {dag.py:4180} INFO - Setting next_dagrun for example_bash_operator to 2025-03-05 00:00:00+00:00, run_after=2025-03-06 00:00:00+00:00
[2025-03-06T01:04:44.350+0000] {processor.py:208} INFO - Processing /home/ubuntu/redfin_venv/lib/python3.12/site-packages/airflow/example_dags/example_bash_operator.py took 0.105 seconds
[2025-03-06T01:05:49.631+0000] {processor.py:186} INFO - Started process (PID=5624) to work on /home/ubuntu/redfin_venv/lib/python3.12/site-packages/airflow/example_dags/example_bash_operator.py
[2025-03-06T01:05:49.632+0000] {processor.py:914} INFO - Processing file /home/ubuntu/redfin_venv/lib/python3.12/site-packages/airflow/example_dags/example_bash_operator.py for tasks to queue
[2025-03-06T01:05:49.634+0000] {logging_mixin.py:190} INFO - [2025-03-06T01:05:49.634+0000] {dagbag.py:588} INFO - Filling up the DagBag from /home/ubuntu/redfin_venv/lib/python3.12/site-packages/airflow/example_dags/example_bash_operator.py
[2025-03-06T01:05:49.649+0000] {processor.py:925} INFO - DAG(s) 'example_bash_operator' retrieved from /home/ubuntu/redfin_venv/lib/python3.12/site-packages/airflow/example_dags/example_bash_operator.py
[2025-03-06T01:05:49.672+0000] {logging_mixin.py:190} INFO - [2025-03-06T01:05:49.672+0000] {dag.py:3239} INFO - Sync 1 DAGs
[2025-03-06T01:05:49.693+0000] {logging_mixin.py:190} INFO - [2025-03-06T01:05:49.693+0000] {dag.py:4180} INFO - Setting next_dagrun for example_bash_operator to 2025-03-05 00:00:00+00:00, run_after=2025-03-06 00:00:00+00:00
[2025-03-06T01:05:49.730+0000] {processor.py:208} INFO - Processing /home/ubuntu/redfin_venv/lib/python3.12/site-packages/airflow/example_dags/example_bash_operator.py took 0.105 seconds
[2025-03-06T01:06:52.772+0000] {processor.py:186} INFO - Started process (PID=5926) to work on /home/ubuntu/redfin_venv/lib/python3.12/site-packages/airflow/example_dags/example_bash_operator.py
[2025-03-06T01:06:52.774+0000] {processor.py:914} INFO - Processing file /home/ubuntu/redfin_venv/lib/python3.12/site-packages/airflow/example_dags/example_bash_operator.py for tasks to queue
[2025-03-06T01:06:52.776+0000] {logging_mixin.py:190} INFO - [2025-03-06T01:06:52.775+0000] {dagbag.py:588} INFO - Filling up the DagBag from /home/ubuntu/redfin_venv/lib/python3.12/site-packages/airflow/example_dags/example_bash_operator.py
[2025-03-06T01:06:52.791+0000] {processor.py:925} INFO - DAG(s) 'example_bash_operator' retrieved from /home/ubuntu/redfin_venv/lib/python3.12/site-packages/airflow/example_dags/example_bash_operator.py
[2025-03-06T01:06:52.814+0000] {logging_mixin.py:190} INFO - [2025-03-06T01:06:52.814+0000] {dag.py:3239} INFO - Sync 1 DAGs
[2025-03-06T01:06:52.834+0000] {logging_mixin.py:190} INFO - [2025-03-06T01:06:52.834+0000] {dag.py:4180} INFO - Setting next_dagrun for example_bash_operator to 2025-03-05 00:00:00+00:00, run_after=2025-03-06 00:00:00+00:00
[2025-03-06T01:06:52.858+0000] {processor.py:208} INFO - Processing /home/ubuntu/redfin_venv/lib/python3.12/site-packages/airflow/example_dags/example_bash_operator.py took 0.092 seconds
[2025-03-06T01:07:52.875+0000] {processor.py:186} INFO - Started process (PID=6310) to work on /home/ubuntu/redfin_venv/lib/python3.12/site-packages/airflow/example_dags/example_bash_operator.py
[2025-03-06T01:07:52.876+0000] {processor.py:914} INFO - Processing file /home/ubuntu/redfin_venv/lib/python3.12/site-packages/airflow/example_dags/example_bash_operator.py for tasks to queue
[2025-03-06T01:07:52.878+0000] {logging_mixin.py:190} INFO - [2025-03-06T01:07:52.878+0000] {dagbag.py:588} INFO - Filling up the DagBag from /home/ubuntu/redfin_venv/lib/python3.12/site-packages/airflow/example_dags/example_bash_operator.py
[2025-03-06T01:07:52.892+0000] {processor.py:925} INFO - DAG(s) 'example_bash_operator' retrieved from /home/ubuntu/redfin_venv/lib/python3.12/site-packages/airflow/example_dags/example_bash_operator.py
[2025-03-06T01:07:52.915+0000] {logging_mixin.py:190} INFO - [2025-03-06T01:07:52.915+0000] {dag.py:3239} INFO - Sync 1 DAGs
[2025-03-06T01:07:52.937+0000] {logging_mixin.py:190} INFO - [2025-03-06T01:07:52.937+0000] {dag.py:4180} INFO - Setting next_dagrun for example_bash_operator to 2025-03-05 00:00:00+00:00, run_after=2025-03-06 00:00:00+00:00
[2025-03-06T01:07:52.960+0000] {processor.py:208} INFO - Processing /home/ubuntu/redfin_venv/lib/python3.12/site-packages/airflow/example_dags/example_bash_operator.py took 0.091 seconds
[2025-03-06T01:08:52.349+0000] {processor.py:186} INFO - Started process (PID=6583) to work on /home/ubuntu/redfin_venv/lib/python3.12/site-packages/airflow/example_dags/example_bash_operator.py
[2025-03-06T01:08:52.351+0000] {processor.py:914} INFO - Processing file /home/ubuntu/redfin_venv/lib/python3.12/site-packages/airflow/example_dags/example_bash_operator.py for tasks to queue
[2025-03-06T01:08:52.353+0000] {logging_mixin.py:190} INFO - [2025-03-06T01:08:52.353+0000] {dagbag.py:588} INFO - Filling up the DagBag from /home/ubuntu/redfin_venv/lib/python3.12/site-packages/airflow/example_dags/example_bash_operator.py
[2025-03-06T01:08:52.373+0000] {processor.py:925} INFO - DAG(s) 'example_bash_operator' retrieved from /home/ubuntu/redfin_venv/lib/python3.12/site-packages/airflow/example_dags/example_bash_operator.py
[2025-03-06T01:08:52.400+0000] {logging_mixin.py:190} INFO - [2025-03-06T01:08:52.400+0000] {dag.py:3239} INFO - Sync 1 DAGs
[2025-03-06T01:08:52.436+0000] {logging_mixin.py:190} INFO - [2025-03-06T01:08:52.436+0000] {dag.py:4180} INFO - Setting next_dagrun for example_bash_operator to 2025-03-05 00:00:00+00:00, run_after=2025-03-06 00:00:00+00:00
[2025-03-06T01:08:52.464+0000] {processor.py:208} INFO - Processing /home/ubuntu/redfin_venv/lib/python3.12/site-packages/airflow/example_dags/example_bash_operator.py took 0.123 seconds
[2025-03-06T01:09:56.740+0000] {processor.py:186} INFO - Started process (PID=6823) to work on /home/ubuntu/redfin_venv/lib/python3.12/site-packages/airflow/example_dags/example_bash_operator.py
[2025-03-06T01:09:56.743+0000] {processor.py:914} INFO - Processing file /home/ubuntu/redfin_venv/lib/python3.12/site-packages/airflow/example_dags/example_bash_operator.py for tasks to queue
[2025-03-06T01:09:56.750+0000] {logging_mixin.py:190} INFO - [2025-03-06T01:09:56.746+0000] {dagbag.py:588} INFO - Filling up the DagBag from /home/ubuntu/redfin_venv/lib/python3.12/site-packages/airflow/example_dags/example_bash_operator.py
[2025-03-06T01:09:56.776+0000] {processor.py:925} INFO - DAG(s) 'example_bash_operator' retrieved from /home/ubuntu/redfin_venv/lib/python3.12/site-packages/airflow/example_dags/example_bash_operator.py
[2025-03-06T01:09:56.824+0000] {logging_mixin.py:190} INFO - [2025-03-06T01:09:56.823+0000] {dag.py:3239} INFO - Sync 1 DAGs
[2025-03-06T01:09:56.863+0000] {logging_mixin.py:190} INFO - [2025-03-06T01:09:56.863+0000] {dag.py:4180} INFO - Setting next_dagrun for example_bash_operator to 2025-03-05 00:00:00+00:00, run_after=2025-03-06 00:00:00+00:00
[2025-03-06T01:09:56.891+0000] {processor.py:208} INFO - Processing /home/ubuntu/redfin_venv/lib/python3.12/site-packages/airflow/example_dags/example_bash_operator.py took 0.166 seconds
[2025-03-06T01:10:58.047+0000] {processor.py:186} INFO - Started process (PID=6946) to work on /home/ubuntu/redfin_venv/lib/python3.12/site-packages/airflow/example_dags/example_bash_operator.py
[2025-03-06T01:10:58.049+0000] {processor.py:914} INFO - Processing file /home/ubuntu/redfin_venv/lib/python3.12/site-packages/airflow/example_dags/example_bash_operator.py for tasks to queue
[2025-03-06T01:10:58.051+0000] {logging_mixin.py:190} INFO - [2025-03-06T01:10:58.051+0000] {dagbag.py:588} INFO - Filling up the DagBag from /home/ubuntu/redfin_venv/lib/python3.12/site-packages/airflow/example_dags/example_bash_operator.py
[2025-03-06T01:10:58.070+0000] {processor.py:925} INFO - DAG(s) 'example_bash_operator' retrieved from /home/ubuntu/redfin_venv/lib/python3.12/site-packages/airflow/example_dags/example_bash_operator.py
[2025-03-06T01:10:58.110+0000] {logging_mixin.py:190} INFO - [2025-03-06T01:10:58.110+0000] {dag.py:3239} INFO - Sync 1 DAGs
[2025-03-06T01:10:58.137+0000] {logging_mixin.py:190} INFO - [2025-03-06T01:10:58.137+0000] {dag.py:4180} INFO - Setting next_dagrun for example_bash_operator to 2025-03-05 00:00:00+00:00, run_after=2025-03-06 00:00:00+00:00
[2025-03-06T01:10:58.165+0000] {processor.py:208} INFO - Processing /home/ubuntu/redfin_venv/lib/python3.12/site-packages/airflow/example_dags/example_bash_operator.py took 0.124 seconds
[2025-03-06T01:12:00.564+0000] {processor.py:186} INFO - Started process (PID=7065) to work on /home/ubuntu/redfin_venv/lib/python3.12/site-packages/airflow/example_dags/example_bash_operator.py
[2025-03-06T01:12:00.566+0000] {processor.py:914} INFO - Processing file /home/ubuntu/redfin_venv/lib/python3.12/site-packages/airflow/example_dags/example_bash_operator.py for tasks to queue
[2025-03-06T01:12:00.568+0000] {logging_mixin.py:190} INFO - [2025-03-06T01:12:00.568+0000] {dagbag.py:588} INFO - Filling up the DagBag from /home/ubuntu/redfin_venv/lib/python3.12/site-packages/airflow/example_dags/example_bash_operator.py
[2025-03-06T01:12:00.587+0000] {processor.py:925} INFO - DAG(s) 'example_bash_operator' retrieved from /home/ubuntu/redfin_venv/lib/python3.12/site-packages/airflow/example_dags/example_bash_operator.py
[2025-03-06T01:12:00.612+0000] {logging_mixin.py:190} INFO - [2025-03-06T01:12:00.612+0000] {dag.py:3239} INFO - Sync 1 DAGs
[2025-03-06T01:12:00.639+0000] {logging_mixin.py:190} INFO - [2025-03-06T01:12:00.638+0000] {dag.py:4180} INFO - Setting next_dagrun for example_bash_operator to 2025-03-05 00:00:00+00:00, run_after=2025-03-06 00:00:00+00:00
[2025-03-06T01:12:00.666+0000] {processor.py:208} INFO - Processing /home/ubuntu/redfin_venv/lib/python3.12/site-packages/airflow/example_dags/example_bash_operator.py took 0.109 seconds
[2025-03-06T01:13:07.262+0000] {processor.py:186} INFO - Started process (PID=7187) to work on /home/ubuntu/redfin_venv/lib/python3.12/site-packages/airflow/example_dags/example_bash_operator.py
[2025-03-06T01:13:07.264+0000] {processor.py:914} INFO - Processing file /home/ubuntu/redfin_venv/lib/python3.12/site-packages/airflow/example_dags/example_bash_operator.py for tasks to queue
[2025-03-06T01:13:07.266+0000] {logging_mixin.py:190} INFO - [2025-03-06T01:13:07.266+0000] {dagbag.py:588} INFO - Filling up the DagBag from /home/ubuntu/redfin_venv/lib/python3.12/site-packages/airflow/example_dags/example_bash_operator.py
[2025-03-06T01:13:07.283+0000] {processor.py:925} INFO - DAG(s) 'example_bash_operator' retrieved from /home/ubuntu/redfin_venv/lib/python3.12/site-packages/airflow/example_dags/example_bash_operator.py
[2025-03-06T01:13:07.308+0000] {logging_mixin.py:190} INFO - [2025-03-06T01:13:07.307+0000] {dag.py:3239} INFO - Sync 1 DAGs
[2025-03-06T01:13:07.332+0000] {logging_mixin.py:190} INFO - [2025-03-06T01:13:07.332+0000] {dag.py:4180} INFO - Setting next_dagrun for example_bash_operator to 2025-03-05 00:00:00+00:00, run_after=2025-03-06 00:00:00+00:00
[2025-03-06T01:13:07.356+0000] {processor.py:208} INFO - Processing /home/ubuntu/redfin_venv/lib/python3.12/site-packages/airflow/example_dags/example_bash_operator.py took 0.102 seconds
[2025-03-06T01:14:07.399+0000] {processor.py:186} INFO - Started process (PID=7367) to work on /home/ubuntu/redfin_venv/lib/python3.12/site-packages/airflow/example_dags/example_bash_operator.py
[2025-03-06T01:14:07.410+0000] {processor.py:914} INFO - Processing file /home/ubuntu/redfin_venv/lib/python3.12/site-packages/airflow/example_dags/example_bash_operator.py for tasks to queue
[2025-03-06T01:14:07.414+0000] {logging_mixin.py:190} INFO - [2025-03-06T01:14:07.413+0000] {dagbag.py:588} INFO - Filling up the DagBag from /home/ubuntu/redfin_venv/lib/python3.12/site-packages/airflow/example_dags/example_bash_operator.py
[2025-03-06T01:14:07.440+0000] {processor.py:925} INFO - DAG(s) 'example_bash_operator' retrieved from /home/ubuntu/redfin_venv/lib/python3.12/site-packages/airflow/example_dags/example_bash_operator.py
[2025-03-06T01:14:07.476+0000] {logging_mixin.py:190} INFO - [2025-03-06T01:14:07.476+0000] {dag.py:3239} INFO - Sync 1 DAGs
[2025-03-06T01:14:07.520+0000] {logging_mixin.py:190} INFO - [2025-03-06T01:14:07.520+0000] {dag.py:4180} INFO - Setting next_dagrun for example_bash_operator to 2025-03-05 00:00:00+00:00, run_after=2025-03-06 00:00:00+00:00
[2025-03-06T01:14:07.558+0000] {processor.py:208} INFO - Processing /home/ubuntu/redfin_venv/lib/python3.12/site-packages/airflow/example_dags/example_bash_operator.py took 0.171 seconds
[2025-03-06T01:15:08.648+0000] {processor.py:186} INFO - Started process (PID=7610) to work on /home/ubuntu/redfin_venv/lib/python3.12/site-packages/airflow/example_dags/example_bash_operator.py
[2025-03-06T01:15:08.650+0000] {processor.py:914} INFO - Processing file /home/ubuntu/redfin_venv/lib/python3.12/site-packages/airflow/example_dags/example_bash_operator.py for tasks to queue
[2025-03-06T01:15:08.654+0000] {logging_mixin.py:190} INFO - [2025-03-06T01:15:08.653+0000] {dagbag.py:588} INFO - Filling up the DagBag from /home/ubuntu/redfin_venv/lib/python3.12/site-packages/airflow/example_dags/example_bash_operator.py
[2025-03-06T01:15:08.674+0000] {processor.py:925} INFO - DAG(s) 'example_bash_operator' retrieved from /home/ubuntu/redfin_venv/lib/python3.12/site-packages/airflow/example_dags/example_bash_operator.py
[2025-03-06T01:15:08.709+0000] {logging_mixin.py:190} INFO - [2025-03-06T01:15:08.709+0000] {dag.py:3239} INFO - Sync 1 DAGs
[2025-03-06T01:15:08.744+0000] {logging_mixin.py:190} INFO - [2025-03-06T01:15:08.743+0000] {dag.py:4180} INFO - Setting next_dagrun for example_bash_operator to 2025-03-05 00:00:00+00:00, run_after=2025-03-06 00:00:00+00:00
[2025-03-06T01:15:08.774+0000] {processor.py:208} INFO - Processing /home/ubuntu/redfin_venv/lib/python3.12/site-packages/airflow/example_dags/example_bash_operator.py took 0.141 seconds
[2025-03-06T01:16:11.890+0000] {processor.py:186} INFO - Started process (PID=7790) to work on /home/ubuntu/redfin_venv/lib/python3.12/site-packages/airflow/example_dags/example_bash_operator.py
[2025-03-06T01:16:11.891+0000] {processor.py:914} INFO - Processing file /home/ubuntu/redfin_venv/lib/python3.12/site-packages/airflow/example_dags/example_bash_operator.py for tasks to queue
[2025-03-06T01:16:11.894+0000] {logging_mixin.py:190} INFO - [2025-03-06T01:16:11.893+0000] {dagbag.py:588} INFO - Filling up the DagBag from /home/ubuntu/redfin_venv/lib/python3.12/site-packages/airflow/example_dags/example_bash_operator.py
[2025-03-06T01:16:11.909+0000] {processor.py:925} INFO - DAG(s) 'example_bash_operator' retrieved from /home/ubuntu/redfin_venv/lib/python3.12/site-packages/airflow/example_dags/example_bash_operator.py
[2025-03-06T01:16:11.935+0000] {logging_mixin.py:190} INFO - [2025-03-06T01:16:11.935+0000] {dag.py:3239} INFO - Sync 1 DAGs
[2025-03-06T01:16:11.960+0000] {logging_mixin.py:190} INFO - [2025-03-06T01:16:11.960+0000] {dag.py:4180} INFO - Setting next_dagrun for example_bash_operator to 2025-03-05 00:00:00+00:00, run_after=2025-03-06 00:00:00+00:00
[2025-03-06T01:16:11.991+0000] {processor.py:208} INFO - Processing /home/ubuntu/redfin_venv/lib/python3.12/site-packages/airflow/example_dags/example_bash_operator.py took 0.108 seconds
[2025-03-06T01:17:11.179+0000] {processor.py:186} INFO - Started process (PID=7911) to work on /home/ubuntu/redfin_venv/lib/python3.12/site-packages/airflow/example_dags/example_bash_operator.py
[2025-03-06T01:17:11.181+0000] {processor.py:914} INFO - Processing file /home/ubuntu/redfin_venv/lib/python3.12/site-packages/airflow/example_dags/example_bash_operator.py for tasks to queue
[2025-03-06T01:17:11.183+0000] {logging_mixin.py:190} INFO - [2025-03-06T01:17:11.182+0000] {dagbag.py:588} INFO - Filling up the DagBag from /home/ubuntu/redfin_venv/lib/python3.12/site-packages/airflow/example_dags/example_bash_operator.py
[2025-03-06T01:17:11.198+0000] {processor.py:925} INFO - DAG(s) 'example_bash_operator' retrieved from /home/ubuntu/redfin_venv/lib/python3.12/site-packages/airflow/example_dags/example_bash_operator.py
[2025-03-06T01:17:11.223+0000] {logging_mixin.py:190} INFO - [2025-03-06T01:17:11.223+0000] {dag.py:3239} INFO - Sync 1 DAGs
[2025-03-06T01:17:11.245+0000] {logging_mixin.py:190} INFO - [2025-03-06T01:17:11.245+0000] {dag.py:4180} INFO - Setting next_dagrun for example_bash_operator to 2025-03-05 00:00:00+00:00, run_after=2025-03-06 00:00:00+00:00
[2025-03-06T01:17:11.268+0000] {processor.py:208} INFO - Processing /home/ubuntu/redfin_venv/lib/python3.12/site-packages/airflow/example_dags/example_bash_operator.py took 0.095 seconds
[2025-03-06T01:18:12.830+0000] {processor.py:186} INFO - Started process (PID=8252) to work on /home/ubuntu/redfin_venv/lib/python3.12/site-packages/airflow/example_dags/example_bash_operator.py
[2025-03-06T01:18:12.831+0000] {processor.py:914} INFO - Processing file /home/ubuntu/redfin_venv/lib/python3.12/site-packages/airflow/example_dags/example_bash_operator.py for tasks to queue
[2025-03-06T01:18:12.836+0000] {logging_mixin.py:190} INFO - [2025-03-06T01:18:12.836+0000] {dagbag.py:588} INFO - Filling up the DagBag from /home/ubuntu/redfin_venv/lib/python3.12/site-packages/airflow/example_dags/example_bash_operator.py
[2025-03-06T01:18:12.867+0000] {processor.py:925} INFO - DAG(s) 'example_bash_operator' retrieved from /home/ubuntu/redfin_venv/lib/python3.12/site-packages/airflow/example_dags/example_bash_operator.py
[2025-03-06T01:18:12.894+0000] {logging_mixin.py:190} INFO - [2025-03-06T01:18:12.894+0000] {dag.py:3239} INFO - Sync 1 DAGs
[2025-03-06T01:18:12.922+0000] {logging_mixin.py:190} INFO - [2025-03-06T01:18:12.922+0000] {dag.py:4180} INFO - Setting next_dagrun for example_bash_operator to 2025-03-05 00:00:00+00:00, run_after=2025-03-06 00:00:00+00:00
[2025-03-06T01:18:12.953+0000] {processor.py:208} INFO - Processing /home/ubuntu/redfin_venv/lib/python3.12/site-packages/airflow/example_dags/example_bash_operator.py took 0.137 seconds
[2025-03-06T01:19:15.927+0000] {processor.py:186} INFO - Started process (PID=8516) to work on /home/ubuntu/redfin_venv/lib/python3.12/site-packages/airflow/example_dags/example_bash_operator.py
[2025-03-06T01:19:15.928+0000] {processor.py:914} INFO - Processing file /home/ubuntu/redfin_venv/lib/python3.12/site-packages/airflow/example_dags/example_bash_operator.py for tasks to queue
[2025-03-06T01:19:15.931+0000] {logging_mixin.py:190} INFO - [2025-03-06T01:19:15.930+0000] {dagbag.py:588} INFO - Filling up the DagBag from /home/ubuntu/redfin_venv/lib/python3.12/site-packages/airflow/example_dags/example_bash_operator.py
[2025-03-06T01:19:15.950+0000] {processor.py:925} INFO - DAG(s) 'example_bash_operator' retrieved from /home/ubuntu/redfin_venv/lib/python3.12/site-packages/airflow/example_dags/example_bash_operator.py
[2025-03-06T01:19:15.980+0000] {logging_mixin.py:190} INFO - [2025-03-06T01:19:15.979+0000] {dag.py:3239} INFO - Sync 1 DAGs
[2025-03-06T01:19:16.012+0000] {logging_mixin.py:190} INFO - [2025-03-06T01:19:16.012+0000] {dag.py:4180} INFO - Setting next_dagrun for example_bash_operator to 2025-03-05 00:00:00+00:00, run_after=2025-03-06 00:00:00+00:00
[2025-03-06T01:19:16.038+0000] {processor.py:208} INFO - Processing /home/ubuntu/redfin_venv/lib/python3.12/site-packages/airflow/example_dags/example_bash_operator.py took 0.118 seconds
