[2025-03-06T00:58:43.022+0000] {processor.py:186} INFO - Started process (PID=3577) to work on /home/ubuntu/redfin_venv/lib/python3.12/site-packages/airflow/example_dags/example_python_decorator.py
[2025-03-06T00:58:43.023+0000] {processor.py:914} INFO - Processing file /home/ubuntu/redfin_venv/lib/python3.12/site-packages/airflow/example_dags/example_python_decorator.py for tasks to queue
[2025-03-06T00:58:43.026+0000] {logging_mixin.py:190} INFO - [2025-03-06T00:58:43.025+0000] {dagbag.py:588} INFO - Filling up the DagBag from /home/ubuntu/redfin_venv/lib/python3.12/site-packages/airflow/example_dags/example_python_decorator.py
[2025-03-06T00:58:43.040+0000] {logging_mixin.py:190} INFO - [2025-03-06T00:58:43.039+0000] {example_python_decorator.py:80} WARNING - The virtalenv_python example task requires virtualenv, please install it.
[2025-03-06T00:58:43.042+0000] {processor.py:925} INFO - DAG(s) 'example_python_decorator' retrieved from /home/ubuntu/redfin_venv/lib/python3.12/site-packages/airflow/example_dags/example_python_decorator.py
[2025-03-06T00:58:43.068+0000] {logging_mixin.py:190} INFO - [2025-03-06T00:58:43.068+0000] {dag.py:3239} INFO - Sync 1 DAGs
[2025-03-06T00:58:43.082+0000] {logging_mixin.py:190} INFO - [2025-03-06T00:58:43.081+0000] {dag.py:4180} INFO - Setting next_dagrun for example_python_decorator to None, run_after=None
[2025-03-06T00:58:43.108+0000] {processor.py:208} INFO - Processing /home/ubuntu/redfin_venv/lib/python3.12/site-packages/airflow/example_dags/example_python_decorator.py took 0.092 seconds
[2025-03-06T00:59:41.082+0000] {processor.py:186} INFO - Started process (PID=4000) to work on /home/ubuntu/redfin_venv/lib/python3.12/site-packages/airflow/example_dags/example_python_decorator.py
[2025-03-06T00:59:41.083+0000] {processor.py:914} INFO - Processing file /home/ubuntu/redfin_venv/lib/python3.12/site-packages/airflow/example_dags/example_python_decorator.py for tasks to queue
[2025-03-06T00:59:41.085+0000] {logging_mixin.py:190} INFO - [2025-03-06T00:59:41.085+0000] {dagbag.py:588} INFO - Filling up the DagBag from /home/ubuntu/redfin_venv/lib/python3.12/site-packages/airflow/example_dags/example_python_decorator.py
[2025-03-06T00:59:41.095+0000] {logging_mixin.py:190} INFO - [2025-03-06T00:59:41.095+0000] {example_python_decorator.py:80} WARNING - The virtalenv_python example task requires virtualenv, please install it.
[2025-03-06T00:59:41.097+0000] {processor.py:925} INFO - DAG(s) 'example_python_decorator' retrieved from /home/ubuntu/redfin_venv/lib/python3.12/site-packages/airflow/example_dags/example_python_decorator.py
[2025-03-06T00:59:41.118+0000] {logging_mixin.py:190} INFO - [2025-03-06T00:59:41.117+0000] {dag.py:3239} INFO - Sync 1 DAGs
[2025-03-06T00:59:41.132+0000] {logging_mixin.py:190} INFO - [2025-03-06T00:59:41.131+0000] {dag.py:4180} INFO - Setting next_dagrun for example_python_decorator to None, run_after=None
[2025-03-06T00:59:41.156+0000] {processor.py:208} INFO - Processing /home/ubuntu/redfin_venv/lib/python3.12/site-packages/airflow/example_dags/example_python_decorator.py took 0.081 seconds
[2025-03-06T01:00:40.847+0000] {processor.py:186} INFO - Started process (PID=4600) to work on /home/ubuntu/redfin_venv/lib/python3.12/site-packages/airflow/example_dags/example_python_decorator.py
[2025-03-06T01:00:40.849+0000] {processor.py:914} INFO - Processing file /home/ubuntu/redfin_venv/lib/python3.12/site-packages/airflow/example_dags/example_python_decorator.py for tasks to queue
[2025-03-06T01:00:40.851+0000] {logging_mixin.py:190} INFO - [2025-03-06T01:00:40.850+0000] {dagbag.py:588} INFO - Filling up the DagBag from /home/ubuntu/redfin_venv/lib/python3.12/site-packages/airflow/example_dags/example_python_decorator.py
[2025-03-06T01:00:40.861+0000] {logging_mixin.py:190} INFO - [2025-03-06T01:00:40.861+0000] {example_python_decorator.py:80} WARNING - The virtalenv_python example task requires virtualenv, please install it.
[2025-03-06T01:00:40.863+0000] {processor.py:925} INFO - DAG(s) 'example_python_decorator' retrieved from /home/ubuntu/redfin_venv/lib/python3.12/site-packages/airflow/example_dags/example_python_decorator.py
[2025-03-06T01:00:40.882+0000] {logging_mixin.py:190} INFO - [2025-03-06T01:00:40.882+0000] {dag.py:3239} INFO - Sync 1 DAGs
[2025-03-06T01:00:40.896+0000] {logging_mixin.py:190} INFO - [2025-03-06T01:00:40.896+0000] {dag.py:4180} INFO - Setting next_dagrun for example_python_decorator to None, run_after=None
[2025-03-06T01:00:40.921+0000] {processor.py:208} INFO - Processing /home/ubuntu/redfin_venv/lib/python3.12/site-packages/airflow/example_dags/example_python_decorator.py took 0.080 seconds
[2025-03-06T01:01:40.224+0000] {processor.py:186} INFO - Started process (PID=4899) to work on /home/ubuntu/redfin_venv/lib/python3.12/site-packages/airflow/example_dags/example_python_decorator.py
[2025-03-06T01:01:40.226+0000] {processor.py:914} INFO - Processing file /home/ubuntu/redfin_venv/lib/python3.12/site-packages/airflow/example_dags/example_python_decorator.py for tasks to queue
[2025-03-06T01:01:40.228+0000] {logging_mixin.py:190} INFO - [2025-03-06T01:01:40.228+0000] {dagbag.py:588} INFO - Filling up the DagBag from /home/ubuntu/redfin_venv/lib/python3.12/site-packages/airflow/example_dags/example_python_decorator.py
[2025-03-06T01:01:40.242+0000] {logging_mixin.py:190} INFO - [2025-03-06T01:01:40.242+0000] {example_python_decorator.py:80} WARNING - The virtalenv_python example task requires virtualenv, please install it.
[2025-03-06T01:01:40.246+0000] {processor.py:925} INFO - DAG(s) 'example_python_decorator' retrieved from /home/ubuntu/redfin_venv/lib/python3.12/site-packages/airflow/example_dags/example_python_decorator.py
[2025-03-06T01:01:40.271+0000] {logging_mixin.py:190} INFO - [2025-03-06T01:01:40.271+0000] {dag.py:3239} INFO - Sync 1 DAGs
[2025-03-06T01:01:40.290+0000] {logging_mixin.py:190} INFO - [2025-03-06T01:01:40.290+0000] {dag.py:4180} INFO - Setting next_dagrun for example_python_decorator to None, run_after=None
[2025-03-06T01:01:40.322+0000] {processor.py:208} INFO - Processing /home/ubuntu/redfin_venv/lib/python3.12/site-packages/airflow/example_dags/example_python_decorator.py took 0.107 seconds
[2025-03-06T01:02:40.785+0000] {processor.py:186} INFO - Started process (PID=5200) to work on /home/ubuntu/redfin_venv/lib/python3.12/site-packages/airflow/example_dags/example_python_decorator.py
[2025-03-06T01:02:40.790+0000] {processor.py:914} INFO - Processing file /home/ubuntu/redfin_venv/lib/python3.12/site-packages/airflow/example_dags/example_python_decorator.py for tasks to queue
[2025-03-06T01:02:40.793+0000] {logging_mixin.py:190} INFO - [2025-03-06T01:02:40.792+0000] {dagbag.py:588} INFO - Filling up the DagBag from /home/ubuntu/redfin_venv/lib/python3.12/site-packages/airflow/example_dags/example_python_decorator.py
[2025-03-06T01:02:40.807+0000] {logging_mixin.py:190} INFO - [2025-03-06T01:02:40.807+0000] {example_python_decorator.py:80} WARNING - The virtalenv_python example task requires virtualenv, please install it.
[2025-03-06T01:02:40.810+0000] {processor.py:925} INFO - DAG(s) 'example_python_decorator' retrieved from /home/ubuntu/redfin_venv/lib/python3.12/site-packages/airflow/example_dags/example_python_decorator.py
[2025-03-06T01:02:40.832+0000] {logging_mixin.py:190} INFO - [2025-03-06T01:02:40.832+0000] {dag.py:3239} INFO - Sync 1 DAGs
[2025-03-06T01:02:40.848+0000] {logging_mixin.py:190} INFO - [2025-03-06T01:02:40.848+0000] {dag.py:4180} INFO - Setting next_dagrun for example_python_decorator to None, run_after=None
[2025-03-06T01:02:40.874+0000] {processor.py:208} INFO - Processing /home/ubuntu/redfin_venv/lib/python3.12/site-packages/airflow/example_dags/example_python_decorator.py took 0.096 seconds
[2025-03-06T01:03:40.119+0000] {processor.py:186} INFO - Started process (PID=5379) to work on /home/ubuntu/redfin_venv/lib/python3.12/site-packages/airflow/example_dags/example_python_decorator.py
[2025-03-06T01:03:40.121+0000] {processor.py:914} INFO - Processing file /home/ubuntu/redfin_venv/lib/python3.12/site-packages/airflow/example_dags/example_python_decorator.py for tasks to queue
[2025-03-06T01:03:40.131+0000] {logging_mixin.py:190} INFO - [2025-03-06T01:03:40.131+0000] {dagbag.py:588} INFO - Filling up the DagBag from /home/ubuntu/redfin_venv/lib/python3.12/site-packages/airflow/example_dags/example_python_decorator.py
[2025-03-06T01:03:40.146+0000] {logging_mixin.py:190} INFO - [2025-03-06T01:03:40.146+0000] {example_python_decorator.py:80} WARNING - The virtalenv_python example task requires virtualenv, please install it.
[2025-03-06T01:03:40.149+0000] {processor.py:925} INFO - DAG(s) 'example_python_decorator' retrieved from /home/ubuntu/redfin_venv/lib/python3.12/site-packages/airflow/example_dags/example_python_decorator.py
[2025-03-06T01:03:40.174+0000] {logging_mixin.py:190} INFO - [2025-03-06T01:03:40.174+0000] {dag.py:3239} INFO - Sync 1 DAGs
[2025-03-06T01:03:40.189+0000] {logging_mixin.py:190} INFO - [2025-03-06T01:03:40.188+0000] {dag.py:4180} INFO - Setting next_dagrun for example_python_decorator to None, run_after=None
[2025-03-06T01:03:40.213+0000] {processor.py:208} INFO - Processing /home/ubuntu/redfin_venv/lib/python3.12/site-packages/airflow/example_dags/example_python_decorator.py took 0.106 seconds
[2025-03-06T01:04:41.216+0000] {processor.py:186} INFO - Started process (PID=5497) to work on /home/ubuntu/redfin_venv/lib/python3.12/site-packages/airflow/example_dags/example_python_decorator.py
[2025-03-06T01:04:41.219+0000] {processor.py:914} INFO - Processing file /home/ubuntu/redfin_venv/lib/python3.12/site-packages/airflow/example_dags/example_python_decorator.py for tasks to queue
[2025-03-06T01:04:41.224+0000] {logging_mixin.py:190} INFO - [2025-03-06T01:04:41.223+0000] {dagbag.py:588} INFO - Filling up the DagBag from /home/ubuntu/redfin_venv/lib/python3.12/site-packages/airflow/example_dags/example_python_decorator.py
[2025-03-06T01:04:41.252+0000] {logging_mixin.py:190} INFO - [2025-03-06T01:04:41.249+0000] {example_python_decorator.py:80} WARNING - The virtalenv_python example task requires virtualenv, please install it.
[2025-03-06T01:04:41.255+0000] {processor.py:925} INFO - DAG(s) 'example_python_decorator' retrieved from /home/ubuntu/redfin_venv/lib/python3.12/site-packages/airflow/example_dags/example_python_decorator.py
[2025-03-06T01:04:41.286+0000] {logging_mixin.py:190} INFO - [2025-03-06T01:04:41.286+0000] {dag.py:3239} INFO - Sync 1 DAGs
[2025-03-06T01:04:41.299+0000] {logging_mixin.py:190} INFO - [2025-03-06T01:04:41.299+0000] {dag.py:4180} INFO - Setting next_dagrun for example_python_decorator to None, run_after=None
[2025-03-06T01:04:41.324+0000] {processor.py:208} INFO - Processing /home/ubuntu/redfin_venv/lib/python3.12/site-packages/airflow/example_dags/example_python_decorator.py took 0.117 seconds
[2025-03-06T01:05:46.390+0000] {processor.py:186} INFO - Started process (PID=5621) to work on /home/ubuntu/redfin_venv/lib/python3.12/site-packages/airflow/example_dags/example_python_decorator.py
[2025-03-06T01:05:46.391+0000] {processor.py:914} INFO - Processing file /home/ubuntu/redfin_venv/lib/python3.12/site-packages/airflow/example_dags/example_python_decorator.py for tasks to queue
[2025-03-06T01:05:46.394+0000] {logging_mixin.py:190} INFO - [2025-03-06T01:05:46.393+0000] {dagbag.py:588} INFO - Filling up the DagBag from /home/ubuntu/redfin_venv/lib/python3.12/site-packages/airflow/example_dags/example_python_decorator.py
[2025-03-06T01:05:46.405+0000] {logging_mixin.py:190} INFO - [2025-03-06T01:05:46.405+0000] {example_python_decorator.py:80} WARNING - The virtalenv_python example task requires virtualenv, please install it.
[2025-03-06T01:05:46.407+0000] {processor.py:925} INFO - DAG(s) 'example_python_decorator' retrieved from /home/ubuntu/redfin_venv/lib/python3.12/site-packages/airflow/example_dags/example_python_decorator.py
[2025-03-06T01:05:46.428+0000] {logging_mixin.py:190} INFO - [2025-03-06T01:05:46.427+0000] {dag.py:3239} INFO - Sync 1 DAGs
[2025-03-06T01:05:46.447+0000] {logging_mixin.py:190} INFO - [2025-03-06T01:05:46.446+0000] {dag.py:4180} INFO - Setting next_dagrun for example_python_decorator to None, run_after=None
[2025-03-06T01:05:46.475+0000] {processor.py:208} INFO - Processing /home/ubuntu/redfin_venv/lib/python3.12/site-packages/airflow/example_dags/example_python_decorator.py took 0.093 seconds
[2025-03-06T01:06:49.124+0000] {processor.py:186} INFO - Started process (PID=5923) to work on /home/ubuntu/redfin_venv/lib/python3.12/site-packages/airflow/example_dags/example_python_decorator.py
[2025-03-06T01:06:49.126+0000] {processor.py:914} INFO - Processing file /home/ubuntu/redfin_venv/lib/python3.12/site-packages/airflow/example_dags/example_python_decorator.py for tasks to queue
[2025-03-06T01:06:49.130+0000] {logging_mixin.py:190} INFO - [2025-03-06T01:06:49.129+0000] {dagbag.py:588} INFO - Filling up the DagBag from /home/ubuntu/redfin_venv/lib/python3.12/site-packages/airflow/example_dags/example_python_decorator.py
[2025-03-06T01:06:49.157+0000] {logging_mixin.py:190} INFO - [2025-03-06T01:06:49.157+0000] {example_python_decorator.py:80} WARNING - The virtalenv_python example task requires virtualenv, please install it.
[2025-03-06T01:06:49.162+0000] {processor.py:925} INFO - DAG(s) 'example_python_decorator' retrieved from /home/ubuntu/redfin_venv/lib/python3.12/site-packages/airflow/example_dags/example_python_decorator.py
[2025-03-06T01:06:49.180+0000] {logging_mixin.py:190} INFO - [2025-03-06T01:06:49.180+0000] {dag.py:3239} INFO - Sync 1 DAGs
[2025-03-06T01:06:49.198+0000] {logging_mixin.py:190} INFO - [2025-03-06T01:06:49.197+0000] {dag.py:4180} INFO - Setting next_dagrun for example_python_decorator to None, run_after=None
[2025-03-06T01:06:49.241+0000] {processor.py:208} INFO - Processing /home/ubuntu/redfin_venv/lib/python3.12/site-packages/airflow/example_dags/example_python_decorator.py took 0.124 seconds
[2025-03-06T01:07:50.181+0000] {processor.py:186} INFO - Started process (PID=6282) to work on /home/ubuntu/redfin_venv/lib/python3.12/site-packages/airflow/example_dags/example_python_decorator.py
[2025-03-06T01:07:50.183+0000] {processor.py:914} INFO - Processing file /home/ubuntu/redfin_venv/lib/python3.12/site-packages/airflow/example_dags/example_python_decorator.py for tasks to queue
[2025-03-06T01:07:50.187+0000] {logging_mixin.py:190} INFO - [2025-03-06T01:07:50.186+0000] {dagbag.py:588} INFO - Filling up the DagBag from /home/ubuntu/redfin_venv/lib/python3.12/site-packages/airflow/example_dags/example_python_decorator.py
[2025-03-06T01:07:50.201+0000] {logging_mixin.py:190} INFO - [2025-03-06T01:07:50.201+0000] {example_python_decorator.py:80} WARNING - The virtalenv_python example task requires virtualenv, please install it.
[2025-03-06T01:07:50.204+0000] {processor.py:925} INFO - DAG(s) 'example_python_decorator' retrieved from /home/ubuntu/redfin_venv/lib/python3.12/site-packages/airflow/example_dags/example_python_decorator.py
[2025-03-06T01:07:50.231+0000] {logging_mixin.py:190} INFO - [2025-03-06T01:07:50.231+0000] {dag.py:3239} INFO - Sync 1 DAGs
[2025-03-06T01:07:50.260+0000] {logging_mixin.py:190} INFO - [2025-03-06T01:07:50.260+0000] {dag.py:4180} INFO - Setting next_dagrun for example_python_decorator to None, run_after=None
[2025-03-06T01:07:50.285+0000] {processor.py:208} INFO - Processing /home/ubuntu/redfin_venv/lib/python3.12/site-packages/airflow/example_dags/example_python_decorator.py took 0.116 seconds
[2025-03-06T01:08:49.164+0000] {processor.py:186} INFO - Started process (PID=6580) to work on /home/ubuntu/redfin_venv/lib/python3.12/site-packages/airflow/example_dags/example_python_decorator.py
[2025-03-06T01:08:49.167+0000] {processor.py:914} INFO - Processing file /home/ubuntu/redfin_venv/lib/python3.12/site-packages/airflow/example_dags/example_python_decorator.py for tasks to queue
[2025-03-06T01:08:49.171+0000] {logging_mixin.py:190} INFO - [2025-03-06T01:08:49.171+0000] {dagbag.py:588} INFO - Filling up the DagBag from /home/ubuntu/redfin_venv/lib/python3.12/site-packages/airflow/example_dags/example_python_decorator.py
[2025-03-06T01:08:49.189+0000] {logging_mixin.py:190} INFO - [2025-03-06T01:08:49.189+0000] {example_python_decorator.py:80} WARNING - The virtalenv_python example task requires virtualenv, please install it.
[2025-03-06T01:08:49.192+0000] {processor.py:925} INFO - DAG(s) 'example_python_decorator' retrieved from /home/ubuntu/redfin_venv/lib/python3.12/site-packages/airflow/example_dags/example_python_decorator.py
[2025-03-06T01:08:49.213+0000] {logging_mixin.py:190} INFO - [2025-03-06T01:08:49.213+0000] {dag.py:3239} INFO - Sync 1 DAGs
[2025-03-06T01:08:49.227+0000] {logging_mixin.py:190} INFO - [2025-03-06T01:08:49.226+0000] {dag.py:4180} INFO - Setting next_dagrun for example_python_decorator to None, run_after=None
[2025-03-06T01:08:49.251+0000] {processor.py:208} INFO - Processing /home/ubuntu/redfin_venv/lib/python3.12/site-packages/airflow/example_dags/example_python_decorator.py took 0.097 seconds
[2025-03-06T01:09:53.140+0000] {processor.py:186} INFO - Started process (PID=6820) to work on /home/ubuntu/redfin_venv/lib/python3.12/site-packages/airflow/example_dags/example_python_decorator.py
[2025-03-06T01:09:53.141+0000] {processor.py:914} INFO - Processing file /home/ubuntu/redfin_venv/lib/python3.12/site-packages/airflow/example_dags/example_python_decorator.py for tasks to queue
[2025-03-06T01:09:53.144+0000] {logging_mixin.py:190} INFO - [2025-03-06T01:09:53.143+0000] {dagbag.py:588} INFO - Filling up the DagBag from /home/ubuntu/redfin_venv/lib/python3.12/site-packages/airflow/example_dags/example_python_decorator.py
[2025-03-06T01:09:53.154+0000] {logging_mixin.py:190} INFO - [2025-03-06T01:09:53.154+0000] {example_python_decorator.py:80} WARNING - The virtalenv_python example task requires virtualenv, please install it.
[2025-03-06T01:09:53.159+0000] {processor.py:925} INFO - DAG(s) 'example_python_decorator' retrieved from /home/ubuntu/redfin_venv/lib/python3.12/site-packages/airflow/example_dags/example_python_decorator.py
[2025-03-06T01:09:53.191+0000] {logging_mixin.py:190} INFO - [2025-03-06T01:09:53.190+0000] {dag.py:3239} INFO - Sync 1 DAGs
[2025-03-06T01:09:53.220+0000] {logging_mixin.py:190} INFO - [2025-03-06T01:09:53.219+0000] {dag.py:4180} INFO - Setting next_dagrun for example_python_decorator to None, run_after=None
[2025-03-06T01:09:53.249+0000] {processor.py:208} INFO - Processing /home/ubuntu/redfin_venv/lib/python3.12/site-packages/airflow/example_dags/example_python_decorator.py took 0.118 seconds
[2025-03-06T01:10:55.320+0000] {processor.py:186} INFO - Started process (PID=6943) to work on /home/ubuntu/redfin_venv/lib/python3.12/site-packages/airflow/example_dags/example_python_decorator.py
[2025-03-06T01:10:55.323+0000] {processor.py:914} INFO - Processing file /home/ubuntu/redfin_venv/lib/python3.12/site-packages/airflow/example_dags/example_python_decorator.py for tasks to queue
[2025-03-06T01:10:55.327+0000] {logging_mixin.py:190} INFO - [2025-03-06T01:10:55.326+0000] {dagbag.py:588} INFO - Filling up the DagBag from /home/ubuntu/redfin_venv/lib/python3.12/site-packages/airflow/example_dags/example_python_decorator.py
[2025-03-06T01:10:55.337+0000] {logging_mixin.py:190} INFO - [2025-03-06T01:10:55.336+0000] {example_python_decorator.py:80} WARNING - The virtalenv_python example task requires virtualenv, please install it.
[2025-03-06T01:10:55.339+0000] {processor.py:925} INFO - DAG(s) 'example_python_decorator' retrieved from /home/ubuntu/redfin_venv/lib/python3.12/site-packages/airflow/example_dags/example_python_decorator.py
[2025-03-06T01:10:55.357+0000] {logging_mixin.py:190} INFO - [2025-03-06T01:10:55.357+0000] {dag.py:3239} INFO - Sync 1 DAGs
[2025-03-06T01:10:55.372+0000] {logging_mixin.py:190} INFO - [2025-03-06T01:10:55.372+0000] {dag.py:4180} INFO - Setting next_dagrun for example_python_decorator to None, run_after=None
[2025-03-06T01:10:55.409+0000] {processor.py:208} INFO - Processing /home/ubuntu/redfin_venv/lib/python3.12/site-packages/airflow/example_dags/example_python_decorator.py took 0.101 seconds
[2025-03-06T01:11:57.862+0000] {processor.py:186} INFO - Started process (PID=7062) to work on /home/ubuntu/redfin_venv/lib/python3.12/site-packages/airflow/example_dags/example_python_decorator.py
[2025-03-06T01:11:57.864+0000] {processor.py:914} INFO - Processing file /home/ubuntu/redfin_venv/lib/python3.12/site-packages/airflow/example_dags/example_python_decorator.py for tasks to queue
[2025-03-06T01:11:57.868+0000] {logging_mixin.py:190} INFO - [2025-03-06T01:11:57.868+0000] {dagbag.py:588} INFO - Filling up the DagBag from /home/ubuntu/redfin_venv/lib/python3.12/site-packages/airflow/example_dags/example_python_decorator.py
[2025-03-06T01:11:57.886+0000] {logging_mixin.py:190} INFO - [2025-03-06T01:11:57.885+0000] {example_python_decorator.py:80} WARNING - The virtalenv_python example task requires virtualenv, please install it.
[2025-03-06T01:11:57.891+0000] {processor.py:925} INFO - DAG(s) 'example_python_decorator' retrieved from /home/ubuntu/redfin_venv/lib/python3.12/site-packages/airflow/example_dags/example_python_decorator.py
[2025-03-06T01:11:57.922+0000] {logging_mixin.py:190} INFO - [2025-03-06T01:11:57.922+0000] {dag.py:3239} INFO - Sync 1 DAGs
[2025-03-06T01:11:57.945+0000] {logging_mixin.py:190} INFO - [2025-03-06T01:11:57.945+0000] {dag.py:4180} INFO - Setting next_dagrun for example_python_decorator to None, run_after=None
[2025-03-06T01:11:57.987+0000] {processor.py:208} INFO - Processing /home/ubuntu/redfin_venv/lib/python3.12/site-packages/airflow/example_dags/example_python_decorator.py took 0.137 seconds
[2025-03-06T01:13:03.472+0000] {processor.py:186} INFO - Started process (PID=7184) to work on /home/ubuntu/redfin_venv/lib/python3.12/site-packages/airflow/example_dags/example_python_decorator.py
[2025-03-06T01:13:03.474+0000] {processor.py:914} INFO - Processing file /home/ubuntu/redfin_venv/lib/python3.12/site-packages/airflow/example_dags/example_python_decorator.py for tasks to queue
[2025-03-06T01:13:03.476+0000] {logging_mixin.py:190} INFO - [2025-03-06T01:13:03.476+0000] {dagbag.py:588} INFO - Filling up the DagBag from /home/ubuntu/redfin_venv/lib/python3.12/site-packages/airflow/example_dags/example_python_decorator.py
[2025-03-06T01:13:03.488+0000] {logging_mixin.py:190} INFO - [2025-03-06T01:13:03.488+0000] {example_python_decorator.py:80} WARNING - The virtalenv_python example task requires virtualenv, please install it.
[2025-03-06T01:13:03.491+0000] {processor.py:925} INFO - DAG(s) 'example_python_decorator' retrieved from /home/ubuntu/redfin_venv/lib/python3.12/site-packages/airflow/example_dags/example_python_decorator.py
[2025-03-06T01:13:03.513+0000] {logging_mixin.py:190} INFO - [2025-03-06T01:13:03.513+0000] {dag.py:3239} INFO - Sync 1 DAGs
[2025-03-06T01:13:03.532+0000] {logging_mixin.py:190} INFO - [2025-03-06T01:13:03.531+0000] {dag.py:4180} INFO - Setting next_dagrun for example_python_decorator to None, run_after=None
[2025-03-06T01:13:03.564+0000] {processor.py:208} INFO - Processing /home/ubuntu/redfin_venv/lib/python3.12/site-packages/airflow/example_dags/example_python_decorator.py took 0.099 seconds
[2025-03-06T01:14:04.534+0000] {processor.py:186} INFO - Started process (PID=7364) to work on /home/ubuntu/redfin_venv/lib/python3.12/site-packages/airflow/example_dags/example_python_decorator.py
[2025-03-06T01:14:04.536+0000] {processor.py:914} INFO - Processing file /home/ubuntu/redfin_venv/lib/python3.12/site-packages/airflow/example_dags/example_python_decorator.py for tasks to queue
[2025-03-06T01:14:04.538+0000] {logging_mixin.py:190} INFO - [2025-03-06T01:14:04.538+0000] {dagbag.py:588} INFO - Filling up the DagBag from /home/ubuntu/redfin_venv/lib/python3.12/site-packages/airflow/example_dags/example_python_decorator.py
[2025-03-06T01:14:04.557+0000] {logging_mixin.py:190} INFO - [2025-03-06T01:14:04.556+0000] {example_python_decorator.py:80} WARNING - The virtalenv_python example task requires virtualenv, please install it.
[2025-03-06T01:14:04.561+0000] {processor.py:925} INFO - DAG(s) 'example_python_decorator' retrieved from /home/ubuntu/redfin_venv/lib/python3.12/site-packages/airflow/example_dags/example_python_decorator.py
[2025-03-06T01:14:04.583+0000] {logging_mixin.py:190} INFO - [2025-03-06T01:14:04.583+0000] {dag.py:3239} INFO - Sync 1 DAGs
[2025-03-06T01:14:04.597+0000] {logging_mixin.py:190} INFO - [2025-03-06T01:14:04.597+0000] {dag.py:4180} INFO - Setting next_dagrun for example_python_decorator to None, run_after=None
[2025-03-06T01:14:04.623+0000] {processor.py:208} INFO - Processing /home/ubuntu/redfin_venv/lib/python3.12/site-packages/airflow/example_dags/example_python_decorator.py took 0.102 seconds
[2025-03-06T01:15:04.997+0000] {processor.py:186} INFO - Started process (PID=7547) to work on /home/ubuntu/redfin_venv/lib/python3.12/site-packages/airflow/example_dags/example_python_decorator.py
[2025-03-06T01:15:04.998+0000] {processor.py:914} INFO - Processing file /home/ubuntu/redfin_venv/lib/python3.12/site-packages/airflow/example_dags/example_python_decorator.py for tasks to queue
[2025-03-06T01:15:05.001+0000] {logging_mixin.py:190} INFO - [2025-03-06T01:15:05.000+0000] {dagbag.py:588} INFO - Filling up the DagBag from /home/ubuntu/redfin_venv/lib/python3.12/site-packages/airflow/example_dags/example_python_decorator.py
[2025-03-06T01:15:05.030+0000] {logging_mixin.py:190} INFO - [2025-03-06T01:15:05.030+0000] {example_python_decorator.py:80} WARNING - The virtalenv_python example task requires virtualenv, please install it.
[2025-03-06T01:15:05.035+0000] {processor.py:925} INFO - DAG(s) 'example_python_decorator' retrieved from /home/ubuntu/redfin_venv/lib/python3.12/site-packages/airflow/example_dags/example_python_decorator.py
[2025-03-06T01:15:05.065+0000] {logging_mixin.py:190} INFO - [2025-03-06T01:15:05.065+0000] {dag.py:3239} INFO - Sync 1 DAGs
[2025-03-06T01:15:05.089+0000] {logging_mixin.py:190} INFO - [2025-03-06T01:15:05.089+0000] {dag.py:4180} INFO - Setting next_dagrun for example_python_decorator to None, run_after=None
[2025-03-06T01:15:05.136+0000] {processor.py:208} INFO - Processing /home/ubuntu/redfin_venv/lib/python3.12/site-packages/airflow/example_dags/example_python_decorator.py took 0.147 seconds
[2025-03-06T01:16:09.172+0000] {processor.py:186} INFO - Started process (PID=7787) to work on /home/ubuntu/redfin_venv/lib/python3.12/site-packages/airflow/example_dags/example_python_decorator.py
[2025-03-06T01:16:09.173+0000] {processor.py:914} INFO - Processing file /home/ubuntu/redfin_venv/lib/python3.12/site-packages/airflow/example_dags/example_python_decorator.py for tasks to queue
[2025-03-06T01:16:09.176+0000] {logging_mixin.py:190} INFO - [2025-03-06T01:16:09.176+0000] {dagbag.py:588} INFO - Filling up the DagBag from /home/ubuntu/redfin_venv/lib/python3.12/site-packages/airflow/example_dags/example_python_decorator.py
[2025-03-06T01:16:09.191+0000] {logging_mixin.py:190} INFO - [2025-03-06T01:16:09.190+0000] {example_python_decorator.py:80} WARNING - The virtalenv_python example task requires virtualenv, please install it.
[2025-03-06T01:16:09.193+0000] {processor.py:925} INFO - DAG(s) 'example_python_decorator' retrieved from /home/ubuntu/redfin_venv/lib/python3.12/site-packages/airflow/example_dags/example_python_decorator.py
[2025-03-06T01:16:09.218+0000] {logging_mixin.py:190} INFO - [2025-03-06T01:16:09.218+0000] {dag.py:3239} INFO - Sync 1 DAGs
[2025-03-06T01:16:09.231+0000] {logging_mixin.py:190} INFO - [2025-03-06T01:16:09.231+0000] {dag.py:4180} INFO - Setting next_dagrun for example_python_decorator to None, run_after=None
[2025-03-06T01:16:09.256+0000] {processor.py:208} INFO - Processing /home/ubuntu/redfin_venv/lib/python3.12/site-packages/airflow/example_dags/example_python_decorator.py took 0.091 seconds
[2025-03-06T01:17:08.434+0000] {processor.py:186} INFO - Started process (PID=7908) to work on /home/ubuntu/redfin_venv/lib/python3.12/site-packages/airflow/example_dags/example_python_decorator.py
[2025-03-06T01:17:08.436+0000] {processor.py:914} INFO - Processing file /home/ubuntu/redfin_venv/lib/python3.12/site-packages/airflow/example_dags/example_python_decorator.py for tasks to queue
[2025-03-06T01:17:08.438+0000] {logging_mixin.py:190} INFO - [2025-03-06T01:17:08.437+0000] {dagbag.py:588} INFO - Filling up the DagBag from /home/ubuntu/redfin_venv/lib/python3.12/site-packages/airflow/example_dags/example_python_decorator.py
[2025-03-06T01:17:08.448+0000] {logging_mixin.py:190} INFO - [2025-03-06T01:17:08.448+0000] {example_python_decorator.py:80} WARNING - The virtalenv_python example task requires virtualenv, please install it.
[2025-03-06T01:17:08.450+0000] {processor.py:925} INFO - DAG(s) 'example_python_decorator' retrieved from /home/ubuntu/redfin_venv/lib/python3.12/site-packages/airflow/example_dags/example_python_decorator.py
[2025-03-06T01:17:08.469+0000] {logging_mixin.py:190} INFO - [2025-03-06T01:17:08.469+0000] {dag.py:3239} INFO - Sync 1 DAGs
[2025-03-06T01:17:08.483+0000] {logging_mixin.py:190} INFO - [2025-03-06T01:17:08.483+0000] {dag.py:4180} INFO - Setting next_dagrun for example_python_decorator to None, run_after=None
[2025-03-06T01:17:08.507+0000] {processor.py:208} INFO - Processing /home/ubuntu/redfin_venv/lib/python3.12/site-packages/airflow/example_dags/example_python_decorator.py took 0.080 seconds
[2025-03-06T01:18:09.782+0000] {processor.py:186} INFO - Started process (PID=8249) to work on /home/ubuntu/redfin_venv/lib/python3.12/site-packages/airflow/example_dags/example_python_decorator.py
[2025-03-06T01:18:09.784+0000] {processor.py:914} INFO - Processing file /home/ubuntu/redfin_venv/lib/python3.12/site-packages/airflow/example_dags/example_python_decorator.py for tasks to queue
[2025-03-06T01:18:09.786+0000] {logging_mixin.py:190} INFO - [2025-03-06T01:18:09.786+0000] {dagbag.py:588} INFO - Filling up the DagBag from /home/ubuntu/redfin_venv/lib/python3.12/site-packages/airflow/example_dags/example_python_decorator.py
[2025-03-06T01:18:09.796+0000] {logging_mixin.py:190} INFO - [2025-03-06T01:18:09.795+0000] {example_python_decorator.py:80} WARNING - The virtalenv_python example task requires virtualenv, please install it.
[2025-03-06T01:18:09.798+0000] {processor.py:925} INFO - DAG(s) 'example_python_decorator' retrieved from /home/ubuntu/redfin_venv/lib/python3.12/site-packages/airflow/example_dags/example_python_decorator.py
[2025-03-06T01:18:09.816+0000] {logging_mixin.py:190} INFO - [2025-03-06T01:18:09.816+0000] {dag.py:3239} INFO - Sync 1 DAGs
[2025-03-06T01:18:09.829+0000] {logging_mixin.py:190} INFO - [2025-03-06T01:18:09.829+0000] {dag.py:4180} INFO - Setting next_dagrun for example_python_decorator to None, run_after=None
[2025-03-06T01:18:09.853+0000] {processor.py:208} INFO - Processing /home/ubuntu/redfin_venv/lib/python3.12/site-packages/airflow/example_dags/example_python_decorator.py took 0.082 seconds
[2025-03-06T01:19:12.179+0000] {processor.py:186} INFO - Started process (PID=8488) to work on /home/ubuntu/redfin_venv/lib/python3.12/site-packages/airflow/example_dags/example_python_decorator.py
[2025-03-06T01:19:12.181+0000] {processor.py:914} INFO - Processing file /home/ubuntu/redfin_venv/lib/python3.12/site-packages/airflow/example_dags/example_python_decorator.py for tasks to queue
[2025-03-06T01:19:12.184+0000] {logging_mixin.py:190} INFO - [2025-03-06T01:19:12.184+0000] {dagbag.py:588} INFO - Filling up the DagBag from /home/ubuntu/redfin_venv/lib/python3.12/site-packages/airflow/example_dags/example_python_decorator.py
[2025-03-06T01:19:12.218+0000] {logging_mixin.py:190} INFO - [2025-03-06T01:19:12.216+0000] {example_python_decorator.py:80} WARNING - The virtalenv_python example task requires virtualenv, please install it.
[2025-03-06T01:19:12.224+0000] {processor.py:925} INFO - DAG(s) 'example_python_decorator' retrieved from /home/ubuntu/redfin_venv/lib/python3.12/site-packages/airflow/example_dags/example_python_decorator.py
[2025-03-06T01:19:12.262+0000] {logging_mixin.py:190} INFO - [2025-03-06T01:19:12.261+0000] {dag.py:3239} INFO - Sync 1 DAGs
[2025-03-06T01:19:12.288+0000] {logging_mixin.py:190} INFO - [2025-03-06T01:19:12.288+0000] {dag.py:4180} INFO - Setting next_dagrun for example_python_decorator to None, run_after=None
[2025-03-06T01:19:12.322+0000] {processor.py:208} INFO - Processing /home/ubuntu/redfin_venv/lib/python3.12/site-packages/airflow/example_dags/example_python_decorator.py took 0.153 seconds
