[2025-03-06T00:58:27.757+0000] {processor.py:186} INFO - Started process (PID=3502) to work on /home/ubuntu/redfin_venv/lib/python3.12/site-packages/airflow/example_dags/example_trigger_controller_dag.py
[2025-03-06T00:58:27.758+0000] {processor.py:914} INFO - Processing file /home/ubuntu/redfin_venv/lib/python3.12/site-packages/airflow/example_dags/example_trigger_controller_dag.py for tasks to queue
[2025-03-06T00:58:27.760+0000] {logging_mixin.py:190} INFO - [2025-03-06T00:58:27.760+0000] {dagbag.py:588} INFO - Filling up the DagBag from /home/ubuntu/redfin_venv/lib/python3.12/site-packages/airflow/example_dags/example_trigger_controller_dag.py
[2025-03-06T00:58:27.768+0000] {processor.py:925} INFO - DAG(s) 'example_trigger_controller_dag' retrieved from /home/ubuntu/redfin_venv/lib/python3.12/site-packages/airflow/example_dags/example_trigger_controller_dag.py
[2025-03-06T00:58:27.793+0000] {logging_mixin.py:190} INFO - [2025-03-06T00:58:27.792+0000] {dag.py:3239} INFO - Sync 1 DAGs
[2025-03-06T00:58:27.822+0000] {logging_mixin.py:190} INFO - [2025-03-06T00:58:27.822+0000] {dag.py:4180} INFO - Setting next_dagrun for example_trigger_controller_dag to 2021-01-01 00:00:00+00:00, run_after=2021-01-01 00:00:00+00:00
[2025-03-06T00:58:27.850+0000] {processor.py:208} INFO - Processing /home/ubuntu/redfin_venv/lib/python3.12/site-packages/airflow/example_dags/example_trigger_controller_dag.py took 0.101 seconds
[2025-03-06T00:59:25.146+0000] {processor.py:186} INFO - Started process (PID=3984) to work on /home/ubuntu/redfin_venv/lib/python3.12/site-packages/airflow/example_dags/example_trigger_controller_dag.py
[2025-03-06T00:59:25.148+0000] {processor.py:914} INFO - Processing file /home/ubuntu/redfin_venv/lib/python3.12/site-packages/airflow/example_dags/example_trigger_controller_dag.py for tasks to queue
[2025-03-06T00:59:25.151+0000] {logging_mixin.py:190} INFO - [2025-03-06T00:59:25.151+0000] {dagbag.py:588} INFO - Filling up the DagBag from /home/ubuntu/redfin_venv/lib/python3.12/site-packages/airflow/example_dags/example_trigger_controller_dag.py
[2025-03-06T00:59:25.160+0000] {processor.py:925} INFO - DAG(s) 'example_trigger_controller_dag' retrieved from /home/ubuntu/redfin_venv/lib/python3.12/site-packages/airflow/example_dags/example_trigger_controller_dag.py
[2025-03-06T00:59:25.183+0000] {logging_mixin.py:190} INFO - [2025-03-06T00:59:25.182+0000] {dag.py:3239} INFO - Sync 1 DAGs
[2025-03-06T00:59:25.209+0000] {logging_mixin.py:190} INFO - [2025-03-06T00:59:25.209+0000] {dag.py:4180} INFO - Setting next_dagrun for example_trigger_controller_dag to 2021-01-01 00:00:00+00:00, run_after=2021-01-01 00:00:00+00:00
[2025-03-06T00:59:25.244+0000] {processor.py:208} INFO - Processing /home/ubuntu/redfin_venv/lib/python3.12/site-packages/airflow/example_dags/example_trigger_controller_dag.py took 0.106 seconds
[2025-03-06T01:00:22.863+0000] {processor.py:186} INFO - Started process (PID=4343) to work on /home/ubuntu/redfin_venv/lib/python3.12/site-packages/airflow/example_dags/example_trigger_controller_dag.py
[2025-03-06T01:00:22.865+0000] {processor.py:914} INFO - Processing file /home/ubuntu/redfin_venv/lib/python3.12/site-packages/airflow/example_dags/example_trigger_controller_dag.py for tasks to queue
[2025-03-06T01:00:22.869+0000] {logging_mixin.py:190} INFO - [2025-03-06T01:00:22.868+0000] {dagbag.py:588} INFO - Filling up the DagBag from /home/ubuntu/redfin_venv/lib/python3.12/site-packages/airflow/example_dags/example_trigger_controller_dag.py
[2025-03-06T01:00:22.879+0000] {processor.py:925} INFO - DAG(s) 'example_trigger_controller_dag' retrieved from /home/ubuntu/redfin_venv/lib/python3.12/site-packages/airflow/example_dags/example_trigger_controller_dag.py
[2025-03-06T01:00:22.903+0000] {logging_mixin.py:190} INFO - [2025-03-06T01:00:22.903+0000] {dag.py:3239} INFO - Sync 1 DAGs
[2025-03-06T01:00:22.929+0000] {logging_mixin.py:190} INFO - [2025-03-06T01:00:22.929+0000] {dag.py:4180} INFO - Setting next_dagrun for example_trigger_controller_dag to 2021-01-01 00:00:00+00:00, run_after=2021-01-01 00:00:00+00:00
[2025-03-06T01:00:22.957+0000] {processor.py:208} INFO - Processing /home/ubuntu/redfin_venv/lib/python3.12/site-packages/airflow/example_dags/example_trigger_controller_dag.py took 0.107 seconds
[2025-03-06T01:01:23.858+0000] {processor.py:186} INFO - Started process (PID=4882) to work on /home/ubuntu/redfin_venv/lib/python3.12/site-packages/airflow/example_dags/example_trigger_controller_dag.py
[2025-03-06T01:01:23.860+0000] {processor.py:914} INFO - Processing file /home/ubuntu/redfin_venv/lib/python3.12/site-packages/airflow/example_dags/example_trigger_controller_dag.py for tasks to queue
[2025-03-06T01:01:23.863+0000] {logging_mixin.py:190} INFO - [2025-03-06T01:01:23.863+0000] {dagbag.py:588} INFO - Filling up the DagBag from /home/ubuntu/redfin_venv/lib/python3.12/site-packages/airflow/example_dags/example_trigger_controller_dag.py
[2025-03-06T01:01:23.873+0000] {processor.py:925} INFO - DAG(s) 'example_trigger_controller_dag' retrieved from /home/ubuntu/redfin_venv/lib/python3.12/site-packages/airflow/example_dags/example_trigger_controller_dag.py
[2025-03-06T01:01:23.900+0000] {logging_mixin.py:190} INFO - [2025-03-06T01:01:23.899+0000] {dag.py:3239} INFO - Sync 1 DAGs
[2025-03-06T01:01:23.927+0000] {logging_mixin.py:190} INFO - [2025-03-06T01:01:23.927+0000] {dag.py:4180} INFO - Setting next_dagrun for example_trigger_controller_dag to 2021-01-01 00:00:00+00:00, run_after=2021-01-01 00:00:00+00:00
[2025-03-06T01:01:23.956+0000] {processor.py:208} INFO - Processing /home/ubuntu/redfin_venv/lib/python3.12/site-packages/airflow/example_dags/example_trigger_controller_dag.py took 0.104 seconds
[2025-03-06T01:02:24.960+0000] {processor.py:186} INFO - Started process (PID=5184) to work on /home/ubuntu/redfin_venv/lib/python3.12/site-packages/airflow/example_dags/example_trigger_controller_dag.py
[2025-03-06T01:02:24.965+0000] {processor.py:914} INFO - Processing file /home/ubuntu/redfin_venv/lib/python3.12/site-packages/airflow/example_dags/example_trigger_controller_dag.py for tasks to queue
[2025-03-06T01:02:24.969+0000] {logging_mixin.py:190} INFO - [2025-03-06T01:02:24.968+0000] {dagbag.py:588} INFO - Filling up the DagBag from /home/ubuntu/redfin_venv/lib/python3.12/site-packages/airflow/example_dags/example_trigger_controller_dag.py
[2025-03-06T01:02:24.980+0000] {processor.py:925} INFO - DAG(s) 'example_trigger_controller_dag' retrieved from /home/ubuntu/redfin_venv/lib/python3.12/site-packages/airflow/example_dags/example_trigger_controller_dag.py
[2025-03-06T01:02:24.999+0000] {logging_mixin.py:190} INFO - [2025-03-06T01:02:24.998+0000] {dag.py:3239} INFO - Sync 1 DAGs
[2025-03-06T01:02:25.020+0000] {logging_mixin.py:190} INFO - [2025-03-06T01:02:25.020+0000] {dag.py:4180} INFO - Setting next_dagrun for example_trigger_controller_dag to 2021-01-01 00:00:00+00:00, run_after=2021-01-01 00:00:00+00:00
[2025-03-06T01:02:25.046+0000] {processor.py:208} INFO - Processing /home/ubuntu/redfin_venv/lib/python3.12/site-packages/airflow/example_dags/example_trigger_controller_dag.py took 0.097 seconds
[2025-03-06T01:03:25.013+0000] {processor.py:186} INFO - Started process (PID=5364) to work on /home/ubuntu/redfin_venv/lib/python3.12/site-packages/airflow/example_dags/example_trigger_controller_dag.py
[2025-03-06T01:03:25.015+0000] {processor.py:914} INFO - Processing file /home/ubuntu/redfin_venv/lib/python3.12/site-packages/airflow/example_dags/example_trigger_controller_dag.py for tasks to queue
[2025-03-06T01:03:25.020+0000] {logging_mixin.py:190} INFO - [2025-03-06T01:03:25.020+0000] {dagbag.py:588} INFO - Filling up the DagBag from /home/ubuntu/redfin_venv/lib/python3.12/site-packages/airflow/example_dags/example_trigger_controller_dag.py
[2025-03-06T01:03:25.035+0000] {processor.py:925} INFO - DAG(s) 'example_trigger_controller_dag' retrieved from /home/ubuntu/redfin_venv/lib/python3.12/site-packages/airflow/example_dags/example_trigger_controller_dag.py
[2025-03-06T01:03:25.056+0000] {logging_mixin.py:190} INFO - [2025-03-06T01:03:25.056+0000] {dag.py:3239} INFO - Sync 1 DAGs
[2025-03-06T01:03:25.080+0000] {logging_mixin.py:190} INFO - [2025-03-06T01:03:25.080+0000] {dag.py:4180} INFO - Setting next_dagrun for example_trigger_controller_dag to 2021-01-01 00:00:00+00:00, run_after=2021-01-01 00:00:00+00:00
[2025-03-06T01:03:25.104+0000] {processor.py:208} INFO - Processing /home/ubuntu/redfin_venv/lib/python3.12/site-packages/airflow/example_dags/example_trigger_controller_dag.py took 0.106 seconds
[2025-03-06T01:04:25.934+0000] {processor.py:186} INFO - Started process (PID=5482) to work on /home/ubuntu/redfin_venv/lib/python3.12/site-packages/airflow/example_dags/example_trigger_controller_dag.py
[2025-03-06T01:04:25.936+0000] {processor.py:914} INFO - Processing file /home/ubuntu/redfin_venv/lib/python3.12/site-packages/airflow/example_dags/example_trigger_controller_dag.py for tasks to queue
[2025-03-06T01:04:25.939+0000] {logging_mixin.py:190} INFO - [2025-03-06T01:04:25.938+0000] {dagbag.py:588} INFO - Filling up the DagBag from /home/ubuntu/redfin_venv/lib/python3.12/site-packages/airflow/example_dags/example_trigger_controller_dag.py
[2025-03-06T01:04:25.947+0000] {processor.py:925} INFO - DAG(s) 'example_trigger_controller_dag' retrieved from /home/ubuntu/redfin_venv/lib/python3.12/site-packages/airflow/example_dags/example_trigger_controller_dag.py
[2025-03-06T01:04:25.966+0000] {logging_mixin.py:190} INFO - [2025-03-06T01:04:25.966+0000] {dag.py:3239} INFO - Sync 1 DAGs
[2025-03-06T01:04:25.988+0000] {logging_mixin.py:190} INFO - [2025-03-06T01:04:25.988+0000] {dag.py:4180} INFO - Setting next_dagrun for example_trigger_controller_dag to 2021-01-01 00:00:00+00:00, run_after=2021-01-01 00:00:00+00:00
[2025-03-06T01:04:26.013+0000] {processor.py:208} INFO - Processing /home/ubuntu/redfin_venv/lib/python3.12/site-packages/airflow/example_dags/example_trigger_controller_dag.py took 0.087 seconds
[2025-03-06T01:05:30.813+0000] {processor.py:186} INFO - Started process (PID=5606) to work on /home/ubuntu/redfin_venv/lib/python3.12/site-packages/airflow/example_dags/example_trigger_controller_dag.py
[2025-03-06T01:05:30.816+0000] {processor.py:914} INFO - Processing file /home/ubuntu/redfin_venv/lib/python3.12/site-packages/airflow/example_dags/example_trigger_controller_dag.py for tasks to queue
[2025-03-06T01:05:30.819+0000] {logging_mixin.py:190} INFO - [2025-03-06T01:05:30.819+0000] {dagbag.py:588} INFO - Filling up the DagBag from /home/ubuntu/redfin_venv/lib/python3.12/site-packages/airflow/example_dags/example_trigger_controller_dag.py
[2025-03-06T01:05:30.830+0000] {processor.py:925} INFO - DAG(s) 'example_trigger_controller_dag' retrieved from /home/ubuntu/redfin_venv/lib/python3.12/site-packages/airflow/example_dags/example_trigger_controller_dag.py
[2025-03-06T01:05:30.865+0000] {logging_mixin.py:190} INFO - [2025-03-06T01:05:30.865+0000] {dag.py:3239} INFO - Sync 1 DAGs
[2025-03-06T01:05:30.893+0000] {logging_mixin.py:190} INFO - [2025-03-06T01:05:30.892+0000] {dag.py:4180} INFO - Setting next_dagrun for example_trigger_controller_dag to 2021-01-01 00:00:00+00:00, run_after=2021-01-01 00:00:00+00:00
[2025-03-06T01:05:30.927+0000] {processor.py:208} INFO - Processing /home/ubuntu/redfin_venv/lib/python3.12/site-packages/airflow/example_dags/example_trigger_controller_dag.py took 0.121 seconds
[2025-03-06T01:06:32.308+0000] {processor.py:186} INFO - Started process (PID=5908) to work on /home/ubuntu/redfin_venv/lib/python3.12/site-packages/airflow/example_dags/example_trigger_controller_dag.py
[2025-03-06T01:06:32.309+0000] {processor.py:914} INFO - Processing file /home/ubuntu/redfin_venv/lib/python3.12/site-packages/airflow/example_dags/example_trigger_controller_dag.py for tasks to queue
[2025-03-06T01:06:32.312+0000] {logging_mixin.py:190} INFO - [2025-03-06T01:06:32.311+0000] {dagbag.py:588} INFO - Filling up the DagBag from /home/ubuntu/redfin_venv/lib/python3.12/site-packages/airflow/example_dags/example_trigger_controller_dag.py
[2025-03-06T01:06:32.322+0000] {processor.py:925} INFO - DAG(s) 'example_trigger_controller_dag' retrieved from /home/ubuntu/redfin_venv/lib/python3.12/site-packages/airflow/example_dags/example_trigger_controller_dag.py
[2025-03-06T01:06:32.341+0000] {logging_mixin.py:190} INFO - [2025-03-06T01:06:32.340+0000] {dag.py:3239} INFO - Sync 1 DAGs
[2025-03-06T01:06:32.363+0000] {logging_mixin.py:190} INFO - [2025-03-06T01:06:32.363+0000] {dag.py:4180} INFO - Setting next_dagrun for example_trigger_controller_dag to 2021-01-01 00:00:00+00:00, run_after=2021-01-01 00:00:00+00:00
[2025-03-06T01:06:32.390+0000] {processor.py:208} INFO - Processing /home/ubuntu/redfin_venv/lib/python3.12/site-packages/airflow/example_dags/example_trigger_controller_dag.py took 0.089 seconds
[2025-03-06T01:07:34.304+0000] {processor.py:186} INFO - Started process (PID=6207) to work on /home/ubuntu/redfin_venv/lib/python3.12/site-packages/airflow/example_dags/example_trigger_controller_dag.py
[2025-03-06T01:07:34.306+0000] {processor.py:914} INFO - Processing file /home/ubuntu/redfin_venv/lib/python3.12/site-packages/airflow/example_dags/example_trigger_controller_dag.py for tasks to queue
[2025-03-06T01:07:34.310+0000] {logging_mixin.py:190} INFO - [2025-03-06T01:07:34.309+0000] {dagbag.py:588} INFO - Filling up the DagBag from /home/ubuntu/redfin_venv/lib/python3.12/site-packages/airflow/example_dags/example_trigger_controller_dag.py
[2025-03-06T01:07:34.320+0000] {processor.py:925} INFO - DAG(s) 'example_trigger_controller_dag' retrieved from /home/ubuntu/redfin_venv/lib/python3.12/site-packages/airflow/example_dags/example_trigger_controller_dag.py
[2025-03-06T01:07:34.338+0000] {logging_mixin.py:190} INFO - [2025-03-06T01:07:34.338+0000] {dag.py:3239} INFO - Sync 1 DAGs
[2025-03-06T01:07:34.362+0000] {logging_mixin.py:190} INFO - [2025-03-06T01:07:34.362+0000] {dag.py:4180} INFO - Setting next_dagrun for example_trigger_controller_dag to 2021-01-01 00:00:00+00:00, run_after=2021-01-01 00:00:00+00:00
[2025-03-06T01:07:34.386+0000] {processor.py:208} INFO - Processing /home/ubuntu/redfin_venv/lib/python3.12/site-packages/airflow/example_dags/example_trigger_controller_dag.py took 0.098 seconds
[2025-03-06T01:08:34.614+0000] {processor.py:186} INFO - Started process (PID=6505) to work on /home/ubuntu/redfin_venv/lib/python3.12/site-packages/airflow/example_dags/example_trigger_controller_dag.py
[2025-03-06T01:08:34.616+0000] {processor.py:914} INFO - Processing file /home/ubuntu/redfin_venv/lib/python3.12/site-packages/airflow/example_dags/example_trigger_controller_dag.py for tasks to queue
[2025-03-06T01:08:34.619+0000] {logging_mixin.py:190} INFO - [2025-03-06T01:08:34.618+0000] {dagbag.py:588} INFO - Filling up the DagBag from /home/ubuntu/redfin_venv/lib/python3.12/site-packages/airflow/example_dags/example_trigger_controller_dag.py
[2025-03-06T01:08:34.626+0000] {processor.py:925} INFO - DAG(s) 'example_trigger_controller_dag' retrieved from /home/ubuntu/redfin_venv/lib/python3.12/site-packages/airflow/example_dags/example_trigger_controller_dag.py
[2025-03-06T01:08:34.643+0000] {logging_mixin.py:190} INFO - [2025-03-06T01:08:34.643+0000] {dag.py:3239} INFO - Sync 1 DAGs
[2025-03-06T01:08:34.662+0000] {logging_mixin.py:190} INFO - [2025-03-06T01:08:34.662+0000] {dag.py:4180} INFO - Setting next_dagrun for example_trigger_controller_dag to 2021-01-01 00:00:00+00:00, run_after=2021-01-01 00:00:00+00:00
[2025-03-06T01:08:34.685+0000] {processor.py:208} INFO - Processing /home/ubuntu/redfin_venv/lib/python3.12/site-packages/airflow/example_dags/example_trigger_controller_dag.py took 0.077 seconds
[2025-03-06T01:09:37.262+0000] {processor.py:186} INFO - Started process (PID=6805) to work on /home/ubuntu/redfin_venv/lib/python3.12/site-packages/airflow/example_dags/example_trigger_controller_dag.py
[2025-03-06T01:09:37.263+0000] {processor.py:914} INFO - Processing file /home/ubuntu/redfin_venv/lib/python3.12/site-packages/airflow/example_dags/example_trigger_controller_dag.py for tasks to queue
[2025-03-06T01:09:37.266+0000] {logging_mixin.py:190} INFO - [2025-03-06T01:09:37.265+0000] {dagbag.py:588} INFO - Filling up the DagBag from /home/ubuntu/redfin_venv/lib/python3.12/site-packages/airflow/example_dags/example_trigger_controller_dag.py
[2025-03-06T01:09:37.274+0000] {processor.py:925} INFO - DAG(s) 'example_trigger_controller_dag' retrieved from /home/ubuntu/redfin_venv/lib/python3.12/site-packages/airflow/example_dags/example_trigger_controller_dag.py
[2025-03-06T01:09:37.291+0000] {logging_mixin.py:190} INFO - [2025-03-06T01:09:37.290+0000] {dag.py:3239} INFO - Sync 1 DAGs
[2025-03-06T01:09:37.311+0000] {logging_mixin.py:190} INFO - [2025-03-06T01:09:37.311+0000] {dag.py:4180} INFO - Setting next_dagrun for example_trigger_controller_dag to 2021-01-01 00:00:00+00:00, run_after=2021-01-01 00:00:00+00:00
[2025-03-06T01:09:37.335+0000] {processor.py:208} INFO - Processing /home/ubuntu/redfin_venv/lib/python3.12/site-packages/airflow/example_dags/example_trigger_controller_dag.py took 0.080 seconds
[2025-03-06T01:10:38.470+0000] {processor.py:186} INFO - Started process (PID=6928) to work on /home/ubuntu/redfin_venv/lib/python3.12/site-packages/airflow/example_dags/example_trigger_controller_dag.py
[2025-03-06T01:10:38.472+0000] {processor.py:914} INFO - Processing file /home/ubuntu/redfin_venv/lib/python3.12/site-packages/airflow/example_dags/example_trigger_controller_dag.py for tasks to queue
[2025-03-06T01:10:38.475+0000] {logging_mixin.py:190} INFO - [2025-03-06T01:10:38.474+0000] {dagbag.py:588} INFO - Filling up the DagBag from /home/ubuntu/redfin_venv/lib/python3.12/site-packages/airflow/example_dags/example_trigger_controller_dag.py
[2025-03-06T01:10:38.484+0000] {processor.py:925} INFO - DAG(s) 'example_trigger_controller_dag' retrieved from /home/ubuntu/redfin_venv/lib/python3.12/site-packages/airflow/example_dags/example_trigger_controller_dag.py
[2025-03-06T01:10:38.502+0000] {logging_mixin.py:190} INFO - [2025-03-06T01:10:38.502+0000] {dag.py:3239} INFO - Sync 1 DAGs
[2025-03-06T01:10:38.525+0000] {logging_mixin.py:190} INFO - [2025-03-06T01:10:38.525+0000] {dag.py:4180} INFO - Setting next_dagrun for example_trigger_controller_dag to 2021-01-01 00:00:00+00:00, run_after=2021-01-01 00:00:00+00:00
[2025-03-06T01:10:38.549+0000] {processor.py:208} INFO - Processing /home/ubuntu/redfin_venv/lib/python3.12/site-packages/airflow/example_dags/example_trigger_controller_dag.py took 0.085 seconds
[2025-03-06T01:11:40.915+0000] {processor.py:186} INFO - Started process (PID=7047) to work on /home/ubuntu/redfin_venv/lib/python3.12/site-packages/airflow/example_dags/example_trigger_controller_dag.py
[2025-03-06T01:11:40.918+0000] {processor.py:914} INFO - Processing file /home/ubuntu/redfin_venv/lib/python3.12/site-packages/airflow/example_dags/example_trigger_controller_dag.py for tasks to queue
[2025-03-06T01:11:40.922+0000] {logging_mixin.py:190} INFO - [2025-03-06T01:11:40.921+0000] {dagbag.py:588} INFO - Filling up the DagBag from /home/ubuntu/redfin_venv/lib/python3.12/site-packages/airflow/example_dags/example_trigger_controller_dag.py
[2025-03-06T01:11:40.935+0000] {processor.py:925} INFO - DAG(s) 'example_trigger_controller_dag' retrieved from /home/ubuntu/redfin_venv/lib/python3.12/site-packages/airflow/example_dags/example_trigger_controller_dag.py
[2025-03-06T01:11:40.961+0000] {logging_mixin.py:190} INFO - [2025-03-06T01:11:40.961+0000] {dag.py:3239} INFO - Sync 1 DAGs
[2025-03-06T01:11:40.999+0000] {logging_mixin.py:190} INFO - [2025-03-06T01:11:40.998+0000] {dag.py:4180} INFO - Setting next_dagrun for example_trigger_controller_dag to 2021-01-01 00:00:00+00:00, run_after=2021-01-01 00:00:00+00:00
[2025-03-06T01:11:41.056+0000] {processor.py:208} INFO - Processing /home/ubuntu/redfin_venv/lib/python3.12/site-packages/airflow/example_dags/example_trigger_controller_dag.py took 0.150 seconds
[2025-03-06T01:12:47.570+0000] {processor.py:186} INFO - Started process (PID=7169) to work on /home/ubuntu/redfin_venv/lib/python3.12/site-packages/airflow/example_dags/example_trigger_controller_dag.py
[2025-03-06T01:12:47.571+0000] {processor.py:914} INFO - Processing file /home/ubuntu/redfin_venv/lib/python3.12/site-packages/airflow/example_dags/example_trigger_controller_dag.py for tasks to queue
[2025-03-06T01:12:47.576+0000] {logging_mixin.py:190} INFO - [2025-03-06T01:12:47.574+0000] {dagbag.py:588} INFO - Filling up the DagBag from /home/ubuntu/redfin_venv/lib/python3.12/site-packages/airflow/example_dags/example_trigger_controller_dag.py
[2025-03-06T01:12:47.585+0000] {processor.py:925} INFO - DAG(s) 'example_trigger_controller_dag' retrieved from /home/ubuntu/redfin_venv/lib/python3.12/site-packages/airflow/example_dags/example_trigger_controller_dag.py
[2025-03-06T01:12:47.607+0000] {logging_mixin.py:190} INFO - [2025-03-06T01:12:47.606+0000] {dag.py:3239} INFO - Sync 1 DAGs
[2025-03-06T01:12:47.627+0000] {logging_mixin.py:190} INFO - [2025-03-06T01:12:47.626+0000] {dag.py:4180} INFO - Setting next_dagrun for example_trigger_controller_dag to 2021-01-01 00:00:00+00:00, run_after=2021-01-01 00:00:00+00:00
[2025-03-06T01:12:47.655+0000] {processor.py:208} INFO - Processing /home/ubuntu/redfin_venv/lib/python3.12/site-packages/airflow/example_dags/example_trigger_controller_dag.py took 0.093 seconds
[2025-03-06T01:13:47.804+0000] {processor.py:186} INFO - Started process (PID=7349) to work on /home/ubuntu/redfin_venv/lib/python3.12/site-packages/airflow/example_dags/example_trigger_controller_dag.py
[2025-03-06T01:13:47.806+0000] {processor.py:914} INFO - Processing file /home/ubuntu/redfin_venv/lib/python3.12/site-packages/airflow/example_dags/example_trigger_controller_dag.py for tasks to queue
[2025-03-06T01:13:47.809+0000] {logging_mixin.py:190} INFO - [2025-03-06T01:13:47.808+0000] {dagbag.py:588} INFO - Filling up the DagBag from /home/ubuntu/redfin_venv/lib/python3.12/site-packages/airflow/example_dags/example_trigger_controller_dag.py
[2025-03-06T01:13:47.820+0000] {processor.py:925} INFO - DAG(s) 'example_trigger_controller_dag' retrieved from /home/ubuntu/redfin_venv/lib/python3.12/site-packages/airflow/example_dags/example_trigger_controller_dag.py
[2025-03-06T01:13:47.850+0000] {logging_mixin.py:190} INFO - [2025-03-06T01:13:47.850+0000] {dag.py:3239} INFO - Sync 1 DAGs
[2025-03-06T01:13:47.880+0000] {logging_mixin.py:190} INFO - [2025-03-06T01:13:47.880+0000] {dag.py:4180} INFO - Setting next_dagrun for example_trigger_controller_dag to 2021-01-01 00:00:00+00:00, run_after=2021-01-01 00:00:00+00:00
[2025-03-06T01:13:47.913+0000] {processor.py:208} INFO - Processing /home/ubuntu/redfin_venv/lib/python3.12/site-packages/airflow/example_dags/example_trigger_controller_dag.py took 0.116 seconds
[2025-03-06T01:14:49.151+0000] {processor.py:186} INFO - Started process (PID=7468) to work on /home/ubuntu/redfin_venv/lib/python3.12/site-packages/airflow/example_dags/example_trigger_controller_dag.py
[2025-03-06T01:14:49.153+0000] {processor.py:914} INFO - Processing file /home/ubuntu/redfin_venv/lib/python3.12/site-packages/airflow/example_dags/example_trigger_controller_dag.py for tasks to queue
[2025-03-06T01:14:49.157+0000] {logging_mixin.py:190} INFO - [2025-03-06T01:14:49.155+0000] {dagbag.py:588} INFO - Filling up the DagBag from /home/ubuntu/redfin_venv/lib/python3.12/site-packages/airflow/example_dags/example_trigger_controller_dag.py
[2025-03-06T01:14:49.168+0000] {processor.py:925} INFO - DAG(s) 'example_trigger_controller_dag' retrieved from /home/ubuntu/redfin_venv/lib/python3.12/site-packages/airflow/example_dags/example_trigger_controller_dag.py
[2025-03-06T01:14:49.195+0000] {logging_mixin.py:190} INFO - [2025-03-06T01:14:49.195+0000] {dag.py:3239} INFO - Sync 1 DAGs
[2025-03-06T01:14:49.219+0000] {logging_mixin.py:190} INFO - [2025-03-06T01:14:49.219+0000] {dag.py:4180} INFO - Setting next_dagrun for example_trigger_controller_dag to 2021-01-01 00:00:00+00:00, run_after=2021-01-01 00:00:00+00:00
[2025-03-06T01:14:49.246+0000] {processor.py:208} INFO - Processing /home/ubuntu/redfin_venv/lib/python3.12/site-packages/airflow/example_dags/example_trigger_controller_dag.py took 0.104 seconds
[2025-03-06T01:15:53.351+0000] {processor.py:186} INFO - Started process (PID=7772) to work on /home/ubuntu/redfin_venv/lib/python3.12/site-packages/airflow/example_dags/example_trigger_controller_dag.py
[2025-03-06T01:15:53.353+0000] {processor.py:914} INFO - Processing file /home/ubuntu/redfin_venv/lib/python3.12/site-packages/airflow/example_dags/example_trigger_controller_dag.py for tasks to queue
[2025-03-06T01:15:53.358+0000] {logging_mixin.py:190} INFO - [2025-03-06T01:15:53.357+0000] {dagbag.py:588} INFO - Filling up the DagBag from /home/ubuntu/redfin_venv/lib/python3.12/site-packages/airflow/example_dags/example_trigger_controller_dag.py
[2025-03-06T01:15:53.369+0000] {processor.py:925} INFO - DAG(s) 'example_trigger_controller_dag' retrieved from /home/ubuntu/redfin_venv/lib/python3.12/site-packages/airflow/example_dags/example_trigger_controller_dag.py
[2025-03-06T01:15:53.406+0000] {logging_mixin.py:190} INFO - [2025-03-06T01:15:53.406+0000] {dag.py:3239} INFO - Sync 1 DAGs
[2025-03-06T01:15:53.437+0000] {logging_mixin.py:190} INFO - [2025-03-06T01:15:53.437+0000] {dag.py:4180} INFO - Setting next_dagrun for example_trigger_controller_dag to 2021-01-01 00:00:00+00:00, run_after=2021-01-01 00:00:00+00:00
[2025-03-06T01:15:53.489+0000] {processor.py:208} INFO - Processing /home/ubuntu/redfin_venv/lib/python3.12/site-packages/airflow/example_dags/example_trigger_controller_dag.py took 0.145 seconds
[2025-03-06T01:16:52.760+0000] {processor.py:186} INFO - Started process (PID=7890) to work on /home/ubuntu/redfin_venv/lib/python3.12/site-packages/airflow/example_dags/example_trigger_controller_dag.py
[2025-03-06T01:16:52.761+0000] {processor.py:914} INFO - Processing file /home/ubuntu/redfin_venv/lib/python3.12/site-packages/airflow/example_dags/example_trigger_controller_dag.py for tasks to queue
[2025-03-06T01:16:52.764+0000] {logging_mixin.py:190} INFO - [2025-03-06T01:16:52.763+0000] {dagbag.py:588} INFO - Filling up the DagBag from /home/ubuntu/redfin_venv/lib/python3.12/site-packages/airflow/example_dags/example_trigger_controller_dag.py
[2025-03-06T01:16:52.773+0000] {processor.py:925} INFO - DAG(s) 'example_trigger_controller_dag' retrieved from /home/ubuntu/redfin_venv/lib/python3.12/site-packages/airflow/example_dags/example_trigger_controller_dag.py
[2025-03-06T01:16:52.793+0000] {logging_mixin.py:190} INFO - [2025-03-06T01:16:52.793+0000] {dag.py:3239} INFO - Sync 1 DAGs
[2025-03-06T01:16:52.825+0000] {logging_mixin.py:190} INFO - [2025-03-06T01:16:52.825+0000] {dag.py:4180} INFO - Setting next_dagrun for example_trigger_controller_dag to 2021-01-01 00:00:00+00:00, run_after=2021-01-01 00:00:00+00:00
[2025-03-06T01:16:52.855+0000] {processor.py:208} INFO - Processing /home/ubuntu/redfin_venv/lib/python3.12/site-packages/airflow/example_dags/example_trigger_controller_dag.py took 0.102 seconds
[2025-03-06T01:17:54.221+0000] {processor.py:186} INFO - Started process (PID=8233) to work on /home/ubuntu/redfin_venv/lib/python3.12/site-packages/airflow/example_dags/example_trigger_controller_dag.py
[2025-03-06T01:17:54.222+0000] {processor.py:914} INFO - Processing file /home/ubuntu/redfin_venv/lib/python3.12/site-packages/airflow/example_dags/example_trigger_controller_dag.py for tasks to queue
[2025-03-06T01:17:54.225+0000] {logging_mixin.py:190} INFO - [2025-03-06T01:17:54.224+0000] {dagbag.py:588} INFO - Filling up the DagBag from /home/ubuntu/redfin_venv/lib/python3.12/site-packages/airflow/example_dags/example_trigger_controller_dag.py
[2025-03-06T01:17:54.233+0000] {processor.py:925} INFO - DAG(s) 'example_trigger_controller_dag' retrieved from /home/ubuntu/redfin_venv/lib/python3.12/site-packages/airflow/example_dags/example_trigger_controller_dag.py
[2025-03-06T01:17:54.250+0000] {logging_mixin.py:190} INFO - [2025-03-06T01:17:54.250+0000] {dag.py:3239} INFO - Sync 1 DAGs
[2025-03-06T01:17:54.271+0000] {logging_mixin.py:190} INFO - [2025-03-06T01:17:54.271+0000] {dag.py:4180} INFO - Setting next_dagrun for example_trigger_controller_dag to 2021-01-01 00:00:00+00:00, run_after=2021-01-01 00:00:00+00:00
[2025-03-06T01:17:54.299+0000] {processor.py:208} INFO - Processing /home/ubuntu/redfin_venv/lib/python3.12/site-packages/airflow/example_dags/example_trigger_controller_dag.py took 0.084 seconds
[2025-03-06T01:18:56.336+0000] {processor.py:186} INFO - Started process (PID=8473) to work on /home/ubuntu/redfin_venv/lib/python3.12/site-packages/airflow/example_dags/example_trigger_controller_dag.py
[2025-03-06T01:18:56.337+0000] {processor.py:914} INFO - Processing file /home/ubuntu/redfin_venv/lib/python3.12/site-packages/airflow/example_dags/example_trigger_controller_dag.py for tasks to queue
[2025-03-06T01:18:56.340+0000] {logging_mixin.py:190} INFO - [2025-03-06T01:18:56.339+0000] {dagbag.py:588} INFO - Filling up the DagBag from /home/ubuntu/redfin_venv/lib/python3.12/site-packages/airflow/example_dags/example_trigger_controller_dag.py
[2025-03-06T01:18:56.351+0000] {processor.py:925} INFO - DAG(s) 'example_trigger_controller_dag' retrieved from /home/ubuntu/redfin_venv/lib/python3.12/site-packages/airflow/example_dags/example_trigger_controller_dag.py
[2025-03-06T01:18:56.372+0000] {logging_mixin.py:190} INFO - [2025-03-06T01:18:56.371+0000] {dag.py:3239} INFO - Sync 1 DAGs
[2025-03-06T01:18:56.408+0000] {logging_mixin.py:190} INFO - [2025-03-06T01:18:56.407+0000] {dag.py:4180} INFO - Setting next_dagrun for example_trigger_controller_dag to 2021-01-01 00:00:00+00:00, run_after=2021-01-01 00:00:00+00:00
[2025-03-06T01:18:56.438+0000] {processor.py:208} INFO - Processing /home/ubuntu/redfin_venv/lib/python3.12/site-packages/airflow/example_dags/example_trigger_controller_dag.py took 0.110 seconds
