[2025-03-06T00:58:51.623+0000] {processor.py:186} INFO - Started process (PID=3671) to work on /home/ubuntu/redfin_venv/lib/python3.12/site-packages/airflow/example_dags/example_outlet_event_extra.py
[2025-03-06T00:58:51.624+0000] {processor.py:914} INFO - Processing file /home/ubuntu/redfin_venv/lib/python3.12/site-packages/airflow/example_dags/example_outlet_event_extra.py for tasks to queue
[2025-03-06T00:58:51.627+0000] {logging_mixin.py:190} INFO - [2025-03-06T00:58:51.626+0000] {dagbag.py:588} INFO - Filling up the DagBag from /home/ubuntu/redfin_venv/lib/python3.12/site-packages/airflow/example_dags/example_outlet_event_extra.py
[2025-03-06T00:58:51.646+0000] {processor.py:925} INFO - DAG(s) 'dataset_with_extra_from_classic_operator', 'dataset_with_extra_by_context', 'dataset_with_extra_by_yield' retrieved from /home/ubuntu/redfin_venv/lib/python3.12/site-packages/airflow/example_dags/example_outlet_event_extra.py
[2025-03-06T00:58:51.671+0000] {logging_mixin.py:190} INFO - [2025-03-06T00:58:51.671+0000] {dag.py:3239} INFO - Sync 3 DAGs
[2025-03-06T00:58:51.694+0000] {logging_mixin.py:190} INFO - [2025-03-06T00:58:51.694+0000] {dag.py:4180} INFO - Setting next_dagrun for dataset_with_extra_by_context to 2025-03-05 00:00:00+00:00, run_after=2025-03-06 00:00:00+00:00
[2025-03-06T00:58:51.698+0000] {logging_mixin.py:190} INFO - [2025-03-06T00:58:51.698+0000] {dag.py:4180} INFO - Setting next_dagrun for dataset_with_extra_by_yield to 2025-03-05 00:00:00+00:00, run_after=2025-03-06 00:00:00+00:00
[2025-03-06T00:58:51.700+0000] {logging_mixin.py:190} INFO - [2025-03-06T00:58:51.700+0000] {dag.py:4180} INFO - Setting next_dagrun for dataset_with_extra_from_classic_operator to 2025-03-05 00:00:00+00:00, run_after=2025-03-06 00:00:00+00:00
[2025-03-06T00:58:51.735+0000] {processor.py:208} INFO - Processing /home/ubuntu/redfin_venv/lib/python3.12/site-packages/airflow/example_dags/example_outlet_event_extra.py took 0.118 seconds
[2025-03-06T00:59:50.017+0000] {processor.py:186} INFO - Started process (PID=4034) to work on /home/ubuntu/redfin_venv/lib/python3.12/site-packages/airflow/example_dags/example_outlet_event_extra.py
[2025-03-06T00:59:50.019+0000] {processor.py:914} INFO - Processing file /home/ubuntu/redfin_venv/lib/python3.12/site-packages/airflow/example_dags/example_outlet_event_extra.py for tasks to queue
[2025-03-06T00:59:50.022+0000] {logging_mixin.py:190} INFO - [2025-03-06T00:59:50.022+0000] {dagbag.py:588} INFO - Filling up the DagBag from /home/ubuntu/redfin_venv/lib/python3.12/site-packages/airflow/example_dags/example_outlet_event_extra.py
[2025-03-06T00:59:50.040+0000] {processor.py:925} INFO - DAG(s) 'dataset_with_extra_from_classic_operator', 'dataset_with_extra_by_yield', 'dataset_with_extra_by_context' retrieved from /home/ubuntu/redfin_venv/lib/python3.12/site-packages/airflow/example_dags/example_outlet_event_extra.py
[2025-03-06T00:59:50.063+0000] {logging_mixin.py:190} INFO - [2025-03-06T00:59:50.063+0000] {dag.py:3239} INFO - Sync 3 DAGs
[2025-03-06T00:59:50.085+0000] {logging_mixin.py:190} INFO - [2025-03-06T00:59:50.085+0000] {dag.py:4180} INFO - Setting next_dagrun for dataset_with_extra_by_context to 2025-03-05 00:00:00+00:00, run_after=2025-03-06 00:00:00+00:00
[2025-03-06T00:59:50.091+0000] {logging_mixin.py:190} INFO - [2025-03-06T00:59:50.091+0000] {dag.py:4180} INFO - Setting next_dagrun for dataset_with_extra_by_yield to 2025-03-05 00:00:00+00:00, run_after=2025-03-06 00:00:00+00:00
[2025-03-06T00:59:50.094+0000] {logging_mixin.py:190} INFO - [2025-03-06T00:59:50.093+0000] {dag.py:4180} INFO - Setting next_dagrun for dataset_with_extra_from_classic_operator to 2025-03-05 00:00:00+00:00, run_after=2025-03-06 00:00:00+00:00
[2025-03-06T00:59:50.120+0000] {processor.py:208} INFO - Processing /home/ubuntu/redfin_venv/lib/python3.12/site-packages/airflow/example_dags/example_outlet_event_extra.py took 0.109 seconds
[2025-03-06T01:00:50.018+0000] {processor.py:186} INFO - Started process (PID=4669) to work on /home/ubuntu/redfin_venv/lib/python3.12/site-packages/airflow/example_dags/example_outlet_event_extra.py
[2025-03-06T01:00:50.019+0000] {processor.py:914} INFO - Processing file /home/ubuntu/redfin_venv/lib/python3.12/site-packages/airflow/example_dags/example_outlet_event_extra.py for tasks to queue
[2025-03-06T01:00:50.022+0000] {logging_mixin.py:190} INFO - [2025-03-06T01:00:50.022+0000] {dagbag.py:588} INFO - Filling up the DagBag from /home/ubuntu/redfin_venv/lib/python3.12/site-packages/airflow/example_dags/example_outlet_event_extra.py
[2025-03-06T01:00:50.040+0000] {processor.py:925} INFO - DAG(s) 'dataset_with_extra_from_classic_operator', 'dataset_with_extra_by_yield', 'dataset_with_extra_by_context' retrieved from /home/ubuntu/redfin_venv/lib/python3.12/site-packages/airflow/example_dags/example_outlet_event_extra.py
[2025-03-06T01:00:50.067+0000] {logging_mixin.py:190} INFO - [2025-03-06T01:00:50.066+0000] {dag.py:3239} INFO - Sync 3 DAGs
[2025-03-06T01:00:50.091+0000] {logging_mixin.py:190} INFO - [2025-03-06T01:00:50.091+0000] {dag.py:4180} INFO - Setting next_dagrun for dataset_with_extra_by_context to 2025-03-05 00:00:00+00:00, run_after=2025-03-06 00:00:00+00:00
[2025-03-06T01:00:50.097+0000] {logging_mixin.py:190} INFO - [2025-03-06T01:00:50.096+0000] {dag.py:4180} INFO - Setting next_dagrun for dataset_with_extra_by_yield to 2025-03-05 00:00:00+00:00, run_after=2025-03-06 00:00:00+00:00
[2025-03-06T01:00:50.100+0000] {logging_mixin.py:190} INFO - [2025-03-06T01:00:50.099+0000] {dag.py:4180} INFO - Setting next_dagrun for dataset_with_extra_from_classic_operator to 2025-03-05 00:00:00+00:00, run_after=2025-03-06 00:00:00+00:00
[2025-03-06T01:00:50.128+0000] {processor.py:208} INFO - Processing /home/ubuntu/redfin_venv/lib/python3.12/site-packages/airflow/example_dags/example_outlet_event_extra.py took 0.116 seconds
[2025-03-06T01:01:53.817+0000] {processor.py:186} INFO - Started process (PID=4914) to work on /home/ubuntu/redfin_venv/lib/python3.12/site-packages/airflow/example_dags/example_outlet_event_extra.py
[2025-03-06T01:01:53.820+0000] {processor.py:914} INFO - Processing file /home/ubuntu/redfin_venv/lib/python3.12/site-packages/airflow/example_dags/example_outlet_event_extra.py for tasks to queue
[2025-03-06T01:01:53.826+0000] {logging_mixin.py:190} INFO - [2025-03-06T01:01:53.825+0000] {dagbag.py:588} INFO - Filling up the DagBag from /home/ubuntu/redfin_venv/lib/python3.12/site-packages/airflow/example_dags/example_outlet_event_extra.py
[2025-03-06T01:01:53.856+0000] {processor.py:925} INFO - DAG(s) 'dataset_with_extra_from_classic_operator', 'dataset_with_extra_by_context', 'dataset_with_extra_by_yield' retrieved from /home/ubuntu/redfin_venv/lib/python3.12/site-packages/airflow/example_dags/example_outlet_event_extra.py
[2025-03-06T01:01:53.888+0000] {logging_mixin.py:190} INFO - [2025-03-06T01:01:53.888+0000] {dag.py:3239} INFO - Sync 3 DAGs
[2025-03-06T01:01:53.917+0000] {logging_mixin.py:190} INFO - [2025-03-06T01:01:53.916+0000] {dag.py:4180} INFO - Setting next_dagrun for dataset_with_extra_by_context to 2025-03-05 00:00:00+00:00, run_after=2025-03-06 00:00:00+00:00
[2025-03-06T01:01:53.922+0000] {logging_mixin.py:190} INFO - [2025-03-06T01:01:53.922+0000] {dag.py:4180} INFO - Setting next_dagrun for dataset_with_extra_by_yield to 2025-03-05 00:00:00+00:00, run_after=2025-03-06 00:00:00+00:00
[2025-03-06T01:01:53.925+0000] {logging_mixin.py:190} INFO - [2025-03-06T01:01:53.925+0000] {dag.py:4180} INFO - Setting next_dagrun for dataset_with_extra_from_classic_operator to 2025-03-05 00:00:00+00:00, run_after=2025-03-06 00:00:00+00:00
[2025-03-06T01:01:53.965+0000] {processor.py:208} INFO - Processing /home/ubuntu/redfin_venv/lib/python3.12/site-packages/airflow/example_dags/example_outlet_event_extra.py took 0.154 seconds
[2025-03-06T01:02:54.103+0000] {processor.py:186} INFO - Started process (PID=5213) to work on /home/ubuntu/redfin_venv/lib/python3.12/site-packages/airflow/example_dags/example_outlet_event_extra.py
[2025-03-06T01:02:54.105+0000] {processor.py:914} INFO - Processing file /home/ubuntu/redfin_venv/lib/python3.12/site-packages/airflow/example_dags/example_outlet_event_extra.py for tasks to queue
[2025-03-06T01:02:54.109+0000] {logging_mixin.py:190} INFO - [2025-03-06T01:02:54.108+0000] {dagbag.py:588} INFO - Filling up the DagBag from /home/ubuntu/redfin_venv/lib/python3.12/site-packages/airflow/example_dags/example_outlet_event_extra.py
[2025-03-06T01:02:54.127+0000] {processor.py:925} INFO - DAG(s) 'dataset_with_extra_from_classic_operator', 'dataset_with_extra_by_context', 'dataset_with_extra_by_yield' retrieved from /home/ubuntu/redfin_venv/lib/python3.12/site-packages/airflow/example_dags/example_outlet_event_extra.py
[2025-03-06T01:02:54.151+0000] {logging_mixin.py:190} INFO - [2025-03-06T01:02:54.151+0000] {dag.py:3239} INFO - Sync 3 DAGs
[2025-03-06T01:02:54.176+0000] {logging_mixin.py:190} INFO - [2025-03-06T01:02:54.175+0000] {dag.py:4180} INFO - Setting next_dagrun for dataset_with_extra_by_context to 2025-03-05 00:00:00+00:00, run_after=2025-03-06 00:00:00+00:00
[2025-03-06T01:02:54.182+0000] {logging_mixin.py:190} INFO - [2025-03-06T01:02:54.181+0000] {dag.py:4180} INFO - Setting next_dagrun for dataset_with_extra_by_yield to 2025-03-05 00:00:00+00:00, run_after=2025-03-06 00:00:00+00:00
[2025-03-06T01:02:54.184+0000] {logging_mixin.py:190} INFO - [2025-03-06T01:02:54.184+0000] {dag.py:4180} INFO - Setting next_dagrun for dataset_with_extra_from_classic_operator to 2025-03-05 00:00:00+00:00, run_after=2025-03-06 00:00:00+00:00
[2025-03-06T01:02:54.213+0000] {processor.py:208} INFO - Processing /home/ubuntu/redfin_venv/lib/python3.12/site-packages/airflow/example_dags/example_outlet_event_extra.py took 0.116 seconds
[2025-03-06T01:03:52.645+0000] {processor.py:186} INFO - Started process (PID=5392) to work on /home/ubuntu/redfin_venv/lib/python3.12/site-packages/airflow/example_dags/example_outlet_event_extra.py
[2025-03-06T01:03:52.647+0000] {processor.py:914} INFO - Processing file /home/ubuntu/redfin_venv/lib/python3.12/site-packages/airflow/example_dags/example_outlet_event_extra.py for tasks to queue
[2025-03-06T01:03:52.649+0000] {logging_mixin.py:190} INFO - [2025-03-06T01:03:52.648+0000] {dagbag.py:588} INFO - Filling up the DagBag from /home/ubuntu/redfin_venv/lib/python3.12/site-packages/airflow/example_dags/example_outlet_event_extra.py
[2025-03-06T01:03:52.664+0000] {processor.py:925} INFO - DAG(s) 'dataset_with_extra_by_context', 'dataset_with_extra_by_yield', 'dataset_with_extra_from_classic_operator' retrieved from /home/ubuntu/redfin_venv/lib/python3.12/site-packages/airflow/example_dags/example_outlet_event_extra.py
[2025-03-06T01:03:52.688+0000] {logging_mixin.py:190} INFO - [2025-03-06T01:03:52.688+0000] {dag.py:3239} INFO - Sync 3 DAGs
[2025-03-06T01:03:52.710+0000] {logging_mixin.py:190} INFO - [2025-03-06T01:03:52.710+0000] {dag.py:4180} INFO - Setting next_dagrun for dataset_with_extra_by_context to 2025-03-05 00:00:00+00:00, run_after=2025-03-06 00:00:00+00:00
[2025-03-06T01:03:52.716+0000] {logging_mixin.py:190} INFO - [2025-03-06T01:03:52.715+0000] {dag.py:4180} INFO - Setting next_dagrun for dataset_with_extra_by_yield to 2025-03-05 00:00:00+00:00, run_after=2025-03-06 00:00:00+00:00
[2025-03-06T01:03:52.718+0000] {logging_mixin.py:190} INFO - [2025-03-06T01:03:52.718+0000] {dag.py:4180} INFO - Setting next_dagrun for dataset_with_extra_from_classic_operator to 2025-03-05 00:00:00+00:00, run_after=2025-03-06 00:00:00+00:00
[2025-03-06T01:03:52.764+0000] {processor.py:208} INFO - Processing /home/ubuntu/redfin_venv/lib/python3.12/site-packages/airflow/example_dags/example_outlet_event_extra.py took 0.126 seconds
[2025-03-06T01:04:58.247+0000] {processor.py:186} INFO - Started process (PID=5513) to work on /home/ubuntu/redfin_venv/lib/python3.12/site-packages/airflow/example_dags/example_outlet_event_extra.py
[2025-03-06T01:04:58.248+0000] {processor.py:914} INFO - Processing file /home/ubuntu/redfin_venv/lib/python3.12/site-packages/airflow/example_dags/example_outlet_event_extra.py for tasks to queue
[2025-03-06T01:04:58.254+0000] {logging_mixin.py:190} INFO - [2025-03-06T01:04:58.254+0000] {dagbag.py:588} INFO - Filling up the DagBag from /home/ubuntu/redfin_venv/lib/python3.12/site-packages/airflow/example_dags/example_outlet_event_extra.py
[2025-03-06T01:04:58.290+0000] {processor.py:925} INFO - DAG(s) 'dataset_with_extra_by_context', 'dataset_with_extra_from_classic_operator', 'dataset_with_extra_by_yield' retrieved from /home/ubuntu/redfin_venv/lib/python3.12/site-packages/airflow/example_dags/example_outlet_event_extra.py
[2025-03-06T01:04:58.319+0000] {logging_mixin.py:190} INFO - [2025-03-06T01:04:58.319+0000] {dag.py:3239} INFO - Sync 3 DAGs
[2025-03-06T01:04:58.360+0000] {logging_mixin.py:190} INFO - [2025-03-06T01:04:58.358+0000] {dag.py:4180} INFO - Setting next_dagrun for dataset_with_extra_by_context to 2025-03-05 00:00:00+00:00, run_after=2025-03-06 00:00:00+00:00
[2025-03-06T01:04:58.373+0000] {logging_mixin.py:190} INFO - [2025-03-06T01:04:58.373+0000] {dag.py:4180} INFO - Setting next_dagrun for dataset_with_extra_by_yield to 2025-03-05 00:00:00+00:00, run_after=2025-03-06 00:00:00+00:00
[2025-03-06T01:04:58.379+0000] {logging_mixin.py:190} INFO - [2025-03-06T01:04:58.377+0000] {dag.py:4180} INFO - Setting next_dagrun for dataset_with_extra_from_classic_operator to 2025-03-05 00:00:00+00:00, run_after=2025-03-06 00:00:00+00:00
[2025-03-06T01:04:58.424+0000] {processor.py:208} INFO - Processing /home/ubuntu/redfin_venv/lib/python3.12/site-packages/airflow/example_dags/example_outlet_event_extra.py took 0.189 seconds
[2025-03-06T01:06:01.953+0000] {processor.py:186} INFO - Started process (PID=5637) to work on /home/ubuntu/redfin_venv/lib/python3.12/site-packages/airflow/example_dags/example_outlet_event_extra.py
[2025-03-06T01:06:01.955+0000] {processor.py:914} INFO - Processing file /home/ubuntu/redfin_venv/lib/python3.12/site-packages/airflow/example_dags/example_outlet_event_extra.py for tasks to queue
[2025-03-06T01:06:01.959+0000] {logging_mixin.py:190} INFO - [2025-03-06T01:06:01.958+0000] {dagbag.py:588} INFO - Filling up the DagBag from /home/ubuntu/redfin_venv/lib/python3.12/site-packages/airflow/example_dags/example_outlet_event_extra.py
[2025-03-06T01:06:01.982+0000] {processor.py:925} INFO - DAG(s) 'dataset_with_extra_from_classic_operator', 'dataset_with_extra_by_yield', 'dataset_with_extra_by_context' retrieved from /home/ubuntu/redfin_venv/lib/python3.12/site-packages/airflow/example_dags/example_outlet_event_extra.py
[2025-03-06T01:06:02.028+0000] {logging_mixin.py:190} INFO - [2025-03-06T01:06:02.028+0000] {dag.py:3239} INFO - Sync 3 DAGs
[2025-03-06T01:06:02.081+0000] {logging_mixin.py:190} INFO - [2025-03-06T01:06:02.080+0000] {dag.py:4180} INFO - Setting next_dagrun for dataset_with_extra_by_context to 2025-03-05 00:00:00+00:00, run_after=2025-03-06 00:00:00+00:00
[2025-03-06T01:06:02.100+0000] {logging_mixin.py:190} INFO - [2025-03-06T01:06:02.099+0000] {dag.py:4180} INFO - Setting next_dagrun for dataset_with_extra_by_yield to 2025-03-05 00:00:00+00:00, run_after=2025-03-06 00:00:00+00:00
[2025-03-06T01:06:02.138+0000] {logging_mixin.py:190} INFO - [2025-03-06T01:06:02.132+0000] {dag.py:4180} INFO - Setting next_dagrun for dataset_with_extra_from_classic_operator to 2025-03-05 00:00:00+00:00, run_after=2025-03-06 00:00:00+00:00
[2025-03-06T01:06:02.212+0000] {processor.py:208} INFO - Processing /home/ubuntu/redfin_venv/lib/python3.12/site-packages/airflow/example_dags/example_outlet_event_extra.py took 0.276 seconds
[2025-03-06T01:07:06.811+0000] {processor.py:186} INFO - Started process (PID=6060) to work on /home/ubuntu/redfin_venv/lib/python3.12/site-packages/airflow/example_dags/example_outlet_event_extra.py
[2025-03-06T01:07:06.813+0000] {processor.py:914} INFO - Processing file /home/ubuntu/redfin_venv/lib/python3.12/site-packages/airflow/example_dags/example_outlet_event_extra.py for tasks to queue
[2025-03-06T01:07:06.817+0000] {logging_mixin.py:190} INFO - [2025-03-06T01:07:06.815+0000] {dagbag.py:588} INFO - Filling up the DagBag from /home/ubuntu/redfin_venv/lib/python3.12/site-packages/airflow/example_dags/example_outlet_event_extra.py
[2025-03-06T01:07:06.839+0000] {processor.py:925} INFO - DAG(s) 'dataset_with_extra_from_classic_operator', 'dataset_with_extra_by_context', 'dataset_with_extra_by_yield' retrieved from /home/ubuntu/redfin_venv/lib/python3.12/site-packages/airflow/example_dags/example_outlet_event_extra.py
[2025-03-06T01:07:06.862+0000] {logging_mixin.py:190} INFO - [2025-03-06T01:07:06.862+0000] {dag.py:3239} INFO - Sync 3 DAGs
[2025-03-06T01:07:06.886+0000] {logging_mixin.py:190} INFO - [2025-03-06T01:07:06.885+0000] {dag.py:4180} INFO - Setting next_dagrun for dataset_with_extra_by_context to 2025-03-05 00:00:00+00:00, run_after=2025-03-06 00:00:00+00:00
[2025-03-06T01:07:06.890+0000] {logging_mixin.py:190} INFO - [2025-03-06T01:07:06.890+0000] {dag.py:4180} INFO - Setting next_dagrun for dataset_with_extra_by_yield to 2025-03-05 00:00:00+00:00, run_after=2025-03-06 00:00:00+00:00
[2025-03-06T01:07:06.892+0000] {logging_mixin.py:190} INFO - [2025-03-06T01:07:06.892+0000] {dag.py:4180} INFO - Setting next_dagrun for dataset_with_extra_from_classic_operator to 2025-03-05 00:00:00+00:00, run_after=2025-03-06 00:00:00+00:00
[2025-03-06T01:07:06.918+0000] {processor.py:208} INFO - Processing /home/ubuntu/redfin_venv/lib/python3.12/site-packages/airflow/example_dags/example_outlet_event_extra.py took 0.116 seconds
[2025-03-06T01:08:08.812+0000] {processor.py:186} INFO - Started process (PID=6359) to work on /home/ubuntu/redfin_venv/lib/python3.12/site-packages/airflow/example_dags/example_outlet_event_extra.py
[2025-03-06T01:08:08.814+0000] {processor.py:914} INFO - Processing file /home/ubuntu/redfin_venv/lib/python3.12/site-packages/airflow/example_dags/example_outlet_event_extra.py for tasks to queue
[2025-03-06T01:08:08.818+0000] {logging_mixin.py:190} INFO - [2025-03-06T01:08:08.817+0000] {dagbag.py:588} INFO - Filling up the DagBag from /home/ubuntu/redfin_venv/lib/python3.12/site-packages/airflow/example_dags/example_outlet_event_extra.py
[2025-03-06T01:08:08.847+0000] {processor.py:925} INFO - DAG(s) 'dataset_with_extra_from_classic_operator', 'dataset_with_extra_by_yield', 'dataset_with_extra_by_context' retrieved from /home/ubuntu/redfin_venv/lib/python3.12/site-packages/airflow/example_dags/example_outlet_event_extra.py
[2025-03-06T01:08:08.887+0000] {logging_mixin.py:190} INFO - [2025-03-06T01:08:08.887+0000] {dag.py:3239} INFO - Sync 3 DAGs
[2025-03-06T01:08:08.920+0000] {logging_mixin.py:190} INFO - [2025-03-06T01:08:08.920+0000] {dag.py:4180} INFO - Setting next_dagrun for dataset_with_extra_by_context to 2025-03-05 00:00:00+00:00, run_after=2025-03-06 00:00:00+00:00
[2025-03-06T01:08:08.927+0000] {logging_mixin.py:190} INFO - [2025-03-06T01:08:08.927+0000] {dag.py:4180} INFO - Setting next_dagrun for dataset_with_extra_by_yield to 2025-03-05 00:00:00+00:00, run_after=2025-03-06 00:00:00+00:00
[2025-03-06T01:08:08.931+0000] {logging_mixin.py:190} INFO - [2025-03-06T01:08:08.931+0000] {dag.py:4180} INFO - Setting next_dagrun for dataset_with_extra_from_classic_operator to 2025-03-05 00:00:00+00:00, run_after=2025-03-06 00:00:00+00:00
[2025-03-06T01:08:09.011+0000] {processor.py:208} INFO - Processing /home/ubuntu/redfin_venv/lib/python3.12/site-packages/airflow/example_dags/example_outlet_event_extra.py took 0.212 seconds
[2025-03-06T01:09:08.715+0000] {processor.py:186} INFO - Started process (PID=6718) to work on /home/ubuntu/redfin_venv/lib/python3.12/site-packages/airflow/example_dags/example_outlet_event_extra.py
[2025-03-06T01:09:08.717+0000] {processor.py:914} INFO - Processing file /home/ubuntu/redfin_venv/lib/python3.12/site-packages/airflow/example_dags/example_outlet_event_extra.py for tasks to queue
[2025-03-06T01:09:08.720+0000] {logging_mixin.py:190} INFO - [2025-03-06T01:09:08.720+0000] {dagbag.py:588} INFO - Filling up the DagBag from /home/ubuntu/redfin_venv/lib/python3.12/site-packages/airflow/example_dags/example_outlet_event_extra.py
[2025-03-06T01:09:08.741+0000] {processor.py:925} INFO - DAG(s) 'dataset_with_extra_by_context', 'dataset_with_extra_by_yield', 'dataset_with_extra_from_classic_operator' retrieved from /home/ubuntu/redfin_venv/lib/python3.12/site-packages/airflow/example_dags/example_outlet_event_extra.py
[2025-03-06T01:09:08.765+0000] {logging_mixin.py:190} INFO - [2025-03-06T01:09:08.764+0000] {dag.py:3239} INFO - Sync 3 DAGs
[2025-03-06T01:09:08.796+0000] {logging_mixin.py:190} INFO - [2025-03-06T01:09:08.796+0000] {dag.py:4180} INFO - Setting next_dagrun for dataset_with_extra_by_context to 2025-03-05 00:00:00+00:00, run_after=2025-03-06 00:00:00+00:00
[2025-03-06T01:09:08.801+0000] {logging_mixin.py:190} INFO - [2025-03-06T01:09:08.801+0000] {dag.py:4180} INFO - Setting next_dagrun for dataset_with_extra_by_yield to 2025-03-05 00:00:00+00:00, run_after=2025-03-06 00:00:00+00:00
[2025-03-06T01:09:08.803+0000] {logging_mixin.py:190} INFO - [2025-03-06T01:09:08.803+0000] {dag.py:4180} INFO - Setting next_dagrun for dataset_with_extra_from_classic_operator to 2025-03-05 00:00:00+00:00, run_after=2025-03-06 00:00:00+00:00
[2025-03-06T01:09:08.828+0000] {processor.py:208} INFO - Processing /home/ubuntu/redfin_venv/lib/python3.12/site-packages/airflow/example_dags/example_outlet_event_extra.py took 0.120 seconds
[2025-03-06T01:10:12.399+0000] {processor.py:186} INFO - Started process (PID=6842) to work on /home/ubuntu/redfin_venv/lib/python3.12/site-packages/airflow/example_dags/example_outlet_event_extra.py
[2025-03-06T01:10:12.400+0000] {processor.py:914} INFO - Processing file /home/ubuntu/redfin_venv/lib/python3.12/site-packages/airflow/example_dags/example_outlet_event_extra.py for tasks to queue
[2025-03-06T01:10:12.403+0000] {logging_mixin.py:190} INFO - [2025-03-06T01:10:12.403+0000] {dagbag.py:588} INFO - Filling up the DagBag from /home/ubuntu/redfin_venv/lib/python3.12/site-packages/airflow/example_dags/example_outlet_event_extra.py
[2025-03-06T01:10:12.420+0000] {processor.py:925} INFO - DAG(s) 'dataset_with_extra_from_classic_operator', 'dataset_with_extra_by_yield', 'dataset_with_extra_by_context' retrieved from /home/ubuntu/redfin_venv/lib/python3.12/site-packages/airflow/example_dags/example_outlet_event_extra.py
[2025-03-06T01:10:12.444+0000] {logging_mixin.py:190} INFO - [2025-03-06T01:10:12.444+0000] {dag.py:3239} INFO - Sync 3 DAGs
[2025-03-06T01:10:12.470+0000] {logging_mixin.py:190} INFO - [2025-03-06T01:10:12.469+0000] {dag.py:4180} INFO - Setting next_dagrun for dataset_with_extra_by_context to 2025-03-05 00:00:00+00:00, run_after=2025-03-06 00:00:00+00:00
[2025-03-06T01:10:12.474+0000] {logging_mixin.py:190} INFO - [2025-03-06T01:10:12.474+0000] {dag.py:4180} INFO - Setting next_dagrun for dataset_with_extra_by_yield to 2025-03-05 00:00:00+00:00, run_after=2025-03-06 00:00:00+00:00
[2025-03-06T01:10:12.476+0000] {logging_mixin.py:190} INFO - [2025-03-06T01:10:12.476+0000] {dag.py:4180} INFO - Setting next_dagrun for dataset_with_extra_from_classic_operator to 2025-03-05 00:00:00+00:00, run_after=2025-03-06 00:00:00+00:00
[2025-03-06T01:10:12.507+0000] {processor.py:208} INFO - Processing /home/ubuntu/redfin_venv/lib/python3.12/site-packages/airflow/example_dags/example_outlet_event_extra.py took 0.115 seconds
[2025-03-06T01:11:13.639+0000] {processor.py:186} INFO - Started process (PID=6961) to work on /home/ubuntu/redfin_venv/lib/python3.12/site-packages/airflow/example_dags/example_outlet_event_extra.py
[2025-03-06T01:11:13.640+0000] {processor.py:914} INFO - Processing file /home/ubuntu/redfin_venv/lib/python3.12/site-packages/airflow/example_dags/example_outlet_event_extra.py for tasks to queue
[2025-03-06T01:11:13.643+0000] {logging_mixin.py:190} INFO - [2025-03-06T01:11:13.642+0000] {dagbag.py:588} INFO - Filling up the DagBag from /home/ubuntu/redfin_venv/lib/python3.12/site-packages/airflow/example_dags/example_outlet_event_extra.py
[2025-03-06T01:11:13.658+0000] {processor.py:925} INFO - DAG(s) 'dataset_with_extra_by_yield', 'dataset_with_extra_from_classic_operator', 'dataset_with_extra_by_context' retrieved from /home/ubuntu/redfin_venv/lib/python3.12/site-packages/airflow/example_dags/example_outlet_event_extra.py
[2025-03-06T01:11:13.688+0000] {logging_mixin.py:190} INFO - [2025-03-06T01:11:13.688+0000] {dag.py:3239} INFO - Sync 3 DAGs
[2025-03-06T01:11:13.725+0000] {logging_mixin.py:190} INFO - [2025-03-06T01:11:13.724+0000] {dag.py:4180} INFO - Setting next_dagrun for dataset_with_extra_by_context to 2025-03-05 00:00:00+00:00, run_after=2025-03-06 00:00:00+00:00
[2025-03-06T01:11:13.733+0000] {logging_mixin.py:190} INFO - [2025-03-06T01:11:13.732+0000] {dag.py:4180} INFO - Setting next_dagrun for dataset_with_extra_by_yield to 2025-03-05 00:00:00+00:00, run_after=2025-03-06 00:00:00+00:00
[2025-03-06T01:11:13.736+0000] {logging_mixin.py:190} INFO - [2025-03-06T01:11:13.736+0000] {dag.py:4180} INFO - Setting next_dagrun for dataset_with_extra_from_classic_operator to 2025-03-05 00:00:00+00:00, run_after=2025-03-06 00:00:00+00:00
[2025-03-06T01:11:13.766+0000] {processor.py:208} INFO - Processing /home/ubuntu/redfin_venv/lib/python3.12/site-packages/airflow/example_dags/example_outlet_event_extra.py took 0.134 seconds
[2025-03-06T01:12:18.664+0000] {processor.py:186} INFO - Started process (PID=7141) to work on /home/ubuntu/redfin_venv/lib/python3.12/site-packages/airflow/example_dags/example_outlet_event_extra.py
[2025-03-06T01:12:18.669+0000] {processor.py:914} INFO - Processing file /home/ubuntu/redfin_venv/lib/python3.12/site-packages/airflow/example_dags/example_outlet_event_extra.py for tasks to queue
[2025-03-06T01:12:18.674+0000] {logging_mixin.py:190} INFO - [2025-03-06T01:12:18.674+0000] {dagbag.py:588} INFO - Filling up the DagBag from /home/ubuntu/redfin_venv/lib/python3.12/site-packages/airflow/example_dags/example_outlet_event_extra.py
[2025-03-06T01:12:18.708+0000] {processor.py:925} INFO - DAG(s) 'dataset_with_extra_by_yield', 'dataset_with_extra_by_context', 'dataset_with_extra_from_classic_operator' retrieved from /home/ubuntu/redfin_venv/lib/python3.12/site-packages/airflow/example_dags/example_outlet_event_extra.py
[2025-03-06T01:12:18.757+0000] {logging_mixin.py:190} INFO - [2025-03-06T01:12:18.757+0000] {dag.py:3239} INFO - Sync 3 DAGs
[2025-03-06T01:12:18.796+0000] {logging_mixin.py:190} INFO - [2025-03-06T01:12:18.796+0000] {dag.py:4180} INFO - Setting next_dagrun for dataset_with_extra_by_context to 2025-03-05 00:00:00+00:00, run_after=2025-03-06 00:00:00+00:00
[2025-03-06T01:12:18.801+0000] {logging_mixin.py:190} INFO - [2025-03-06T01:12:18.801+0000] {dag.py:4180} INFO - Setting next_dagrun for dataset_with_extra_by_yield to 2025-03-05 00:00:00+00:00, run_after=2025-03-06 00:00:00+00:00
[2025-03-06T01:12:18.803+0000] {logging_mixin.py:190} INFO - [2025-03-06T01:12:18.803+0000] {dag.py:4180} INFO - Setting next_dagrun for dataset_with_extra_from_classic_operator to 2025-03-05 00:00:00+00:00, run_after=2025-03-06 00:00:00+00:00
[2025-03-06T01:12:18.828+0000] {processor.py:208} INFO - Processing /home/ubuntu/redfin_venv/lib/python3.12/site-packages/airflow/example_dags/example_outlet_event_extra.py took 0.179 seconds
[2025-03-06T01:13:20.995+0000] {processor.py:186} INFO - Started process (PID=7323) to work on /home/ubuntu/redfin_venv/lib/python3.12/site-packages/airflow/example_dags/example_outlet_event_extra.py
[2025-03-06T01:13:20.998+0000] {processor.py:914} INFO - Processing file /home/ubuntu/redfin_venv/lib/python3.12/site-packages/airflow/example_dags/example_outlet_event_extra.py for tasks to queue
[2025-03-06T01:13:21.001+0000] {logging_mixin.py:190} INFO - [2025-03-06T01:13:21.000+0000] {dagbag.py:588} INFO - Filling up the DagBag from /home/ubuntu/redfin_venv/lib/python3.12/site-packages/airflow/example_dags/example_outlet_event_extra.py
[2025-03-06T01:13:21.045+0000] {processor.py:925} INFO - DAG(s) 'dataset_with_extra_from_classic_operator', 'dataset_with_extra_by_yield', 'dataset_with_extra_by_context' retrieved from /home/ubuntu/redfin_venv/lib/python3.12/site-packages/airflow/example_dags/example_outlet_event_extra.py
[2025-03-06T01:13:21.076+0000] {logging_mixin.py:190} INFO - [2025-03-06T01:13:21.076+0000] {dag.py:3239} INFO - Sync 3 DAGs
[2025-03-06T01:13:21.109+0000] {logging_mixin.py:190} INFO - [2025-03-06T01:13:21.109+0000] {dag.py:4180} INFO - Setting next_dagrun for dataset_with_extra_by_context to 2025-03-05 00:00:00+00:00, run_after=2025-03-06 00:00:00+00:00
[2025-03-06T01:13:21.116+0000] {logging_mixin.py:190} INFO - [2025-03-06T01:13:21.116+0000] {dag.py:4180} INFO - Setting next_dagrun for dataset_with_extra_by_yield to 2025-03-05 00:00:00+00:00, run_after=2025-03-06 00:00:00+00:00
[2025-03-06T01:13:21.119+0000] {logging_mixin.py:190} INFO - [2025-03-06T01:13:21.119+0000] {dag.py:4180} INFO - Setting next_dagrun for dataset_with_extra_from_classic_operator to 2025-03-05 00:00:00+00:00, run_after=2025-03-06 00:00:00+00:00
[2025-03-06T01:13:21.153+0000] {processor.py:208} INFO - Processing /home/ubuntu/redfin_venv/lib/python3.12/site-packages/airflow/example_dags/example_outlet_event_extra.py took 0.169 seconds
[2025-03-06T01:14:23.778+0000] {processor.py:186} INFO - Started process (PID=7443) to work on /home/ubuntu/redfin_venv/lib/python3.12/site-packages/airflow/example_dags/example_outlet_event_extra.py
[2025-03-06T01:14:23.780+0000] {processor.py:914} INFO - Processing file /home/ubuntu/redfin_venv/lib/python3.12/site-packages/airflow/example_dags/example_outlet_event_extra.py for tasks to queue
[2025-03-06T01:14:23.785+0000] {logging_mixin.py:190} INFO - [2025-03-06T01:14:23.785+0000] {dagbag.py:588} INFO - Filling up the DagBag from /home/ubuntu/redfin_venv/lib/python3.12/site-packages/airflow/example_dags/example_outlet_event_extra.py
[2025-03-06T01:14:23.830+0000] {processor.py:925} INFO - DAG(s) 'dataset_with_extra_from_classic_operator', 'dataset_with_extra_by_context', 'dataset_with_extra_by_yield' retrieved from /home/ubuntu/redfin_venv/lib/python3.12/site-packages/airflow/example_dags/example_outlet_event_extra.py
[2025-03-06T01:14:23.871+0000] {logging_mixin.py:190} INFO - [2025-03-06T01:14:23.871+0000] {dag.py:3239} INFO - Sync 3 DAGs
[2025-03-06T01:14:23.899+0000] {logging_mixin.py:190} INFO - [2025-03-06T01:14:23.899+0000] {dag.py:4180} INFO - Setting next_dagrun for dataset_with_extra_by_context to 2025-03-05 00:00:00+00:00, run_after=2025-03-06 00:00:00+00:00
[2025-03-06T01:14:23.904+0000] {logging_mixin.py:190} INFO - [2025-03-06T01:14:23.904+0000] {dag.py:4180} INFO - Setting next_dagrun for dataset_with_extra_by_yield to 2025-03-05 00:00:00+00:00, run_after=2025-03-06 00:00:00+00:00
[2025-03-06T01:14:23.907+0000] {logging_mixin.py:190} INFO - [2025-03-06T01:14:23.907+0000] {dag.py:4180} INFO - Setting next_dagrun for dataset_with_extra_from_classic_operator to 2025-03-05 00:00:00+00:00, run_after=2025-03-06 00:00:00+00:00
[2025-03-06T01:14:23.932+0000] {processor.py:208} INFO - Processing /home/ubuntu/redfin_venv/lib/python3.12/site-packages/airflow/example_dags/example_outlet_event_extra.py took 0.169 seconds
[2025-03-06T01:15:23.863+0000] {processor.py:186} INFO - Started process (PID=7745) to work on /home/ubuntu/redfin_venv/lib/python3.12/site-packages/airflow/example_dags/example_outlet_event_extra.py
[2025-03-06T01:15:23.865+0000] {processor.py:914} INFO - Processing file /home/ubuntu/redfin_venv/lib/python3.12/site-packages/airflow/example_dags/example_outlet_event_extra.py for tasks to queue
[2025-03-06T01:15:23.868+0000] {logging_mixin.py:190} INFO - [2025-03-06T01:15:23.867+0000] {dagbag.py:588} INFO - Filling up the DagBag from /home/ubuntu/redfin_venv/lib/python3.12/site-packages/airflow/example_dags/example_outlet_event_extra.py
[2025-03-06T01:15:23.886+0000] {processor.py:925} INFO - DAG(s) 'dataset_with_extra_by_yield', 'dataset_with_extra_by_context', 'dataset_with_extra_from_classic_operator' retrieved from /home/ubuntu/redfin_venv/lib/python3.12/site-packages/airflow/example_dags/example_outlet_event_extra.py
[2025-03-06T01:15:23.913+0000] {logging_mixin.py:190} INFO - [2025-03-06T01:15:23.912+0000] {dag.py:3239} INFO - Sync 3 DAGs
[2025-03-06T01:15:23.938+0000] {logging_mixin.py:190} INFO - [2025-03-06T01:15:23.938+0000] {dag.py:4180} INFO - Setting next_dagrun for dataset_with_extra_by_context to 2025-03-05 00:00:00+00:00, run_after=2025-03-06 00:00:00+00:00
[2025-03-06T01:15:23.945+0000] {logging_mixin.py:190} INFO - [2025-03-06T01:15:23.945+0000] {dag.py:4180} INFO - Setting next_dagrun for dataset_with_extra_by_yield to 2025-03-05 00:00:00+00:00, run_after=2025-03-06 00:00:00+00:00
[2025-03-06T01:15:23.948+0000] {logging_mixin.py:190} INFO - [2025-03-06T01:15:23.947+0000] {dag.py:4180} INFO - Setting next_dagrun for dataset_with_extra_from_classic_operator to 2025-03-05 00:00:00+00:00, run_after=2025-03-06 00:00:00+00:00
[2025-03-06T01:15:23.978+0000] {processor.py:208} INFO - Processing /home/ubuntu/redfin_venv/lib/python3.12/site-packages/airflow/example_dags/example_outlet_event_extra.py took 0.125 seconds
[2025-03-06T01:16:25.177+0000] {processor.py:186} INFO - Started process (PID=7865) to work on /home/ubuntu/redfin_venv/lib/python3.12/site-packages/airflow/example_dags/example_outlet_event_extra.py
[2025-03-06T01:16:25.178+0000] {processor.py:914} INFO - Processing file /home/ubuntu/redfin_venv/lib/python3.12/site-packages/airflow/example_dags/example_outlet_event_extra.py for tasks to queue
[2025-03-06T01:16:25.181+0000] {logging_mixin.py:190} INFO - [2025-03-06T01:16:25.180+0000] {dagbag.py:588} INFO - Filling up the DagBag from /home/ubuntu/redfin_venv/lib/python3.12/site-packages/airflow/example_dags/example_outlet_event_extra.py
[2025-03-06T01:16:25.200+0000] {processor.py:925} INFO - DAG(s) 'dataset_with_extra_by_yield', 'dataset_with_extra_from_classic_operator', 'dataset_with_extra_by_context' retrieved from /home/ubuntu/redfin_venv/lib/python3.12/site-packages/airflow/example_dags/example_outlet_event_extra.py
[2025-03-06T01:16:25.225+0000] {logging_mixin.py:190} INFO - [2025-03-06T01:16:25.224+0000] {dag.py:3239} INFO - Sync 3 DAGs
[2025-03-06T01:16:25.254+0000] {logging_mixin.py:190} INFO - [2025-03-06T01:16:25.253+0000] {dag.py:4180} INFO - Setting next_dagrun for dataset_with_extra_by_context to 2025-03-05 00:00:00+00:00, run_after=2025-03-06 00:00:00+00:00
[2025-03-06T01:16:25.259+0000] {logging_mixin.py:190} INFO - [2025-03-06T01:16:25.258+0000] {dag.py:4180} INFO - Setting next_dagrun for dataset_with_extra_by_yield to 2025-03-05 00:00:00+00:00, run_after=2025-03-06 00:00:00+00:00
[2025-03-06T01:16:25.261+0000] {logging_mixin.py:190} INFO - [2025-03-06T01:16:25.261+0000] {dag.py:4180} INFO - Setting next_dagrun for dataset_with_extra_from_classic_operator to 2025-03-05 00:00:00+00:00, run_after=2025-03-06 00:00:00+00:00
[2025-03-06T01:16:25.295+0000] {processor.py:208} INFO - Processing /home/ubuntu/redfin_venv/lib/python3.12/site-packages/airflow/example_dags/example_outlet_event_extra.py took 0.125 seconds
[2025-03-06T01:17:27.687+0000] {processor.py:186} INFO - Started process (PID=8087) to work on /home/ubuntu/redfin_venv/lib/python3.12/site-packages/airflow/example_dags/example_outlet_event_extra.py
[2025-03-06T01:17:27.690+0000] {processor.py:914} INFO - Processing file /home/ubuntu/redfin_venv/lib/python3.12/site-packages/airflow/example_dags/example_outlet_event_extra.py for tasks to queue
[2025-03-06T01:17:27.693+0000] {logging_mixin.py:190} INFO - [2025-03-06T01:17:27.692+0000] {dagbag.py:588} INFO - Filling up the DagBag from /home/ubuntu/redfin_venv/lib/python3.12/site-packages/airflow/example_dags/example_outlet_event_extra.py
[2025-03-06T01:17:27.717+0000] {processor.py:925} INFO - DAG(s) 'dataset_with_extra_from_classic_operator', 'dataset_with_extra_by_yield', 'dataset_with_extra_by_context' retrieved from /home/ubuntu/redfin_venv/lib/python3.12/site-packages/airflow/example_dags/example_outlet_event_extra.py
[2025-03-06T01:17:27.746+0000] {logging_mixin.py:190} INFO - [2025-03-06T01:17:27.745+0000] {dag.py:3239} INFO - Sync 3 DAGs
[2025-03-06T01:17:27.802+0000] {logging_mixin.py:190} INFO - [2025-03-06T01:17:27.801+0000] {dag.py:4180} INFO - Setting next_dagrun for dataset_with_extra_by_context to 2025-03-05 00:00:00+00:00, run_after=2025-03-06 00:00:00+00:00
[2025-03-06T01:17:27.806+0000] {logging_mixin.py:190} INFO - [2025-03-06T01:17:27.806+0000] {dag.py:4180} INFO - Setting next_dagrun for dataset_with_extra_by_yield to 2025-03-05 00:00:00+00:00, run_after=2025-03-06 00:00:00+00:00
[2025-03-06T01:17:27.809+0000] {logging_mixin.py:190} INFO - [2025-03-06T01:17:27.808+0000] {dag.py:4180} INFO - Setting next_dagrun for dataset_with_extra_from_classic_operator to 2025-03-05 00:00:00+00:00, run_after=2025-03-06 00:00:00+00:00
[2025-03-06T01:17:27.847+0000] {processor.py:208} INFO - Processing /home/ubuntu/redfin_venv/lib/python3.12/site-packages/airflow/example_dags/example_outlet_event_extra.py took 0.173 seconds
[2025-03-06T01:18:26.680+0000] {processor.py:186} INFO - Started process (PID=8386) to work on /home/ubuntu/redfin_venv/lib/python3.12/site-packages/airflow/example_dags/example_outlet_event_extra.py
[2025-03-06T01:18:26.682+0000] {processor.py:914} INFO - Processing file /home/ubuntu/redfin_venv/lib/python3.12/site-packages/airflow/example_dags/example_outlet_event_extra.py for tasks to queue
[2025-03-06T01:18:26.685+0000] {logging_mixin.py:190} INFO - [2025-03-06T01:18:26.684+0000] {dagbag.py:588} INFO - Filling up the DagBag from /home/ubuntu/redfin_venv/lib/python3.12/site-packages/airflow/example_dags/example_outlet_event_extra.py
[2025-03-06T01:18:26.703+0000] {processor.py:925} INFO - DAG(s) 'dataset_with_extra_by_yield', 'dataset_with_extra_from_classic_operator', 'dataset_with_extra_by_context' retrieved from /home/ubuntu/redfin_venv/lib/python3.12/site-packages/airflow/example_dags/example_outlet_event_extra.py
[2025-03-06T01:18:26.729+0000] {logging_mixin.py:190} INFO - [2025-03-06T01:18:26.729+0000] {dag.py:3239} INFO - Sync 3 DAGs
[2025-03-06T01:18:26.753+0000] {logging_mixin.py:190} INFO - [2025-03-06T01:18:26.753+0000] {dag.py:4180} INFO - Setting next_dagrun for dataset_with_extra_by_context to 2025-03-05 00:00:00+00:00, run_after=2025-03-06 00:00:00+00:00
[2025-03-06T01:18:26.758+0000] {logging_mixin.py:190} INFO - [2025-03-06T01:18:26.758+0000] {dag.py:4180} INFO - Setting next_dagrun for dataset_with_extra_by_yield to 2025-03-05 00:00:00+00:00, run_after=2025-03-06 00:00:00+00:00
[2025-03-06T01:18:26.761+0000] {logging_mixin.py:190} INFO - [2025-03-06T01:18:26.760+0000] {dag.py:4180} INFO - Setting next_dagrun for dataset_with_extra_from_classic_operator to 2025-03-05 00:00:00+00:00, run_after=2025-03-06 00:00:00+00:00
[2025-03-06T01:18:26.787+0000] {processor.py:208} INFO - Processing /home/ubuntu/redfin_venv/lib/python3.12/site-packages/airflow/example_dags/example_outlet_event_extra.py took 0.114 seconds
[2025-03-06T01:19:34.171+0000] {processor.py:186} INFO - Started process (PID=8567) to work on /home/ubuntu/redfin_venv/lib/python3.12/site-packages/airflow/example_dags/example_outlet_event_extra.py
[2025-03-06T01:19:34.172+0000] {processor.py:914} INFO - Processing file /home/ubuntu/redfin_venv/lib/python3.12/site-packages/airflow/example_dags/example_outlet_event_extra.py for tasks to queue
[2025-03-06T01:19:34.175+0000] {logging_mixin.py:190} INFO - [2025-03-06T01:19:34.175+0000] {dagbag.py:588} INFO - Filling up the DagBag from /home/ubuntu/redfin_venv/lib/python3.12/site-packages/airflow/example_dags/example_outlet_event_extra.py
[2025-03-06T01:19:34.197+0000] {processor.py:925} INFO - DAG(s) 'dataset_with_extra_by_context', 'dataset_with_extra_by_yield', 'dataset_with_extra_from_classic_operator' retrieved from /home/ubuntu/redfin_venv/lib/python3.12/site-packages/airflow/example_dags/example_outlet_event_extra.py
[2025-03-06T01:19:34.227+0000] {logging_mixin.py:190} INFO - [2025-03-06T01:19:34.227+0000] {dag.py:3239} INFO - Sync 3 DAGs
[2025-03-06T01:19:34.263+0000] {logging_mixin.py:190} INFO - [2025-03-06T01:19:34.263+0000] {dag.py:4180} INFO - Setting next_dagrun for dataset_with_extra_by_context to 2025-03-05 00:00:00+00:00, run_after=2025-03-06 00:00:00+00:00
[2025-03-06T01:19:34.269+0000] {logging_mixin.py:190} INFO - [2025-03-06T01:19:34.269+0000] {dag.py:4180} INFO - Setting next_dagrun for dataset_with_extra_by_yield to 2025-03-05 00:00:00+00:00, run_after=2025-03-06 00:00:00+00:00
[2025-03-06T01:19:34.273+0000] {logging_mixin.py:190} INFO - [2025-03-06T01:19:34.273+0000] {dag.py:4180} INFO - Setting next_dagrun for dataset_with_extra_from_classic_operator to 2025-03-05 00:00:00+00:00, run_after=2025-03-06 00:00:00+00:00
[2025-03-06T01:19:34.306+0000] {processor.py:208} INFO - Processing /home/ubuntu/redfin_venv/lib/python3.12/site-packages/airflow/example_dags/example_outlet_event_extra.py took 0.142 seconds
