[2025-03-06T00:58:42.602+0000] {processor.py:186} INFO - Started process (PID=3576) to work on /home/ubuntu/redfin_venv/lib/python3.12/site-packages/airflow/example_dags/example_python_operator.py
[2025-03-06T00:58:42.603+0000] {processor.py:914} INFO - Processing file /home/ubuntu/redfin_venv/lib/python3.12/site-packages/airflow/example_dags/example_python_operator.py for tasks to queue
[2025-03-06T00:58:42.605+0000] {logging_mixin.py:190} INFO - [2025-03-06T00:58:42.604+0000] {dagbag.py:588} INFO - Filling up the DagBag from /home/ubuntu/redfin_venv/lib/python3.12/site-packages/airflow/example_dags/example_python_operator.py
[2025-03-06T00:58:42.615+0000] {logging_mixin.py:190} INFO - [2025-03-06T00:58:42.615+0000] {example_python_operator.py:93} WARNING - The virtalenv_python example task requires virtualenv, please install it.
[2025-03-06T00:58:42.617+0000] {processor.py:925} INFO - DAG(s) 'example_python_operator' retrieved from /home/ubuntu/redfin_venv/lib/python3.12/site-packages/airflow/example_dags/example_python_operator.py
[2025-03-06T00:58:42.640+0000] {logging_mixin.py:190} INFO - [2025-03-06T00:58:42.640+0000] {dag.py:3239} INFO - Sync 1 DAGs
[2025-03-06T00:58:42.654+0000] {logging_mixin.py:190} INFO - [2025-03-06T00:58:42.654+0000] {dag.py:4180} INFO - Setting next_dagrun for example_python_operator to None, run_after=None
[2025-03-06T00:58:42.678+0000] {processor.py:208} INFO - Processing /home/ubuntu/redfin_venv/lib/python3.12/site-packages/airflow/example_dags/example_python_operator.py took 0.084 seconds
[2025-03-06T00:59:39.928+0000] {processor.py:186} INFO - Started process (PID=3999) to work on /home/ubuntu/redfin_venv/lib/python3.12/site-packages/airflow/example_dags/example_python_operator.py
[2025-03-06T00:59:39.930+0000] {processor.py:914} INFO - Processing file /home/ubuntu/redfin_venv/lib/python3.12/site-packages/airflow/example_dags/example_python_operator.py for tasks to queue
[2025-03-06T00:59:39.932+0000] {logging_mixin.py:190} INFO - [2025-03-06T00:59:39.931+0000] {dagbag.py:588} INFO - Filling up the DagBag from /home/ubuntu/redfin_venv/lib/python3.12/site-packages/airflow/example_dags/example_python_operator.py
[2025-03-06T00:59:39.940+0000] {logging_mixin.py:190} INFO - [2025-03-06T00:59:39.940+0000] {example_python_operator.py:93} WARNING - The virtalenv_python example task requires virtualenv, please install it.
[2025-03-06T00:59:39.943+0000] {processor.py:925} INFO - DAG(s) 'example_python_operator' retrieved from /home/ubuntu/redfin_venv/lib/python3.12/site-packages/airflow/example_dags/example_python_operator.py
[2025-03-06T00:59:39.965+0000] {logging_mixin.py:190} INFO - [2025-03-06T00:59:39.965+0000] {dag.py:3239} INFO - Sync 1 DAGs
[2025-03-06T00:59:39.981+0000] {logging_mixin.py:190} INFO - [2025-03-06T00:59:39.980+0000] {dag.py:4180} INFO - Setting next_dagrun for example_python_operator to None, run_after=None
[2025-03-06T00:59:40.009+0000] {processor.py:208} INFO - Processing /home/ubuntu/redfin_venv/lib/python3.12/site-packages/airflow/example_dags/example_python_operator.py took 0.088 seconds
[2025-03-06T01:00:39.707+0000] {processor.py:186} INFO - Started process (PID=4564) to work on /home/ubuntu/redfin_venv/lib/python3.12/site-packages/airflow/example_dags/example_python_operator.py
[2025-03-06T01:00:39.709+0000] {processor.py:914} INFO - Processing file /home/ubuntu/redfin_venv/lib/python3.12/site-packages/airflow/example_dags/example_python_operator.py for tasks to queue
[2025-03-06T01:00:39.711+0000] {logging_mixin.py:190} INFO - [2025-03-06T01:00:39.711+0000] {dagbag.py:588} INFO - Filling up the DagBag from /home/ubuntu/redfin_venv/lib/python3.12/site-packages/airflow/example_dags/example_python_operator.py
[2025-03-06T01:00:39.718+0000] {logging_mixin.py:190} INFO - [2025-03-06T01:00:39.718+0000] {example_python_operator.py:93} WARNING - The virtalenv_python example task requires virtualenv, please install it.
[2025-03-06T01:00:39.721+0000] {processor.py:925} INFO - DAG(s) 'example_python_operator' retrieved from /home/ubuntu/redfin_venv/lib/python3.12/site-packages/airflow/example_dags/example_python_operator.py
[2025-03-06T01:00:39.739+0000] {logging_mixin.py:190} INFO - [2025-03-06T01:00:39.739+0000] {dag.py:3239} INFO - Sync 1 DAGs
[2025-03-06T01:00:39.754+0000] {logging_mixin.py:190} INFO - [2025-03-06T01:00:39.754+0000] {dag.py:4180} INFO - Setting next_dagrun for example_python_operator to None, run_after=None
[2025-03-06T01:00:39.778+0000] {processor.py:208} INFO - Processing /home/ubuntu/redfin_venv/lib/python3.12/site-packages/airflow/example_dags/example_python_operator.py took 0.077 seconds
[2025-03-06T01:01:38.971+0000] {processor.py:186} INFO - Started process (PID=4898) to work on /home/ubuntu/redfin_venv/lib/python3.12/site-packages/airflow/example_dags/example_python_operator.py
[2025-03-06T01:01:38.972+0000] {processor.py:914} INFO - Processing file /home/ubuntu/redfin_venv/lib/python3.12/site-packages/airflow/example_dags/example_python_operator.py for tasks to queue
[2025-03-06T01:01:38.976+0000] {logging_mixin.py:190} INFO - [2025-03-06T01:01:38.975+0000] {dagbag.py:588} INFO - Filling up the DagBag from /home/ubuntu/redfin_venv/lib/python3.12/site-packages/airflow/example_dags/example_python_operator.py
[2025-03-06T01:01:38.986+0000] {logging_mixin.py:190} INFO - [2025-03-06T01:01:38.986+0000] {example_python_operator.py:93} WARNING - The virtalenv_python example task requires virtualenv, please install it.
[2025-03-06T01:01:38.990+0000] {processor.py:925} INFO - DAG(s) 'example_python_operator' retrieved from /home/ubuntu/redfin_venv/lib/python3.12/site-packages/airflow/example_dags/example_python_operator.py
[2025-03-06T01:01:39.017+0000] {logging_mixin.py:190} INFO - [2025-03-06T01:01:39.017+0000] {dag.py:3239} INFO - Sync 1 DAGs
[2025-03-06T01:01:39.034+0000] {logging_mixin.py:190} INFO - [2025-03-06T01:01:39.034+0000] {dag.py:4180} INFO - Setting next_dagrun for example_python_operator to None, run_after=None
[2025-03-06T01:01:39.065+0000] {processor.py:208} INFO - Processing /home/ubuntu/redfin_venv/lib/python3.12/site-packages/airflow/example_dags/example_python_operator.py took 0.103 seconds
[2025-03-06T01:02:39.635+0000] {processor.py:186} INFO - Started process (PID=5199) to work on /home/ubuntu/redfin_venv/lib/python3.12/site-packages/airflow/example_dags/example_python_operator.py
[2025-03-06T01:02:39.637+0000] {processor.py:914} INFO - Processing file /home/ubuntu/redfin_venv/lib/python3.12/site-packages/airflow/example_dags/example_python_operator.py for tasks to queue
[2025-03-06T01:02:39.639+0000] {logging_mixin.py:190} INFO - [2025-03-06T01:02:39.639+0000] {dagbag.py:588} INFO - Filling up the DagBag from /home/ubuntu/redfin_venv/lib/python3.12/site-packages/airflow/example_dags/example_python_operator.py
[2025-03-06T01:02:39.648+0000] {logging_mixin.py:190} INFO - [2025-03-06T01:02:39.648+0000] {example_python_operator.py:93} WARNING - The virtalenv_python example task requires virtualenv, please install it.
[2025-03-06T01:02:39.651+0000] {processor.py:925} INFO - DAG(s) 'example_python_operator' retrieved from /home/ubuntu/redfin_venv/lib/python3.12/site-packages/airflow/example_dags/example_python_operator.py
[2025-03-06T01:02:39.672+0000] {logging_mixin.py:190} INFO - [2025-03-06T01:02:39.672+0000] {dag.py:3239} INFO - Sync 1 DAGs
[2025-03-06T01:02:39.688+0000] {logging_mixin.py:190} INFO - [2025-03-06T01:02:39.688+0000] {dag.py:4180} INFO - Setting next_dagrun for example_python_operator to None, run_after=None
[2025-03-06T01:02:39.714+0000] {processor.py:208} INFO - Processing /home/ubuntu/redfin_venv/lib/python3.12/site-packages/airflow/example_dags/example_python_operator.py took 0.088 seconds
[2025-03-06T01:03:38.856+0000] {processor.py:186} INFO - Started process (PID=5378) to work on /home/ubuntu/redfin_venv/lib/python3.12/site-packages/airflow/example_dags/example_python_operator.py
[2025-03-06T01:03:38.858+0000] {processor.py:914} INFO - Processing file /home/ubuntu/redfin_venv/lib/python3.12/site-packages/airflow/example_dags/example_python_operator.py for tasks to queue
[2025-03-06T01:03:38.863+0000] {logging_mixin.py:190} INFO - [2025-03-06T01:03:38.862+0000] {dagbag.py:588} INFO - Filling up the DagBag from /home/ubuntu/redfin_venv/lib/python3.12/site-packages/airflow/example_dags/example_python_operator.py
[2025-03-06T01:03:38.876+0000] {logging_mixin.py:190} INFO - [2025-03-06T01:03:38.875+0000] {example_python_operator.py:93} WARNING - The virtalenv_python example task requires virtualenv, please install it.
[2025-03-06T01:03:38.880+0000] {processor.py:925} INFO - DAG(s) 'example_python_operator' retrieved from /home/ubuntu/redfin_venv/lib/python3.12/site-packages/airflow/example_dags/example_python_operator.py
[2025-03-06T01:03:38.911+0000] {logging_mixin.py:190} INFO - [2025-03-06T01:03:38.911+0000] {dag.py:3239} INFO - Sync 1 DAGs
[2025-03-06T01:03:38.932+0000] {logging_mixin.py:190} INFO - [2025-03-06T01:03:38.931+0000] {dag.py:4180} INFO - Setting next_dagrun for example_python_operator to None, run_after=None
[2025-03-06T01:03:38.965+0000] {processor.py:208} INFO - Processing /home/ubuntu/redfin_venv/lib/python3.12/site-packages/airflow/example_dags/example_python_operator.py took 0.118 seconds
[2025-03-06T01:04:39.957+0000] {processor.py:186} INFO - Started process (PID=5496) to work on /home/ubuntu/redfin_venv/lib/python3.12/site-packages/airflow/example_dags/example_python_operator.py
[2025-03-06T01:04:39.959+0000] {processor.py:914} INFO - Processing file /home/ubuntu/redfin_venv/lib/python3.12/site-packages/airflow/example_dags/example_python_operator.py for tasks to queue
[2025-03-06T01:04:39.964+0000] {logging_mixin.py:190} INFO - [2025-03-06T01:04:39.964+0000] {dagbag.py:588} INFO - Filling up the DagBag from /home/ubuntu/redfin_venv/lib/python3.12/site-packages/airflow/example_dags/example_python_operator.py
[2025-03-06T01:04:39.974+0000] {logging_mixin.py:190} INFO - [2025-03-06T01:04:39.973+0000] {example_python_operator.py:93} WARNING - The virtalenv_python example task requires virtualenv, please install it.
[2025-03-06T01:04:39.978+0000] {processor.py:925} INFO - DAG(s) 'example_python_operator' retrieved from /home/ubuntu/redfin_venv/lib/python3.12/site-packages/airflow/example_dags/example_python_operator.py
[2025-03-06T01:04:40.003+0000] {logging_mixin.py:190} INFO - [2025-03-06T01:04:40.003+0000] {dag.py:3239} INFO - Sync 1 DAGs
[2025-03-06T01:04:40.020+0000] {logging_mixin.py:190} INFO - [2025-03-06T01:04:40.020+0000] {dag.py:4180} INFO - Setting next_dagrun for example_python_operator to None, run_after=None
[2025-03-06T01:04:40.062+0000] {processor.py:208} INFO - Processing /home/ubuntu/redfin_venv/lib/python3.12/site-packages/airflow/example_dags/example_python_operator.py took 0.113 seconds
[2025-03-06T01:05:45.127+0000] {processor.py:186} INFO - Started process (PID=5620) to work on /home/ubuntu/redfin_venv/lib/python3.12/site-packages/airflow/example_dags/example_python_operator.py
[2025-03-06T01:05:45.129+0000] {processor.py:914} INFO - Processing file /home/ubuntu/redfin_venv/lib/python3.12/site-packages/airflow/example_dags/example_python_operator.py for tasks to queue
[2025-03-06T01:05:45.131+0000] {logging_mixin.py:190} INFO - [2025-03-06T01:05:45.131+0000] {dagbag.py:588} INFO - Filling up the DagBag from /home/ubuntu/redfin_venv/lib/python3.12/site-packages/airflow/example_dags/example_python_operator.py
[2025-03-06T01:05:45.139+0000] {logging_mixin.py:190} INFO - [2025-03-06T01:05:45.139+0000] {example_python_operator.py:93} WARNING - The virtalenv_python example task requires virtualenv, please install it.
[2025-03-06T01:05:45.142+0000] {processor.py:925} INFO - DAG(s) 'example_python_operator' retrieved from /home/ubuntu/redfin_venv/lib/python3.12/site-packages/airflow/example_dags/example_python_operator.py
[2025-03-06T01:05:45.161+0000] {logging_mixin.py:190} INFO - [2025-03-06T01:05:45.161+0000] {dag.py:3239} INFO - Sync 1 DAGs
[2025-03-06T01:05:45.177+0000] {logging_mixin.py:190} INFO - [2025-03-06T01:05:45.177+0000] {dag.py:4180} INFO - Setting next_dagrun for example_python_operator to None, run_after=None
[2025-03-06T01:05:45.218+0000] {processor.py:208} INFO - Processing /home/ubuntu/redfin_venv/lib/python3.12/site-packages/airflow/example_dags/example_python_operator.py took 0.098 seconds
[2025-03-06T01:06:47.733+0000] {processor.py:186} INFO - Started process (PID=5922) to work on /home/ubuntu/redfin_venv/lib/python3.12/site-packages/airflow/example_dags/example_python_operator.py
[2025-03-06T01:06:47.736+0000] {processor.py:914} INFO - Processing file /home/ubuntu/redfin_venv/lib/python3.12/site-packages/airflow/example_dags/example_python_operator.py for tasks to queue
[2025-03-06T01:06:47.741+0000] {logging_mixin.py:190} INFO - [2025-03-06T01:06:47.741+0000] {dagbag.py:588} INFO - Filling up the DagBag from /home/ubuntu/redfin_venv/lib/python3.12/site-packages/airflow/example_dags/example_python_operator.py
[2025-03-06T01:06:47.774+0000] {logging_mixin.py:190} INFO - [2025-03-06T01:06:47.767+0000] {example_python_operator.py:93} WARNING - The virtalenv_python example task requires virtualenv, please install it.
[2025-03-06T01:06:47.787+0000] {processor.py:925} INFO - DAG(s) 'example_python_operator' retrieved from /home/ubuntu/redfin_venv/lib/python3.12/site-packages/airflow/example_dags/example_python_operator.py
[2025-03-06T01:06:47.819+0000] {logging_mixin.py:190} INFO - [2025-03-06T01:06:47.819+0000] {dag.py:3239} INFO - Sync 1 DAGs
[2025-03-06T01:06:47.853+0000] {logging_mixin.py:190} INFO - [2025-03-06T01:06:47.852+0000] {dag.py:4180} INFO - Setting next_dagrun for example_python_operator to None, run_after=None
[2025-03-06T01:06:47.906+0000] {processor.py:208} INFO - Processing /home/ubuntu/redfin_venv/lib/python3.12/site-packages/airflow/example_dags/example_python_operator.py took 0.193 seconds
[2025-03-06T01:07:49.218+0000] {processor.py:186} INFO - Started process (PID=6281) to work on /home/ubuntu/redfin_venv/lib/python3.12/site-packages/airflow/example_dags/example_python_operator.py
[2025-03-06T01:07:49.220+0000] {processor.py:914} INFO - Processing file /home/ubuntu/redfin_venv/lib/python3.12/site-packages/airflow/example_dags/example_python_operator.py for tasks to queue
[2025-03-06T01:07:49.222+0000] {logging_mixin.py:190} INFO - [2025-03-06T01:07:49.221+0000] {dagbag.py:588} INFO - Filling up the DagBag from /home/ubuntu/redfin_venv/lib/python3.12/site-packages/airflow/example_dags/example_python_operator.py
[2025-03-06T01:07:49.230+0000] {logging_mixin.py:190} INFO - [2025-03-06T01:07:49.230+0000] {example_python_operator.py:93} WARNING - The virtalenv_python example task requires virtualenv, please install it.
[2025-03-06T01:07:49.232+0000] {processor.py:925} INFO - DAG(s) 'example_python_operator' retrieved from /home/ubuntu/redfin_venv/lib/python3.12/site-packages/airflow/example_dags/example_python_operator.py
[2025-03-06T01:07:49.252+0000] {logging_mixin.py:190} INFO - [2025-03-06T01:07:49.251+0000] {dag.py:3239} INFO - Sync 1 DAGs
[2025-03-06T01:07:49.266+0000] {logging_mixin.py:190} INFO - [2025-03-06T01:07:49.265+0000] {dag.py:4180} INFO - Setting next_dagrun for example_python_operator to None, run_after=None
[2025-03-06T01:07:49.290+0000] {processor.py:208} INFO - Processing /home/ubuntu/redfin_venv/lib/python3.12/site-packages/airflow/example_dags/example_python_operator.py took 0.079 seconds
[2025-03-06T01:08:47.997+0000] {processor.py:186} INFO - Started process (PID=6579) to work on /home/ubuntu/redfin_venv/lib/python3.12/site-packages/airflow/example_dags/example_python_operator.py
[2025-03-06T01:08:47.999+0000] {processor.py:914} INFO - Processing file /home/ubuntu/redfin_venv/lib/python3.12/site-packages/airflow/example_dags/example_python_operator.py for tasks to queue
[2025-03-06T01:08:48.001+0000] {logging_mixin.py:190} INFO - [2025-03-06T01:08:48.000+0000] {dagbag.py:588} INFO - Filling up the DagBag from /home/ubuntu/redfin_venv/lib/python3.12/site-packages/airflow/example_dags/example_python_operator.py
[2025-03-06T01:08:48.009+0000] {logging_mixin.py:190} INFO - [2025-03-06T01:08:48.009+0000] {example_python_operator.py:93} WARNING - The virtalenv_python example task requires virtualenv, please install it.
[2025-03-06T01:08:48.012+0000] {processor.py:925} INFO - DAG(s) 'example_python_operator' retrieved from /home/ubuntu/redfin_venv/lib/python3.12/site-packages/airflow/example_dags/example_python_operator.py
[2025-03-06T01:08:48.032+0000] {logging_mixin.py:190} INFO - [2025-03-06T01:08:48.032+0000] {dag.py:3239} INFO - Sync 1 DAGs
[2025-03-06T01:08:48.046+0000] {logging_mixin.py:190} INFO - [2025-03-06T01:08:48.046+0000] {dag.py:4180} INFO - Setting next_dagrun for example_python_operator to None, run_after=None
[2025-03-06T01:08:48.071+0000] {processor.py:208} INFO - Processing /home/ubuntu/redfin_venv/lib/python3.12/site-packages/airflow/example_dags/example_python_operator.py took 0.080 seconds
[2025-03-06T01:09:51.872+0000] {processor.py:186} INFO - Started process (PID=6819) to work on /home/ubuntu/redfin_venv/lib/python3.12/site-packages/airflow/example_dags/example_python_operator.py
[2025-03-06T01:09:51.873+0000] {processor.py:914} INFO - Processing file /home/ubuntu/redfin_venv/lib/python3.12/site-packages/airflow/example_dags/example_python_operator.py for tasks to queue
[2025-03-06T01:09:51.878+0000] {logging_mixin.py:190} INFO - [2025-03-06T01:09:51.878+0000] {dagbag.py:588} INFO - Filling up the DagBag from /home/ubuntu/redfin_venv/lib/python3.12/site-packages/airflow/example_dags/example_python_operator.py
[2025-03-06T01:09:51.888+0000] {logging_mixin.py:190} INFO - [2025-03-06T01:09:51.888+0000] {example_python_operator.py:93} WARNING - The virtalenv_python example task requires virtualenv, please install it.
[2025-03-06T01:09:51.891+0000] {processor.py:925} INFO - DAG(s) 'example_python_operator' retrieved from /home/ubuntu/redfin_venv/lib/python3.12/site-packages/airflow/example_dags/example_python_operator.py
[2025-03-06T01:09:51.914+0000] {logging_mixin.py:190} INFO - [2025-03-06T01:09:51.914+0000] {dag.py:3239} INFO - Sync 1 DAGs
[2025-03-06T01:09:51.928+0000] {logging_mixin.py:190} INFO - [2025-03-06T01:09:51.928+0000] {dag.py:4180} INFO - Setting next_dagrun for example_python_operator to None, run_after=None
[2025-03-06T01:09:51.966+0000] {processor.py:208} INFO - Processing /home/ubuntu/redfin_venv/lib/python3.12/site-packages/airflow/example_dags/example_python_operator.py took 0.103 seconds
[2025-03-06T01:10:54.066+0000] {processor.py:186} INFO - Started process (PID=6942) to work on /home/ubuntu/redfin_venv/lib/python3.12/site-packages/airflow/example_dags/example_python_operator.py
[2025-03-06T01:10:54.068+0000] {processor.py:914} INFO - Processing file /home/ubuntu/redfin_venv/lib/python3.12/site-packages/airflow/example_dags/example_python_operator.py for tasks to queue
[2025-03-06T01:10:54.070+0000] {logging_mixin.py:190} INFO - [2025-03-06T01:10:54.070+0000] {dagbag.py:588} INFO - Filling up the DagBag from /home/ubuntu/redfin_venv/lib/python3.12/site-packages/airflow/example_dags/example_python_operator.py
[2025-03-06T01:10:54.085+0000] {logging_mixin.py:190} INFO - [2025-03-06T01:10:54.085+0000] {example_python_operator.py:93} WARNING - The virtalenv_python example task requires virtualenv, please install it.
[2025-03-06T01:10:54.089+0000] {processor.py:925} INFO - DAG(s) 'example_python_operator' retrieved from /home/ubuntu/redfin_venv/lib/python3.12/site-packages/airflow/example_dags/example_python_operator.py
[2025-03-06T01:10:54.108+0000] {logging_mixin.py:190} INFO - [2025-03-06T01:10:54.108+0000] {dag.py:3239} INFO - Sync 1 DAGs
[2025-03-06T01:10:54.121+0000] {logging_mixin.py:190} INFO - [2025-03-06T01:10:54.121+0000] {dag.py:4180} INFO - Setting next_dagrun for example_python_operator to None, run_after=None
[2025-03-06T01:10:54.147+0000] {processor.py:208} INFO - Processing /home/ubuntu/redfin_venv/lib/python3.12/site-packages/airflow/example_dags/example_python_operator.py took 0.098 seconds
[2025-03-06T01:11:56.569+0000] {processor.py:186} INFO - Started process (PID=7061) to work on /home/ubuntu/redfin_venv/lib/python3.12/site-packages/airflow/example_dags/example_python_operator.py
[2025-03-06T01:11:56.570+0000] {processor.py:914} INFO - Processing file /home/ubuntu/redfin_venv/lib/python3.12/site-packages/airflow/example_dags/example_python_operator.py for tasks to queue
[2025-03-06T01:11:56.573+0000] {logging_mixin.py:190} INFO - [2025-03-06T01:11:56.573+0000] {dagbag.py:588} INFO - Filling up the DagBag from /home/ubuntu/redfin_venv/lib/python3.12/site-packages/airflow/example_dags/example_python_operator.py
[2025-03-06T01:11:56.583+0000] {logging_mixin.py:190} INFO - [2025-03-06T01:11:56.583+0000] {example_python_operator.py:93} WARNING - The virtalenv_python example task requires virtualenv, please install it.
[2025-03-06T01:11:56.587+0000] {processor.py:925} INFO - DAG(s) 'example_python_operator' retrieved from /home/ubuntu/redfin_venv/lib/python3.12/site-packages/airflow/example_dags/example_python_operator.py
[2025-03-06T01:11:56.611+0000] {logging_mixin.py:190} INFO - [2025-03-06T01:11:56.610+0000] {dag.py:3239} INFO - Sync 1 DAGs
[2025-03-06T01:11:56.630+0000] {logging_mixin.py:190} INFO - [2025-03-06T01:11:56.629+0000] {dag.py:4180} INFO - Setting next_dagrun for example_python_operator to None, run_after=None
[2025-03-06T01:11:56.661+0000] {processor.py:208} INFO - Processing /home/ubuntu/redfin_venv/lib/python3.12/site-packages/airflow/example_dags/example_python_operator.py took 0.107 seconds
[2025-03-06T01:13:02.217+0000] {processor.py:186} INFO - Started process (PID=7183) to work on /home/ubuntu/redfin_venv/lib/python3.12/site-packages/airflow/example_dags/example_python_operator.py
[2025-03-06T01:13:02.219+0000] {processor.py:914} INFO - Processing file /home/ubuntu/redfin_venv/lib/python3.12/site-packages/airflow/example_dags/example_python_operator.py for tasks to queue
[2025-03-06T01:13:02.222+0000] {logging_mixin.py:190} INFO - [2025-03-06T01:13:02.221+0000] {dagbag.py:588} INFO - Filling up the DagBag from /home/ubuntu/redfin_venv/lib/python3.12/site-packages/airflow/example_dags/example_python_operator.py
[2025-03-06T01:13:02.232+0000] {logging_mixin.py:190} INFO - [2025-03-06T01:13:02.232+0000] {example_python_operator.py:93} WARNING - The virtalenv_python example task requires virtualenv, please install it.
[2025-03-06T01:13:02.235+0000] {processor.py:925} INFO - DAG(s) 'example_python_operator' retrieved from /home/ubuntu/redfin_venv/lib/python3.12/site-packages/airflow/example_dags/example_python_operator.py
[2025-03-06T01:13:02.259+0000] {logging_mixin.py:190} INFO - [2025-03-06T01:13:02.259+0000] {dag.py:3239} INFO - Sync 1 DAGs
[2025-03-06T01:13:02.286+0000] {logging_mixin.py:190} INFO - [2025-03-06T01:13:02.286+0000] {dag.py:4180} INFO - Setting next_dagrun for example_python_operator to None, run_after=None
[2025-03-06T01:13:02.328+0000] {processor.py:208} INFO - Processing /home/ubuntu/redfin_venv/lib/python3.12/site-packages/airflow/example_dags/example_python_operator.py took 0.118 seconds
[2025-03-06T01:14:03.369+0000] {processor.py:186} INFO - Started process (PID=7363) to work on /home/ubuntu/redfin_venv/lib/python3.12/site-packages/airflow/example_dags/example_python_operator.py
[2025-03-06T01:14:03.370+0000] {processor.py:914} INFO - Processing file /home/ubuntu/redfin_venv/lib/python3.12/site-packages/airflow/example_dags/example_python_operator.py for tasks to queue
[2025-03-06T01:14:03.372+0000] {logging_mixin.py:190} INFO - [2025-03-06T01:14:03.372+0000] {dagbag.py:588} INFO - Filling up the DagBag from /home/ubuntu/redfin_venv/lib/python3.12/site-packages/airflow/example_dags/example_python_operator.py
[2025-03-06T01:14:03.381+0000] {logging_mixin.py:190} INFO - [2025-03-06T01:14:03.381+0000] {example_python_operator.py:93} WARNING - The virtalenv_python example task requires virtualenv, please install it.
[2025-03-06T01:14:03.384+0000] {processor.py:925} INFO - DAG(s) 'example_python_operator' retrieved from /home/ubuntu/redfin_venv/lib/python3.12/site-packages/airflow/example_dags/example_python_operator.py
[2025-03-06T01:14:03.403+0000] {logging_mixin.py:190} INFO - [2025-03-06T01:14:03.403+0000] {dag.py:3239} INFO - Sync 1 DAGs
[2025-03-06T01:14:03.420+0000] {logging_mixin.py:190} INFO - [2025-03-06T01:14:03.419+0000] {dag.py:4180} INFO - Setting next_dagrun for example_python_operator to None, run_after=None
[2025-03-06T01:14:03.447+0000] {processor.py:208} INFO - Processing /home/ubuntu/redfin_venv/lib/python3.12/site-packages/airflow/example_dags/example_python_operator.py took 0.086 seconds
[2025-03-06T01:15:03.739+0000] {processor.py:186} INFO - Started process (PID=7546) to work on /home/ubuntu/redfin_venv/lib/python3.12/site-packages/airflow/example_dags/example_python_operator.py
[2025-03-06T01:15:03.743+0000] {processor.py:914} INFO - Processing file /home/ubuntu/redfin_venv/lib/python3.12/site-packages/airflow/example_dags/example_python_operator.py for tasks to queue
[2025-03-06T01:15:03.747+0000] {logging_mixin.py:190} INFO - [2025-03-06T01:15:03.746+0000] {dagbag.py:588} INFO - Filling up the DagBag from /home/ubuntu/redfin_venv/lib/python3.12/site-packages/airflow/example_dags/example_python_operator.py
[2025-03-06T01:15:03.758+0000] {logging_mixin.py:190} INFO - [2025-03-06T01:15:03.758+0000] {example_python_operator.py:93} WARNING - The virtalenv_python example task requires virtualenv, please install it.
[2025-03-06T01:15:03.764+0000] {processor.py:925} INFO - DAG(s) 'example_python_operator' retrieved from /home/ubuntu/redfin_venv/lib/python3.12/site-packages/airflow/example_dags/example_python_operator.py
[2025-03-06T01:15:03.793+0000] {logging_mixin.py:190} INFO - [2025-03-06T01:15:03.793+0000] {dag.py:3239} INFO - Sync 1 DAGs
[2025-03-06T01:15:03.812+0000] {logging_mixin.py:190} INFO - [2025-03-06T01:15:03.811+0000] {dag.py:4180} INFO - Setting next_dagrun for example_python_operator to None, run_after=None
[2025-03-06T01:15:03.847+0000] {processor.py:208} INFO - Processing /home/ubuntu/redfin_venv/lib/python3.12/site-packages/airflow/example_dags/example_python_operator.py took 0.125 seconds
[2025-03-06T01:16:07.893+0000] {processor.py:186} INFO - Started process (PID=7786) to work on /home/ubuntu/redfin_venv/lib/python3.12/site-packages/airflow/example_dags/example_python_operator.py
[2025-03-06T01:16:07.896+0000] {processor.py:914} INFO - Processing file /home/ubuntu/redfin_venv/lib/python3.12/site-packages/airflow/example_dags/example_python_operator.py for tasks to queue
[2025-03-06T01:16:07.903+0000] {logging_mixin.py:190} INFO - [2025-03-06T01:16:07.902+0000] {dagbag.py:588} INFO - Filling up the DagBag from /home/ubuntu/redfin_venv/lib/python3.12/site-packages/airflow/example_dags/example_python_operator.py
[2025-03-06T01:16:07.914+0000] {logging_mixin.py:190} INFO - [2025-03-06T01:16:07.914+0000] {example_python_operator.py:93} WARNING - The virtalenv_python example task requires virtualenv, please install it.
[2025-03-06T01:16:07.917+0000] {processor.py:925} INFO - DAG(s) 'example_python_operator' retrieved from /home/ubuntu/redfin_venv/lib/python3.12/site-packages/airflow/example_dags/example_python_operator.py
[2025-03-06T01:16:07.939+0000] {logging_mixin.py:190} INFO - [2025-03-06T01:16:07.938+0000] {dag.py:3239} INFO - Sync 1 DAGs
[2025-03-06T01:16:07.954+0000] {logging_mixin.py:190} INFO - [2025-03-06T01:16:07.954+0000] {dag.py:4180} INFO - Setting next_dagrun for example_python_operator to None, run_after=None
[2025-03-06T01:16:07.983+0000] {processor.py:208} INFO - Processing /home/ubuntu/redfin_venv/lib/python3.12/site-packages/airflow/example_dags/example_python_operator.py took 0.102 seconds
[2025-03-06T01:17:07.273+0000] {processor.py:186} INFO - Started process (PID=7907) to work on /home/ubuntu/redfin_venv/lib/python3.12/site-packages/airflow/example_dags/example_python_operator.py
[2025-03-06T01:17:07.275+0000] {processor.py:914} INFO - Processing file /home/ubuntu/redfin_venv/lib/python3.12/site-packages/airflow/example_dags/example_python_operator.py for tasks to queue
[2025-03-06T01:17:07.278+0000] {logging_mixin.py:190} INFO - [2025-03-06T01:17:07.277+0000] {dagbag.py:588} INFO - Filling up the DagBag from /home/ubuntu/redfin_venv/lib/python3.12/site-packages/airflow/example_dags/example_python_operator.py
[2025-03-06T01:17:07.286+0000] {logging_mixin.py:190} INFO - [2025-03-06T01:17:07.286+0000] {example_python_operator.py:93} WARNING - The virtalenv_python example task requires virtualenv, please install it.
[2025-03-06T01:17:07.289+0000] {processor.py:925} INFO - DAG(s) 'example_python_operator' retrieved from /home/ubuntu/redfin_venv/lib/python3.12/site-packages/airflow/example_dags/example_python_operator.py
[2025-03-06T01:17:07.310+0000] {logging_mixin.py:190} INFO - [2025-03-06T01:17:07.310+0000] {dag.py:3239} INFO - Sync 1 DAGs
[2025-03-06T01:17:07.324+0000] {logging_mixin.py:190} INFO - [2025-03-06T01:17:07.324+0000] {dag.py:4180} INFO - Setting next_dagrun for example_python_operator to None, run_after=None
[2025-03-06T01:17:07.350+0000] {processor.py:208} INFO - Processing /home/ubuntu/redfin_venv/lib/python3.12/site-packages/airflow/example_dags/example_python_operator.py took 0.083 seconds
[2025-03-06T01:18:08.627+0000] {processor.py:186} INFO - Started process (PID=8248) to work on /home/ubuntu/redfin_venv/lib/python3.12/site-packages/airflow/example_dags/example_python_operator.py
[2025-03-06T01:18:08.639+0000] {processor.py:914} INFO - Processing file /home/ubuntu/redfin_venv/lib/python3.12/site-packages/airflow/example_dags/example_python_operator.py for tasks to queue
[2025-03-06T01:18:08.641+0000] {logging_mixin.py:190} INFO - [2025-03-06T01:18:08.641+0000] {dagbag.py:588} INFO - Filling up the DagBag from /home/ubuntu/redfin_venv/lib/python3.12/site-packages/airflow/example_dags/example_python_operator.py
[2025-03-06T01:18:08.649+0000] {logging_mixin.py:190} INFO - [2025-03-06T01:18:08.649+0000] {example_python_operator.py:93} WARNING - The virtalenv_python example task requires virtualenv, please install it.
[2025-03-06T01:18:08.652+0000] {processor.py:925} INFO - DAG(s) 'example_python_operator' retrieved from /home/ubuntu/redfin_venv/lib/python3.12/site-packages/airflow/example_dags/example_python_operator.py
[2025-03-06T01:18:08.674+0000] {logging_mixin.py:190} INFO - [2025-03-06T01:18:08.674+0000] {dag.py:3239} INFO - Sync 1 DAGs
[2025-03-06T01:18:08.687+0000] {logging_mixin.py:190} INFO - [2025-03-06T01:18:08.687+0000] {dag.py:4180} INFO - Setting next_dagrun for example_python_operator to None, run_after=None
[2025-03-06T01:18:08.711+0000] {processor.py:208} INFO - Processing /home/ubuntu/redfin_venv/lib/python3.12/site-packages/airflow/example_dags/example_python_operator.py took 0.092 seconds
[2025-03-06T01:19:10.909+0000] {processor.py:186} INFO - Started process (PID=8487) to work on /home/ubuntu/redfin_venv/lib/python3.12/site-packages/airflow/example_dags/example_python_operator.py
[2025-03-06T01:19:10.911+0000] {processor.py:914} INFO - Processing file /home/ubuntu/redfin_venv/lib/python3.12/site-packages/airflow/example_dags/example_python_operator.py for tasks to queue
[2025-03-06T01:19:10.914+0000] {logging_mixin.py:190} INFO - [2025-03-06T01:19:10.914+0000] {dagbag.py:588} INFO - Filling up the DagBag from /home/ubuntu/redfin_venv/lib/python3.12/site-packages/airflow/example_dags/example_python_operator.py
[2025-03-06T01:19:10.930+0000] {logging_mixin.py:190} INFO - [2025-03-06T01:19:10.930+0000] {example_python_operator.py:93} WARNING - The virtalenv_python example task requires virtualenv, please install it.
[2025-03-06T01:19:10.934+0000] {processor.py:925} INFO - DAG(s) 'example_python_operator' retrieved from /home/ubuntu/redfin_venv/lib/python3.12/site-packages/airflow/example_dags/example_python_operator.py
[2025-03-06T01:19:10.967+0000] {logging_mixin.py:190} INFO - [2025-03-06T01:19:10.966+0000] {dag.py:3239} INFO - Sync 1 DAGs
[2025-03-06T01:19:10.984+0000] {logging_mixin.py:190} INFO - [2025-03-06T01:19:10.983+0000] {dag.py:4180} INFO - Setting next_dagrun for example_python_operator to None, run_after=None
[2025-03-06T01:19:11.017+0000] {processor.py:208} INFO - Processing /home/ubuntu/redfin_venv/lib/python3.12/site-packages/airflow/example_dags/example_python_operator.py took 0.118 seconds
