[2025-03-06T00:58:48.649+0000] {processor.py:186} INFO - Started process (PID=3643) to work on /home/ubuntu/redfin_venv/lib/python3.12/site-packages/airflow/example_dags/example_latest_only_with_trigger.py
[2025-03-06T00:58:48.649+0000] {processor.py:914} INFO - Processing file /home/ubuntu/redfin_venv/lib/python3.12/site-packages/airflow/example_dags/example_latest_only_with_trigger.py for tasks to queue
[2025-03-06T00:58:48.652+0000] {logging_mixin.py:190} INFO - [2025-03-06T00:58:48.652+0000] {dagbag.py:588} INFO - Filling up the DagBag from /home/ubuntu/redfin_venv/lib/python3.12/site-packages/airflow/example_dags/example_latest_only_with_trigger.py
[2025-03-06T00:58:48.660+0000] {processor.py:925} INFO - DAG(s) 'latest_only_with_trigger' retrieved from /home/ubuntu/redfin_venv/lib/python3.12/site-packages/airflow/example_dags/example_latest_only_with_trigger.py
[2025-03-06T00:58:48.683+0000] {logging_mixin.py:190} INFO - [2025-03-06T00:58:48.683+0000] {dag.py:3239} INFO - Sync 1 DAGs
[2025-03-06T00:58:48.703+0000] {logging_mixin.py:190} INFO - [2025-03-06T00:58:48.703+0000] {dag.py:4180} INFO - Setting next_dagrun for latest_only_with_trigger to 2025-03-05 20:00:00+00:00, run_after=2025-03-06 00:00:00+00:00
[2025-03-06T00:58:48.729+0000] {processor.py:208} INFO - Processing /home/ubuntu/redfin_venv/lib/python3.12/site-packages/airflow/example_dags/example_latest_only_with_trigger.py took 0.086 seconds
[2025-03-06T00:59:46.574+0000] {processor.py:186} INFO - Started process (PID=4006) to work on /home/ubuntu/redfin_venv/lib/python3.12/site-packages/airflow/example_dags/example_latest_only_with_trigger.py
[2025-03-06T00:59:46.576+0000] {processor.py:914} INFO - Processing file /home/ubuntu/redfin_venv/lib/python3.12/site-packages/airflow/example_dags/example_latest_only_with_trigger.py for tasks to queue
[2025-03-06T00:59:46.578+0000] {logging_mixin.py:190} INFO - [2025-03-06T00:59:46.578+0000] {dagbag.py:588} INFO - Filling up the DagBag from /home/ubuntu/redfin_venv/lib/python3.12/site-packages/airflow/example_dags/example_latest_only_with_trigger.py
[2025-03-06T00:59:46.587+0000] {processor.py:925} INFO - DAG(s) 'latest_only_with_trigger' retrieved from /home/ubuntu/redfin_venv/lib/python3.12/site-packages/airflow/example_dags/example_latest_only_with_trigger.py
[2025-03-06T00:59:46.608+0000] {logging_mixin.py:190} INFO - [2025-03-06T00:59:46.607+0000] {dag.py:3239} INFO - Sync 1 DAGs
[2025-03-06T00:59:46.628+0000] {logging_mixin.py:190} INFO - [2025-03-06T00:59:46.627+0000] {dag.py:4180} INFO - Setting next_dagrun for latest_only_with_trigger to 2025-03-05 20:00:00+00:00, run_after=2025-03-06 00:00:00+00:00
[2025-03-06T00:59:46.650+0000] {processor.py:208} INFO - Processing /home/ubuntu/redfin_venv/lib/python3.12/site-packages/airflow/example_dags/example_latest_only_with_trigger.py took 0.083 seconds
[2025-03-06T01:00:46.821+0000] {processor.py:186} INFO - Started process (PID=4666) to work on /home/ubuntu/redfin_venv/lib/python3.12/site-packages/airflow/example_dags/example_latest_only_with_trigger.py
[2025-03-06T01:00:46.823+0000] {processor.py:914} INFO - Processing file /home/ubuntu/redfin_venv/lib/python3.12/site-packages/airflow/example_dags/example_latest_only_with_trigger.py for tasks to queue
[2025-03-06T01:00:46.826+0000] {logging_mixin.py:190} INFO - [2025-03-06T01:00:46.825+0000] {dagbag.py:588} INFO - Filling up the DagBag from /home/ubuntu/redfin_venv/lib/python3.12/site-packages/airflow/example_dags/example_latest_only_with_trigger.py
[2025-03-06T01:00:46.837+0000] {processor.py:925} INFO - DAG(s) 'latest_only_with_trigger' retrieved from /home/ubuntu/redfin_venv/lib/python3.12/site-packages/airflow/example_dags/example_latest_only_with_trigger.py
[2025-03-06T01:00:46.864+0000] {logging_mixin.py:190} INFO - [2025-03-06T01:00:46.864+0000] {dag.py:3239} INFO - Sync 1 DAGs
[2025-03-06T01:00:46.892+0000] {logging_mixin.py:190} INFO - [2025-03-06T01:00:46.892+0000] {dag.py:4180} INFO - Setting next_dagrun for latest_only_with_trigger to 2025-03-05 20:00:00+00:00, run_after=2025-03-06 00:00:00+00:00
[2025-03-06T01:00:46.923+0000] {processor.py:208} INFO - Processing /home/ubuntu/redfin_venv/lib/python3.12/site-packages/airflow/example_dags/example_latest_only_with_trigger.py took 0.112 seconds
[2025-03-06T01:01:51.303+0000] {processor.py:186} INFO - Started process (PID=4911) to work on /home/ubuntu/redfin_venv/lib/python3.12/site-packages/airflow/example_dags/example_latest_only_with_trigger.py
[2025-03-06T01:01:51.304+0000] {processor.py:914} INFO - Processing file /home/ubuntu/redfin_venv/lib/python3.12/site-packages/airflow/example_dags/example_latest_only_with_trigger.py for tasks to queue
[2025-03-06T01:01:51.307+0000] {logging_mixin.py:190} INFO - [2025-03-06T01:01:51.306+0000] {dagbag.py:588} INFO - Filling up the DagBag from /home/ubuntu/redfin_venv/lib/python3.12/site-packages/airflow/example_dags/example_latest_only_with_trigger.py
[2025-03-06T01:01:51.316+0000] {processor.py:925} INFO - DAG(s) 'latest_only_with_trigger' retrieved from /home/ubuntu/redfin_venv/lib/python3.12/site-packages/airflow/example_dags/example_latest_only_with_trigger.py
[2025-03-06T01:01:51.333+0000] {logging_mixin.py:190} INFO - [2025-03-06T01:01:51.333+0000] {dag.py:3239} INFO - Sync 1 DAGs
[2025-03-06T01:01:51.354+0000] {logging_mixin.py:190} INFO - [2025-03-06T01:01:51.354+0000] {dag.py:4180} INFO - Setting next_dagrun for latest_only_with_trigger to 2025-03-05 20:00:00+00:00, run_after=2025-03-06 00:00:00+00:00
[2025-03-06T01:01:51.381+0000] {processor.py:208} INFO - Processing /home/ubuntu/redfin_venv/lib/python3.12/site-packages/airflow/example_dags/example_latest_only_with_trigger.py took 0.084 seconds
[2025-03-06T01:02:51.270+0000] {processor.py:186} INFO - Started process (PID=5210) to work on /home/ubuntu/redfin_venv/lib/python3.12/site-packages/airflow/example_dags/example_latest_only_with_trigger.py
[2025-03-06T01:02:51.273+0000] {processor.py:914} INFO - Processing file /home/ubuntu/redfin_venv/lib/python3.12/site-packages/airflow/example_dags/example_latest_only_with_trigger.py for tasks to queue
[2025-03-06T01:02:51.276+0000] {logging_mixin.py:190} INFO - [2025-03-06T01:02:51.276+0000] {dagbag.py:588} INFO - Filling up the DagBag from /home/ubuntu/redfin_venv/lib/python3.12/site-packages/airflow/example_dags/example_latest_only_with_trigger.py
[2025-03-06T01:02:51.287+0000] {processor.py:925} INFO - DAG(s) 'latest_only_with_trigger' retrieved from /home/ubuntu/redfin_venv/lib/python3.12/site-packages/airflow/example_dags/example_latest_only_with_trigger.py
[2025-03-06T01:02:51.310+0000] {logging_mixin.py:190} INFO - [2025-03-06T01:02:51.309+0000] {dag.py:3239} INFO - Sync 1 DAGs
[2025-03-06T01:02:51.334+0000] {logging_mixin.py:190} INFO - [2025-03-06T01:02:51.334+0000] {dag.py:4180} INFO - Setting next_dagrun for latest_only_with_trigger to 2025-03-05 20:00:00+00:00, run_after=2025-03-06 00:00:00+00:00
[2025-03-06T01:02:51.359+0000] {processor.py:208} INFO - Processing /home/ubuntu/redfin_venv/lib/python3.12/site-packages/airflow/example_dags/example_latest_only_with_trigger.py took 0.097 seconds
[2025-03-06T01:03:48.989+0000] {processor.py:186} INFO - Started process (PID=5389) to work on /home/ubuntu/redfin_venv/lib/python3.12/site-packages/airflow/example_dags/example_latest_only_with_trigger.py
[2025-03-06T01:03:48.993+0000] {processor.py:914} INFO - Processing file /home/ubuntu/redfin_venv/lib/python3.12/site-packages/airflow/example_dags/example_latest_only_with_trigger.py for tasks to queue
[2025-03-06T01:03:48.995+0000] {logging_mixin.py:190} INFO - [2025-03-06T01:03:48.995+0000] {dagbag.py:588} INFO - Filling up the DagBag from /home/ubuntu/redfin_venv/lib/python3.12/site-packages/airflow/example_dags/example_latest_only_with_trigger.py
[2025-03-06T01:03:49.007+0000] {processor.py:925} INFO - DAG(s) 'latest_only_with_trigger' retrieved from /home/ubuntu/redfin_venv/lib/python3.12/site-packages/airflow/example_dags/example_latest_only_with_trigger.py
[2025-03-06T01:03:49.029+0000] {logging_mixin.py:190} INFO - [2025-03-06T01:03:49.029+0000] {dag.py:3239} INFO - Sync 1 DAGs
[2025-03-06T01:03:49.060+0000] {logging_mixin.py:190} INFO - [2025-03-06T01:03:49.059+0000] {dag.py:4180} INFO - Setting next_dagrun for latest_only_with_trigger to 2025-03-05 20:00:00+00:00, run_after=2025-03-06 00:00:00+00:00
[2025-03-06T01:03:49.095+0000] {processor.py:208} INFO - Processing /home/ubuntu/redfin_venv/lib/python3.12/site-packages/airflow/example_dags/example_latest_only_with_trigger.py took 0.113 seconds
[2025-03-06T01:04:54.565+0000] {processor.py:186} INFO - Started process (PID=5510) to work on /home/ubuntu/redfin_venv/lib/python3.12/site-packages/airflow/example_dags/example_latest_only_with_trigger.py
[2025-03-06T01:04:54.567+0000] {processor.py:914} INFO - Processing file /home/ubuntu/redfin_venv/lib/python3.12/site-packages/airflow/example_dags/example_latest_only_with_trigger.py for tasks to queue
[2025-03-06T01:04:54.569+0000] {logging_mixin.py:190} INFO - [2025-03-06T01:04:54.569+0000] {dagbag.py:588} INFO - Filling up the DagBag from /home/ubuntu/redfin_venv/lib/python3.12/site-packages/airflow/example_dags/example_latest_only_with_trigger.py
[2025-03-06T01:04:54.579+0000] {processor.py:925} INFO - DAG(s) 'latest_only_with_trigger' retrieved from /home/ubuntu/redfin_venv/lib/python3.12/site-packages/airflow/example_dags/example_latest_only_with_trigger.py
[2025-03-06T01:04:54.598+0000] {logging_mixin.py:190} INFO - [2025-03-06T01:04:54.598+0000] {dag.py:3239} INFO - Sync 1 DAGs
[2025-03-06T01:04:54.621+0000] {logging_mixin.py:190} INFO - [2025-03-06T01:04:54.621+0000] {dag.py:4180} INFO - Setting next_dagrun for latest_only_with_trigger to 2025-03-05 20:00:00+00:00, run_after=2025-03-06 00:00:00+00:00
[2025-03-06T01:04:54.647+0000] {processor.py:208} INFO - Processing /home/ubuntu/redfin_venv/lib/python3.12/site-packages/airflow/example_dags/example_latest_only_with_trigger.py took 0.087 seconds
[2025-03-06T01:05:59.264+0000] {processor.py:186} INFO - Started process (PID=5634) to work on /home/ubuntu/redfin_venv/lib/python3.12/site-packages/airflow/example_dags/example_latest_only_with_trigger.py
[2025-03-06T01:05:59.265+0000] {processor.py:914} INFO - Processing file /home/ubuntu/redfin_venv/lib/python3.12/site-packages/airflow/example_dags/example_latest_only_with_trigger.py for tasks to queue
[2025-03-06T01:05:59.267+0000] {logging_mixin.py:190} INFO - [2025-03-06T01:05:59.267+0000] {dagbag.py:588} INFO - Filling up the DagBag from /home/ubuntu/redfin_venv/lib/python3.12/site-packages/airflow/example_dags/example_latest_only_with_trigger.py
[2025-03-06T01:05:59.278+0000] {processor.py:925} INFO - DAG(s) 'latest_only_with_trigger' retrieved from /home/ubuntu/redfin_venv/lib/python3.12/site-packages/airflow/example_dags/example_latest_only_with_trigger.py
[2025-03-06T01:05:59.301+0000] {logging_mixin.py:190} INFO - [2025-03-06T01:05:59.300+0000] {dag.py:3239} INFO - Sync 1 DAGs
[2025-03-06T01:05:59.346+0000] {logging_mixin.py:190} INFO - [2025-03-06T01:05:59.345+0000] {dag.py:4180} INFO - Setting next_dagrun for latest_only_with_trigger to 2025-03-05 20:00:00+00:00, run_after=2025-03-06 00:00:00+00:00
[2025-03-06T01:05:59.378+0000] {processor.py:208} INFO - Processing /home/ubuntu/redfin_venv/lib/python3.12/site-packages/airflow/example_dags/example_latest_only_with_trigger.py took 0.123 seconds
[2025-03-06T01:07:03.475+0000] {processor.py:186} INFO - Started process (PID=6057) to work on /home/ubuntu/redfin_venv/lib/python3.12/site-packages/airflow/example_dags/example_latest_only_with_trigger.py
[2025-03-06T01:07:03.476+0000] {processor.py:914} INFO - Processing file /home/ubuntu/redfin_venv/lib/python3.12/site-packages/airflow/example_dags/example_latest_only_with_trigger.py for tasks to queue
[2025-03-06T01:07:03.478+0000] {logging_mixin.py:190} INFO - [2025-03-06T01:07:03.478+0000] {dagbag.py:588} INFO - Filling up the DagBag from /home/ubuntu/redfin_venv/lib/python3.12/site-packages/airflow/example_dags/example_latest_only_with_trigger.py
[2025-03-06T01:07:03.489+0000] {processor.py:925} INFO - DAG(s) 'latest_only_with_trigger' retrieved from /home/ubuntu/redfin_venv/lib/python3.12/site-packages/airflow/example_dags/example_latest_only_with_trigger.py
[2025-03-06T01:07:03.515+0000] {logging_mixin.py:190} INFO - [2025-03-06T01:07:03.514+0000] {dag.py:3239} INFO - Sync 1 DAGs
[2025-03-06T01:07:03.545+0000] {logging_mixin.py:190} INFO - [2025-03-06T01:07:03.545+0000] {dag.py:4180} INFO - Setting next_dagrun for latest_only_with_trigger to 2025-03-05 20:00:00+00:00, run_after=2025-03-06 00:00:00+00:00
[2025-03-06T01:07:03.579+0000] {processor.py:208} INFO - Processing /home/ubuntu/redfin_venv/lib/python3.12/site-packages/airflow/example_dags/example_latest_only_with_trigger.py took 0.110 seconds
[2025-03-06T01:08:05.435+0000] {processor.py:186} INFO - Started process (PID=6356) to work on /home/ubuntu/redfin_venv/lib/python3.12/site-packages/airflow/example_dags/example_latest_only_with_trigger.py
[2025-03-06T01:08:05.441+0000] {processor.py:914} INFO - Processing file /home/ubuntu/redfin_venv/lib/python3.12/site-packages/airflow/example_dags/example_latest_only_with_trigger.py for tasks to queue
[2025-03-06T01:08:05.446+0000] {logging_mixin.py:190} INFO - [2025-03-06T01:08:05.444+0000] {dagbag.py:588} INFO - Filling up the DagBag from /home/ubuntu/redfin_venv/lib/python3.12/site-packages/airflow/example_dags/example_latest_only_with_trigger.py
[2025-03-06T01:08:05.477+0000] {processor.py:925} INFO - DAG(s) 'latest_only_with_trigger' retrieved from /home/ubuntu/redfin_venv/lib/python3.12/site-packages/airflow/example_dags/example_latest_only_with_trigger.py
[2025-03-06T01:08:05.522+0000] {logging_mixin.py:190} INFO - [2025-03-06T01:08:05.521+0000] {dag.py:3239} INFO - Sync 1 DAGs
[2025-03-06T01:08:05.592+0000] {logging_mixin.py:190} INFO - [2025-03-06T01:08:05.592+0000] {dag.py:4180} INFO - Setting next_dagrun for latest_only_with_trigger to 2025-03-05 20:00:00+00:00, run_after=2025-03-06 00:00:00+00:00
[2025-03-06T01:08:05.638+0000] {processor.py:208} INFO - Processing /home/ubuntu/redfin_venv/lib/python3.12/site-packages/airflow/example_dags/example_latest_only_with_trigger.py took 0.217 seconds
[2025-03-06T01:09:05.961+0000] {processor.py:186} INFO - Started process (PID=6715) to work on /home/ubuntu/redfin_venv/lib/python3.12/site-packages/airflow/example_dags/example_latest_only_with_trigger.py
[2025-03-06T01:09:05.962+0000] {processor.py:914} INFO - Processing file /home/ubuntu/redfin_venv/lib/python3.12/site-packages/airflow/example_dags/example_latest_only_with_trigger.py for tasks to queue
[2025-03-06T01:09:05.964+0000] {logging_mixin.py:190} INFO - [2025-03-06T01:09:05.964+0000] {dagbag.py:588} INFO - Filling up the DagBag from /home/ubuntu/redfin_venv/lib/python3.12/site-packages/airflow/example_dags/example_latest_only_with_trigger.py
[2025-03-06T01:09:05.974+0000] {processor.py:925} INFO - DAG(s) 'latest_only_with_trigger' retrieved from /home/ubuntu/redfin_venv/lib/python3.12/site-packages/airflow/example_dags/example_latest_only_with_trigger.py
[2025-03-06T01:09:05.994+0000] {logging_mixin.py:190} INFO - [2025-03-06T01:09:05.993+0000] {dag.py:3239} INFO - Sync 1 DAGs
[2025-03-06T01:09:06.015+0000] {logging_mixin.py:190} INFO - [2025-03-06T01:09:06.015+0000] {dag.py:4180} INFO - Setting next_dagrun for latest_only_with_trigger to 2025-03-05 20:00:00+00:00, run_after=2025-03-06 00:00:00+00:00
[2025-03-06T01:09:06.042+0000] {processor.py:208} INFO - Processing /home/ubuntu/redfin_venv/lib/python3.12/site-packages/airflow/example_dags/example_latest_only_with_trigger.py took 0.088 seconds
[2025-03-06T01:10:08.988+0000] {processor.py:186} INFO - Started process (PID=6839) to work on /home/ubuntu/redfin_venv/lib/python3.12/site-packages/airflow/example_dags/example_latest_only_with_trigger.py
[2025-03-06T01:10:08.989+0000] {processor.py:914} INFO - Processing file /home/ubuntu/redfin_venv/lib/python3.12/site-packages/airflow/example_dags/example_latest_only_with_trigger.py for tasks to queue
[2025-03-06T01:10:08.992+0000] {logging_mixin.py:190} INFO - [2025-03-06T01:10:08.991+0000] {dagbag.py:588} INFO - Filling up the DagBag from /home/ubuntu/redfin_venv/lib/python3.12/site-packages/airflow/example_dags/example_latest_only_with_trigger.py
[2025-03-06T01:10:09.014+0000] {processor.py:925} INFO - DAG(s) 'latest_only_with_trigger' retrieved from /home/ubuntu/redfin_venv/lib/python3.12/site-packages/airflow/example_dags/example_latest_only_with_trigger.py
[2025-03-06T01:10:09.049+0000] {logging_mixin.py:190} INFO - [2025-03-06T01:10:09.048+0000] {dag.py:3239} INFO - Sync 1 DAGs
[2025-03-06T01:10:09.107+0000] {logging_mixin.py:190} INFO - [2025-03-06T01:10:09.106+0000] {dag.py:4180} INFO - Setting next_dagrun for latest_only_with_trigger to 2025-03-05 20:00:00+00:00, run_after=2025-03-06 00:00:00+00:00
[2025-03-06T01:10:09.155+0000] {processor.py:208} INFO - Processing /home/ubuntu/redfin_venv/lib/python3.12/site-packages/airflow/example_dags/example_latest_only_with_trigger.py took 0.180 seconds
[2025-03-06T01:11:10.307+0000] {processor.py:186} INFO - Started process (PID=6958) to work on /home/ubuntu/redfin_venv/lib/python3.12/site-packages/airflow/example_dags/example_latest_only_with_trigger.py
[2025-03-06T01:11:10.309+0000] {processor.py:914} INFO - Processing file /home/ubuntu/redfin_venv/lib/python3.12/site-packages/airflow/example_dags/example_latest_only_with_trigger.py for tasks to queue
[2025-03-06T01:11:10.312+0000] {logging_mixin.py:190} INFO - [2025-03-06T01:11:10.311+0000] {dagbag.py:588} INFO - Filling up the DagBag from /home/ubuntu/redfin_venv/lib/python3.12/site-packages/airflow/example_dags/example_latest_only_with_trigger.py
[2025-03-06T01:11:10.324+0000] {processor.py:925} INFO - DAG(s) 'latest_only_with_trigger' retrieved from /home/ubuntu/redfin_venv/lib/python3.12/site-packages/airflow/example_dags/example_latest_only_with_trigger.py
[2025-03-06T01:11:10.349+0000] {logging_mixin.py:190} INFO - [2025-03-06T01:11:10.348+0000] {dag.py:3239} INFO - Sync 1 DAGs
[2025-03-06T01:11:10.375+0000] {logging_mixin.py:190} INFO - [2025-03-06T01:11:10.375+0000] {dag.py:4180} INFO - Setting next_dagrun for latest_only_with_trigger to 2025-03-05 20:00:00+00:00, run_after=2025-03-06 00:00:00+00:00
[2025-03-06T01:11:10.408+0000] {processor.py:208} INFO - Processing /home/ubuntu/redfin_venv/lib/python3.12/site-packages/airflow/example_dags/example_latest_only_with_trigger.py took 0.109 seconds
[2025-03-06T01:12:15.539+0000] {processor.py:186} INFO - Started process (PID=7103) to work on /home/ubuntu/redfin_venv/lib/python3.12/site-packages/airflow/example_dags/example_latest_only_with_trigger.py
[2025-03-06T01:12:15.541+0000] {processor.py:914} INFO - Processing file /home/ubuntu/redfin_venv/lib/python3.12/site-packages/airflow/example_dags/example_latest_only_with_trigger.py for tasks to queue
[2025-03-06T01:12:15.544+0000] {logging_mixin.py:190} INFO - [2025-03-06T01:12:15.543+0000] {dagbag.py:588} INFO - Filling up the DagBag from /home/ubuntu/redfin_venv/lib/python3.12/site-packages/airflow/example_dags/example_latest_only_with_trigger.py
[2025-03-06T01:12:15.556+0000] {processor.py:925} INFO - DAG(s) 'latest_only_with_trigger' retrieved from /home/ubuntu/redfin_venv/lib/python3.12/site-packages/airflow/example_dags/example_latest_only_with_trigger.py
[2025-03-06T01:12:15.586+0000] {logging_mixin.py:190} INFO - [2025-03-06T01:12:15.586+0000] {dag.py:3239} INFO - Sync 1 DAGs
[2025-03-06T01:12:15.612+0000] {logging_mixin.py:190} INFO - [2025-03-06T01:12:15.612+0000] {dag.py:4180} INFO - Setting next_dagrun for latest_only_with_trigger to 2025-03-05 20:00:00+00:00, run_after=2025-03-06 00:00:00+00:00
[2025-03-06T01:12:15.645+0000] {processor.py:208} INFO - Processing /home/ubuntu/redfin_venv/lib/python3.12/site-packages/airflow/example_dags/example_latest_only_with_trigger.py took 0.114 seconds
[2025-03-06T01:13:18.149+0000] {processor.py:186} INFO - Started process (PID=7258) to work on /home/ubuntu/redfin_venv/lib/python3.12/site-packages/airflow/example_dags/example_latest_only_with_trigger.py
[2025-03-06T01:13:18.152+0000] {processor.py:914} INFO - Processing file /home/ubuntu/redfin_venv/lib/python3.12/site-packages/airflow/example_dags/example_latest_only_with_trigger.py for tasks to queue
[2025-03-06T01:13:18.155+0000] {logging_mixin.py:190} INFO - [2025-03-06T01:13:18.155+0000] {dagbag.py:588} INFO - Filling up the DagBag from /home/ubuntu/redfin_venv/lib/python3.12/site-packages/airflow/example_dags/example_latest_only_with_trigger.py
[2025-03-06T01:13:18.165+0000] {processor.py:925} INFO - DAG(s) 'latest_only_with_trigger' retrieved from /home/ubuntu/redfin_venv/lib/python3.12/site-packages/airflow/example_dags/example_latest_only_with_trigger.py
[2025-03-06T01:13:18.186+0000] {logging_mixin.py:190} INFO - [2025-03-06T01:13:18.185+0000] {dag.py:3239} INFO - Sync 1 DAGs
[2025-03-06T01:13:18.227+0000] {logging_mixin.py:190} INFO - [2025-03-06T01:13:18.227+0000] {dag.py:4180} INFO - Setting next_dagrun for latest_only_with_trigger to 2025-03-05 20:00:00+00:00, run_after=2025-03-06 00:00:00+00:00
[2025-03-06T01:13:18.251+0000] {processor.py:208} INFO - Processing /home/ubuntu/redfin_venv/lib/python3.12/site-packages/airflow/example_dags/example_latest_only_with_trigger.py took 0.113 seconds
[2025-03-06T01:14:21.386+0000] {processor.py:186} INFO - Started process (PID=7440) to work on /home/ubuntu/redfin_venv/lib/python3.12/site-packages/airflow/example_dags/example_latest_only_with_trigger.py
[2025-03-06T01:14:21.388+0000] {processor.py:914} INFO - Processing file /home/ubuntu/redfin_venv/lib/python3.12/site-packages/airflow/example_dags/example_latest_only_with_trigger.py for tasks to queue
[2025-03-06T01:14:21.392+0000] {logging_mixin.py:190} INFO - [2025-03-06T01:14:21.391+0000] {dagbag.py:588} INFO - Filling up the DagBag from /home/ubuntu/redfin_venv/lib/python3.12/site-packages/airflow/example_dags/example_latest_only_with_trigger.py
[2025-03-06T01:14:21.420+0000] {processor.py:925} INFO - DAG(s) 'latest_only_with_trigger' retrieved from /home/ubuntu/redfin_venv/lib/python3.12/site-packages/airflow/example_dags/example_latest_only_with_trigger.py
[2025-03-06T01:14:21.459+0000] {logging_mixin.py:190} INFO - [2025-03-06T01:14:21.459+0000] {dag.py:3239} INFO - Sync 1 DAGs
[2025-03-06T01:14:21.506+0000] {logging_mixin.py:190} INFO - [2025-03-06T01:14:21.506+0000] {dag.py:4180} INFO - Setting next_dagrun for latest_only_with_trigger to 2025-03-05 20:00:00+00:00, run_after=2025-03-06 00:00:00+00:00
[2025-03-06T01:14:21.555+0000] {processor.py:208} INFO - Processing /home/ubuntu/redfin_venv/lib/python3.12/site-packages/airflow/example_dags/example_latest_only_with_trigger.py took 0.181 seconds
[2025-03-06T01:15:20.625+0000] {processor.py:186} INFO - Started process (PID=7707) to work on /home/ubuntu/redfin_venv/lib/python3.12/site-packages/airflow/example_dags/example_latest_only_with_trigger.py
[2025-03-06T01:15:20.627+0000] {processor.py:914} INFO - Processing file /home/ubuntu/redfin_venv/lib/python3.12/site-packages/airflow/example_dags/example_latest_only_with_trigger.py for tasks to queue
[2025-03-06T01:15:20.630+0000] {logging_mixin.py:190} INFO - [2025-03-06T01:15:20.629+0000] {dagbag.py:588} INFO - Filling up the DagBag from /home/ubuntu/redfin_venv/lib/python3.12/site-packages/airflow/example_dags/example_latest_only_with_trigger.py
[2025-03-06T01:15:20.643+0000] {processor.py:925} INFO - DAG(s) 'latest_only_with_trigger' retrieved from /home/ubuntu/redfin_venv/lib/python3.12/site-packages/airflow/example_dags/example_latest_only_with_trigger.py
[2025-03-06T01:15:20.670+0000] {logging_mixin.py:190} INFO - [2025-03-06T01:15:20.669+0000] {dag.py:3239} INFO - Sync 1 DAGs
[2025-03-06T01:15:20.704+0000] {logging_mixin.py:190} INFO - [2025-03-06T01:15:20.703+0000] {dag.py:4180} INFO - Setting next_dagrun for latest_only_with_trigger to 2025-03-05 20:00:00+00:00, run_after=2025-03-06 00:00:00+00:00
[2025-03-06T01:15:20.741+0000] {processor.py:208} INFO - Processing /home/ubuntu/redfin_venv/lib/python3.12/site-packages/airflow/example_dags/example_latest_only_with_trigger.py took 0.126 seconds
[2025-03-06T01:16:22.325+0000] {processor.py:186} INFO - Started process (PID=7862) to work on /home/ubuntu/redfin_venv/lib/python3.12/site-packages/airflow/example_dags/example_latest_only_with_trigger.py
[2025-03-06T01:16:22.327+0000] {processor.py:914} INFO - Processing file /home/ubuntu/redfin_venv/lib/python3.12/site-packages/airflow/example_dags/example_latest_only_with_trigger.py for tasks to queue
[2025-03-06T01:16:22.330+0000] {logging_mixin.py:190} INFO - [2025-03-06T01:16:22.329+0000] {dagbag.py:588} INFO - Filling up the DagBag from /home/ubuntu/redfin_venv/lib/python3.12/site-packages/airflow/example_dags/example_latest_only_with_trigger.py
[2025-03-06T01:16:22.340+0000] {processor.py:925} INFO - DAG(s) 'latest_only_with_trigger' retrieved from /home/ubuntu/redfin_venv/lib/python3.12/site-packages/airflow/example_dags/example_latest_only_with_trigger.py
[2025-03-06T01:16:22.360+0000] {logging_mixin.py:190} INFO - [2025-03-06T01:16:22.360+0000] {dag.py:3239} INFO - Sync 1 DAGs
[2025-03-06T01:16:22.382+0000] {logging_mixin.py:190} INFO - [2025-03-06T01:16:22.382+0000] {dag.py:4180} INFO - Setting next_dagrun for latest_only_with_trigger to 2025-03-05 20:00:00+00:00, run_after=2025-03-06 00:00:00+00:00
[2025-03-06T01:16:22.409+0000] {processor.py:208} INFO - Processing /home/ubuntu/redfin_venv/lib/python3.12/site-packages/airflow/example_dags/example_latest_only_with_trigger.py took 0.100 seconds
[2025-03-06T01:17:24.141+0000] {processor.py:186} INFO - Started process (PID=8043) to work on /home/ubuntu/redfin_venv/lib/python3.12/site-packages/airflow/example_dags/example_latest_only_with_trigger.py
[2025-03-06T01:17:24.143+0000] {processor.py:914} INFO - Processing file /home/ubuntu/redfin_venv/lib/python3.12/site-packages/airflow/example_dags/example_latest_only_with_trigger.py for tasks to queue
[2025-03-06T01:17:24.146+0000] {logging_mixin.py:190} INFO - [2025-03-06T01:17:24.146+0000] {dagbag.py:588} INFO - Filling up the DagBag from /home/ubuntu/redfin_venv/lib/python3.12/site-packages/airflow/example_dags/example_latest_only_with_trigger.py
[2025-03-06T01:17:24.156+0000] {processor.py:925} INFO - DAG(s) 'latest_only_with_trigger' retrieved from /home/ubuntu/redfin_venv/lib/python3.12/site-packages/airflow/example_dags/example_latest_only_with_trigger.py
[2025-03-06T01:17:24.175+0000] {logging_mixin.py:190} INFO - [2025-03-06T01:17:24.175+0000] {dag.py:3239} INFO - Sync 1 DAGs
[2025-03-06T01:17:24.199+0000] {logging_mixin.py:190} INFO - [2025-03-06T01:17:24.199+0000] {dag.py:4180} INFO - Setting next_dagrun for latest_only_with_trigger to 2025-03-05 20:00:00+00:00, run_after=2025-03-06 00:00:00+00:00
[2025-03-06T01:17:24.225+0000] {processor.py:208} INFO - Processing /home/ubuntu/redfin_venv/lib/python3.12/site-packages/airflow/example_dags/example_latest_only_with_trigger.py took 0.090 seconds
[2025-03-06T01:18:23.038+0000] {processor.py:186} INFO - Started process (PID=8383) to work on /home/ubuntu/redfin_venv/lib/python3.12/site-packages/airflow/example_dags/example_latest_only_with_trigger.py
[2025-03-06T01:18:23.040+0000] {processor.py:914} INFO - Processing file /home/ubuntu/redfin_venv/lib/python3.12/site-packages/airflow/example_dags/example_latest_only_with_trigger.py for tasks to queue
[2025-03-06T01:18:23.042+0000] {logging_mixin.py:190} INFO - [2025-03-06T01:18:23.042+0000] {dagbag.py:588} INFO - Filling up the DagBag from /home/ubuntu/redfin_venv/lib/python3.12/site-packages/airflow/example_dags/example_latest_only_with_trigger.py
[2025-03-06T01:18:23.055+0000] {processor.py:925} INFO - DAG(s) 'latest_only_with_trigger' retrieved from /home/ubuntu/redfin_venv/lib/python3.12/site-packages/airflow/example_dags/example_latest_only_with_trigger.py
[2025-03-06T01:18:23.103+0000] {logging_mixin.py:190} INFO - [2025-03-06T01:18:23.103+0000] {dag.py:3239} INFO - Sync 1 DAGs
[2025-03-06T01:18:23.131+0000] {logging_mixin.py:190} INFO - [2025-03-06T01:18:23.131+0000] {dag.py:4180} INFO - Setting next_dagrun for latest_only_with_trigger to 2025-03-05 20:00:00+00:00, run_after=2025-03-06 00:00:00+00:00
[2025-03-06T01:18:23.162+0000] {processor.py:208} INFO - Processing /home/ubuntu/redfin_venv/lib/python3.12/site-packages/airflow/example_dags/example_latest_only_with_trigger.py took 0.147 seconds
[2025-03-06T01:19:31.215+0000] {processor.py:186} INFO - Started process (PID=8564) to work on /home/ubuntu/redfin_venv/lib/python3.12/site-packages/airflow/example_dags/example_latest_only_with_trigger.py
[2025-03-06T01:19:31.216+0000] {processor.py:914} INFO - Processing file /home/ubuntu/redfin_venv/lib/python3.12/site-packages/airflow/example_dags/example_latest_only_with_trigger.py for tasks to queue
[2025-03-06T01:19:31.219+0000] {logging_mixin.py:190} INFO - [2025-03-06T01:19:31.218+0000] {dagbag.py:588} INFO - Filling up the DagBag from /home/ubuntu/redfin_venv/lib/python3.12/site-packages/airflow/example_dags/example_latest_only_with_trigger.py
[2025-03-06T01:19:31.232+0000] {processor.py:925} INFO - DAG(s) 'latest_only_with_trigger' retrieved from /home/ubuntu/redfin_venv/lib/python3.12/site-packages/airflow/example_dags/example_latest_only_with_trigger.py
[2025-03-06T01:19:31.261+0000] {logging_mixin.py:190} INFO - [2025-03-06T01:19:31.260+0000] {dag.py:3239} INFO - Sync 1 DAGs
[2025-03-06T01:19:31.293+0000] {logging_mixin.py:190} INFO - [2025-03-06T01:19:31.292+0000] {dag.py:4180} INFO - Setting next_dagrun for latest_only_with_trigger to 2025-03-05 20:00:00+00:00, run_after=2025-03-06 00:00:00+00:00
[2025-03-06T01:19:31.325+0000] {processor.py:208} INFO - Processing /home/ubuntu/redfin_venv/lib/python3.12/site-packages/airflow/example_dags/example_latest_only_with_trigger.py took 0.124 seconds
