[2025-03-06T00:58:34.722+0000] {processor.py:186} INFO - Started process (PID=3509) to work on /home/ubuntu/redfin_venv/lib/python3.12/site-packages/airflow/example_dags/example_short_circuit_decorator.py
[2025-03-06T00:58:34.723+0000] {processor.py:914} INFO - Processing file /home/ubuntu/redfin_venv/lib/python3.12/site-packages/airflow/example_dags/example_short_circuit_decorator.py for tasks to queue
[2025-03-06T00:58:34.726+0000] {logging_mixin.py:190} INFO - [2025-03-06T00:58:34.725+0000] {dagbag.py:588} INFO - Filling up the DagBag from /home/ubuntu/redfin_venv/lib/python3.12/site-packages/airflow/example_dags/example_short_circuit_decorator.py
[2025-03-06T00:58:34.738+0000] {processor.py:925} INFO - DAG(s) 'example_short_circuit_decorator' retrieved from /home/ubuntu/redfin_venv/lib/python3.12/site-packages/airflow/example_dags/example_short_circuit_decorator.py
[2025-03-06T00:58:34.766+0000] {logging_mixin.py:190} INFO - [2025-03-06T00:58:34.766+0000] {dag.py:3239} INFO - Sync 1 DAGs
[2025-03-06T00:58:34.782+0000] {logging_mixin.py:190} INFO - [2025-03-06T00:58:34.782+0000] {dag.py:4180} INFO - Setting next_dagrun for example_short_circuit_decorator to None, run_after=None
[2025-03-06T00:58:34.810+0000] {processor.py:208} INFO - Processing /home/ubuntu/redfin_venv/lib/python3.12/site-packages/airflow/example_dags/example_short_circuit_decorator.py took 0.095 seconds
[2025-03-06T00:59:32.150+0000] {processor.py:186} INFO - Started process (PID=3991) to work on /home/ubuntu/redfin_venv/lib/python3.12/site-packages/airflow/example_dags/example_short_circuit_decorator.py
[2025-03-06T00:59:32.151+0000] {processor.py:914} INFO - Processing file /home/ubuntu/redfin_venv/lib/python3.12/site-packages/airflow/example_dags/example_short_circuit_decorator.py for tasks to queue
[2025-03-06T00:59:32.154+0000] {logging_mixin.py:190} INFO - [2025-03-06T00:59:32.153+0000] {dagbag.py:588} INFO - Filling up the DagBag from /home/ubuntu/redfin_venv/lib/python3.12/site-packages/airflow/example_dags/example_short_circuit_decorator.py
[2025-03-06T00:59:32.167+0000] {processor.py:925} INFO - DAG(s) 'example_short_circuit_decorator' retrieved from /home/ubuntu/redfin_venv/lib/python3.12/site-packages/airflow/example_dags/example_short_circuit_decorator.py
[2025-03-06T00:59:32.197+0000] {logging_mixin.py:190} INFO - [2025-03-06T00:59:32.196+0000] {dag.py:3239} INFO - Sync 1 DAGs
[2025-03-06T00:59:32.220+0000] {logging_mixin.py:190} INFO - [2025-03-06T00:59:32.220+0000] {dag.py:4180} INFO - Setting next_dagrun for example_short_circuit_decorator to None, run_after=None
[2025-03-06T00:59:32.248+0000] {processor.py:208} INFO - Processing /home/ubuntu/redfin_venv/lib/python3.12/site-packages/airflow/example_dags/example_short_circuit_decorator.py took 0.104 seconds
[2025-03-06T01:00:30.555+0000] {processor.py:186} INFO - Started process (PID=4437) to work on /home/ubuntu/redfin_venv/lib/python3.12/site-packages/airflow/example_dags/example_short_circuit_decorator.py
[2025-03-06T01:00:30.557+0000] {processor.py:914} INFO - Processing file /home/ubuntu/redfin_venv/lib/python3.12/site-packages/airflow/example_dags/example_short_circuit_decorator.py for tasks to queue
[2025-03-06T01:00:30.560+0000] {logging_mixin.py:190} INFO - [2025-03-06T01:00:30.559+0000] {dagbag.py:588} INFO - Filling up the DagBag from /home/ubuntu/redfin_venv/lib/python3.12/site-packages/airflow/example_dags/example_short_circuit_decorator.py
[2025-03-06T01:00:30.576+0000] {processor.py:925} INFO - DAG(s) 'example_short_circuit_decorator' retrieved from /home/ubuntu/redfin_venv/lib/python3.12/site-packages/airflow/example_dags/example_short_circuit_decorator.py
[2025-03-06T01:00:30.603+0000] {logging_mixin.py:190} INFO - [2025-03-06T01:00:30.602+0000] {dag.py:3239} INFO - Sync 1 DAGs
[2025-03-06T01:00:30.615+0000] {logging_mixin.py:190} INFO - [2025-03-06T01:00:30.615+0000] {dag.py:4180} INFO - Setting next_dagrun for example_short_circuit_decorator to None, run_after=None
[2025-03-06T01:00:30.639+0000] {processor.py:208} INFO - Processing /home/ubuntu/redfin_venv/lib/python3.12/site-packages/airflow/example_dags/example_short_circuit_decorator.py took 0.093 seconds
[2025-03-06T01:01:30.753+0000] {processor.py:186} INFO - Started process (PID=4890) to work on /home/ubuntu/redfin_venv/lib/python3.12/site-packages/airflow/example_dags/example_short_circuit_decorator.py
[2025-03-06T01:01:30.754+0000] {processor.py:914} INFO - Processing file /home/ubuntu/redfin_venv/lib/python3.12/site-packages/airflow/example_dags/example_short_circuit_decorator.py for tasks to queue
[2025-03-06T01:01:30.757+0000] {logging_mixin.py:190} INFO - [2025-03-06T01:01:30.756+0000] {dagbag.py:588} INFO - Filling up the DagBag from /home/ubuntu/redfin_venv/lib/python3.12/site-packages/airflow/example_dags/example_short_circuit_decorator.py
[2025-03-06T01:01:30.771+0000] {processor.py:925} INFO - DAG(s) 'example_short_circuit_decorator' retrieved from /home/ubuntu/redfin_venv/lib/python3.12/site-packages/airflow/example_dags/example_short_circuit_decorator.py
[2025-03-06T01:01:30.795+0000] {logging_mixin.py:190} INFO - [2025-03-06T01:01:30.795+0000] {dag.py:3239} INFO - Sync 1 DAGs
[2025-03-06T01:01:30.819+0000] {logging_mixin.py:190} INFO - [2025-03-06T01:01:30.819+0000] {dag.py:4180} INFO - Setting next_dagrun for example_short_circuit_decorator to None, run_after=None
[2025-03-06T01:01:30.848+0000] {processor.py:208} INFO - Processing /home/ubuntu/redfin_venv/lib/python3.12/site-packages/airflow/example_dags/example_short_circuit_decorator.py took 0.110 seconds
[2025-03-06T01:02:32.139+0000] {processor.py:186} INFO - Started process (PID=5192) to work on /home/ubuntu/redfin_venv/lib/python3.12/site-packages/airflow/example_dags/example_short_circuit_decorator.py
[2025-03-06T01:02:32.141+0000] {processor.py:914} INFO - Processing file /home/ubuntu/redfin_venv/lib/python3.12/site-packages/airflow/example_dags/example_short_circuit_decorator.py for tasks to queue
[2025-03-06T01:02:32.143+0000] {logging_mixin.py:190} INFO - [2025-03-06T01:02:32.143+0000] {dagbag.py:588} INFO - Filling up the DagBag from /home/ubuntu/redfin_venv/lib/python3.12/site-packages/airflow/example_dags/example_short_circuit_decorator.py
[2025-03-06T01:02:32.169+0000] {processor.py:925} INFO - DAG(s) 'example_short_circuit_decorator' retrieved from /home/ubuntu/redfin_venv/lib/python3.12/site-packages/airflow/example_dags/example_short_circuit_decorator.py
[2025-03-06T01:02:32.209+0000] {logging_mixin.py:190} INFO - [2025-03-06T01:02:32.208+0000] {dag.py:3239} INFO - Sync 1 DAGs
[2025-03-06T01:02:32.222+0000] {logging_mixin.py:190} INFO - [2025-03-06T01:02:32.222+0000] {dag.py:4180} INFO - Setting next_dagrun for example_short_circuit_decorator to None, run_after=None
[2025-03-06T01:02:32.262+0000] {processor.py:208} INFO - Processing /home/ubuntu/redfin_venv/lib/python3.12/site-packages/airflow/example_dags/example_short_circuit_decorator.py took 0.131 seconds
[2025-03-06T01:03:31.406+0000] {processor.py:186} INFO - Started process (PID=5371) to work on /home/ubuntu/redfin_venv/lib/python3.12/site-packages/airflow/example_dags/example_short_circuit_decorator.py
[2025-03-06T01:03:31.408+0000] {processor.py:914} INFO - Processing file /home/ubuntu/redfin_venv/lib/python3.12/site-packages/airflow/example_dags/example_short_circuit_decorator.py for tasks to queue
[2025-03-06T01:03:31.411+0000] {logging_mixin.py:190} INFO - [2025-03-06T01:03:31.410+0000] {dagbag.py:588} INFO - Filling up the DagBag from /home/ubuntu/redfin_venv/lib/python3.12/site-packages/airflow/example_dags/example_short_circuit_decorator.py
[2025-03-06T01:03:31.429+0000] {processor.py:925} INFO - DAG(s) 'example_short_circuit_decorator' retrieved from /home/ubuntu/redfin_venv/lib/python3.12/site-packages/airflow/example_dags/example_short_circuit_decorator.py
[2025-03-06T01:03:31.462+0000] {logging_mixin.py:190} INFO - [2025-03-06T01:03:31.461+0000] {dag.py:3239} INFO - Sync 1 DAGs
[2025-03-06T01:03:31.480+0000] {logging_mixin.py:190} INFO - [2025-03-06T01:03:31.480+0000] {dag.py:4180} INFO - Setting next_dagrun for example_short_circuit_decorator to None, run_after=None
[2025-03-06T01:03:31.519+0000] {processor.py:208} INFO - Processing /home/ubuntu/redfin_venv/lib/python3.12/site-packages/airflow/example_dags/example_short_circuit_decorator.py took 0.126 seconds
[2025-03-06T01:04:32.572+0000] {processor.py:186} INFO - Started process (PID=5489) to work on /home/ubuntu/redfin_venv/lib/python3.12/site-packages/airflow/example_dags/example_short_circuit_decorator.py
[2025-03-06T01:04:32.575+0000] {processor.py:914} INFO - Processing file /home/ubuntu/redfin_venv/lib/python3.12/site-packages/airflow/example_dags/example_short_circuit_decorator.py for tasks to queue
[2025-03-06T01:04:32.579+0000] {logging_mixin.py:190} INFO - [2025-03-06T01:04:32.579+0000] {dagbag.py:588} INFO - Filling up the DagBag from /home/ubuntu/redfin_venv/lib/python3.12/site-packages/airflow/example_dags/example_short_circuit_decorator.py
[2025-03-06T01:04:32.593+0000] {processor.py:925} INFO - DAG(s) 'example_short_circuit_decorator' retrieved from /home/ubuntu/redfin_venv/lib/python3.12/site-packages/airflow/example_dags/example_short_circuit_decorator.py
[2025-03-06T01:04:32.618+0000] {logging_mixin.py:190} INFO - [2025-03-06T01:04:32.618+0000] {dag.py:3239} INFO - Sync 1 DAGs
[2025-03-06T01:04:32.636+0000] {logging_mixin.py:190} INFO - [2025-03-06T01:04:32.635+0000] {dag.py:4180} INFO - Setting next_dagrun for example_short_circuit_decorator to None, run_after=None
[2025-03-06T01:04:32.668+0000] {processor.py:208} INFO - Processing /home/ubuntu/redfin_venv/lib/python3.12/site-packages/airflow/example_dags/example_short_circuit_decorator.py took 0.112 seconds
[2025-03-06T01:05:37.357+0000] {processor.py:186} INFO - Started process (PID=5613) to work on /home/ubuntu/redfin_venv/lib/python3.12/site-packages/airflow/example_dags/example_short_circuit_decorator.py
[2025-03-06T01:05:37.359+0000] {processor.py:914} INFO - Processing file /home/ubuntu/redfin_venv/lib/python3.12/site-packages/airflow/example_dags/example_short_circuit_decorator.py for tasks to queue
[2025-03-06T01:05:37.363+0000] {logging_mixin.py:190} INFO - [2025-03-06T01:05:37.362+0000] {dagbag.py:588} INFO - Filling up the DagBag from /home/ubuntu/redfin_venv/lib/python3.12/site-packages/airflow/example_dags/example_short_circuit_decorator.py
[2025-03-06T01:05:37.384+0000] {processor.py:925} INFO - DAG(s) 'example_short_circuit_decorator' retrieved from /home/ubuntu/redfin_venv/lib/python3.12/site-packages/airflow/example_dags/example_short_circuit_decorator.py
[2025-03-06T01:05:37.409+0000] {logging_mixin.py:190} INFO - [2025-03-06T01:05:37.408+0000] {dag.py:3239} INFO - Sync 1 DAGs
[2025-03-06T01:05:37.428+0000] {logging_mixin.py:190} INFO - [2025-03-06T01:05:37.427+0000] {dag.py:4180} INFO - Setting next_dagrun for example_short_circuit_decorator to None, run_after=None
[2025-03-06T01:05:37.460+0000] {processor.py:208} INFO - Processing /home/ubuntu/redfin_venv/lib/python3.12/site-packages/airflow/example_dags/example_short_circuit_decorator.py took 0.112 seconds
[2025-03-06T01:06:39.927+0000] {processor.py:186} INFO - Started process (PID=5915) to work on /home/ubuntu/redfin_venv/lib/python3.12/site-packages/airflow/example_dags/example_short_circuit_decorator.py
[2025-03-06T01:06:39.928+0000] {processor.py:914} INFO - Processing file /home/ubuntu/redfin_venv/lib/python3.12/site-packages/airflow/example_dags/example_short_circuit_decorator.py for tasks to queue
[2025-03-06T01:06:39.933+0000] {logging_mixin.py:190} INFO - [2025-03-06T01:06:39.932+0000] {dagbag.py:588} INFO - Filling up the DagBag from /home/ubuntu/redfin_venv/lib/python3.12/site-packages/airflow/example_dags/example_short_circuit_decorator.py
[2025-03-06T01:06:39.952+0000] {processor.py:925} INFO - DAG(s) 'example_short_circuit_decorator' retrieved from /home/ubuntu/redfin_venv/lib/python3.12/site-packages/airflow/example_dags/example_short_circuit_decorator.py
[2025-03-06T01:06:39.993+0000] {logging_mixin.py:190} INFO - [2025-03-06T01:06:39.993+0000] {dag.py:3239} INFO - Sync 1 DAGs
[2025-03-06T01:06:40.016+0000] {logging_mixin.py:190} INFO - [2025-03-06T01:06:40.016+0000] {dag.py:4180} INFO - Setting next_dagrun for example_short_circuit_decorator to None, run_after=None
[2025-03-06T01:06:40.047+0000] {processor.py:208} INFO - Processing /home/ubuntu/redfin_venv/lib/python3.12/site-packages/airflow/example_dags/example_short_circuit_decorator.py took 0.129 seconds
[2025-03-06T01:07:41.428+0000] {processor.py:186} INFO - Started process (PID=6214) to work on /home/ubuntu/redfin_venv/lib/python3.12/site-packages/airflow/example_dags/example_short_circuit_decorator.py
[2025-03-06T01:07:41.430+0000] {processor.py:914} INFO - Processing file /home/ubuntu/redfin_venv/lib/python3.12/site-packages/airflow/example_dags/example_short_circuit_decorator.py for tasks to queue
[2025-03-06T01:07:41.432+0000] {logging_mixin.py:190} INFO - [2025-03-06T01:07:41.432+0000] {dagbag.py:588} INFO - Filling up the DagBag from /home/ubuntu/redfin_venv/lib/python3.12/site-packages/airflow/example_dags/example_short_circuit_decorator.py
[2025-03-06T01:07:41.443+0000] {processor.py:925} INFO - DAG(s) 'example_short_circuit_decorator' retrieved from /home/ubuntu/redfin_venv/lib/python3.12/site-packages/airflow/example_dags/example_short_circuit_decorator.py
[2025-03-06T01:07:41.465+0000] {logging_mixin.py:190} INFO - [2025-03-06T01:07:41.465+0000] {dag.py:3239} INFO - Sync 1 DAGs
[2025-03-06T01:07:41.478+0000] {logging_mixin.py:190} INFO - [2025-03-06T01:07:41.477+0000] {dag.py:4180} INFO - Setting next_dagrun for example_short_circuit_decorator to None, run_after=None
[2025-03-06T01:07:41.502+0000] {processor.py:208} INFO - Processing /home/ubuntu/redfin_venv/lib/python3.12/site-packages/airflow/example_dags/example_short_circuit_decorator.py took 0.080 seconds
[2025-03-06T01:08:41.115+0000] {processor.py:186} INFO - Started process (PID=6572) to work on /home/ubuntu/redfin_venv/lib/python3.12/site-packages/airflow/example_dags/example_short_circuit_decorator.py
[2025-03-06T01:08:41.116+0000] {processor.py:914} INFO - Processing file /home/ubuntu/redfin_venv/lib/python3.12/site-packages/airflow/example_dags/example_short_circuit_decorator.py for tasks to queue
[2025-03-06T01:08:41.121+0000] {logging_mixin.py:190} INFO - [2025-03-06T01:08:41.120+0000] {dagbag.py:588} INFO - Filling up the DagBag from /home/ubuntu/redfin_venv/lib/python3.12/site-packages/airflow/example_dags/example_short_circuit_decorator.py
[2025-03-06T01:08:41.137+0000] {processor.py:925} INFO - DAG(s) 'example_short_circuit_decorator' retrieved from /home/ubuntu/redfin_venv/lib/python3.12/site-packages/airflow/example_dags/example_short_circuit_decorator.py
[2025-03-06T01:08:41.165+0000] {logging_mixin.py:190} INFO - [2025-03-06T01:08:41.165+0000] {dag.py:3239} INFO - Sync 1 DAGs
[2025-03-06T01:08:41.183+0000] {logging_mixin.py:190} INFO - [2025-03-06T01:08:41.182+0000] {dag.py:4180} INFO - Setting next_dagrun for example_short_circuit_decorator to None, run_after=None
[2025-03-06T01:08:41.213+0000] {processor.py:208} INFO - Processing /home/ubuntu/redfin_venv/lib/python3.12/site-packages/airflow/example_dags/example_short_circuit_decorator.py took 0.106 seconds
[2025-03-06T01:09:44.922+0000] {processor.py:186} INFO - Started process (PID=6812) to work on /home/ubuntu/redfin_venv/lib/python3.12/site-packages/airflow/example_dags/example_short_circuit_decorator.py
[2025-03-06T01:09:44.925+0000] {processor.py:914} INFO - Processing file /home/ubuntu/redfin_venv/lib/python3.12/site-packages/airflow/example_dags/example_short_circuit_decorator.py for tasks to queue
[2025-03-06T01:09:44.928+0000] {logging_mixin.py:190} INFO - [2025-03-06T01:09:44.927+0000] {dagbag.py:588} INFO - Filling up the DagBag from /home/ubuntu/redfin_venv/lib/python3.12/site-packages/airflow/example_dags/example_short_circuit_decorator.py
[2025-03-06T01:09:44.944+0000] {processor.py:925} INFO - DAG(s) 'example_short_circuit_decorator' retrieved from /home/ubuntu/redfin_venv/lib/python3.12/site-packages/airflow/example_dags/example_short_circuit_decorator.py
[2025-03-06T01:09:44.975+0000] {logging_mixin.py:190} INFO - [2025-03-06T01:09:44.975+0000] {dag.py:3239} INFO - Sync 1 DAGs
[2025-03-06T01:09:44.989+0000] {logging_mixin.py:190} INFO - [2025-03-06T01:09:44.989+0000] {dag.py:4180} INFO - Setting next_dagrun for example_short_circuit_decorator to None, run_after=None
[2025-03-06T01:09:45.015+0000] {processor.py:208} INFO - Processing /home/ubuntu/redfin_venv/lib/python3.12/site-packages/airflow/example_dags/example_short_circuit_decorator.py took 0.103 seconds
[2025-03-06T01:10:46.342+0000] {processor.py:186} INFO - Started process (PID=6935) to work on /home/ubuntu/redfin_venv/lib/python3.12/site-packages/airflow/example_dags/example_short_circuit_decorator.py
[2025-03-06T01:10:46.344+0000] {processor.py:914} INFO - Processing file /home/ubuntu/redfin_venv/lib/python3.12/site-packages/airflow/example_dags/example_short_circuit_decorator.py for tasks to queue
[2025-03-06T01:10:46.346+0000] {logging_mixin.py:190} INFO - [2025-03-06T01:10:46.346+0000] {dagbag.py:588} INFO - Filling up the DagBag from /home/ubuntu/redfin_venv/lib/python3.12/site-packages/airflow/example_dags/example_short_circuit_decorator.py
[2025-03-06T01:10:46.361+0000] {processor.py:925} INFO - DAG(s) 'example_short_circuit_decorator' retrieved from /home/ubuntu/redfin_venv/lib/python3.12/site-packages/airflow/example_dags/example_short_circuit_decorator.py
[2025-03-06T01:10:46.390+0000] {logging_mixin.py:190} INFO - [2025-03-06T01:10:46.389+0000] {dag.py:3239} INFO - Sync 1 DAGs
[2025-03-06T01:10:46.416+0000] {logging_mixin.py:190} INFO - [2025-03-06T01:10:46.416+0000] {dag.py:4180} INFO - Setting next_dagrun for example_short_circuit_decorator to None, run_after=None
[2025-03-06T01:10:46.446+0000] {processor.py:208} INFO - Processing /home/ubuntu/redfin_venv/lib/python3.12/site-packages/airflow/example_dags/example_short_circuit_decorator.py took 0.113 seconds
[2025-03-06T01:11:49.678+0000] {processor.py:186} INFO - Started process (PID=7054) to work on /home/ubuntu/redfin_venv/lib/python3.12/site-packages/airflow/example_dags/example_short_circuit_decorator.py
[2025-03-06T01:11:49.680+0000] {processor.py:914} INFO - Processing file /home/ubuntu/redfin_venv/lib/python3.12/site-packages/airflow/example_dags/example_short_circuit_decorator.py for tasks to queue
[2025-03-06T01:11:49.685+0000] {logging_mixin.py:190} INFO - [2025-03-06T01:11:49.684+0000] {dagbag.py:588} INFO - Filling up the DagBag from /home/ubuntu/redfin_venv/lib/python3.12/site-packages/airflow/example_dags/example_short_circuit_decorator.py
[2025-03-06T01:11:49.712+0000] {processor.py:925} INFO - DAG(s) 'example_short_circuit_decorator' retrieved from /home/ubuntu/redfin_venv/lib/python3.12/site-packages/airflow/example_dags/example_short_circuit_decorator.py
[2025-03-06T01:11:49.759+0000] {logging_mixin.py:190} INFO - [2025-03-06T01:11:49.758+0000] {dag.py:3239} INFO - Sync 1 DAGs
[2025-03-06T01:11:49.790+0000] {logging_mixin.py:190} INFO - [2025-03-06T01:11:49.790+0000] {dag.py:4180} INFO - Setting next_dagrun for example_short_circuit_decorator to None, run_after=None
[2025-03-06T01:11:49.834+0000] {processor.py:208} INFO - Processing /home/ubuntu/redfin_venv/lib/python3.12/site-packages/airflow/example_dags/example_short_circuit_decorator.py took 0.165 seconds
[2025-03-06T01:12:54.338+0000] {processor.py:186} INFO - Started process (PID=7176) to work on /home/ubuntu/redfin_venv/lib/python3.12/site-packages/airflow/example_dags/example_short_circuit_decorator.py
[2025-03-06T01:12:54.339+0000] {processor.py:914} INFO - Processing file /home/ubuntu/redfin_venv/lib/python3.12/site-packages/airflow/example_dags/example_short_circuit_decorator.py for tasks to queue
[2025-03-06T01:12:54.343+0000] {logging_mixin.py:190} INFO - [2025-03-06T01:12:54.342+0000] {dagbag.py:588} INFO - Filling up the DagBag from /home/ubuntu/redfin_venv/lib/python3.12/site-packages/airflow/example_dags/example_short_circuit_decorator.py
[2025-03-06T01:12:54.354+0000] {processor.py:925} INFO - DAG(s) 'example_short_circuit_decorator' retrieved from /home/ubuntu/redfin_venv/lib/python3.12/site-packages/airflow/example_dags/example_short_circuit_decorator.py
[2025-03-06T01:12:54.377+0000] {logging_mixin.py:190} INFO - [2025-03-06T01:12:54.377+0000] {dag.py:3239} INFO - Sync 1 DAGs
[2025-03-06T01:12:54.391+0000] {logging_mixin.py:190} INFO - [2025-03-06T01:12:54.391+0000] {dag.py:4180} INFO - Setting next_dagrun for example_short_circuit_decorator to None, run_after=None
[2025-03-06T01:12:54.415+0000] {processor.py:208} INFO - Processing /home/ubuntu/redfin_venv/lib/python3.12/site-packages/airflow/example_dags/example_short_circuit_decorator.py took 0.085 seconds
[2025-03-06T01:13:54.955+0000] {processor.py:186} INFO - Started process (PID=7356) to work on /home/ubuntu/redfin_venv/lib/python3.12/site-packages/airflow/example_dags/example_short_circuit_decorator.py
[2025-03-06T01:13:54.956+0000] {processor.py:914} INFO - Processing file /home/ubuntu/redfin_venv/lib/python3.12/site-packages/airflow/example_dags/example_short_circuit_decorator.py for tasks to queue
[2025-03-06T01:13:54.959+0000] {logging_mixin.py:190} INFO - [2025-03-06T01:13:54.958+0000] {dagbag.py:588} INFO - Filling up the DagBag from /home/ubuntu/redfin_venv/lib/python3.12/site-packages/airflow/example_dags/example_short_circuit_decorator.py
[2025-03-06T01:13:54.969+0000] {processor.py:925} INFO - DAG(s) 'example_short_circuit_decorator' retrieved from /home/ubuntu/redfin_venv/lib/python3.12/site-packages/airflow/example_dags/example_short_circuit_decorator.py
[2025-03-06T01:13:54.989+0000] {logging_mixin.py:190} INFO - [2025-03-06T01:13:54.989+0000] {dag.py:3239} INFO - Sync 1 DAGs
[2025-03-06T01:13:55.001+0000] {logging_mixin.py:190} INFO - [2025-03-06T01:13:55.001+0000] {dag.py:4180} INFO - Setting next_dagrun for example_short_circuit_decorator to None, run_after=None
[2025-03-06T01:13:55.024+0000] {processor.py:208} INFO - Processing /home/ubuntu/redfin_venv/lib/python3.12/site-packages/airflow/example_dags/example_short_circuit_decorator.py took 0.075 seconds
[2025-03-06T01:14:56.195+0000] {processor.py:186} INFO - Started process (PID=7475) to work on /home/ubuntu/redfin_venv/lib/python3.12/site-packages/airflow/example_dags/example_short_circuit_decorator.py
[2025-03-06T01:14:56.197+0000] {processor.py:914} INFO - Processing file /home/ubuntu/redfin_venv/lib/python3.12/site-packages/airflow/example_dags/example_short_circuit_decorator.py for tasks to queue
[2025-03-06T01:14:56.200+0000] {logging_mixin.py:190} INFO - [2025-03-06T01:14:56.199+0000] {dagbag.py:588} INFO - Filling up the DagBag from /home/ubuntu/redfin_venv/lib/python3.12/site-packages/airflow/example_dags/example_short_circuit_decorator.py
[2025-03-06T01:14:56.232+0000] {processor.py:925} INFO - DAG(s) 'example_short_circuit_decorator' retrieved from /home/ubuntu/redfin_venv/lib/python3.12/site-packages/airflow/example_dags/example_short_circuit_decorator.py
[2025-03-06T01:14:56.256+0000] {logging_mixin.py:190} INFO - [2025-03-06T01:14:56.255+0000] {dag.py:3239} INFO - Sync 1 DAGs
[2025-03-06T01:14:56.269+0000] {logging_mixin.py:190} INFO - [2025-03-06T01:14:56.269+0000] {dag.py:4180} INFO - Setting next_dagrun for example_short_circuit_decorator to None, run_after=None
[2025-03-06T01:14:56.295+0000] {processor.py:208} INFO - Processing /home/ubuntu/redfin_venv/lib/python3.12/site-packages/airflow/example_dags/example_short_circuit_decorator.py took 0.109 seconds
[2025-03-06T01:16:01.004+0000] {processor.py:186} INFO - Started process (PID=7779) to work on /home/ubuntu/redfin_venv/lib/python3.12/site-packages/airflow/example_dags/example_short_circuit_decorator.py
[2025-03-06T01:16:01.006+0000] {processor.py:914} INFO - Processing file /home/ubuntu/redfin_venv/lib/python3.12/site-packages/airflow/example_dags/example_short_circuit_decorator.py for tasks to queue
[2025-03-06T01:16:01.019+0000] {logging_mixin.py:190} INFO - [2025-03-06T01:16:01.019+0000] {dagbag.py:588} INFO - Filling up the DagBag from /home/ubuntu/redfin_venv/lib/python3.12/site-packages/airflow/example_dags/example_short_circuit_decorator.py
[2025-03-06T01:16:01.040+0000] {processor.py:925} INFO - DAG(s) 'example_short_circuit_decorator' retrieved from /home/ubuntu/redfin_venv/lib/python3.12/site-packages/airflow/example_dags/example_short_circuit_decorator.py
[2025-03-06T01:16:01.064+0000] {logging_mixin.py:190} INFO - [2025-03-06T01:16:01.064+0000] {dag.py:3239} INFO - Sync 1 DAGs
[2025-03-06T01:16:01.080+0000] {logging_mixin.py:190} INFO - [2025-03-06T01:16:01.080+0000] {dag.py:4180} INFO - Setting next_dagrun for example_short_circuit_decorator to None, run_after=None
[2025-03-06T01:16:01.123+0000] {processor.py:208} INFO - Processing /home/ubuntu/redfin_venv/lib/python3.12/site-packages/airflow/example_dags/example_short_circuit_decorator.py took 0.127 seconds
[2025-03-06T01:16:58.494+0000] {processor.py:186} INFO - Started process (PID=7897) to work on /home/ubuntu/redfin_venv/lib/python3.12/site-packages/airflow/example_dags/example_short_circuit_decorator.py
[2025-03-06T01:16:58.496+0000] {processor.py:914} INFO - Processing file /home/ubuntu/redfin_venv/lib/python3.12/site-packages/airflow/example_dags/example_short_circuit_decorator.py for tasks to queue
[2025-03-06T01:16:58.499+0000] {logging_mixin.py:190} INFO - [2025-03-06T01:16:58.498+0000] {dagbag.py:588} INFO - Filling up the DagBag from /home/ubuntu/redfin_venv/lib/python3.12/site-packages/airflow/example_dags/example_short_circuit_decorator.py
[2025-03-06T01:16:58.510+0000] {processor.py:925} INFO - DAG(s) 'example_short_circuit_decorator' retrieved from /home/ubuntu/redfin_venv/lib/python3.12/site-packages/airflow/example_dags/example_short_circuit_decorator.py
[2025-03-06T01:16:58.529+0000] {logging_mixin.py:190} INFO - [2025-03-06T01:16:58.529+0000] {dag.py:3239} INFO - Sync 1 DAGs
[2025-03-06T01:16:58.542+0000] {logging_mixin.py:190} INFO - [2025-03-06T01:16:58.542+0000] {dag.py:4180} INFO - Setting next_dagrun for example_short_circuit_decorator to None, run_after=None
[2025-03-06T01:16:58.565+0000] {processor.py:208} INFO - Processing /home/ubuntu/redfin_venv/lib/python3.12/site-packages/airflow/example_dags/example_short_circuit_decorator.py took 0.077 seconds
[2025-03-06T01:18:01.106+0000] {processor.py:186} INFO - Started process (PID=8241) to work on /home/ubuntu/redfin_venv/lib/python3.12/site-packages/airflow/example_dags/example_short_circuit_decorator.py
[2025-03-06T01:18:01.108+0000] {processor.py:914} INFO - Processing file /home/ubuntu/redfin_venv/lib/python3.12/site-packages/airflow/example_dags/example_short_circuit_decorator.py for tasks to queue
[2025-03-06T01:18:01.111+0000] {logging_mixin.py:190} INFO - [2025-03-06T01:18:01.110+0000] {dagbag.py:588} INFO - Filling up the DagBag from /home/ubuntu/redfin_venv/lib/python3.12/site-packages/airflow/example_dags/example_short_circuit_decorator.py
[2025-03-06T01:18:01.123+0000] {processor.py:925} INFO - DAG(s) 'example_short_circuit_decorator' retrieved from /home/ubuntu/redfin_venv/lib/python3.12/site-packages/airflow/example_dags/example_short_circuit_decorator.py
[2025-03-06T01:18:01.143+0000] {logging_mixin.py:190} INFO - [2025-03-06T01:18:01.143+0000] {dag.py:3239} INFO - Sync 1 DAGs
[2025-03-06T01:18:01.157+0000] {logging_mixin.py:190} INFO - [2025-03-06T01:18:01.156+0000] {dag.py:4180} INFO - Setting next_dagrun for example_short_circuit_decorator to None, run_after=None
[2025-03-06T01:18:01.180+0000] {processor.py:208} INFO - Processing /home/ubuntu/redfin_venv/lib/python3.12/site-packages/airflow/example_dags/example_short_circuit_decorator.py took 0.080 seconds
[2025-03-06T01:19:03.190+0000] {processor.py:186} INFO - Started process (PID=8480) to work on /home/ubuntu/redfin_venv/lib/python3.12/site-packages/airflow/example_dags/example_short_circuit_decorator.py
[2025-03-06T01:19:03.192+0000] {processor.py:914} INFO - Processing file /home/ubuntu/redfin_venv/lib/python3.12/site-packages/airflow/example_dags/example_short_circuit_decorator.py for tasks to queue
[2025-03-06T01:19:03.196+0000] {logging_mixin.py:190} INFO - [2025-03-06T01:19:03.195+0000] {dagbag.py:588} INFO - Filling up the DagBag from /home/ubuntu/redfin_venv/lib/python3.12/site-packages/airflow/example_dags/example_short_circuit_decorator.py
[2025-03-06T01:19:03.209+0000] {processor.py:925} INFO - DAG(s) 'example_short_circuit_decorator' retrieved from /home/ubuntu/redfin_venv/lib/python3.12/site-packages/airflow/example_dags/example_short_circuit_decorator.py
[2025-03-06T01:19:03.233+0000] {logging_mixin.py:190} INFO - [2025-03-06T01:19:03.233+0000] {dag.py:3239} INFO - Sync 1 DAGs
[2025-03-06T01:19:03.249+0000] {logging_mixin.py:190} INFO - [2025-03-06T01:19:03.249+0000] {dag.py:4180} INFO - Setting next_dagrun for example_short_circuit_decorator to None, run_after=None
[2025-03-06T01:19:03.278+0000] {processor.py:208} INFO - Processing /home/ubuntu/redfin_venv/lib/python3.12/site-packages/airflow/example_dags/example_short_circuit_decorator.py took 0.096 seconds
