[2025-03-06T00:58:30.733+0000] {processor.py:186} INFO - Started process (PID=3505) to work on /home/ubuntu/redfin_venv/lib/python3.12/site-packages/airflow/example_dags/example_time_delta_sensor_async.py
[2025-03-06T00:58:30.734+0000] {processor.py:914} INFO - Processing file /home/ubuntu/redfin_venv/lib/python3.12/site-packages/airflow/example_dags/example_time_delta_sensor_async.py for tasks to queue
[2025-03-06T00:58:30.736+0000] {logging_mixin.py:190} INFO - [2025-03-06T00:58:30.735+0000] {dagbag.py:588} INFO - Filling up the DagBag from /home/ubuntu/redfin_venv/lib/python3.12/site-packages/airflow/example_dags/example_time_delta_sensor_async.py
[2025-03-06T00:58:30.745+0000] {processor.py:925} INFO - DAG(s) 'example_time_delta_sensor_async' retrieved from /home/ubuntu/redfin_venv/lib/python3.12/site-packages/airflow/example_dags/example_time_delta_sensor_async.py
[2025-03-06T00:58:30.771+0000] {logging_mixin.py:190} INFO - [2025-03-06T00:58:30.770+0000] {dag.py:3239} INFO - Sync 1 DAGs
[2025-03-06T00:58:30.786+0000] {logging_mixin.py:190} INFO - [2025-03-06T00:58:30.786+0000] {dag.py:4180} INFO - Setting next_dagrun for example_time_delta_sensor_async to None, run_after=None
[2025-03-06T00:58:30.813+0000] {processor.py:208} INFO - Processing /home/ubuntu/redfin_venv/lib/python3.12/site-packages/airflow/example_dags/example_time_delta_sensor_async.py took 0.087 seconds
[2025-03-06T00:59:28.026+0000] {processor.py:186} INFO - Started process (PID=3987) to work on /home/ubuntu/redfin_venv/lib/python3.12/site-packages/airflow/example_dags/example_time_delta_sensor_async.py
[2025-03-06T00:59:28.027+0000] {processor.py:914} INFO - Processing file /home/ubuntu/redfin_venv/lib/python3.12/site-packages/airflow/example_dags/example_time_delta_sensor_async.py for tasks to queue
[2025-03-06T00:59:28.029+0000] {logging_mixin.py:190} INFO - [2025-03-06T00:59:28.029+0000] {dagbag.py:588} INFO - Filling up the DagBag from /home/ubuntu/redfin_venv/lib/python3.12/site-packages/airflow/example_dags/example_time_delta_sensor_async.py
[2025-03-06T00:59:28.038+0000] {processor.py:925} INFO - DAG(s) 'example_time_delta_sensor_async' retrieved from /home/ubuntu/redfin_venv/lib/python3.12/site-packages/airflow/example_dags/example_time_delta_sensor_async.py
[2025-03-06T00:59:28.055+0000] {logging_mixin.py:190} INFO - [2025-03-06T00:59:28.055+0000] {dag.py:3239} INFO - Sync 1 DAGs
[2025-03-06T00:59:28.069+0000] {logging_mixin.py:190} INFO - [2025-03-06T00:59:28.069+0000] {dag.py:4180} INFO - Setting next_dagrun for example_time_delta_sensor_async to None, run_after=None
[2025-03-06T00:59:28.094+0000] {processor.py:208} INFO - Processing /home/ubuntu/redfin_venv/lib/python3.12/site-packages/airflow/example_dags/example_time_delta_sensor_async.py took 0.075 seconds
[2025-03-06T01:00:26.403+0000] {processor.py:186} INFO - Started process (PID=4406) to work on /home/ubuntu/redfin_venv/lib/python3.12/site-packages/airflow/example_dags/example_time_delta_sensor_async.py
[2025-03-06T01:00:26.404+0000] {processor.py:914} INFO - Processing file /home/ubuntu/redfin_venv/lib/python3.12/site-packages/airflow/example_dags/example_time_delta_sensor_async.py for tasks to queue
[2025-03-06T01:00:26.406+0000] {logging_mixin.py:190} INFO - [2025-03-06T01:00:26.406+0000] {dagbag.py:588} INFO - Filling up the DagBag from /home/ubuntu/redfin_venv/lib/python3.12/site-packages/airflow/example_dags/example_time_delta_sensor_async.py
[2025-03-06T01:00:26.414+0000] {processor.py:925} INFO - DAG(s) 'example_time_delta_sensor_async' retrieved from /home/ubuntu/redfin_venv/lib/python3.12/site-packages/airflow/example_dags/example_time_delta_sensor_async.py
[2025-03-06T01:00:26.431+0000] {logging_mixin.py:190} INFO - [2025-03-06T01:00:26.430+0000] {dag.py:3239} INFO - Sync 1 DAGs
[2025-03-06T01:00:26.443+0000] {logging_mixin.py:190} INFO - [2025-03-06T01:00:26.443+0000] {dag.py:4180} INFO - Setting next_dagrun for example_time_delta_sensor_async to None, run_after=None
[2025-03-06T01:00:26.467+0000] {processor.py:208} INFO - Processing /home/ubuntu/redfin_venv/lib/python3.12/site-packages/airflow/example_dags/example_time_delta_sensor_async.py took 0.070 seconds
[2025-03-06T01:01:26.310+0000] {processor.py:186} INFO - Started process (PID=4885) to work on /home/ubuntu/redfin_venv/lib/python3.12/site-packages/airflow/example_dags/example_time_delta_sensor_async.py
[2025-03-06T01:01:26.312+0000] {processor.py:914} INFO - Processing file /home/ubuntu/redfin_venv/lib/python3.12/site-packages/airflow/example_dags/example_time_delta_sensor_async.py for tasks to queue
[2025-03-06T01:01:26.315+0000] {logging_mixin.py:190} INFO - [2025-03-06T01:01:26.314+0000] {dagbag.py:588} INFO - Filling up the DagBag from /home/ubuntu/redfin_venv/lib/python3.12/site-packages/airflow/example_dags/example_time_delta_sensor_async.py
[2025-03-06T01:01:26.325+0000] {processor.py:925} INFO - DAG(s) 'example_time_delta_sensor_async' retrieved from /home/ubuntu/redfin_venv/lib/python3.12/site-packages/airflow/example_dags/example_time_delta_sensor_async.py
[2025-03-06T01:01:26.347+0000] {logging_mixin.py:190} INFO - [2025-03-06T01:01:26.346+0000] {dag.py:3239} INFO - Sync 1 DAGs
[2025-03-06T01:01:26.364+0000] {logging_mixin.py:190} INFO - [2025-03-06T01:01:26.363+0000] {dag.py:4180} INFO - Setting next_dagrun for example_time_delta_sensor_async to None, run_after=None
[2025-03-06T01:01:26.396+0000] {processor.py:208} INFO - Processing /home/ubuntu/redfin_venv/lib/python3.12/site-packages/airflow/example_dags/example_time_delta_sensor_async.py took 0.093 seconds
[2025-03-06T01:02:27.813+0000] {processor.py:186} INFO - Started process (PID=5187) to work on /home/ubuntu/redfin_venv/lib/python3.12/site-packages/airflow/example_dags/example_time_delta_sensor_async.py
[2025-03-06T01:02:27.815+0000] {processor.py:914} INFO - Processing file /home/ubuntu/redfin_venv/lib/python3.12/site-packages/airflow/example_dags/example_time_delta_sensor_async.py for tasks to queue
[2025-03-06T01:02:27.818+0000] {logging_mixin.py:190} INFO - [2025-03-06T01:02:27.818+0000] {dagbag.py:588} INFO - Filling up the DagBag from /home/ubuntu/redfin_venv/lib/python3.12/site-packages/airflow/example_dags/example_time_delta_sensor_async.py
[2025-03-06T01:02:27.826+0000] {processor.py:925} INFO - DAG(s) 'example_time_delta_sensor_async' retrieved from /home/ubuntu/redfin_venv/lib/python3.12/site-packages/airflow/example_dags/example_time_delta_sensor_async.py
[2025-03-06T01:02:27.844+0000] {logging_mixin.py:190} INFO - [2025-03-06T01:02:27.844+0000] {dag.py:3239} INFO - Sync 1 DAGs
[2025-03-06T01:02:27.857+0000] {logging_mixin.py:190} INFO - [2025-03-06T01:02:27.857+0000] {dag.py:4180} INFO - Setting next_dagrun for example_time_delta_sensor_async to None, run_after=None
[2025-03-06T01:02:27.882+0000] {processor.py:208} INFO - Processing /home/ubuntu/redfin_venv/lib/python3.12/site-packages/airflow/example_dags/example_time_delta_sensor_async.py took 0.075 seconds
[2025-03-06T01:03:27.720+0000] {processor.py:186} INFO - Started process (PID=5367) to work on /home/ubuntu/redfin_venv/lib/python3.12/site-packages/airflow/example_dags/example_time_delta_sensor_async.py
[2025-03-06T01:03:27.722+0000] {processor.py:914} INFO - Processing file /home/ubuntu/redfin_venv/lib/python3.12/site-packages/airflow/example_dags/example_time_delta_sensor_async.py for tasks to queue
[2025-03-06T01:03:27.724+0000] {logging_mixin.py:190} INFO - [2025-03-06T01:03:27.724+0000] {dagbag.py:588} INFO - Filling up the DagBag from /home/ubuntu/redfin_venv/lib/python3.12/site-packages/airflow/example_dags/example_time_delta_sensor_async.py
[2025-03-06T01:03:27.733+0000] {processor.py:925} INFO - DAG(s) 'example_time_delta_sensor_async' retrieved from /home/ubuntu/redfin_venv/lib/python3.12/site-packages/airflow/example_dags/example_time_delta_sensor_async.py
[2025-03-06T01:03:27.752+0000] {logging_mixin.py:190} INFO - [2025-03-06T01:03:27.752+0000] {dag.py:3239} INFO - Sync 1 DAGs
[2025-03-06T01:03:27.768+0000] {logging_mixin.py:190} INFO - [2025-03-06T01:03:27.768+0000] {dag.py:4180} INFO - Setting next_dagrun for example_time_delta_sensor_async to None, run_after=None
[2025-03-06T01:03:27.794+0000] {processor.py:208} INFO - Processing /home/ubuntu/redfin_venv/lib/python3.12/site-packages/airflow/example_dags/example_time_delta_sensor_async.py took 0.081 seconds
[2025-03-06T01:04:28.551+0000] {processor.py:186} INFO - Started process (PID=5485) to work on /home/ubuntu/redfin_venv/lib/python3.12/site-packages/airflow/example_dags/example_time_delta_sensor_async.py
[2025-03-06T01:04:28.553+0000] {processor.py:914} INFO - Processing file /home/ubuntu/redfin_venv/lib/python3.12/site-packages/airflow/example_dags/example_time_delta_sensor_async.py for tasks to queue
[2025-03-06T01:04:28.556+0000] {logging_mixin.py:190} INFO - [2025-03-06T01:04:28.556+0000] {dagbag.py:588} INFO - Filling up the DagBag from /home/ubuntu/redfin_venv/lib/python3.12/site-packages/airflow/example_dags/example_time_delta_sensor_async.py
[2025-03-06T01:04:28.565+0000] {processor.py:925} INFO - DAG(s) 'example_time_delta_sensor_async' retrieved from /home/ubuntu/redfin_venv/lib/python3.12/site-packages/airflow/example_dags/example_time_delta_sensor_async.py
[2025-03-06T01:04:28.585+0000] {logging_mixin.py:190} INFO - [2025-03-06T01:04:28.584+0000] {dag.py:3239} INFO - Sync 1 DAGs
[2025-03-06T01:04:28.599+0000] {logging_mixin.py:190} INFO - [2025-03-06T01:04:28.599+0000] {dag.py:4180} INFO - Setting next_dagrun for example_time_delta_sensor_async to None, run_after=None
[2025-03-06T01:04:28.624+0000] {processor.py:208} INFO - Processing /home/ubuntu/redfin_venv/lib/python3.12/site-packages/airflow/example_dags/example_time_delta_sensor_async.py took 0.079 seconds
[2025-03-06T01:05:33.140+0000] {processor.py:186} INFO - Started process (PID=5609) to work on /home/ubuntu/redfin_venv/lib/python3.12/site-packages/airflow/example_dags/example_time_delta_sensor_async.py
[2025-03-06T01:05:33.142+0000] {processor.py:914} INFO - Processing file /home/ubuntu/redfin_venv/lib/python3.12/site-packages/airflow/example_dags/example_time_delta_sensor_async.py for tasks to queue
[2025-03-06T01:05:33.145+0000] {logging_mixin.py:190} INFO - [2025-03-06T01:05:33.145+0000] {dagbag.py:588} INFO - Filling up the DagBag from /home/ubuntu/redfin_venv/lib/python3.12/site-packages/airflow/example_dags/example_time_delta_sensor_async.py
[2025-03-06T01:05:33.155+0000] {processor.py:925} INFO - DAG(s) 'example_time_delta_sensor_async' retrieved from /home/ubuntu/redfin_venv/lib/python3.12/site-packages/airflow/example_dags/example_time_delta_sensor_async.py
[2025-03-06T01:05:33.175+0000] {logging_mixin.py:190} INFO - [2025-03-06T01:05:33.175+0000] {dag.py:3239} INFO - Sync 1 DAGs
[2025-03-06T01:05:33.189+0000] {logging_mixin.py:190} INFO - [2025-03-06T01:05:33.189+0000] {dag.py:4180} INFO - Setting next_dagrun for example_time_delta_sensor_async to None, run_after=None
[2025-03-06T01:05:33.222+0000] {processor.py:208} INFO - Processing /home/ubuntu/redfin_venv/lib/python3.12/site-packages/airflow/example_dags/example_time_delta_sensor_async.py took 0.095 seconds
[2025-03-06T01:06:35.323+0000] {processor.py:186} INFO - Started process (PID=5911) to work on /home/ubuntu/redfin_venv/lib/python3.12/site-packages/airflow/example_dags/example_time_delta_sensor_async.py
[2025-03-06T01:06:35.325+0000] {processor.py:914} INFO - Processing file /home/ubuntu/redfin_venv/lib/python3.12/site-packages/airflow/example_dags/example_time_delta_sensor_async.py for tasks to queue
[2025-03-06T01:06:35.329+0000] {logging_mixin.py:190} INFO - [2025-03-06T01:06:35.328+0000] {dagbag.py:588} INFO - Filling up the DagBag from /home/ubuntu/redfin_venv/lib/python3.12/site-packages/airflow/example_dags/example_time_delta_sensor_async.py
[2025-03-06T01:06:35.338+0000] {processor.py:925} INFO - DAG(s) 'example_time_delta_sensor_async' retrieved from /home/ubuntu/redfin_venv/lib/python3.12/site-packages/airflow/example_dags/example_time_delta_sensor_async.py
[2025-03-06T01:06:35.362+0000] {logging_mixin.py:190} INFO - [2025-03-06T01:06:35.362+0000] {dag.py:3239} INFO - Sync 1 DAGs
[2025-03-06T01:06:35.380+0000] {logging_mixin.py:190} INFO - [2025-03-06T01:06:35.380+0000] {dag.py:4180} INFO - Setting next_dagrun for example_time_delta_sensor_async to None, run_after=None
[2025-03-06T01:06:35.411+0000] {processor.py:208} INFO - Processing /home/ubuntu/redfin_venv/lib/python3.12/site-packages/airflow/example_dags/example_time_delta_sensor_async.py took 0.099 seconds
[2025-03-06T01:07:37.452+0000] {processor.py:186} INFO - Started process (PID=6210) to work on /home/ubuntu/redfin_venv/lib/python3.12/site-packages/airflow/example_dags/example_time_delta_sensor_async.py
[2025-03-06T01:07:37.454+0000] {processor.py:914} INFO - Processing file /home/ubuntu/redfin_venv/lib/python3.12/site-packages/airflow/example_dags/example_time_delta_sensor_async.py for tasks to queue
[2025-03-06T01:07:37.456+0000] {logging_mixin.py:190} INFO - [2025-03-06T01:07:37.456+0000] {dagbag.py:588} INFO - Filling up the DagBag from /home/ubuntu/redfin_venv/lib/python3.12/site-packages/airflow/example_dags/example_time_delta_sensor_async.py
[2025-03-06T01:07:37.464+0000] {processor.py:925} INFO - DAG(s) 'example_time_delta_sensor_async' retrieved from /home/ubuntu/redfin_venv/lib/python3.12/site-packages/airflow/example_dags/example_time_delta_sensor_async.py
[2025-03-06T01:07:37.481+0000] {logging_mixin.py:190} INFO - [2025-03-06T01:07:37.480+0000] {dag.py:3239} INFO - Sync 1 DAGs
[2025-03-06T01:07:37.493+0000] {logging_mixin.py:190} INFO - [2025-03-06T01:07:37.493+0000] {dag.py:4180} INFO - Setting next_dagrun for example_time_delta_sensor_async to None, run_after=None
[2025-03-06T01:07:37.518+0000] {processor.py:208} INFO - Processing /home/ubuntu/redfin_venv/lib/python3.12/site-packages/airflow/example_dags/example_time_delta_sensor_async.py took 0.072 seconds
[2025-03-06T01:08:37.215+0000] {processor.py:186} INFO - Started process (PID=6508) to work on /home/ubuntu/redfin_venv/lib/python3.12/site-packages/airflow/example_dags/example_time_delta_sensor_async.py
[2025-03-06T01:08:37.217+0000] {processor.py:914} INFO - Processing file /home/ubuntu/redfin_venv/lib/python3.12/site-packages/airflow/example_dags/example_time_delta_sensor_async.py for tasks to queue
[2025-03-06T01:08:37.220+0000] {logging_mixin.py:190} INFO - [2025-03-06T01:08:37.219+0000] {dagbag.py:588} INFO - Filling up the DagBag from /home/ubuntu/redfin_venv/lib/python3.12/site-packages/airflow/example_dags/example_time_delta_sensor_async.py
[2025-03-06T01:08:37.228+0000] {processor.py:925} INFO - DAG(s) 'example_time_delta_sensor_async' retrieved from /home/ubuntu/redfin_venv/lib/python3.12/site-packages/airflow/example_dags/example_time_delta_sensor_async.py
[2025-03-06T01:08:37.247+0000] {logging_mixin.py:190} INFO - [2025-03-06T01:08:37.247+0000] {dag.py:3239} INFO - Sync 1 DAGs
[2025-03-06T01:08:37.263+0000] {logging_mixin.py:190} INFO - [2025-03-06T01:08:37.263+0000] {dag.py:4180} INFO - Setting next_dagrun for example_time_delta_sensor_async to None, run_after=None
[2025-03-06T01:08:37.298+0000] {processor.py:208} INFO - Processing /home/ubuntu/redfin_venv/lib/python3.12/site-packages/airflow/example_dags/example_time_delta_sensor_async.py took 0.092 seconds
[2025-03-06T01:09:40.913+0000] {processor.py:186} INFO - Started process (PID=6808) to work on /home/ubuntu/redfin_venv/lib/python3.12/site-packages/airflow/example_dags/example_time_delta_sensor_async.py
[2025-03-06T01:09:40.915+0000] {processor.py:914} INFO - Processing file /home/ubuntu/redfin_venv/lib/python3.12/site-packages/airflow/example_dags/example_time_delta_sensor_async.py for tasks to queue
[2025-03-06T01:09:40.919+0000] {logging_mixin.py:190} INFO - [2025-03-06T01:09:40.918+0000] {dagbag.py:588} INFO - Filling up the DagBag from /home/ubuntu/redfin_venv/lib/python3.12/site-packages/airflow/example_dags/example_time_delta_sensor_async.py
[2025-03-06T01:09:40.928+0000] {processor.py:925} INFO - DAG(s) 'example_time_delta_sensor_async' retrieved from /home/ubuntu/redfin_venv/lib/python3.12/site-packages/airflow/example_dags/example_time_delta_sensor_async.py
[2025-03-06T01:09:40.949+0000] {logging_mixin.py:190} INFO - [2025-03-06T01:09:40.949+0000] {dag.py:3239} INFO - Sync 1 DAGs
[2025-03-06T01:09:40.964+0000] {logging_mixin.py:190} INFO - [2025-03-06T01:09:40.964+0000] {dag.py:4180} INFO - Setting next_dagrun for example_time_delta_sensor_async to None, run_after=None
[2025-03-06T01:09:40.993+0000] {processor.py:208} INFO - Processing /home/ubuntu/redfin_venv/lib/python3.12/site-packages/airflow/example_dags/example_time_delta_sensor_async.py took 0.087 seconds
[2025-03-06T01:10:42.035+0000] {processor.py:186} INFO - Started process (PID=6931) to work on /home/ubuntu/redfin_venv/lib/python3.12/site-packages/airflow/example_dags/example_time_delta_sensor_async.py
[2025-03-06T01:10:42.037+0000] {processor.py:914} INFO - Processing file /home/ubuntu/redfin_venv/lib/python3.12/site-packages/airflow/example_dags/example_time_delta_sensor_async.py for tasks to queue
[2025-03-06T01:10:42.039+0000] {logging_mixin.py:190} INFO - [2025-03-06T01:10:42.039+0000] {dagbag.py:588} INFO - Filling up the DagBag from /home/ubuntu/redfin_venv/lib/python3.12/site-packages/airflow/example_dags/example_time_delta_sensor_async.py
[2025-03-06T01:10:42.052+0000] {processor.py:925} INFO - DAG(s) 'example_time_delta_sensor_async' retrieved from /home/ubuntu/redfin_venv/lib/python3.12/site-packages/airflow/example_dags/example_time_delta_sensor_async.py
[2025-03-06T01:10:42.082+0000] {logging_mixin.py:190} INFO - [2025-03-06T01:10:42.081+0000] {dag.py:3239} INFO - Sync 1 DAGs
[2025-03-06T01:10:42.109+0000] {logging_mixin.py:190} INFO - [2025-03-06T01:10:42.108+0000] {dag.py:4180} INFO - Setting next_dagrun for example_time_delta_sensor_async to None, run_after=None
[2025-03-06T01:10:42.157+0000] {processor.py:208} INFO - Processing /home/ubuntu/redfin_venv/lib/python3.12/site-packages/airflow/example_dags/example_time_delta_sensor_async.py took 0.145 seconds
[2025-03-06T01:11:44.732+0000] {processor.py:186} INFO - Started process (PID=7050) to work on /home/ubuntu/redfin_venv/lib/python3.12/site-packages/airflow/example_dags/example_time_delta_sensor_async.py
[2025-03-06T01:11:44.734+0000] {processor.py:914} INFO - Processing file /home/ubuntu/redfin_venv/lib/python3.12/site-packages/airflow/example_dags/example_time_delta_sensor_async.py for tasks to queue
[2025-03-06T01:11:44.737+0000] {logging_mixin.py:190} INFO - [2025-03-06T01:11:44.736+0000] {dagbag.py:588} INFO - Filling up the DagBag from /home/ubuntu/redfin_venv/lib/python3.12/site-packages/airflow/example_dags/example_time_delta_sensor_async.py
[2025-03-06T01:11:44.750+0000] {processor.py:925} INFO - DAG(s) 'example_time_delta_sensor_async' retrieved from /home/ubuntu/redfin_venv/lib/python3.12/site-packages/airflow/example_dags/example_time_delta_sensor_async.py
[2025-03-06T01:11:44.783+0000] {logging_mixin.py:190} INFO - [2025-03-06T01:11:44.782+0000] {dag.py:3239} INFO - Sync 1 DAGs
[2025-03-06T01:11:44.832+0000] {logging_mixin.py:190} INFO - [2025-03-06T01:11:44.831+0000] {dag.py:4180} INFO - Setting next_dagrun for example_time_delta_sensor_async to None, run_after=None
[2025-03-06T01:11:44.867+0000] {processor.py:208} INFO - Processing /home/ubuntu/redfin_venv/lib/python3.12/site-packages/airflow/example_dags/example_time_delta_sensor_async.py took 0.143 seconds
[2025-03-06T01:12:50.545+0000] {processor.py:186} INFO - Started process (PID=7172) to work on /home/ubuntu/redfin_venv/lib/python3.12/site-packages/airflow/example_dags/example_time_delta_sensor_async.py
[2025-03-06T01:12:50.546+0000] {processor.py:914} INFO - Processing file /home/ubuntu/redfin_venv/lib/python3.12/site-packages/airflow/example_dags/example_time_delta_sensor_async.py for tasks to queue
[2025-03-06T01:12:50.551+0000] {logging_mixin.py:190} INFO - [2025-03-06T01:12:50.550+0000] {dagbag.py:588} INFO - Filling up the DagBag from /home/ubuntu/redfin_venv/lib/python3.12/site-packages/airflow/example_dags/example_time_delta_sensor_async.py
[2025-03-06T01:12:50.562+0000] {processor.py:925} INFO - DAG(s) 'example_time_delta_sensor_async' retrieved from /home/ubuntu/redfin_venv/lib/python3.12/site-packages/airflow/example_dags/example_time_delta_sensor_async.py
[2025-03-06T01:12:50.584+0000] {logging_mixin.py:190} INFO - [2025-03-06T01:12:50.584+0000] {dag.py:3239} INFO - Sync 1 DAGs
[2025-03-06T01:12:50.607+0000] {logging_mixin.py:190} INFO - [2025-03-06T01:12:50.606+0000] {dag.py:4180} INFO - Setting next_dagrun for example_time_delta_sensor_async to None, run_after=None
[2025-03-06T01:12:50.638+0000] {processor.py:208} INFO - Processing /home/ubuntu/redfin_venv/lib/python3.12/site-packages/airflow/example_dags/example_time_delta_sensor_async.py took 0.106 seconds
[2025-03-06T01:13:50.657+0000] {processor.py:186} INFO - Started process (PID=7352) to work on /home/ubuntu/redfin_venv/lib/python3.12/site-packages/airflow/example_dags/example_time_delta_sensor_async.py
[2025-03-06T01:13:50.659+0000] {processor.py:914} INFO - Processing file /home/ubuntu/redfin_venv/lib/python3.12/site-packages/airflow/example_dags/example_time_delta_sensor_async.py for tasks to queue
[2025-03-06T01:13:50.662+0000] {logging_mixin.py:190} INFO - [2025-03-06T01:13:50.662+0000] {dagbag.py:588} INFO - Filling up the DagBag from /home/ubuntu/redfin_venv/lib/python3.12/site-packages/airflow/example_dags/example_time_delta_sensor_async.py
[2025-03-06T01:13:50.671+0000] {processor.py:925} INFO - DAG(s) 'example_time_delta_sensor_async' retrieved from /home/ubuntu/redfin_venv/lib/python3.12/site-packages/airflow/example_dags/example_time_delta_sensor_async.py
[2025-03-06T01:13:50.690+0000] {logging_mixin.py:190} INFO - [2025-03-06T01:13:50.690+0000] {dag.py:3239} INFO - Sync 1 DAGs
[2025-03-06T01:13:50.704+0000] {logging_mixin.py:190} INFO - [2025-03-06T01:13:50.704+0000] {dag.py:4180} INFO - Setting next_dagrun for example_time_delta_sensor_async to None, run_after=None
[2025-03-06T01:13:50.730+0000] {processor.py:208} INFO - Processing /home/ubuntu/redfin_venv/lib/python3.12/site-packages/airflow/example_dags/example_time_delta_sensor_async.py took 0.079 seconds
[2025-03-06T01:14:52.770+0000] {processor.py:186} INFO - Started process (PID=7471) to work on /home/ubuntu/redfin_venv/lib/python3.12/site-packages/airflow/example_dags/example_time_delta_sensor_async.py
[2025-03-06T01:14:52.772+0000] {processor.py:914} INFO - Processing file /home/ubuntu/redfin_venv/lib/python3.12/site-packages/airflow/example_dags/example_time_delta_sensor_async.py for tasks to queue
[2025-03-06T01:14:52.774+0000] {logging_mixin.py:190} INFO - [2025-03-06T01:14:52.773+0000] {dagbag.py:588} INFO - Filling up the DagBag from /home/ubuntu/redfin_venv/lib/python3.12/site-packages/airflow/example_dags/example_time_delta_sensor_async.py
[2025-03-06T01:14:52.783+0000] {processor.py:925} INFO - DAG(s) 'example_time_delta_sensor_async' retrieved from /home/ubuntu/redfin_venv/lib/python3.12/site-packages/airflow/example_dags/example_time_delta_sensor_async.py
[2025-03-06T01:14:52.804+0000] {logging_mixin.py:190} INFO - [2025-03-06T01:14:52.804+0000] {dag.py:3239} INFO - Sync 1 DAGs
[2025-03-06T01:14:52.823+0000] {logging_mixin.py:190} INFO - [2025-03-06T01:14:52.823+0000] {dag.py:4180} INFO - Setting next_dagrun for example_time_delta_sensor_async to None, run_after=None
[2025-03-06T01:14:52.886+0000] {processor.py:208} INFO - Processing /home/ubuntu/redfin_venv/lib/python3.12/site-packages/airflow/example_dags/example_time_delta_sensor_async.py took 0.123 seconds
[2025-03-06T01:15:56.186+0000] {processor.py:186} INFO - Started process (PID=7775) to work on /home/ubuntu/redfin_venv/lib/python3.12/site-packages/airflow/example_dags/example_time_delta_sensor_async.py
[2025-03-06T01:15:56.188+0000] {processor.py:914} INFO - Processing file /home/ubuntu/redfin_venv/lib/python3.12/site-packages/airflow/example_dags/example_time_delta_sensor_async.py for tasks to queue
[2025-03-06T01:15:56.191+0000] {logging_mixin.py:190} INFO - [2025-03-06T01:15:56.190+0000] {dagbag.py:588} INFO - Filling up the DagBag from /home/ubuntu/redfin_venv/lib/python3.12/site-packages/airflow/example_dags/example_time_delta_sensor_async.py
[2025-03-06T01:15:56.201+0000] {processor.py:925} INFO - DAG(s) 'example_time_delta_sensor_async' retrieved from /home/ubuntu/redfin_venv/lib/python3.12/site-packages/airflow/example_dags/example_time_delta_sensor_async.py
[2025-03-06T01:15:56.220+0000] {logging_mixin.py:190} INFO - [2025-03-06T01:15:56.220+0000] {dag.py:3239} INFO - Sync 1 DAGs
[2025-03-06T01:15:56.236+0000] {logging_mixin.py:190} INFO - [2025-03-06T01:15:56.236+0000] {dag.py:4180} INFO - Setting next_dagrun for example_time_delta_sensor_async to None, run_after=None
[2025-03-06T01:15:56.267+0000] {processor.py:208} INFO - Processing /home/ubuntu/redfin_venv/lib/python3.12/site-packages/airflow/example_dags/example_time_delta_sensor_async.py took 0.088 seconds
[2025-03-06T01:16:55.643+0000] {processor.py:186} INFO - Started process (PID=7893) to work on /home/ubuntu/redfin_venv/lib/python3.12/site-packages/airflow/example_dags/example_time_delta_sensor_async.py
[2025-03-06T01:16:55.644+0000] {processor.py:914} INFO - Processing file /home/ubuntu/redfin_venv/lib/python3.12/site-packages/airflow/example_dags/example_time_delta_sensor_async.py for tasks to queue
[2025-03-06T01:16:55.647+0000] {logging_mixin.py:190} INFO - [2025-03-06T01:16:55.647+0000] {dagbag.py:588} INFO - Filling up the DagBag from /home/ubuntu/redfin_venv/lib/python3.12/site-packages/airflow/example_dags/example_time_delta_sensor_async.py
[2025-03-06T01:16:55.655+0000] {processor.py:925} INFO - DAG(s) 'example_time_delta_sensor_async' retrieved from /home/ubuntu/redfin_venv/lib/python3.12/site-packages/airflow/example_dags/example_time_delta_sensor_async.py
[2025-03-06T01:16:55.671+0000] {logging_mixin.py:190} INFO - [2025-03-06T01:16:55.671+0000] {dag.py:3239} INFO - Sync 1 DAGs
[2025-03-06T01:16:55.684+0000] {logging_mixin.py:190} INFO - [2025-03-06T01:16:55.683+0000] {dag.py:4180} INFO - Setting next_dagrun for example_time_delta_sensor_async to None, run_after=None
[2025-03-06T01:16:55.707+0000] {processor.py:208} INFO - Processing /home/ubuntu/redfin_venv/lib/python3.12/site-packages/airflow/example_dags/example_time_delta_sensor_async.py took 0.070 seconds
[2025-03-06T01:17:57.131+0000] {processor.py:186} INFO - Started process (PID=8237) to work on /home/ubuntu/redfin_venv/lib/python3.12/site-packages/airflow/example_dags/example_time_delta_sensor_async.py
[2025-03-06T01:17:57.137+0000] {processor.py:914} INFO - Processing file /home/ubuntu/redfin_venv/lib/python3.12/site-packages/airflow/example_dags/example_time_delta_sensor_async.py for tasks to queue
[2025-03-06T01:17:57.141+0000] {logging_mixin.py:190} INFO - [2025-03-06T01:17:57.141+0000] {dagbag.py:588} INFO - Filling up the DagBag from /home/ubuntu/redfin_venv/lib/python3.12/site-packages/airflow/example_dags/example_time_delta_sensor_async.py
[2025-03-06T01:17:57.149+0000] {processor.py:925} INFO - DAG(s) 'example_time_delta_sensor_async' retrieved from /home/ubuntu/redfin_venv/lib/python3.12/site-packages/airflow/example_dags/example_time_delta_sensor_async.py
[2025-03-06T01:17:57.186+0000] {logging_mixin.py:190} INFO - [2025-03-06T01:17:57.185+0000] {dag.py:3239} INFO - Sync 1 DAGs
[2025-03-06T01:17:57.208+0000] {logging_mixin.py:190} INFO - [2025-03-06T01:17:57.208+0000] {dag.py:4180} INFO - Setting next_dagrun for example_time_delta_sensor_async to None, run_after=None
[2025-03-06T01:17:57.253+0000] {processor.py:208} INFO - Processing /home/ubuntu/redfin_venv/lib/python3.12/site-packages/airflow/example_dags/example_time_delta_sensor_async.py took 0.133 seconds
[2025-03-06T01:18:58.332+0000] {processor.py:186} INFO - Started process (PID=8476) to work on /home/ubuntu/redfin_venv/lib/python3.12/site-packages/airflow/example_dags/example_time_delta_sensor_async.py
[2025-03-06T01:18:58.334+0000] {processor.py:914} INFO - Processing file /home/ubuntu/redfin_venv/lib/python3.12/site-packages/airflow/example_dags/example_time_delta_sensor_async.py for tasks to queue
[2025-03-06T01:18:58.337+0000] {logging_mixin.py:190} INFO - [2025-03-06T01:18:58.335+0000] {dagbag.py:588} INFO - Filling up the DagBag from /home/ubuntu/redfin_venv/lib/python3.12/site-packages/airflow/example_dags/example_time_delta_sensor_async.py
[2025-03-06T01:18:58.348+0000] {processor.py:925} INFO - DAG(s) 'example_time_delta_sensor_async' retrieved from /home/ubuntu/redfin_venv/lib/python3.12/site-packages/airflow/example_dags/example_time_delta_sensor_async.py
[2025-03-06T01:18:58.366+0000] {logging_mixin.py:190} INFO - [2025-03-06T01:18:58.366+0000] {dag.py:3239} INFO - Sync 1 DAGs
[2025-03-06T01:18:58.380+0000] {logging_mixin.py:190} INFO - [2025-03-06T01:18:58.380+0000] {dag.py:4180} INFO - Setting next_dagrun for example_time_delta_sensor_async to None, run_after=None
[2025-03-06T01:18:58.407+0000] {processor.py:208} INFO - Processing /home/ubuntu/redfin_venv/lib/python3.12/site-packages/airflow/example_dags/example_time_delta_sensor_async.py took 0.081 seconds
