[2025-03-06T00:58:26.601+0000] {processor.py:186} INFO - Started process (PID=3466) to work on /home/ubuntu/redfin_venv/lib/python3.12/site-packages/airflow/example_dags/tutorial_dag.py
[2025-03-06T00:58:26.602+0000] {processor.py:914} INFO - Processing file /home/ubuntu/redfin_venv/lib/python3.12/site-packages/airflow/example_dags/tutorial_dag.py for tasks to queue
[2025-03-06T00:58:26.604+0000] {logging_mixin.py:190} INFO - [2025-03-06T00:58:26.604+0000] {dagbag.py:588} INFO - Filling up the DagBag from /home/ubuntu/redfin_venv/lib/python3.12/site-packages/airflow/example_dags/tutorial_dag.py
[2025-03-06T00:58:26.613+0000] {processor.py:925} INFO - DAG(s) 'tutorial_dag' retrieved from /home/ubuntu/redfin_venv/lib/python3.12/site-packages/airflow/example_dags/tutorial_dag.py
[2025-03-06T00:58:26.639+0000] {logging_mixin.py:190} INFO - [2025-03-06T00:58:26.639+0000] {dag.py:3239} INFO - Sync 1 DAGs
[2025-03-06T00:58:26.656+0000] {logging_mixin.py:190} INFO - [2025-03-06T00:58:26.656+0000] {dag.py:4180} INFO - Setting next_dagrun for tutorial_dag to None, run_after=None
[2025-03-06T00:58:26.679+0000] {processor.py:208} INFO - Processing /home/ubuntu/redfin_venv/lib/python3.12/site-packages/airflow/example_dags/tutorial_dag.py took 0.084 seconds
[2025-03-06T00:59:23.992+0000] {processor.py:186} INFO - Started process (PID=3983) to work on /home/ubuntu/redfin_venv/lib/python3.12/site-packages/airflow/example_dags/tutorial_dag.py
[2025-03-06T00:59:23.994+0000] {processor.py:914} INFO - Processing file /home/ubuntu/redfin_venv/lib/python3.12/site-packages/airflow/example_dags/tutorial_dag.py for tasks to queue
[2025-03-06T00:59:23.996+0000] {logging_mixin.py:190} INFO - [2025-03-06T00:59:23.996+0000] {dagbag.py:588} INFO - Filling up the DagBag from /home/ubuntu/redfin_venv/lib/python3.12/site-packages/airflow/example_dags/tutorial_dag.py
[2025-03-06T00:59:24.004+0000] {processor.py:925} INFO - DAG(s) 'tutorial_dag' retrieved from /home/ubuntu/redfin_venv/lib/python3.12/site-packages/airflow/example_dags/tutorial_dag.py
[2025-03-06T00:59:24.022+0000] {logging_mixin.py:190} INFO - [2025-03-06T00:59:24.021+0000] {dag.py:3239} INFO - Sync 1 DAGs
[2025-03-06T00:59:24.035+0000] {logging_mixin.py:190} INFO - [2025-03-06T00:59:24.035+0000] {dag.py:4180} INFO - Setting next_dagrun for tutorial_dag to None, run_after=None
[2025-03-06T00:59:24.059+0000] {processor.py:208} INFO - Processing /home/ubuntu/redfin_venv/lib/python3.12/site-packages/airflow/example_dags/tutorial_dag.py took 0.072 seconds
[2025-03-06T01:00:21.535+0000] {processor.py:186} INFO - Started process (PID=4342) to work on /home/ubuntu/redfin_venv/lib/python3.12/site-packages/airflow/example_dags/tutorial_dag.py
[2025-03-06T01:00:21.537+0000] {processor.py:914} INFO - Processing file /home/ubuntu/redfin_venv/lib/python3.12/site-packages/airflow/example_dags/tutorial_dag.py for tasks to queue
[2025-03-06T01:00:21.542+0000] {logging_mixin.py:190} INFO - [2025-03-06T01:00:21.541+0000] {dagbag.py:588} INFO - Filling up the DagBag from /home/ubuntu/redfin_venv/lib/python3.12/site-packages/airflow/example_dags/tutorial_dag.py
[2025-03-06T01:00:21.563+0000] {processor.py:925} INFO - DAG(s) 'tutorial_dag' retrieved from /home/ubuntu/redfin_venv/lib/python3.12/site-packages/airflow/example_dags/tutorial_dag.py
[2025-03-06T01:00:21.611+0000] {logging_mixin.py:190} INFO - [2025-03-06T01:00:21.608+0000] {dag.py:3239} INFO - Sync 1 DAGs
[2025-03-06T01:00:21.653+0000] {logging_mixin.py:190} INFO - [2025-03-06T01:00:21.653+0000] {dag.py:4180} INFO - Setting next_dagrun for tutorial_dag to None, run_after=None
[2025-03-06T01:00:21.702+0000] {processor.py:208} INFO - Processing /home/ubuntu/redfin_venv/lib/python3.12/site-packages/airflow/example_dags/tutorial_dag.py took 0.176 seconds
[2025-03-06T01:01:22.713+0000] {processor.py:186} INFO - Started process (PID=4881) to work on /home/ubuntu/redfin_venv/lib/python3.12/site-packages/airflow/example_dags/tutorial_dag.py
[2025-03-06T01:01:22.715+0000] {processor.py:914} INFO - Processing file /home/ubuntu/redfin_venv/lib/python3.12/site-packages/airflow/example_dags/tutorial_dag.py for tasks to queue
[2025-03-06T01:01:22.719+0000] {logging_mixin.py:190} INFO - [2025-03-06T01:01:22.719+0000] {dagbag.py:588} INFO - Filling up the DagBag from /home/ubuntu/redfin_venv/lib/python3.12/site-packages/airflow/example_dags/tutorial_dag.py
[2025-03-06T01:01:22.730+0000] {processor.py:925} INFO - DAG(s) 'tutorial_dag' retrieved from /home/ubuntu/redfin_venv/lib/python3.12/site-packages/airflow/example_dags/tutorial_dag.py
[2025-03-06T01:01:22.748+0000] {logging_mixin.py:190} INFO - [2025-03-06T01:01:22.748+0000] {dag.py:3239} INFO - Sync 1 DAGs
[2025-03-06T01:01:22.763+0000] {logging_mixin.py:190} INFO - [2025-03-06T01:01:22.763+0000] {dag.py:4180} INFO - Setting next_dagrun for tutorial_dag to None, run_after=None
[2025-03-06T01:01:22.791+0000] {processor.py:208} INFO - Processing /home/ubuntu/redfin_venv/lib/python3.12/site-packages/airflow/example_dags/tutorial_dag.py took 0.084 seconds
[2025-03-06T01:02:23.810+0000] {processor.py:186} INFO - Started process (PID=5183) to work on /home/ubuntu/redfin_venv/lib/python3.12/site-packages/airflow/example_dags/tutorial_dag.py
[2025-03-06T01:02:23.812+0000] {processor.py:914} INFO - Processing file /home/ubuntu/redfin_venv/lib/python3.12/site-packages/airflow/example_dags/tutorial_dag.py for tasks to queue
[2025-03-06T01:02:23.815+0000] {logging_mixin.py:190} INFO - [2025-03-06T01:02:23.814+0000] {dagbag.py:588} INFO - Filling up the DagBag from /home/ubuntu/redfin_venv/lib/python3.12/site-packages/airflow/example_dags/tutorial_dag.py
[2025-03-06T01:02:23.823+0000] {processor.py:925} INFO - DAG(s) 'tutorial_dag' retrieved from /home/ubuntu/redfin_venv/lib/python3.12/site-packages/airflow/example_dags/tutorial_dag.py
[2025-03-06T01:02:23.841+0000] {logging_mixin.py:190} INFO - [2025-03-06T01:02:23.840+0000] {dag.py:3239} INFO - Sync 1 DAGs
[2025-03-06T01:02:23.854+0000] {logging_mixin.py:190} INFO - [2025-03-06T01:02:23.854+0000] {dag.py:4180} INFO - Setting next_dagrun for tutorial_dag to None, run_after=None
[2025-03-06T01:02:23.896+0000] {processor.py:208} INFO - Processing /home/ubuntu/redfin_venv/lib/python3.12/site-packages/airflow/example_dags/tutorial_dag.py took 0.092 seconds
[2025-03-06T01:03:23.719+0000] {processor.py:186} INFO - Started process (PID=5363) to work on /home/ubuntu/redfin_venv/lib/python3.12/site-packages/airflow/example_dags/tutorial_dag.py
[2025-03-06T01:03:23.720+0000] {processor.py:914} INFO - Processing file /home/ubuntu/redfin_venv/lib/python3.12/site-packages/airflow/example_dags/tutorial_dag.py for tasks to queue
[2025-03-06T01:03:23.724+0000] {logging_mixin.py:190} INFO - [2025-03-06T01:03:23.724+0000] {dagbag.py:588} INFO - Filling up the DagBag from /home/ubuntu/redfin_venv/lib/python3.12/site-packages/airflow/example_dags/tutorial_dag.py
[2025-03-06T01:03:23.735+0000] {processor.py:925} INFO - DAG(s) 'tutorial_dag' retrieved from /home/ubuntu/redfin_venv/lib/python3.12/site-packages/airflow/example_dags/tutorial_dag.py
[2025-03-06T01:03:23.760+0000] {logging_mixin.py:190} INFO - [2025-03-06T01:03:23.759+0000] {dag.py:3239} INFO - Sync 1 DAGs
[2025-03-06T01:03:23.797+0000] {logging_mixin.py:190} INFO - [2025-03-06T01:03:23.796+0000] {dag.py:4180} INFO - Setting next_dagrun for tutorial_dag to None, run_after=None
[2025-03-06T01:03:23.832+0000] {processor.py:208} INFO - Processing /home/ubuntu/redfin_venv/lib/python3.12/site-packages/airflow/example_dags/tutorial_dag.py took 0.121 seconds
[2025-03-06T01:04:24.670+0000] {processor.py:186} INFO - Started process (PID=5481) to work on /home/ubuntu/redfin_venv/lib/python3.12/site-packages/airflow/example_dags/tutorial_dag.py
[2025-03-06T01:04:24.672+0000] {processor.py:914} INFO - Processing file /home/ubuntu/redfin_venv/lib/python3.12/site-packages/airflow/example_dags/tutorial_dag.py for tasks to queue
[2025-03-06T01:04:24.675+0000] {logging_mixin.py:190} INFO - [2025-03-06T01:04:24.674+0000] {dagbag.py:588} INFO - Filling up the DagBag from /home/ubuntu/redfin_venv/lib/python3.12/site-packages/airflow/example_dags/tutorial_dag.py
[2025-03-06T01:04:24.697+0000] {processor.py:925} INFO - DAG(s) 'tutorial_dag' retrieved from /home/ubuntu/redfin_venv/lib/python3.12/site-packages/airflow/example_dags/tutorial_dag.py
[2025-03-06T01:04:24.727+0000] {logging_mixin.py:190} INFO - [2025-03-06T01:04:24.727+0000] {dag.py:3239} INFO - Sync 1 DAGs
[2025-03-06T01:04:24.745+0000] {logging_mixin.py:190} INFO - [2025-03-06T01:04:24.745+0000] {dag.py:4180} INFO - Setting next_dagrun for tutorial_dag to None, run_after=None
[2025-03-06T01:04:24.790+0000] {processor.py:208} INFO - Processing /home/ubuntu/redfin_venv/lib/python3.12/site-packages/airflow/example_dags/tutorial_dag.py took 0.131 seconds
[2025-03-06T01:05:29.545+0000] {processor.py:186} INFO - Started process (PID=5605) to work on /home/ubuntu/redfin_venv/lib/python3.12/site-packages/airflow/example_dags/tutorial_dag.py
[2025-03-06T01:05:29.546+0000] {processor.py:914} INFO - Processing file /home/ubuntu/redfin_venv/lib/python3.12/site-packages/airflow/example_dags/tutorial_dag.py for tasks to queue
[2025-03-06T01:05:29.550+0000] {logging_mixin.py:190} INFO - [2025-03-06T01:05:29.549+0000] {dagbag.py:588} INFO - Filling up the DagBag from /home/ubuntu/redfin_venv/lib/python3.12/site-packages/airflow/example_dags/tutorial_dag.py
[2025-03-06T01:05:29.563+0000] {processor.py:925} INFO - DAG(s) 'tutorial_dag' retrieved from /home/ubuntu/redfin_venv/lib/python3.12/site-packages/airflow/example_dags/tutorial_dag.py
[2025-03-06T01:05:29.592+0000] {logging_mixin.py:190} INFO - [2025-03-06T01:05:29.592+0000] {dag.py:3239} INFO - Sync 1 DAGs
[2025-03-06T01:05:29.608+0000] {logging_mixin.py:190} INFO - [2025-03-06T01:05:29.608+0000] {dag.py:4180} INFO - Setting next_dagrun for tutorial_dag to None, run_after=None
[2025-03-06T01:05:29.639+0000] {processor.py:208} INFO - Processing /home/ubuntu/redfin_venv/lib/python3.12/site-packages/airflow/example_dags/tutorial_dag.py took 0.103 seconds
[2025-03-06T01:06:31.841+0000] {processor.py:186} INFO - Started process (PID=5907) to work on /home/ubuntu/redfin_venv/lib/python3.12/site-packages/airflow/example_dags/tutorial_dag.py
[2025-03-06T01:06:31.842+0000] {processor.py:914} INFO - Processing file /home/ubuntu/redfin_venv/lib/python3.12/site-packages/airflow/example_dags/tutorial_dag.py for tasks to queue
[2025-03-06T01:06:31.845+0000] {logging_mixin.py:190} INFO - [2025-03-06T01:06:31.844+0000] {dagbag.py:588} INFO - Filling up the DagBag from /home/ubuntu/redfin_venv/lib/python3.12/site-packages/airflow/example_dags/tutorial_dag.py
[2025-03-06T01:06:31.857+0000] {processor.py:925} INFO - DAG(s) 'tutorial_dag' retrieved from /home/ubuntu/redfin_venv/lib/python3.12/site-packages/airflow/example_dags/tutorial_dag.py
[2025-03-06T01:06:31.879+0000] {logging_mixin.py:190} INFO - [2025-03-06T01:06:31.878+0000] {dag.py:3239} INFO - Sync 1 DAGs
[2025-03-06T01:06:31.892+0000] {logging_mixin.py:190} INFO - [2025-03-06T01:06:31.892+0000] {dag.py:4180} INFO - Setting next_dagrun for tutorial_dag to None, run_after=None
[2025-03-06T01:06:31.917+0000] {processor.py:208} INFO - Processing /home/ubuntu/redfin_venv/lib/python3.12/site-packages/airflow/example_dags/tutorial_dag.py took 0.083 seconds
[2025-03-06T01:07:33.597+0000] {processor.py:186} INFO - Started process (PID=6206) to work on /home/ubuntu/redfin_venv/lib/python3.12/site-packages/airflow/example_dags/tutorial_dag.py
[2025-03-06T01:07:33.599+0000] {processor.py:914} INFO - Processing file /home/ubuntu/redfin_venv/lib/python3.12/site-packages/airflow/example_dags/tutorial_dag.py for tasks to queue
[2025-03-06T01:07:33.603+0000] {logging_mixin.py:190} INFO - [2025-03-06T01:07:33.603+0000] {dagbag.py:588} INFO - Filling up the DagBag from /home/ubuntu/redfin_venv/lib/python3.12/site-packages/airflow/example_dags/tutorial_dag.py
[2025-03-06T01:07:33.616+0000] {processor.py:925} INFO - DAG(s) 'tutorial_dag' retrieved from /home/ubuntu/redfin_venv/lib/python3.12/site-packages/airflow/example_dags/tutorial_dag.py
[2025-03-06T01:07:33.644+0000] {logging_mixin.py:190} INFO - [2025-03-06T01:07:33.644+0000] {dag.py:3239} INFO - Sync 1 DAGs
[2025-03-06T01:07:33.672+0000] {logging_mixin.py:190} INFO - [2025-03-06T01:07:33.672+0000] {dag.py:4180} INFO - Setting next_dagrun for tutorial_dag to None, run_after=None
[2025-03-06T01:07:33.715+0000] {processor.py:208} INFO - Processing /home/ubuntu/redfin_venv/lib/python3.12/site-packages/airflow/example_dags/tutorial_dag.py took 0.128 seconds
[2025-03-06T01:08:33.474+0000] {processor.py:186} INFO - Started process (PID=6504) to work on /home/ubuntu/redfin_venv/lib/python3.12/site-packages/airflow/example_dags/tutorial_dag.py
[2025-03-06T01:08:33.476+0000] {processor.py:914} INFO - Processing file /home/ubuntu/redfin_venv/lib/python3.12/site-packages/airflow/example_dags/tutorial_dag.py for tasks to queue
[2025-03-06T01:08:33.478+0000] {logging_mixin.py:190} INFO - [2025-03-06T01:08:33.478+0000] {dagbag.py:588} INFO - Filling up the DagBag from /home/ubuntu/redfin_venv/lib/python3.12/site-packages/airflow/example_dags/tutorial_dag.py
[2025-03-06T01:08:33.487+0000] {processor.py:925} INFO - DAG(s) 'tutorial_dag' retrieved from /home/ubuntu/redfin_venv/lib/python3.12/site-packages/airflow/example_dags/tutorial_dag.py
[2025-03-06T01:08:33.503+0000] {logging_mixin.py:190} INFO - [2025-03-06T01:08:33.503+0000] {dag.py:3239} INFO - Sync 1 DAGs
[2025-03-06T01:08:33.517+0000] {logging_mixin.py:190} INFO - [2025-03-06T01:08:33.517+0000] {dag.py:4180} INFO - Setting next_dagrun for tutorial_dag to None, run_after=None
[2025-03-06T01:08:33.540+0000] {processor.py:208} INFO - Processing /home/ubuntu/redfin_venv/lib/python3.12/site-packages/airflow/example_dags/tutorial_dag.py took 0.074 seconds
[2025-03-06T01:09:36.723+0000] {processor.py:186} INFO - Started process (PID=6804) to work on /home/ubuntu/redfin_venv/lib/python3.12/site-packages/airflow/example_dags/tutorial_dag.py
[2025-03-06T01:09:36.725+0000] {processor.py:914} INFO - Processing file /home/ubuntu/redfin_venv/lib/python3.12/site-packages/airflow/example_dags/tutorial_dag.py for tasks to queue
[2025-03-06T01:09:36.728+0000] {logging_mixin.py:190} INFO - [2025-03-06T01:09:36.727+0000] {dagbag.py:588} INFO - Filling up the DagBag from /home/ubuntu/redfin_venv/lib/python3.12/site-packages/airflow/example_dags/tutorial_dag.py
[2025-03-06T01:09:36.737+0000] {processor.py:925} INFO - DAG(s) 'tutorial_dag' retrieved from /home/ubuntu/redfin_venv/lib/python3.12/site-packages/airflow/example_dags/tutorial_dag.py
[2025-03-06T01:09:36.755+0000] {logging_mixin.py:190} INFO - [2025-03-06T01:09:36.755+0000] {dag.py:3239} INFO - Sync 1 DAGs
[2025-03-06T01:09:36.769+0000] {logging_mixin.py:190} INFO - [2025-03-06T01:09:36.768+0000] {dag.py:4180} INFO - Setting next_dagrun for tutorial_dag to None, run_after=None
[2025-03-06T01:09:36.803+0000] {processor.py:208} INFO - Processing /home/ubuntu/redfin_venv/lib/python3.12/site-packages/airflow/example_dags/tutorial_dag.py took 0.090 seconds
[2025-03-06T01:10:37.621+0000] {processor.py:186} INFO - Started process (PID=6927) to work on /home/ubuntu/redfin_venv/lib/python3.12/site-packages/airflow/example_dags/tutorial_dag.py
[2025-03-06T01:10:37.623+0000] {processor.py:914} INFO - Processing file /home/ubuntu/redfin_venv/lib/python3.12/site-packages/airflow/example_dags/tutorial_dag.py for tasks to queue
[2025-03-06T01:10:37.626+0000] {logging_mixin.py:190} INFO - [2025-03-06T01:10:37.626+0000] {dagbag.py:588} INFO - Filling up the DagBag from /home/ubuntu/redfin_venv/lib/python3.12/site-packages/airflow/example_dags/tutorial_dag.py
[2025-03-06T01:10:37.635+0000] {processor.py:925} INFO - DAG(s) 'tutorial_dag' retrieved from /home/ubuntu/redfin_venv/lib/python3.12/site-packages/airflow/example_dags/tutorial_dag.py
[2025-03-06T01:10:37.653+0000] {logging_mixin.py:190} INFO - [2025-03-06T01:10:37.652+0000] {dag.py:3239} INFO - Sync 1 DAGs
[2025-03-06T01:10:37.666+0000] {logging_mixin.py:190} INFO - [2025-03-06T01:10:37.665+0000] {dag.py:4180} INFO - Setting next_dagrun for tutorial_dag to None, run_after=None
[2025-03-06T01:10:37.690+0000] {processor.py:208} INFO - Processing /home/ubuntu/redfin_venv/lib/python3.12/site-packages/airflow/example_dags/tutorial_dag.py took 0.075 seconds
[2025-03-06T01:11:39.616+0000] {processor.py:186} INFO - Started process (PID=7046) to work on /home/ubuntu/redfin_venv/lib/python3.12/site-packages/airflow/example_dags/tutorial_dag.py
[2025-03-06T01:11:39.619+0000] {processor.py:914} INFO - Processing file /home/ubuntu/redfin_venv/lib/python3.12/site-packages/airflow/example_dags/tutorial_dag.py for tasks to queue
[2025-03-06T01:11:39.623+0000] {logging_mixin.py:190} INFO - [2025-03-06T01:11:39.622+0000] {dagbag.py:588} INFO - Filling up the DagBag from /home/ubuntu/redfin_venv/lib/python3.12/site-packages/airflow/example_dags/tutorial_dag.py
[2025-03-06T01:11:39.636+0000] {processor.py:925} INFO - DAG(s) 'tutorial_dag' retrieved from /home/ubuntu/redfin_venv/lib/python3.12/site-packages/airflow/example_dags/tutorial_dag.py
[2025-03-06T01:11:39.668+0000] {logging_mixin.py:190} INFO - [2025-03-06T01:11:39.668+0000] {dag.py:3239} INFO - Sync 1 DAGs
[2025-03-06T01:11:39.684+0000] {logging_mixin.py:190} INFO - [2025-03-06T01:11:39.684+0000] {dag.py:4180} INFO - Setting next_dagrun for tutorial_dag to None, run_after=None
[2025-03-06T01:11:39.718+0000] {processor.py:208} INFO - Processing /home/ubuntu/redfin_venv/lib/python3.12/site-packages/airflow/example_dags/tutorial_dag.py took 0.116 seconds
[2025-03-06T01:12:46.412+0000] {processor.py:186} INFO - Started process (PID=7168) to work on /home/ubuntu/redfin_venv/lib/python3.12/site-packages/airflow/example_dags/tutorial_dag.py
[2025-03-06T01:12:46.414+0000] {processor.py:914} INFO - Processing file /home/ubuntu/redfin_venv/lib/python3.12/site-packages/airflow/example_dags/tutorial_dag.py for tasks to queue
[2025-03-06T01:12:46.416+0000] {logging_mixin.py:190} INFO - [2025-03-06T01:12:46.415+0000] {dagbag.py:588} INFO - Filling up the DagBag from /home/ubuntu/redfin_venv/lib/python3.12/site-packages/airflow/example_dags/tutorial_dag.py
[2025-03-06T01:12:46.425+0000] {processor.py:925} INFO - DAG(s) 'tutorial_dag' retrieved from /home/ubuntu/redfin_venv/lib/python3.12/site-packages/airflow/example_dags/tutorial_dag.py
[2025-03-06T01:12:46.441+0000] {logging_mixin.py:190} INFO - [2025-03-06T01:12:46.441+0000] {dag.py:3239} INFO - Sync 1 DAGs
[2025-03-06T01:12:46.454+0000] {logging_mixin.py:190} INFO - [2025-03-06T01:12:46.454+0000] {dag.py:4180} INFO - Setting next_dagrun for tutorial_dag to None, run_after=None
[2025-03-06T01:12:46.478+0000] {processor.py:208} INFO - Processing /home/ubuntu/redfin_venv/lib/python3.12/site-packages/airflow/example_dags/tutorial_dag.py took 0.072 seconds
[2025-03-06T01:13:46.657+0000] {processor.py:186} INFO - Started process (PID=7348) to work on /home/ubuntu/redfin_venv/lib/python3.12/site-packages/airflow/example_dags/tutorial_dag.py
[2025-03-06T01:13:46.659+0000] {processor.py:914} INFO - Processing file /home/ubuntu/redfin_venv/lib/python3.12/site-packages/airflow/example_dags/tutorial_dag.py for tasks to queue
[2025-03-06T01:13:46.661+0000] {logging_mixin.py:190} INFO - [2025-03-06T01:13:46.660+0000] {dagbag.py:588} INFO - Filling up the DagBag from /home/ubuntu/redfin_venv/lib/python3.12/site-packages/airflow/example_dags/tutorial_dag.py
[2025-03-06T01:13:46.671+0000] {processor.py:925} INFO - DAG(s) 'tutorial_dag' retrieved from /home/ubuntu/redfin_venv/lib/python3.12/site-packages/airflow/example_dags/tutorial_dag.py
[2025-03-06T01:13:46.694+0000] {logging_mixin.py:190} INFO - [2025-03-06T01:13:46.694+0000] {dag.py:3239} INFO - Sync 1 DAGs
[2025-03-06T01:13:46.710+0000] {logging_mixin.py:190} INFO - [2025-03-06T01:13:46.710+0000] {dag.py:4180} INFO - Setting next_dagrun for tutorial_dag to None, run_after=None
[2025-03-06T01:13:46.740+0000] {processor.py:208} INFO - Processing /home/ubuntu/redfin_venv/lib/python3.12/site-packages/airflow/example_dags/tutorial_dag.py took 0.089 seconds
[2025-03-06T01:14:47.885+0000] {processor.py:186} INFO - Started process (PID=7467) to work on /home/ubuntu/redfin_venv/lib/python3.12/site-packages/airflow/example_dags/tutorial_dag.py
[2025-03-06T01:14:47.886+0000] {processor.py:914} INFO - Processing file /home/ubuntu/redfin_venv/lib/python3.12/site-packages/airflow/example_dags/tutorial_dag.py for tasks to queue
[2025-03-06T01:14:47.889+0000] {logging_mixin.py:190} INFO - [2025-03-06T01:14:47.888+0000] {dagbag.py:588} INFO - Filling up the DagBag from /home/ubuntu/redfin_venv/lib/python3.12/site-packages/airflow/example_dags/tutorial_dag.py
[2025-03-06T01:14:47.900+0000] {processor.py:925} INFO - DAG(s) 'tutorial_dag' retrieved from /home/ubuntu/redfin_venv/lib/python3.12/site-packages/airflow/example_dags/tutorial_dag.py
[2025-03-06T01:14:47.928+0000] {logging_mixin.py:190} INFO - [2025-03-06T01:14:47.928+0000] {dag.py:3239} INFO - Sync 1 DAGs
[2025-03-06T01:14:47.947+0000] {logging_mixin.py:190} INFO - [2025-03-06T01:14:47.947+0000] {dag.py:4180} INFO - Setting next_dagrun for tutorial_dag to None, run_after=None
[2025-03-06T01:14:47.982+0000] {processor.py:208} INFO - Processing /home/ubuntu/redfin_venv/lib/python3.12/site-packages/airflow/example_dags/tutorial_dag.py took 0.107 seconds
[2025-03-06T01:15:52.192+0000] {processor.py:186} INFO - Started process (PID=7771) to work on /home/ubuntu/redfin_venv/lib/python3.12/site-packages/airflow/example_dags/tutorial_dag.py
[2025-03-06T01:15:52.193+0000] {processor.py:914} INFO - Processing file /home/ubuntu/redfin_venv/lib/python3.12/site-packages/airflow/example_dags/tutorial_dag.py for tasks to queue
[2025-03-06T01:15:52.197+0000] {logging_mixin.py:190} INFO - [2025-03-06T01:15:52.196+0000] {dagbag.py:588} INFO - Filling up the DagBag from /home/ubuntu/redfin_venv/lib/python3.12/site-packages/airflow/example_dags/tutorial_dag.py
[2025-03-06T01:15:52.208+0000] {processor.py:925} INFO - DAG(s) 'tutorial_dag' retrieved from /home/ubuntu/redfin_venv/lib/python3.12/site-packages/airflow/example_dags/tutorial_dag.py
[2025-03-06T01:15:52.233+0000] {logging_mixin.py:190} INFO - [2025-03-06T01:15:52.233+0000] {dag.py:3239} INFO - Sync 1 DAGs
[2025-03-06T01:15:52.252+0000] {logging_mixin.py:190} INFO - [2025-03-06T01:15:52.252+0000] {dag.py:4180} INFO - Setting next_dagrun for tutorial_dag to None, run_after=None
[2025-03-06T01:15:52.278+0000] {processor.py:208} INFO - Processing /home/ubuntu/redfin_venv/lib/python3.12/site-packages/airflow/example_dags/tutorial_dag.py took 0.093 seconds
[2025-03-06T01:16:51.612+0000] {processor.py:186} INFO - Started process (PID=7889) to work on /home/ubuntu/redfin_venv/lib/python3.12/site-packages/airflow/example_dags/tutorial_dag.py
[2025-03-06T01:16:51.613+0000] {processor.py:914} INFO - Processing file /home/ubuntu/redfin_venv/lib/python3.12/site-packages/airflow/example_dags/tutorial_dag.py for tasks to queue
[2025-03-06T01:16:51.615+0000] {logging_mixin.py:190} INFO - [2025-03-06T01:16:51.615+0000] {dagbag.py:588} INFO - Filling up the DagBag from /home/ubuntu/redfin_venv/lib/python3.12/site-packages/airflow/example_dags/tutorial_dag.py
[2025-03-06T01:16:51.624+0000] {processor.py:925} INFO - DAG(s) 'tutorial_dag' retrieved from /home/ubuntu/redfin_venv/lib/python3.12/site-packages/airflow/example_dags/tutorial_dag.py
[2025-03-06T01:16:51.641+0000] {logging_mixin.py:190} INFO - [2025-03-06T01:16:51.640+0000] {dag.py:3239} INFO - Sync 1 DAGs
[2025-03-06T01:16:51.653+0000] {logging_mixin.py:190} INFO - [2025-03-06T01:16:51.653+0000] {dag.py:4180} INFO - Setting next_dagrun for tutorial_dag to None, run_after=None
[2025-03-06T01:16:51.677+0000] {processor.py:208} INFO - Processing /home/ubuntu/redfin_venv/lib/python3.12/site-packages/airflow/example_dags/tutorial_dag.py took 0.071 seconds
[2025-03-06T01:17:52.982+0000] {processor.py:186} INFO - Started process (PID=8232) to work on /home/ubuntu/redfin_venv/lib/python3.12/site-packages/airflow/example_dags/tutorial_dag.py
[2025-03-06T01:17:52.985+0000] {processor.py:914} INFO - Processing file /home/ubuntu/redfin_venv/lib/python3.12/site-packages/airflow/example_dags/tutorial_dag.py for tasks to queue
[2025-03-06T01:17:52.989+0000] {logging_mixin.py:190} INFO - [2025-03-06T01:17:52.987+0000] {dagbag.py:588} INFO - Filling up the DagBag from /home/ubuntu/redfin_venv/lib/python3.12/site-packages/airflow/example_dags/tutorial_dag.py
[2025-03-06T01:17:53.000+0000] {processor.py:925} INFO - DAG(s) 'tutorial_dag' retrieved from /home/ubuntu/redfin_venv/lib/python3.12/site-packages/airflow/example_dags/tutorial_dag.py
[2025-03-06T01:17:53.032+0000] {logging_mixin.py:190} INFO - [2025-03-06T01:17:53.032+0000] {dag.py:3239} INFO - Sync 1 DAGs
[2025-03-06T01:17:53.057+0000] {logging_mixin.py:190} INFO - [2025-03-06T01:17:53.057+0000] {dag.py:4180} INFO - Setting next_dagrun for tutorial_dag to None, run_after=None
[2025-03-06T01:17:53.094+0000] {processor.py:208} INFO - Processing /home/ubuntu/redfin_venv/lib/python3.12/site-packages/airflow/example_dags/tutorial_dag.py took 0.120 seconds
[2025-03-06T01:18:55.190+0000] {processor.py:186} INFO - Started process (PID=8472) to work on /home/ubuntu/redfin_venv/lib/python3.12/site-packages/airflow/example_dags/tutorial_dag.py
[2025-03-06T01:18:55.192+0000] {processor.py:914} INFO - Processing file /home/ubuntu/redfin_venv/lib/python3.12/site-packages/airflow/example_dags/tutorial_dag.py for tasks to queue
[2025-03-06T01:18:55.194+0000] {logging_mixin.py:190} INFO - [2025-03-06T01:18:55.194+0000] {dagbag.py:588} INFO - Filling up the DagBag from /home/ubuntu/redfin_venv/lib/python3.12/site-packages/airflow/example_dags/tutorial_dag.py
[2025-03-06T01:18:55.204+0000] {processor.py:925} INFO - DAG(s) 'tutorial_dag' retrieved from /home/ubuntu/redfin_venv/lib/python3.12/site-packages/airflow/example_dags/tutorial_dag.py
[2025-03-06T01:18:55.222+0000] {logging_mixin.py:190} INFO - [2025-03-06T01:18:55.222+0000] {dag.py:3239} INFO - Sync 1 DAGs
[2025-03-06T01:18:55.237+0000] {logging_mixin.py:190} INFO - [2025-03-06T01:18:55.237+0000] {dag.py:4180} INFO - Setting next_dagrun for tutorial_dag to None, run_after=None
[2025-03-06T01:18:55.266+0000] {processor.py:208} INFO - Processing /home/ubuntu/redfin_venv/lib/python3.12/site-packages/airflow/example_dags/tutorial_dag.py took 0.083 seconds
