[2025-03-06T00:58:25.362+0000] {processor.py:186} INFO - Started process (PID=3440) to work on /home/ubuntu/redfin_venv/lib/python3.12/site-packages/airflow/example_dags/tutorial.py
[2025-03-06T00:58:25.363+0000] {processor.py:914} INFO - Processing file /home/ubuntu/redfin_venv/lib/python3.12/site-packages/airflow/example_dags/tutorial.py for tasks to queue
[2025-03-06T00:58:25.365+0000] {logging_mixin.py:190} INFO - [2025-03-06T00:58:25.365+0000] {dagbag.py:588} INFO - Filling up the DagBag from /home/ubuntu/redfin_venv/lib/python3.12/site-packages/airflow/example_dags/tutorial.py
[2025-03-06T00:58:25.376+0000] {processor.py:925} INFO - DAG(s) 'tutorial' retrieved from /home/ubuntu/redfin_venv/lib/python3.12/site-packages/airflow/example_dags/tutorial.py
[2025-03-06T00:58:25.405+0000] {logging_mixin.py:190} INFO - [2025-03-06T00:58:25.405+0000] {dag.py:3239} INFO - Sync 1 DAGs
[2025-03-06T00:58:25.434+0000] {logging_mixin.py:190} INFO - [2025-03-06T00:58:25.434+0000] {dag.py:4180} INFO - Setting next_dagrun for tutorial to 2025-03-05 00:00:00+00:00, run_after=2025-03-06 00:00:00+00:00
[2025-03-06T00:58:25.461+0000] {processor.py:208} INFO - Processing /home/ubuntu/redfin_venv/lib/python3.12/site-packages/airflow/example_dags/tutorial.py took 0.107 seconds
[2025-03-06T00:59:22.760+0000] {processor.py:186} INFO - Started process (PID=3982) to work on /home/ubuntu/redfin_venv/lib/python3.12/site-packages/airflow/example_dags/tutorial.py
[2025-03-06T00:59:22.768+0000] {processor.py:914} INFO - Processing file /home/ubuntu/redfin_venv/lib/python3.12/site-packages/airflow/example_dags/tutorial.py for tasks to queue
[2025-03-06T00:59:22.771+0000] {logging_mixin.py:190} INFO - [2025-03-06T00:59:22.771+0000] {dagbag.py:588} INFO - Filling up the DagBag from /home/ubuntu/redfin_venv/lib/python3.12/site-packages/airflow/example_dags/tutorial.py
[2025-03-06T00:59:22.780+0000] {processor.py:925} INFO - DAG(s) 'tutorial' retrieved from /home/ubuntu/redfin_venv/lib/python3.12/site-packages/airflow/example_dags/tutorial.py
[2025-03-06T00:59:22.802+0000] {logging_mixin.py:190} INFO - [2025-03-06T00:59:22.801+0000] {dag.py:3239} INFO - Sync 1 DAGs
[2025-03-06T00:59:22.823+0000] {logging_mixin.py:190} INFO - [2025-03-06T00:59:22.823+0000] {dag.py:4180} INFO - Setting next_dagrun for tutorial to 2025-03-05 00:00:00+00:00, run_after=2025-03-06 00:00:00+00:00
[2025-03-06T00:59:22.849+0000] {processor.py:208} INFO - Processing /home/ubuntu/redfin_venv/lib/python3.12/site-packages/airflow/example_dags/tutorial.py took 0.103 seconds
[2025-03-06T01:00:20.262+0000] {processor.py:186} INFO - Started process (PID=4306) to work on /home/ubuntu/redfin_venv/lib/python3.12/site-packages/airflow/example_dags/tutorial.py
[2025-03-06T01:00:20.266+0000] {processor.py:914} INFO - Processing file /home/ubuntu/redfin_venv/lib/python3.12/site-packages/airflow/example_dags/tutorial.py for tasks to queue
[2025-03-06T01:00:20.278+0000] {logging_mixin.py:190} INFO - [2025-03-06T01:00:20.277+0000] {dagbag.py:588} INFO - Filling up the DagBag from /home/ubuntu/redfin_venv/lib/python3.12/site-packages/airflow/example_dags/tutorial.py
[2025-03-06T01:00:20.293+0000] {processor.py:925} INFO - DAG(s) 'tutorial' retrieved from /home/ubuntu/redfin_venv/lib/python3.12/site-packages/airflow/example_dags/tutorial.py
[2025-03-06T01:00:20.323+0000] {logging_mixin.py:190} INFO - [2025-03-06T01:00:20.322+0000] {dag.py:3239} INFO - Sync 1 DAGs
[2025-03-06T01:00:20.362+0000] {logging_mixin.py:190} INFO - [2025-03-06T01:00:20.360+0000] {dag.py:4180} INFO - Setting next_dagrun for tutorial to 2025-03-05 00:00:00+00:00, run_after=2025-03-06 00:00:00+00:00
[2025-03-06T01:00:20.403+0000] {processor.py:208} INFO - Processing /home/ubuntu/redfin_venv/lib/python3.12/site-packages/airflow/example_dags/tutorial.py took 0.165 seconds
[2025-03-06T01:01:21.477+0000] {processor.py:186} INFO - Started process (PID=4880) to work on /home/ubuntu/redfin_venv/lib/python3.12/site-packages/airflow/example_dags/tutorial.py
[2025-03-06T01:01:21.480+0000] {processor.py:914} INFO - Processing file /home/ubuntu/redfin_venv/lib/python3.12/site-packages/airflow/example_dags/tutorial.py for tasks to queue
[2025-03-06T01:01:21.487+0000] {logging_mixin.py:190} INFO - [2025-03-06T01:01:21.487+0000] {dagbag.py:588} INFO - Filling up the DagBag from /home/ubuntu/redfin_venv/lib/python3.12/site-packages/airflow/example_dags/tutorial.py
[2025-03-06T01:01:21.501+0000] {processor.py:925} INFO - DAG(s) 'tutorial' retrieved from /home/ubuntu/redfin_venv/lib/python3.12/site-packages/airflow/example_dags/tutorial.py
[2025-03-06T01:01:21.520+0000] {logging_mixin.py:190} INFO - [2025-03-06T01:01:21.520+0000] {dag.py:3239} INFO - Sync 1 DAGs
[2025-03-06T01:01:21.544+0000] {logging_mixin.py:190} INFO - [2025-03-06T01:01:21.544+0000] {dag.py:4180} INFO - Setting next_dagrun for tutorial to 2025-03-05 00:00:00+00:00, run_after=2025-03-06 00:00:00+00:00
[2025-03-06T01:01:21.570+0000] {processor.py:208} INFO - Processing /home/ubuntu/redfin_venv/lib/python3.12/site-packages/airflow/example_dags/tutorial.py took 0.103 seconds
[2025-03-06T01:02:22.632+0000] {processor.py:186} INFO - Started process (PID=5182) to work on /home/ubuntu/redfin_venv/lib/python3.12/site-packages/airflow/example_dags/tutorial.py
[2025-03-06T01:02:22.634+0000] {processor.py:914} INFO - Processing file /home/ubuntu/redfin_venv/lib/python3.12/site-packages/airflow/example_dags/tutorial.py for tasks to queue
[2025-03-06T01:02:22.637+0000] {logging_mixin.py:190} INFO - [2025-03-06T01:02:22.636+0000] {dagbag.py:588} INFO - Filling up the DagBag from /home/ubuntu/redfin_venv/lib/python3.12/site-packages/airflow/example_dags/tutorial.py
[2025-03-06T01:02:22.648+0000] {processor.py:925} INFO - DAG(s) 'tutorial' retrieved from /home/ubuntu/redfin_venv/lib/python3.12/site-packages/airflow/example_dags/tutorial.py
[2025-03-06T01:02:22.667+0000] {logging_mixin.py:190} INFO - [2025-03-06T01:02:22.667+0000] {dag.py:3239} INFO - Sync 1 DAGs
[2025-03-06T01:02:22.690+0000] {logging_mixin.py:190} INFO - [2025-03-06T01:02:22.690+0000] {dag.py:4180} INFO - Setting next_dagrun for tutorial to 2025-03-05 00:00:00+00:00, run_after=2025-03-06 00:00:00+00:00
[2025-03-06T01:02:22.716+0000] {processor.py:208} INFO - Processing /home/ubuntu/redfin_venv/lib/python3.12/site-packages/airflow/example_dags/tutorial.py took 0.091 seconds
[2025-03-06T01:03:22.556+0000] {processor.py:186} INFO - Started process (PID=5362) to work on /home/ubuntu/redfin_venv/lib/python3.12/site-packages/airflow/example_dags/tutorial.py
[2025-03-06T01:03:22.557+0000] {processor.py:914} INFO - Processing file /home/ubuntu/redfin_venv/lib/python3.12/site-packages/airflow/example_dags/tutorial.py for tasks to queue
[2025-03-06T01:03:22.560+0000] {logging_mixin.py:190} INFO - [2025-03-06T01:03:22.559+0000] {dagbag.py:588} INFO - Filling up the DagBag from /home/ubuntu/redfin_venv/lib/python3.12/site-packages/airflow/example_dags/tutorial.py
[2025-03-06T01:03:22.571+0000] {processor.py:925} INFO - DAG(s) 'tutorial' retrieved from /home/ubuntu/redfin_venv/lib/python3.12/site-packages/airflow/example_dags/tutorial.py
[2025-03-06T01:03:22.589+0000] {logging_mixin.py:190} INFO - [2025-03-06T01:03:22.589+0000] {dag.py:3239} INFO - Sync 1 DAGs
[2025-03-06T01:03:22.612+0000] {logging_mixin.py:190} INFO - [2025-03-06T01:03:22.612+0000] {dag.py:4180} INFO - Setting next_dagrun for tutorial to 2025-03-05 00:00:00+00:00, run_after=2025-03-06 00:00:00+00:00
[2025-03-06T01:03:22.642+0000] {processor.py:208} INFO - Processing /home/ubuntu/redfin_venv/lib/python3.12/site-packages/airflow/example_dags/tutorial.py took 0.094 seconds
[2025-03-06T01:04:23.412+0000] {processor.py:186} INFO - Started process (PID=5480) to work on /home/ubuntu/redfin_venv/lib/python3.12/site-packages/airflow/example_dags/tutorial.py
[2025-03-06T01:04:23.414+0000] {processor.py:914} INFO - Processing file /home/ubuntu/redfin_venv/lib/python3.12/site-packages/airflow/example_dags/tutorial.py for tasks to queue
[2025-03-06T01:04:23.416+0000] {logging_mixin.py:190} INFO - [2025-03-06T01:04:23.416+0000] {dagbag.py:588} INFO - Filling up the DagBag from /home/ubuntu/redfin_venv/lib/python3.12/site-packages/airflow/example_dags/tutorial.py
[2025-03-06T01:04:23.431+0000] {processor.py:925} INFO - DAG(s) 'tutorial' retrieved from /home/ubuntu/redfin_venv/lib/python3.12/site-packages/airflow/example_dags/tutorial.py
[2025-03-06T01:04:23.459+0000] {logging_mixin.py:190} INFO - [2025-03-06T01:04:23.458+0000] {dag.py:3239} INFO - Sync 1 DAGs
[2025-03-06T01:04:23.488+0000] {logging_mixin.py:190} INFO - [2025-03-06T01:04:23.487+0000] {dag.py:4180} INFO - Setting next_dagrun for tutorial to 2025-03-05 00:00:00+00:00, run_after=2025-03-06 00:00:00+00:00
[2025-03-06T01:04:23.519+0000] {processor.py:208} INFO - Processing /home/ubuntu/redfin_venv/lib/python3.12/site-packages/airflow/example_dags/tutorial.py took 0.117 seconds
[2025-03-06T01:05:29.189+0000] {processor.py:186} INFO - Started process (PID=5604) to work on /home/ubuntu/redfin_venv/lib/python3.12/site-packages/airflow/example_dags/tutorial.py
[2025-03-06T01:05:29.191+0000] {processor.py:914} INFO - Processing file /home/ubuntu/redfin_venv/lib/python3.12/site-packages/airflow/example_dags/tutorial.py for tasks to queue
[2025-03-06T01:05:29.194+0000] {logging_mixin.py:190} INFO - [2025-03-06T01:05:29.194+0000] {dagbag.py:588} INFO - Filling up the DagBag from /home/ubuntu/redfin_venv/lib/python3.12/site-packages/airflow/example_dags/tutorial.py
[2025-03-06T01:05:29.208+0000] {processor.py:925} INFO - DAG(s) 'tutorial' retrieved from /home/ubuntu/redfin_venv/lib/python3.12/site-packages/airflow/example_dags/tutorial.py
[2025-03-06T01:05:29.231+0000] {logging_mixin.py:190} INFO - [2025-03-06T01:05:29.231+0000] {dag.py:3239} INFO - Sync 1 DAGs
[2025-03-06T01:05:29.258+0000] {logging_mixin.py:190} INFO - [2025-03-06T01:05:29.258+0000] {dag.py:4180} INFO - Setting next_dagrun for tutorial to 2025-03-05 00:00:00+00:00, run_after=2025-03-06 00:00:00+00:00
[2025-03-06T01:05:29.287+0000] {processor.py:208} INFO - Processing /home/ubuntu/redfin_venv/lib/python3.12/site-packages/airflow/example_dags/tutorial.py took 0.107 seconds
[2025-03-06T01:06:30.700+0000] {processor.py:186} INFO - Started process (PID=5906) to work on /home/ubuntu/redfin_venv/lib/python3.12/site-packages/airflow/example_dags/tutorial.py
[2025-03-06T01:06:30.702+0000] {processor.py:914} INFO - Processing file /home/ubuntu/redfin_venv/lib/python3.12/site-packages/airflow/example_dags/tutorial.py for tasks to queue
[2025-03-06T01:06:30.705+0000] {logging_mixin.py:190} INFO - [2025-03-06T01:06:30.704+0000] {dagbag.py:588} INFO - Filling up the DagBag from /home/ubuntu/redfin_venv/lib/python3.12/site-packages/airflow/example_dags/tutorial.py
[2025-03-06T01:06:30.715+0000] {processor.py:925} INFO - DAG(s) 'tutorial' retrieved from /home/ubuntu/redfin_venv/lib/python3.12/site-packages/airflow/example_dags/tutorial.py
[2025-03-06T01:06:30.733+0000] {logging_mixin.py:190} INFO - [2025-03-06T01:06:30.733+0000] {dag.py:3239} INFO - Sync 1 DAGs
[2025-03-06T01:06:30.756+0000] {logging_mixin.py:190} INFO - [2025-03-06T01:06:30.756+0000] {dag.py:4180} INFO - Setting next_dagrun for tutorial to 2025-03-05 00:00:00+00:00, run_after=2025-03-06 00:00:00+00:00
[2025-03-06T01:06:30.781+0000] {processor.py:208} INFO - Processing /home/ubuntu/redfin_venv/lib/python3.12/site-packages/airflow/example_dags/tutorial.py took 0.088 seconds
[2025-03-06T01:07:32.324+0000] {processor.py:186} INFO - Started process (PID=6205) to work on /home/ubuntu/redfin_venv/lib/python3.12/site-packages/airflow/example_dags/tutorial.py
[2025-03-06T01:07:32.327+0000] {processor.py:914} INFO - Processing file /home/ubuntu/redfin_venv/lib/python3.12/site-packages/airflow/example_dags/tutorial.py for tasks to queue
[2025-03-06T01:07:32.335+0000] {logging_mixin.py:190} INFO - [2025-03-06T01:07:32.334+0000] {dagbag.py:588} INFO - Filling up the DagBag from /home/ubuntu/redfin_venv/lib/python3.12/site-packages/airflow/example_dags/tutorial.py
[2025-03-06T01:07:32.364+0000] {processor.py:925} INFO - DAG(s) 'tutorial' retrieved from /home/ubuntu/redfin_venv/lib/python3.12/site-packages/airflow/example_dags/tutorial.py
[2025-03-06T01:07:32.419+0000] {logging_mixin.py:190} INFO - [2025-03-06T01:07:32.419+0000] {dag.py:3239} INFO - Sync 1 DAGs
[2025-03-06T01:07:32.467+0000] {logging_mixin.py:190} INFO - [2025-03-06T01:07:32.467+0000] {dag.py:4180} INFO - Setting next_dagrun for tutorial to 2025-03-05 00:00:00+00:00, run_after=2025-03-06 00:00:00+00:00
[2025-03-06T01:07:32.506+0000] {processor.py:208} INFO - Processing /home/ubuntu/redfin_venv/lib/python3.12/site-packages/airflow/example_dags/tutorial.py took 0.191 seconds
[2025-03-06T01:08:32.201+0000] {processor.py:186} INFO - Started process (PID=6503) to work on /home/ubuntu/redfin_venv/lib/python3.12/site-packages/airflow/example_dags/tutorial.py
[2025-03-06T01:08:32.203+0000] {processor.py:914} INFO - Processing file /home/ubuntu/redfin_venv/lib/python3.12/site-packages/airflow/example_dags/tutorial.py for tasks to queue
[2025-03-06T01:08:32.207+0000] {logging_mixin.py:190} INFO - [2025-03-06T01:08:32.207+0000] {dagbag.py:588} INFO - Filling up the DagBag from /home/ubuntu/redfin_venv/lib/python3.12/site-packages/airflow/example_dags/tutorial.py
[2025-03-06T01:08:32.222+0000] {processor.py:925} INFO - DAG(s) 'tutorial' retrieved from /home/ubuntu/redfin_venv/lib/python3.12/site-packages/airflow/example_dags/tutorial.py
[2025-03-06T01:08:32.258+0000] {logging_mixin.py:190} INFO - [2025-03-06T01:08:32.258+0000] {dag.py:3239} INFO - Sync 1 DAGs
[2025-03-06T01:08:32.282+0000] {logging_mixin.py:190} INFO - [2025-03-06T01:08:32.282+0000] {dag.py:4180} INFO - Setting next_dagrun for tutorial to 2025-03-05 00:00:00+00:00, run_after=2025-03-06 00:00:00+00:00
[2025-03-06T01:08:32.310+0000] {processor.py:208} INFO - Processing /home/ubuntu/redfin_venv/lib/python3.12/site-packages/airflow/example_dags/tutorial.py took 0.120 seconds
[2025-03-06T01:09:35.736+0000] {processor.py:186} INFO - Started process (PID=6803) to work on /home/ubuntu/redfin_venv/lib/python3.12/site-packages/airflow/example_dags/tutorial.py
[2025-03-06T01:09:35.738+0000] {processor.py:914} INFO - Processing file /home/ubuntu/redfin_venv/lib/python3.12/site-packages/airflow/example_dags/tutorial.py for tasks to queue
[2025-03-06T01:09:35.741+0000] {logging_mixin.py:190} INFO - [2025-03-06T01:09:35.741+0000] {dagbag.py:588} INFO - Filling up the DagBag from /home/ubuntu/redfin_venv/lib/python3.12/site-packages/airflow/example_dags/tutorial.py
[2025-03-06T01:09:35.752+0000] {processor.py:925} INFO - DAG(s) 'tutorial' retrieved from /home/ubuntu/redfin_venv/lib/python3.12/site-packages/airflow/example_dags/tutorial.py
[2025-03-06T01:09:35.772+0000] {logging_mixin.py:190} INFO - [2025-03-06T01:09:35.771+0000] {dag.py:3239} INFO - Sync 1 DAGs
[2025-03-06T01:09:35.796+0000] {logging_mixin.py:190} INFO - [2025-03-06T01:09:35.795+0000] {dag.py:4180} INFO - Setting next_dagrun for tutorial to 2025-03-05 00:00:00+00:00, run_after=2025-03-06 00:00:00+00:00
[2025-03-06T01:09:35.823+0000] {processor.py:208} INFO - Processing /home/ubuntu/redfin_venv/lib/python3.12/site-packages/airflow/example_dags/tutorial.py took 0.094 seconds
[2025-03-06T01:10:37.174+0000] {processor.py:186} INFO - Started process (PID=6926) to work on /home/ubuntu/redfin_venv/lib/python3.12/site-packages/airflow/example_dags/tutorial.py
[2025-03-06T01:10:37.175+0000] {processor.py:914} INFO - Processing file /home/ubuntu/redfin_venv/lib/python3.12/site-packages/airflow/example_dags/tutorial.py for tasks to queue
[2025-03-06T01:10:37.178+0000] {logging_mixin.py:190} INFO - [2025-03-06T01:10:37.177+0000] {dagbag.py:588} INFO - Filling up the DagBag from /home/ubuntu/redfin_venv/lib/python3.12/site-packages/airflow/example_dags/tutorial.py
[2025-03-06T01:10:37.190+0000] {processor.py:925} INFO - DAG(s) 'tutorial' retrieved from /home/ubuntu/redfin_venv/lib/python3.12/site-packages/airflow/example_dags/tutorial.py
[2025-03-06T01:10:37.233+0000] {logging_mixin.py:190} INFO - [2025-03-06T01:10:37.233+0000] {dag.py:3239} INFO - Sync 1 DAGs
[2025-03-06T01:10:37.257+0000] {logging_mixin.py:190} INFO - [2025-03-06T01:10:37.257+0000] {dag.py:4180} INFO - Setting next_dagrun for tutorial to 2025-03-05 00:00:00+00:00, run_after=2025-03-06 00:00:00+00:00
[2025-03-06T01:10:37.284+0000] {processor.py:208} INFO - Processing /home/ubuntu/redfin_venv/lib/python3.12/site-packages/airflow/example_dags/tutorial.py took 0.117 seconds
[2025-03-06T01:11:38.362+0000] {processor.py:186} INFO - Started process (PID=7045) to work on /home/ubuntu/redfin_venv/lib/python3.12/site-packages/airflow/example_dags/tutorial.py
[2025-03-06T01:11:38.366+0000] {processor.py:914} INFO - Processing file /home/ubuntu/redfin_venv/lib/python3.12/site-packages/airflow/example_dags/tutorial.py for tasks to queue
[2025-03-06T01:11:38.372+0000] {logging_mixin.py:190} INFO - [2025-03-06T01:11:38.371+0000] {dagbag.py:588} INFO - Filling up the DagBag from /home/ubuntu/redfin_venv/lib/python3.12/site-packages/airflow/example_dags/tutorial.py
[2025-03-06T01:11:38.395+0000] {processor.py:925} INFO - DAG(s) 'tutorial' retrieved from /home/ubuntu/redfin_venv/lib/python3.12/site-packages/airflow/example_dags/tutorial.py
[2025-03-06T01:11:38.424+0000] {logging_mixin.py:190} INFO - [2025-03-06T01:11:38.424+0000] {dag.py:3239} INFO - Sync 1 DAGs
[2025-03-06T01:11:38.461+0000] {logging_mixin.py:190} INFO - [2025-03-06T01:11:38.461+0000] {dag.py:4180} INFO - Setting next_dagrun for tutorial to 2025-03-05 00:00:00+00:00, run_after=2025-03-06 00:00:00+00:00
[2025-03-06T01:11:38.508+0000] {processor.py:208} INFO - Processing /home/ubuntu/redfin_venv/lib/python3.12/site-packages/airflow/example_dags/tutorial.py took 0.158 seconds
[2025-03-06T01:12:45.177+0000] {processor.py:186} INFO - Started process (PID=7167) to work on /home/ubuntu/redfin_venv/lib/python3.12/site-packages/airflow/example_dags/tutorial.py
[2025-03-06T01:12:45.178+0000] {processor.py:914} INFO - Processing file /home/ubuntu/redfin_venv/lib/python3.12/site-packages/airflow/example_dags/tutorial.py for tasks to queue
[2025-03-06T01:12:45.181+0000] {logging_mixin.py:190} INFO - [2025-03-06T01:12:45.180+0000] {dagbag.py:588} INFO - Filling up the DagBag from /home/ubuntu/redfin_venv/lib/python3.12/site-packages/airflow/example_dags/tutorial.py
[2025-03-06T01:12:45.195+0000] {processor.py:925} INFO - DAG(s) 'tutorial' retrieved from /home/ubuntu/redfin_venv/lib/python3.12/site-packages/airflow/example_dags/tutorial.py
[2025-03-06T01:12:45.218+0000] {logging_mixin.py:190} INFO - [2025-03-06T01:12:45.218+0000] {dag.py:3239} INFO - Sync 1 DAGs
[2025-03-06T01:12:45.262+0000] {logging_mixin.py:190} INFO - [2025-03-06T01:12:45.262+0000] {dag.py:4180} INFO - Setting next_dagrun for tutorial to 2025-03-05 00:00:00+00:00, run_after=2025-03-06 00:00:00+00:00
[2025-03-06T01:12:45.285+0000] {processor.py:208} INFO - Processing /home/ubuntu/redfin_venv/lib/python3.12/site-packages/airflow/example_dags/tutorial.py took 0.118 seconds
[2025-03-06T01:13:45.420+0000] {processor.py:186} INFO - Started process (PID=7347) to work on /home/ubuntu/redfin_venv/lib/python3.12/site-packages/airflow/example_dags/tutorial.py
[2025-03-06T01:13:45.425+0000] {processor.py:914} INFO - Processing file /home/ubuntu/redfin_venv/lib/python3.12/site-packages/airflow/example_dags/tutorial.py for tasks to queue
[2025-03-06T01:13:45.431+0000] {logging_mixin.py:190} INFO - [2025-03-06T01:13:45.430+0000] {dagbag.py:588} INFO - Filling up the DagBag from /home/ubuntu/redfin_venv/lib/python3.12/site-packages/airflow/example_dags/tutorial.py
[2025-03-06T01:13:45.455+0000] {processor.py:925} INFO - DAG(s) 'tutorial' retrieved from /home/ubuntu/redfin_venv/lib/python3.12/site-packages/airflow/example_dags/tutorial.py
[2025-03-06T01:13:45.483+0000] {logging_mixin.py:190} INFO - [2025-03-06T01:13:45.482+0000] {dag.py:3239} INFO - Sync 1 DAGs
[2025-03-06T01:13:45.522+0000] {logging_mixin.py:190} INFO - [2025-03-06T01:13:45.521+0000] {dag.py:4180} INFO - Setting next_dagrun for tutorial to 2025-03-05 00:00:00+00:00, run_after=2025-03-06 00:00:00+00:00
[2025-03-06T01:13:45.577+0000] {processor.py:208} INFO - Processing /home/ubuntu/redfin_venv/lib/python3.12/site-packages/airflow/example_dags/tutorial.py took 0.178 seconds
[2025-03-06T01:14:46.857+0000] {processor.py:186} INFO - Started process (PID=7466) to work on /home/ubuntu/redfin_venv/lib/python3.12/site-packages/airflow/example_dags/tutorial.py
[2025-03-06T01:14:46.863+0000] {processor.py:914} INFO - Processing file /home/ubuntu/redfin_venv/lib/python3.12/site-packages/airflow/example_dags/tutorial.py for tasks to queue
[2025-03-06T01:14:46.865+0000] {logging_mixin.py:190} INFO - [2025-03-06T01:14:46.865+0000] {dagbag.py:588} INFO - Filling up the DagBag from /home/ubuntu/redfin_venv/lib/python3.12/site-packages/airflow/example_dags/tutorial.py
[2025-03-06T01:14:46.891+0000] {processor.py:925} INFO - DAG(s) 'tutorial' retrieved from /home/ubuntu/redfin_venv/lib/python3.12/site-packages/airflow/example_dags/tutorial.py
[2025-03-06T01:14:46.946+0000] {logging_mixin.py:190} INFO - [2025-03-06T01:14:46.945+0000] {dag.py:3239} INFO - Sync 1 DAGs
[2025-03-06T01:14:46.969+0000] {logging_mixin.py:190} INFO - [2025-03-06T01:14:46.969+0000] {dag.py:4180} INFO - Setting next_dagrun for tutorial to 2025-03-05 00:00:00+00:00, run_after=2025-03-06 00:00:00+00:00
[2025-03-06T01:14:46.995+0000] {processor.py:208} INFO - Processing /home/ubuntu/redfin_venv/lib/python3.12/site-packages/airflow/example_dags/tutorial.py took 0.167 seconds
[2025-03-06T01:15:50.946+0000] {processor.py:186} INFO - Started process (PID=7770) to work on /home/ubuntu/redfin_venv/lib/python3.12/site-packages/airflow/example_dags/tutorial.py
[2025-03-06T01:15:50.948+0000] {processor.py:914} INFO - Processing file /home/ubuntu/redfin_venv/lib/python3.12/site-packages/airflow/example_dags/tutorial.py for tasks to queue
[2025-03-06T01:15:50.951+0000] {logging_mixin.py:190} INFO - [2025-03-06T01:15:50.951+0000] {dagbag.py:588} INFO - Filling up the DagBag from /home/ubuntu/redfin_venv/lib/python3.12/site-packages/airflow/example_dags/tutorial.py
[2025-03-06T01:15:50.967+0000] {processor.py:925} INFO - DAG(s) 'tutorial' retrieved from /home/ubuntu/redfin_venv/lib/python3.12/site-packages/airflow/example_dags/tutorial.py
[2025-03-06T01:15:50.988+0000] {logging_mixin.py:190} INFO - [2025-03-06T01:15:50.988+0000] {dag.py:3239} INFO - Sync 1 DAGs
[2025-03-06T01:15:51.016+0000] {logging_mixin.py:190} INFO - [2025-03-06T01:15:51.016+0000] {dag.py:4180} INFO - Setting next_dagrun for tutorial to 2025-03-05 00:00:00+00:00, run_after=2025-03-06 00:00:00+00:00
[2025-03-06T01:15:51.047+0000] {processor.py:208} INFO - Processing /home/ubuntu/redfin_venv/lib/python3.12/site-packages/airflow/example_dags/tutorial.py took 0.116 seconds
[2025-03-06T01:16:50.470+0000] {processor.py:186} INFO - Started process (PID=7888) to work on /home/ubuntu/redfin_venv/lib/python3.12/site-packages/airflow/example_dags/tutorial.py
[2025-03-06T01:16:50.472+0000] {processor.py:914} INFO - Processing file /home/ubuntu/redfin_venv/lib/python3.12/site-packages/airflow/example_dags/tutorial.py for tasks to queue
[2025-03-06T01:16:50.474+0000] {logging_mixin.py:190} INFO - [2025-03-06T01:16:50.474+0000] {dagbag.py:588} INFO - Filling up the DagBag from /home/ubuntu/redfin_venv/lib/python3.12/site-packages/airflow/example_dags/tutorial.py
[2025-03-06T01:16:50.484+0000] {processor.py:925} INFO - DAG(s) 'tutorial' retrieved from /home/ubuntu/redfin_venv/lib/python3.12/site-packages/airflow/example_dags/tutorial.py
[2025-03-06T01:16:50.501+0000] {logging_mixin.py:190} INFO - [2025-03-06T01:16:50.501+0000] {dag.py:3239} INFO - Sync 1 DAGs
[2025-03-06T01:16:50.522+0000] {logging_mixin.py:190} INFO - [2025-03-06T01:16:50.522+0000] {dag.py:4180} INFO - Setting next_dagrun for tutorial to 2025-03-05 00:00:00+00:00, run_after=2025-03-06 00:00:00+00:00
[2025-03-06T01:16:50.549+0000] {processor.py:208} INFO - Processing /home/ubuntu/redfin_venv/lib/python3.12/site-packages/airflow/example_dags/tutorial.py took 0.084 seconds
[2025-03-06T01:17:51.838+0000] {processor.py:186} INFO - Started process (PID=8231) to work on /home/ubuntu/redfin_venv/lib/python3.12/site-packages/airflow/example_dags/tutorial.py
[2025-03-06T01:17:51.839+0000] {processor.py:914} INFO - Processing file /home/ubuntu/redfin_venv/lib/python3.12/site-packages/airflow/example_dags/tutorial.py for tasks to queue
[2025-03-06T01:17:51.841+0000] {logging_mixin.py:190} INFO - [2025-03-06T01:17:51.841+0000] {dagbag.py:588} INFO - Filling up the DagBag from /home/ubuntu/redfin_venv/lib/python3.12/site-packages/airflow/example_dags/tutorial.py
[2025-03-06T01:17:51.852+0000] {processor.py:925} INFO - DAG(s) 'tutorial' retrieved from /home/ubuntu/redfin_venv/lib/python3.12/site-packages/airflow/example_dags/tutorial.py
[2025-03-06T01:17:51.870+0000] {logging_mixin.py:190} INFO - [2025-03-06T01:17:51.870+0000] {dag.py:3239} INFO - Sync 1 DAGs
[2025-03-06T01:17:51.892+0000] {logging_mixin.py:190} INFO - [2025-03-06T01:17:51.892+0000] {dag.py:4180} INFO - Setting next_dagrun for tutorial to 2025-03-05 00:00:00+00:00, run_after=2025-03-06 00:00:00+00:00
[2025-03-06T01:17:51.919+0000] {processor.py:208} INFO - Processing /home/ubuntu/redfin_venv/lib/python3.12/site-packages/airflow/example_dags/tutorial.py took 0.087 seconds
[2025-03-06T01:18:54.043+0000] {processor.py:186} INFO - Started process (PID=8471) to work on /home/ubuntu/redfin_venv/lib/python3.12/site-packages/airflow/example_dags/tutorial.py
[2025-03-06T01:18:54.045+0000] {processor.py:914} INFO - Processing file /home/ubuntu/redfin_venv/lib/python3.12/site-packages/airflow/example_dags/tutorial.py for tasks to queue
[2025-03-06T01:18:54.047+0000] {logging_mixin.py:190} INFO - [2025-03-06T01:18:54.047+0000] {dagbag.py:588} INFO - Filling up the DagBag from /home/ubuntu/redfin_venv/lib/python3.12/site-packages/airflow/example_dags/tutorial.py
[2025-03-06T01:18:54.058+0000] {processor.py:925} INFO - DAG(s) 'tutorial' retrieved from /home/ubuntu/redfin_venv/lib/python3.12/site-packages/airflow/example_dags/tutorial.py
[2025-03-06T01:18:54.076+0000] {logging_mixin.py:190} INFO - [2025-03-06T01:18:54.076+0000] {dag.py:3239} INFO - Sync 1 DAGs
[2025-03-06T01:18:54.102+0000] {logging_mixin.py:190} INFO - [2025-03-06T01:18:54.101+0000] {dag.py:4180} INFO - Setting next_dagrun for tutorial to 2025-03-05 00:00:00+00:00, run_after=2025-03-06 00:00:00+00:00
[2025-03-06T01:18:54.130+0000] {processor.py:208} INFO - Processing /home/ubuntu/redfin_venv/lib/python3.12/site-packages/airflow/example_dags/tutorial.py took 0.093 seconds
