[2025-03-06T00:58:22.500+0000] {processor.py:186} INFO - Started process (PID=3437) to work on /home/ubuntu/redfin_venv/lib/python3.12/site-packages/airflow/example_dags/tutorial_objectstorage.py
[2025-03-06T00:58:22.501+0000] {processor.py:914} INFO - Processing file /home/ubuntu/redfin_venv/lib/python3.12/site-packages/airflow/example_dags/tutorial_objectstorage.py for tasks to queue
[2025-03-06T00:58:22.504+0000] {logging_mixin.py:190} INFO - [2025-03-06T00:58:22.503+0000] {dagbag.py:588} INFO - Filling up the DagBag from /home/ubuntu/redfin_venv/lib/python3.12/site-packages/airflow/example_dags/tutorial_objectstorage.py
[2025-03-06T00:58:22.516+0000] {processor.py:925} INFO - DAG(s) 'tutorial_objectstorage' retrieved from /home/ubuntu/redfin_venv/lib/python3.12/site-packages/airflow/example_dags/tutorial_objectstorage.py
[2025-03-06T00:58:22.539+0000] {logging_mixin.py:190} INFO - [2025-03-06T00:58:22.539+0000] {dag.py:3239} INFO - Sync 1 DAGs
[2025-03-06T00:58:22.554+0000] {logging_mixin.py:190} INFO - [2025-03-06T00:58:22.554+0000] {dag.py:4180} INFO - Setting next_dagrun for tutorial_objectstorage to None, run_after=None
[2025-03-06T00:58:22.577+0000] {processor.py:208} INFO - Processing /home/ubuntu/redfin_venv/lib/python3.12/site-packages/airflow/example_dags/tutorial_objectstorage.py took 0.082 seconds
[2025-03-06T00:59:19.921+0000] {processor.py:186} INFO - Started process (PID=3979) to work on /home/ubuntu/redfin_venv/lib/python3.12/site-packages/airflow/example_dags/tutorial_objectstorage.py
[2025-03-06T00:59:19.922+0000] {processor.py:914} INFO - Processing file /home/ubuntu/redfin_venv/lib/python3.12/site-packages/airflow/example_dags/tutorial_objectstorage.py for tasks to queue
[2025-03-06T00:59:19.925+0000] {logging_mixin.py:190} INFO - [2025-03-06T00:59:19.924+0000] {dagbag.py:588} INFO - Filling up the DagBag from /home/ubuntu/redfin_venv/lib/python3.12/site-packages/airflow/example_dags/tutorial_objectstorage.py
[2025-03-06T00:59:19.936+0000] {processor.py:925} INFO - DAG(s) 'tutorial_objectstorage' retrieved from /home/ubuntu/redfin_venv/lib/python3.12/site-packages/airflow/example_dags/tutorial_objectstorage.py
[2025-03-06T00:59:19.954+0000] {logging_mixin.py:190} INFO - [2025-03-06T00:59:19.954+0000] {dag.py:3239} INFO - Sync 1 DAGs
[2025-03-06T00:59:19.968+0000] {logging_mixin.py:190} INFO - [2025-03-06T00:59:19.968+0000] {dag.py:4180} INFO - Setting next_dagrun for tutorial_objectstorage to None, run_after=None
[2025-03-06T00:59:19.994+0000] {processor.py:208} INFO - Processing /home/ubuntu/redfin_venv/lib/python3.12/site-packages/airflow/example_dags/tutorial_objectstorage.py took 0.079 seconds
[2025-03-06T01:00:17.211+0000] {processor.py:186} INFO - Started process (PID=4278) to work on /home/ubuntu/redfin_venv/lib/python3.12/site-packages/airflow/example_dags/tutorial_objectstorage.py
[2025-03-06T01:00:17.214+0000] {processor.py:914} INFO - Processing file /home/ubuntu/redfin_venv/lib/python3.12/site-packages/airflow/example_dags/tutorial_objectstorage.py for tasks to queue
[2025-03-06T01:00:17.216+0000] {logging_mixin.py:190} INFO - [2025-03-06T01:00:17.216+0000] {dagbag.py:588} INFO - Filling up the DagBag from /home/ubuntu/redfin_venv/lib/python3.12/site-packages/airflow/example_dags/tutorial_objectstorage.py
[2025-03-06T01:00:17.232+0000] {processor.py:925} INFO - DAG(s) 'tutorial_objectstorage' retrieved from /home/ubuntu/redfin_venv/lib/python3.12/site-packages/airflow/example_dags/tutorial_objectstorage.py
[2025-03-06T01:00:17.254+0000] {logging_mixin.py:190} INFO - [2025-03-06T01:00:17.254+0000] {dag.py:3239} INFO - Sync 1 DAGs
[2025-03-06T01:00:17.272+0000] {logging_mixin.py:190} INFO - [2025-03-06T01:00:17.272+0000] {dag.py:4180} INFO - Setting next_dagrun for tutorial_objectstorage to None, run_after=None
[2025-03-06T01:00:17.307+0000] {processor.py:208} INFO - Processing /home/ubuntu/redfin_venv/lib/python3.12/site-packages/airflow/example_dags/tutorial_objectstorage.py took 0.106 seconds
[2025-03-06T01:01:18.469+0000] {processor.py:186} INFO - Started process (PID=4877) to work on /home/ubuntu/redfin_venv/lib/python3.12/site-packages/airflow/example_dags/tutorial_objectstorage.py
[2025-03-06T01:01:18.471+0000] {processor.py:914} INFO - Processing file /home/ubuntu/redfin_venv/lib/python3.12/site-packages/airflow/example_dags/tutorial_objectstorage.py for tasks to queue
[2025-03-06T01:01:18.475+0000] {logging_mixin.py:190} INFO - [2025-03-06T01:01:18.475+0000] {dagbag.py:588} INFO - Filling up the DagBag from /home/ubuntu/redfin_venv/lib/python3.12/site-packages/airflow/example_dags/tutorial_objectstorage.py
[2025-03-06T01:01:18.497+0000] {processor.py:925} INFO - DAG(s) 'tutorial_objectstorage' retrieved from /home/ubuntu/redfin_venv/lib/python3.12/site-packages/airflow/example_dags/tutorial_objectstorage.py
[2025-03-06T01:01:18.522+0000] {logging_mixin.py:190} INFO - [2025-03-06T01:01:18.522+0000] {dag.py:3239} INFO - Sync 1 DAGs
[2025-03-06T01:01:18.536+0000] {logging_mixin.py:190} INFO - [2025-03-06T01:01:18.536+0000] {dag.py:4180} INFO - Setting next_dagrun for tutorial_objectstorage to None, run_after=None
[2025-03-06T01:01:18.560+0000] {processor.py:208} INFO - Processing /home/ubuntu/redfin_venv/lib/python3.12/site-packages/airflow/example_dags/tutorial_objectstorage.py took 0.102 seconds
[2025-03-06T01:02:19.781+0000] {processor.py:186} INFO - Started process (PID=5179) to work on /home/ubuntu/redfin_venv/lib/python3.12/site-packages/airflow/example_dags/tutorial_objectstorage.py
[2025-03-06T01:02:19.783+0000] {processor.py:914} INFO - Processing file /home/ubuntu/redfin_venv/lib/python3.12/site-packages/airflow/example_dags/tutorial_objectstorage.py for tasks to queue
[2025-03-06T01:02:19.785+0000] {logging_mixin.py:190} INFO - [2025-03-06T01:02:19.785+0000] {dagbag.py:588} INFO - Filling up the DagBag from /home/ubuntu/redfin_venv/lib/python3.12/site-packages/airflow/example_dags/tutorial_objectstorage.py
[2025-03-06T01:02:19.796+0000] {processor.py:925} INFO - DAG(s) 'tutorial_objectstorage' retrieved from /home/ubuntu/redfin_venv/lib/python3.12/site-packages/airflow/example_dags/tutorial_objectstorage.py
[2025-03-06T01:02:19.815+0000] {logging_mixin.py:190} INFO - [2025-03-06T01:02:19.814+0000] {dag.py:3239} INFO - Sync 1 DAGs
[2025-03-06T01:02:19.829+0000] {logging_mixin.py:190} INFO - [2025-03-06T01:02:19.829+0000] {dag.py:4180} INFO - Setting next_dagrun for tutorial_objectstorage to None, run_after=None
[2025-03-06T01:02:19.854+0000] {processor.py:208} INFO - Processing /home/ubuntu/redfin_venv/lib/python3.12/site-packages/airflow/example_dags/tutorial_objectstorage.py took 0.082 seconds
[2025-03-06T01:03:19.506+0000] {processor.py:186} INFO - Started process (PID=5359) to work on /home/ubuntu/redfin_venv/lib/python3.12/site-packages/airflow/example_dags/tutorial_objectstorage.py
[2025-03-06T01:03:19.508+0000] {processor.py:914} INFO - Processing file /home/ubuntu/redfin_venv/lib/python3.12/site-packages/airflow/example_dags/tutorial_objectstorage.py for tasks to queue
[2025-03-06T01:03:19.511+0000] {logging_mixin.py:190} INFO - [2025-03-06T01:03:19.511+0000] {dagbag.py:588} INFO - Filling up the DagBag from /home/ubuntu/redfin_venv/lib/python3.12/site-packages/airflow/example_dags/tutorial_objectstorage.py
[2025-03-06T01:03:19.525+0000] {processor.py:925} INFO - DAG(s) 'tutorial_objectstorage' retrieved from /home/ubuntu/redfin_venv/lib/python3.12/site-packages/airflow/example_dags/tutorial_objectstorage.py
[2025-03-06T01:03:19.543+0000] {logging_mixin.py:190} INFO - [2025-03-06T01:03:19.543+0000] {dag.py:3239} INFO - Sync 1 DAGs
[2025-03-06T01:03:19.560+0000] {logging_mixin.py:190} INFO - [2025-03-06T01:03:19.560+0000] {dag.py:4180} INFO - Setting next_dagrun for tutorial_objectstorage to None, run_after=None
[2025-03-06T01:03:19.595+0000] {processor.py:208} INFO - Processing /home/ubuntu/redfin_venv/lib/python3.12/site-packages/airflow/example_dags/tutorial_objectstorage.py took 0.109 seconds
[2025-03-06T01:04:20.710+0000] {processor.py:186} INFO - Started process (PID=5477) to work on /home/ubuntu/redfin_venv/lib/python3.12/site-packages/airflow/example_dags/tutorial_objectstorage.py
[2025-03-06T01:04:20.713+0000] {processor.py:914} INFO - Processing file /home/ubuntu/redfin_venv/lib/python3.12/site-packages/airflow/example_dags/tutorial_objectstorage.py for tasks to queue
[2025-03-06T01:04:20.719+0000] {logging_mixin.py:190} INFO - [2025-03-06T01:04:20.718+0000] {dagbag.py:588} INFO - Filling up the DagBag from /home/ubuntu/redfin_venv/lib/python3.12/site-packages/airflow/example_dags/tutorial_objectstorage.py
[2025-03-06T01:04:20.739+0000] {processor.py:925} INFO - DAG(s) 'tutorial_objectstorage' retrieved from /home/ubuntu/redfin_venv/lib/python3.12/site-packages/airflow/example_dags/tutorial_objectstorage.py
[2025-03-06T01:04:20.779+0000] {logging_mixin.py:190} INFO - [2025-03-06T01:04:20.778+0000] {dag.py:3239} INFO - Sync 1 DAGs
[2025-03-06T01:04:20.799+0000] {logging_mixin.py:190} INFO - [2025-03-06T01:04:20.799+0000] {dag.py:4180} INFO - Setting next_dagrun for tutorial_objectstorage to None, run_after=None
[2025-03-06T01:04:20.853+0000] {processor.py:208} INFO - Processing /home/ubuntu/redfin_venv/lib/python3.12/site-packages/airflow/example_dags/tutorial_objectstorage.py took 0.155 seconds
[2025-03-06T01:05:25.542+0000] {processor.py:186} INFO - Started process (PID=5601) to work on /home/ubuntu/redfin_venv/lib/python3.12/site-packages/airflow/example_dags/tutorial_objectstorage.py
[2025-03-06T01:05:25.544+0000] {processor.py:914} INFO - Processing file /home/ubuntu/redfin_venv/lib/python3.12/site-packages/airflow/example_dags/tutorial_objectstorage.py for tasks to queue
[2025-03-06T01:05:25.547+0000] {logging_mixin.py:190} INFO - [2025-03-06T01:05:25.547+0000] {dagbag.py:588} INFO - Filling up the DagBag from /home/ubuntu/redfin_venv/lib/python3.12/site-packages/airflow/example_dags/tutorial_objectstorage.py
[2025-03-06T01:05:25.564+0000] {processor.py:925} INFO - DAG(s) 'tutorial_objectstorage' retrieved from /home/ubuntu/redfin_venv/lib/python3.12/site-packages/airflow/example_dags/tutorial_objectstorage.py
[2025-03-06T01:05:25.591+0000] {logging_mixin.py:190} INFO - [2025-03-06T01:05:25.590+0000] {dag.py:3239} INFO - Sync 1 DAGs
[2025-03-06T01:05:25.611+0000] {logging_mixin.py:190} INFO - [2025-03-06T01:05:25.611+0000] {dag.py:4180} INFO - Setting next_dagrun for tutorial_objectstorage to None, run_after=None
[2025-03-06T01:05:25.669+0000] {processor.py:208} INFO - Processing /home/ubuntu/redfin_venv/lib/python3.12/site-packages/airflow/example_dags/tutorial_objectstorage.py took 0.136 seconds
[2025-03-06T01:06:27.050+0000] {processor.py:186} INFO - Started process (PID=5841) to work on /home/ubuntu/redfin_venv/lib/python3.12/site-packages/airflow/example_dags/tutorial_objectstorage.py
[2025-03-06T01:06:27.051+0000] {processor.py:914} INFO - Processing file /home/ubuntu/redfin_venv/lib/python3.12/site-packages/airflow/example_dags/tutorial_objectstorage.py for tasks to queue
[2025-03-06T01:06:27.055+0000] {logging_mixin.py:190} INFO - [2025-03-06T01:06:27.054+0000] {dagbag.py:588} INFO - Filling up the DagBag from /home/ubuntu/redfin_venv/lib/python3.12/site-packages/airflow/example_dags/tutorial_objectstorage.py
[2025-03-06T01:06:27.073+0000] {processor.py:925} INFO - DAG(s) 'tutorial_objectstorage' retrieved from /home/ubuntu/redfin_venv/lib/python3.12/site-packages/airflow/example_dags/tutorial_objectstorage.py
[2025-03-06T01:06:27.102+0000] {logging_mixin.py:190} INFO - [2025-03-06T01:06:27.102+0000] {dag.py:3239} INFO - Sync 1 DAGs
[2025-03-06T01:06:27.123+0000] {logging_mixin.py:190} INFO - [2025-03-06T01:06:27.123+0000] {dag.py:4180} INFO - Setting next_dagrun for tutorial_objectstorage to None, run_after=None
[2025-03-06T01:06:27.169+0000] {processor.py:208} INFO - Processing /home/ubuntu/redfin_venv/lib/python3.12/site-packages/airflow/example_dags/tutorial_objectstorage.py took 0.129 seconds
[2025-03-06T01:07:29.525+0000] {processor.py:186} INFO - Started process (PID=6202) to work on /home/ubuntu/redfin_venv/lib/python3.12/site-packages/airflow/example_dags/tutorial_objectstorage.py
[2025-03-06T01:07:29.528+0000] {processor.py:914} INFO - Processing file /home/ubuntu/redfin_venv/lib/python3.12/site-packages/airflow/example_dags/tutorial_objectstorage.py for tasks to queue
[2025-03-06T01:07:29.530+0000] {logging_mixin.py:190} INFO - [2025-03-06T01:07:29.530+0000] {dagbag.py:588} INFO - Filling up the DagBag from /home/ubuntu/redfin_venv/lib/python3.12/site-packages/airflow/example_dags/tutorial_objectstorage.py
[2025-03-06T01:07:29.551+0000] {processor.py:925} INFO - DAG(s) 'tutorial_objectstorage' retrieved from /home/ubuntu/redfin_venv/lib/python3.12/site-packages/airflow/example_dags/tutorial_objectstorage.py
[2025-03-06T01:07:29.576+0000] {logging_mixin.py:190} INFO - [2025-03-06T01:07:29.575+0000] {dag.py:3239} INFO - Sync 1 DAGs
[2025-03-06T01:07:29.590+0000] {logging_mixin.py:190} INFO - [2025-03-06T01:07:29.589+0000] {dag.py:4180} INFO - Setting next_dagrun for tutorial_objectstorage to None, run_after=None
[2025-03-06T01:07:29.616+0000] {processor.py:208} INFO - Processing /home/ubuntu/redfin_venv/lib/python3.12/site-packages/airflow/example_dags/tutorial_objectstorage.py took 0.102 seconds
[2025-03-06T01:08:29.352+0000] {processor.py:186} INFO - Started process (PID=6500) to work on /home/ubuntu/redfin_venv/lib/python3.12/site-packages/airflow/example_dags/tutorial_objectstorage.py
[2025-03-06T01:08:29.354+0000] {processor.py:914} INFO - Processing file /home/ubuntu/redfin_venv/lib/python3.12/site-packages/airflow/example_dags/tutorial_objectstorage.py for tasks to queue
[2025-03-06T01:08:29.358+0000] {logging_mixin.py:190} INFO - [2025-03-06T01:08:29.357+0000] {dagbag.py:588} INFO - Filling up the DagBag from /home/ubuntu/redfin_venv/lib/python3.12/site-packages/airflow/example_dags/tutorial_objectstorage.py
[2025-03-06T01:08:29.373+0000] {processor.py:925} INFO - DAG(s) 'tutorial_objectstorage' retrieved from /home/ubuntu/redfin_venv/lib/python3.12/site-packages/airflow/example_dags/tutorial_objectstorage.py
[2025-03-06T01:08:29.399+0000] {logging_mixin.py:190} INFO - [2025-03-06T01:08:29.399+0000] {dag.py:3239} INFO - Sync 1 DAGs
[2025-03-06T01:08:29.412+0000] {logging_mixin.py:190} INFO - [2025-03-06T01:08:29.412+0000] {dag.py:4180} INFO - Setting next_dagrun for tutorial_objectstorage to None, run_after=None
[2025-03-06T01:08:29.438+0000] {processor.py:208} INFO - Processing /home/ubuntu/redfin_venv/lib/python3.12/site-packages/airflow/example_dags/tutorial_objectstorage.py took 0.096 seconds
[2025-03-06T01:09:32.968+0000] {processor.py:186} INFO - Started process (PID=6800) to work on /home/ubuntu/redfin_venv/lib/python3.12/site-packages/airflow/example_dags/tutorial_objectstorage.py
[2025-03-06T01:09:32.972+0000] {processor.py:914} INFO - Processing file /home/ubuntu/redfin_venv/lib/python3.12/site-packages/airflow/example_dags/tutorial_objectstorage.py for tasks to queue
[2025-03-06T01:09:32.974+0000] {logging_mixin.py:190} INFO - [2025-03-06T01:09:32.974+0000] {dagbag.py:588} INFO - Filling up the DagBag from /home/ubuntu/redfin_venv/lib/python3.12/site-packages/airflow/example_dags/tutorial_objectstorage.py
[2025-03-06T01:09:32.988+0000] {processor.py:925} INFO - DAG(s) 'tutorial_objectstorage' retrieved from /home/ubuntu/redfin_venv/lib/python3.12/site-packages/airflow/example_dags/tutorial_objectstorage.py
[2025-03-06T01:09:33.013+0000] {logging_mixin.py:190} INFO - [2025-03-06T01:09:33.013+0000] {dag.py:3239} INFO - Sync 1 DAGs
[2025-03-06T01:09:33.031+0000] {logging_mixin.py:190} INFO - [2025-03-06T01:09:33.031+0000] {dag.py:4180} INFO - Setting next_dagrun for tutorial_objectstorage to None, run_after=None
[2025-03-06T01:09:33.063+0000] {processor.py:208} INFO - Processing /home/ubuntu/redfin_venv/lib/python3.12/site-packages/airflow/example_dags/tutorial_objectstorage.py took 0.102 seconds
[2025-03-06T01:10:34.446+0000] {processor.py:186} INFO - Started process (PID=6923) to work on /home/ubuntu/redfin_venv/lib/python3.12/site-packages/airflow/example_dags/tutorial_objectstorage.py
[2025-03-06T01:10:34.449+0000] {processor.py:914} INFO - Processing file /home/ubuntu/redfin_venv/lib/python3.12/site-packages/airflow/example_dags/tutorial_objectstorage.py for tasks to queue
[2025-03-06T01:10:34.458+0000] {logging_mixin.py:190} INFO - [2025-03-06T01:10:34.457+0000] {dagbag.py:588} INFO - Filling up the DagBag from /home/ubuntu/redfin_venv/lib/python3.12/site-packages/airflow/example_dags/tutorial_objectstorage.py
[2025-03-06T01:10:34.480+0000] {processor.py:925} INFO - DAG(s) 'tutorial_objectstorage' retrieved from /home/ubuntu/redfin_venv/lib/python3.12/site-packages/airflow/example_dags/tutorial_objectstorage.py
[2025-03-06T01:10:34.505+0000] {logging_mixin.py:190} INFO - [2025-03-06T01:10:34.505+0000] {dag.py:3239} INFO - Sync 1 DAGs
[2025-03-06T01:10:34.540+0000] {logging_mixin.py:190} INFO - [2025-03-06T01:10:34.540+0000] {dag.py:4180} INFO - Setting next_dagrun for tutorial_objectstorage to None, run_after=None
[2025-03-06T01:10:34.598+0000] {processor.py:208} INFO - Processing /home/ubuntu/redfin_venv/lib/python3.12/site-packages/airflow/example_dags/tutorial_objectstorage.py took 0.164 seconds
[2025-03-06T01:11:35.602+0000] {processor.py:186} INFO - Started process (PID=7042) to work on /home/ubuntu/redfin_venv/lib/python3.12/site-packages/airflow/example_dags/tutorial_objectstorage.py
[2025-03-06T01:11:35.605+0000] {processor.py:914} INFO - Processing file /home/ubuntu/redfin_venv/lib/python3.12/site-packages/airflow/example_dags/tutorial_objectstorage.py for tasks to queue
[2025-03-06T01:11:35.611+0000] {logging_mixin.py:190} INFO - [2025-03-06T01:11:35.610+0000] {dagbag.py:588} INFO - Filling up the DagBag from /home/ubuntu/redfin_venv/lib/python3.12/site-packages/airflow/example_dags/tutorial_objectstorage.py
[2025-03-06T01:11:35.628+0000] {processor.py:925} INFO - DAG(s) 'tutorial_objectstorage' retrieved from /home/ubuntu/redfin_venv/lib/python3.12/site-packages/airflow/example_dags/tutorial_objectstorage.py
[2025-03-06T01:11:35.650+0000] {logging_mixin.py:190} INFO - [2025-03-06T01:11:35.649+0000] {dag.py:3239} INFO - Sync 1 DAGs
[2025-03-06T01:11:35.665+0000] {logging_mixin.py:190} INFO - [2025-03-06T01:11:35.665+0000] {dag.py:4180} INFO - Setting next_dagrun for tutorial_objectstorage to None, run_after=None
[2025-03-06T01:11:35.687+0000] {processor.py:208} INFO - Processing /home/ubuntu/redfin_venv/lib/python3.12/site-packages/airflow/example_dags/tutorial_objectstorage.py took 0.091 seconds
[2025-03-06T01:12:41.881+0000] {processor.py:186} INFO - Started process (PID=7164) to work on /home/ubuntu/redfin_venv/lib/python3.12/site-packages/airflow/example_dags/tutorial_objectstorage.py
[2025-03-06T01:12:41.883+0000] {processor.py:914} INFO - Processing file /home/ubuntu/redfin_venv/lib/python3.12/site-packages/airflow/example_dags/tutorial_objectstorage.py for tasks to queue
[2025-03-06T01:12:41.886+0000] {logging_mixin.py:190} INFO - [2025-03-06T01:12:41.885+0000] {dagbag.py:588} INFO - Filling up the DagBag from /home/ubuntu/redfin_venv/lib/python3.12/site-packages/airflow/example_dags/tutorial_objectstorage.py
[2025-03-06T01:12:41.905+0000] {processor.py:925} INFO - DAG(s) 'tutorial_objectstorage' retrieved from /home/ubuntu/redfin_venv/lib/python3.12/site-packages/airflow/example_dags/tutorial_objectstorage.py
[2025-03-06T01:12:41.940+0000] {logging_mixin.py:190} INFO - [2025-03-06T01:12:41.940+0000] {dag.py:3239} INFO - Sync 1 DAGs
[2025-03-06T01:12:41.962+0000] {logging_mixin.py:190} INFO - [2025-03-06T01:12:41.962+0000] {dag.py:4180} INFO - Setting next_dagrun for tutorial_objectstorage to None, run_after=None
[2025-03-06T01:12:41.996+0000] {processor.py:208} INFO - Processing /home/ubuntu/redfin_venv/lib/python3.12/site-packages/airflow/example_dags/tutorial_objectstorage.py took 0.127 seconds
[2025-03-06T01:13:41.866+0000] {processor.py:186} INFO - Started process (PID=7344) to work on /home/ubuntu/redfin_venv/lib/python3.12/site-packages/airflow/example_dags/tutorial_objectstorage.py
[2025-03-06T01:13:41.870+0000] {processor.py:914} INFO - Processing file /home/ubuntu/redfin_venv/lib/python3.12/site-packages/airflow/example_dags/tutorial_objectstorage.py for tasks to queue
[2025-03-06T01:13:41.872+0000] {logging_mixin.py:190} INFO - [2025-03-06T01:13:41.872+0000] {dagbag.py:588} INFO - Filling up the DagBag from /home/ubuntu/redfin_venv/lib/python3.12/site-packages/airflow/example_dags/tutorial_objectstorage.py
[2025-03-06T01:13:41.888+0000] {processor.py:925} INFO - DAG(s) 'tutorial_objectstorage' retrieved from /home/ubuntu/redfin_venv/lib/python3.12/site-packages/airflow/example_dags/tutorial_objectstorage.py
[2025-03-06T01:13:41.924+0000] {logging_mixin.py:190} INFO - [2025-03-06T01:13:41.924+0000] {dag.py:3239} INFO - Sync 1 DAGs
[2025-03-06T01:13:41.937+0000] {logging_mixin.py:190} INFO - [2025-03-06T01:13:41.937+0000] {dag.py:4180} INFO - Setting next_dagrun for tutorial_objectstorage to None, run_after=None
[2025-03-06T01:13:41.961+0000] {processor.py:208} INFO - Processing /home/ubuntu/redfin_venv/lib/python3.12/site-packages/airflow/example_dags/tutorial_objectstorage.py took 0.104 seconds
[2025-03-06T01:14:43.215+0000] {processor.py:186} INFO - Started process (PID=7463) to work on /home/ubuntu/redfin_venv/lib/python3.12/site-packages/airflow/example_dags/tutorial_objectstorage.py
[2025-03-06T01:14:43.216+0000] {processor.py:914} INFO - Processing file /home/ubuntu/redfin_venv/lib/python3.12/site-packages/airflow/example_dags/tutorial_objectstorage.py for tasks to queue
[2025-03-06T01:14:43.218+0000] {logging_mixin.py:190} INFO - [2025-03-06T01:14:43.218+0000] {dagbag.py:588} INFO - Filling up the DagBag from /home/ubuntu/redfin_venv/lib/python3.12/site-packages/airflow/example_dags/tutorial_objectstorage.py
[2025-03-06T01:14:43.230+0000] {processor.py:925} INFO - DAG(s) 'tutorial_objectstorage' retrieved from /home/ubuntu/redfin_venv/lib/python3.12/site-packages/airflow/example_dags/tutorial_objectstorage.py
[2025-03-06T01:14:43.249+0000] {logging_mixin.py:190} INFO - [2025-03-06T01:14:43.249+0000] {dag.py:3239} INFO - Sync 1 DAGs
[2025-03-06T01:14:43.264+0000] {logging_mixin.py:190} INFO - [2025-03-06T01:14:43.263+0000] {dag.py:4180} INFO - Setting next_dagrun for tutorial_objectstorage to None, run_after=None
[2025-03-06T01:14:43.292+0000] {processor.py:208} INFO - Processing /home/ubuntu/redfin_venv/lib/python3.12/site-packages/airflow/example_dags/tutorial_objectstorage.py took 0.084 seconds
[2025-03-06T01:15:48.070+0000] {processor.py:186} INFO - Started process (PID=7767) to work on /home/ubuntu/redfin_venv/lib/python3.12/site-packages/airflow/example_dags/tutorial_objectstorage.py
[2025-03-06T01:15:48.071+0000] {processor.py:914} INFO - Processing file /home/ubuntu/redfin_venv/lib/python3.12/site-packages/airflow/example_dags/tutorial_objectstorage.py for tasks to queue
[2025-03-06T01:15:48.073+0000] {logging_mixin.py:190} INFO - [2025-03-06T01:15:48.073+0000] {dagbag.py:588} INFO - Filling up the DagBag from /home/ubuntu/redfin_venv/lib/python3.12/site-packages/airflow/example_dags/tutorial_objectstorage.py
[2025-03-06T01:15:48.084+0000] {processor.py:925} INFO - DAG(s) 'tutorial_objectstorage' retrieved from /home/ubuntu/redfin_venv/lib/python3.12/site-packages/airflow/example_dags/tutorial_objectstorage.py
[2025-03-06T01:15:48.100+0000] {logging_mixin.py:190} INFO - [2025-03-06T01:15:48.100+0000] {dag.py:3239} INFO - Sync 1 DAGs
[2025-03-06T01:15:48.113+0000] {logging_mixin.py:190} INFO - [2025-03-06T01:15:48.112+0000] {dag.py:4180} INFO - Setting next_dagrun for tutorial_objectstorage to None, run_after=None
[2025-03-06T01:15:48.136+0000] {processor.py:208} INFO - Processing /home/ubuntu/redfin_venv/lib/python3.12/site-packages/airflow/example_dags/tutorial_objectstorage.py took 0.073 seconds
[2025-03-06T01:16:46.811+0000] {processor.py:186} INFO - Started process (PID=7885) to work on /home/ubuntu/redfin_venv/lib/python3.12/site-packages/airflow/example_dags/tutorial_objectstorage.py
[2025-03-06T01:16:46.813+0000] {processor.py:914} INFO - Processing file /home/ubuntu/redfin_venv/lib/python3.12/site-packages/airflow/example_dags/tutorial_objectstorage.py for tasks to queue
[2025-03-06T01:16:46.819+0000] {logging_mixin.py:190} INFO - [2025-03-06T01:16:46.818+0000] {dagbag.py:588} INFO - Filling up the DagBag from /home/ubuntu/redfin_venv/lib/python3.12/site-packages/airflow/example_dags/tutorial_objectstorage.py
[2025-03-06T01:16:46.844+0000] {processor.py:925} INFO - DAG(s) 'tutorial_objectstorage' retrieved from /home/ubuntu/redfin_venv/lib/python3.12/site-packages/airflow/example_dags/tutorial_objectstorage.py
[2025-03-06T01:16:46.876+0000] {logging_mixin.py:190} INFO - [2025-03-06T01:16:46.876+0000] {dag.py:3239} INFO - Sync 1 DAGs
[2025-03-06T01:16:46.902+0000] {logging_mixin.py:190} INFO - [2025-03-06T01:16:46.902+0000] {dag.py:4180} INFO - Setting next_dagrun for tutorial_objectstorage to None, run_after=None
[2025-03-06T01:16:46.941+0000] {processor.py:208} INFO - Processing /home/ubuntu/redfin_venv/lib/python3.12/site-packages/airflow/example_dags/tutorial_objectstorage.py took 0.150 seconds
[2025-03-06T01:17:49.390+0000] {processor.py:186} INFO - Started process (PID=8228) to work on /home/ubuntu/redfin_venv/lib/python3.12/site-packages/airflow/example_dags/tutorial_objectstorage.py
[2025-03-06T01:17:49.391+0000] {processor.py:914} INFO - Processing file /home/ubuntu/redfin_venv/lib/python3.12/site-packages/airflow/example_dags/tutorial_objectstorage.py for tasks to queue
[2025-03-06T01:17:49.393+0000] {logging_mixin.py:190} INFO - [2025-03-06T01:17:49.393+0000] {dagbag.py:588} INFO - Filling up the DagBag from /home/ubuntu/redfin_venv/lib/python3.12/site-packages/airflow/example_dags/tutorial_objectstorage.py
[2025-03-06T01:17:49.404+0000] {processor.py:925} INFO - DAG(s) 'tutorial_objectstorage' retrieved from /home/ubuntu/redfin_venv/lib/python3.12/site-packages/airflow/example_dags/tutorial_objectstorage.py
[2025-03-06T01:17:49.421+0000] {logging_mixin.py:190} INFO - [2025-03-06T01:17:49.420+0000] {dag.py:3239} INFO - Sync 1 DAGs
[2025-03-06T01:17:49.434+0000] {logging_mixin.py:190} INFO - [2025-03-06T01:17:49.434+0000] {dag.py:4180} INFO - Setting next_dagrun for tutorial_objectstorage to None, run_after=None
[2025-03-06T01:17:49.463+0000] {processor.py:208} INFO - Processing /home/ubuntu/redfin_venv/lib/python3.12/site-packages/airflow/example_dags/tutorial_objectstorage.py took 0.080 seconds
[2025-03-06T01:18:50.488+0000] {processor.py:186} INFO - Started process (PID=8468) to work on /home/ubuntu/redfin_venv/lib/python3.12/site-packages/airflow/example_dags/tutorial_objectstorage.py
[2025-03-06T01:18:50.490+0000] {processor.py:914} INFO - Processing file /home/ubuntu/redfin_venv/lib/python3.12/site-packages/airflow/example_dags/tutorial_objectstorage.py for tasks to queue
[2025-03-06T01:18:50.494+0000] {logging_mixin.py:190} INFO - [2025-03-06T01:18:50.493+0000] {dagbag.py:588} INFO - Filling up the DagBag from /home/ubuntu/redfin_venv/lib/python3.12/site-packages/airflow/example_dags/tutorial_objectstorage.py
[2025-03-06T01:18:50.510+0000] {processor.py:925} INFO - DAG(s) 'tutorial_objectstorage' retrieved from /home/ubuntu/redfin_venv/lib/python3.12/site-packages/airflow/example_dags/tutorial_objectstorage.py
[2025-03-06T01:18:50.538+0000] {logging_mixin.py:190} INFO - [2025-03-06T01:18:50.537+0000] {dag.py:3239} INFO - Sync 1 DAGs
[2025-03-06T01:18:50.558+0000] {logging_mixin.py:190} INFO - [2025-03-06T01:18:50.557+0000] {dag.py:4180} INFO - Setting next_dagrun for tutorial_objectstorage to None, run_after=None
[2025-03-06T01:18:50.594+0000] {processor.py:208} INFO - Processing /home/ubuntu/redfin_venv/lib/python3.12/site-packages/airflow/example_dags/tutorial_objectstorage.py took 0.115 seconds
[2025-03-06T01:19:58.367+0000] {processor.py:186} INFO - Started process (PID=8589) to work on /home/ubuntu/redfin_venv/lib/python3.12/site-packages/airflow/example_dags/tutorial_objectstorage.py
[2025-03-06T01:19:58.370+0000] {processor.py:914} INFO - Processing file /home/ubuntu/redfin_venv/lib/python3.12/site-packages/airflow/example_dags/tutorial_objectstorage.py for tasks to queue
[2025-03-06T01:19:58.372+0000] {logging_mixin.py:190} INFO - [2025-03-06T01:19:58.372+0000] {dagbag.py:588} INFO - Filling up the DagBag from /home/ubuntu/redfin_venv/lib/python3.12/site-packages/airflow/example_dags/tutorial_objectstorage.py
[2025-03-06T01:19:58.384+0000] {processor.py:925} INFO - DAG(s) 'tutorial_objectstorage' retrieved from /home/ubuntu/redfin_venv/lib/python3.12/site-packages/airflow/example_dags/tutorial_objectstorage.py
[2025-03-06T01:19:58.401+0000] {logging_mixin.py:190} INFO - [2025-03-06T01:19:58.401+0000] {dag.py:3239} INFO - Sync 1 DAGs
[2025-03-06T01:19:58.433+0000] {logging_mixin.py:190} INFO - [2025-03-06T01:19:58.432+0000] {dag.py:4180} INFO - Setting next_dagrun for tutorial_objectstorage to None, run_after=None
[2025-03-06T01:19:58.471+0000] {processor.py:208} INFO - Processing /home/ubuntu/redfin_venv/lib/python3.12/site-packages/airflow/example_dags/tutorial_objectstorage.py took 0.113 seconds
