[2025-03-06T00:58:14.486+0000] {processor.py:186} INFO - Started process (PID=3317) to work on /home/ubuntu/redfin_venv/lib/python3.12/site-packages/airflow/example_dags/tutorial_taskflow_templates.py
[2025-03-06T00:58:14.487+0000] {processor.py:914} INFO - Processing file /home/ubuntu/redfin_venv/lib/python3.12/site-packages/airflow/example_dags/tutorial_taskflow_templates.py for tasks to queue
[2025-03-06T00:58:14.490+0000] {logging_mixin.py:190} INFO - [2025-03-06T00:58:14.489+0000] {dagbag.py:588} INFO - Filling up the DagBag from /home/ubuntu/redfin_venv/lib/python3.12/site-packages/airflow/example_dags/tutorial_taskflow_templates.py
[2025-03-06T00:58:14.512+0000] {processor.py:925} INFO - DAG(s) 'tutorial_taskflow_templates' retrieved from /home/ubuntu/redfin_venv/lib/python3.12/site-packages/airflow/example_dags/tutorial_taskflow_templates.py
[2025-03-06T00:58:14.565+0000] {logging_mixin.py:190} INFO - [2025-03-06T00:58:14.565+0000] {dag.py:3239} INFO - Sync 1 DAGs
[2025-03-06T00:58:14.605+0000] {logging_mixin.py:190} INFO - [2025-03-06T00:58:14.605+0000] {dag.py:4180} INFO - Setting next_dagrun for tutorial_taskflow_templates to 2025-03-05 00:00:00+00:00, run_after=2025-03-06 00:00:00+00:00
[2025-03-06T00:58:14.651+0000] {processor.py:208} INFO - Processing /home/ubuntu/redfin_venv/lib/python3.12/site-packages/airflow/example_dags/tutorial_taskflow_templates.py took 0.173 seconds
[2025-03-06T00:59:13.315+0000] {processor.py:186} INFO - Started process (PID=3910) to work on /home/ubuntu/redfin_venv/lib/python3.12/site-packages/airflow/example_dags/tutorial_taskflow_templates.py
[2025-03-06T00:59:13.317+0000] {processor.py:914} INFO - Processing file /home/ubuntu/redfin_venv/lib/python3.12/site-packages/airflow/example_dags/tutorial_taskflow_templates.py for tasks to queue
[2025-03-06T00:59:13.319+0000] {logging_mixin.py:190} INFO - [2025-03-06T00:59:13.318+0000] {dagbag.py:588} INFO - Filling up the DagBag from /home/ubuntu/redfin_venv/lib/python3.12/site-packages/airflow/example_dags/tutorial_taskflow_templates.py
[2025-03-06T00:59:13.332+0000] {processor.py:925} INFO - DAG(s) 'tutorial_taskflow_templates' retrieved from /home/ubuntu/redfin_venv/lib/python3.12/site-packages/airflow/example_dags/tutorial_taskflow_templates.py
[2025-03-06T00:59:13.350+0000] {logging_mixin.py:190} INFO - [2025-03-06T00:59:13.350+0000] {dag.py:3239} INFO - Sync 1 DAGs
[2025-03-06T00:59:13.373+0000] {logging_mixin.py:190} INFO - [2025-03-06T00:59:13.373+0000] {dag.py:4180} INFO - Setting next_dagrun for tutorial_taskflow_templates to 2025-03-05 00:00:00+00:00, run_after=2025-03-06 00:00:00+00:00
[2025-03-06T00:59:13.394+0000] {processor.py:208} INFO - Processing /home/ubuntu/redfin_venv/lib/python3.12/site-packages/airflow/example_dags/tutorial_taskflow_templates.py took 0.085 seconds
[2025-03-06T01:00:10.876+0000] {processor.py:186} INFO - Started process (PID=4211) to work on /home/ubuntu/redfin_venv/lib/python3.12/site-packages/airflow/example_dags/tutorial_taskflow_templates.py
[2025-03-06T01:00:10.878+0000] {processor.py:914} INFO - Processing file /home/ubuntu/redfin_venv/lib/python3.12/site-packages/airflow/example_dags/tutorial_taskflow_templates.py for tasks to queue
[2025-03-06T01:00:10.880+0000] {logging_mixin.py:190} INFO - [2025-03-06T01:00:10.879+0000] {dagbag.py:588} INFO - Filling up the DagBag from /home/ubuntu/redfin_venv/lib/python3.12/site-packages/airflow/example_dags/tutorial_taskflow_templates.py
[2025-03-06T01:00:10.896+0000] {processor.py:925} INFO - DAG(s) 'tutorial_taskflow_templates' retrieved from /home/ubuntu/redfin_venv/lib/python3.12/site-packages/airflow/example_dags/tutorial_taskflow_templates.py
[2025-03-06T01:00:10.915+0000] {logging_mixin.py:190} INFO - [2025-03-06T01:00:10.915+0000] {dag.py:3239} INFO - Sync 1 DAGs
[2025-03-06T01:00:10.940+0000] {logging_mixin.py:190} INFO - [2025-03-06T01:00:10.939+0000] {dag.py:4180} INFO - Setting next_dagrun for tutorial_taskflow_templates to 2025-03-05 00:00:00+00:00, run_after=2025-03-06 00:00:00+00:00
[2025-03-06T01:00:10.972+0000] {processor.py:208} INFO - Processing /home/ubuntu/redfin_venv/lib/python3.12/site-packages/airflow/example_dags/tutorial_taskflow_templates.py took 0.103 seconds
[2025-03-06T01:01:12.491+0000] {processor.py:186} INFO - Started process (PID=4810) to work on /home/ubuntu/redfin_venv/lib/python3.12/site-packages/airflow/example_dags/tutorial_taskflow_templates.py
[2025-03-06T01:01:12.493+0000] {processor.py:914} INFO - Processing file /home/ubuntu/redfin_venv/lib/python3.12/site-packages/airflow/example_dags/tutorial_taskflow_templates.py for tasks to queue
[2025-03-06T01:01:12.496+0000] {logging_mixin.py:190} INFO - [2025-03-06T01:01:12.495+0000] {dagbag.py:588} INFO - Filling up the DagBag from /home/ubuntu/redfin_venv/lib/python3.12/site-packages/airflow/example_dags/tutorial_taskflow_templates.py
[2025-03-06T01:01:12.514+0000] {processor.py:925} INFO - DAG(s) 'tutorial_taskflow_templates' retrieved from /home/ubuntu/redfin_venv/lib/python3.12/site-packages/airflow/example_dags/tutorial_taskflow_templates.py
[2025-03-06T01:01:12.538+0000] {logging_mixin.py:190} INFO - [2025-03-06T01:01:12.538+0000] {dag.py:3239} INFO - Sync 1 DAGs
[2025-03-06T01:01:12.564+0000] {logging_mixin.py:190} INFO - [2025-03-06T01:01:12.564+0000] {dag.py:4180} INFO - Setting next_dagrun for tutorial_taskflow_templates to 2025-03-05 00:00:00+00:00, run_after=2025-03-06 00:00:00+00:00
[2025-03-06T01:01:12.591+0000] {processor.py:208} INFO - Processing /home/ubuntu/redfin_venv/lib/python3.12/site-packages/airflow/example_dags/tutorial_taskflow_templates.py took 0.107 seconds
[2025-03-06T01:01:44.950+0000] {processor.py:186} INFO - Started process (PID=4903) to work on /home/ubuntu/redfin_venv/lib/python3.12/site-packages/airflow/example_dags/tutorial_taskflow_templates.py
[2025-03-06T01:01:44.951+0000] {processor.py:914} INFO - Processing file /home/ubuntu/redfin_venv/lib/python3.12/site-packages/airflow/example_dags/tutorial_taskflow_templates.py for tasks to queue
[2025-03-06T01:01:44.953+0000] {logging_mixin.py:190} INFO - [2025-03-06T01:01:44.953+0000] {dagbag.py:588} INFO - Filling up the DagBag from /home/ubuntu/redfin_venv/lib/python3.12/site-packages/airflow/example_dags/tutorial_taskflow_templates.py
[2025-03-06T01:01:44.969+0000] {processor.py:925} INFO - DAG(s) 'tutorial_taskflow_templates' retrieved from /home/ubuntu/redfin_venv/lib/python3.12/site-packages/airflow/example_dags/tutorial_taskflow_templates.py
[2025-03-06T01:01:44.987+0000] {logging_mixin.py:190} INFO - [2025-03-06T01:01:44.986+0000] {dag.py:3239} INFO - Sync 1 DAGs
[2025-03-06T01:01:45.009+0000] {logging_mixin.py:190} INFO - [2025-03-06T01:01:45.008+0000] {dag.py:4180} INFO - Setting next_dagrun for tutorial_taskflow_templates to 2025-03-05 00:00:00+00:00, run_after=2025-03-06 00:00:00+00:00
[2025-03-06T01:01:45.035+0000] {processor.py:208} INFO - Processing /home/ubuntu/redfin_venv/lib/python3.12/site-packages/airflow/example_dags/tutorial_taskflow_templates.py took 0.091 seconds
[2025-03-06T01:02:43.637+0000] {processor.py:186} INFO - Started process (PID=5203) to work on /home/ubuntu/redfin_venv/lib/python3.12/site-packages/airflow/example_dags/tutorial_taskflow_templates.py
[2025-03-06T01:02:43.639+0000] {processor.py:914} INFO - Processing file /home/ubuntu/redfin_venv/lib/python3.12/site-packages/airflow/example_dags/tutorial_taskflow_templates.py for tasks to queue
[2025-03-06T01:02:43.641+0000] {logging_mixin.py:190} INFO - [2025-03-06T01:02:43.641+0000] {dagbag.py:588} INFO - Filling up the DagBag from /home/ubuntu/redfin_venv/lib/python3.12/site-packages/airflow/example_dags/tutorial_taskflow_templates.py
[2025-03-06T01:02:43.663+0000] {processor.py:925} INFO - DAG(s) 'tutorial_taskflow_templates' retrieved from /home/ubuntu/redfin_venv/lib/python3.12/site-packages/airflow/example_dags/tutorial_taskflow_templates.py
[2025-03-06T01:02:43.714+0000] {logging_mixin.py:190} INFO - [2025-03-06T01:02:43.714+0000] {dag.py:3239} INFO - Sync 1 DAGs
[2025-03-06T01:02:43.762+0000] {logging_mixin.py:190} INFO - [2025-03-06T01:02:43.761+0000] {dag.py:4180} INFO - Setting next_dagrun for tutorial_taskflow_templates to 2025-03-05 00:00:00+00:00, run_after=2025-03-06 00:00:00+00:00
[2025-03-06T01:02:43.809+0000] {processor.py:208} INFO - Processing /home/ubuntu/redfin_venv/lib/python3.12/site-packages/airflow/example_dags/tutorial_taskflow_templates.py took 0.180 seconds
[2025-03-06T01:03:42.295+0000] {processor.py:186} INFO - Started process (PID=5382) to work on /home/ubuntu/redfin_venv/lib/python3.12/site-packages/airflow/example_dags/tutorial_taskflow_templates.py
[2025-03-06T01:03:42.296+0000] {processor.py:914} INFO - Processing file /home/ubuntu/redfin_venv/lib/python3.12/site-packages/airflow/example_dags/tutorial_taskflow_templates.py for tasks to queue
[2025-03-06T01:03:42.299+0000] {logging_mixin.py:190} INFO - [2025-03-06T01:03:42.298+0000] {dagbag.py:588} INFO - Filling up the DagBag from /home/ubuntu/redfin_venv/lib/python3.12/site-packages/airflow/example_dags/tutorial_taskflow_templates.py
[2025-03-06T01:03:42.315+0000] {processor.py:925} INFO - DAG(s) 'tutorial_taskflow_templates' retrieved from /home/ubuntu/redfin_venv/lib/python3.12/site-packages/airflow/example_dags/tutorial_taskflow_templates.py
[2025-03-06T01:03:42.335+0000] {logging_mixin.py:190} INFO - [2025-03-06T01:03:42.335+0000] {dag.py:3239} INFO - Sync 1 DAGs
[2025-03-06T01:03:42.360+0000] {logging_mixin.py:190} INFO - [2025-03-06T01:03:42.360+0000] {dag.py:4180} INFO - Setting next_dagrun for tutorial_taskflow_templates to 2025-03-05 00:00:00+00:00, run_after=2025-03-06 00:00:00+00:00
[2025-03-06T01:03:42.401+0000] {processor.py:208} INFO - Processing /home/ubuntu/redfin_venv/lib/python3.12/site-packages/airflow/example_dags/tutorial_taskflow_templates.py took 0.112 seconds
[2025-03-06T01:04:13.774+0000] {processor.py:186} INFO - Started process (PID=5411) to work on /home/ubuntu/redfin_venv/lib/python3.12/site-packages/airflow/example_dags/tutorial_taskflow_templates.py
[2025-03-06T01:04:13.775+0000] {processor.py:914} INFO - Processing file /home/ubuntu/redfin_venv/lib/python3.12/site-packages/airflow/example_dags/tutorial_taskflow_templates.py for tasks to queue
[2025-03-06T01:04:13.778+0000] {logging_mixin.py:190} INFO - [2025-03-06T01:04:13.777+0000] {dagbag.py:588} INFO - Filling up the DagBag from /home/ubuntu/redfin_venv/lib/python3.12/site-packages/airflow/example_dags/tutorial_taskflow_templates.py
[2025-03-06T01:04:13.803+0000] {processor.py:925} INFO - DAG(s) 'tutorial_taskflow_templates' retrieved from /home/ubuntu/redfin_venv/lib/python3.12/site-packages/airflow/example_dags/tutorial_taskflow_templates.py
[2025-03-06T01:04:13.834+0000] {logging_mixin.py:190} INFO - [2025-03-06T01:04:13.834+0000] {dag.py:3239} INFO - Sync 1 DAGs
[2025-03-06T01:04:13.874+0000] {logging_mixin.py:190} INFO - [2025-03-06T01:04:13.873+0000] {dag.py:4180} INFO - Setting next_dagrun for tutorial_taskflow_templates to 2025-03-05 00:00:00+00:00, run_after=2025-03-06 00:00:00+00:00
[2025-03-06T01:04:13.913+0000] {processor.py:208} INFO - Processing /home/ubuntu/redfin_venv/lib/python3.12/site-packages/airflow/example_dags/tutorial_taskflow_templates.py took 0.146 seconds
[2025-03-06T01:04:46.840+0000] {processor.py:186} INFO - Started process (PID=5502) to work on /home/ubuntu/redfin_venv/lib/python3.12/site-packages/airflow/example_dags/tutorial_taskflow_templates.py
[2025-03-06T01:04:46.841+0000] {processor.py:914} INFO - Processing file /home/ubuntu/redfin_venv/lib/python3.12/site-packages/airflow/example_dags/tutorial_taskflow_templates.py for tasks to queue
[2025-03-06T01:04:46.843+0000] {logging_mixin.py:190} INFO - [2025-03-06T01:04:46.843+0000] {dagbag.py:588} INFO - Filling up the DagBag from /home/ubuntu/redfin_venv/lib/python3.12/site-packages/airflow/example_dags/tutorial_taskflow_templates.py
[2025-03-06T01:04:46.859+0000] {processor.py:925} INFO - DAG(s) 'tutorial_taskflow_templates' retrieved from /home/ubuntu/redfin_venv/lib/python3.12/site-packages/airflow/example_dags/tutorial_taskflow_templates.py
[2025-03-06T01:04:46.878+0000] {logging_mixin.py:190} INFO - [2025-03-06T01:04:46.878+0000] {dag.py:3239} INFO - Sync 1 DAGs
[2025-03-06T01:04:46.902+0000] {logging_mixin.py:190} INFO - [2025-03-06T01:04:46.902+0000] {dag.py:4180} INFO - Setting next_dagrun for tutorial_taskflow_templates to 2025-03-05 00:00:00+00:00, run_after=2025-03-06 00:00:00+00:00
[2025-03-06T01:04:46.928+0000] {processor.py:208} INFO - Processing /home/ubuntu/redfin_venv/lib/python3.12/site-packages/airflow/example_dags/tutorial_taskflow_templates.py took 0.095 seconds
[2025-03-06T01:05:19.122+0000] {processor.py:186} INFO - Started process (PID=5595) to work on /home/ubuntu/redfin_venv/lib/python3.12/site-packages/airflow/example_dags/tutorial_taskflow_templates.py
[2025-03-06T01:05:19.123+0000] {processor.py:914} INFO - Processing file /home/ubuntu/redfin_venv/lib/python3.12/site-packages/airflow/example_dags/tutorial_taskflow_templates.py for tasks to queue
[2025-03-06T01:05:19.126+0000] {logging_mixin.py:190} INFO - [2025-03-06T01:05:19.126+0000] {dagbag.py:588} INFO - Filling up the DagBag from /home/ubuntu/redfin_venv/lib/python3.12/site-packages/airflow/example_dags/tutorial_taskflow_templates.py
[2025-03-06T01:05:19.146+0000] {processor.py:925} INFO - DAG(s) 'tutorial_taskflow_templates' retrieved from /home/ubuntu/redfin_venv/lib/python3.12/site-packages/airflow/example_dags/tutorial_taskflow_templates.py
[2025-03-06T01:05:19.173+0000] {logging_mixin.py:190} INFO - [2025-03-06T01:05:19.173+0000] {dag.py:3239} INFO - Sync 1 DAGs
[2025-03-06T01:05:19.202+0000] {logging_mixin.py:190} INFO - [2025-03-06T01:05:19.201+0000] {dag.py:4180} INFO - Setting next_dagrun for tutorial_taskflow_templates to 2025-03-05 00:00:00+00:00, run_after=2025-03-06 00:00:00+00:00
[2025-03-06T01:05:19.234+0000] {processor.py:208} INFO - Processing /home/ubuntu/redfin_venv/lib/python3.12/site-packages/airflow/example_dags/tutorial_taskflow_templates.py took 0.121 seconds
[2025-03-06T01:05:51.768+0000] {processor.py:186} INFO - Started process (PID=5627) to work on /home/ubuntu/redfin_venv/lib/python3.12/site-packages/airflow/example_dags/tutorial_taskflow_templates.py
[2025-03-06T01:05:51.769+0000] {processor.py:914} INFO - Processing file /home/ubuntu/redfin_venv/lib/python3.12/site-packages/airflow/example_dags/tutorial_taskflow_templates.py for tasks to queue
[2025-03-06T01:05:51.771+0000] {logging_mixin.py:190} INFO - [2025-03-06T01:05:51.771+0000] {dagbag.py:588} INFO - Filling up the DagBag from /home/ubuntu/redfin_venv/lib/python3.12/site-packages/airflow/example_dags/tutorial_taskflow_templates.py
[2025-03-06T01:05:51.786+0000] {processor.py:925} INFO - DAG(s) 'tutorial_taskflow_templates' retrieved from /home/ubuntu/redfin_venv/lib/python3.12/site-packages/airflow/example_dags/tutorial_taskflow_templates.py
[2025-03-06T01:05:51.804+0000] {logging_mixin.py:190} INFO - [2025-03-06T01:05:51.804+0000] {dag.py:3239} INFO - Sync 1 DAGs
[2025-03-06T01:05:51.825+0000] {logging_mixin.py:190} INFO - [2025-03-06T01:05:51.825+0000] {dag.py:4180} INFO - Setting next_dagrun for tutorial_taskflow_templates to 2025-03-05 00:00:00+00:00, run_after=2025-03-06 00:00:00+00:00
[2025-03-06T01:05:51.849+0000] {processor.py:208} INFO - Processing /home/ubuntu/redfin_venv/lib/python3.12/site-packages/airflow/example_dags/tutorial_taskflow_templates.py took 0.088 seconds
[2025-03-06T01:06:54.477+0000] {processor.py:186} INFO - Started process (PID=5953) to work on /home/ubuntu/redfin_venv/lib/python3.12/site-packages/airflow/example_dags/tutorial_taskflow_templates.py
[2025-03-06T01:06:54.479+0000] {processor.py:914} INFO - Processing file /home/ubuntu/redfin_venv/lib/python3.12/site-packages/airflow/example_dags/tutorial_taskflow_templates.py for tasks to queue
[2025-03-06T01:06:54.484+0000] {logging_mixin.py:190} INFO - [2025-03-06T01:06:54.483+0000] {dagbag.py:588} INFO - Filling up the DagBag from /home/ubuntu/redfin_venv/lib/python3.12/site-packages/airflow/example_dags/tutorial_taskflow_templates.py
[2025-03-06T01:06:54.528+0000] {processor.py:925} INFO - DAG(s) 'tutorial_taskflow_templates' retrieved from /home/ubuntu/redfin_venv/lib/python3.12/site-packages/airflow/example_dags/tutorial_taskflow_templates.py
[2025-03-06T01:06:54.556+0000] {logging_mixin.py:190} INFO - [2025-03-06T01:06:54.556+0000] {dag.py:3239} INFO - Sync 1 DAGs
[2025-03-06T01:06:54.578+0000] {logging_mixin.py:190} INFO - [2025-03-06T01:06:54.578+0000] {dag.py:4180} INFO - Setting next_dagrun for tutorial_taskflow_templates to 2025-03-05 00:00:00+00:00, run_after=2025-03-06 00:00:00+00:00
[2025-03-06T01:06:54.602+0000] {processor.py:208} INFO - Processing /home/ubuntu/redfin_venv/lib/python3.12/site-packages/airflow/example_dags/tutorial_taskflow_templates.py took 0.136 seconds
[2025-03-06T01:07:55.734+0000] {processor.py:186} INFO - Started process (PID=6347) to work on /home/ubuntu/redfin_venv/lib/python3.12/site-packages/airflow/example_dags/tutorial_taskflow_templates.py
[2025-03-06T01:07:55.736+0000] {processor.py:914} INFO - Processing file /home/ubuntu/redfin_venv/lib/python3.12/site-packages/airflow/example_dags/tutorial_taskflow_templates.py for tasks to queue
[2025-03-06T01:07:55.738+0000] {logging_mixin.py:190} INFO - [2025-03-06T01:07:55.738+0000] {dagbag.py:588} INFO - Filling up the DagBag from /home/ubuntu/redfin_venv/lib/python3.12/site-packages/airflow/example_dags/tutorial_taskflow_templates.py
[2025-03-06T01:07:55.755+0000] {processor.py:925} INFO - DAG(s) 'tutorial_taskflow_templates' retrieved from /home/ubuntu/redfin_venv/lib/python3.12/site-packages/airflow/example_dags/tutorial_taskflow_templates.py
[2025-03-06T01:07:55.776+0000] {logging_mixin.py:190} INFO - [2025-03-06T01:07:55.776+0000] {dag.py:3239} INFO - Sync 1 DAGs
[2025-03-06T01:07:55.807+0000] {logging_mixin.py:190} INFO - [2025-03-06T01:07:55.807+0000] {dag.py:4180} INFO - Setting next_dagrun for tutorial_taskflow_templates to 2025-03-05 00:00:00+00:00, run_after=2025-03-06 00:00:00+00:00
[2025-03-06T01:07:55.837+0000] {processor.py:208} INFO - Processing /home/ubuntu/redfin_venv/lib/python3.12/site-packages/airflow/example_dags/tutorial_taskflow_templates.py took 0.109 seconds
[2025-03-06T01:08:56.065+0000] {processor.py:186} INFO - Started process (PID=6611) to work on /home/ubuntu/redfin_venv/lib/python3.12/site-packages/airflow/example_dags/tutorial_taskflow_templates.py
[2025-03-06T01:08:56.067+0000] {processor.py:914} INFO - Processing file /home/ubuntu/redfin_venv/lib/python3.12/site-packages/airflow/example_dags/tutorial_taskflow_templates.py for tasks to queue
[2025-03-06T01:08:56.070+0000] {logging_mixin.py:190} INFO - [2025-03-06T01:08:56.069+0000] {dagbag.py:588} INFO - Filling up the DagBag from /home/ubuntu/redfin_venv/lib/python3.12/site-packages/airflow/example_dags/tutorial_taskflow_templates.py
[2025-03-06T01:08:56.090+0000] {processor.py:925} INFO - DAG(s) 'tutorial_taskflow_templates' retrieved from /home/ubuntu/redfin_venv/lib/python3.12/site-packages/airflow/example_dags/tutorial_taskflow_templates.py
[2025-03-06T01:08:56.114+0000] {logging_mixin.py:190} INFO - [2025-03-06T01:08:56.113+0000] {dag.py:3239} INFO - Sync 1 DAGs
[2025-03-06T01:08:56.144+0000] {logging_mixin.py:190} INFO - [2025-03-06T01:08:56.144+0000] {dag.py:4180} INFO - Setting next_dagrun for tutorial_taskflow_templates to 2025-03-05 00:00:00+00:00, run_after=2025-03-06 00:00:00+00:00
[2025-03-06T01:08:56.171+0000] {processor.py:208} INFO - Processing /home/ubuntu/redfin_venv/lib/python3.12/site-packages/airflow/example_dags/tutorial_taskflow_templates.py took 0.112 seconds
[2025-03-06T01:09:28.263+0000] {processor.py:186} INFO - Started process (PID=6796) to work on /home/ubuntu/redfin_venv/lib/python3.12/site-packages/airflow/example_dags/tutorial_taskflow_templates.py
[2025-03-06T01:09:28.263+0000] {processor.py:914} INFO - Processing file /home/ubuntu/redfin_venv/lib/python3.12/site-packages/airflow/example_dags/tutorial_taskflow_templates.py for tasks to queue
[2025-03-06T01:09:28.266+0000] {logging_mixin.py:190} INFO - [2025-03-06T01:09:28.266+0000] {dagbag.py:588} INFO - Filling up the DagBag from /home/ubuntu/redfin_venv/lib/python3.12/site-packages/airflow/example_dags/tutorial_taskflow_templates.py
[2025-03-06T01:09:28.281+0000] {processor.py:925} INFO - DAG(s) 'tutorial_taskflow_templates' retrieved from /home/ubuntu/redfin_venv/lib/python3.12/site-packages/airflow/example_dags/tutorial_taskflow_templates.py
[2025-03-06T01:09:28.301+0000] {logging_mixin.py:190} INFO - [2025-03-06T01:09:28.300+0000] {dag.py:3239} INFO - Sync 1 DAGs
[2025-03-06T01:09:28.322+0000] {logging_mixin.py:190} INFO - [2025-03-06T01:09:28.322+0000] {dag.py:4180} INFO - Setting next_dagrun for tutorial_taskflow_templates to 2025-03-05 00:00:00+00:00, run_after=2025-03-06 00:00:00+00:00
[2025-03-06T01:09:28.346+0000] {processor.py:208} INFO - Processing /home/ubuntu/redfin_venv/lib/python3.12/site-packages/airflow/example_dags/tutorial_taskflow_templates.py took 0.090 seconds
[2025-03-06T01:10:00.373+0000] {processor.py:186} INFO - Started process (PID=6826) to work on /home/ubuntu/redfin_venv/lib/python3.12/site-packages/airflow/example_dags/tutorial_taskflow_templates.py
[2025-03-06T01:10:00.375+0000] {processor.py:914} INFO - Processing file /home/ubuntu/redfin_venv/lib/python3.12/site-packages/airflow/example_dags/tutorial_taskflow_templates.py for tasks to queue
[2025-03-06T01:10:00.377+0000] {logging_mixin.py:190} INFO - [2025-03-06T01:10:00.377+0000] {dagbag.py:588} INFO - Filling up the DagBag from /home/ubuntu/redfin_venv/lib/python3.12/site-packages/airflow/example_dags/tutorial_taskflow_templates.py
[2025-03-06T01:10:00.393+0000] {processor.py:925} INFO - DAG(s) 'tutorial_taskflow_templates' retrieved from /home/ubuntu/redfin_venv/lib/python3.12/site-packages/airflow/example_dags/tutorial_taskflow_templates.py
[2025-03-06T01:10:00.413+0000] {logging_mixin.py:190} INFO - [2025-03-06T01:10:00.413+0000] {dag.py:3239} INFO - Sync 1 DAGs
[2025-03-06T01:10:00.437+0000] {logging_mixin.py:190} INFO - [2025-03-06T01:10:00.436+0000] {dag.py:4180} INFO - Setting next_dagrun for tutorial_taskflow_templates to 2025-03-05 00:00:00+00:00, run_after=2025-03-06 00:00:00+00:00
[2025-03-06T01:10:00.461+0000] {processor.py:208} INFO - Processing /home/ubuntu/redfin_venv/lib/python3.12/site-packages/airflow/example_dags/tutorial_taskflow_templates.py took 0.094 seconds
[2025-03-06T01:11:01.808+0000] {processor.py:186} INFO - Started process (PID=6949) to work on /home/ubuntu/redfin_venv/lib/python3.12/site-packages/airflow/example_dags/tutorial_taskflow_templates.py
[2025-03-06T01:11:01.810+0000] {processor.py:914} INFO - Processing file /home/ubuntu/redfin_venv/lib/python3.12/site-packages/airflow/example_dags/tutorial_taskflow_templates.py for tasks to queue
[2025-03-06T01:11:01.813+0000] {logging_mixin.py:190} INFO - [2025-03-06T01:11:01.812+0000] {dagbag.py:588} INFO - Filling up the DagBag from /home/ubuntu/redfin_venv/lib/python3.12/site-packages/airflow/example_dags/tutorial_taskflow_templates.py
[2025-03-06T01:11:01.840+0000] {processor.py:925} INFO - DAG(s) 'tutorial_taskflow_templates' retrieved from /home/ubuntu/redfin_venv/lib/python3.12/site-packages/airflow/example_dags/tutorial_taskflow_templates.py
[2025-03-06T01:11:01.860+0000] {logging_mixin.py:190} INFO - [2025-03-06T01:11:01.859+0000] {dag.py:3239} INFO - Sync 1 DAGs
[2025-03-06T01:11:01.888+0000] {logging_mixin.py:190} INFO - [2025-03-06T01:11:01.888+0000] {dag.py:4180} INFO - Setting next_dagrun for tutorial_taskflow_templates to 2025-03-05 00:00:00+00:00, run_after=2025-03-06 00:00:00+00:00
[2025-03-06T01:11:01.920+0000] {processor.py:208} INFO - Processing /home/ubuntu/redfin_venv/lib/python3.12/site-packages/airflow/example_dags/tutorial_taskflow_templates.py took 0.126 seconds
[2025-03-06T01:12:04.739+0000] {processor.py:186} INFO - Started process (PID=7068) to work on /home/ubuntu/redfin_venv/lib/python3.12/site-packages/airflow/example_dags/tutorial_taskflow_templates.py
[2025-03-06T01:12:04.741+0000] {processor.py:914} INFO - Processing file /home/ubuntu/redfin_venv/lib/python3.12/site-packages/airflow/example_dags/tutorial_taskflow_templates.py for tasks to queue
[2025-03-06T01:12:04.744+0000] {logging_mixin.py:190} INFO - [2025-03-06T01:12:04.743+0000] {dagbag.py:588} INFO - Filling up the DagBag from /home/ubuntu/redfin_venv/lib/python3.12/site-packages/airflow/example_dags/tutorial_taskflow_templates.py
[2025-03-06T01:12:04.762+0000] {processor.py:925} INFO - DAG(s) 'tutorial_taskflow_templates' retrieved from /home/ubuntu/redfin_venv/lib/python3.12/site-packages/airflow/example_dags/tutorial_taskflow_templates.py
[2025-03-06T01:12:04.786+0000] {logging_mixin.py:190} INFO - [2025-03-06T01:12:04.785+0000] {dag.py:3239} INFO - Sync 1 DAGs
[2025-03-06T01:12:04.813+0000] {logging_mixin.py:190} INFO - [2025-03-06T01:12:04.812+0000] {dag.py:4180} INFO - Setting next_dagrun for tutorial_taskflow_templates to 2025-03-05 00:00:00+00:00, run_after=2025-03-06 00:00:00+00:00
[2025-03-06T01:12:04.849+0000] {processor.py:208} INFO - Processing /home/ubuntu/redfin_venv/lib/python3.12/site-packages/airflow/example_dags/tutorial_taskflow_templates.py took 0.116 seconds
[2025-03-06T01:12:38.747+0000] {processor.py:186} INFO - Started process (PID=7160) to work on /home/ubuntu/redfin_venv/lib/python3.12/site-packages/airflow/example_dags/tutorial_taskflow_templates.py
[2025-03-06T01:12:38.748+0000] {processor.py:914} INFO - Processing file /home/ubuntu/redfin_venv/lib/python3.12/site-packages/airflow/example_dags/tutorial_taskflow_templates.py for tasks to queue
[2025-03-06T01:12:38.751+0000] {logging_mixin.py:190} INFO - [2025-03-06T01:12:38.750+0000] {dagbag.py:588} INFO - Filling up the DagBag from /home/ubuntu/redfin_venv/lib/python3.12/site-packages/airflow/example_dags/tutorial_taskflow_templates.py
[2025-03-06T01:12:38.782+0000] {processor.py:925} INFO - DAG(s) 'tutorial_taskflow_templates' retrieved from /home/ubuntu/redfin_venv/lib/python3.12/site-packages/airflow/example_dags/tutorial_taskflow_templates.py
[2025-03-06T01:12:38.823+0000] {logging_mixin.py:190} INFO - [2025-03-06T01:12:38.822+0000] {dag.py:3239} INFO - Sync 1 DAGs
[2025-03-06T01:12:38.865+0000] {logging_mixin.py:190} INFO - [2025-03-06T01:12:38.865+0000] {dag.py:4180} INFO - Setting next_dagrun for tutorial_taskflow_templates to 2025-03-05 00:00:00+00:00, run_after=2025-03-06 00:00:00+00:00
[2025-03-06T01:12:38.895+0000] {processor.py:208} INFO - Processing /home/ubuntu/redfin_venv/lib/python3.12/site-packages/airflow/example_dags/tutorial_taskflow_templates.py took 0.158 seconds
[2025-03-06T01:13:38.798+0000] {processor.py:186} INFO - Started process (PID=7340) to work on /home/ubuntu/redfin_venv/lib/python3.12/site-packages/airflow/example_dags/tutorial_taskflow_templates.py
[2025-03-06T01:13:38.800+0000] {processor.py:914} INFO - Processing file /home/ubuntu/redfin_venv/lib/python3.12/site-packages/airflow/example_dags/tutorial_taskflow_templates.py for tasks to queue
[2025-03-06T01:13:38.804+0000] {logging_mixin.py:190} INFO - [2025-03-06T01:13:38.803+0000] {dagbag.py:588} INFO - Filling up the DagBag from /home/ubuntu/redfin_venv/lib/python3.12/site-packages/airflow/example_dags/tutorial_taskflow_templates.py
[2025-03-06T01:13:38.823+0000] {processor.py:925} INFO - DAG(s) 'tutorial_taskflow_templates' retrieved from /home/ubuntu/redfin_venv/lib/python3.12/site-packages/airflow/example_dags/tutorial_taskflow_templates.py
[2025-03-06T01:13:38.847+0000] {logging_mixin.py:190} INFO - [2025-03-06T01:13:38.847+0000] {dag.py:3239} INFO - Sync 1 DAGs
[2025-03-06T01:13:38.879+0000] {logging_mixin.py:190} INFO - [2025-03-06T01:13:38.879+0000] {dag.py:4180} INFO - Setting next_dagrun for tutorial_taskflow_templates to 2025-03-05 00:00:00+00:00, run_after=2025-03-06 00:00:00+00:00
[2025-03-06T01:13:38.907+0000] {processor.py:208} INFO - Processing /home/ubuntu/redfin_venv/lib/python3.12/site-packages/airflow/example_dags/tutorial_taskflow_templates.py took 0.117 seconds
[2025-03-06T01:14:11.390+0000] {processor.py:186} INFO - Started process (PID=7370) to work on /home/ubuntu/redfin_venv/lib/python3.12/site-packages/airflow/example_dags/tutorial_taskflow_templates.py
[2025-03-06T01:14:11.391+0000] {processor.py:914} INFO - Processing file /home/ubuntu/redfin_venv/lib/python3.12/site-packages/airflow/example_dags/tutorial_taskflow_templates.py for tasks to queue
[2025-03-06T01:14:11.400+0000] {logging_mixin.py:190} INFO - [2025-03-06T01:14:11.399+0000] {dagbag.py:588} INFO - Filling up the DagBag from /home/ubuntu/redfin_venv/lib/python3.12/site-packages/airflow/example_dags/tutorial_taskflow_templates.py
[2025-03-06T01:14:11.424+0000] {processor.py:925} INFO - DAG(s) 'tutorial_taskflow_templates' retrieved from /home/ubuntu/redfin_venv/lib/python3.12/site-packages/airflow/example_dags/tutorial_taskflow_templates.py
[2025-03-06T01:14:11.446+0000] {logging_mixin.py:190} INFO - [2025-03-06T01:14:11.445+0000] {dag.py:3239} INFO - Sync 1 DAGs
[2025-03-06T01:14:11.468+0000] {logging_mixin.py:190} INFO - [2025-03-06T01:14:11.468+0000] {dag.py:4180} INFO - Setting next_dagrun for tutorial_taskflow_templates to 2025-03-05 00:00:00+00:00, run_after=2025-03-06 00:00:00+00:00
[2025-03-06T01:14:11.493+0000] {processor.py:208} INFO - Processing /home/ubuntu/redfin_venv/lib/python3.12/site-packages/airflow/example_dags/tutorial_taskflow_templates.py took 0.109 seconds
[2025-03-06T01:15:10.274+0000] {processor.py:186} INFO - Started process (PID=7612) to work on /home/ubuntu/redfin_venv/lib/python3.12/site-packages/airflow/example_dags/tutorial_taskflow_templates.py
[2025-03-06T01:15:10.276+0000] {processor.py:914} INFO - Processing file /home/ubuntu/redfin_venv/lib/python3.12/site-packages/airflow/example_dags/tutorial_taskflow_templates.py for tasks to queue
[2025-03-06T01:15:10.279+0000] {logging_mixin.py:190} INFO - [2025-03-06T01:15:10.278+0000] {dagbag.py:588} INFO - Filling up the DagBag from /home/ubuntu/redfin_venv/lib/python3.12/site-packages/airflow/example_dags/tutorial_taskflow_templates.py
[2025-03-06T01:15:10.295+0000] {processor.py:925} INFO - DAG(s) 'tutorial_taskflow_templates' retrieved from /home/ubuntu/redfin_venv/lib/python3.12/site-packages/airflow/example_dags/tutorial_taskflow_templates.py
[2025-03-06T01:15:10.314+0000] {logging_mixin.py:190} INFO - [2025-03-06T01:15:10.314+0000] {dag.py:3239} INFO - Sync 1 DAGs
[2025-03-06T01:15:10.338+0000] {logging_mixin.py:190} INFO - [2025-03-06T01:15:10.338+0000] {dag.py:4180} INFO - Setting next_dagrun for tutorial_taskflow_templates to 2025-03-05 00:00:00+00:00, run_after=2025-03-06 00:00:00+00:00
[2025-03-06T01:15:10.362+0000] {processor.py:208} INFO - Processing /home/ubuntu/redfin_venv/lib/python3.12/site-packages/airflow/example_dags/tutorial_taskflow_templates.py took 0.096 seconds
[2025-03-06T01:15:43.507+0000] {processor.py:186} INFO - Started process (PID=7763) to work on /home/ubuntu/redfin_venv/lib/python3.12/site-packages/airflow/example_dags/tutorial_taskflow_templates.py
[2025-03-06T01:15:43.508+0000] {processor.py:914} INFO - Processing file /home/ubuntu/redfin_venv/lib/python3.12/site-packages/airflow/example_dags/tutorial_taskflow_templates.py for tasks to queue
[2025-03-06T01:15:43.511+0000] {logging_mixin.py:190} INFO - [2025-03-06T01:15:43.511+0000] {dagbag.py:588} INFO - Filling up the DagBag from /home/ubuntu/redfin_venv/lib/python3.12/site-packages/airflow/example_dags/tutorial_taskflow_templates.py
[2025-03-06T01:15:43.536+0000] {processor.py:925} INFO - DAG(s) 'tutorial_taskflow_templates' retrieved from /home/ubuntu/redfin_venv/lib/python3.12/site-packages/airflow/example_dags/tutorial_taskflow_templates.py
[2025-03-06T01:15:43.566+0000] {logging_mixin.py:190} INFO - [2025-03-06T01:15:43.565+0000] {dag.py:3239} INFO - Sync 1 DAGs
[2025-03-06T01:15:43.602+0000] {logging_mixin.py:190} INFO - [2025-03-06T01:15:43.602+0000] {dag.py:4180} INFO - Setting next_dagrun for tutorial_taskflow_templates to 2025-03-05 00:00:00+00:00, run_after=2025-03-06 00:00:00+00:00
[2025-03-06T01:15:43.650+0000] {processor.py:208} INFO - Processing /home/ubuntu/redfin_venv/lib/python3.12/site-packages/airflow/example_dags/tutorial_taskflow_templates.py took 0.151 seconds
[2025-03-06T01:16:14.726+0000] {processor.py:186} INFO - Started process (PID=7793) to work on /home/ubuntu/redfin_venv/lib/python3.12/site-packages/airflow/example_dags/tutorial_taskflow_templates.py
[2025-03-06T01:16:14.727+0000] {processor.py:914} INFO - Processing file /home/ubuntu/redfin_venv/lib/python3.12/site-packages/airflow/example_dags/tutorial_taskflow_templates.py for tasks to queue
[2025-03-06T01:16:14.729+0000] {logging_mixin.py:190} INFO - [2025-03-06T01:16:14.729+0000] {dagbag.py:588} INFO - Filling up the DagBag from /home/ubuntu/redfin_venv/lib/python3.12/site-packages/airflow/example_dags/tutorial_taskflow_templates.py
[2025-03-06T01:16:14.743+0000] {processor.py:925} INFO - DAG(s) 'tutorial_taskflow_templates' retrieved from /home/ubuntu/redfin_venv/lib/python3.12/site-packages/airflow/example_dags/tutorial_taskflow_templates.py
[2025-03-06T01:16:14.761+0000] {logging_mixin.py:190} INFO - [2025-03-06T01:16:14.761+0000] {dag.py:3239} INFO - Sync 1 DAGs
[2025-03-06T01:16:14.782+0000] {logging_mixin.py:190} INFO - [2025-03-06T01:16:14.781+0000] {dag.py:4180} INFO - Setting next_dagrun for tutorial_taskflow_templates to 2025-03-05 00:00:00+00:00, run_after=2025-03-06 00:00:00+00:00
[2025-03-06T01:16:14.805+0000] {processor.py:208} INFO - Processing /home/ubuntu/redfin_venv/lib/python3.12/site-packages/airflow/example_dags/tutorial_taskflow_templates.py took 0.112 seconds
[2025-03-06T01:17:15.100+0000] {processor.py:186} INFO - Started process (PID=7974) to work on /home/ubuntu/redfin_venv/lib/python3.12/site-packages/airflow/example_dags/tutorial_taskflow_templates.py
[2025-03-06T01:17:15.102+0000] {processor.py:914} INFO - Processing file /home/ubuntu/redfin_venv/lib/python3.12/site-packages/airflow/example_dags/tutorial_taskflow_templates.py for tasks to queue
[2025-03-06T01:17:15.104+0000] {logging_mixin.py:190} INFO - [2025-03-06T01:17:15.104+0000] {dagbag.py:588} INFO - Filling up the DagBag from /home/ubuntu/redfin_venv/lib/python3.12/site-packages/airflow/example_dags/tutorial_taskflow_templates.py
[2025-03-06T01:17:15.120+0000] {processor.py:925} INFO - DAG(s) 'tutorial_taskflow_templates' retrieved from /home/ubuntu/redfin_venv/lib/python3.12/site-packages/airflow/example_dags/tutorial_taskflow_templates.py
[2025-03-06T01:17:15.139+0000] {logging_mixin.py:190} INFO - [2025-03-06T01:17:15.139+0000] {dag.py:3239} INFO - Sync 1 DAGs
[2025-03-06T01:17:15.162+0000] {logging_mixin.py:190} INFO - [2025-03-06T01:17:15.162+0000] {dag.py:4180} INFO - Setting next_dagrun for tutorial_taskflow_templates to 2025-03-05 00:00:00+00:00, run_after=2025-03-06 00:00:00+00:00
[2025-03-06T01:17:15.184+0000] {processor.py:208} INFO - Processing /home/ubuntu/redfin_venv/lib/python3.12/site-packages/airflow/example_dags/tutorial_taskflow_templates.py took 0.091 seconds
[2025-03-06T01:18:14.634+0000] {processor.py:186} INFO - Started process (PID=8254) to work on /home/ubuntu/redfin_venv/lib/python3.12/site-packages/airflow/example_dags/tutorial_taskflow_templates.py
[2025-03-06T01:18:14.636+0000] {processor.py:914} INFO - Processing file /home/ubuntu/redfin_venv/lib/python3.12/site-packages/airflow/example_dags/tutorial_taskflow_templates.py for tasks to queue
[2025-03-06T01:18:14.639+0000] {logging_mixin.py:190} INFO - [2025-03-06T01:18:14.638+0000] {dagbag.py:588} INFO - Filling up the DagBag from /home/ubuntu/redfin_venv/lib/python3.12/site-packages/airflow/example_dags/tutorial_taskflow_templates.py
[2025-03-06T01:18:14.654+0000] {processor.py:925} INFO - DAG(s) 'tutorial_taskflow_templates' retrieved from /home/ubuntu/redfin_venv/lib/python3.12/site-packages/airflow/example_dags/tutorial_taskflow_templates.py
[2025-03-06T01:18:14.672+0000] {logging_mixin.py:190} INFO - [2025-03-06T01:18:14.672+0000] {dag.py:3239} INFO - Sync 1 DAGs
[2025-03-06T01:18:14.693+0000] {logging_mixin.py:190} INFO - [2025-03-06T01:18:14.693+0000] {dag.py:4180} INFO - Setting next_dagrun for tutorial_taskflow_templates to 2025-03-05 00:00:00+00:00, run_after=2025-03-06 00:00:00+00:00
[2025-03-06T01:18:14.717+0000] {processor.py:208} INFO - Processing /home/ubuntu/redfin_venv/lib/python3.12/site-packages/airflow/example_dags/tutorial_taskflow_templates.py took 0.090 seconds
[2025-03-06T01:18:46.693+0000] {processor.py:186} INFO - Started process (PID=8464) to work on /home/ubuntu/redfin_venv/lib/python3.12/site-packages/airflow/example_dags/tutorial_taskflow_templates.py
[2025-03-06T01:18:46.695+0000] {processor.py:914} INFO - Processing file /home/ubuntu/redfin_venv/lib/python3.12/site-packages/airflow/example_dags/tutorial_taskflow_templates.py for tasks to queue
[2025-03-06T01:18:46.697+0000] {logging_mixin.py:190} INFO - [2025-03-06T01:18:46.696+0000] {dagbag.py:588} INFO - Filling up the DagBag from /home/ubuntu/redfin_venv/lib/python3.12/site-packages/airflow/example_dags/tutorial_taskflow_templates.py
[2025-03-06T01:18:46.725+0000] {processor.py:925} INFO - DAG(s) 'tutorial_taskflow_templates' retrieved from /home/ubuntu/redfin_venv/lib/python3.12/site-packages/airflow/example_dags/tutorial_taskflow_templates.py
[2025-03-06T01:18:46.748+0000] {logging_mixin.py:190} INFO - [2025-03-06T01:18:46.747+0000] {dag.py:3239} INFO - Sync 1 DAGs
[2025-03-06T01:18:46.776+0000] {logging_mixin.py:190} INFO - [2025-03-06T01:18:46.775+0000] {dag.py:4180} INFO - Setting next_dagrun for tutorial_taskflow_templates to 2025-03-05 00:00:00+00:00, run_after=2025-03-06 00:00:00+00:00
[2025-03-06T01:18:46.806+0000] {processor.py:208} INFO - Processing /home/ubuntu/redfin_venv/lib/python3.12/site-packages/airflow/example_dags/tutorial_taskflow_templates.py took 0.124 seconds
[2025-03-06T01:19:19.931+0000] {processor.py:186} INFO - Started process (PID=8554) to work on /home/ubuntu/redfin_venv/lib/python3.12/site-packages/airflow/example_dags/tutorial_taskflow_templates.py
[2025-03-06T01:19:19.932+0000] {processor.py:914} INFO - Processing file /home/ubuntu/redfin_venv/lib/python3.12/site-packages/airflow/example_dags/tutorial_taskflow_templates.py for tasks to queue
[2025-03-06T01:19:19.935+0000] {logging_mixin.py:190} INFO - [2025-03-06T01:19:19.935+0000] {dagbag.py:588} INFO - Filling up the DagBag from /home/ubuntu/redfin_venv/lib/python3.12/site-packages/airflow/example_dags/tutorial_taskflow_templates.py
[2025-03-06T01:19:19.952+0000] {processor.py:925} INFO - DAG(s) 'tutorial_taskflow_templates' retrieved from /home/ubuntu/redfin_venv/lib/python3.12/site-packages/airflow/example_dags/tutorial_taskflow_templates.py
[2025-03-06T01:19:19.975+0000] {logging_mixin.py:190} INFO - [2025-03-06T01:19:19.974+0000] {dag.py:3239} INFO - Sync 1 DAGs
[2025-03-06T01:19:20.003+0000] {logging_mixin.py:190} INFO - [2025-03-06T01:19:20.002+0000] {dag.py:4180} INFO - Setting next_dagrun for tutorial_taskflow_templates to 2025-03-05 00:00:00+00:00, run_after=2025-03-06 00:00:00+00:00
[2025-03-06T01:19:20.034+0000] {processor.py:208} INFO - Processing /home/ubuntu/redfin_venv/lib/python3.12/site-packages/airflow/example_dags/tutorial_taskflow_templates.py took 0.111 seconds
[2025-03-06T01:19:53.692+0000] {processor.py:186} INFO - Started process (PID=8585) to work on /home/ubuntu/redfin_venv/lib/python3.12/site-packages/airflow/example_dags/tutorial_taskflow_templates.py
[2025-03-06T01:19:53.694+0000] {processor.py:914} INFO - Processing file /home/ubuntu/redfin_venv/lib/python3.12/site-packages/airflow/example_dags/tutorial_taskflow_templates.py for tasks to queue
[2025-03-06T01:19:53.697+0000] {logging_mixin.py:190} INFO - [2025-03-06T01:19:53.696+0000] {dagbag.py:588} INFO - Filling up the DagBag from /home/ubuntu/redfin_venv/lib/python3.12/site-packages/airflow/example_dags/tutorial_taskflow_templates.py
[2025-03-06T01:19:53.714+0000] {processor.py:925} INFO - DAG(s) 'tutorial_taskflow_templates' retrieved from /home/ubuntu/redfin_venv/lib/python3.12/site-packages/airflow/example_dags/tutorial_taskflow_templates.py
[2025-03-06T01:19:53.734+0000] {logging_mixin.py:190} INFO - [2025-03-06T01:19:53.734+0000] {dag.py:3239} INFO - Sync 1 DAGs
[2025-03-06T01:19:53.761+0000] {logging_mixin.py:190} INFO - [2025-03-06T01:19:53.761+0000] {dag.py:4180} INFO - Setting next_dagrun for tutorial_taskflow_templates to 2025-03-05 00:00:00+00:00, run_after=2025-03-06 00:00:00+00:00
[2025-03-06T01:19:53.786+0000] {processor.py:208} INFO - Processing /home/ubuntu/redfin_venv/lib/python3.12/site-packages/airflow/example_dags/tutorial_taskflow_templates.py took 0.101 seconds
[2025-03-06T01:22:48.128+0000] {processor.py:186} INFO - Started process (PID=9654) to work on /home/ubuntu/redfin_venv/lib/python3.12/site-packages/airflow/example_dags/tutorial_taskflow_templates.py
[2025-03-06T01:22:48.130+0000] {processor.py:914} INFO - Processing file /home/ubuntu/redfin_venv/lib/python3.12/site-packages/airflow/example_dags/tutorial_taskflow_templates.py for tasks to queue
[2025-03-06T01:22:48.132+0000] {logging_mixin.py:190} INFO - [2025-03-06T01:22:48.131+0000] {dagbag.py:588} INFO - Filling up the DagBag from /home/ubuntu/redfin_venv/lib/python3.12/site-packages/airflow/example_dags/tutorial_taskflow_templates.py
[2025-03-06T01:22:48.155+0000] {processor.py:925} INFO - DAG(s) 'tutorial_taskflow_templates' retrieved from /home/ubuntu/redfin_venv/lib/python3.12/site-packages/airflow/example_dags/tutorial_taskflow_templates.py
[2025-03-06T01:22:48.185+0000] {logging_mixin.py:190} INFO - [2025-03-06T01:22:48.185+0000] {dag.py:3239} INFO - Sync 1 DAGs
[2025-03-06T01:22:48.215+0000] {logging_mixin.py:190} INFO - [2025-03-06T01:22:48.215+0000] {dag.py:4180} INFO - Setting next_dagrun for tutorial_taskflow_templates to 2025-03-05 00:00:00+00:00, run_after=2025-03-06 00:00:00+00:00
[2025-03-06T01:22:48.243+0000] {processor.py:208} INFO - Processing /home/ubuntu/redfin_venv/lib/python3.12/site-packages/airflow/example_dags/tutorial_taskflow_templates.py took 0.123 seconds
