[2025-03-11T21:15:18.379+0000] {local_task_job_runner.py:123} INFO - ::group::Pre task execution logs
[2025-03-11T21:15:18.390+0000] {taskinstance.py:2614} INFO - Dependencies all met for dep_context=non-requeueable deps ti=<TaskInstance: redfin_analytics_dag.tsk_transform_redfin_data manual__2025-03-11T21:02:19.139782+00:00 [queued]>
[2025-03-11T21:15:18.396+0000] {taskinstance.py:2614} INFO - Dependencies all met for dep_context=requeueable deps ti=<TaskInstance: redfin_analytics_dag.tsk_transform_redfin_data manual__2025-03-11T21:02:19.139782+00:00 [queued]>
[2025-03-11T21:15:18.397+0000] {taskinstance.py:2867} INFO - Starting attempt 2 of 3
[2025-03-11T21:15:18.413+0000] {taskinstance.py:2890} INFO - Executing <Task(PythonOperator): tsk_transform_redfin_data> on 2025-03-11 21:02:19.139782+00:00
[2025-03-11T21:15:18.418+0000] {standard_task_runner.py:72} INFO - Started process 20242 to run task
[2025-03-11T21:15:18.421+0000] {standard_task_runner.py:104} INFO - Running: ['airflow', 'tasks', 'run', 'redfin_analytics_dag', 'tsk_transform_redfin_data', 'manual__2025-03-11T21:02:19.139782+00:00', '--job-id', '110', '--raw', '--subdir', 'DAGS_FOLDER/redfin_analytics.py', '--cfg-path', '/tmp/tmpkb6omo_g']
[2025-03-11T21:15:18.421+0000] {standard_task_runner.py:105} INFO - Job 110: Subtask tsk_transform_redfin_data
[2025-03-11T21:15:18.461+0000] {task_command.py:467} INFO - Running <TaskInstance: redfin_analytics_dag.tsk_transform_redfin_data manual__2025-03-11T21:02:19.139782+00:00 [running]> on host ip-172-31-7-71.eu-west-2.compute.internal
[2025-03-11T21:15:18.510+0000] {taskinstance.py:3134} INFO - Exporting env vars: AIRFLOW_CTX_DAG_EMAIL='dengineer420@gmail.com' AIRFLOW_CTX_DAG_OWNER='Rahul' AIRFLOW_CTX_DAG_ID='redfin_analytics_dag' AIRFLOW_CTX_TASK_ID='tsk_transform_redfin_data' AIRFLOW_CTX_EXECUTION_DATE='2025-03-11T21:02:19.139782+00:00' AIRFLOW_CTX_TRY_NUMBER='2' AIRFLOW_CTX_DAG_RUN_ID='manual__2025-03-11T21:02:19.139782+00:00'
[2025-03-11T21:15:18.511+0000] {logging_mixin.py:190} INFO - Task instance is in running state
[2025-03-11T21:15:18.511+0000] {logging_mixin.py:190} INFO -  Previous state of the Task instance: queued
[2025-03-11T21:15:18.511+0000] {logging_mixin.py:190} INFO - Current task name:tsk_transform_redfin_data state:running start_date:2025-03-11 21:15:18.391131+00:00
[2025-03-11T21:15:18.511+0000] {logging_mixin.py:190} INFO - Dag name:redfin_analytics_dag and current dag run status:running
[2025-03-11T21:15:18.512+0000] {taskinstance.py:732} INFO - ::endgroup::
[2025-03-11T21:15:18.533+0000] {credentials.py:670} INFO - Found credentials in shared credentials file: ~/.aws/credentials
[2025-03-11T21:15:20.463+0000] {logging_mixin.py:190} INFO - Number of rows:  78387
[2025-03-11T21:15:20.463+0000] {logging_mixin.py:190} INFO - Number of columns:  28
[2025-03-11T21:15:22.200+0000] {logging_mixin.py:190} INFO - Number of rows:  78389
[2025-03-11T21:15:22.201+0000] {logging_mixin.py:190} INFO - Number of columns:  28
[2025-03-11T21:15:23.993+0000] {logging_mixin.py:190} INFO - Number of rows:  78363
[2025-03-11T21:15:23.993+0000] {logging_mixin.py:190} INFO - Number of columns:  28
[2025-03-11T21:15:25.755+0000] {logging_mixin.py:190} INFO - Number of rows:  78201
[2025-03-11T21:15:25.755+0000] {logging_mixin.py:190} INFO - Number of columns:  28
[2025-03-11T21:15:27.486+0000] {logging_mixin.py:190} INFO - Number of rows:  78693
[2025-03-11T21:15:27.486+0000] {logging_mixin.py:190} INFO - Number of columns:  28
[2025-03-11T21:15:29.266+0000] {logging_mixin.py:190} INFO - Number of rows:  78486
[2025-03-11T21:15:29.267+0000] {logging_mixin.py:190} INFO - Number of columns:  28
[2025-03-11T21:15:30.956+0000] {logging_mixin.py:190} INFO - Number of rows:  78707
[2025-03-11T21:15:30.957+0000] {logging_mixin.py:190} INFO - Number of columns:  28
[2025-03-11T21:15:32.761+0000] {logging_mixin.py:190} INFO - Number of rows:  78690
[2025-03-11T21:15:32.762+0000] {logging_mixin.py:190} INFO - Number of columns:  28
[2025-03-11T21:15:34.894+0000] {logging_mixin.py:190} INFO - Number of rows:  78540
[2025-03-11T21:15:34.894+0000] {logging_mixin.py:190} INFO - Number of columns:  28
[2025-03-11T21:15:36.712+0000] {logging_mixin.py:190} INFO - Number of rows:  78598
[2025-03-11T21:15:36.713+0000] {logging_mixin.py:190} INFO - Number of columns:  28
[2025-03-11T21:15:38.518+0000] {logging_mixin.py:190} INFO - Number of rows:  78437
[2025-03-11T21:15:38.519+0000] {logging_mixin.py:190} INFO - Number of columns:  28
[2025-03-11T21:15:40.323+0000] {logging_mixin.py:190} INFO - Number of rows:  78420
[2025-03-11T21:15:40.324+0000] {logging_mixin.py:190} INFO - Number of columns:  28
[2025-03-11T21:15:42.111+0000] {logging_mixin.py:190} INFO - Number of rows:  78406
[2025-03-11T21:15:42.111+0000] {logging_mixin.py:190} INFO - Number of columns:  28
[2025-03-11T21:15:43.837+0000] {logging_mixin.py:190} INFO - Number of rows:  78494
[2025-03-11T21:15:43.838+0000] {logging_mixin.py:190} INFO - Number of columns:  28
[2025-03-11T21:15:45.584+0000] {logging_mixin.py:190} INFO - Number of rows:  78203
[2025-03-11T21:15:45.584+0000] {logging_mixin.py:190} INFO - Number of columns:  28
[2025-03-11T21:15:47.307+0000] {logging_mixin.py:190} INFO - Number of rows:  78348
[2025-03-11T21:15:47.307+0000] {logging_mixin.py:190} INFO - Number of columns:  28
[2025-03-11T21:15:49.092+0000] {logging_mixin.py:190} INFO - Number of rows:  78111
[2025-03-11T21:15:49.092+0000] {logging_mixin.py:190} INFO - Number of columns:  28
[2025-03-11T21:15:50.821+0000] {logging_mixin.py:190} INFO - Number of rows:  78130
[2025-03-11T21:15:50.821+0000] {logging_mixin.py:190} INFO - Number of columns:  28
[2025-03-11T21:15:52.685+0000] {logging_mixin.py:190} INFO - Number of rows:  77966
[2025-03-11T21:15:52.685+0000] {logging_mixin.py:190} INFO - Number of columns:  28
[2025-03-11T21:15:54.484+0000] {logging_mixin.py:190} INFO - Number of rows:  78157
[2025-03-11T21:15:54.484+0000] {logging_mixin.py:190} INFO - Number of columns:  28
[2025-03-11T21:15:56.251+0000] {logging_mixin.py:190} INFO - Number of rows:  78121
[2025-03-11T21:15:56.251+0000] {logging_mixin.py:190} INFO - Number of columns:  28
[2025-03-11T21:15:57.937+0000] {logging_mixin.py:190} INFO - Number of rows:  78119
[2025-03-11T21:15:57.937+0000] {logging_mixin.py:190} INFO - Number of columns:  28
[2025-03-11T21:15:59.849+0000] {logging_mixin.py:190} INFO - Number of rows:  78099
[2025-03-11T21:15:59.849+0000] {logging_mixin.py:190} INFO - Number of columns:  28
[2025-03-11T21:16:01.584+0000] {logging_mixin.py:190} INFO - Number of rows:  78339
[2025-03-11T21:16:01.584+0000] {logging_mixin.py:190} INFO - Number of columns:  28
[2025-03-11T21:16:03.397+0000] {logging_mixin.py:190} INFO - Number of rows:  78282
[2025-03-11T21:16:03.397+0000] {logging_mixin.py:190} INFO - Number of columns:  28
[2025-03-11T21:16:05.178+0000] {logging_mixin.py:190} INFO - Number of rows:  78265
[2025-03-11T21:16:05.178+0000] {logging_mixin.py:190} INFO - Number of columns:  28
[2025-03-11T21:16:07.053+0000] {logging_mixin.py:190} INFO - Number of rows:  77985
[2025-03-11T21:16:07.054+0000] {logging_mixin.py:190} INFO - Number of columns:  28
[2025-03-11T21:16:08.788+0000] {logging_mixin.py:190} INFO - Number of rows:  78035
[2025-03-11T21:16:08.788+0000] {logging_mixin.py:190} INFO - Number of columns:  28
[2025-03-11T21:16:10.629+0000] {logging_mixin.py:190} INFO - Number of rows:  78086
[2025-03-11T21:16:10.629+0000] {logging_mixin.py:190} INFO - Number of columns:  28
[2025-03-11T21:16:12.394+0000] {logging_mixin.py:190} INFO - Number of rows:  77905
[2025-03-11T21:16:12.394+0000] {logging_mixin.py:190} INFO - Number of columns:  28
[2025-03-11T21:16:14.226+0000] {logging_mixin.py:190} INFO - Number of rows:  78090
[2025-03-11T21:16:14.227+0000] {logging_mixin.py:190} INFO - Number of columns:  28
[2025-03-11T21:16:16.054+0000] {logging_mixin.py:190} INFO - Number of rows:  78029
[2025-03-11T21:16:16.054+0000] {logging_mixin.py:190} INFO - Number of columns:  28
[2025-03-11T21:16:17.804+0000] {logging_mixin.py:190} INFO - Number of rows:  78193
[2025-03-11T21:16:17.805+0000] {logging_mixin.py:190} INFO - Number of columns:  28
[2025-03-11T21:16:19.531+0000] {logging_mixin.py:190} INFO - Number of rows:  77752
[2025-03-11T21:16:19.531+0000] {logging_mixin.py:190} INFO - Number of columns:  28
[2025-03-11T21:16:21.250+0000] {logging_mixin.py:190} INFO - Number of rows:  77774
[2025-03-11T21:16:21.250+0000] {logging_mixin.py:190} INFO - Number of columns:  28
[2025-03-11T21:16:23.021+0000] {logging_mixin.py:190} INFO - Number of rows:  77638
[2025-03-11T21:16:23.022+0000] {logging_mixin.py:190} INFO - Number of columns:  28
[2025-03-11T21:16:24.923+0000] {logging_mixin.py:190} INFO - Number of rows:  77894
[2025-03-11T21:16:24.923+0000] {logging_mixin.py:190} INFO - Number of columns:  28
[2025-03-11T21:16:26.728+0000] {logging_mixin.py:190} INFO - Number of rows:  78018
[2025-03-11T21:16:26.729+0000] {logging_mixin.py:190} INFO - Number of columns:  28
[2025-03-11T21:16:28.478+0000] {logging_mixin.py:190} INFO - Number of rows:  77576
[2025-03-11T21:16:28.479+0000] {logging_mixin.py:190} INFO - Number of columns:  28
[2025-03-11T21:16:30.255+0000] {logging_mixin.py:190} INFO - Number of rows:  77483
[2025-03-11T21:16:30.255+0000] {logging_mixin.py:190} INFO - Number of columns:  28
[2025-03-11T21:16:32.074+0000] {logging_mixin.py:190} INFO - Number of rows:  77590
[2025-03-11T21:16:32.075+0000] {logging_mixin.py:190} INFO - Number of columns:  28
[2025-03-11T21:16:33.779+0000] {logging_mixin.py:190} INFO - Number of rows:  77711
[2025-03-11T21:16:33.779+0000] {logging_mixin.py:190} INFO - Number of columns:  28
[2025-03-11T21:16:34.145+0000] {local_task_job_runner.py:346} WARNING - State of this instance has been externally set to failed. Terminating instance.
[2025-03-11T21:16:34.147+0000] {local_task_job_runner.py:245} INFO - ::endgroup::
[2025-03-11T21:16:34.150+0000] {process_utils.py:132} INFO - Sending 15 to group 20242. PIDs of all processes in the group: [20242]
[2025-03-11T21:16:34.151+0000] {process_utils.py:87} INFO - Sending the signal 15 to group 20242
[2025-03-11T21:16:34.151+0000] {taskinstance.py:3094} ERROR - Received SIGTERM. Terminating subprocesses.
[2025-03-11T21:16:34.160+0000] {taskinstance.py:3095} ERROR - Stacktrace: 
  File "/home/ubuntu/redfin_venv/bin/airflow", line 8, in <module>
    sys.exit(main())
  File "/home/ubuntu/redfin_venv/lib/python3.12/site-packages/airflow/__main__.py", line 62, in main
    args.func(args)
  File "/home/ubuntu/redfin_venv/lib/python3.12/site-packages/airflow/cli/cli_config.py", line 49, in command
    return func(*args, **kwargs)
  File "/home/ubuntu/redfin_venv/lib/python3.12/site-packages/airflow/utils/cli.py", line 116, in wrapper
    return f(*args, **kwargs)
  File "/home/ubuntu/redfin_venv/lib/python3.12/site-packages/airflow/cli/commands/task_command.py", line 483, in task_run
    task_return_code = _run_task_by_selected_method(args, _dag, ti)
  File "/home/ubuntu/redfin_venv/lib/python3.12/site-packages/airflow/cli/commands/task_command.py", line 254, in _run_task_by_selected_method
    return _run_task_by_local_task_job(args, ti)
  File "/home/ubuntu/redfin_venv/lib/python3.12/site-packages/airflow/cli/commands/task_command.py", line 322, in _run_task_by_local_task_job
    ret = run_job(job=job_runner.job, execute_callable=job_runner._execute)
  File "/home/ubuntu/redfin_venv/lib/python3.12/site-packages/airflow/utils/session.py", line 97, in wrapper
    return func(*args, session=session, **kwargs)
  File "/home/ubuntu/redfin_venv/lib/python3.12/site-packages/airflow/jobs/job.py", line 421, in run_job
    return execute_job(job, execute_callable=execute_callable)
  File "/home/ubuntu/redfin_venv/lib/python3.12/site-packages/airflow/jobs/job.py", line 450, in execute_job
    ret = execute_callable()
  File "/home/ubuntu/redfin_venv/lib/python3.12/site-packages/airflow/jobs/local_task_job_runner.py", line 171, in _execute
    self.task_runner.start()
  File "/home/ubuntu/redfin_venv/lib/python3.12/site-packages/airflow/task/task_runner/standard_task_runner.py", line 55, in start
    self.process = self._start_by_fork()
  File "/home/ubuntu/redfin_venv/lib/python3.12/site-packages/airflow/task/task_runner/standard_task_runner.py", line 117, in _start_by_fork
    ret = args.func(args, dag=self.dag)
  File "/home/ubuntu/redfin_venv/lib/python3.12/site-packages/airflow/cli/cli_config.py", line 49, in command
    return func(*args, **kwargs)
  File "/home/ubuntu/redfin_venv/lib/python3.12/site-packages/airflow/utils/cli.py", line 116, in wrapper
    return f(*args, **kwargs)
  File "/home/ubuntu/redfin_venv/lib/python3.12/site-packages/airflow/cli/commands/task_command.py", line 483, in task_run
    task_return_code = _run_task_by_selected_method(args, _dag, ti)
  File "/home/ubuntu/redfin_venv/lib/python3.12/site-packages/airflow/cli/commands/task_command.py", line 256, in _run_task_by_selected_method
    return _run_raw_task(args, ti)
  File "/home/ubuntu/redfin_venv/lib/python3.12/site-packages/airflow/cli/commands/task_command.py", line 341, in _run_raw_task
    return ti._run_raw_task(
  File "/home/ubuntu/redfin_venv/lib/python3.12/site-packages/airflow/utils/session.py", line 97, in wrapper
    return func(*args, session=session, **kwargs)
  File "/home/ubuntu/redfin_venv/lib/python3.12/site-packages/airflow/models/taskinstance.py", line 3006, in _run_raw_task
    return _run_raw_task(
  File "/home/ubuntu/redfin_venv/lib/python3.12/site-packages/airflow/models/taskinstance.py", line 274, in _run_raw_task
    TaskInstance._execute_task_with_callbacks(
  File "/home/ubuntu/redfin_venv/lib/python3.12/site-packages/airflow/models/taskinstance.py", line 3161, in _execute_task_with_callbacks
    result = self._execute_task(context, task_orig)
  File "/home/ubuntu/redfin_venv/lib/python3.12/site-packages/airflow/models/taskinstance.py", line 3185, in _execute_task
    return _execute_task(self, context, task_orig)
  File "/home/ubuntu/redfin_venv/lib/python3.12/site-packages/airflow/models/taskinstance.py", line 768, in _execute_task
    result = _execute_callable(context=context, **execute_callable_kwargs)
  File "/home/ubuntu/redfin_venv/lib/python3.12/site-packages/airflow/models/taskinstance.py", line 734, in _execute_callable
    return ExecutionCallableRunner(
  File "/home/ubuntu/redfin_venv/lib/python3.12/site-packages/airflow/utils/operator_helpers.py", line 252, in run
    return self.func(*args, **kwargs)
  File "/home/ubuntu/redfin_venv/lib/python3.12/site-packages/airflow/models/baseoperator.py", line 424, in wrapper
    return func(self, *args, **kwargs)
  File "/home/ubuntu/redfin_venv/lib/python3.12/site-packages/airflow/operators/python.py", line 238, in execute
    return_value = self.execute_callable()
  File "/home/ubuntu/redfin_venv/lib/python3.12/site-packages/airflow/operators/python.py", line 256, in execute_callable
    return runner.run(*self.op_args, **self.op_kwargs)
  File "/home/ubuntu/redfin_venv/lib/python3.12/site-packages/airflow/utils/operator_helpers.py", line 252, in run
    return self.func(*args, **kwargs)
  File "/home/ubuntu/airflow/dags/functions.py", line 55, in transform_data
    df = pd.read_csv(file)
  File "/home/ubuntu/redfin_venv/lib/python3.12/site-packages/pandas/io/parsers/readers.py", line 1026, in read_csv
    return _read(filepath_or_buffer, kwds)
  File "/home/ubuntu/redfin_venv/lib/python3.12/site-packages/pandas/io/parsers/readers.py", line 620, in _read
    parser = TextFileReader(filepath_or_buffer, **kwds)
  File "/home/ubuntu/redfin_venv/lib/python3.12/site-packages/pandas/io/parsers/readers.py", line 1620, in __init__
    self._engine = self._make_engine(f, self.engine)
  File "/home/ubuntu/redfin_venv/lib/python3.12/site-packages/pandas/io/parsers/readers.py", line 1898, in _make_engine
    return mapping[engine](f, **self.options)
  File "/home/ubuntu/redfin_venv/lib/python3.12/site-packages/pandas/io/parsers/c_parser_wrapper.py", line 93, in __init__
    self._reader = parsers.TextReader(src, **kwds)
  File "/home/ubuntu/redfin_venv/lib/python3.12/site-packages/fsspec/spec.py", line 2083, in read
    out = self.cache._fetch(self.loc, self.loc + length)
  File "/home/ubuntu/redfin_venv/lib/python3.12/site-packages/fsspec/caching.py", line 249, in _fetch
    self.cache = self.fetcher(start, end)  # new block replaces old
  File "/home/ubuntu/redfin_venv/lib/python3.12/site-packages/s3fs/core.py", line 2380, in _fetch_range
    return _fetch_range(
  File "/home/ubuntu/redfin_venv/lib/python3.12/site-packages/s3fs/core.py", line 2552, in _fetch_range
    return sync(fs.loop, _inner_fetch, fs, bucket, key, version_id, start, end, req_kw)
  File "/home/ubuntu/redfin_venv/lib/python3.12/site-packages/fsspec/asyn.py", line 91, in sync
    if event.wait(1):
  File "/usr/lib/python3.12/threading.py", line 655, in wait
    signaled = self._cond.wait(timeout)
  File "/usr/lib/python3.12/threading.py", line 359, in wait
    gotit = waiter.acquire(True, timeout)
  File "/home/ubuntu/redfin_venv/lib/python3.12/site-packages/airflow/models/taskinstance.py", line 3095, in signal_handler
    self.log.error("Stacktrace: \n%s", "".join(traceback.format_stack()))

[2025-03-11T21:16:34.279+0000] {taskinstance.py:341} INFO - ::group::Post task execution logs
[2025-03-11T21:16:34.363+0000] {process_utils.py:80} INFO - Process psutil.Process(pid=20242, status='terminated', exitcode=0, started='21:15:17') (20242) terminated with exit code 0
