[2025-03-11T00:16:36.776+0000] {processor.py:186} INFO - Started process (PID=2481) to work on /home/ubuntu/redfin_venv/lib/python3.12/site-packages/airflow/example_dags/example_branch_operator_decorator.py
[2025-03-11T00:16:36.777+0000] {processor.py:914} INFO - Processing file /home/ubuntu/redfin_venv/lib/python3.12/site-packages/airflow/example_dags/example_branch_operator_decorator.py for tasks to queue
[2025-03-11T00:16:36.779+0000] {logging_mixin.py:190} INFO - [2025-03-11T00:16:36.778+0000] {dagbag.py:588} INFO - Filling up the DagBag from /home/ubuntu/redfin_venv/lib/python3.12/site-packages/airflow/example_dags/example_branch_operator_decorator.py
[2025-03-11T00:16:36.783+0000] {processor.py:927} WARNING - No viable dags retrieved from /home/ubuntu/redfin_venv/lib/python3.12/site-packages/airflow/example_dags/example_branch_operator_decorator.py
[2025-03-11T00:16:36.795+0000] {processor.py:208} INFO - Processing /home/ubuntu/redfin_venv/lib/python3.12/site-packages/airflow/example_dags/example_branch_operator_decorator.py took 0.024 seconds
[2025-03-11T00:21:12.123+0000] {processor.py:186} INFO - Started process (PID=2891) to work on /home/ubuntu/redfin_venv/lib/python3.12/site-packages/airflow/example_dags/example_branch_operator_decorator.py
[2025-03-11T00:21:12.124+0000] {processor.py:914} INFO - Processing file /home/ubuntu/redfin_venv/lib/python3.12/site-packages/airflow/example_dags/example_branch_operator_decorator.py for tasks to queue
[2025-03-11T00:21:12.127+0000] {logging_mixin.py:190} INFO - [2025-03-11T00:21:12.126+0000] {dagbag.py:588} INFO - Filling up the DagBag from /home/ubuntu/redfin_venv/lib/python3.12/site-packages/airflow/example_dags/example_branch_operator_decorator.py
[2025-03-11T00:21:12.129+0000] {processor.py:927} WARNING - No viable dags retrieved from /home/ubuntu/redfin_venv/lib/python3.12/site-packages/airflow/example_dags/example_branch_operator_decorator.py
[2025-03-11T00:21:12.141+0000] {processor.py:208} INFO - Processing /home/ubuntu/redfin_venv/lib/python3.12/site-packages/airflow/example_dags/example_branch_operator_decorator.py took 0.024 seconds
[2025-03-11T00:22:09.384+0000] {processor.py:186} INFO - Started process (PID=3011) to work on /home/ubuntu/redfin_venv/lib/python3.12/site-packages/airflow/example_dags/example_branch_operator_decorator.py
[2025-03-11T00:22:09.386+0000] {processor.py:914} INFO - Processing file /home/ubuntu/redfin_venv/lib/python3.12/site-packages/airflow/example_dags/example_branch_operator_decorator.py for tasks to queue
[2025-03-11T00:22:09.387+0000] {logging_mixin.py:190} INFO - [2025-03-11T00:22:09.387+0000] {dagbag.py:588} INFO - Filling up the DagBag from /home/ubuntu/redfin_venv/lib/python3.12/site-packages/airflow/example_dags/example_branch_operator_decorator.py
[2025-03-11T00:22:09.391+0000] {processor.py:927} WARNING - No viable dags retrieved from /home/ubuntu/redfin_venv/lib/python3.12/site-packages/airflow/example_dags/example_branch_operator_decorator.py
[2025-03-11T00:22:09.402+0000] {processor.py:208} INFO - Processing /home/ubuntu/redfin_venv/lib/python3.12/site-packages/airflow/example_dags/example_branch_operator_decorator.py took 0.024 seconds
[2025-03-11T00:23:06.880+0000] {processor.py:186} INFO - Started process (PID=3249) to work on /home/ubuntu/redfin_venv/lib/python3.12/site-packages/airflow/example_dags/example_branch_operator_decorator.py
[2025-03-11T00:23:06.889+0000] {processor.py:914} INFO - Processing file /home/ubuntu/redfin_venv/lib/python3.12/site-packages/airflow/example_dags/example_branch_operator_decorator.py for tasks to queue
[2025-03-11T00:23:06.891+0000] {logging_mixin.py:190} INFO - [2025-03-11T00:23:06.890+0000] {dagbag.py:588} INFO - Filling up the DagBag from /home/ubuntu/redfin_venv/lib/python3.12/site-packages/airflow/example_dags/example_branch_operator_decorator.py
[2025-03-11T00:23:06.893+0000] {processor.py:927} WARNING - No viable dags retrieved from /home/ubuntu/redfin_venv/lib/python3.12/site-packages/airflow/example_dags/example_branch_operator_decorator.py
[2025-03-11T00:23:06.906+0000] {processor.py:208} INFO - Processing /home/ubuntu/redfin_venv/lib/python3.12/site-packages/airflow/example_dags/example_branch_operator_decorator.py took 0.031 seconds
[2025-03-11T00:24:10.344+0000] {processor.py:186} INFO - Started process (PID=3762) to work on /home/ubuntu/redfin_venv/lib/python3.12/site-packages/airflow/example_dags/example_branch_operator_decorator.py
[2025-03-11T00:24:10.345+0000] {processor.py:914} INFO - Processing file /home/ubuntu/redfin_venv/lib/python3.12/site-packages/airflow/example_dags/example_branch_operator_decorator.py for tasks to queue
[2025-03-11T00:24:10.347+0000] {logging_mixin.py:190} INFO - [2025-03-11T00:24:10.347+0000] {dagbag.py:588} INFO - Filling up the DagBag from /home/ubuntu/redfin_venv/lib/python3.12/site-packages/airflow/example_dags/example_branch_operator_decorator.py
[2025-03-11T00:24:10.351+0000] {processor.py:927} WARNING - No viable dags retrieved from /home/ubuntu/redfin_venv/lib/python3.12/site-packages/airflow/example_dags/example_branch_operator_decorator.py
[2025-03-11T00:24:10.363+0000] {processor.py:208} INFO - Processing /home/ubuntu/redfin_venv/lib/python3.12/site-packages/airflow/example_dags/example_branch_operator_decorator.py took 0.025 seconds
[2025-03-11T00:25:06.432+0000] {processor.py:186} INFO - Started process (PID=3883) to work on /home/ubuntu/redfin_venv/lib/python3.12/site-packages/airflow/example_dags/example_branch_operator_decorator.py
[2025-03-11T00:25:06.434+0000] {processor.py:914} INFO - Processing file /home/ubuntu/redfin_venv/lib/python3.12/site-packages/airflow/example_dags/example_branch_operator_decorator.py for tasks to queue
[2025-03-11T00:25:06.436+0000] {logging_mixin.py:190} INFO - [2025-03-11T00:25:06.436+0000] {dagbag.py:588} INFO - Filling up the DagBag from /home/ubuntu/redfin_venv/lib/python3.12/site-packages/airflow/example_dags/example_branch_operator_decorator.py
[2025-03-11T00:25:06.438+0000] {processor.py:927} WARNING - No viable dags retrieved from /home/ubuntu/redfin_venv/lib/python3.12/site-packages/airflow/example_dags/example_branch_operator_decorator.py
[2025-03-11T00:25:06.451+0000] {processor.py:208} INFO - Processing /home/ubuntu/redfin_venv/lib/python3.12/site-packages/airflow/example_dags/example_branch_operator_decorator.py took 0.025 seconds
[2025-03-11T00:26:26.923+0000] {processor.py:186} INFO - Started process (PID=4145) to work on /home/ubuntu/redfin_venv/lib/python3.12/site-packages/airflow/example_dags/example_branch_operator_decorator.py
[2025-03-11T00:26:26.925+0000] {processor.py:914} INFO - Processing file /home/ubuntu/redfin_venv/lib/python3.12/site-packages/airflow/example_dags/example_branch_operator_decorator.py for tasks to queue
[2025-03-11T00:26:26.927+0000] {logging_mixin.py:190} INFO - [2025-03-11T00:26:26.927+0000] {dagbag.py:588} INFO - Filling up the DagBag from /home/ubuntu/redfin_venv/lib/python3.12/site-packages/airflow/example_dags/example_branch_operator_decorator.py
[2025-03-11T00:26:26.929+0000] {processor.py:927} WARNING - No viable dags retrieved from /home/ubuntu/redfin_venv/lib/python3.12/site-packages/airflow/example_dags/example_branch_operator_decorator.py
[2025-03-11T00:26:26.942+0000] {processor.py:208} INFO - Processing /home/ubuntu/redfin_venv/lib/python3.12/site-packages/airflow/example_dags/example_branch_operator_decorator.py took 0.025 seconds
[2025-03-11T00:27:35.623+0000] {processor.py:186} INFO - Started process (PID=4596) to work on /home/ubuntu/redfin_venv/lib/python3.12/site-packages/airflow/example_dags/example_branch_operator_decorator.py
[2025-03-11T00:27:35.624+0000] {processor.py:914} INFO - Processing file /home/ubuntu/redfin_venv/lib/python3.12/site-packages/airflow/example_dags/example_branch_operator_decorator.py for tasks to queue
[2025-03-11T00:27:35.626+0000] {logging_mixin.py:190} INFO - [2025-03-11T00:27:35.626+0000] {dagbag.py:588} INFO - Filling up the DagBag from /home/ubuntu/redfin_venv/lib/python3.12/site-packages/airflow/example_dags/example_branch_operator_decorator.py
[2025-03-11T00:27:35.629+0000] {processor.py:927} WARNING - No viable dags retrieved from /home/ubuntu/redfin_venv/lib/python3.12/site-packages/airflow/example_dags/example_branch_operator_decorator.py
[2025-03-11T00:27:35.641+0000] {processor.py:208} INFO - Processing /home/ubuntu/redfin_venv/lib/python3.12/site-packages/airflow/example_dags/example_branch_operator_decorator.py took 0.025 seconds
[2025-03-11T00:29:01.379+0000] {processor.py:186} INFO - Started process (PID=5275) to work on /home/ubuntu/redfin_venv/lib/python3.12/site-packages/airflow/example_dags/example_branch_operator_decorator.py
[2025-03-11T00:29:01.381+0000] {processor.py:914} INFO - Processing file /home/ubuntu/redfin_venv/lib/python3.12/site-packages/airflow/example_dags/example_branch_operator_decorator.py for tasks to queue
[2025-03-11T00:29:01.383+0000] {logging_mixin.py:190} INFO - [2025-03-11T00:29:01.383+0000] {dagbag.py:588} INFO - Filling up the DagBag from /home/ubuntu/redfin_venv/lib/python3.12/site-packages/airflow/example_dags/example_branch_operator_decorator.py
[2025-03-11T00:29:01.387+0000] {processor.py:927} WARNING - No viable dags retrieved from /home/ubuntu/redfin_venv/lib/python3.12/site-packages/airflow/example_dags/example_branch_operator_decorator.py
[2025-03-11T00:29:01.399+0000] {processor.py:208} INFO - Processing /home/ubuntu/redfin_venv/lib/python3.12/site-packages/airflow/example_dags/example_branch_operator_decorator.py took 0.026 seconds
[2025-03-11T00:32:57.106+0000] {processor.py:186} INFO - Started process (PID=7587) to work on /home/ubuntu/redfin_venv/lib/python3.12/site-packages/airflow/example_dags/example_branch_operator_decorator.py
[2025-03-11T00:32:57.108+0000] {processor.py:914} INFO - Processing file /home/ubuntu/redfin_venv/lib/python3.12/site-packages/airflow/example_dags/example_branch_operator_decorator.py for tasks to queue
[2025-03-11T00:32:57.109+0000] {logging_mixin.py:190} INFO - [2025-03-11T00:32:57.108+0000] {dagbag.py:588} INFO - Filling up the DagBag from /home/ubuntu/redfin_venv/lib/python3.12/site-packages/airflow/example_dags/example_branch_operator_decorator.py
[2025-03-11T00:32:57.112+0000] {processor.py:927} WARNING - No viable dags retrieved from /home/ubuntu/redfin_venv/lib/python3.12/site-packages/airflow/example_dags/example_branch_operator_decorator.py
[2025-03-11T00:32:57.123+0000] {processor.py:208} INFO - Processing /home/ubuntu/redfin_venv/lib/python3.12/site-packages/airflow/example_dags/example_branch_operator_decorator.py took 0.023 seconds
[2025-03-11T00:39:24.518+0000] {processor.py:186} INFO - Started process (PID=11543) to work on /home/ubuntu/redfin_venv/lib/python3.12/site-packages/airflow/example_dags/example_branch_operator_decorator.py
[2025-03-11T00:39:24.520+0000] {processor.py:914} INFO - Processing file /home/ubuntu/redfin_venv/lib/python3.12/site-packages/airflow/example_dags/example_branch_operator_decorator.py for tasks to queue
[2025-03-11T00:39:24.521+0000] {logging_mixin.py:190} INFO - [2025-03-11T00:39:24.521+0000] {dagbag.py:588} INFO - Filling up the DagBag from /home/ubuntu/redfin_venv/lib/python3.12/site-packages/airflow/example_dags/example_branch_operator_decorator.py
[2025-03-11T00:39:24.524+0000] {processor.py:927} WARNING - No viable dags retrieved from /home/ubuntu/redfin_venv/lib/python3.12/site-packages/airflow/example_dags/example_branch_operator_decorator.py
[2025-03-11T00:39:24.535+0000] {processor.py:208} INFO - Processing /home/ubuntu/redfin_venv/lib/python3.12/site-packages/airflow/example_dags/example_branch_operator_decorator.py took 0.023 seconds
[2025-03-11T00:40:21.747+0000] {processor.py:186} INFO - Started process (PID=11640) to work on /home/ubuntu/redfin_venv/lib/python3.12/site-packages/airflow/example_dags/example_branch_operator_decorator.py
[2025-03-11T00:40:21.749+0000] {processor.py:914} INFO - Processing file /home/ubuntu/redfin_venv/lib/python3.12/site-packages/airflow/example_dags/example_branch_operator_decorator.py for tasks to queue
[2025-03-11T00:40:21.751+0000] {logging_mixin.py:190} INFO - [2025-03-11T00:40:21.751+0000] {dagbag.py:588} INFO - Filling up the DagBag from /home/ubuntu/redfin_venv/lib/python3.12/site-packages/airflow/example_dags/example_branch_operator_decorator.py
[2025-03-11T00:40:21.754+0000] {processor.py:927} WARNING - No viable dags retrieved from /home/ubuntu/redfin_venv/lib/python3.12/site-packages/airflow/example_dags/example_branch_operator_decorator.py
[2025-03-11T00:40:21.766+0000] {processor.py:208} INFO - Processing /home/ubuntu/redfin_venv/lib/python3.12/site-packages/airflow/example_dags/example_branch_operator_decorator.py took 0.024 seconds
[2025-03-11T00:41:19.670+0000] {processor.py:186} INFO - Started process (PID=11760) to work on /home/ubuntu/redfin_venv/lib/python3.12/site-packages/airflow/example_dags/example_branch_operator_decorator.py
[2025-03-11T00:41:19.671+0000] {processor.py:914} INFO - Processing file /home/ubuntu/redfin_venv/lib/python3.12/site-packages/airflow/example_dags/example_branch_operator_decorator.py for tasks to queue
[2025-03-11T00:41:19.672+0000] {logging_mixin.py:190} INFO - [2025-03-11T00:41:19.672+0000] {dagbag.py:588} INFO - Filling up the DagBag from /home/ubuntu/redfin_venv/lib/python3.12/site-packages/airflow/example_dags/example_branch_operator_decorator.py
[2025-03-11T00:41:19.676+0000] {processor.py:927} WARNING - No viable dags retrieved from /home/ubuntu/redfin_venv/lib/python3.12/site-packages/airflow/example_dags/example_branch_operator_decorator.py
[2025-03-11T00:41:19.690+0000] {processor.py:208} INFO - Processing /home/ubuntu/redfin_venv/lib/python3.12/site-packages/airflow/example_dags/example_branch_operator_decorator.py took 0.026 seconds
[2025-03-11T00:42:40.800+0000] {processor.py:186} INFO - Started process (PID=11963) to work on /home/ubuntu/redfin_venv/lib/python3.12/site-packages/airflow/example_dags/example_branch_operator_decorator.py
[2025-03-11T00:42:40.805+0000] {processor.py:914} INFO - Processing file /home/ubuntu/redfin_venv/lib/python3.12/site-packages/airflow/example_dags/example_branch_operator_decorator.py for tasks to queue
[2025-03-11T00:42:40.807+0000] {logging_mixin.py:190} INFO - [2025-03-11T00:42:40.807+0000] {dagbag.py:588} INFO - Filling up the DagBag from /home/ubuntu/redfin_venv/lib/python3.12/site-packages/airflow/example_dags/example_branch_operator_decorator.py
[2025-03-11T00:42:40.811+0000] {processor.py:927} WARNING - No viable dags retrieved from /home/ubuntu/redfin_venv/lib/python3.12/site-packages/airflow/example_dags/example_branch_operator_decorator.py
[2025-03-11T00:42:40.822+0000] {processor.py:208} INFO - Processing /home/ubuntu/redfin_venv/lib/python3.12/site-packages/airflow/example_dags/example_branch_operator_decorator.py took 0.028 seconds
[2025-03-11T00:43:36.997+0000] {processor.py:186} INFO - Started process (PID=12140) to work on /home/ubuntu/redfin_venv/lib/python3.12/site-packages/airflow/example_dags/example_branch_operator_decorator.py
[2025-03-11T00:43:36.998+0000] {processor.py:914} INFO - Processing file /home/ubuntu/redfin_venv/lib/python3.12/site-packages/airflow/example_dags/example_branch_operator_decorator.py for tasks to queue
[2025-03-11T00:43:36.999+0000] {logging_mixin.py:190} INFO - [2025-03-11T00:43:36.998+0000] {dagbag.py:588} INFO - Filling up the DagBag from /home/ubuntu/redfin_venv/lib/python3.12/site-packages/airflow/example_dags/example_branch_operator_decorator.py
[2025-03-11T00:43:37.002+0000] {processor.py:927} WARNING - No viable dags retrieved from /home/ubuntu/redfin_venv/lib/python3.12/site-packages/airflow/example_dags/example_branch_operator_decorator.py
[2025-03-11T00:43:37.014+0000] {processor.py:208} INFO - Processing /home/ubuntu/redfin_venv/lib/python3.12/site-packages/airflow/example_dags/example_branch_operator_decorator.py took 0.023 seconds
[2025-03-11T00:44:57.323+0000] {processor.py:186} INFO - Started process (PID=12284) to work on /home/ubuntu/redfin_venv/lib/python3.12/site-packages/airflow/example_dags/example_branch_operator_decorator.py
[2025-03-11T00:44:57.325+0000] {processor.py:914} INFO - Processing file /home/ubuntu/redfin_venv/lib/python3.12/site-packages/airflow/example_dags/example_branch_operator_decorator.py for tasks to queue
[2025-03-11T00:44:57.326+0000] {logging_mixin.py:190} INFO - [2025-03-11T00:44:57.326+0000] {dagbag.py:588} INFO - Filling up the DagBag from /home/ubuntu/redfin_venv/lib/python3.12/site-packages/airflow/example_dags/example_branch_operator_decorator.py
[2025-03-11T00:44:57.329+0000] {processor.py:927} WARNING - No viable dags retrieved from /home/ubuntu/redfin_venv/lib/python3.12/site-packages/airflow/example_dags/example_branch_operator_decorator.py
[2025-03-11T00:44:57.341+0000] {processor.py:208} INFO - Processing /home/ubuntu/redfin_venv/lib/python3.12/site-packages/airflow/example_dags/example_branch_operator_decorator.py took 0.024 seconds
[2025-03-11T00:46:20.275+0000] {processor.py:186} INFO - Started process (PID=12609) to work on /home/ubuntu/redfin_venv/lib/python3.12/site-packages/airflow/example_dags/example_branch_operator_decorator.py
[2025-03-11T00:46:20.277+0000] {processor.py:914} INFO - Processing file /home/ubuntu/redfin_venv/lib/python3.12/site-packages/airflow/example_dags/example_branch_operator_decorator.py for tasks to queue
[2025-03-11T00:46:20.278+0000] {logging_mixin.py:190} INFO - [2025-03-11T00:46:20.277+0000] {dagbag.py:588} INFO - Filling up the DagBag from /home/ubuntu/redfin_venv/lib/python3.12/site-packages/airflow/example_dags/example_branch_operator_decorator.py
[2025-03-11T00:46:20.280+0000] {processor.py:927} WARNING - No viable dags retrieved from /home/ubuntu/redfin_venv/lib/python3.12/site-packages/airflow/example_dags/example_branch_operator_decorator.py
[2025-03-11T00:46:20.292+0000] {processor.py:208} INFO - Processing /home/ubuntu/redfin_venv/lib/python3.12/site-packages/airflow/example_dags/example_branch_operator_decorator.py took 0.024 seconds
[2025-03-11T00:47:16.568+0000] {processor.py:186} INFO - Started process (PID=12725) to work on /home/ubuntu/redfin_venv/lib/python3.12/site-packages/airflow/example_dags/example_branch_operator_decorator.py
[2025-03-11T00:47:16.569+0000] {processor.py:914} INFO - Processing file /home/ubuntu/redfin_venv/lib/python3.12/site-packages/airflow/example_dags/example_branch_operator_decorator.py for tasks to queue
[2025-03-11T00:47:16.570+0000] {logging_mixin.py:190} INFO - [2025-03-11T00:47:16.570+0000] {dagbag.py:588} INFO - Filling up the DagBag from /home/ubuntu/redfin_venv/lib/python3.12/site-packages/airflow/example_dags/example_branch_operator_decorator.py
[2025-03-11T00:47:16.574+0000] {processor.py:927} WARNING - No viable dags retrieved from /home/ubuntu/redfin_venv/lib/python3.12/site-packages/airflow/example_dags/example_branch_operator_decorator.py
[2025-03-11T00:47:16.585+0000] {processor.py:208} INFO - Processing /home/ubuntu/redfin_venv/lib/python3.12/site-packages/airflow/example_dags/example_branch_operator_decorator.py took 0.024 seconds
[2025-03-11T00:49:00.094+0000] {processor.py:186} INFO - Started process (PID=13639) to work on /home/ubuntu/redfin_venv/lib/python3.12/site-packages/airflow/example_dags/example_branch_operator_decorator.py
[2025-03-11T00:49:00.096+0000] {processor.py:914} INFO - Processing file /home/ubuntu/redfin_venv/lib/python3.12/site-packages/airflow/example_dags/example_branch_operator_decorator.py for tasks to queue
[2025-03-11T00:49:00.098+0000] {logging_mixin.py:190} INFO - [2025-03-11T00:49:00.097+0000] {dagbag.py:588} INFO - Filling up the DagBag from /home/ubuntu/redfin_venv/lib/python3.12/site-packages/airflow/example_dags/example_branch_operator_decorator.py
[2025-03-11T00:49:00.101+0000] {processor.py:927} WARNING - No viable dags retrieved from /home/ubuntu/redfin_venv/lib/python3.12/site-packages/airflow/example_dags/example_branch_operator_decorator.py
[2025-03-11T00:49:00.112+0000] {processor.py:208} INFO - Processing /home/ubuntu/redfin_venv/lib/python3.12/site-packages/airflow/example_dags/example_branch_operator_decorator.py took 0.025 seconds
[2025-03-11T00:50:13.575+0000] {processor.py:186} INFO - Started process (PID=13777) to work on /home/ubuntu/redfin_venv/lib/python3.12/site-packages/airflow/example_dags/example_branch_operator_decorator.py
[2025-03-11T00:50:13.577+0000] {processor.py:914} INFO - Processing file /home/ubuntu/redfin_venv/lib/python3.12/site-packages/airflow/example_dags/example_branch_operator_decorator.py for tasks to queue
[2025-03-11T00:50:13.578+0000] {logging_mixin.py:190} INFO - [2025-03-11T00:50:13.577+0000] {dagbag.py:588} INFO - Filling up the DagBag from /home/ubuntu/redfin_venv/lib/python3.12/site-packages/airflow/example_dags/example_branch_operator_decorator.py
[2025-03-11T00:50:13.581+0000] {processor.py:927} WARNING - No viable dags retrieved from /home/ubuntu/redfin_venv/lib/python3.12/site-packages/airflow/example_dags/example_branch_operator_decorator.py
[2025-03-11T00:50:13.593+0000] {processor.py:208} INFO - Processing /home/ubuntu/redfin_venv/lib/python3.12/site-packages/airflow/example_dags/example_branch_operator_decorator.py took 0.025 seconds
[2025-03-11T00:51:10.159+0000] {processor.py:186} INFO - Started process (PID=13895) to work on /home/ubuntu/redfin_venv/lib/python3.12/site-packages/airflow/example_dags/example_branch_operator_decorator.py
[2025-03-11T00:51:10.161+0000] {processor.py:914} INFO - Processing file /home/ubuntu/redfin_venv/lib/python3.12/site-packages/airflow/example_dags/example_branch_operator_decorator.py for tasks to queue
[2025-03-11T00:51:10.162+0000] {logging_mixin.py:190} INFO - [2025-03-11T00:51:10.161+0000] {dagbag.py:588} INFO - Filling up the DagBag from /home/ubuntu/redfin_venv/lib/python3.12/site-packages/airflow/example_dags/example_branch_operator_decorator.py
[2025-03-11T00:51:10.165+0000] {processor.py:927} WARNING - No viable dags retrieved from /home/ubuntu/redfin_venv/lib/python3.12/site-packages/airflow/example_dags/example_branch_operator_decorator.py
[2025-03-11T00:51:10.177+0000] {processor.py:208} INFO - Processing /home/ubuntu/redfin_venv/lib/python3.12/site-packages/airflow/example_dags/example_branch_operator_decorator.py took 0.024 seconds
[2025-03-11T00:52:30.390+0000] {processor.py:186} INFO - Started process (PID=14100) to work on /home/ubuntu/redfin_venv/lib/python3.12/site-packages/airflow/example_dags/example_branch_operator_decorator.py
[2025-03-11T00:52:30.392+0000] {processor.py:914} INFO - Processing file /home/ubuntu/redfin_venv/lib/python3.12/site-packages/airflow/example_dags/example_branch_operator_decorator.py for tasks to queue
[2025-03-11T00:52:30.393+0000] {logging_mixin.py:190} INFO - [2025-03-11T00:52:30.392+0000] {dagbag.py:588} INFO - Filling up the DagBag from /home/ubuntu/redfin_venv/lib/python3.12/site-packages/airflow/example_dags/example_branch_operator_decorator.py
[2025-03-11T00:52:30.395+0000] {processor.py:927} WARNING - No viable dags retrieved from /home/ubuntu/redfin_venv/lib/python3.12/site-packages/airflow/example_dags/example_branch_operator_decorator.py
[2025-03-11T00:52:30.408+0000] {processor.py:208} INFO - Processing /home/ubuntu/redfin_venv/lib/python3.12/site-packages/airflow/example_dags/example_branch_operator_decorator.py took 0.024 seconds
[2025-03-11T00:53:48.690+0000] {processor.py:186} INFO - Started process (PID=14241) to work on /home/ubuntu/redfin_venv/lib/python3.12/site-packages/airflow/example_dags/example_branch_operator_decorator.py
[2025-03-11T00:53:48.692+0000] {processor.py:914} INFO - Processing file /home/ubuntu/redfin_venv/lib/python3.12/site-packages/airflow/example_dags/example_branch_operator_decorator.py for tasks to queue
[2025-03-11T00:53:48.693+0000] {logging_mixin.py:190} INFO - [2025-03-11T00:53:48.693+0000] {dagbag.py:588} INFO - Filling up the DagBag from /home/ubuntu/redfin_venv/lib/python3.12/site-packages/airflow/example_dags/example_branch_operator_decorator.py
[2025-03-11T00:53:48.696+0000] {processor.py:927} WARNING - No viable dags retrieved from /home/ubuntu/redfin_venv/lib/python3.12/site-packages/airflow/example_dags/example_branch_operator_decorator.py
[2025-03-11T00:53:48.708+0000] {processor.py:208} INFO - Processing /home/ubuntu/redfin_venv/lib/python3.12/site-packages/airflow/example_dags/example_branch_operator_decorator.py took 0.024 seconds
[2025-03-11T01:30:17.755+0000] {processor.py:186} INFO - Started process (PID=33500) to work on /home/ubuntu/redfin_venv/lib/python3.12/site-packages/airflow/example_dags/example_branch_operator_decorator.py
[2025-03-11T01:30:17.757+0000] {processor.py:914} INFO - Processing file /home/ubuntu/redfin_venv/lib/python3.12/site-packages/airflow/example_dags/example_branch_operator_decorator.py for tasks to queue
[2025-03-11T01:30:17.759+0000] {logging_mixin.py:190} INFO - [2025-03-11T01:30:17.758+0000] {dagbag.py:588} INFO - Filling up the DagBag from /home/ubuntu/redfin_venv/lib/python3.12/site-packages/airflow/example_dags/example_branch_operator_decorator.py
[2025-03-11T01:30:17.762+0000] {processor.py:927} WARNING - No viable dags retrieved from /home/ubuntu/redfin_venv/lib/python3.12/site-packages/airflow/example_dags/example_branch_operator_decorator.py
[2025-03-11T01:30:17.775+0000] {processor.py:208} INFO - Processing /home/ubuntu/redfin_venv/lib/python3.12/site-packages/airflow/example_dags/example_branch_operator_decorator.py took 0.027 seconds
[2025-03-11T01:41:44.687+0000] {processor.py:186} INFO - Started process (PID=37982) to work on /home/ubuntu/redfin_venv/lib/python3.12/site-packages/airflow/example_dags/example_branch_operator_decorator.py
[2025-03-11T01:41:44.689+0000] {processor.py:914} INFO - Processing file /home/ubuntu/redfin_venv/lib/python3.12/site-packages/airflow/example_dags/example_branch_operator_decorator.py for tasks to queue
[2025-03-11T01:41:44.690+0000] {logging_mixin.py:190} INFO - [2025-03-11T01:41:44.689+0000] {dagbag.py:588} INFO - Filling up the DagBag from /home/ubuntu/redfin_venv/lib/python3.12/site-packages/airflow/example_dags/example_branch_operator_decorator.py
[2025-03-11T01:41:44.693+0000] {processor.py:927} WARNING - No viable dags retrieved from /home/ubuntu/redfin_venv/lib/python3.12/site-packages/airflow/example_dags/example_branch_operator_decorator.py
[2025-03-11T01:41:44.705+0000] {processor.py:208} INFO - Processing /home/ubuntu/redfin_venv/lib/python3.12/site-packages/airflow/example_dags/example_branch_operator_decorator.py took 0.025 seconds
[2025-03-11T01:42:42.008+0000] {processor.py:186} INFO - Started process (PID=38161) to work on /home/ubuntu/redfin_venv/lib/python3.12/site-packages/airflow/example_dags/example_branch_operator_decorator.py
[2025-03-11T01:42:42.010+0000] {processor.py:914} INFO - Processing file /home/ubuntu/redfin_venv/lib/python3.12/site-packages/airflow/example_dags/example_branch_operator_decorator.py for tasks to queue
[2025-03-11T01:42:42.011+0000] {logging_mixin.py:190} INFO - [2025-03-11T01:42:42.011+0000] {dagbag.py:588} INFO - Filling up the DagBag from /home/ubuntu/redfin_venv/lib/python3.12/site-packages/airflow/example_dags/example_branch_operator_decorator.py
[2025-03-11T01:42:42.015+0000] {processor.py:927} WARNING - No viable dags retrieved from /home/ubuntu/redfin_venv/lib/python3.12/site-packages/airflow/example_dags/example_branch_operator_decorator.py
[2025-03-11T01:42:42.027+0000] {processor.py:208} INFO - Processing /home/ubuntu/redfin_venv/lib/python3.12/site-packages/airflow/example_dags/example_branch_operator_decorator.py took 0.025 seconds
[2025-03-11T01:43:59.858+0000] {processor.py:186} INFO - Started process (PID=38361) to work on /home/ubuntu/redfin_venv/lib/python3.12/site-packages/airflow/example_dags/example_branch_operator_decorator.py
[2025-03-11T01:43:59.859+0000] {processor.py:914} INFO - Processing file /home/ubuntu/redfin_venv/lib/python3.12/site-packages/airflow/example_dags/example_branch_operator_decorator.py for tasks to queue
[2025-03-11T01:43:59.861+0000] {logging_mixin.py:190} INFO - [2025-03-11T01:43:59.860+0000] {dagbag.py:588} INFO - Filling up the DagBag from /home/ubuntu/redfin_venv/lib/python3.12/site-packages/airflow/example_dags/example_branch_operator_decorator.py
[2025-03-11T01:43:59.864+0000] {processor.py:927} WARNING - No viable dags retrieved from /home/ubuntu/redfin_venv/lib/python3.12/site-packages/airflow/example_dags/example_branch_operator_decorator.py
[2025-03-11T01:43:59.876+0000] {processor.py:208} INFO - Processing /home/ubuntu/redfin_venv/lib/python3.12/site-packages/airflow/example_dags/example_branch_operator_decorator.py took 0.025 seconds
[2025-03-11T01:44:55.135+0000] {processor.py:186} INFO - Started process (PID=38479) to work on /home/ubuntu/redfin_venv/lib/python3.12/site-packages/airflow/example_dags/example_branch_operator_decorator.py
[2025-03-11T01:44:55.137+0000] {processor.py:914} INFO - Processing file /home/ubuntu/redfin_venv/lib/python3.12/site-packages/airflow/example_dags/example_branch_operator_decorator.py for tasks to queue
[2025-03-11T01:44:55.138+0000] {logging_mixin.py:190} INFO - [2025-03-11T01:44:55.138+0000] {dagbag.py:588} INFO - Filling up the DagBag from /home/ubuntu/redfin_venv/lib/python3.12/site-packages/airflow/example_dags/example_branch_operator_decorator.py
[2025-03-11T01:44:55.141+0000] {processor.py:927} WARNING - No viable dags retrieved from /home/ubuntu/redfin_venv/lib/python3.12/site-packages/airflow/example_dags/example_branch_operator_decorator.py
[2025-03-11T01:44:55.153+0000] {processor.py:208} INFO - Processing /home/ubuntu/redfin_venv/lib/python3.12/site-packages/airflow/example_dags/example_branch_operator_decorator.py took 0.024 seconds
[2025-03-11T01:46:17.261+0000] {processor.py:186} INFO - Started process (PID=38745) to work on /home/ubuntu/redfin_venv/lib/python3.12/site-packages/airflow/example_dags/example_branch_operator_decorator.py
[2025-03-11T01:46:17.263+0000] {processor.py:914} INFO - Processing file /home/ubuntu/redfin_venv/lib/python3.12/site-packages/airflow/example_dags/example_branch_operator_decorator.py for tasks to queue
[2025-03-11T01:46:17.264+0000] {logging_mixin.py:190} INFO - [2025-03-11T01:46:17.263+0000] {dagbag.py:588} INFO - Filling up the DagBag from /home/ubuntu/redfin_venv/lib/python3.12/site-packages/airflow/example_dags/example_branch_operator_decorator.py
[2025-03-11T01:46:17.267+0000] {processor.py:927} WARNING - No viable dags retrieved from /home/ubuntu/redfin_venv/lib/python3.12/site-packages/airflow/example_dags/example_branch_operator_decorator.py
[2025-03-11T01:46:17.279+0000] {processor.py:208} INFO - Processing /home/ubuntu/redfin_venv/lib/python3.12/site-packages/airflow/example_dags/example_branch_operator_decorator.py took 0.024 seconds
[2025-03-11T01:47:36.548+0000] {processor.py:186} INFO - Started process (PID=38886) to work on /home/ubuntu/redfin_venv/lib/python3.12/site-packages/airflow/example_dags/example_branch_operator_decorator.py
[2025-03-11T01:47:36.549+0000] {processor.py:914} INFO - Processing file /home/ubuntu/redfin_venv/lib/python3.12/site-packages/airflow/example_dags/example_branch_operator_decorator.py for tasks to queue
[2025-03-11T01:47:36.550+0000] {logging_mixin.py:190} INFO - [2025-03-11T01:47:36.550+0000] {dagbag.py:588} INFO - Filling up the DagBag from /home/ubuntu/redfin_venv/lib/python3.12/site-packages/airflow/example_dags/example_branch_operator_decorator.py
[2025-03-11T01:47:36.554+0000] {processor.py:927} WARNING - No viable dags retrieved from /home/ubuntu/redfin_venv/lib/python3.12/site-packages/airflow/example_dags/example_branch_operator_decorator.py
[2025-03-11T01:47:36.565+0000] {processor.py:208} INFO - Processing /home/ubuntu/redfin_venv/lib/python3.12/site-packages/airflow/example_dags/example_branch_operator_decorator.py took 0.023 seconds
[2025-03-11T01:48:54.237+0000] {processor.py:186} INFO - Started process (PID=39028) to work on /home/ubuntu/redfin_venv/lib/python3.12/site-packages/airflow/example_dags/example_branch_operator_decorator.py
[2025-03-11T01:48:54.239+0000] {processor.py:914} INFO - Processing file /home/ubuntu/redfin_venv/lib/python3.12/site-packages/airflow/example_dags/example_branch_operator_decorator.py for tasks to queue
[2025-03-11T01:48:54.241+0000] {logging_mixin.py:190} INFO - [2025-03-11T01:48:54.240+0000] {dagbag.py:588} INFO - Filling up the DagBag from /home/ubuntu/redfin_venv/lib/python3.12/site-packages/airflow/example_dags/example_branch_operator_decorator.py
[2025-03-11T01:48:54.244+0000] {processor.py:927} WARNING - No viable dags retrieved from /home/ubuntu/redfin_venv/lib/python3.12/site-packages/airflow/example_dags/example_branch_operator_decorator.py
[2025-03-11T01:48:54.257+0000] {processor.py:208} INFO - Processing /home/ubuntu/redfin_venv/lib/python3.12/site-packages/airflow/example_dags/example_branch_operator_decorator.py took 0.027 seconds
[2025-03-11T01:50:17.510+0000] {processor.py:186} INFO - Started process (PID=39233) to work on /home/ubuntu/redfin_venv/lib/python3.12/site-packages/airflow/example_dags/example_branch_operator_decorator.py
[2025-03-11T01:50:17.512+0000] {processor.py:914} INFO - Processing file /home/ubuntu/redfin_venv/lib/python3.12/site-packages/airflow/example_dags/example_branch_operator_decorator.py for tasks to queue
[2025-03-11T01:50:17.514+0000] {logging_mixin.py:190} INFO - [2025-03-11T01:50:17.512+0000] {dagbag.py:588} INFO - Filling up the DagBag from /home/ubuntu/redfin_venv/lib/python3.12/site-packages/airflow/example_dags/example_branch_operator_decorator.py
[2025-03-11T01:50:17.517+0000] {processor.py:927} WARNING - No viable dags retrieved from /home/ubuntu/redfin_venv/lib/python3.12/site-packages/airflow/example_dags/example_branch_operator_decorator.py
[2025-03-11T01:50:17.529+0000] {processor.py:208} INFO - Processing /home/ubuntu/redfin_venv/lib/python3.12/site-packages/airflow/example_dags/example_branch_operator_decorator.py took 0.025 seconds
[2025-03-11T01:51:12.829+0000] {processor.py:186} INFO - Started process (PID=39412) to work on /home/ubuntu/redfin_venv/lib/python3.12/site-packages/airflow/example_dags/example_branch_operator_decorator.py
[2025-03-11T01:51:12.831+0000] {processor.py:914} INFO - Processing file /home/ubuntu/redfin_venv/lib/python3.12/site-packages/airflow/example_dags/example_branch_operator_decorator.py for tasks to queue
[2025-03-11T01:51:12.832+0000] {logging_mixin.py:190} INFO - [2025-03-11T01:51:12.832+0000] {dagbag.py:588} INFO - Filling up the DagBag from /home/ubuntu/redfin_venv/lib/python3.12/site-packages/airflow/example_dags/example_branch_operator_decorator.py
[2025-03-11T01:51:12.836+0000] {processor.py:927} WARNING - No viable dags retrieved from /home/ubuntu/redfin_venv/lib/python3.12/site-packages/airflow/example_dags/example_branch_operator_decorator.py
[2025-03-11T01:51:12.848+0000] {processor.py:208} INFO - Processing /home/ubuntu/redfin_venv/lib/python3.12/site-packages/airflow/example_dags/example_branch_operator_decorator.py took 0.024 seconds
[2025-03-11T01:52:07.784+0000] {processor.py:186} INFO - Started process (PID=39529) to work on /home/ubuntu/redfin_venv/lib/python3.12/site-packages/airflow/example_dags/example_branch_operator_decorator.py
[2025-03-11T01:52:07.786+0000] {processor.py:914} INFO - Processing file /home/ubuntu/redfin_venv/lib/python3.12/site-packages/airflow/example_dags/example_branch_operator_decorator.py for tasks to queue
[2025-03-11T01:52:07.787+0000] {logging_mixin.py:190} INFO - [2025-03-11T01:52:07.786+0000] {dagbag.py:588} INFO - Filling up the DagBag from /home/ubuntu/redfin_venv/lib/python3.12/site-packages/airflow/example_dags/example_branch_operator_decorator.py
[2025-03-11T01:52:07.790+0000] {processor.py:927} WARNING - No viable dags retrieved from /home/ubuntu/redfin_venv/lib/python3.12/site-packages/airflow/example_dags/example_branch_operator_decorator.py
[2025-03-11T01:52:07.802+0000] {processor.py:208} INFO - Processing /home/ubuntu/redfin_venv/lib/python3.12/site-packages/airflow/example_dags/example_branch_operator_decorator.py took 0.024 seconds
[2025-03-11T01:53:02.560+0000] {processor.py:186} INFO - Started process (PID=39585) to work on /home/ubuntu/redfin_venv/lib/python3.12/site-packages/airflow/example_dags/example_branch_operator_decorator.py
[2025-03-11T01:53:02.562+0000] {processor.py:914} INFO - Processing file /home/ubuntu/redfin_venv/lib/python3.12/site-packages/airflow/example_dags/example_branch_operator_decorator.py for tasks to queue
[2025-03-11T01:53:02.563+0000] {logging_mixin.py:190} INFO - [2025-03-11T01:53:02.563+0000] {dagbag.py:588} INFO - Filling up the DagBag from /home/ubuntu/redfin_venv/lib/python3.12/site-packages/airflow/example_dags/example_branch_operator_decorator.py
[2025-03-11T01:53:02.567+0000] {processor.py:927} WARNING - No viable dags retrieved from /home/ubuntu/redfin_venv/lib/python3.12/site-packages/airflow/example_dags/example_branch_operator_decorator.py
[2025-03-11T01:53:02.579+0000] {processor.py:208} INFO - Processing /home/ubuntu/redfin_venv/lib/python3.12/site-packages/airflow/example_dags/example_branch_operator_decorator.py took 0.025 seconds
[2025-03-11T01:53:59.252+0000] {processor.py:186} INFO - Started process (PID=39701) to work on /home/ubuntu/redfin_venv/lib/python3.12/site-packages/airflow/example_dags/example_branch_operator_decorator.py
[2025-03-11T01:53:59.254+0000] {processor.py:914} INFO - Processing file /home/ubuntu/redfin_venv/lib/python3.12/site-packages/airflow/example_dags/example_branch_operator_decorator.py for tasks to queue
[2025-03-11T01:53:59.255+0000] {logging_mixin.py:190} INFO - [2025-03-11T01:53:59.255+0000] {dagbag.py:588} INFO - Filling up the DagBag from /home/ubuntu/redfin_venv/lib/python3.12/site-packages/airflow/example_dags/example_branch_operator_decorator.py
[2025-03-11T01:53:59.258+0000] {processor.py:927} WARNING - No viable dags retrieved from /home/ubuntu/redfin_venv/lib/python3.12/site-packages/airflow/example_dags/example_branch_operator_decorator.py
[2025-03-11T01:53:59.270+0000] {processor.py:208} INFO - Processing /home/ubuntu/redfin_venv/lib/python3.12/site-packages/airflow/example_dags/example_branch_operator_decorator.py took 0.024 seconds
[2025-03-11T01:54:57.420+0000] {processor.py:186} INFO - Started process (PID=39819) to work on /home/ubuntu/redfin_venv/lib/python3.12/site-packages/airflow/example_dags/example_branch_operator_decorator.py
[2025-03-11T01:54:57.421+0000] {processor.py:914} INFO - Processing file /home/ubuntu/redfin_venv/lib/python3.12/site-packages/airflow/example_dags/example_branch_operator_decorator.py for tasks to queue
[2025-03-11T01:54:57.422+0000] {logging_mixin.py:190} INFO - [2025-03-11T01:54:57.421+0000] {dagbag.py:588} INFO - Filling up the DagBag from /home/ubuntu/redfin_venv/lib/python3.12/site-packages/airflow/example_dags/example_branch_operator_decorator.py
[2025-03-11T01:54:57.426+0000] {processor.py:927} WARNING - No viable dags retrieved from /home/ubuntu/redfin_venv/lib/python3.12/site-packages/airflow/example_dags/example_branch_operator_decorator.py
[2025-03-11T01:54:57.438+0000] {processor.py:208} INFO - Processing /home/ubuntu/redfin_venv/lib/python3.12/site-packages/airflow/example_dags/example_branch_operator_decorator.py took 0.025 seconds
[2025-03-11T02:08:19.878+0000] {processor.py:186} INFO - Started process (PID=50401) to work on /home/ubuntu/redfin_venv/lib/python3.12/site-packages/airflow/example_dags/example_branch_operator_decorator.py
[2025-03-11T02:08:19.879+0000] {processor.py:914} INFO - Processing file /home/ubuntu/redfin_venv/lib/python3.12/site-packages/airflow/example_dags/example_branch_operator_decorator.py for tasks to queue
[2025-03-11T02:08:19.880+0000] {logging_mixin.py:190} INFO - [2025-03-11T02:08:19.879+0000] {dagbag.py:588} INFO - Filling up the DagBag from /home/ubuntu/redfin_venv/lib/python3.12/site-packages/airflow/example_dags/example_branch_operator_decorator.py
[2025-03-11T02:08:19.883+0000] {processor.py:927} WARNING - No viable dags retrieved from /home/ubuntu/redfin_venv/lib/python3.12/site-packages/airflow/example_dags/example_branch_operator_decorator.py
[2025-03-11T02:08:19.896+0000] {processor.py:208} INFO - Processing /home/ubuntu/redfin_venv/lib/python3.12/site-packages/airflow/example_dags/example_branch_operator_decorator.py took 0.025 seconds
[2025-03-11T02:09:16.163+0000] {processor.py:186} INFO - Started process (PID=50519) to work on /home/ubuntu/redfin_venv/lib/python3.12/site-packages/airflow/example_dags/example_branch_operator_decorator.py
[2025-03-11T02:09:16.164+0000] {processor.py:914} INFO - Processing file /home/ubuntu/redfin_venv/lib/python3.12/site-packages/airflow/example_dags/example_branch_operator_decorator.py for tasks to queue
[2025-03-11T02:09:16.165+0000] {logging_mixin.py:190} INFO - [2025-03-11T02:09:16.165+0000] {dagbag.py:588} INFO - Filling up the DagBag from /home/ubuntu/redfin_venv/lib/python3.12/site-packages/airflow/example_dags/example_branch_operator_decorator.py
[2025-03-11T02:09:16.169+0000] {processor.py:927} WARNING - No viable dags retrieved from /home/ubuntu/redfin_venv/lib/python3.12/site-packages/airflow/example_dags/example_branch_operator_decorator.py
[2025-03-11T02:09:16.181+0000] {processor.py:208} INFO - Processing /home/ubuntu/redfin_venv/lib/python3.12/site-packages/airflow/example_dags/example_branch_operator_decorator.py took 0.025 seconds
[2025-03-11T02:10:36.685+0000] {processor.py:186} INFO - Started process (PID=52411) to work on /home/ubuntu/redfin_venv/lib/python3.12/site-packages/airflow/example_dags/example_branch_operator_decorator.py
[2025-03-11T02:10:36.686+0000] {processor.py:914} INFO - Processing file /home/ubuntu/redfin_venv/lib/python3.12/site-packages/airflow/example_dags/example_branch_operator_decorator.py for tasks to queue
[2025-03-11T02:10:36.689+0000] {logging_mixin.py:190} INFO - [2025-03-11T02:10:36.688+0000] {dagbag.py:588} INFO - Filling up the DagBag from /home/ubuntu/redfin_venv/lib/python3.12/site-packages/airflow/example_dags/example_branch_operator_decorator.py
[2025-03-11T02:10:36.691+0000] {processor.py:927} WARNING - No viable dags retrieved from /home/ubuntu/redfin_venv/lib/python3.12/site-packages/airflow/example_dags/example_branch_operator_decorator.py
[2025-03-11T02:10:36.703+0000] {processor.py:208} INFO - Processing /home/ubuntu/redfin_venv/lib/python3.12/site-packages/airflow/example_dags/example_branch_operator_decorator.py took 0.025 seconds
[2025-03-11T20:14:48.160+0000] {processor.py:186} INFO - Started process (PID=7534) to work on /home/ubuntu/redfin_venv/lib/python3.12/site-packages/airflow/example_dags/example_branch_operator_decorator.py
[2025-03-11T20:14:48.163+0000] {processor.py:914} INFO - Processing file /home/ubuntu/redfin_venv/lib/python3.12/site-packages/airflow/example_dags/example_branch_operator_decorator.py for tasks to queue
[2025-03-11T20:14:48.164+0000] {logging_mixin.py:190} INFO - [2025-03-11T20:14:48.164+0000] {dagbag.py:588} INFO - Filling up the DagBag from /home/ubuntu/redfin_venv/lib/python3.12/site-packages/airflow/example_dags/example_branch_operator_decorator.py
[2025-03-11T20:14:48.167+0000] {processor.py:927} WARNING - No viable dags retrieved from /home/ubuntu/redfin_venv/lib/python3.12/site-packages/airflow/example_dags/example_branch_operator_decorator.py
[2025-03-11T20:14:48.178+0000] {processor.py:208} INFO - Processing /home/ubuntu/redfin_venv/lib/python3.12/site-packages/airflow/example_dags/example_branch_operator_decorator.py took 0.024 seconds
[2025-03-11T20:15:44.086+0000] {processor.py:186} INFO - Started process (PID=7717) to work on /home/ubuntu/redfin_venv/lib/python3.12/site-packages/airflow/example_dags/example_branch_operator_decorator.py
[2025-03-11T20:15:44.088+0000] {processor.py:914} INFO - Processing file /home/ubuntu/redfin_venv/lib/python3.12/site-packages/airflow/example_dags/example_branch_operator_decorator.py for tasks to queue
[2025-03-11T20:15:44.090+0000] {logging_mixin.py:190} INFO - [2025-03-11T20:15:44.089+0000] {dagbag.py:588} INFO - Filling up the DagBag from /home/ubuntu/redfin_venv/lib/python3.12/site-packages/airflow/example_dags/example_branch_operator_decorator.py
[2025-03-11T20:15:44.093+0000] {processor.py:927} WARNING - No viable dags retrieved from /home/ubuntu/redfin_venv/lib/python3.12/site-packages/airflow/example_dags/example_branch_operator_decorator.py
[2025-03-11T20:15:44.104+0000] {processor.py:208} INFO - Processing /home/ubuntu/redfin_venv/lib/python3.12/site-packages/airflow/example_dags/example_branch_operator_decorator.py took 0.023 seconds
[2025-03-11T20:17:03.029+0000] {processor.py:186} INFO - Started process (PID=7982) to work on /home/ubuntu/redfin_venv/lib/python3.12/site-packages/airflow/example_dags/example_branch_operator_decorator.py
[2025-03-11T20:17:03.031+0000] {processor.py:914} INFO - Processing file /home/ubuntu/redfin_venv/lib/python3.12/site-packages/airflow/example_dags/example_branch_operator_decorator.py for tasks to queue
[2025-03-11T20:17:03.032+0000] {logging_mixin.py:190} INFO - [2025-03-11T20:17:03.032+0000] {dagbag.py:588} INFO - Filling up the DagBag from /home/ubuntu/redfin_venv/lib/python3.12/site-packages/airflow/example_dags/example_branch_operator_decorator.py
[2025-03-11T20:17:03.035+0000] {processor.py:927} WARNING - No viable dags retrieved from /home/ubuntu/redfin_venv/lib/python3.12/site-packages/airflow/example_dags/example_branch_operator_decorator.py
[2025-03-11T20:17:03.047+0000] {processor.py:208} INFO - Processing /home/ubuntu/redfin_venv/lib/python3.12/site-packages/airflow/example_dags/example_branch_operator_decorator.py took 0.024 seconds
[2025-03-11T20:17:58.813+0000] {processor.py:186} INFO - Started process (PID=8040) to work on /home/ubuntu/redfin_venv/lib/python3.12/site-packages/airflow/example_dags/example_branch_operator_decorator.py
[2025-03-11T20:17:58.816+0000] {processor.py:914} INFO - Processing file /home/ubuntu/redfin_venv/lib/python3.12/site-packages/airflow/example_dags/example_branch_operator_decorator.py for tasks to queue
[2025-03-11T20:17:58.817+0000] {logging_mixin.py:190} INFO - [2025-03-11T20:17:58.817+0000] {dagbag.py:588} INFO - Filling up the DagBag from /home/ubuntu/redfin_venv/lib/python3.12/site-packages/airflow/example_dags/example_branch_operator_decorator.py
[2025-03-11T20:17:58.820+0000] {processor.py:927} WARNING - No viable dags retrieved from /home/ubuntu/redfin_venv/lib/python3.12/site-packages/airflow/example_dags/example_branch_operator_decorator.py
[2025-03-11T20:17:58.831+0000] {processor.py:208} INFO - Processing /home/ubuntu/redfin_venv/lib/python3.12/site-packages/airflow/example_dags/example_branch_operator_decorator.py took 0.023 seconds
[2025-03-11T20:19:15.048+0000] {processor.py:186} INFO - Started process (PID=8239) to work on /home/ubuntu/redfin_venv/lib/python3.12/site-packages/airflow/example_dags/example_branch_operator_decorator.py
[2025-03-11T20:19:15.050+0000] {processor.py:914} INFO - Processing file /home/ubuntu/redfin_venv/lib/python3.12/site-packages/airflow/example_dags/example_branch_operator_decorator.py for tasks to queue
[2025-03-11T20:19:15.051+0000] {logging_mixin.py:190} INFO - [2025-03-11T20:19:15.051+0000] {dagbag.py:588} INFO - Filling up the DagBag from /home/ubuntu/redfin_venv/lib/python3.12/site-packages/airflow/example_dags/example_branch_operator_decorator.py
[2025-03-11T20:19:15.054+0000] {processor.py:927} WARNING - No viable dags retrieved from /home/ubuntu/redfin_venv/lib/python3.12/site-packages/airflow/example_dags/example_branch_operator_decorator.py
[2025-03-11T20:19:15.066+0000] {processor.py:208} INFO - Processing /home/ubuntu/redfin_venv/lib/python3.12/site-packages/airflow/example_dags/example_branch_operator_decorator.py took 0.024 seconds
[2025-03-11T20:20:35.747+0000] {processor.py:186} INFO - Started process (PID=8399) to work on /home/ubuntu/redfin_venv/lib/python3.12/site-packages/airflow/example_dags/example_branch_operator_decorator.py
[2025-03-11T20:20:35.750+0000] {processor.py:914} INFO - Processing file /home/ubuntu/redfin_venv/lib/python3.12/site-packages/airflow/example_dags/example_branch_operator_decorator.py for tasks to queue
[2025-03-11T20:20:35.751+0000] {logging_mixin.py:190} INFO - [2025-03-11T20:20:35.750+0000] {dagbag.py:588} INFO - Filling up the DagBag from /home/ubuntu/redfin_venv/lib/python3.12/site-packages/airflow/example_dags/example_branch_operator_decorator.py
[2025-03-11T20:20:35.753+0000] {processor.py:927} WARNING - No viable dags retrieved from /home/ubuntu/redfin_venv/lib/python3.12/site-packages/airflow/example_dags/example_branch_operator_decorator.py
[2025-03-11T20:20:35.765+0000] {processor.py:208} INFO - Processing /home/ubuntu/redfin_venv/lib/python3.12/site-packages/airflow/example_dags/example_branch_operator_decorator.py took 0.024 seconds
[2025-03-11T20:21:54.690+0000] {processor.py:186} INFO - Started process (PID=8601) to work on /home/ubuntu/redfin_venv/lib/python3.12/site-packages/airflow/example_dags/example_branch_operator_decorator.py
[2025-03-11T20:21:54.692+0000] {processor.py:914} INFO - Processing file /home/ubuntu/redfin_venv/lib/python3.12/site-packages/airflow/example_dags/example_branch_operator_decorator.py for tasks to queue
[2025-03-11T20:21:54.693+0000] {logging_mixin.py:190} INFO - [2025-03-11T20:21:54.693+0000] {dagbag.py:588} INFO - Filling up the DagBag from /home/ubuntu/redfin_venv/lib/python3.12/site-packages/airflow/example_dags/example_branch_operator_decorator.py
[2025-03-11T20:21:54.696+0000] {processor.py:927} WARNING - No viable dags retrieved from /home/ubuntu/redfin_venv/lib/python3.12/site-packages/airflow/example_dags/example_branch_operator_decorator.py
[2025-03-11T20:21:54.707+0000] {processor.py:208} INFO - Processing /home/ubuntu/redfin_venv/lib/python3.12/site-packages/airflow/example_dags/example_branch_operator_decorator.py took 0.023 seconds
[2025-03-11T20:22:49.544+0000] {processor.py:186} INFO - Started process (PID=8717) to work on /home/ubuntu/redfin_venv/lib/python3.12/site-packages/airflow/example_dags/example_branch_operator_decorator.py
[2025-03-11T20:22:49.546+0000] {processor.py:914} INFO - Processing file /home/ubuntu/redfin_venv/lib/python3.12/site-packages/airflow/example_dags/example_branch_operator_decorator.py for tasks to queue
[2025-03-11T20:22:49.547+0000] {logging_mixin.py:190} INFO - [2025-03-11T20:22:49.547+0000] {dagbag.py:588} INFO - Filling up the DagBag from /home/ubuntu/redfin_venv/lib/python3.12/site-packages/airflow/example_dags/example_branch_operator_decorator.py
[2025-03-11T20:22:49.550+0000] {processor.py:927} WARNING - No viable dags retrieved from /home/ubuntu/redfin_venv/lib/python3.12/site-packages/airflow/example_dags/example_branch_operator_decorator.py
[2025-03-11T20:22:49.562+0000] {processor.py:208} INFO - Processing /home/ubuntu/redfin_venv/lib/python3.12/site-packages/airflow/example_dags/example_branch_operator_decorator.py took 0.023 seconds
[2025-03-11T20:24:08.615+0000] {processor.py:186} INFO - Started process (PID=8921) to work on /home/ubuntu/redfin_venv/lib/python3.12/site-packages/airflow/example_dags/example_branch_operator_decorator.py
[2025-03-11T20:24:08.617+0000] {processor.py:914} INFO - Processing file /home/ubuntu/redfin_venv/lib/python3.12/site-packages/airflow/example_dags/example_branch_operator_decorator.py for tasks to queue
[2025-03-11T20:24:08.618+0000] {logging_mixin.py:190} INFO - [2025-03-11T20:24:08.618+0000] {dagbag.py:588} INFO - Filling up the DagBag from /home/ubuntu/redfin_venv/lib/python3.12/site-packages/airflow/example_dags/example_branch_operator_decorator.py
[2025-03-11T20:24:08.621+0000] {processor.py:927} WARNING - No viable dags retrieved from /home/ubuntu/redfin_venv/lib/python3.12/site-packages/airflow/example_dags/example_branch_operator_decorator.py
[2025-03-11T20:24:08.633+0000] {processor.py:208} INFO - Processing /home/ubuntu/redfin_venv/lib/python3.12/site-packages/airflow/example_dags/example_branch_operator_decorator.py took 0.024 seconds
[2025-03-11T20:25:04.655+0000] {processor.py:186} INFO - Started process (PID=9044) to work on /home/ubuntu/redfin_venv/lib/python3.12/site-packages/airflow/example_dags/example_branch_operator_decorator.py
[2025-03-11T20:25:04.656+0000] {processor.py:914} INFO - Processing file /home/ubuntu/redfin_venv/lib/python3.12/site-packages/airflow/example_dags/example_branch_operator_decorator.py for tasks to queue
[2025-03-11T20:25:04.658+0000] {logging_mixin.py:190} INFO - [2025-03-11T20:25:04.657+0000] {dagbag.py:588} INFO - Filling up the DagBag from /home/ubuntu/redfin_venv/lib/python3.12/site-packages/airflow/example_dags/example_branch_operator_decorator.py
[2025-03-11T20:25:04.660+0000] {processor.py:927} WARNING - No viable dags retrieved from /home/ubuntu/redfin_venv/lib/python3.12/site-packages/airflow/example_dags/example_branch_operator_decorator.py
[2025-03-11T20:25:04.671+0000] {processor.py:208} INFO - Processing /home/ubuntu/redfin_venv/lib/python3.12/site-packages/airflow/example_dags/example_branch_operator_decorator.py took 0.022 seconds
[2025-03-11T20:26:24.894+0000] {processor.py:186} INFO - Started process (PID=9429) to work on /home/ubuntu/redfin_venv/lib/python3.12/site-packages/airflow/example_dags/example_branch_operator_decorator.py
[2025-03-11T20:26:24.896+0000] {processor.py:914} INFO - Processing file /home/ubuntu/redfin_venv/lib/python3.12/site-packages/airflow/example_dags/example_branch_operator_decorator.py for tasks to queue
[2025-03-11T20:26:24.898+0000] {logging_mixin.py:190} INFO - [2025-03-11T20:26:24.896+0000] {dagbag.py:588} INFO - Filling up the DagBag from /home/ubuntu/redfin_venv/lib/python3.12/site-packages/airflow/example_dags/example_branch_operator_decorator.py
[2025-03-11T20:26:24.901+0000] {processor.py:927} WARNING - No viable dags retrieved from /home/ubuntu/redfin_venv/lib/python3.12/site-packages/airflow/example_dags/example_branch_operator_decorator.py
[2025-03-11T20:26:24.913+0000] {processor.py:208} INFO - Processing /home/ubuntu/redfin_venv/lib/python3.12/site-packages/airflow/example_dags/example_branch_operator_decorator.py took 0.025 seconds
[2025-03-11T20:27:46.857+0000] {processor.py:186} INFO - Started process (PID=9571) to work on /home/ubuntu/redfin_venv/lib/python3.12/site-packages/airflow/example_dags/example_branch_operator_decorator.py
[2025-03-11T20:27:46.859+0000] {processor.py:914} INFO - Processing file /home/ubuntu/redfin_venv/lib/python3.12/site-packages/airflow/example_dags/example_branch_operator_decorator.py for tasks to queue
[2025-03-11T20:27:46.860+0000] {logging_mixin.py:190} INFO - [2025-03-11T20:27:46.859+0000] {dagbag.py:588} INFO - Filling up the DagBag from /home/ubuntu/redfin_venv/lib/python3.12/site-packages/airflow/example_dags/example_branch_operator_decorator.py
[2025-03-11T20:27:46.863+0000] {processor.py:927} WARNING - No viable dags retrieved from /home/ubuntu/redfin_venv/lib/python3.12/site-packages/airflow/example_dags/example_branch_operator_decorator.py
[2025-03-11T20:27:46.875+0000] {processor.py:208} INFO - Processing /home/ubuntu/redfin_venv/lib/python3.12/site-packages/airflow/example_dags/example_branch_operator_decorator.py took 0.024 seconds
[2025-03-11T20:29:05.073+0000] {processor.py:186} INFO - Started process (PID=9774) to work on /home/ubuntu/redfin_venv/lib/python3.12/site-packages/airflow/example_dags/example_branch_operator_decorator.py
[2025-03-11T20:29:05.075+0000] {processor.py:914} INFO - Processing file /home/ubuntu/redfin_venv/lib/python3.12/site-packages/airflow/example_dags/example_branch_operator_decorator.py for tasks to queue
[2025-03-11T20:29:05.076+0000] {logging_mixin.py:190} INFO - [2025-03-11T20:29:05.075+0000] {dagbag.py:588} INFO - Filling up the DagBag from /home/ubuntu/redfin_venv/lib/python3.12/site-packages/airflow/example_dags/example_branch_operator_decorator.py
[2025-03-11T20:29:05.079+0000] {processor.py:927} WARNING - No viable dags retrieved from /home/ubuntu/redfin_venv/lib/python3.12/site-packages/airflow/example_dags/example_branch_operator_decorator.py
[2025-03-11T20:29:05.090+0000] {processor.py:208} INFO - Processing /home/ubuntu/redfin_venv/lib/python3.12/site-packages/airflow/example_dags/example_branch_operator_decorator.py took 0.023 seconds
[2025-03-11T20:30:02.497+0000] {processor.py:186} INFO - Started process (PID=9857) to work on /home/ubuntu/redfin_venv/lib/python3.12/site-packages/airflow/example_dags/example_branch_operator_decorator.py
[2025-03-11T20:30:02.499+0000] {processor.py:914} INFO - Processing file /home/ubuntu/redfin_venv/lib/python3.12/site-packages/airflow/example_dags/example_branch_operator_decorator.py for tasks to queue
[2025-03-11T20:30:02.500+0000] {logging_mixin.py:190} INFO - [2025-03-11T20:30:02.500+0000] {dagbag.py:588} INFO - Filling up the DagBag from /home/ubuntu/redfin_venv/lib/python3.12/site-packages/airflow/example_dags/example_branch_operator_decorator.py
[2025-03-11T20:30:02.503+0000] {processor.py:927} WARNING - No viable dags retrieved from /home/ubuntu/redfin_venv/lib/python3.12/site-packages/airflow/example_dags/example_branch_operator_decorator.py
[2025-03-11T20:30:02.515+0000] {processor.py:208} INFO - Processing /home/ubuntu/redfin_venv/lib/python3.12/site-packages/airflow/example_dags/example_branch_operator_decorator.py took 0.024 seconds
[2025-03-11T20:31:21.340+0000] {processor.py:186} INFO - Started process (PID=10100) to work on /home/ubuntu/redfin_venv/lib/python3.12/site-packages/airflow/example_dags/example_branch_operator_decorator.py
[2025-03-11T20:31:21.342+0000] {processor.py:914} INFO - Processing file /home/ubuntu/redfin_venv/lib/python3.12/site-packages/airflow/example_dags/example_branch_operator_decorator.py for tasks to queue
[2025-03-11T20:31:21.344+0000] {logging_mixin.py:190} INFO - [2025-03-11T20:31:21.343+0000] {dagbag.py:588} INFO - Filling up the DagBag from /home/ubuntu/redfin_venv/lib/python3.12/site-packages/airflow/example_dags/example_branch_operator_decorator.py
[2025-03-11T20:31:21.347+0000] {processor.py:927} WARNING - No viable dags retrieved from /home/ubuntu/redfin_venv/lib/python3.12/site-packages/airflow/example_dags/example_branch_operator_decorator.py
[2025-03-11T20:31:21.358+0000] {processor.py:208} INFO - Processing /home/ubuntu/redfin_venv/lib/python3.12/site-packages/airflow/example_dags/example_branch_operator_decorator.py took 0.024 seconds
[2025-03-11T20:32:38.609+0000] {processor.py:186} INFO - Started process (PID=10242) to work on /home/ubuntu/redfin_venv/lib/python3.12/site-packages/airflow/example_dags/example_branch_operator_decorator.py
[2025-03-11T20:32:38.612+0000] {processor.py:914} INFO - Processing file /home/ubuntu/redfin_venv/lib/python3.12/site-packages/airflow/example_dags/example_branch_operator_decorator.py for tasks to queue
[2025-03-11T20:32:38.613+0000] {logging_mixin.py:190} INFO - [2025-03-11T20:32:38.612+0000] {dagbag.py:588} INFO - Filling up the DagBag from /home/ubuntu/redfin_venv/lib/python3.12/site-packages/airflow/example_dags/example_branch_operator_decorator.py
[2025-03-11T20:32:38.615+0000] {processor.py:927} WARNING - No viable dags retrieved from /home/ubuntu/redfin_venv/lib/python3.12/site-packages/airflow/example_dags/example_branch_operator_decorator.py
[2025-03-11T20:32:38.626+0000] {processor.py:208} INFO - Processing /home/ubuntu/redfin_venv/lib/python3.12/site-packages/airflow/example_dags/example_branch_operator_decorator.py took 0.023 seconds
[2025-03-11T20:34:00.931+0000] {processor.py:186} INFO - Started process (PID=10383) to work on /home/ubuntu/redfin_venv/lib/python3.12/site-packages/airflow/example_dags/example_branch_operator_decorator.py
[2025-03-11T20:34:00.934+0000] {processor.py:914} INFO - Processing file /home/ubuntu/redfin_venv/lib/python3.12/site-packages/airflow/example_dags/example_branch_operator_decorator.py for tasks to queue
[2025-03-11T20:34:00.935+0000] {logging_mixin.py:190} INFO - [2025-03-11T20:34:00.934+0000] {dagbag.py:588} INFO - Filling up the DagBag from /home/ubuntu/redfin_venv/lib/python3.12/site-packages/airflow/example_dags/example_branch_operator_decorator.py
[2025-03-11T20:34:00.938+0000] {processor.py:927} WARNING - No viable dags retrieved from /home/ubuntu/redfin_venv/lib/python3.12/site-packages/airflow/example_dags/example_branch_operator_decorator.py
[2025-03-11T20:34:00.949+0000] {processor.py:208} INFO - Processing /home/ubuntu/redfin_venv/lib/python3.12/site-packages/airflow/example_dags/example_branch_operator_decorator.py took 0.024 seconds
[2025-03-11T20:34:54.979+0000] {processor.py:186} INFO - Started process (PID=10500) to work on /home/ubuntu/redfin_venv/lib/python3.12/site-packages/airflow/example_dags/example_branch_operator_decorator.py
[2025-03-11T20:34:54.982+0000] {processor.py:914} INFO - Processing file /home/ubuntu/redfin_venv/lib/python3.12/site-packages/airflow/example_dags/example_branch_operator_decorator.py for tasks to queue
[2025-03-11T20:34:54.983+0000] {logging_mixin.py:190} INFO - [2025-03-11T20:34:54.983+0000] {dagbag.py:588} INFO - Filling up the DagBag from /home/ubuntu/redfin_venv/lib/python3.12/site-packages/airflow/example_dags/example_branch_operator_decorator.py
[2025-03-11T20:34:54.986+0000] {processor.py:927} WARNING - No viable dags retrieved from /home/ubuntu/redfin_venv/lib/python3.12/site-packages/airflow/example_dags/example_branch_operator_decorator.py
[2025-03-11T20:34:54.997+0000] {processor.py:208} INFO - Processing /home/ubuntu/redfin_venv/lib/python3.12/site-packages/airflow/example_dags/example_branch_operator_decorator.py took 0.024 seconds
[2025-03-11T20:36:15.373+0000] {processor.py:186} INFO - Started process (PID=10767) to work on /home/ubuntu/redfin_venv/lib/python3.12/site-packages/airflow/example_dags/example_branch_operator_decorator.py
[2025-03-11T20:36:15.374+0000] {processor.py:914} INFO - Processing file /home/ubuntu/redfin_venv/lib/python3.12/site-packages/airflow/example_dags/example_branch_operator_decorator.py for tasks to queue
[2025-03-11T20:36:15.375+0000] {logging_mixin.py:190} INFO - [2025-03-11T20:36:15.375+0000] {dagbag.py:588} INFO - Filling up the DagBag from /home/ubuntu/redfin_venv/lib/python3.12/site-packages/airflow/example_dags/example_branch_operator_decorator.py
[2025-03-11T20:36:15.378+0000] {processor.py:927} WARNING - No viable dags retrieved from /home/ubuntu/redfin_venv/lib/python3.12/site-packages/airflow/example_dags/example_branch_operator_decorator.py
[2025-03-11T20:36:15.389+0000] {processor.py:208} INFO - Processing /home/ubuntu/redfin_venv/lib/python3.12/site-packages/airflow/example_dags/example_branch_operator_decorator.py took 0.022 seconds
[2025-03-11T20:37:10.617+0000] {processor.py:186} INFO - Started process (PID=10884) to work on /home/ubuntu/redfin_venv/lib/python3.12/site-packages/airflow/example_dags/example_branch_operator_decorator.py
[2025-03-11T20:37:10.620+0000] {processor.py:914} INFO - Processing file /home/ubuntu/redfin_venv/lib/python3.12/site-packages/airflow/example_dags/example_branch_operator_decorator.py for tasks to queue
[2025-03-11T20:37:10.621+0000] {logging_mixin.py:190} INFO - [2025-03-11T20:37:10.621+0000] {dagbag.py:588} INFO - Filling up the DagBag from /home/ubuntu/redfin_venv/lib/python3.12/site-packages/airflow/example_dags/example_branch_operator_decorator.py
[2025-03-11T20:37:10.625+0000] {processor.py:927} WARNING - No viable dags retrieved from /home/ubuntu/redfin_venv/lib/python3.12/site-packages/airflow/example_dags/example_branch_operator_decorator.py
[2025-03-11T20:37:10.636+0000] {processor.py:208} INFO - Processing /home/ubuntu/redfin_venv/lib/python3.12/site-packages/airflow/example_dags/example_branch_operator_decorator.py took 0.024 seconds
[2025-03-11T20:38:29.407+0000] {processor.py:186} INFO - Started process (PID=11085) to work on /home/ubuntu/redfin_venv/lib/python3.12/site-packages/airflow/example_dags/example_branch_operator_decorator.py
[2025-03-11T20:38:29.408+0000] {processor.py:914} INFO - Processing file /home/ubuntu/redfin_venv/lib/python3.12/site-packages/airflow/example_dags/example_branch_operator_decorator.py for tasks to queue
[2025-03-11T20:38:29.410+0000] {logging_mixin.py:190} INFO - [2025-03-11T20:38:29.409+0000] {dagbag.py:588} INFO - Filling up the DagBag from /home/ubuntu/redfin_venv/lib/python3.12/site-packages/airflow/example_dags/example_branch_operator_decorator.py
[2025-03-11T20:38:29.413+0000] {processor.py:927} WARNING - No viable dags retrieved from /home/ubuntu/redfin_venv/lib/python3.12/site-packages/airflow/example_dags/example_branch_operator_decorator.py
[2025-03-11T20:38:29.425+0000] {processor.py:208} INFO - Processing /home/ubuntu/redfin_venv/lib/python3.12/site-packages/airflow/example_dags/example_branch_operator_decorator.py took 0.025 seconds
[2025-03-11T20:39:25.490+0000] {processor.py:186} INFO - Started process (PID=11200) to work on /home/ubuntu/redfin_venv/lib/python3.12/site-packages/airflow/example_dags/example_branch_operator_decorator.py
[2025-03-11T20:39:25.492+0000] {processor.py:914} INFO - Processing file /home/ubuntu/redfin_venv/lib/python3.12/site-packages/airflow/example_dags/example_branch_operator_decorator.py for tasks to queue
[2025-03-11T20:39:25.494+0000] {logging_mixin.py:190} INFO - [2025-03-11T20:39:25.493+0000] {dagbag.py:588} INFO - Filling up the DagBag from /home/ubuntu/redfin_venv/lib/python3.12/site-packages/airflow/example_dags/example_branch_operator_decorator.py
[2025-03-11T20:39:25.497+0000] {processor.py:927} WARNING - No viable dags retrieved from /home/ubuntu/redfin_venv/lib/python3.12/site-packages/airflow/example_dags/example_branch_operator_decorator.py
[2025-03-11T20:39:25.508+0000] {processor.py:208} INFO - Processing /home/ubuntu/redfin_venv/lib/python3.12/site-packages/airflow/example_dags/example_branch_operator_decorator.py took 0.024 seconds
[2025-03-11T20:40:19.289+0000] {processor.py:186} INFO - Started process (PID=11321) to work on /home/ubuntu/redfin_venv/lib/python3.12/site-packages/airflow/example_dags/example_branch_operator_decorator.py
[2025-03-11T20:40:19.291+0000] {processor.py:914} INFO - Processing file /home/ubuntu/redfin_venv/lib/python3.12/site-packages/airflow/example_dags/example_branch_operator_decorator.py for tasks to queue
[2025-03-11T20:40:19.292+0000] {logging_mixin.py:190} INFO - [2025-03-11T20:40:19.292+0000] {dagbag.py:588} INFO - Filling up the DagBag from /home/ubuntu/redfin_venv/lib/python3.12/site-packages/airflow/example_dags/example_branch_operator_decorator.py
[2025-03-11T20:40:19.295+0000] {processor.py:927} WARNING - No viable dags retrieved from /home/ubuntu/redfin_venv/lib/python3.12/site-packages/airflow/example_dags/example_branch_operator_decorator.py
[2025-03-11T20:40:19.306+0000] {processor.py:208} INFO - Processing /home/ubuntu/redfin_venv/lib/python3.12/site-packages/airflow/example_dags/example_branch_operator_decorator.py took 0.023 seconds
[2025-03-11T20:41:39.889+0000] {processor.py:186} INFO - Started process (PID=11526) to work on /home/ubuntu/redfin_venv/lib/python3.12/site-packages/airflow/example_dags/example_branch_operator_decorator.py
[2025-03-11T20:41:39.892+0000] {processor.py:914} INFO - Processing file /home/ubuntu/redfin_venv/lib/python3.12/site-packages/airflow/example_dags/example_branch_operator_decorator.py for tasks to queue
[2025-03-11T20:41:39.893+0000] {logging_mixin.py:190} INFO - [2025-03-11T20:41:39.893+0000] {dagbag.py:588} INFO - Filling up the DagBag from /home/ubuntu/redfin_venv/lib/python3.12/site-packages/airflow/example_dags/example_branch_operator_decorator.py
[2025-03-11T20:41:39.897+0000] {processor.py:927} WARNING - No viable dags retrieved from /home/ubuntu/redfin_venv/lib/python3.12/site-packages/airflow/example_dags/example_branch_operator_decorator.py
[2025-03-11T20:41:39.908+0000] {processor.py:208} INFO - Processing /home/ubuntu/redfin_venv/lib/python3.12/site-packages/airflow/example_dags/example_branch_operator_decorator.py took 0.025 seconds
[2025-03-11T20:43:02.859+0000] {processor.py:186} INFO - Started process (PID=11697) to work on /home/ubuntu/redfin_venv/lib/python3.12/site-packages/airflow/example_dags/example_branch_operator_decorator.py
[2025-03-11T20:43:02.861+0000] {processor.py:914} INFO - Processing file /home/ubuntu/redfin_venv/lib/python3.12/site-packages/airflow/example_dags/example_branch_operator_decorator.py for tasks to queue
[2025-03-11T20:43:02.863+0000] {logging_mixin.py:190} INFO - [2025-03-11T20:43:02.862+0000] {dagbag.py:588} INFO - Filling up the DagBag from /home/ubuntu/redfin_venv/lib/python3.12/site-packages/airflow/example_dags/example_branch_operator_decorator.py
[2025-03-11T20:43:02.866+0000] {processor.py:927} WARNING - No viable dags retrieved from /home/ubuntu/redfin_venv/lib/python3.12/site-packages/airflow/example_dags/example_branch_operator_decorator.py
[2025-03-11T20:43:02.878+0000] {processor.py:208} INFO - Processing /home/ubuntu/redfin_venv/lib/python3.12/site-packages/airflow/example_dags/example_branch_operator_decorator.py took 0.026 seconds
[2025-03-11T20:44:00.790+0000] {processor.py:186} INFO - Started process (PID=11790) to work on /home/ubuntu/redfin_venv/lib/python3.12/site-packages/airflow/example_dags/example_branch_operator_decorator.py
[2025-03-11T20:44:00.791+0000] {processor.py:914} INFO - Processing file /home/ubuntu/redfin_venv/lib/python3.12/site-packages/airflow/example_dags/example_branch_operator_decorator.py for tasks to queue
[2025-03-11T20:44:00.792+0000] {logging_mixin.py:190} INFO - [2025-03-11T20:44:00.792+0000] {dagbag.py:588} INFO - Filling up the DagBag from /home/ubuntu/redfin_venv/lib/python3.12/site-packages/airflow/example_dags/example_branch_operator_decorator.py
[2025-03-11T20:44:00.795+0000] {processor.py:927} WARNING - No viable dags retrieved from /home/ubuntu/redfin_venv/lib/python3.12/site-packages/airflow/example_dags/example_branch_operator_decorator.py
[2025-03-11T20:44:00.806+0000] {processor.py:208} INFO - Processing /home/ubuntu/redfin_venv/lib/python3.12/site-packages/airflow/example_dags/example_branch_operator_decorator.py took 0.023 seconds
[2025-03-11T20:45:26.497+0000] {processor.py:186} INFO - Started process (PID=12037) to work on /home/ubuntu/redfin_venv/lib/python3.12/site-packages/airflow/example_dags/example_branch_operator_decorator.py
[2025-03-11T20:45:26.498+0000] {processor.py:914} INFO - Processing file /home/ubuntu/redfin_venv/lib/python3.12/site-packages/airflow/example_dags/example_branch_operator_decorator.py for tasks to queue
[2025-03-11T20:45:26.500+0000] {logging_mixin.py:190} INFO - [2025-03-11T20:45:26.499+0000] {dagbag.py:588} INFO - Filling up the DagBag from /home/ubuntu/redfin_venv/lib/python3.12/site-packages/airflow/example_dags/example_branch_operator_decorator.py
[2025-03-11T20:45:26.503+0000] {processor.py:927} WARNING - No viable dags retrieved from /home/ubuntu/redfin_venv/lib/python3.12/site-packages/airflow/example_dags/example_branch_operator_decorator.py
[2025-03-11T20:45:26.513+0000] {processor.py:208} INFO - Processing /home/ubuntu/redfin_venv/lib/python3.12/site-packages/airflow/example_dags/example_branch_operator_decorator.py took 0.023 seconds
[2025-03-11T20:46:22.328+0000] {processor.py:186} INFO - Started process (PID=12215) to work on /home/ubuntu/redfin_venv/lib/python3.12/site-packages/airflow/example_dags/example_branch_operator_decorator.py
[2025-03-11T20:46:22.329+0000] {processor.py:914} INFO - Processing file /home/ubuntu/redfin_venv/lib/python3.12/site-packages/airflow/example_dags/example_branch_operator_decorator.py for tasks to queue
[2025-03-11T20:46:22.330+0000] {logging_mixin.py:190} INFO - [2025-03-11T20:46:22.330+0000] {dagbag.py:588} INFO - Filling up the DagBag from /home/ubuntu/redfin_venv/lib/python3.12/site-packages/airflow/example_dags/example_branch_operator_decorator.py
[2025-03-11T20:46:22.334+0000] {processor.py:927} WARNING - No viable dags retrieved from /home/ubuntu/redfin_venv/lib/python3.12/site-packages/airflow/example_dags/example_branch_operator_decorator.py
[2025-03-11T20:46:22.345+0000] {processor.py:208} INFO - Processing /home/ubuntu/redfin_venv/lib/python3.12/site-packages/airflow/example_dags/example_branch_operator_decorator.py took 0.023 seconds
[2025-03-11T20:47:18.538+0000] {processor.py:186} INFO - Started process (PID=12330) to work on /home/ubuntu/redfin_venv/lib/python3.12/site-packages/airflow/example_dags/example_branch_operator_decorator.py
[2025-03-11T20:47:18.540+0000] {processor.py:914} INFO - Processing file /home/ubuntu/redfin_venv/lib/python3.12/site-packages/airflow/example_dags/example_branch_operator_decorator.py for tasks to queue
[2025-03-11T20:47:18.542+0000] {logging_mixin.py:190} INFO - [2025-03-11T20:47:18.541+0000] {dagbag.py:588} INFO - Filling up the DagBag from /home/ubuntu/redfin_venv/lib/python3.12/site-packages/airflow/example_dags/example_branch_operator_decorator.py
[2025-03-11T20:47:18.545+0000] {processor.py:927} WARNING - No viable dags retrieved from /home/ubuntu/redfin_venv/lib/python3.12/site-packages/airflow/example_dags/example_branch_operator_decorator.py
[2025-03-11T20:47:18.556+0000] {processor.py:208} INFO - Processing /home/ubuntu/redfin_venv/lib/python3.12/site-packages/airflow/example_dags/example_branch_operator_decorator.py took 0.024 seconds
[2025-03-11T20:48:19.044+0000] {processor.py:186} INFO - Started process (PID=12448) to work on /home/ubuntu/redfin_venv/lib/python3.12/site-packages/airflow/example_dags/example_branch_operator_decorator.py
[2025-03-11T20:48:19.047+0000] {processor.py:914} INFO - Processing file /home/ubuntu/redfin_venv/lib/python3.12/site-packages/airflow/example_dags/example_branch_operator_decorator.py for tasks to queue
[2025-03-11T20:48:19.048+0000] {logging_mixin.py:190} INFO - [2025-03-11T20:48:19.048+0000] {dagbag.py:588} INFO - Filling up the DagBag from /home/ubuntu/redfin_venv/lib/python3.12/site-packages/airflow/example_dags/example_branch_operator_decorator.py
[2025-03-11T20:48:19.052+0000] {processor.py:927} WARNING - No viable dags retrieved from /home/ubuntu/redfin_venv/lib/python3.12/site-packages/airflow/example_dags/example_branch_operator_decorator.py
[2025-03-11T20:48:19.064+0000] {processor.py:208} INFO - Processing /home/ubuntu/redfin_venv/lib/python3.12/site-packages/airflow/example_dags/example_branch_operator_decorator.py took 0.026 seconds
[2025-03-11T20:49:23.864+0000] {processor.py:186} INFO - Started process (PID=12570) to work on /home/ubuntu/redfin_venv/lib/python3.12/site-packages/airflow/example_dags/example_branch_operator_decorator.py
[2025-03-11T20:49:23.866+0000] {processor.py:914} INFO - Processing file /home/ubuntu/redfin_venv/lib/python3.12/site-packages/airflow/example_dags/example_branch_operator_decorator.py for tasks to queue
[2025-03-11T20:49:23.867+0000] {logging_mixin.py:190} INFO - [2025-03-11T20:49:23.866+0000] {dagbag.py:588} INFO - Filling up the DagBag from /home/ubuntu/redfin_venv/lib/python3.12/site-packages/airflow/example_dags/example_branch_operator_decorator.py
[2025-03-11T20:49:23.870+0000] {processor.py:927} WARNING - No viable dags retrieved from /home/ubuntu/redfin_venv/lib/python3.12/site-packages/airflow/example_dags/example_branch_operator_decorator.py
[2025-03-11T20:49:23.881+0000] {processor.py:208} INFO - Processing /home/ubuntu/redfin_venv/lib/python3.12/site-packages/airflow/example_dags/example_branch_operator_decorator.py took 0.024 seconds
[2025-03-11T20:50:20.907+0000] {processor.py:186} INFO - Started process (PID=12693) to work on /home/ubuntu/redfin_venv/lib/python3.12/site-packages/airflow/example_dags/example_branch_operator_decorator.py
[2025-03-11T20:50:20.909+0000] {processor.py:914} INFO - Processing file /home/ubuntu/redfin_venv/lib/python3.12/site-packages/airflow/example_dags/example_branch_operator_decorator.py for tasks to queue
[2025-03-11T20:50:20.910+0000] {logging_mixin.py:190} INFO - [2025-03-11T20:50:20.910+0000] {dagbag.py:588} INFO - Filling up the DagBag from /home/ubuntu/redfin_venv/lib/python3.12/site-packages/airflow/example_dags/example_branch_operator_decorator.py
[2025-03-11T20:50:20.913+0000] {processor.py:927} WARNING - No viable dags retrieved from /home/ubuntu/redfin_venv/lib/python3.12/site-packages/airflow/example_dags/example_branch_operator_decorator.py
[2025-03-11T20:50:20.925+0000] {processor.py:208} INFO - Processing /home/ubuntu/redfin_venv/lib/python3.12/site-packages/airflow/example_dags/example_branch_operator_decorator.py took 0.025 seconds
[2025-03-11T20:51:38.384+0000] {processor.py:186} INFO - Started process (PID=12895) to work on /home/ubuntu/redfin_venv/lib/python3.12/site-packages/airflow/example_dags/example_branch_operator_decorator.py
[2025-03-11T20:51:38.386+0000] {processor.py:914} INFO - Processing file /home/ubuntu/redfin_venv/lib/python3.12/site-packages/airflow/example_dags/example_branch_operator_decorator.py for tasks to queue
[2025-03-11T20:51:38.387+0000] {logging_mixin.py:190} INFO - [2025-03-11T20:51:38.386+0000] {dagbag.py:588} INFO - Filling up the DagBag from /home/ubuntu/redfin_venv/lib/python3.12/site-packages/airflow/example_dags/example_branch_operator_decorator.py
[2025-03-11T20:51:38.390+0000] {processor.py:927} WARNING - No viable dags retrieved from /home/ubuntu/redfin_venv/lib/python3.12/site-packages/airflow/example_dags/example_branch_operator_decorator.py
[2025-03-11T20:51:38.402+0000] {processor.py:208} INFO - Processing /home/ubuntu/redfin_venv/lib/python3.12/site-packages/airflow/example_dags/example_branch_operator_decorator.py took 0.024 seconds
[2025-03-11T20:52:33.493+0000] {processor.py:186} INFO - Started process (PID=13011) to work on /home/ubuntu/redfin_venv/lib/python3.12/site-packages/airflow/example_dags/example_branch_operator_decorator.py
[2025-03-11T20:52:33.495+0000] {processor.py:914} INFO - Processing file /home/ubuntu/redfin_venv/lib/python3.12/site-packages/airflow/example_dags/example_branch_operator_decorator.py for tasks to queue
[2025-03-11T20:52:33.496+0000] {logging_mixin.py:190} INFO - [2025-03-11T20:52:33.496+0000] {dagbag.py:588} INFO - Filling up the DagBag from /home/ubuntu/redfin_venv/lib/python3.12/site-packages/airflow/example_dags/example_branch_operator_decorator.py
[2025-03-11T20:52:33.500+0000] {processor.py:927} WARNING - No viable dags retrieved from /home/ubuntu/redfin_venv/lib/python3.12/site-packages/airflow/example_dags/example_branch_operator_decorator.py
[2025-03-11T20:52:33.511+0000] {processor.py:208} INFO - Processing /home/ubuntu/redfin_venv/lib/python3.12/site-packages/airflow/example_dags/example_branch_operator_decorator.py took 0.024 seconds
[2025-03-11T20:53:29.077+0000] {processor.py:186} INFO - Started process (PID=13128) to work on /home/ubuntu/redfin_venv/lib/python3.12/site-packages/airflow/example_dags/example_branch_operator_decorator.py
[2025-03-11T20:53:29.079+0000] {processor.py:914} INFO - Processing file /home/ubuntu/redfin_venv/lib/python3.12/site-packages/airflow/example_dags/example_branch_operator_decorator.py for tasks to queue
[2025-03-11T20:53:29.080+0000] {logging_mixin.py:190} INFO - [2025-03-11T20:53:29.080+0000] {dagbag.py:588} INFO - Filling up the DagBag from /home/ubuntu/redfin_venv/lib/python3.12/site-packages/airflow/example_dags/example_branch_operator_decorator.py
[2025-03-11T20:53:29.083+0000] {processor.py:927} WARNING - No viable dags retrieved from /home/ubuntu/redfin_venv/lib/python3.12/site-packages/airflow/example_dags/example_branch_operator_decorator.py
[2025-03-11T20:53:29.094+0000] {processor.py:208} INFO - Processing /home/ubuntu/redfin_venv/lib/python3.12/site-packages/airflow/example_dags/example_branch_operator_decorator.py took 0.023 seconds
[2025-03-11T20:54:23.762+0000] {processor.py:186} INFO - Started process (PID=13243) to work on /home/ubuntu/redfin_venv/lib/python3.12/site-packages/airflow/example_dags/example_branch_operator_decorator.py
[2025-03-11T20:54:23.764+0000] {processor.py:914} INFO - Processing file /home/ubuntu/redfin_venv/lib/python3.12/site-packages/airflow/example_dags/example_branch_operator_decorator.py for tasks to queue
[2025-03-11T20:54:23.765+0000] {logging_mixin.py:190} INFO - [2025-03-11T20:54:23.765+0000] {dagbag.py:588} INFO - Filling up the DagBag from /home/ubuntu/redfin_venv/lib/python3.12/site-packages/airflow/example_dags/example_branch_operator_decorator.py
[2025-03-11T20:54:23.769+0000] {processor.py:927} WARNING - No viable dags retrieved from /home/ubuntu/redfin_venv/lib/python3.12/site-packages/airflow/example_dags/example_branch_operator_decorator.py
[2025-03-11T20:54:23.780+0000] {processor.py:208} INFO - Processing /home/ubuntu/redfin_venv/lib/python3.12/site-packages/airflow/example_dags/example_branch_operator_decorator.py took 0.023 seconds
[2025-03-11T20:55:19.944+0000] {processor.py:186} INFO - Started process (PID=13364) to work on /home/ubuntu/redfin_venv/lib/python3.12/site-packages/airflow/example_dags/example_branch_operator_decorator.py
[2025-03-11T20:55:19.946+0000] {processor.py:914} INFO - Processing file /home/ubuntu/redfin_venv/lib/python3.12/site-packages/airflow/example_dags/example_branch_operator_decorator.py for tasks to queue
[2025-03-11T20:55:19.947+0000] {logging_mixin.py:190} INFO - [2025-03-11T20:55:19.947+0000] {dagbag.py:588} INFO - Filling up the DagBag from /home/ubuntu/redfin_venv/lib/python3.12/site-packages/airflow/example_dags/example_branch_operator_decorator.py
[2025-03-11T20:55:19.950+0000] {processor.py:927} WARNING - No viable dags retrieved from /home/ubuntu/redfin_venv/lib/python3.12/site-packages/airflow/example_dags/example_branch_operator_decorator.py
[2025-03-11T20:55:19.962+0000] {processor.py:208} INFO - Processing /home/ubuntu/redfin_venv/lib/python3.12/site-packages/airflow/example_dags/example_branch_operator_decorator.py took 0.024 seconds
[2025-03-11T20:56:38.573+0000] {processor.py:186} INFO - Started process (PID=13569) to work on /home/ubuntu/redfin_venv/lib/python3.12/site-packages/airflow/example_dags/example_branch_operator_decorator.py
[2025-03-11T20:56:38.575+0000] {processor.py:914} INFO - Processing file /home/ubuntu/redfin_venv/lib/python3.12/site-packages/airflow/example_dags/example_branch_operator_decorator.py for tasks to queue
[2025-03-11T20:56:38.576+0000] {logging_mixin.py:190} INFO - [2025-03-11T20:56:38.576+0000] {dagbag.py:588} INFO - Filling up the DagBag from /home/ubuntu/redfin_venv/lib/python3.12/site-packages/airflow/example_dags/example_branch_operator_decorator.py
[2025-03-11T20:56:38.579+0000] {processor.py:927} WARNING - No viable dags retrieved from /home/ubuntu/redfin_venv/lib/python3.12/site-packages/airflow/example_dags/example_branch_operator_decorator.py
[2025-03-11T20:56:38.591+0000] {processor.py:208} INFO - Processing /home/ubuntu/redfin_venv/lib/python3.12/site-packages/airflow/example_dags/example_branch_operator_decorator.py took 0.025 seconds
[2025-03-11T20:57:57.864+0000] {processor.py:186} INFO - Started process (PID=13710) to work on /home/ubuntu/redfin_venv/lib/python3.12/site-packages/airflow/example_dags/example_branch_operator_decorator.py
[2025-03-11T20:57:57.867+0000] {processor.py:914} INFO - Processing file /home/ubuntu/redfin_venv/lib/python3.12/site-packages/airflow/example_dags/example_branch_operator_decorator.py for tasks to queue
[2025-03-11T20:57:57.868+0000] {logging_mixin.py:190} INFO - [2025-03-11T20:57:57.867+0000] {dagbag.py:588} INFO - Filling up the DagBag from /home/ubuntu/redfin_venv/lib/python3.12/site-packages/airflow/example_dags/example_branch_operator_decorator.py
[2025-03-11T20:57:57.871+0000] {processor.py:927} WARNING - No viable dags retrieved from /home/ubuntu/redfin_venv/lib/python3.12/site-packages/airflow/example_dags/example_branch_operator_decorator.py
[2025-03-11T20:57:57.882+0000] {processor.py:208} INFO - Processing /home/ubuntu/redfin_venv/lib/python3.12/site-packages/airflow/example_dags/example_branch_operator_decorator.py took 0.024 seconds
[2025-03-11T20:58:54.035+0000] {processor.py:186} INFO - Started process (PID=13826) to work on /home/ubuntu/redfin_venv/lib/python3.12/site-packages/airflow/example_dags/example_branch_operator_decorator.py
[2025-03-11T20:58:54.036+0000] {processor.py:914} INFO - Processing file /home/ubuntu/redfin_venv/lib/python3.12/site-packages/airflow/example_dags/example_branch_operator_decorator.py for tasks to queue
[2025-03-11T20:58:54.038+0000] {logging_mixin.py:190} INFO - [2025-03-11T20:58:54.037+0000] {dagbag.py:588} INFO - Filling up the DagBag from /home/ubuntu/redfin_venv/lib/python3.12/site-packages/airflow/example_dags/example_branch_operator_decorator.py
[2025-03-11T20:58:54.042+0000] {processor.py:927} WARNING - No viable dags retrieved from /home/ubuntu/redfin_venv/lib/python3.12/site-packages/airflow/example_dags/example_branch_operator_decorator.py
[2025-03-11T20:58:54.054+0000] {processor.py:208} INFO - Processing /home/ubuntu/redfin_venv/lib/python3.12/site-packages/airflow/example_dags/example_branch_operator_decorator.py took 0.026 seconds
[2025-03-11T20:59:49.323+0000] {processor.py:186} INFO - Started process (PID=13942) to work on /home/ubuntu/redfin_venv/lib/python3.12/site-packages/airflow/example_dags/example_branch_operator_decorator.py
[2025-03-11T20:59:49.325+0000] {processor.py:914} INFO - Processing file /home/ubuntu/redfin_venv/lib/python3.12/site-packages/airflow/example_dags/example_branch_operator_decorator.py for tasks to queue
[2025-03-11T20:59:49.326+0000] {logging_mixin.py:190} INFO - [2025-03-11T20:59:49.326+0000] {dagbag.py:588} INFO - Filling up the DagBag from /home/ubuntu/redfin_venv/lib/python3.12/site-packages/airflow/example_dags/example_branch_operator_decorator.py
[2025-03-11T20:59:49.329+0000] {processor.py:927} WARNING - No viable dags retrieved from /home/ubuntu/redfin_venv/lib/python3.12/site-packages/airflow/example_dags/example_branch_operator_decorator.py
[2025-03-11T20:59:49.342+0000] {processor.py:208} INFO - Processing /home/ubuntu/redfin_venv/lib/python3.12/site-packages/airflow/example_dags/example_branch_operator_decorator.py took 0.025 seconds
[2025-03-11T21:00:44.063+0000] {processor.py:186} INFO - Started process (PID=14124) to work on /home/ubuntu/redfin_venv/lib/python3.12/site-packages/airflow/example_dags/example_branch_operator_decorator.py
[2025-03-11T21:00:44.065+0000] {processor.py:914} INFO - Processing file /home/ubuntu/redfin_venv/lib/python3.12/site-packages/airflow/example_dags/example_branch_operator_decorator.py for tasks to queue
[2025-03-11T21:00:44.066+0000] {logging_mixin.py:190} INFO - [2025-03-11T21:00:44.066+0000] {dagbag.py:588} INFO - Filling up the DagBag from /home/ubuntu/redfin_venv/lib/python3.12/site-packages/airflow/example_dags/example_branch_operator_decorator.py
[2025-03-11T21:00:44.069+0000] {processor.py:927} WARNING - No viable dags retrieved from /home/ubuntu/redfin_venv/lib/python3.12/site-packages/airflow/example_dags/example_branch_operator_decorator.py
[2025-03-11T21:00:44.080+0000] {processor.py:208} INFO - Processing /home/ubuntu/redfin_venv/lib/python3.12/site-packages/airflow/example_dags/example_branch_operator_decorator.py took 0.023 seconds
[2025-03-11T21:02:03.285+0000] {processor.py:186} INFO - Started process (PID=14326) to work on /home/ubuntu/redfin_venv/lib/python3.12/site-packages/airflow/example_dags/example_branch_operator_decorator.py
[2025-03-11T21:02:03.287+0000] {processor.py:914} INFO - Processing file /home/ubuntu/redfin_venv/lib/python3.12/site-packages/airflow/example_dags/example_branch_operator_decorator.py for tasks to queue
[2025-03-11T21:02:03.288+0000] {logging_mixin.py:190} INFO - [2025-03-11T21:02:03.288+0000] {dagbag.py:588} INFO - Filling up the DagBag from /home/ubuntu/redfin_venv/lib/python3.12/site-packages/airflow/example_dags/example_branch_operator_decorator.py
[2025-03-11T21:02:03.292+0000] {processor.py:927} WARNING - No viable dags retrieved from /home/ubuntu/redfin_venv/lib/python3.12/site-packages/airflow/example_dags/example_branch_operator_decorator.py
[2025-03-11T21:02:03.304+0000] {processor.py:208} INFO - Processing /home/ubuntu/redfin_venv/lib/python3.12/site-packages/airflow/example_dags/example_branch_operator_decorator.py took 0.025 seconds
[2025-03-11T21:29:34.166+0000] {processor.py:186} INFO - Started process (PID=31809) to work on /home/ubuntu/redfin_venv/lib/python3.12/site-packages/airflow/example_dags/example_branch_operator_decorator.py
[2025-03-11T21:29:34.168+0000] {processor.py:914} INFO - Processing file /home/ubuntu/redfin_venv/lib/python3.12/site-packages/airflow/example_dags/example_branch_operator_decorator.py for tasks to queue
[2025-03-11T21:29:34.169+0000] {logging_mixin.py:190} INFO - [2025-03-11T21:29:34.169+0000] {dagbag.py:588} INFO - Filling up the DagBag from /home/ubuntu/redfin_venv/lib/python3.12/site-packages/airflow/example_dags/example_branch_operator_decorator.py
[2025-03-11T21:29:34.173+0000] {processor.py:927} WARNING - No viable dags retrieved from /home/ubuntu/redfin_venv/lib/python3.12/site-packages/airflow/example_dags/example_branch_operator_decorator.py
[2025-03-11T21:29:34.184+0000] {processor.py:208} INFO - Processing /home/ubuntu/redfin_venv/lib/python3.12/site-packages/airflow/example_dags/example_branch_operator_decorator.py took 0.025 seconds
[2025-03-11T21:30:31.891+0000] {processor.py:186} INFO - Started process (PID=31992) to work on /home/ubuntu/redfin_venv/lib/python3.12/site-packages/airflow/example_dags/example_branch_operator_decorator.py
[2025-03-11T21:30:31.893+0000] {processor.py:914} INFO - Processing file /home/ubuntu/redfin_venv/lib/python3.12/site-packages/airflow/example_dags/example_branch_operator_decorator.py for tasks to queue
[2025-03-11T21:30:31.895+0000] {logging_mixin.py:190} INFO - [2025-03-11T21:30:31.893+0000] {dagbag.py:588} INFO - Filling up the DagBag from /home/ubuntu/redfin_venv/lib/python3.12/site-packages/airflow/example_dags/example_branch_operator_decorator.py
[2025-03-11T21:30:31.898+0000] {processor.py:927} WARNING - No viable dags retrieved from /home/ubuntu/redfin_venv/lib/python3.12/site-packages/airflow/example_dags/example_branch_operator_decorator.py
[2025-03-11T21:30:31.909+0000] {processor.py:208} INFO - Processing /home/ubuntu/redfin_venv/lib/python3.12/site-packages/airflow/example_dags/example_branch_operator_decorator.py took 0.024 seconds
[2025-03-11T21:31:27.429+0000] {processor.py:186} INFO - Started process (PID=32110) to work on /home/ubuntu/redfin_venv/lib/python3.12/site-packages/airflow/example_dags/example_branch_operator_decorator.py
[2025-03-11T21:31:27.432+0000] {processor.py:914} INFO - Processing file /home/ubuntu/redfin_venv/lib/python3.12/site-packages/airflow/example_dags/example_branch_operator_decorator.py for tasks to queue
[2025-03-11T21:31:27.434+0000] {logging_mixin.py:190} INFO - [2025-03-11T21:31:27.433+0000] {dagbag.py:588} INFO - Filling up the DagBag from /home/ubuntu/redfin_venv/lib/python3.12/site-packages/airflow/example_dags/example_branch_operator_decorator.py
[2025-03-11T21:31:27.436+0000] {processor.py:927} WARNING - No viable dags retrieved from /home/ubuntu/redfin_venv/lib/python3.12/site-packages/airflow/example_dags/example_branch_operator_decorator.py
[2025-03-11T21:31:27.447+0000] {processor.py:208} INFO - Processing /home/ubuntu/redfin_venv/lib/python3.12/site-packages/airflow/example_dags/example_branch_operator_decorator.py took 0.024 seconds
[2025-03-11T21:32:44.566+0000] {processor.py:186} INFO - Started process (PID=32264) to work on /home/ubuntu/redfin_venv/lib/python3.12/site-packages/airflow/example_dags/example_branch_operator_decorator.py
[2025-03-11T21:32:44.569+0000] {processor.py:914} INFO - Processing file /home/ubuntu/redfin_venv/lib/python3.12/site-packages/airflow/example_dags/example_branch_operator_decorator.py for tasks to queue
[2025-03-11T21:32:44.570+0000] {logging_mixin.py:190} INFO - [2025-03-11T21:32:44.570+0000] {dagbag.py:588} INFO - Filling up the DagBag from /home/ubuntu/redfin_venv/lib/python3.12/site-packages/airflow/example_dags/example_branch_operator_decorator.py
[2025-03-11T21:32:44.573+0000] {processor.py:927} WARNING - No viable dags retrieved from /home/ubuntu/redfin_venv/lib/python3.12/site-packages/airflow/example_dags/example_branch_operator_decorator.py
[2025-03-11T21:32:44.584+0000] {processor.py:208} INFO - Processing /home/ubuntu/redfin_venv/lib/python3.12/site-packages/airflow/example_dags/example_branch_operator_decorator.py took 0.023 seconds
[2025-03-11T21:34:05.928+0000] {processor.py:186} INFO - Started process (PID=32495) to work on /home/ubuntu/redfin_venv/lib/python3.12/site-packages/airflow/example_dags/example_branch_operator_decorator.py
[2025-03-11T21:34:05.931+0000] {processor.py:914} INFO - Processing file /home/ubuntu/redfin_venv/lib/python3.12/site-packages/airflow/example_dags/example_branch_operator_decorator.py for tasks to queue
[2025-03-11T21:34:05.932+0000] {logging_mixin.py:190} INFO - [2025-03-11T21:34:05.931+0000] {dagbag.py:588} INFO - Filling up the DagBag from /home/ubuntu/redfin_venv/lib/python3.12/site-packages/airflow/example_dags/example_branch_operator_decorator.py
[2025-03-11T21:34:05.935+0000] {processor.py:927} WARNING - No viable dags retrieved from /home/ubuntu/redfin_venv/lib/python3.12/site-packages/airflow/example_dags/example_branch_operator_decorator.py
[2025-03-11T21:34:05.946+0000] {processor.py:208} INFO - Processing /home/ubuntu/redfin_venv/lib/python3.12/site-packages/airflow/example_dags/example_branch_operator_decorator.py took 0.024 seconds
[2025-03-11T21:34:59.994+0000] {processor.py:186} INFO - Started process (PID=32648) to work on /home/ubuntu/redfin_venv/lib/python3.12/site-packages/airflow/example_dags/example_branch_operator_decorator.py
[2025-03-11T21:34:59.997+0000] {processor.py:914} INFO - Processing file /home/ubuntu/redfin_venv/lib/python3.12/site-packages/airflow/example_dags/example_branch_operator_decorator.py for tasks to queue
[2025-03-11T21:34:59.998+0000] {logging_mixin.py:190} INFO - [2025-03-11T21:34:59.998+0000] {dagbag.py:588} INFO - Filling up the DagBag from /home/ubuntu/redfin_venv/lib/python3.12/site-packages/airflow/example_dags/example_branch_operator_decorator.py
[2025-03-11T21:35:00.001+0000] {processor.py:927} WARNING - No viable dags retrieved from /home/ubuntu/redfin_venv/lib/python3.12/site-packages/airflow/example_dags/example_branch_operator_decorator.py
[2025-03-11T21:35:00.013+0000] {processor.py:208} INFO - Processing /home/ubuntu/redfin_venv/lib/python3.12/site-packages/airflow/example_dags/example_branch_operator_decorator.py took 0.024 seconds
[2025-03-11T21:36:18.467+0000] {processor.py:186} INFO - Started process (PID=32913) to work on /home/ubuntu/redfin_venv/lib/python3.12/site-packages/airflow/example_dags/example_branch_operator_decorator.py
[2025-03-11T21:36:18.468+0000] {processor.py:914} INFO - Processing file /home/ubuntu/redfin_venv/lib/python3.12/site-packages/airflow/example_dags/example_branch_operator_decorator.py for tasks to queue
[2025-03-11T21:36:18.469+0000] {logging_mixin.py:190} INFO - [2025-03-11T21:36:18.469+0000] {dagbag.py:588} INFO - Filling up the DagBag from /home/ubuntu/redfin_venv/lib/python3.12/site-packages/airflow/example_dags/example_branch_operator_decorator.py
[2025-03-11T21:36:18.473+0000] {processor.py:927} WARNING - No viable dags retrieved from /home/ubuntu/redfin_venv/lib/python3.12/site-packages/airflow/example_dags/example_branch_operator_decorator.py
[2025-03-11T21:36:18.484+0000] {processor.py:208} INFO - Processing /home/ubuntu/redfin_venv/lib/python3.12/site-packages/airflow/example_dags/example_branch_operator_decorator.py took 0.023 seconds
[2025-03-11T21:37:12.281+0000] {processor.py:186} INFO - Started process (PID=33035) to work on /home/ubuntu/redfin_venv/lib/python3.12/site-packages/airflow/example_dags/example_branch_operator_decorator.py
[2025-03-11T21:37:12.284+0000] {processor.py:914} INFO - Processing file /home/ubuntu/redfin_venv/lib/python3.12/site-packages/airflow/example_dags/example_branch_operator_decorator.py for tasks to queue
[2025-03-11T21:37:12.285+0000] {logging_mixin.py:190} INFO - [2025-03-11T21:37:12.284+0000] {dagbag.py:588} INFO - Filling up the DagBag from /home/ubuntu/redfin_venv/lib/python3.12/site-packages/airflow/example_dags/example_branch_operator_decorator.py
[2025-03-11T21:37:12.288+0000] {processor.py:927} WARNING - No viable dags retrieved from /home/ubuntu/redfin_venv/lib/python3.12/site-packages/airflow/example_dags/example_branch_operator_decorator.py
[2025-03-11T21:37:12.300+0000] {processor.py:208} INFO - Processing /home/ubuntu/redfin_venv/lib/python3.12/site-packages/airflow/example_dags/example_branch_operator_decorator.py took 0.024 seconds
