[2025-02-20T00:53:13.030+0000] {processor.py:186} INFO - Started process (PID=3669) to work on /home/ubuntu/redfin_venv/lib/python3.12/site-packages/airflow/example_dags/example_dag_decorator.py
[2025-02-20T00:53:13.031+0000] {processor.py:914} INFO - Processing file /home/ubuntu/redfin_venv/lib/python3.12/site-packages/airflow/example_dags/example_dag_decorator.py for tasks to queue
[2025-02-20T00:53:13.033+0000] {logging_mixin.py:190} INFO - [2025-02-20T00:53:13.032+0000] {dagbag.py:588} INFO - Filling up the DagBag from /home/ubuntu/redfin_venv/lib/python3.12/site-packages/airflow/example_dags/example_dag_decorator.py
[2025-02-20T00:53:13.081+0000] {processor.py:925} INFO - DAG(s) 'example_dag_decorator' retrieved from /home/ubuntu/redfin_venv/lib/python3.12/site-packages/airflow/example_dags/example_dag_decorator.py
[2025-02-20T00:53:13.216+0000] {logging_mixin.py:190} INFO - [2025-02-20T00:53:13.215+0000] {override.py:1930} INFO - Created Permission View: can edit on DAG:example_dag_decorator
[2025-02-20T00:53:13.232+0000] {logging_mixin.py:190} INFO - [2025-02-20T00:53:13.232+0000] {override.py:1930} INFO - Created Permission View: can delete on DAG:example_dag_decorator
[2025-02-20T00:53:13.247+0000] {logging_mixin.py:190} INFO - [2025-02-20T00:53:13.246+0000] {override.py:1930} INFO - Created Permission View: can read on DAG:example_dag_decorator
[2025-02-20T00:53:13.263+0000] {logging_mixin.py:190} INFO - [2025-02-20T00:53:13.263+0000] {override.py:1930} INFO - Created Permission View: menu access on DAG Run:example_dag_decorator
[2025-02-20T00:53:13.273+0000] {logging_mixin.py:190} INFO - [2025-02-20T00:53:13.273+0000] {override.py:1930} INFO - Created Permission View: can create on DAG Run:example_dag_decorator
[2025-02-20T00:53:13.283+0000] {logging_mixin.py:190} INFO - [2025-02-20T00:53:13.283+0000] {override.py:1930} INFO - Created Permission View: can delete on DAG Run:example_dag_decorator
[2025-02-20T00:53:13.294+0000] {logging_mixin.py:190} INFO - [2025-02-20T00:53:13.294+0000] {override.py:1930} INFO - Created Permission View: can read on DAG Run:example_dag_decorator
[2025-02-20T00:53:13.295+0000] {logging_mixin.py:190} INFO - [2025-02-20T00:53:13.295+0000] {dag.py:3239} INFO - Sync 1 DAGs
[2025-02-20T00:53:13.312+0000] {logging_mixin.py:190} INFO - [2025-02-20T00:53:13.311+0000] {dag.py:3262} INFO - Creating ORM DAG for example_dag_decorator
[2025-02-20T00:53:13.312+0000] {logging_mixin.py:190} INFO - [2025-02-20T00:53:13.312+0000] {dag.py:4180} INFO - Setting next_dagrun for example_dag_decorator to None, run_after=None
[2025-02-20T00:53:13.335+0000] {processor.py:208} INFO - Processing /home/ubuntu/redfin_venv/lib/python3.12/site-packages/airflow/example_dags/example_dag_decorator.py took 0.314 seconds
[2025-02-20T00:54:14.452+0000] {processor.py:186} INFO - Started process (PID=3914) to work on /home/ubuntu/redfin_venv/lib/python3.12/site-packages/airflow/example_dags/example_dag_decorator.py
[2025-02-20T00:54:14.453+0000] {processor.py:914} INFO - Processing file /home/ubuntu/redfin_venv/lib/python3.12/site-packages/airflow/example_dags/example_dag_decorator.py for tasks to queue
[2025-02-20T00:54:14.455+0000] {logging_mixin.py:190} INFO - [2025-02-20T00:54:14.455+0000] {dagbag.py:588} INFO - Filling up the DagBag from /home/ubuntu/redfin_venv/lib/python3.12/site-packages/airflow/example_dags/example_dag_decorator.py
[2025-02-20T00:54:14.493+0000] {processor.py:925} INFO - DAG(s) 'example_dag_decorator' retrieved from /home/ubuntu/redfin_venv/lib/python3.12/site-packages/airflow/example_dags/example_dag_decorator.py
[2025-02-20T00:54:14.591+0000] {logging_mixin.py:190} INFO - [2025-02-20T00:54:14.591+0000] {dag.py:3239} INFO - Sync 1 DAGs
[2025-02-20T00:54:14.604+0000] {logging_mixin.py:190} INFO - [2025-02-20T00:54:14.604+0000] {dag.py:4180} INFO - Setting next_dagrun for example_dag_decorator to None, run_after=None
[2025-02-20T00:54:14.627+0000] {processor.py:208} INFO - Processing /home/ubuntu/redfin_venv/lib/python3.12/site-packages/airflow/example_dags/example_dag_decorator.py took 0.181 seconds
[2025-02-20T00:55:11.236+0000] {processor.py:186} INFO - Started process (PID=4156) to work on /home/ubuntu/redfin_venv/lib/python3.12/site-packages/airflow/example_dags/example_dag_decorator.py
[2025-02-20T00:55:11.237+0000] {processor.py:914} INFO - Processing file /home/ubuntu/redfin_venv/lib/python3.12/site-packages/airflow/example_dags/example_dag_decorator.py for tasks to queue
[2025-02-20T00:55:11.239+0000] {logging_mixin.py:190} INFO - [2025-02-20T00:55:11.239+0000] {dagbag.py:588} INFO - Filling up the DagBag from /home/ubuntu/redfin_venv/lib/python3.12/site-packages/airflow/example_dags/example_dag_decorator.py
[2025-02-20T00:55:11.278+0000] {processor.py:925} INFO - DAG(s) 'example_dag_decorator' retrieved from /home/ubuntu/redfin_venv/lib/python3.12/site-packages/airflow/example_dags/example_dag_decorator.py
[2025-02-20T00:55:11.377+0000] {logging_mixin.py:190} INFO - [2025-02-20T00:55:11.377+0000] {dag.py:3239} INFO - Sync 1 DAGs
[2025-02-20T00:55:11.387+0000] {logging_mixin.py:190} INFO - [2025-02-20T00:55:11.386+0000] {dag.py:4180} INFO - Setting next_dagrun for example_dag_decorator to None, run_after=None
[2025-02-20T00:55:11.409+0000] {processor.py:208} INFO - Processing /home/ubuntu/redfin_venv/lib/python3.12/site-packages/airflow/example_dags/example_dag_decorator.py took 0.179 seconds
[2025-02-20T00:56:08.198+0000] {processor.py:186} INFO - Started process (PID=4273) to work on /home/ubuntu/redfin_venv/lib/python3.12/site-packages/airflow/example_dags/example_dag_decorator.py
[2025-02-20T00:56:08.200+0000] {processor.py:914} INFO - Processing file /home/ubuntu/redfin_venv/lib/python3.12/site-packages/airflow/example_dags/example_dag_decorator.py for tasks to queue
[2025-02-20T00:56:08.202+0000] {logging_mixin.py:190} INFO - [2025-02-20T00:56:08.202+0000] {dagbag.py:588} INFO - Filling up the DagBag from /home/ubuntu/redfin_venv/lib/python3.12/site-packages/airflow/example_dags/example_dag_decorator.py
[2025-02-20T00:56:08.251+0000] {processor.py:925} INFO - DAG(s) 'example_dag_decorator' retrieved from /home/ubuntu/redfin_venv/lib/python3.12/site-packages/airflow/example_dags/example_dag_decorator.py
[2025-02-20T00:56:08.279+0000] {logging_mixin.py:190} INFO - [2025-02-20T00:56:08.279+0000] {dag.py:3239} INFO - Sync 1 DAGs
[2025-02-20T00:56:08.293+0000] {logging_mixin.py:190} INFO - [2025-02-20T00:56:08.292+0000] {dag.py:4180} INFO - Setting next_dagrun for example_dag_decorator to None, run_after=None
[2025-02-20T00:56:08.319+0000] {processor.py:208} INFO - Processing /home/ubuntu/redfin_venv/lib/python3.12/site-packages/airflow/example_dags/example_dag_decorator.py took 0.127 seconds
[2025-02-20T00:57:26.056+0000] {processor.py:186} INFO - Started process (PID=4539) to work on /home/ubuntu/redfin_venv/lib/python3.12/site-packages/airflow/example_dags/example_dag_decorator.py
[2025-02-20T00:57:26.057+0000] {processor.py:914} INFO - Processing file /home/ubuntu/redfin_venv/lib/python3.12/site-packages/airflow/example_dags/example_dag_decorator.py for tasks to queue
[2025-02-20T00:57:26.060+0000] {logging_mixin.py:190} INFO - [2025-02-20T00:57:26.059+0000] {dagbag.py:588} INFO - Filling up the DagBag from /home/ubuntu/redfin_venv/lib/python3.12/site-packages/airflow/example_dags/example_dag_decorator.py
[2025-02-20T00:57:26.103+0000] {processor.py:925} INFO - DAG(s) 'example_dag_decorator' retrieved from /home/ubuntu/redfin_venv/lib/python3.12/site-packages/airflow/example_dags/example_dag_decorator.py
[2025-02-20T00:57:26.217+0000] {logging_mixin.py:190} INFO - [2025-02-20T00:57:26.217+0000] {dag.py:3239} INFO - Sync 1 DAGs
[2025-02-20T00:57:26.228+0000] {logging_mixin.py:190} INFO - [2025-02-20T00:57:26.227+0000] {dag.py:4180} INFO - Setting next_dagrun for example_dag_decorator to None, run_after=None
[2025-02-20T00:57:26.253+0000] {processor.py:208} INFO - Processing /home/ubuntu/redfin_venv/lib/python3.12/site-packages/airflow/example_dags/example_dag_decorator.py took 0.204 seconds
[2025-02-20T00:58:20.896+0000] {processor.py:186} INFO - Started process (PID=4654) to work on /home/ubuntu/redfin_venv/lib/python3.12/site-packages/airflow/example_dags/example_dag_decorator.py
[2025-02-20T00:58:20.898+0000] {processor.py:914} INFO - Processing file /home/ubuntu/redfin_venv/lib/python3.12/site-packages/airflow/example_dags/example_dag_decorator.py for tasks to queue
[2025-02-20T00:58:20.900+0000] {logging_mixin.py:190} INFO - [2025-02-20T00:58:20.899+0000] {dagbag.py:588} INFO - Filling up the DagBag from /home/ubuntu/redfin_venv/lib/python3.12/site-packages/airflow/example_dags/example_dag_decorator.py
[2025-02-20T00:58:20.940+0000] {processor.py:925} INFO - DAG(s) 'example_dag_decorator' retrieved from /home/ubuntu/redfin_venv/lib/python3.12/site-packages/airflow/example_dags/example_dag_decorator.py
[2025-02-20T00:58:21.045+0000] {logging_mixin.py:190} INFO - [2025-02-20T00:58:21.045+0000] {dag.py:3239} INFO - Sync 1 DAGs
[2025-02-20T00:58:21.056+0000] {logging_mixin.py:190} INFO - [2025-02-20T00:58:21.055+0000] {dag.py:4180} INFO - Setting next_dagrun for example_dag_decorator to None, run_after=None
[2025-02-20T00:58:21.079+0000] {processor.py:208} INFO - Processing /home/ubuntu/redfin_venv/lib/python3.12/site-packages/airflow/example_dags/example_dag_decorator.py took 0.189 seconds
[2025-02-20T00:59:14.825+0000] {processor.py:186} INFO - Started process (PID=4709) to work on /home/ubuntu/redfin_venv/lib/python3.12/site-packages/airflow/example_dags/example_dag_decorator.py
[2025-02-20T00:59:14.827+0000] {processor.py:914} INFO - Processing file /home/ubuntu/redfin_venv/lib/python3.12/site-packages/airflow/example_dags/example_dag_decorator.py for tasks to queue
[2025-02-20T00:59:14.829+0000] {logging_mixin.py:190} INFO - [2025-02-20T00:59:14.829+0000] {dagbag.py:588} INFO - Filling up the DagBag from /home/ubuntu/redfin_venv/lib/python3.12/site-packages/airflow/example_dags/example_dag_decorator.py
[2025-02-20T00:59:14.876+0000] {processor.py:925} INFO - DAG(s) 'example_dag_decorator' retrieved from /home/ubuntu/redfin_venv/lib/python3.12/site-packages/airflow/example_dags/example_dag_decorator.py
[2025-02-20T00:59:14.985+0000] {logging_mixin.py:190} INFO - [2025-02-20T00:59:14.984+0000] {dag.py:3239} INFO - Sync 1 DAGs
[2025-02-20T00:59:14.996+0000] {logging_mixin.py:190} INFO - [2025-02-20T00:59:14.995+0000] {dag.py:4180} INFO - Setting next_dagrun for example_dag_decorator to None, run_after=None
[2025-02-20T00:59:15.023+0000] {processor.py:208} INFO - Processing /home/ubuntu/redfin_venv/lib/python3.12/site-packages/airflow/example_dags/example_dag_decorator.py took 0.206 seconds
[2025-02-20T01:00:32.306+0000] {processor.py:186} INFO - Started process (PID=5319) to work on /home/ubuntu/redfin_venv/lib/python3.12/site-packages/airflow/example_dags/example_dag_decorator.py
[2025-02-20T01:00:32.308+0000] {processor.py:914} INFO - Processing file /home/ubuntu/redfin_venv/lib/python3.12/site-packages/airflow/example_dags/example_dag_decorator.py for tasks to queue
[2025-02-20T01:00:32.310+0000] {logging_mixin.py:190} INFO - [2025-02-20T01:00:32.309+0000] {dagbag.py:588} INFO - Filling up the DagBag from /home/ubuntu/redfin_venv/lib/python3.12/site-packages/airflow/example_dags/example_dag_decorator.py
[2025-02-20T01:00:32.350+0000] {processor.py:925} INFO - DAG(s) 'example_dag_decorator' retrieved from /home/ubuntu/redfin_venv/lib/python3.12/site-packages/airflow/example_dags/example_dag_decorator.py
[2025-02-20T01:00:32.452+0000] {logging_mixin.py:190} INFO - [2025-02-20T01:00:32.452+0000] {dag.py:3239} INFO - Sync 1 DAGs
[2025-02-20T01:00:32.463+0000] {logging_mixin.py:190} INFO - [2025-02-20T01:00:32.463+0000] {dag.py:4180} INFO - Setting next_dagrun for example_dag_decorator to None, run_after=None
[2025-02-20T01:00:32.486+0000] {processor.py:208} INFO - Processing /home/ubuntu/redfin_venv/lib/python3.12/site-packages/airflow/example_dags/example_dag_decorator.py took 0.186 seconds
[2025-02-20T01:01:28.834+0000] {processor.py:186} INFO - Started process (PID=5596) to work on /home/ubuntu/redfin_venv/lib/python3.12/site-packages/airflow/example_dags/example_dag_decorator.py
[2025-02-20T01:01:28.836+0000] {processor.py:914} INFO - Processing file /home/ubuntu/redfin_venv/lib/python3.12/site-packages/airflow/example_dags/example_dag_decorator.py for tasks to queue
[2025-02-20T01:01:28.838+0000] {logging_mixin.py:190} INFO - [2025-02-20T01:01:28.837+0000] {dagbag.py:588} INFO - Filling up the DagBag from /home/ubuntu/redfin_venv/lib/python3.12/site-packages/airflow/example_dags/example_dag_decorator.py
[2025-02-20T01:01:28.977+0000] {processor.py:925} INFO - DAG(s) 'example_dag_decorator' retrieved from /home/ubuntu/redfin_venv/lib/python3.12/site-packages/airflow/example_dags/example_dag_decorator.py
[2025-02-20T01:01:29.086+0000] {logging_mixin.py:190} INFO - [2025-02-20T01:01:29.086+0000] {dag.py:3239} INFO - Sync 1 DAGs
[2025-02-20T01:01:29.098+0000] {logging_mixin.py:190} INFO - [2025-02-20T01:01:29.098+0000] {dag.py:4180} INFO - Setting next_dagrun for example_dag_decorator to None, run_after=None
[2025-02-20T01:01:29.121+0000] {processor.py:208} INFO - Processing /home/ubuntu/redfin_venv/lib/python3.12/site-packages/airflow/example_dags/example_dag_decorator.py took 0.292 seconds
