[2025-02-20T00:53:00.229+0000] {processor.py:186} INFO - Started process (PID=3659) to work on /home/ubuntu/redfin_venv/lib/python3.12/site-packages/airflow/example_dags/example_outlet_event_extra.py
[2025-02-20T00:53:00.230+0000] {processor.py:914} INFO - Processing file /home/ubuntu/redfin_venv/lib/python3.12/site-packages/airflow/example_dags/example_outlet_event_extra.py for tasks to queue
[2025-02-20T00:53:00.232+0000] {logging_mixin.py:190} INFO - [2025-02-20T00:53:00.232+0000] {dagbag.py:588} INFO - Filling up the DagBag from /home/ubuntu/redfin_venv/lib/python3.12/site-packages/airflow/example_dags/example_outlet_event_extra.py
[2025-02-20T00:53:00.247+0000] {processor.py:925} INFO - DAG(s) 'dataset_with_extra_from_classic_operator', 'dataset_with_extra_by_context', 'dataset_with_extra_by_yield' retrieved from /home/ubuntu/redfin_venv/lib/python3.12/site-packages/airflow/example_dags/example_outlet_event_extra.py
[2025-02-20T00:53:00.350+0000] {logging_mixin.py:190} INFO - [2025-02-20T00:53:00.349+0000] {override.py:1930} INFO - Created Permission View: can edit on DAG:dataset_with_extra_from_classic_operator
[2025-02-20T00:53:00.362+0000] {logging_mixin.py:190} INFO - [2025-02-20T00:53:00.362+0000] {override.py:1930} INFO - Created Permission View: can delete on DAG:dataset_with_extra_from_classic_operator
[2025-02-20T00:53:00.372+0000] {logging_mixin.py:190} INFO - [2025-02-20T00:53:00.372+0000] {override.py:1930} INFO - Created Permission View: can read on DAG:dataset_with_extra_from_classic_operator
[2025-02-20T00:53:00.389+0000] {logging_mixin.py:190} INFO - [2025-02-20T00:53:00.388+0000] {override.py:1930} INFO - Created Permission View: menu access on DAG Run:dataset_with_extra_from_classic_operator
[2025-02-20T00:53:00.399+0000] {logging_mixin.py:190} INFO - [2025-02-20T00:53:00.399+0000] {override.py:1930} INFO - Created Permission View: can create on DAG Run:dataset_with_extra_from_classic_operator
[2025-02-20T00:53:00.409+0000] {logging_mixin.py:190} INFO - [2025-02-20T00:53:00.409+0000] {override.py:1930} INFO - Created Permission View: can delete on DAG Run:dataset_with_extra_from_classic_operator
[2025-02-20T00:53:00.419+0000] {logging_mixin.py:190} INFO - [2025-02-20T00:53:00.419+0000] {override.py:1930} INFO - Created Permission View: can read on DAG Run:dataset_with_extra_from_classic_operator
[2025-02-20T00:53:00.443+0000] {logging_mixin.py:190} INFO - [2025-02-20T00:53:00.443+0000] {override.py:1930} INFO - Created Permission View: can edit on DAG:dataset_with_extra_by_context
[2025-02-20T00:53:00.455+0000] {logging_mixin.py:190} INFO - [2025-02-20T00:53:00.455+0000] {override.py:1930} INFO - Created Permission View: can delete on DAG:dataset_with_extra_by_context
[2025-02-20T00:53:00.465+0000] {logging_mixin.py:190} INFO - [2025-02-20T00:53:00.465+0000] {override.py:1930} INFO - Created Permission View: can read on DAG:dataset_with_extra_by_context
[2025-02-20T00:53:00.489+0000] {logging_mixin.py:190} INFO - [2025-02-20T00:53:00.487+0000] {override.py:1930} INFO - Created Permission View: menu access on DAG Run:dataset_with_extra_by_context
[2025-02-20T00:53:00.517+0000] {logging_mixin.py:190} INFO - [2025-02-20T00:53:00.516+0000] {override.py:1930} INFO - Created Permission View: can create on DAG Run:dataset_with_extra_by_context
[2025-02-20T00:53:00.587+0000] {logging_mixin.py:190} INFO - [2025-02-20T00:53:00.587+0000] {override.py:1930} INFO - Created Permission View: can delete on DAG Run:dataset_with_extra_by_context
[2025-02-20T00:53:00.597+0000] {logging_mixin.py:190} INFO - [2025-02-20T00:53:00.597+0000] {override.py:1930} INFO - Created Permission View: can read on DAG Run:dataset_with_extra_by_context
[2025-02-20T00:53:00.702+0000] {logging_mixin.py:190} INFO - [2025-02-20T00:53:00.702+0000] {override.py:1930} INFO - Created Permission View: can edit on DAG:dataset_with_extra_by_yield
[2025-02-20T00:53:00.712+0000] {logging_mixin.py:190} INFO - [2025-02-20T00:53:00.712+0000] {override.py:1930} INFO - Created Permission View: can delete on DAG:dataset_with_extra_by_yield
[2025-02-20T00:53:00.720+0000] {logging_mixin.py:190} INFO - [2025-02-20T00:53:00.719+0000] {override.py:1930} INFO - Created Permission View: can read on DAG:dataset_with_extra_by_yield
[2025-02-20T00:53:00.732+0000] {logging_mixin.py:190} INFO - [2025-02-20T00:53:00.732+0000] {override.py:1930} INFO - Created Permission View: menu access on DAG Run:dataset_with_extra_by_yield
[2025-02-20T00:53:00.740+0000] {logging_mixin.py:190} INFO - [2025-02-20T00:53:00.740+0000] {override.py:1930} INFO - Created Permission View: can create on DAG Run:dataset_with_extra_by_yield
[2025-02-20T00:53:00.750+0000] {logging_mixin.py:190} INFO - [2025-02-20T00:53:00.750+0000] {override.py:1930} INFO - Created Permission View: can delete on DAG Run:dataset_with_extra_by_yield
[2025-02-20T00:53:00.759+0000] {logging_mixin.py:190} INFO - [2025-02-20T00:53:00.758+0000] {override.py:1930} INFO - Created Permission View: can read on DAG Run:dataset_with_extra_by_yield
[2025-02-20T00:53:00.759+0000] {logging_mixin.py:190} INFO - [2025-02-20T00:53:00.759+0000] {dag.py:3239} INFO - Sync 3 DAGs
[2025-02-20T00:53:00.773+0000] {logging_mixin.py:190} INFO - [2025-02-20T00:53:00.772+0000] {dag.py:3262} INFO - Creating ORM DAG for dataset_with_extra_from_classic_operator
[2025-02-20T00:53:00.773+0000] {logging_mixin.py:190} INFO - [2025-02-20T00:53:00.773+0000] {dag.py:3262} INFO - Creating ORM DAG for dataset_with_extra_by_yield
[2025-02-20T00:53:00.774+0000] {logging_mixin.py:190} INFO - [2025-02-20T00:53:00.774+0000] {dag.py:3262} INFO - Creating ORM DAG for dataset_with_extra_by_context
[2025-02-20T00:53:00.788+0000] {logging_mixin.py:190} INFO - [2025-02-20T00:53:00.788+0000] {dag.py:4180} INFO - Setting next_dagrun for dataset_with_extra_by_context to 2025-02-19 00:00:00+00:00, run_after=2025-02-20 00:00:00+00:00
[2025-02-20T00:53:00.790+0000] {logging_mixin.py:190} INFO - [2025-02-20T00:53:00.789+0000] {dag.py:4180} INFO - Setting next_dagrun for dataset_with_extra_by_yield to 2025-02-19 00:00:00+00:00, run_after=2025-02-20 00:00:00+00:00
[2025-02-20T00:53:00.791+0000] {logging_mixin.py:190} INFO - [2025-02-20T00:53:00.791+0000] {dag.py:4180} INFO - Setting next_dagrun for dataset_with_extra_from_classic_operator to 2025-02-19 00:00:00+00:00, run_after=2025-02-20 00:00:00+00:00
[2025-02-20T00:53:00.816+0000] {processor.py:208} INFO - Processing /home/ubuntu/redfin_venv/lib/python3.12/site-packages/airflow/example_dags/example_outlet_event_extra.py took 0.592 seconds
[2025-02-20T00:54:04.538+0000] {processor.py:186} INFO - Started process (PID=3901) to work on /home/ubuntu/redfin_venv/lib/python3.12/site-packages/airflow/example_dags/example_outlet_event_extra.py
[2025-02-20T00:54:04.540+0000] {processor.py:914} INFO - Processing file /home/ubuntu/redfin_venv/lib/python3.12/site-packages/airflow/example_dags/example_outlet_event_extra.py for tasks to queue
[2025-02-20T00:54:04.542+0000] {logging_mixin.py:190} INFO - [2025-02-20T00:54:04.541+0000] {dagbag.py:588} INFO - Filling up the DagBag from /home/ubuntu/redfin_venv/lib/python3.12/site-packages/airflow/example_dags/example_outlet_event_extra.py
[2025-02-20T00:54:04.557+0000] {processor.py:925} INFO - DAG(s) 'dataset_with_extra_by_context', 'dataset_with_extra_from_classic_operator', 'dataset_with_extra_by_yield' retrieved from /home/ubuntu/redfin_venv/lib/python3.12/site-packages/airflow/example_dags/example_outlet_event_extra.py
[2025-02-20T00:54:04.580+0000] {logging_mixin.py:190} INFO - [2025-02-20T00:54:04.579+0000] {dag.py:3239} INFO - Sync 3 DAGs
[2025-02-20T00:54:04.601+0000] {logging_mixin.py:190} INFO - [2025-02-20T00:54:04.601+0000] {dag.py:4180} INFO - Setting next_dagrun for dataset_with_extra_by_context to 2025-02-19 00:00:00+00:00, run_after=2025-02-20 00:00:00+00:00
[2025-02-20T00:54:04.605+0000] {logging_mixin.py:190} INFO - [2025-02-20T00:54:04.605+0000] {dag.py:4180} INFO - Setting next_dagrun for dataset_with_extra_by_yield to 2025-02-19 00:00:00+00:00, run_after=2025-02-20 00:00:00+00:00
[2025-02-20T00:54:04.607+0000] {logging_mixin.py:190} INFO - [2025-02-20T00:54:04.607+0000] {dag.py:4180} INFO - Setting next_dagrun for dataset_with_extra_from_classic_operator to 2025-02-19 00:00:00+00:00, run_after=2025-02-20 00:00:00+00:00
[2025-02-20T00:54:04.632+0000] {processor.py:208} INFO - Processing /home/ubuntu/redfin_venv/lib/python3.12/site-packages/airflow/example_dags/example_outlet_event_extra.py took 0.099 seconds
[2025-02-20T00:55:02.098+0000] {processor.py:186} INFO - Started process (PID=4146) to work on /home/ubuntu/redfin_venv/lib/python3.12/site-packages/airflow/example_dags/example_outlet_event_extra.py
[2025-02-20T00:55:02.100+0000] {processor.py:914} INFO - Processing file /home/ubuntu/redfin_venv/lib/python3.12/site-packages/airflow/example_dags/example_outlet_event_extra.py for tasks to queue
[2025-02-20T00:55:02.102+0000] {logging_mixin.py:190} INFO - [2025-02-20T00:55:02.102+0000] {dagbag.py:588} INFO - Filling up the DagBag from /home/ubuntu/redfin_venv/lib/python3.12/site-packages/airflow/example_dags/example_outlet_event_extra.py
[2025-02-20T00:55:02.117+0000] {processor.py:925} INFO - DAG(s) 'dataset_with_extra_by_context', 'dataset_with_extra_from_classic_operator', 'dataset_with_extra_by_yield' retrieved from /home/ubuntu/redfin_venv/lib/python3.12/site-packages/airflow/example_dags/example_outlet_event_extra.py
[2025-02-20T00:55:02.137+0000] {logging_mixin.py:190} INFO - [2025-02-20T00:55:02.137+0000] {dag.py:3239} INFO - Sync 3 DAGs
[2025-02-20T00:55:02.158+0000] {logging_mixin.py:190} INFO - [2025-02-20T00:55:02.158+0000] {dag.py:4180} INFO - Setting next_dagrun for dataset_with_extra_by_context to 2025-02-19 00:00:00+00:00, run_after=2025-02-20 00:00:00+00:00
[2025-02-20T00:55:02.163+0000] {logging_mixin.py:190} INFO - [2025-02-20T00:55:02.163+0000] {dag.py:4180} INFO - Setting next_dagrun for dataset_with_extra_by_yield to 2025-02-19 00:00:00+00:00, run_after=2025-02-20 00:00:00+00:00
[2025-02-20T00:55:02.165+0000] {logging_mixin.py:190} INFO - [2025-02-20T00:55:02.165+0000] {dag.py:4180} INFO - Setting next_dagrun for dataset_with_extra_from_classic_operator to 2025-02-19 00:00:00+00:00, run_after=2025-02-20 00:00:00+00:00
[2025-02-20T00:55:02.189+0000] {processor.py:208} INFO - Processing /home/ubuntu/redfin_venv/lib/python3.12/site-packages/airflow/example_dags/example_outlet_event_extra.py took 0.097 seconds
[2025-02-20T00:55:57.971+0000] {processor.py:186} INFO - Started process (PID=4263) to work on /home/ubuntu/redfin_venv/lib/python3.12/site-packages/airflow/example_dags/example_outlet_event_extra.py
[2025-02-20T00:55:57.972+0000] {processor.py:914} INFO - Processing file /home/ubuntu/redfin_venv/lib/python3.12/site-packages/airflow/example_dags/example_outlet_event_extra.py for tasks to queue
[2025-02-20T00:55:57.975+0000] {logging_mixin.py:190} INFO - [2025-02-20T00:55:57.974+0000] {dagbag.py:588} INFO - Filling up the DagBag from /home/ubuntu/redfin_venv/lib/python3.12/site-packages/airflow/example_dags/example_outlet_event_extra.py
[2025-02-20T00:55:57.992+0000] {processor.py:925} INFO - DAG(s) 'dataset_with_extra_from_classic_operator', 'dataset_with_extra_by_yield', 'dataset_with_extra_by_context' retrieved from /home/ubuntu/redfin_venv/lib/python3.12/site-packages/airflow/example_dags/example_outlet_event_extra.py
[2025-02-20T00:55:58.016+0000] {logging_mixin.py:190} INFO - [2025-02-20T00:55:58.016+0000] {dag.py:3239} INFO - Sync 3 DAGs
[2025-02-20T00:55:58.039+0000] {logging_mixin.py:190} INFO - [2025-02-20T00:55:58.039+0000] {dag.py:4180} INFO - Setting next_dagrun for dataset_with_extra_by_context to 2025-02-19 00:00:00+00:00, run_after=2025-02-20 00:00:00+00:00
[2025-02-20T00:55:58.044+0000] {logging_mixin.py:190} INFO - [2025-02-20T00:55:58.043+0000] {dag.py:4180} INFO - Setting next_dagrun for dataset_with_extra_by_yield to 2025-02-19 00:00:00+00:00, run_after=2025-02-20 00:00:00+00:00
[2025-02-20T00:55:58.045+0000] {logging_mixin.py:190} INFO - [2025-02-20T00:55:58.045+0000] {dag.py:4180} INFO - Setting next_dagrun for dataset_with_extra_from_classic_operator to 2025-02-19 00:00:00+00:00, run_after=2025-02-20 00:00:00+00:00
[2025-02-20T00:55:58.079+0000] {processor.py:208} INFO - Processing /home/ubuntu/redfin_venv/lib/python3.12/site-packages/airflow/example_dags/example_outlet_event_extra.py took 0.114 seconds
[2025-02-20T00:56:51.074+0000] {processor.py:186} INFO - Started process (PID=4384) to work on /home/ubuntu/redfin_venv/lib/python3.12/site-packages/airflow/example_dags/example_outlet_event_extra.py
[2025-02-20T00:56:51.114+0000] {processor.py:914} INFO - Processing file /home/ubuntu/redfin_venv/lib/python3.12/site-packages/airflow/example_dags/example_outlet_event_extra.py for tasks to queue
[2025-02-20T00:56:51.117+0000] {logging_mixin.py:190} INFO - [2025-02-20T00:56:51.117+0000] {dagbag.py:588} INFO - Filling up the DagBag from /home/ubuntu/redfin_venv/lib/python3.12/site-packages/airflow/example_dags/example_outlet_event_extra.py
[2025-02-20T00:56:51.131+0000] {processor.py:925} INFO - DAG(s) 'dataset_with_extra_by_yield', 'dataset_with_extra_from_classic_operator', 'dataset_with_extra_by_context' retrieved from /home/ubuntu/redfin_venv/lib/python3.12/site-packages/airflow/example_dags/example_outlet_event_extra.py
[2025-02-20T00:56:51.152+0000] {logging_mixin.py:190} INFO - [2025-02-20T00:56:51.152+0000] {dag.py:3239} INFO - Sync 3 DAGs
[2025-02-20T00:56:51.173+0000] {logging_mixin.py:190} INFO - [2025-02-20T00:56:51.172+0000] {dag.py:4180} INFO - Setting next_dagrun for dataset_with_extra_by_context to 2025-02-19 00:00:00+00:00, run_after=2025-02-20 00:00:00+00:00
[2025-02-20T00:56:51.177+0000] {logging_mixin.py:190} INFO - [2025-02-20T00:56:51.177+0000] {dag.py:4180} INFO - Setting next_dagrun for dataset_with_extra_by_yield to 2025-02-19 00:00:00+00:00, run_after=2025-02-20 00:00:00+00:00
[2025-02-20T00:56:51.179+0000] {logging_mixin.py:190} INFO - [2025-02-20T00:56:51.178+0000] {dag.py:4180} INFO - Setting next_dagrun for dataset_with_extra_from_classic_operator to 2025-02-19 00:00:00+00:00, run_after=2025-02-20 00:00:00+00:00
[2025-02-20T00:56:51.202+0000] {processor.py:208} INFO - Processing /home/ubuntu/redfin_venv/lib/python3.12/site-packages/airflow/example_dags/example_outlet_event_extra.py took 0.133 seconds
[2025-02-20T00:57:45.200+0000] {processor.py:186} INFO - Started process (PID=4557) to work on /home/ubuntu/redfin_venv/lib/python3.12/site-packages/airflow/example_dags/example_outlet_event_extra.py
[2025-02-20T00:57:45.202+0000] {processor.py:914} INFO - Processing file /home/ubuntu/redfin_venv/lib/python3.12/site-packages/airflow/example_dags/example_outlet_event_extra.py for tasks to queue
[2025-02-20T00:57:45.204+0000] {logging_mixin.py:190} INFO - [2025-02-20T00:57:45.204+0000] {dagbag.py:588} INFO - Filling up the DagBag from /home/ubuntu/redfin_venv/lib/python3.12/site-packages/airflow/example_dags/example_outlet_event_extra.py
[2025-02-20T00:57:45.219+0000] {processor.py:925} INFO - DAG(s) 'dataset_with_extra_by_context', 'dataset_with_extra_from_classic_operator', 'dataset_with_extra_by_yield' retrieved from /home/ubuntu/redfin_venv/lib/python3.12/site-packages/airflow/example_dags/example_outlet_event_extra.py
[2025-02-20T00:57:45.241+0000] {logging_mixin.py:190} INFO - [2025-02-20T00:57:45.241+0000] {dag.py:3239} INFO - Sync 3 DAGs
[2025-02-20T00:57:45.265+0000] {logging_mixin.py:190} INFO - [2025-02-20T00:57:45.265+0000] {dag.py:4180} INFO - Setting next_dagrun for dataset_with_extra_by_context to 2025-02-19 00:00:00+00:00, run_after=2025-02-20 00:00:00+00:00
[2025-02-20T00:57:45.271+0000] {logging_mixin.py:190} INFO - [2025-02-20T00:57:45.271+0000] {dag.py:4180} INFO - Setting next_dagrun for dataset_with_extra_by_yield to 2025-02-19 00:00:00+00:00, run_after=2025-02-20 00:00:00+00:00
[2025-02-20T00:57:45.273+0000] {logging_mixin.py:190} INFO - [2025-02-20T00:57:45.273+0000] {dag.py:4180} INFO - Setting next_dagrun for dataset_with_extra_from_classic_operator to 2025-02-19 00:00:00+00:00, run_after=2025-02-20 00:00:00+00:00
[2025-02-20T00:57:45.297+0000] {processor.py:208} INFO - Processing /home/ubuntu/redfin_venv/lib/python3.12/site-packages/airflow/example_dags/example_outlet_event_extra.py took 0.103 seconds
[2025-02-20T00:58:38.432+0000] {processor.py:186} INFO - Started process (PID=4672) to work on /home/ubuntu/redfin_venv/lib/python3.12/site-packages/airflow/example_dags/example_outlet_event_extra.py
[2025-02-20T00:58:38.435+0000] {processor.py:914} INFO - Processing file /home/ubuntu/redfin_venv/lib/python3.12/site-packages/airflow/example_dags/example_outlet_event_extra.py for tasks to queue
[2025-02-20T00:58:38.437+0000] {logging_mixin.py:190} INFO - [2025-02-20T00:58:38.437+0000] {dagbag.py:588} INFO - Filling up the DagBag from /home/ubuntu/redfin_venv/lib/python3.12/site-packages/airflow/example_dags/example_outlet_event_extra.py
[2025-02-20T00:58:38.452+0000] {processor.py:925} INFO - DAG(s) 'dataset_with_extra_by_context', 'dataset_with_extra_from_classic_operator', 'dataset_with_extra_by_yield' retrieved from /home/ubuntu/redfin_venv/lib/python3.12/site-packages/airflow/example_dags/example_outlet_event_extra.py
[2025-02-20T00:58:38.472+0000] {logging_mixin.py:190} INFO - [2025-02-20T00:58:38.472+0000] {dag.py:3239} INFO - Sync 3 DAGs
[2025-02-20T00:58:38.500+0000] {logging_mixin.py:190} INFO - [2025-02-20T00:58:38.500+0000] {dag.py:4180} INFO - Setting next_dagrun for dataset_with_extra_by_context to 2025-02-19 00:00:00+00:00, run_after=2025-02-20 00:00:00+00:00
[2025-02-20T00:58:38.510+0000] {logging_mixin.py:190} INFO - [2025-02-20T00:58:38.510+0000] {dag.py:4180} INFO - Setting next_dagrun for dataset_with_extra_by_yield to 2025-02-19 00:00:00+00:00, run_after=2025-02-20 00:00:00+00:00
[2025-02-20T00:58:38.513+0000] {logging_mixin.py:190} INFO - [2025-02-20T00:58:38.513+0000] {dag.py:4180} INFO - Setting next_dagrun for dataset_with_extra_from_classic_operator to 2025-02-19 00:00:00+00:00, run_after=2025-02-20 00:00:00+00:00
[2025-02-20T00:58:38.539+0000] {processor.py:208} INFO - Processing /home/ubuntu/redfin_venv/lib/python3.12/site-packages/airflow/example_dags/example_outlet_event_extra.py took 0.112 seconds
[2025-02-20T00:59:31.643+0000] {processor.py:186} INFO - Started process (PID=4787) to work on /home/ubuntu/redfin_venv/lib/python3.12/site-packages/airflow/example_dags/example_outlet_event_extra.py
[2025-02-20T00:59:31.644+0000] {processor.py:914} INFO - Processing file /home/ubuntu/redfin_venv/lib/python3.12/site-packages/airflow/example_dags/example_outlet_event_extra.py for tasks to queue
[2025-02-20T00:59:31.647+0000] {logging_mixin.py:190} INFO - [2025-02-20T00:59:31.646+0000] {dagbag.py:588} INFO - Filling up the DagBag from /home/ubuntu/redfin_venv/lib/python3.12/site-packages/airflow/example_dags/example_outlet_event_extra.py
[2025-02-20T00:59:31.663+0000] {processor.py:925} INFO - DAG(s) 'dataset_with_extra_from_classic_operator', 'dataset_with_extra_by_yield', 'dataset_with_extra_by_context' retrieved from /home/ubuntu/redfin_venv/lib/python3.12/site-packages/airflow/example_dags/example_outlet_event_extra.py
[2025-02-20T00:59:31.685+0000] {logging_mixin.py:190} INFO - [2025-02-20T00:59:31.684+0000] {dag.py:3239} INFO - Sync 3 DAGs
[2025-02-20T00:59:31.708+0000] {logging_mixin.py:190} INFO - [2025-02-20T00:59:31.708+0000] {dag.py:4180} INFO - Setting next_dagrun for dataset_with_extra_by_context to 2025-02-19 00:00:00+00:00, run_after=2025-02-20 00:00:00+00:00
[2025-02-20T00:59:31.713+0000] {logging_mixin.py:190} INFO - [2025-02-20T00:59:31.713+0000] {dag.py:4180} INFO - Setting next_dagrun for dataset_with_extra_by_yield to 2025-02-19 00:00:00+00:00, run_after=2025-02-20 00:00:00+00:00
[2025-02-20T00:59:31.715+0000] {logging_mixin.py:190} INFO - [2025-02-20T00:59:31.715+0000] {dag.py:4180} INFO - Setting next_dagrun for dataset_with_extra_from_classic_operator to 2025-02-19 00:00:00+00:00, run_after=2025-02-20 00:00:00+00:00
[2025-02-20T00:59:31.740+0000] {processor.py:208} INFO - Processing /home/ubuntu/redfin_venv/lib/python3.12/site-packages/airflow/example_dags/example_outlet_event_extra.py took 0.104 seconds
[2025-02-20T01:00:23.168+0000] {processor.py:186} INFO - Started process (PID=5310) to work on /home/ubuntu/redfin_venv/lib/python3.12/site-packages/airflow/example_dags/example_outlet_event_extra.py
[2025-02-20T01:00:23.170+0000] {processor.py:914} INFO - Processing file /home/ubuntu/redfin_venv/lib/python3.12/site-packages/airflow/example_dags/example_outlet_event_extra.py for tasks to queue
[2025-02-20T01:00:23.172+0000] {logging_mixin.py:190} INFO - [2025-02-20T01:00:23.172+0000] {dagbag.py:588} INFO - Filling up the DagBag from /home/ubuntu/redfin_venv/lib/python3.12/site-packages/airflow/example_dags/example_outlet_event_extra.py
[2025-02-20T01:00:23.201+0000] {processor.py:925} INFO - DAG(s) 'dataset_with_extra_from_classic_operator', 'dataset_with_extra_by_context', 'dataset_with_extra_by_yield' retrieved from /home/ubuntu/redfin_venv/lib/python3.12/site-packages/airflow/example_dags/example_outlet_event_extra.py
[2025-02-20T01:00:23.252+0000] {logging_mixin.py:190} INFO - [2025-02-20T01:00:23.251+0000] {dag.py:3239} INFO - Sync 3 DAGs
[2025-02-20T01:00:23.287+0000] {logging_mixin.py:190} INFO - [2025-02-20T01:00:23.286+0000] {dag.py:4180} INFO - Setting next_dagrun for dataset_with_extra_by_context to 2025-02-19 00:00:00+00:00, run_after=2025-02-20 00:00:00+00:00
[2025-02-20T01:00:23.291+0000] {logging_mixin.py:190} INFO - [2025-02-20T01:00:23.291+0000] {dag.py:4180} INFO - Setting next_dagrun for dataset_with_extra_by_yield to 2025-02-19 00:00:00+00:00, run_after=2025-02-20 00:00:00+00:00
[2025-02-20T01:00:23.293+0000] {logging_mixin.py:190} INFO - [2025-02-20T01:00:23.293+0000] {dag.py:4180} INFO - Setting next_dagrun for dataset_with_extra_from_classic_operator to 2025-02-19 00:00:00+00:00, run_after=2025-02-20 00:00:00+00:00
[2025-02-20T01:00:23.349+0000] {processor.py:208} INFO - Processing /home/ubuntu/redfin_venv/lib/python3.12/site-packages/airflow/example_dags/example_outlet_event_extra.py took 0.190 seconds
[2025-02-20T01:01:19.216+0000] {processor.py:186} INFO - Started process (PID=5540) to work on /home/ubuntu/redfin_venv/lib/python3.12/site-packages/airflow/example_dags/example_outlet_event_extra.py
[2025-02-20T01:01:19.217+0000] {processor.py:914} INFO - Processing file /home/ubuntu/redfin_venv/lib/python3.12/site-packages/airflow/example_dags/example_outlet_event_extra.py for tasks to queue
[2025-02-20T01:01:19.221+0000] {logging_mixin.py:190} INFO - [2025-02-20T01:01:19.220+0000] {dagbag.py:588} INFO - Filling up the DagBag from /home/ubuntu/redfin_venv/lib/python3.12/site-packages/airflow/example_dags/example_outlet_event_extra.py
[2025-02-20T01:01:19.236+0000] {processor.py:925} INFO - DAG(s) 'dataset_with_extra_by_context', 'dataset_with_extra_by_yield', 'dataset_with_extra_from_classic_operator' retrieved from /home/ubuntu/redfin_venv/lib/python3.12/site-packages/airflow/example_dags/example_outlet_event_extra.py
[2025-02-20T01:01:19.261+0000] {logging_mixin.py:190} INFO - [2025-02-20T01:01:19.261+0000] {dag.py:3239} INFO - Sync 3 DAGs
[2025-02-20T01:01:19.286+0000] {logging_mixin.py:190} INFO - [2025-02-20T01:01:19.286+0000] {dag.py:4180} INFO - Setting next_dagrun for dataset_with_extra_by_context to 2025-02-19 00:00:00+00:00, run_after=2025-02-20 00:00:00+00:00
[2025-02-20T01:01:19.291+0000] {logging_mixin.py:190} INFO - [2025-02-20T01:01:19.291+0000] {dag.py:4180} INFO - Setting next_dagrun for dataset_with_extra_by_yield to 2025-02-19 00:00:00+00:00, run_after=2025-02-20 00:00:00+00:00
[2025-02-20T01:01:19.294+0000] {logging_mixin.py:190} INFO - [2025-02-20T01:01:19.293+0000] {dag.py:4180} INFO - Setting next_dagrun for dataset_with_extra_from_classic_operator to 2025-02-19 00:00:00+00:00, run_after=2025-02-20 00:00:00+00:00
[2025-02-20T01:01:19.325+0000] {processor.py:208} INFO - Processing /home/ubuntu/redfin_venv/lib/python3.12/site-packages/airflow/example_dags/example_outlet_event_extra.py took 0.115 seconds
