[2025-02-20T00:52:38.374+0000] {processor.py:186} INFO - Started process (PID=3580) to work on /home/ubuntu/redfin_venv/lib/python3.12/site-packages/airflow/example_dags/example_trigger_target_dag.py
[2025-02-20T00:52:38.375+0000] {processor.py:914} INFO - Processing file /home/ubuntu/redfin_venv/lib/python3.12/site-packages/airflow/example_dags/example_trigger_target_dag.py for tasks to queue
[2025-02-20T00:52:38.377+0000] {logging_mixin.py:190} INFO - [2025-02-20T00:52:38.377+0000] {dagbag.py:588} INFO - Filling up the DagBag from /home/ubuntu/redfin_venv/lib/python3.12/site-packages/airflow/example_dags/example_trigger_target_dag.py
[2025-02-20T00:52:38.388+0000] {processor.py:925} INFO - DAG(s) 'example_trigger_target_dag' retrieved from /home/ubuntu/redfin_venv/lib/python3.12/site-packages/airflow/example_dags/example_trigger_target_dag.py
[2025-02-20T00:52:38.496+0000] {logging_mixin.py:190} INFO - [2025-02-20T00:52:38.495+0000] {override.py:1930} INFO - Created Permission View: can edit on DAG:example_trigger_target_dag
[2025-02-20T00:52:38.510+0000] {logging_mixin.py:190} INFO - [2025-02-20T00:52:38.510+0000] {override.py:1930} INFO - Created Permission View: can delete on DAG:example_trigger_target_dag
[2025-02-20T00:52:38.520+0000] {logging_mixin.py:190} INFO - [2025-02-20T00:52:38.520+0000] {override.py:1930} INFO - Created Permission View: can read on DAG:example_trigger_target_dag
[2025-02-20T00:52:38.538+0000] {logging_mixin.py:190} INFO - [2025-02-20T00:52:38.537+0000] {override.py:1930} INFO - Created Permission View: menu access on DAG Run:example_trigger_target_dag
[2025-02-20T00:52:38.548+0000] {logging_mixin.py:190} INFO - [2025-02-20T00:52:38.548+0000] {override.py:1930} INFO - Created Permission View: can create on DAG Run:example_trigger_target_dag
[2025-02-20T00:52:38.558+0000] {logging_mixin.py:190} INFO - [2025-02-20T00:52:38.557+0000] {override.py:1930} INFO - Created Permission View: can delete on DAG Run:example_trigger_target_dag
[2025-02-20T00:52:38.568+0000] {logging_mixin.py:190} INFO - [2025-02-20T00:52:38.567+0000] {override.py:1930} INFO - Created Permission View: can read on DAG Run:example_trigger_target_dag
[2025-02-20T00:52:38.568+0000] {logging_mixin.py:190} INFO - [2025-02-20T00:52:38.568+0000] {dag.py:3239} INFO - Sync 1 DAGs
[2025-02-20T00:52:38.581+0000] {logging_mixin.py:190} INFO - [2025-02-20T00:52:38.581+0000] {dag.py:3262} INFO - Creating ORM DAG for example_trigger_target_dag
[2025-02-20T00:52:38.582+0000] {logging_mixin.py:190} INFO - [2025-02-20T00:52:38.582+0000] {dag.py:4180} INFO - Setting next_dagrun for example_trigger_target_dag to None, run_after=None
[2025-02-20T00:52:38.604+0000] {processor.py:208} INFO - Processing /home/ubuntu/redfin_venv/lib/python3.12/site-packages/airflow/example_dags/example_trigger_target_dag.py took 0.237 seconds
[2025-02-20T00:53:42.496+0000] {processor.py:186} INFO - Started process (PID=3878) to work on /home/ubuntu/redfin_venv/lib/python3.12/site-packages/airflow/example_dags/example_trigger_target_dag.py
[2025-02-20T00:53:42.498+0000] {processor.py:914} INFO - Processing file /home/ubuntu/redfin_venv/lib/python3.12/site-packages/airflow/example_dags/example_trigger_target_dag.py for tasks to queue
[2025-02-20T00:53:42.501+0000] {logging_mixin.py:190} INFO - [2025-02-20T00:53:42.500+0000] {dagbag.py:588} INFO - Filling up the DagBag from /home/ubuntu/redfin_venv/lib/python3.12/site-packages/airflow/example_dags/example_trigger_target_dag.py
[2025-02-20T00:53:42.517+0000] {processor.py:925} INFO - DAG(s) 'example_trigger_target_dag' retrieved from /home/ubuntu/redfin_venv/lib/python3.12/site-packages/airflow/example_dags/example_trigger_target_dag.py
[2025-02-20T00:53:42.542+0000] {logging_mixin.py:190} INFO - [2025-02-20T00:53:42.541+0000] {dag.py:3239} INFO - Sync 1 DAGs
[2025-02-20T00:53:42.562+0000] {logging_mixin.py:190} INFO - [2025-02-20T00:53:42.562+0000] {dag.py:4180} INFO - Setting next_dagrun for example_trigger_target_dag to None, run_after=None
[2025-02-20T00:53:42.592+0000] {processor.py:208} INFO - Processing /home/ubuntu/redfin_venv/lib/python3.12/site-packages/airflow/example_dags/example_trigger_target_dag.py took 0.103 seconds
[2025-02-20T00:54:38.730+0000] {processor.py:186} INFO - Started process (PID=4120) to work on /home/ubuntu/redfin_venv/lib/python3.12/site-packages/airflow/example_dags/example_trigger_target_dag.py
[2025-02-20T00:54:38.732+0000] {processor.py:914} INFO - Processing file /home/ubuntu/redfin_venv/lib/python3.12/site-packages/airflow/example_dags/example_trigger_target_dag.py for tasks to queue
[2025-02-20T00:54:38.734+0000] {logging_mixin.py:190} INFO - [2025-02-20T00:54:38.734+0000] {dagbag.py:588} INFO - Filling up the DagBag from /home/ubuntu/redfin_venv/lib/python3.12/site-packages/airflow/example_dags/example_trigger_target_dag.py
[2025-02-20T00:54:38.745+0000] {processor.py:925} INFO - DAG(s) 'example_trigger_target_dag' retrieved from /home/ubuntu/redfin_venv/lib/python3.12/site-packages/airflow/example_dags/example_trigger_target_dag.py
[2025-02-20T00:54:38.762+0000] {logging_mixin.py:190} INFO - [2025-02-20T00:54:38.762+0000] {dag.py:3239} INFO - Sync 1 DAGs
[2025-02-20T00:54:38.775+0000] {logging_mixin.py:190} INFO - [2025-02-20T00:54:38.775+0000] {dag.py:4180} INFO - Setting next_dagrun for example_trigger_target_dag to None, run_after=None
[2025-02-20T00:54:38.798+0000] {processor.py:208} INFO - Processing /home/ubuntu/redfin_venv/lib/python3.12/site-packages/airflow/example_dags/example_trigger_target_dag.py took 0.078 seconds
[2025-02-20T00:55:30.561+0000] {processor.py:186} INFO - Started process (PID=4236) to work on /home/ubuntu/redfin_venv/lib/python3.12/site-packages/airflow/example_dags/example_trigger_target_dag.py
[2025-02-20T00:55:30.562+0000] {processor.py:914} INFO - Processing file /home/ubuntu/redfin_venv/lib/python3.12/site-packages/airflow/example_dags/example_trigger_target_dag.py for tasks to queue
[2025-02-20T00:55:30.565+0000] {logging_mixin.py:190} INFO - [2025-02-20T00:55:30.565+0000] {dagbag.py:588} INFO - Filling up the DagBag from /home/ubuntu/redfin_venv/lib/python3.12/site-packages/airflow/example_dags/example_trigger_target_dag.py
[2025-02-20T00:55:30.576+0000] {processor.py:925} INFO - DAG(s) 'example_trigger_target_dag' retrieved from /home/ubuntu/redfin_venv/lib/python3.12/site-packages/airflow/example_dags/example_trigger_target_dag.py
[2025-02-20T00:55:30.596+0000] {logging_mixin.py:190} INFO - [2025-02-20T00:55:30.595+0000] {dag.py:3239} INFO - Sync 1 DAGs
[2025-02-20T00:55:30.611+0000] {logging_mixin.py:190} INFO - [2025-02-20T00:55:30.610+0000] {dag.py:4180} INFO - Setting next_dagrun for example_trigger_target_dag to None, run_after=None
[2025-02-20T00:55:30.639+0000] {processor.py:208} INFO - Processing /home/ubuntu/redfin_venv/lib/python3.12/site-packages/airflow/example_dags/example_trigger_target_dag.py took 0.085 seconds
[2025-02-20T00:56:23.367+0000] {processor.py:186} INFO - Started process (PID=4349) to work on /home/ubuntu/redfin_venv/lib/python3.12/site-packages/airflow/example_dags/example_trigger_target_dag.py
[2025-02-20T00:56:23.371+0000] {processor.py:914} INFO - Processing file /home/ubuntu/redfin_venv/lib/python3.12/site-packages/airflow/example_dags/example_trigger_target_dag.py for tasks to queue
[2025-02-20T00:56:23.378+0000] {logging_mixin.py:190} INFO - [2025-02-20T00:56:23.377+0000] {dagbag.py:588} INFO - Filling up the DagBag from /home/ubuntu/redfin_venv/lib/python3.12/site-packages/airflow/example_dags/example_trigger_target_dag.py
[2025-02-20T00:56:23.386+0000] {processor.py:925} INFO - DAG(s) 'example_trigger_target_dag' retrieved from /home/ubuntu/redfin_venv/lib/python3.12/site-packages/airflow/example_dags/example_trigger_target_dag.py
[2025-02-20T00:56:23.406+0000] {logging_mixin.py:190} INFO - [2025-02-20T00:56:23.405+0000] {dag.py:3239} INFO - Sync 1 DAGs
[2025-02-20T00:56:23.420+0000] {logging_mixin.py:190} INFO - [2025-02-20T00:56:23.420+0000] {dag.py:4180} INFO - Setting next_dagrun for example_trigger_target_dag to None, run_after=None
[2025-02-20T00:56:23.446+0000] {processor.py:208} INFO - Processing /home/ubuntu/redfin_venv/lib/python3.12/site-packages/airflow/example_dags/example_trigger_target_dag.py took 0.092 seconds
[2025-02-20T00:57:17.155+0000] {processor.py:186} INFO - Started process (PID=4409) to work on /home/ubuntu/redfin_venv/lib/python3.12/site-packages/airflow/example_dags/example_trigger_target_dag.py
[2025-02-20T00:57:17.157+0000] {processor.py:914} INFO - Processing file /home/ubuntu/redfin_venv/lib/python3.12/site-packages/airflow/example_dags/example_trigger_target_dag.py for tasks to queue
[2025-02-20T00:57:17.159+0000] {logging_mixin.py:190} INFO - [2025-02-20T00:57:17.159+0000] {dagbag.py:588} INFO - Filling up the DagBag from /home/ubuntu/redfin_venv/lib/python3.12/site-packages/airflow/example_dags/example_trigger_target_dag.py
[2025-02-20T00:57:17.172+0000] {processor.py:925} INFO - DAG(s) 'example_trigger_target_dag' retrieved from /home/ubuntu/redfin_venv/lib/python3.12/site-packages/airflow/example_dags/example_trigger_target_dag.py
[2025-02-20T00:57:17.198+0000] {logging_mixin.py:190} INFO - [2025-02-20T00:57:17.198+0000] {dag.py:3239} INFO - Sync 1 DAGs
[2025-02-20T00:57:17.214+0000] {logging_mixin.py:190} INFO - [2025-02-20T00:57:17.213+0000] {dag.py:4180} INFO - Setting next_dagrun for example_trigger_target_dag to None, run_after=None
[2025-02-20T00:57:17.244+0000] {processor.py:208} INFO - Processing /home/ubuntu/redfin_venv/lib/python3.12/site-packages/airflow/example_dags/example_trigger_target_dag.py took 0.099 seconds
[2025-02-20T00:58:12.439+0000] {processor.py:186} INFO - Started process (PID=4584) to work on /home/ubuntu/redfin_venv/lib/python3.12/site-packages/airflow/example_dags/example_trigger_target_dag.py
[2025-02-20T00:58:12.441+0000] {processor.py:914} INFO - Processing file /home/ubuntu/redfin_venv/lib/python3.12/site-packages/airflow/example_dags/example_trigger_target_dag.py for tasks to queue
[2025-02-20T00:58:12.443+0000] {logging_mixin.py:190} INFO - [2025-02-20T00:58:12.442+0000] {dagbag.py:588} INFO - Filling up the DagBag from /home/ubuntu/redfin_venv/lib/python3.12/site-packages/airflow/example_dags/example_trigger_target_dag.py
[2025-02-20T00:58:12.452+0000] {processor.py:925} INFO - DAG(s) 'example_trigger_target_dag' retrieved from /home/ubuntu/redfin_venv/lib/python3.12/site-packages/airflow/example_dags/example_trigger_target_dag.py
[2025-02-20T00:58:12.471+0000] {logging_mixin.py:190} INFO - [2025-02-20T00:58:12.471+0000] {dag.py:3239} INFO - Sync 1 DAGs
[2025-02-20T00:58:12.487+0000] {logging_mixin.py:190} INFO - [2025-02-20T00:58:12.487+0000] {dag.py:4180} INFO - Setting next_dagrun for example_trigger_target_dag to None, run_after=None
[2025-02-20T00:58:12.512+0000] {processor.py:208} INFO - Processing /home/ubuntu/redfin_venv/lib/python3.12/site-packages/airflow/example_dags/example_trigger_target_dag.py took 0.080 seconds
[2025-02-20T00:59:04.522+0000] {processor.py:186} INFO - Started process (PID=4698) to work on /home/ubuntu/redfin_venv/lib/python3.12/site-packages/airflow/example_dags/example_trigger_target_dag.py
[2025-02-20T00:59:04.525+0000] {processor.py:914} INFO - Processing file /home/ubuntu/redfin_venv/lib/python3.12/site-packages/airflow/example_dags/example_trigger_target_dag.py for tasks to queue
[2025-02-20T00:59:04.528+0000] {logging_mixin.py:190} INFO - [2025-02-20T00:59:04.528+0000] {dagbag.py:588} INFO - Filling up the DagBag from /home/ubuntu/redfin_venv/lib/python3.12/site-packages/airflow/example_dags/example_trigger_target_dag.py
[2025-02-20T00:59:04.537+0000] {processor.py:925} INFO - DAG(s) 'example_trigger_target_dag' retrieved from /home/ubuntu/redfin_venv/lib/python3.12/site-packages/airflow/example_dags/example_trigger_target_dag.py
[2025-02-20T00:59:04.553+0000] {logging_mixin.py:190} INFO - [2025-02-20T00:59:04.553+0000] {dag.py:3239} INFO - Sync 1 DAGs
[2025-02-20T00:59:04.567+0000] {logging_mixin.py:190} INFO - [2025-02-20T00:59:04.567+0000] {dag.py:4180} INFO - Setting next_dagrun for example_trigger_target_dag to None, run_after=None
[2025-02-20T00:59:04.597+0000] {processor.py:208} INFO - Processing /home/ubuntu/redfin_venv/lib/python3.12/site-packages/airflow/example_dags/example_trigger_target_dag.py took 0.082 seconds
[2025-02-20T00:59:56.239+0000] {processor.py:186} INFO - Started process (PID=4813) to work on /home/ubuntu/redfin_venv/lib/python3.12/site-packages/airflow/example_dags/example_trigger_target_dag.py
[2025-02-20T00:59:56.240+0000] {processor.py:914} INFO - Processing file /home/ubuntu/redfin_venv/lib/python3.12/site-packages/airflow/example_dags/example_trigger_target_dag.py for tasks to queue
[2025-02-20T00:59:56.242+0000] {logging_mixin.py:190} INFO - [2025-02-20T00:59:56.242+0000] {dagbag.py:588} INFO - Filling up the DagBag from /home/ubuntu/redfin_venv/lib/python3.12/site-packages/airflow/example_dags/example_trigger_target_dag.py
[2025-02-20T00:59:56.251+0000] {processor.py:925} INFO - DAG(s) 'example_trigger_target_dag' retrieved from /home/ubuntu/redfin_venv/lib/python3.12/site-packages/airflow/example_dags/example_trigger_target_dag.py
[2025-02-20T00:59:56.270+0000] {logging_mixin.py:190} INFO - [2025-02-20T00:59:56.270+0000] {dag.py:3239} INFO - Sync 1 DAGs
[2025-02-20T00:59:56.282+0000] {logging_mixin.py:190} INFO - [2025-02-20T00:59:56.282+0000] {dag.py:4180} INFO - Setting next_dagrun for example_trigger_target_dag to None, run_after=None
[2025-02-20T00:59:56.304+0000] {processor.py:208} INFO - Processing /home/ubuntu/redfin_venv/lib/python3.12/site-packages/airflow/example_dags/example_trigger_target_dag.py took 0.071 seconds
[2025-02-20T01:00:48.363+0000] {processor.py:186} INFO - Started process (PID=5365) to work on /home/ubuntu/redfin_venv/lib/python3.12/site-packages/airflow/example_dags/example_trigger_target_dag.py
[2025-02-20T01:00:48.366+0000] {processor.py:914} INFO - Processing file /home/ubuntu/redfin_venv/lib/python3.12/site-packages/airflow/example_dags/example_trigger_target_dag.py for tasks to queue
[2025-02-20T01:00:48.375+0000] {logging_mixin.py:190} INFO - [2025-02-20T01:00:48.373+0000] {dagbag.py:588} INFO - Filling up the DagBag from /home/ubuntu/redfin_venv/lib/python3.12/site-packages/airflow/example_dags/example_trigger_target_dag.py
[2025-02-20T01:00:48.384+0000] {processor.py:925} INFO - DAG(s) 'example_trigger_target_dag' retrieved from /home/ubuntu/redfin_venv/lib/python3.12/site-packages/airflow/example_dags/example_trigger_target_dag.py
[2025-02-20T01:00:48.400+0000] {logging_mixin.py:190} INFO - [2025-02-20T01:00:48.400+0000] {dag.py:3239} INFO - Sync 1 DAGs
[2025-02-20T01:00:48.412+0000] {logging_mixin.py:190} INFO - [2025-02-20T01:00:48.412+0000] {dag.py:4180} INFO - Setting next_dagrun for example_trigger_target_dag to None, run_after=None
[2025-02-20T01:00:48.438+0000] {processor.py:208} INFO - Processing /home/ubuntu/redfin_venv/lib/python3.12/site-packages/airflow/example_dags/example_trigger_target_dag.py took 0.090 seconds
