[2025-02-20T00:53:11.248+0000] {processor.py:186} INFO - Started process (PID=3668) to work on /home/ubuntu/redfin_venv/lib/python3.12/site-packages/airflow/example_dags/example_dataset_alias.py
[2025-02-20T00:53:11.249+0000] {processor.py:914} INFO - Processing file /home/ubuntu/redfin_venv/lib/python3.12/site-packages/airflow/example_dags/example_dataset_alias.py for tasks to queue
[2025-02-20T00:53:11.251+0000] {logging_mixin.py:190} INFO - [2025-02-20T00:53:11.251+0000] {dagbag.py:588} INFO - Filling up the DagBag from /home/ubuntu/redfin_venv/lib/python3.12/site-packages/airflow/example_dags/example_dataset_alias.py
[2025-02-20T00:53:11.277+0000] {processor.py:925} INFO - DAG(s) 'dataset_alias_example_alias_producer', 'dataset_alias_example_alias_consumer', 'dataset_s3_bucket_consumer', 'dataset_s3_bucket_producer' retrieved from /home/ubuntu/redfin_venv/lib/python3.12/site-packages/airflow/example_dags/example_dataset_alias.py
[2025-02-20T00:53:11.401+0000] {logging_mixin.py:190} INFO - [2025-02-20T00:53:11.400+0000] {override.py:1930} INFO - Created Permission View: can edit on DAG:dataset_alias_example_alias_producer
[2025-02-20T00:53:11.418+0000] {logging_mixin.py:190} INFO - [2025-02-20T00:53:11.417+0000] {override.py:1930} INFO - Created Permission View: can delete on DAG:dataset_alias_example_alias_producer
[2025-02-20T00:53:11.431+0000] {logging_mixin.py:190} INFO - [2025-02-20T00:53:11.430+0000] {override.py:1930} INFO - Created Permission View: can read on DAG:dataset_alias_example_alias_producer
[2025-02-20T00:53:11.447+0000] {logging_mixin.py:190} INFO - [2025-02-20T00:53:11.447+0000] {override.py:1930} INFO - Created Permission View: menu access on DAG Run:dataset_alias_example_alias_producer
[2025-02-20T00:53:11.457+0000] {logging_mixin.py:190} INFO - [2025-02-20T00:53:11.457+0000] {override.py:1930} INFO - Created Permission View: can create on DAG Run:dataset_alias_example_alias_producer
[2025-02-20T00:53:11.468+0000] {logging_mixin.py:190} INFO - [2025-02-20T00:53:11.468+0000] {override.py:1930} INFO - Created Permission View: can delete on DAG Run:dataset_alias_example_alias_producer
[2025-02-20T00:53:11.479+0000] {logging_mixin.py:190} INFO - [2025-02-20T00:53:11.479+0000] {override.py:1930} INFO - Created Permission View: can read on DAG Run:dataset_alias_example_alias_producer
[2025-02-20T00:53:11.508+0000] {logging_mixin.py:190} INFO - [2025-02-20T00:53:11.507+0000] {override.py:1930} INFO - Created Permission View: can edit on DAG:dataset_alias_example_alias_consumer
[2025-02-20T00:53:11.521+0000] {logging_mixin.py:190} INFO - [2025-02-20T00:53:11.521+0000] {override.py:1930} INFO - Created Permission View: can delete on DAG:dataset_alias_example_alias_consumer
[2025-02-20T00:53:11.535+0000] {logging_mixin.py:190} INFO - [2025-02-20T00:53:11.535+0000] {override.py:1930} INFO - Created Permission View: can read on DAG:dataset_alias_example_alias_consumer
[2025-02-20T00:53:11.557+0000] {logging_mixin.py:190} INFO - [2025-02-20T00:53:11.557+0000] {override.py:1930} INFO - Created Permission View: menu access on DAG Run:dataset_alias_example_alias_consumer
[2025-02-20T00:53:11.569+0000] {logging_mixin.py:190} INFO - [2025-02-20T00:53:11.569+0000] {override.py:1930} INFO - Created Permission View: can create on DAG Run:dataset_alias_example_alias_consumer
[2025-02-20T00:53:11.579+0000] {logging_mixin.py:190} INFO - [2025-02-20T00:53:11.578+0000] {override.py:1930} INFO - Created Permission View: can delete on DAG Run:dataset_alias_example_alias_consumer
[2025-02-20T00:53:11.591+0000] {logging_mixin.py:190} INFO - [2025-02-20T00:53:11.590+0000] {override.py:1930} INFO - Created Permission View: can read on DAG Run:dataset_alias_example_alias_consumer
[2025-02-20T00:53:11.615+0000] {logging_mixin.py:190} INFO - [2025-02-20T00:53:11.614+0000] {override.py:1930} INFO - Created Permission View: can edit on DAG:dataset_s3_bucket_consumer
[2025-02-20T00:53:11.627+0000] {logging_mixin.py:190} INFO - [2025-02-20T00:53:11.626+0000] {override.py:1930} INFO - Created Permission View: can delete on DAG:dataset_s3_bucket_consumer
[2025-02-20T00:53:11.637+0000] {logging_mixin.py:190} INFO - [2025-02-20T00:53:11.637+0000] {override.py:1930} INFO - Created Permission View: can read on DAG:dataset_s3_bucket_consumer
[2025-02-20T00:53:11.656+0000] {logging_mixin.py:190} INFO - [2025-02-20T00:53:11.655+0000] {override.py:1930} INFO - Created Permission View: menu access on DAG Run:dataset_s3_bucket_consumer
[2025-02-20T00:53:11.667+0000] {logging_mixin.py:190} INFO - [2025-02-20T00:53:11.667+0000] {override.py:1930} INFO - Created Permission View: can create on DAG Run:dataset_s3_bucket_consumer
[2025-02-20T00:53:11.678+0000] {logging_mixin.py:190} INFO - [2025-02-20T00:53:11.677+0000] {override.py:1930} INFO - Created Permission View: can delete on DAG Run:dataset_s3_bucket_consumer
[2025-02-20T00:53:11.689+0000] {logging_mixin.py:190} INFO - [2025-02-20T00:53:11.688+0000] {override.py:1930} INFO - Created Permission View: can read on DAG Run:dataset_s3_bucket_consumer
[2025-02-20T00:53:11.714+0000] {logging_mixin.py:190} INFO - [2025-02-20T00:53:11.712+0000] {override.py:1930} INFO - Created Permission View: can edit on DAG:dataset_s3_bucket_producer
[2025-02-20T00:53:11.728+0000] {logging_mixin.py:190} INFO - [2025-02-20T00:53:11.727+0000] {override.py:1930} INFO - Created Permission View: can delete on DAG:dataset_s3_bucket_producer
[2025-02-20T00:53:11.740+0000] {logging_mixin.py:190} INFO - [2025-02-20T00:53:11.739+0000] {override.py:1930} INFO - Created Permission View: can read on DAG:dataset_s3_bucket_producer
[2025-02-20T00:53:11.762+0000] {logging_mixin.py:190} INFO - [2025-02-20T00:53:11.762+0000] {override.py:1930} INFO - Created Permission View: menu access on DAG Run:dataset_s3_bucket_producer
[2025-02-20T00:53:11.774+0000] {logging_mixin.py:190} INFO - [2025-02-20T00:53:11.773+0000] {override.py:1930} INFO - Created Permission View: can create on DAG Run:dataset_s3_bucket_producer
[2025-02-20T00:53:11.784+0000] {logging_mixin.py:190} INFO - [2025-02-20T00:53:11.784+0000] {override.py:1930} INFO - Created Permission View: can delete on DAG Run:dataset_s3_bucket_producer
[2025-02-20T00:53:11.795+0000] {logging_mixin.py:190} INFO - [2025-02-20T00:53:11.795+0000] {override.py:1930} INFO - Created Permission View: can read on DAG Run:dataset_s3_bucket_producer
[2025-02-20T00:53:11.796+0000] {logging_mixin.py:190} INFO - [2025-02-20T00:53:11.796+0000] {dag.py:3239} INFO - Sync 4 DAGs
[2025-02-20T00:53:11.809+0000] {logging_mixin.py:190} INFO - [2025-02-20T00:53:11.809+0000] {dag.py:3262} INFO - Creating ORM DAG for dataset_alias_example_alias_producer
[2025-02-20T00:53:11.809+0000] {logging_mixin.py:190} INFO - [2025-02-20T00:53:11.809+0000] {dag.py:3262} INFO - Creating ORM DAG for dataset_alias_example_alias_consumer
[2025-02-20T00:53:11.810+0000] {logging_mixin.py:190} INFO - [2025-02-20T00:53:11.810+0000] {dag.py:3262} INFO - Creating ORM DAG for dataset_s3_bucket_consumer
[2025-02-20T00:53:11.811+0000] {logging_mixin.py:190} INFO - [2025-02-20T00:53:11.811+0000] {dag.py:3262} INFO - Creating ORM DAG for dataset_s3_bucket_producer
[2025-02-20T00:53:11.820+0000] {logging_mixin.py:190} INFO - [2025-02-20T00:53:11.820+0000] {dag.py:4180} INFO - Setting next_dagrun for dataset_alias_example_alias_consumer to None, run_after=None
[2025-02-20T00:53:11.820+0000] {logging_mixin.py:190} INFO - [2025-02-20T00:53:11.820+0000] {dag.py:4180} INFO - Setting next_dagrun for dataset_alias_example_alias_producer to None, run_after=None
[2025-02-20T00:53:11.821+0000] {logging_mixin.py:190} INFO - [2025-02-20T00:53:11.821+0000] {dag.py:4180} INFO - Setting next_dagrun for dataset_s3_bucket_consumer to None, run_after=None
[2025-02-20T00:53:11.822+0000] {logging_mixin.py:190} INFO - [2025-02-20T00:53:11.821+0000] {dag.py:4180} INFO - Setting next_dagrun for dataset_s3_bucket_producer to None, run_after=None
[2025-02-20T00:53:11.856+0000] {processor.py:208} INFO - Processing /home/ubuntu/redfin_venv/lib/python3.12/site-packages/airflow/example_dags/example_dataset_alias.py took 0.613 seconds
[2025-02-20T00:54:14.166+0000] {processor.py:186} INFO - Started process (PID=3913) to work on /home/ubuntu/redfin_venv/lib/python3.12/site-packages/airflow/example_dags/example_dataset_alias.py
[2025-02-20T00:54:14.168+0000] {processor.py:914} INFO - Processing file /home/ubuntu/redfin_venv/lib/python3.12/site-packages/airflow/example_dags/example_dataset_alias.py for tasks to queue
[2025-02-20T00:54:14.170+0000] {logging_mixin.py:190} INFO - [2025-02-20T00:54:14.169+0000] {dagbag.py:588} INFO - Filling up the DagBag from /home/ubuntu/redfin_venv/lib/python3.12/site-packages/airflow/example_dags/example_dataset_alias.py
[2025-02-20T00:54:14.195+0000] {processor.py:925} INFO - DAG(s) 'dataset_s3_bucket_producer', 'dataset_s3_bucket_consumer', 'dataset_alias_example_alias_consumer', 'dataset_alias_example_alias_producer' retrieved from /home/ubuntu/redfin_venv/lib/python3.12/site-packages/airflow/example_dags/example_dataset_alias.py
[2025-02-20T00:54:14.215+0000] {logging_mixin.py:190} INFO - [2025-02-20T00:54:14.215+0000] {dag.py:3239} INFO - Sync 4 DAGs
[2025-02-20T00:54:14.233+0000] {logging_mixin.py:190} INFO - [2025-02-20T00:54:14.233+0000] {dag.py:4180} INFO - Setting next_dagrun for dataset_alias_example_alias_consumer to None, run_after=None
[2025-02-20T00:54:14.235+0000] {logging_mixin.py:190} INFO - [2025-02-20T00:54:14.235+0000] {dag.py:4180} INFO - Setting next_dagrun for dataset_alias_example_alias_producer to None, run_after=None
[2025-02-20T00:54:14.236+0000] {logging_mixin.py:190} INFO - [2025-02-20T00:54:14.236+0000] {dag.py:4180} INFO - Setting next_dagrun for dataset_s3_bucket_consumer to None, run_after=None
[2025-02-20T00:54:14.236+0000] {logging_mixin.py:190} INFO - [2025-02-20T00:54:14.236+0000] {dag.py:4180} INFO - Setting next_dagrun for dataset_s3_bucket_producer to None, run_after=None
[2025-02-20T00:54:14.259+0000] {processor.py:208} INFO - Processing /home/ubuntu/redfin_venv/lib/python3.12/site-packages/airflow/example_dags/example_dataset_alias.py took 0.099 seconds
[2025-02-20T00:55:10.768+0000] {processor.py:186} INFO - Started process (PID=4155) to work on /home/ubuntu/redfin_venv/lib/python3.12/site-packages/airflow/example_dags/example_dataset_alias.py
[2025-02-20T00:55:10.771+0000] {processor.py:914} INFO - Processing file /home/ubuntu/redfin_venv/lib/python3.12/site-packages/airflow/example_dags/example_dataset_alias.py for tasks to queue
[2025-02-20T00:55:10.774+0000] {logging_mixin.py:190} INFO - [2025-02-20T00:55:10.774+0000] {dagbag.py:588} INFO - Filling up the DagBag from /home/ubuntu/redfin_venv/lib/python3.12/site-packages/airflow/example_dags/example_dataset_alias.py
[2025-02-20T00:55:10.800+0000] {processor.py:925} INFO - DAG(s) 'dataset_alias_example_alias_consumer', 'dataset_alias_example_alias_producer', 'dataset_s3_bucket_consumer', 'dataset_s3_bucket_producer' retrieved from /home/ubuntu/redfin_venv/lib/python3.12/site-packages/airflow/example_dags/example_dataset_alias.py
[2025-02-20T00:55:10.819+0000] {logging_mixin.py:190} INFO - [2025-02-20T00:55:10.819+0000] {dag.py:3239} INFO - Sync 4 DAGs
[2025-02-20T00:55:10.839+0000] {logging_mixin.py:190} INFO - [2025-02-20T00:55:10.838+0000] {dag.py:4180} INFO - Setting next_dagrun for dataset_alias_example_alias_consumer to None, run_after=None
[2025-02-20T00:55:10.841+0000] {logging_mixin.py:190} INFO - [2025-02-20T00:55:10.841+0000] {dag.py:4180} INFO - Setting next_dagrun for dataset_alias_example_alias_producer to None, run_after=None
[2025-02-20T00:55:10.842+0000] {logging_mixin.py:190} INFO - [2025-02-20T00:55:10.841+0000] {dag.py:4180} INFO - Setting next_dagrun for dataset_s3_bucket_consumer to None, run_after=None
[2025-02-20T00:55:10.842+0000] {logging_mixin.py:190} INFO - [2025-02-20T00:55:10.842+0000] {dag.py:4180} INFO - Setting next_dagrun for dataset_s3_bucket_producer to None, run_after=None
[2025-02-20T00:55:10.866+0000] {processor.py:208} INFO - Processing /home/ubuntu/redfin_venv/lib/python3.12/site-packages/airflow/example_dags/example_dataset_alias.py took 0.104 seconds
[2025-02-20T00:56:06.957+0000] {processor.py:186} INFO - Started process (PID=4272) to work on /home/ubuntu/redfin_venv/lib/python3.12/site-packages/airflow/example_dags/example_dataset_alias.py
[2025-02-20T00:56:06.958+0000] {processor.py:914} INFO - Processing file /home/ubuntu/redfin_venv/lib/python3.12/site-packages/airflow/example_dags/example_dataset_alias.py for tasks to queue
[2025-02-20T00:56:06.962+0000] {logging_mixin.py:190} INFO - [2025-02-20T00:56:06.961+0000] {dagbag.py:588} INFO - Filling up the DagBag from /home/ubuntu/redfin_venv/lib/python3.12/site-packages/airflow/example_dags/example_dataset_alias.py
[2025-02-20T00:56:06.995+0000] {processor.py:925} INFO - DAG(s) 'dataset_s3_bucket_producer', 'dataset_s3_bucket_consumer', 'dataset_alias_example_alias_producer', 'dataset_alias_example_alias_consumer' retrieved from /home/ubuntu/redfin_venv/lib/python3.12/site-packages/airflow/example_dags/example_dataset_alias.py
[2025-02-20T00:56:07.029+0000] {logging_mixin.py:190} INFO - [2025-02-20T00:56:07.029+0000] {dag.py:3239} INFO - Sync 4 DAGs
[2025-02-20T00:56:07.072+0000] {logging_mixin.py:190} INFO - [2025-02-20T00:56:07.071+0000] {dag.py:4180} INFO - Setting next_dagrun for dataset_alias_example_alias_consumer to None, run_after=None
[2025-02-20T00:56:07.077+0000] {logging_mixin.py:190} INFO - [2025-02-20T00:56:07.076+0000] {dag.py:4180} INFO - Setting next_dagrun for dataset_alias_example_alias_producer to None, run_after=None
[2025-02-20T00:56:07.079+0000] {logging_mixin.py:190} INFO - [2025-02-20T00:56:07.079+0000] {dag.py:4180} INFO - Setting next_dagrun for dataset_s3_bucket_consumer to None, run_after=None
[2025-02-20T00:56:07.080+0000] {logging_mixin.py:190} INFO - [2025-02-20T00:56:07.080+0000] {dag.py:4180} INFO - Setting next_dagrun for dataset_s3_bucket_producer to None, run_after=None
[2025-02-20T00:56:07.113+0000] {processor.py:208} INFO - Processing /home/ubuntu/redfin_venv/lib/python3.12/site-packages/airflow/example_dags/example_dataset_alias.py took 0.163 seconds
[2025-02-20T00:57:24.821+0000] {processor.py:186} INFO - Started process (PID=4503) to work on /home/ubuntu/redfin_venv/lib/python3.12/site-packages/airflow/example_dags/example_dataset_alias.py
[2025-02-20T00:57:24.822+0000] {processor.py:914} INFO - Processing file /home/ubuntu/redfin_venv/lib/python3.12/site-packages/airflow/example_dags/example_dataset_alias.py for tasks to queue
[2025-02-20T00:57:24.824+0000] {logging_mixin.py:190} INFO - [2025-02-20T00:57:24.824+0000] {dagbag.py:588} INFO - Filling up the DagBag from /home/ubuntu/redfin_venv/lib/python3.12/site-packages/airflow/example_dags/example_dataset_alias.py
[2025-02-20T00:57:24.859+0000] {processor.py:925} INFO - DAG(s) 'dataset_alias_example_alias_consumer', 'dataset_s3_bucket_producer', 'dataset_alias_example_alias_producer', 'dataset_s3_bucket_consumer' retrieved from /home/ubuntu/redfin_venv/lib/python3.12/site-packages/airflow/example_dags/example_dataset_alias.py
[2025-02-20T00:57:24.889+0000] {logging_mixin.py:190} INFO - [2025-02-20T00:57:24.888+0000] {dag.py:3239} INFO - Sync 4 DAGs
[2025-02-20T00:57:24.915+0000] {logging_mixin.py:190} INFO - [2025-02-20T00:57:24.914+0000] {dag.py:4180} INFO - Setting next_dagrun for dataset_alias_example_alias_consumer to None, run_after=None
[2025-02-20T00:57:24.917+0000] {logging_mixin.py:190} INFO - [2025-02-20T00:57:24.916+0000] {dag.py:4180} INFO - Setting next_dagrun for dataset_alias_example_alias_producer to None, run_after=None
[2025-02-20T00:57:24.918+0000] {logging_mixin.py:190} INFO - [2025-02-20T00:57:24.918+0000] {dag.py:4180} INFO - Setting next_dagrun for dataset_s3_bucket_consumer to None, run_after=None
[2025-02-20T00:57:24.918+0000] {logging_mixin.py:190} INFO - [2025-02-20T00:57:24.918+0000] {dag.py:4180} INFO - Setting next_dagrun for dataset_s3_bucket_producer to None, run_after=None
[2025-02-20T00:57:24.943+0000] {processor.py:208} INFO - Processing /home/ubuntu/redfin_venv/lib/python3.12/site-packages/airflow/example_dags/example_dataset_alias.py took 0.133 seconds
[2025-02-20T00:58:19.653+0000] {processor.py:186} INFO - Started process (PID=4618) to work on /home/ubuntu/redfin_venv/lib/python3.12/site-packages/airflow/example_dags/example_dataset_alias.py
[2025-02-20T00:58:19.655+0000] {processor.py:914} INFO - Processing file /home/ubuntu/redfin_venv/lib/python3.12/site-packages/airflow/example_dags/example_dataset_alias.py for tasks to queue
[2025-02-20T00:58:19.657+0000] {logging_mixin.py:190} INFO - [2025-02-20T00:58:19.656+0000] {dagbag.py:588} INFO - Filling up the DagBag from /home/ubuntu/redfin_venv/lib/python3.12/site-packages/airflow/example_dags/example_dataset_alias.py
[2025-02-20T00:58:19.688+0000] {processor.py:925} INFO - DAG(s) 'dataset_s3_bucket_consumer', 'dataset_alias_example_alias_producer', 'dataset_alias_example_alias_consumer', 'dataset_s3_bucket_producer' retrieved from /home/ubuntu/redfin_venv/lib/python3.12/site-packages/airflow/example_dags/example_dataset_alias.py
[2025-02-20T00:58:19.707+0000] {logging_mixin.py:190} INFO - [2025-02-20T00:58:19.707+0000] {dag.py:3239} INFO - Sync 4 DAGs
[2025-02-20T00:58:19.727+0000] {logging_mixin.py:190} INFO - [2025-02-20T00:58:19.727+0000] {dag.py:4180} INFO - Setting next_dagrun for dataset_alias_example_alias_consumer to None, run_after=None
[2025-02-20T00:58:19.729+0000] {logging_mixin.py:190} INFO - [2025-02-20T00:58:19.729+0000] {dag.py:4180} INFO - Setting next_dagrun for dataset_alias_example_alias_producer to None, run_after=None
[2025-02-20T00:58:19.730+0000] {logging_mixin.py:190} INFO - [2025-02-20T00:58:19.730+0000] {dag.py:4180} INFO - Setting next_dagrun for dataset_s3_bucket_consumer to None, run_after=None
[2025-02-20T00:58:19.731+0000] {logging_mixin.py:190} INFO - [2025-02-20T00:58:19.731+0000] {dag.py:4180} INFO - Setting next_dagrun for dataset_s3_bucket_producer to None, run_after=None
[2025-02-20T00:58:19.756+0000] {processor.py:208} INFO - Processing /home/ubuntu/redfin_venv/lib/python3.12/site-packages/airflow/example_dags/example_dataset_alias.py took 0.108 seconds
[2025-02-20T00:59:14.362+0000] {processor.py:186} INFO - Started process (PID=4708) to work on /home/ubuntu/redfin_venv/lib/python3.12/site-packages/airflow/example_dags/example_dataset_alias.py
[2025-02-20T00:59:14.363+0000] {processor.py:914} INFO - Processing file /home/ubuntu/redfin_venv/lib/python3.12/site-packages/airflow/example_dags/example_dataset_alias.py for tasks to queue
[2025-02-20T00:59:14.365+0000] {logging_mixin.py:190} INFO - [2025-02-20T00:59:14.365+0000] {dagbag.py:588} INFO - Filling up the DagBag from /home/ubuntu/redfin_venv/lib/python3.12/site-packages/airflow/example_dags/example_dataset_alias.py
[2025-02-20T00:59:14.392+0000] {processor.py:925} INFO - DAG(s) 'dataset_s3_bucket_producer', 'dataset_alias_example_alias_consumer', 'dataset_s3_bucket_consumer', 'dataset_alias_example_alias_producer' retrieved from /home/ubuntu/redfin_venv/lib/python3.12/site-packages/airflow/example_dags/example_dataset_alias.py
[2025-02-20T00:59:14.415+0000] {logging_mixin.py:190} INFO - [2025-02-20T00:59:14.415+0000] {dag.py:3239} INFO - Sync 4 DAGs
[2025-02-20T00:59:14.443+0000] {logging_mixin.py:190} INFO - [2025-02-20T00:59:14.442+0000] {dag.py:4180} INFO - Setting next_dagrun for dataset_alias_example_alias_consumer to None, run_after=None
[2025-02-20T00:59:14.445+0000] {logging_mixin.py:190} INFO - [2025-02-20T00:59:14.445+0000] {dag.py:4180} INFO - Setting next_dagrun for dataset_alias_example_alias_producer to None, run_after=None
[2025-02-20T00:59:14.446+0000] {logging_mixin.py:190} INFO - [2025-02-20T00:59:14.446+0000] {dag.py:4180} INFO - Setting next_dagrun for dataset_s3_bucket_consumer to None, run_after=None
[2025-02-20T00:59:14.447+0000] {logging_mixin.py:190} INFO - [2025-02-20T00:59:14.447+0000] {dag.py:4180} INFO - Setting next_dagrun for dataset_s3_bucket_producer to None, run_after=None
[2025-02-20T00:59:14.473+0000] {processor.py:208} INFO - Processing /home/ubuntu/redfin_venv/lib/python3.12/site-packages/airflow/example_dags/example_dataset_alias.py took 0.119 seconds
[2025-02-20T01:00:31.503+0000] {processor.py:186} INFO - Started process (PID=5318) to work on /home/ubuntu/redfin_venv/lib/python3.12/site-packages/airflow/example_dags/example_dataset_alias.py
[2025-02-20T01:00:31.504+0000] {processor.py:914} INFO - Processing file /home/ubuntu/redfin_venv/lib/python3.12/site-packages/airflow/example_dags/example_dataset_alias.py for tasks to queue
[2025-02-20T01:00:31.506+0000] {logging_mixin.py:190} INFO - [2025-02-20T01:00:31.506+0000] {dagbag.py:588} INFO - Filling up the DagBag from /home/ubuntu/redfin_venv/lib/python3.12/site-packages/airflow/example_dags/example_dataset_alias.py
[2025-02-20T01:00:31.532+0000] {processor.py:925} INFO - DAG(s) 'dataset_alias_example_alias_producer', 'dataset_s3_bucket_consumer', 'dataset_alias_example_alias_consumer', 'dataset_s3_bucket_producer' retrieved from /home/ubuntu/redfin_venv/lib/python3.12/site-packages/airflow/example_dags/example_dataset_alias.py
[2025-02-20T01:00:31.551+0000] {logging_mixin.py:190} INFO - [2025-02-20T01:00:31.551+0000] {dag.py:3239} INFO - Sync 4 DAGs
[2025-02-20T01:00:31.573+0000] {logging_mixin.py:190} INFO - [2025-02-20T01:00:31.572+0000] {dag.py:4180} INFO - Setting next_dagrun for dataset_alias_example_alias_consumer to None, run_after=None
[2025-02-20T01:00:31.575+0000] {logging_mixin.py:190} INFO - [2025-02-20T01:00:31.574+0000] {dag.py:4180} INFO - Setting next_dagrun for dataset_alias_example_alias_producer to None, run_after=None
[2025-02-20T01:00:31.576+0000] {logging_mixin.py:190} INFO - [2025-02-20T01:00:31.576+0000] {dag.py:4180} INFO - Setting next_dagrun for dataset_s3_bucket_consumer to None, run_after=None
[2025-02-20T01:00:31.576+0000] {logging_mixin.py:190} INFO - [2025-02-20T01:00:31.576+0000] {dag.py:4180} INFO - Setting next_dagrun for dataset_s3_bucket_producer to None, run_after=None
[2025-02-20T01:00:31.599+0000] {processor.py:208} INFO - Processing /home/ubuntu/redfin_venv/lib/python3.12/site-packages/airflow/example_dags/example_dataset_alias.py took 0.102 seconds
[2025-02-20T01:01:27.904+0000] {processor.py:186} INFO - Started process (PID=5591) to work on /home/ubuntu/redfin_venv/lib/python3.12/site-packages/airflow/example_dags/example_dataset_alias.py
[2025-02-20T01:01:27.906+0000] {processor.py:914} INFO - Processing file /home/ubuntu/redfin_venv/lib/python3.12/site-packages/airflow/example_dags/example_dataset_alias.py for tasks to queue
[2025-02-20T01:01:27.909+0000] {logging_mixin.py:190} INFO - [2025-02-20T01:01:27.909+0000] {dagbag.py:588} INFO - Filling up the DagBag from /home/ubuntu/redfin_venv/lib/python3.12/site-packages/airflow/example_dags/example_dataset_alias.py
[2025-02-20T01:01:27.943+0000] {processor.py:925} INFO - DAG(s) 'dataset_alias_example_alias_producer', 'dataset_alias_example_alias_consumer', 'dataset_s3_bucket_producer', 'dataset_s3_bucket_consumer' retrieved from /home/ubuntu/redfin_venv/lib/python3.12/site-packages/airflow/example_dags/example_dataset_alias.py
[2025-02-20T01:01:27.973+0000] {logging_mixin.py:190} INFO - [2025-02-20T01:01:27.973+0000] {dag.py:3239} INFO - Sync 4 DAGs
[2025-02-20T01:01:27.991+0000] {logging_mixin.py:190} INFO - [2025-02-20T01:01:27.991+0000] {dag.py:4180} INFO - Setting next_dagrun for dataset_alias_example_alias_consumer to None, run_after=None
[2025-02-20T01:01:27.993+0000] {logging_mixin.py:190} INFO - [2025-02-20T01:01:27.993+0000] {dag.py:4180} INFO - Setting next_dagrun for dataset_alias_example_alias_producer to None, run_after=None
[2025-02-20T01:01:27.995+0000] {logging_mixin.py:190} INFO - [2025-02-20T01:01:27.995+0000] {dag.py:4180} INFO - Setting next_dagrun for dataset_s3_bucket_consumer to None, run_after=None
[2025-02-20T01:01:27.996+0000] {logging_mixin.py:190} INFO - [2025-02-20T01:01:27.996+0000] {dag.py:4180} INFO - Setting next_dagrun for dataset_s3_bucket_producer to None, run_after=None
[2025-02-20T01:01:28.026+0000] {processor.py:208} INFO - Processing /home/ubuntu/redfin_venv/lib/python3.12/site-packages/airflow/example_dags/example_dataset_alias.py took 0.131 seconds
