[2025-02-20T00:52:52.212+0000] {processor.py:186} INFO - Started process (PID=3652) to work on /home/ubuntu/redfin_venv/lib/python3.12/site-packages/airflow/example_dags/example_setup_teardown_taskflow.py
[2025-02-20T00:52:52.213+0000] {processor.py:914} INFO - Processing file /home/ubuntu/redfin_venv/lib/python3.12/site-packages/airflow/example_dags/example_setup_teardown_taskflow.py for tasks to queue
[2025-02-20T00:52:52.215+0000] {logging_mixin.py:190} INFO - [2025-02-20T00:52:52.215+0000] {dagbag.py:588} INFO - Filling up the DagBag from /home/ubuntu/redfin_venv/lib/python3.12/site-packages/airflow/example_dags/example_setup_teardown_taskflow.py
[2025-02-20T00:52:52.227+0000] {processor.py:925} INFO - DAG(s) 'example_setup_teardown_taskflow' retrieved from /home/ubuntu/redfin_venv/lib/python3.12/site-packages/airflow/example_dags/example_setup_teardown_taskflow.py
[2025-02-20T00:52:52.334+0000] {logging_mixin.py:190} INFO - [2025-02-20T00:52:52.333+0000] {override.py:1930} INFO - Created Permission View: can edit on DAG:example_setup_teardown_taskflow
[2025-02-20T00:52:52.349+0000] {logging_mixin.py:190} INFO - [2025-02-20T00:52:52.348+0000] {override.py:1930} INFO - Created Permission View: can delete on DAG:example_setup_teardown_taskflow
[2025-02-20T00:52:52.359+0000] {logging_mixin.py:190} INFO - [2025-02-20T00:52:52.359+0000] {override.py:1930} INFO - Created Permission View: can read on DAG:example_setup_teardown_taskflow
[2025-02-20T00:52:52.375+0000] {logging_mixin.py:190} INFO - [2025-02-20T00:52:52.375+0000] {override.py:1930} INFO - Created Permission View: menu access on DAG Run:example_setup_teardown_taskflow
[2025-02-20T00:52:52.384+0000] {logging_mixin.py:190} INFO - [2025-02-20T00:52:52.384+0000] {override.py:1930} INFO - Created Permission View: can create on DAG Run:example_setup_teardown_taskflow
[2025-02-20T00:52:52.395+0000] {logging_mixin.py:190} INFO - [2025-02-20T00:52:52.395+0000] {override.py:1930} INFO - Created Permission View: can delete on DAG Run:example_setup_teardown_taskflow
[2025-02-20T00:52:52.416+0000] {logging_mixin.py:190} INFO - [2025-02-20T00:52:52.415+0000] {override.py:1930} INFO - Created Permission View: can read on DAG Run:example_setup_teardown_taskflow
[2025-02-20T00:52:52.416+0000] {logging_mixin.py:190} INFO - [2025-02-20T00:52:52.416+0000] {dag.py:3239} INFO - Sync 1 DAGs
[2025-02-20T00:52:52.430+0000] {logging_mixin.py:190} INFO - [2025-02-20T00:52:52.430+0000] {dag.py:3262} INFO - Creating ORM DAG for example_setup_teardown_taskflow
[2025-02-20T00:52:52.431+0000] {logging_mixin.py:190} INFO - [2025-02-20T00:52:52.430+0000] {dag.py:4180} INFO - Setting next_dagrun for example_setup_teardown_taskflow to None, run_after=None
[2025-02-20T00:52:52.452+0000] {processor.py:208} INFO - Processing /home/ubuntu/redfin_venv/lib/python3.12/site-packages/airflow/example_dags/example_setup_teardown_taskflow.py took 0.245 seconds
[2025-02-20T00:53:55.140+0000] {processor.py:186} INFO - Started process (PID=3890) to work on /home/ubuntu/redfin_venv/lib/python3.12/site-packages/airflow/example_dags/example_setup_teardown_taskflow.py
[2025-02-20T00:53:55.189+0000] {processor.py:914} INFO - Processing file /home/ubuntu/redfin_venv/lib/python3.12/site-packages/airflow/example_dags/example_setup_teardown_taskflow.py for tasks to queue
[2025-02-20T00:53:55.192+0000] {logging_mixin.py:190} INFO - [2025-02-20T00:53:55.191+0000] {dagbag.py:588} INFO - Filling up the DagBag from /home/ubuntu/redfin_venv/lib/python3.12/site-packages/airflow/example_dags/example_setup_teardown_taskflow.py
[2025-02-20T00:53:55.204+0000] {processor.py:925} INFO - DAG(s) 'example_setup_teardown_taskflow' retrieved from /home/ubuntu/redfin_venv/lib/python3.12/site-packages/airflow/example_dags/example_setup_teardown_taskflow.py
[2025-02-20T00:53:55.224+0000] {logging_mixin.py:190} INFO - [2025-02-20T00:53:55.224+0000] {dag.py:3239} INFO - Sync 1 DAGs
[2025-02-20T00:53:55.239+0000] {logging_mixin.py:190} INFO - [2025-02-20T00:53:55.239+0000] {dag.py:4180} INFO - Setting next_dagrun for example_setup_teardown_taskflow to None, run_after=None
[2025-02-20T00:53:55.268+0000] {processor.py:208} INFO - Processing /home/ubuntu/redfin_venv/lib/python3.12/site-packages/airflow/example_dags/example_setup_teardown_taskflow.py took 0.138 seconds
[2025-02-20T00:54:50.764+0000] {processor.py:186} INFO - Started process (PID=4132) to work on /home/ubuntu/redfin_venv/lib/python3.12/site-packages/airflow/example_dags/example_setup_teardown_taskflow.py
[2025-02-20T00:54:50.765+0000] {processor.py:914} INFO - Processing file /home/ubuntu/redfin_venv/lib/python3.12/site-packages/airflow/example_dags/example_setup_teardown_taskflow.py for tasks to queue
[2025-02-20T00:54:50.767+0000] {logging_mixin.py:190} INFO - [2025-02-20T00:54:50.767+0000] {dagbag.py:588} INFO - Filling up the DagBag from /home/ubuntu/redfin_venv/lib/python3.12/site-packages/airflow/example_dags/example_setup_teardown_taskflow.py
[2025-02-20T00:54:50.780+0000] {processor.py:925} INFO - DAG(s) 'example_setup_teardown_taskflow' retrieved from /home/ubuntu/redfin_venv/lib/python3.12/site-packages/airflow/example_dags/example_setup_teardown_taskflow.py
[2025-02-20T00:54:50.799+0000] {logging_mixin.py:190} INFO - [2025-02-20T00:54:50.799+0000] {dag.py:3239} INFO - Sync 1 DAGs
[2025-02-20T00:54:50.812+0000] {logging_mixin.py:190} INFO - [2025-02-20T00:54:50.811+0000] {dag.py:4180} INFO - Setting next_dagrun for example_setup_teardown_taskflow to None, run_after=None
[2025-02-20T00:54:50.834+0000] {processor.py:208} INFO - Processing /home/ubuntu/redfin_venv/lib/python3.12/site-packages/airflow/example_dags/example_setup_teardown_taskflow.py took 0.077 seconds
[2025-02-20T00:55:50.566+0000] {processor.py:186} INFO - Started process (PID=4256) to work on /home/ubuntu/redfin_venv/lib/python3.12/site-packages/airflow/example_dags/example_setup_teardown_taskflow.py
[2025-02-20T00:55:50.567+0000] {processor.py:914} INFO - Processing file /home/ubuntu/redfin_venv/lib/python3.12/site-packages/airflow/example_dags/example_setup_teardown_taskflow.py for tasks to queue
[2025-02-20T00:55:50.569+0000] {logging_mixin.py:190} INFO - [2025-02-20T00:55:50.569+0000] {dagbag.py:588} INFO - Filling up the DagBag from /home/ubuntu/redfin_venv/lib/python3.12/site-packages/airflow/example_dags/example_setup_teardown_taskflow.py
[2025-02-20T00:55:50.581+0000] {processor.py:925} INFO - DAG(s) 'example_setup_teardown_taskflow' retrieved from /home/ubuntu/redfin_venv/lib/python3.12/site-packages/airflow/example_dags/example_setup_teardown_taskflow.py
[2025-02-20T00:55:50.600+0000] {logging_mixin.py:190} INFO - [2025-02-20T00:55:50.599+0000] {dag.py:3239} INFO - Sync 1 DAGs
[2025-02-20T00:55:50.618+0000] {logging_mixin.py:190} INFO - [2025-02-20T00:55:50.618+0000] {dag.py:4180} INFO - Setting next_dagrun for example_setup_teardown_taskflow to None, run_after=None
[2025-02-20T00:55:50.644+0000] {processor.py:208} INFO - Processing /home/ubuntu/redfin_venv/lib/python3.12/site-packages/airflow/example_dags/example_setup_teardown_taskflow.py took 0.084 seconds
[2025-02-20T00:56:44.187+0000] {processor.py:186} INFO - Started process (PID=4377) to work on /home/ubuntu/redfin_venv/lib/python3.12/site-packages/airflow/example_dags/example_setup_teardown_taskflow.py
[2025-02-20T00:56:44.188+0000] {processor.py:914} INFO - Processing file /home/ubuntu/redfin_venv/lib/python3.12/site-packages/airflow/example_dags/example_setup_teardown_taskflow.py for tasks to queue
[2025-02-20T00:56:44.190+0000] {logging_mixin.py:190} INFO - [2025-02-20T00:56:44.190+0000] {dagbag.py:588} INFO - Filling up the DagBag from /home/ubuntu/redfin_venv/lib/python3.12/site-packages/airflow/example_dags/example_setup_teardown_taskflow.py
[2025-02-20T00:56:44.202+0000] {processor.py:925} INFO - DAG(s) 'example_setup_teardown_taskflow' retrieved from /home/ubuntu/redfin_venv/lib/python3.12/site-packages/airflow/example_dags/example_setup_teardown_taskflow.py
[2025-02-20T00:56:44.221+0000] {logging_mixin.py:190} INFO - [2025-02-20T00:56:44.221+0000] {dag.py:3239} INFO - Sync 1 DAGs
[2025-02-20T00:56:44.234+0000] {logging_mixin.py:190} INFO - [2025-02-20T00:56:44.234+0000] {dag.py:4180} INFO - Setting next_dagrun for example_setup_teardown_taskflow to None, run_after=None
[2025-02-20T00:56:44.258+0000] {processor.py:208} INFO - Processing /home/ubuntu/redfin_venv/lib/python3.12/site-packages/airflow/example_dags/example_setup_teardown_taskflow.py took 0.077 seconds
[2025-02-20T00:57:37.670+0000] {processor.py:186} INFO - Started process (PID=4550) to work on /home/ubuntu/redfin_venv/lib/python3.12/site-packages/airflow/example_dags/example_setup_teardown_taskflow.py
[2025-02-20T00:57:37.671+0000] {processor.py:914} INFO - Processing file /home/ubuntu/redfin_venv/lib/python3.12/site-packages/airflow/example_dags/example_setup_teardown_taskflow.py for tasks to queue
[2025-02-20T00:57:37.675+0000] {logging_mixin.py:190} INFO - [2025-02-20T00:57:37.675+0000] {dagbag.py:588} INFO - Filling up the DagBag from /home/ubuntu/redfin_venv/lib/python3.12/site-packages/airflow/example_dags/example_setup_teardown_taskflow.py
[2025-02-20T00:57:37.688+0000] {processor.py:925} INFO - DAG(s) 'example_setup_teardown_taskflow' retrieved from /home/ubuntu/redfin_venv/lib/python3.12/site-packages/airflow/example_dags/example_setup_teardown_taskflow.py
[2025-02-20T00:57:37.707+0000] {logging_mixin.py:190} INFO - [2025-02-20T00:57:37.707+0000] {dag.py:3239} INFO - Sync 1 DAGs
[2025-02-20T00:57:37.722+0000] {logging_mixin.py:190} INFO - [2025-02-20T00:57:37.722+0000] {dag.py:4180} INFO - Setting next_dagrun for example_setup_teardown_taskflow to None, run_after=None
[2025-02-20T00:57:37.745+0000] {processor.py:208} INFO - Processing /home/ubuntu/redfin_venv/lib/python3.12/site-packages/airflow/example_dags/example_setup_teardown_taskflow.py took 0.081 seconds
[2025-02-20T00:58:32.008+0000] {processor.py:186} INFO - Started process (PID=4665) to work on /home/ubuntu/redfin_venv/lib/python3.12/site-packages/airflow/example_dags/example_setup_teardown_taskflow.py
[2025-02-20T00:58:32.009+0000] {processor.py:914} INFO - Processing file /home/ubuntu/redfin_venv/lib/python3.12/site-packages/airflow/example_dags/example_setup_teardown_taskflow.py for tasks to queue
[2025-02-20T00:58:32.011+0000] {logging_mixin.py:190} INFO - [2025-02-20T00:58:32.011+0000] {dagbag.py:588} INFO - Filling up the DagBag from /home/ubuntu/redfin_venv/lib/python3.12/site-packages/airflow/example_dags/example_setup_teardown_taskflow.py
[2025-02-20T00:58:32.022+0000] {processor.py:925} INFO - DAG(s) 'example_setup_teardown_taskflow' retrieved from /home/ubuntu/redfin_venv/lib/python3.12/site-packages/airflow/example_dags/example_setup_teardown_taskflow.py
[2025-02-20T00:58:32.040+0000] {logging_mixin.py:190} INFO - [2025-02-20T00:58:32.040+0000] {dag.py:3239} INFO - Sync 1 DAGs
[2025-02-20T00:58:32.052+0000] {logging_mixin.py:190} INFO - [2025-02-20T00:58:32.052+0000] {dag.py:4180} INFO - Setting next_dagrun for example_setup_teardown_taskflow to None, run_after=None
[2025-02-20T00:58:32.073+0000] {processor.py:208} INFO - Processing /home/ubuntu/redfin_venv/lib/python3.12/site-packages/airflow/example_dags/example_setup_teardown_taskflow.py took 0.071 seconds
[2025-02-20T00:59:25.128+0000] {processor.py:186} INFO - Started process (PID=4780) to work on /home/ubuntu/redfin_venv/lib/python3.12/site-packages/airflow/example_dags/example_setup_teardown_taskflow.py
[2025-02-20T00:59:25.129+0000] {processor.py:914} INFO - Processing file /home/ubuntu/redfin_venv/lib/python3.12/site-packages/airflow/example_dags/example_setup_teardown_taskflow.py for tasks to queue
[2025-02-20T00:59:25.131+0000] {logging_mixin.py:190} INFO - [2025-02-20T00:59:25.131+0000] {dagbag.py:588} INFO - Filling up the DagBag from /home/ubuntu/redfin_venv/lib/python3.12/site-packages/airflow/example_dags/example_setup_teardown_taskflow.py
[2025-02-20T00:59:25.143+0000] {processor.py:925} INFO - DAG(s) 'example_setup_teardown_taskflow' retrieved from /home/ubuntu/redfin_venv/lib/python3.12/site-packages/airflow/example_dags/example_setup_teardown_taskflow.py
[2025-02-20T00:59:25.161+0000] {logging_mixin.py:190} INFO - [2025-02-20T00:59:25.161+0000] {dag.py:3239} INFO - Sync 1 DAGs
[2025-02-20T00:59:25.174+0000] {logging_mixin.py:190} INFO - [2025-02-20T00:59:25.173+0000] {dag.py:4180} INFO - Setting next_dagrun for example_setup_teardown_taskflow to None, run_after=None
[2025-02-20T00:59:25.197+0000] {processor.py:208} INFO - Processing /home/ubuntu/redfin_venv/lib/python3.12/site-packages/airflow/example_dags/example_setup_teardown_taskflow.py took 0.075 seconds
[2025-02-20T01:00:16.622+0000] {processor.py:186} INFO - Started process (PID=5243) to work on /home/ubuntu/redfin_venv/lib/python3.12/site-packages/airflow/example_dags/example_setup_teardown_taskflow.py
[2025-02-20T01:00:16.625+0000] {processor.py:914} INFO - Processing file /home/ubuntu/redfin_venv/lib/python3.12/site-packages/airflow/example_dags/example_setup_teardown_taskflow.py for tasks to queue
[2025-02-20T01:00:16.629+0000] {logging_mixin.py:190} INFO - [2025-02-20T01:00:16.628+0000] {dagbag.py:588} INFO - Filling up the DagBag from /home/ubuntu/redfin_venv/lib/python3.12/site-packages/airflow/example_dags/example_setup_teardown_taskflow.py
[2025-02-20T01:00:16.646+0000] {processor.py:925} INFO - DAG(s) 'example_setup_teardown_taskflow' retrieved from /home/ubuntu/redfin_venv/lib/python3.12/site-packages/airflow/example_dags/example_setup_teardown_taskflow.py
[2025-02-20T01:00:16.670+0000] {logging_mixin.py:190} INFO - [2025-02-20T01:00:16.670+0000] {dag.py:3239} INFO - Sync 1 DAGs
[2025-02-20T01:00:16.692+0000] {logging_mixin.py:190} INFO - [2025-02-20T01:00:16.692+0000] {dag.py:4180} INFO - Setting next_dagrun for example_setup_teardown_taskflow to None, run_after=None
[2025-02-20T01:00:16.720+0000] {processor.py:208} INFO - Processing /home/ubuntu/redfin_venv/lib/python3.12/site-packages/airflow/example_dags/example_setup_teardown_taskflow.py took 0.106 seconds
[2025-02-20T01:01:12.841+0000] {processor.py:186} INFO - Started process (PID=5467) to work on /home/ubuntu/redfin_venv/lib/python3.12/site-packages/airflow/example_dags/example_setup_teardown_taskflow.py
[2025-02-20T01:01:12.843+0000] {processor.py:914} INFO - Processing file /home/ubuntu/redfin_venv/lib/python3.12/site-packages/airflow/example_dags/example_setup_teardown_taskflow.py for tasks to queue
[2025-02-20T01:01:12.845+0000] {logging_mixin.py:190} INFO - [2025-02-20T01:01:12.844+0000] {dagbag.py:588} INFO - Filling up the DagBag from /home/ubuntu/redfin_venv/lib/python3.12/site-packages/airflow/example_dags/example_setup_teardown_taskflow.py
[2025-02-20T01:01:12.857+0000] {processor.py:925} INFO - DAG(s) 'example_setup_teardown_taskflow' retrieved from /home/ubuntu/redfin_venv/lib/python3.12/site-packages/airflow/example_dags/example_setup_teardown_taskflow.py
[2025-02-20T01:01:12.883+0000] {logging_mixin.py:190} INFO - [2025-02-20T01:01:12.883+0000] {dag.py:3239} INFO - Sync 1 DAGs
[2025-02-20T01:01:12.896+0000] {logging_mixin.py:190} INFO - [2025-02-20T01:01:12.896+0000] {dag.py:4180} INFO - Setting next_dagrun for example_setup_teardown_taskflow to None, run_after=None
[2025-02-20T01:01:12.920+0000] {processor.py:208} INFO - Processing /home/ubuntu/redfin_venv/lib/python3.12/site-packages/airflow/example_dags/example_setup_teardown_taskflow.py took 0.088 seconds
