[2025-02-20T00:53:07.255+0000] {processor.py:186} INFO - Started process (PID=3665) to work on /home/ubuntu/redfin_venv/lib/python3.12/site-packages/airflow/example_dags/example_external_task_marker_dag.py
[2025-02-20T00:53:07.256+0000] {processor.py:914} INFO - Processing file /home/ubuntu/redfin_venv/lib/python3.12/site-packages/airflow/example_dags/example_external_task_marker_dag.py for tasks to queue
[2025-02-20T00:53:07.258+0000] {logging_mixin.py:190} INFO - [2025-02-20T00:53:07.258+0000] {dagbag.py:588} INFO - Filling up the DagBag from /home/ubuntu/redfin_venv/lib/python3.12/site-packages/airflow/example_dags/example_external_task_marker_dag.py
[2025-02-20T00:53:07.280+0000] {processor.py:925} INFO - DAG(s) 'example_external_task_marker_child', 'example_external_task_marker_parent' retrieved from /home/ubuntu/redfin_venv/lib/python3.12/site-packages/airflow/example_dags/example_external_task_marker_dag.py
[2025-02-20T00:53:07.392+0000] {logging_mixin.py:190} INFO - [2025-02-20T00:53:07.391+0000] {override.py:1930} INFO - Created Permission View: can edit on DAG:example_external_task_marker_child
[2025-02-20T00:53:07.406+0000] {logging_mixin.py:190} INFO - [2025-02-20T00:53:07.406+0000] {override.py:1930} INFO - Created Permission View: can delete on DAG:example_external_task_marker_child
[2025-02-20T00:53:07.421+0000] {logging_mixin.py:190} INFO - [2025-02-20T00:53:07.421+0000] {override.py:1930} INFO - Created Permission View: can read on DAG:example_external_task_marker_child
[2025-02-20T00:53:07.438+0000] {logging_mixin.py:190} INFO - [2025-02-20T00:53:07.438+0000] {override.py:1930} INFO - Created Permission View: menu access on DAG Run:example_external_task_marker_child
[2025-02-20T00:53:07.449+0000] {logging_mixin.py:190} INFO - [2025-02-20T00:53:07.449+0000] {override.py:1930} INFO - Created Permission View: can create on DAG Run:example_external_task_marker_child
[2025-02-20T00:53:07.459+0000] {logging_mixin.py:190} INFO - [2025-02-20T00:53:07.459+0000] {override.py:1930} INFO - Created Permission View: can delete on DAG Run:example_external_task_marker_child
[2025-02-20T00:53:07.470+0000] {logging_mixin.py:190} INFO - [2025-02-20T00:53:07.469+0000] {override.py:1930} INFO - Created Permission View: can read on DAG Run:example_external_task_marker_child
[2025-02-20T00:53:07.493+0000] {logging_mixin.py:190} INFO - [2025-02-20T00:53:07.493+0000] {override.py:1930} INFO - Created Permission View: can edit on DAG:example_external_task_marker_parent
[2025-02-20T00:53:07.504+0000] {logging_mixin.py:190} INFO - [2025-02-20T00:53:07.504+0000] {override.py:1930} INFO - Created Permission View: can delete on DAG:example_external_task_marker_parent
[2025-02-20T00:53:07.517+0000] {logging_mixin.py:190} INFO - [2025-02-20T00:53:07.516+0000] {override.py:1930} INFO - Created Permission View: can read on DAG:example_external_task_marker_parent
[2025-02-20T00:53:07.536+0000] {logging_mixin.py:190} INFO - [2025-02-20T00:53:07.535+0000] {override.py:1930} INFO - Created Permission View: menu access on DAG Run:example_external_task_marker_parent
[2025-02-20T00:53:07.549+0000] {logging_mixin.py:190} INFO - [2025-02-20T00:53:07.549+0000] {override.py:1930} INFO - Created Permission View: can create on DAG Run:example_external_task_marker_parent
[2025-02-20T00:53:07.566+0000] {logging_mixin.py:190} INFO - [2025-02-20T00:53:07.565+0000] {override.py:1930} INFO - Created Permission View: can delete on DAG Run:example_external_task_marker_parent
[2025-02-20T00:53:07.581+0000] {logging_mixin.py:190} INFO - [2025-02-20T00:53:07.580+0000] {override.py:1930} INFO - Created Permission View: can read on DAG Run:example_external_task_marker_parent
[2025-02-20T00:53:07.581+0000] {logging_mixin.py:190} INFO - [2025-02-20T00:53:07.581+0000] {dag.py:3239} INFO - Sync 2 DAGs
[2025-02-20T00:53:07.593+0000] {logging_mixin.py:190} INFO - [2025-02-20T00:53:07.592+0000] {dag.py:3262} INFO - Creating ORM DAG for example_external_task_marker_parent
[2025-02-20T00:53:07.593+0000] {logging_mixin.py:190} INFO - [2025-02-20T00:53:07.593+0000] {dag.py:3262} INFO - Creating ORM DAG for example_external_task_marker_child
[2025-02-20T00:53:07.595+0000] {logging_mixin.py:190} INFO - [2025-02-20T00:53:07.594+0000] {dag.py:4180} INFO - Setting next_dagrun for example_external_task_marker_child to None, run_after=None
[2025-02-20T00:53:07.595+0000] {logging_mixin.py:190} INFO - [2025-02-20T00:53:07.595+0000] {dag.py:4180} INFO - Setting next_dagrun for example_external_task_marker_parent to None, run_after=None
[2025-02-20T00:53:07.619+0000] {processor.py:208} INFO - Processing /home/ubuntu/redfin_venv/lib/python3.12/site-packages/airflow/example_dags/example_external_task_marker_dag.py took 0.370 seconds
[2025-02-20T00:54:11.589+0000] {processor.py:186} INFO - Started process (PID=3910) to work on /home/ubuntu/redfin_venv/lib/python3.12/site-packages/airflow/example_dags/example_external_task_marker_dag.py
[2025-02-20T00:54:11.591+0000] {processor.py:914} INFO - Processing file /home/ubuntu/redfin_venv/lib/python3.12/site-packages/airflow/example_dags/example_external_task_marker_dag.py for tasks to queue
[2025-02-20T00:54:11.593+0000] {logging_mixin.py:190} INFO - [2025-02-20T00:54:11.592+0000] {dagbag.py:588} INFO - Filling up the DagBag from /home/ubuntu/redfin_venv/lib/python3.12/site-packages/airflow/example_dags/example_external_task_marker_dag.py
[2025-02-20T00:54:11.602+0000] {processor.py:925} INFO - DAG(s) 'example_external_task_marker_child', 'example_external_task_marker_parent' retrieved from /home/ubuntu/redfin_venv/lib/python3.12/site-packages/airflow/example_dags/example_external_task_marker_dag.py
[2025-02-20T00:54:11.621+0000] {logging_mixin.py:190} INFO - [2025-02-20T00:54:11.621+0000] {dag.py:3239} INFO - Sync 2 DAGs
[2025-02-20T00:54:11.633+0000] {logging_mixin.py:190} INFO - [2025-02-20T00:54:11.633+0000] {dag.py:4180} INFO - Setting next_dagrun for example_external_task_marker_child to None, run_after=None
[2025-02-20T00:54:11.636+0000] {logging_mixin.py:190} INFO - [2025-02-20T00:54:11.636+0000] {dag.py:4180} INFO - Setting next_dagrun for example_external_task_marker_parent to None, run_after=None
[2025-02-20T00:54:11.655+0000] {processor.py:208} INFO - Processing /home/ubuntu/redfin_venv/lib/python3.12/site-packages/airflow/example_dags/example_external_task_marker_dag.py took 0.071 seconds
[2025-02-20T00:55:07.241+0000] {processor.py:186} INFO - Started process (PID=4152) to work on /home/ubuntu/redfin_venv/lib/python3.12/site-packages/airflow/example_dags/example_external_task_marker_dag.py
[2025-02-20T00:55:07.242+0000] {processor.py:914} INFO - Processing file /home/ubuntu/redfin_venv/lib/python3.12/site-packages/airflow/example_dags/example_external_task_marker_dag.py for tasks to queue
[2025-02-20T00:55:07.244+0000] {logging_mixin.py:190} INFO - [2025-02-20T00:55:07.244+0000] {dagbag.py:588} INFO - Filling up the DagBag from /home/ubuntu/redfin_venv/lib/python3.12/site-packages/airflow/example_dags/example_external_task_marker_dag.py
[2025-02-20T00:55:07.254+0000] {processor.py:925} INFO - DAG(s) 'example_external_task_marker_parent', 'example_external_task_marker_child' retrieved from /home/ubuntu/redfin_venv/lib/python3.12/site-packages/airflow/example_dags/example_external_task_marker_dag.py
[2025-02-20T00:55:07.275+0000] {logging_mixin.py:190} INFO - [2025-02-20T00:55:07.275+0000] {dag.py:3239} INFO - Sync 2 DAGs
[2025-02-20T00:55:07.288+0000] {logging_mixin.py:190} INFO - [2025-02-20T00:55:07.288+0000] {dag.py:4180} INFO - Setting next_dagrun for example_external_task_marker_child to None, run_after=None
[2025-02-20T00:55:07.291+0000] {logging_mixin.py:190} INFO - [2025-02-20T00:55:07.291+0000] {dag.py:4180} INFO - Setting next_dagrun for example_external_task_marker_parent to None, run_after=None
[2025-02-20T00:55:07.314+0000] {processor.py:208} INFO - Processing /home/ubuntu/redfin_venv/lib/python3.12/site-packages/airflow/example_dags/example_external_task_marker_dag.py took 0.080 seconds
[2025-02-20T00:56:03.602+0000] {processor.py:186} INFO - Started process (PID=4269) to work on /home/ubuntu/redfin_venv/lib/python3.12/site-packages/airflow/example_dags/example_external_task_marker_dag.py
[2025-02-20T00:56:03.604+0000] {processor.py:914} INFO - Processing file /home/ubuntu/redfin_venv/lib/python3.12/site-packages/airflow/example_dags/example_external_task_marker_dag.py for tasks to queue
[2025-02-20T00:56:03.608+0000] {logging_mixin.py:190} INFO - [2025-02-20T00:56:03.607+0000] {dagbag.py:588} INFO - Filling up the DagBag from /home/ubuntu/redfin_venv/lib/python3.12/site-packages/airflow/example_dags/example_external_task_marker_dag.py
[2025-02-20T00:56:03.625+0000] {processor.py:925} INFO - DAG(s) 'example_external_task_marker_child', 'example_external_task_marker_parent' retrieved from /home/ubuntu/redfin_venv/lib/python3.12/site-packages/airflow/example_dags/example_external_task_marker_dag.py
[2025-02-20T00:56:03.647+0000] {logging_mixin.py:190} INFO - [2025-02-20T00:56:03.646+0000] {dag.py:3239} INFO - Sync 2 DAGs
[2025-02-20T00:56:03.663+0000] {logging_mixin.py:190} INFO - [2025-02-20T00:56:03.662+0000] {dag.py:4180} INFO - Setting next_dagrun for example_external_task_marker_child to None, run_after=None
[2025-02-20T00:56:03.666+0000] {logging_mixin.py:190} INFO - [2025-02-20T00:56:03.666+0000] {dag.py:4180} INFO - Setting next_dagrun for example_external_task_marker_parent to None, run_after=None
[2025-02-20T00:56:03.690+0000] {processor.py:208} INFO - Processing /home/ubuntu/redfin_venv/lib/python3.12/site-packages/airflow/example_dags/example_external_task_marker_dag.py took 0.101 seconds
[2025-02-20T00:56:57.368+0000] {processor.py:186} INFO - Started process (PID=4390) to work on /home/ubuntu/redfin_venv/lib/python3.12/site-packages/airflow/example_dags/example_external_task_marker_dag.py
[2025-02-20T00:56:57.370+0000] {processor.py:914} INFO - Processing file /home/ubuntu/redfin_venv/lib/python3.12/site-packages/airflow/example_dags/example_external_task_marker_dag.py for tasks to queue
[2025-02-20T00:56:57.372+0000] {logging_mixin.py:190} INFO - [2025-02-20T00:56:57.372+0000] {dagbag.py:588} INFO - Filling up the DagBag from /home/ubuntu/redfin_venv/lib/python3.12/site-packages/airflow/example_dags/example_external_task_marker_dag.py
[2025-02-20T00:56:57.384+0000] {processor.py:925} INFO - DAG(s) 'example_external_task_marker_parent', 'example_external_task_marker_child' retrieved from /home/ubuntu/redfin_venv/lib/python3.12/site-packages/airflow/example_dags/example_external_task_marker_dag.py
[2025-02-20T00:56:57.407+0000] {logging_mixin.py:190} INFO - [2025-02-20T00:56:57.407+0000] {dag.py:3239} INFO - Sync 2 DAGs
[2025-02-20T00:56:57.421+0000] {logging_mixin.py:190} INFO - [2025-02-20T00:56:57.421+0000] {dag.py:4180} INFO - Setting next_dagrun for example_external_task_marker_child to None, run_after=None
[2025-02-20T00:56:57.424+0000] {logging_mixin.py:190} INFO - [2025-02-20T00:56:57.424+0000] {dag.py:4180} INFO - Setting next_dagrun for example_external_task_marker_parent to None, run_after=None
[2025-02-20T00:56:57.446+0000] {processor.py:208} INFO - Processing /home/ubuntu/redfin_venv/lib/python3.12/site-packages/airflow/example_dags/example_external_task_marker_dag.py took 0.084 seconds
[2025-02-20T00:57:51.513+0000] {processor.py:186} INFO - Started process (PID=4563) to work on /home/ubuntu/redfin_venv/lib/python3.12/site-packages/airflow/example_dags/example_external_task_marker_dag.py
[2025-02-20T00:57:51.514+0000] {processor.py:914} INFO - Processing file /home/ubuntu/redfin_venv/lib/python3.12/site-packages/airflow/example_dags/example_external_task_marker_dag.py for tasks to queue
[2025-02-20T00:57:51.517+0000] {logging_mixin.py:190} INFO - [2025-02-20T00:57:51.516+0000] {dagbag.py:588} INFO - Filling up the DagBag from /home/ubuntu/redfin_venv/lib/python3.12/site-packages/airflow/example_dags/example_external_task_marker_dag.py
[2025-02-20T00:57:51.526+0000] {processor.py:925} INFO - DAG(s) 'example_external_task_marker_child', 'example_external_task_marker_parent' retrieved from /home/ubuntu/redfin_venv/lib/python3.12/site-packages/airflow/example_dags/example_external_task_marker_dag.py
[2025-02-20T00:57:51.545+0000] {logging_mixin.py:190} INFO - [2025-02-20T00:57:51.545+0000] {dag.py:3239} INFO - Sync 2 DAGs
[2025-02-20T00:57:51.558+0000] {logging_mixin.py:190} INFO - [2025-02-20T00:57:51.557+0000] {dag.py:4180} INFO - Setting next_dagrun for example_external_task_marker_child to None, run_after=None
[2025-02-20T00:57:51.561+0000] {logging_mixin.py:190} INFO - [2025-02-20T00:57:51.560+0000] {dag.py:4180} INFO - Setting next_dagrun for example_external_task_marker_parent to None, run_after=None
[2025-02-20T00:57:51.582+0000] {processor.py:208} INFO - Processing /home/ubuntu/redfin_venv/lib/python3.12/site-packages/airflow/example_dags/example_external_task_marker_dag.py took 0.075 seconds
[2025-02-20T00:58:43.915+0000] {processor.py:186} INFO - Started process (PID=4678) to work on /home/ubuntu/redfin_venv/lib/python3.12/site-packages/airflow/example_dags/example_external_task_marker_dag.py
[2025-02-20T00:58:43.917+0000] {processor.py:914} INFO - Processing file /home/ubuntu/redfin_venv/lib/python3.12/site-packages/airflow/example_dags/example_external_task_marker_dag.py for tasks to queue
[2025-02-20T00:58:43.919+0000] {logging_mixin.py:190} INFO - [2025-02-20T00:58:43.919+0000] {dagbag.py:588} INFO - Filling up the DagBag from /home/ubuntu/redfin_venv/lib/python3.12/site-packages/airflow/example_dags/example_external_task_marker_dag.py
[2025-02-20T00:58:43.929+0000] {processor.py:925} INFO - DAG(s) 'example_external_task_marker_child', 'example_external_task_marker_parent' retrieved from /home/ubuntu/redfin_venv/lib/python3.12/site-packages/airflow/example_dags/example_external_task_marker_dag.py
[2025-02-20T00:58:43.952+0000] {logging_mixin.py:190} INFO - [2025-02-20T00:58:43.952+0000] {dag.py:3239} INFO - Sync 2 DAGs
[2025-02-20T00:58:43.966+0000] {logging_mixin.py:190} INFO - [2025-02-20T00:58:43.966+0000] {dag.py:4180} INFO - Setting next_dagrun for example_external_task_marker_child to None, run_after=None
[2025-02-20T00:58:43.969+0000] {logging_mixin.py:190} INFO - [2025-02-20T00:58:43.969+0000] {dag.py:4180} INFO - Setting next_dagrun for example_external_task_marker_parent to None, run_after=None
[2025-02-20T00:58:43.990+0000] {processor.py:208} INFO - Processing /home/ubuntu/redfin_venv/lib/python3.12/site-packages/airflow/example_dags/example_external_task_marker_dag.py took 0.082 seconds
[2025-02-20T00:59:37.248+0000] {processor.py:186} INFO - Started process (PID=4793) to work on /home/ubuntu/redfin_venv/lib/python3.12/site-packages/airflow/example_dags/example_external_task_marker_dag.py
[2025-02-20T00:59:37.249+0000] {processor.py:914} INFO - Processing file /home/ubuntu/redfin_venv/lib/python3.12/site-packages/airflow/example_dags/example_external_task_marker_dag.py for tasks to queue
[2025-02-20T00:59:37.252+0000] {logging_mixin.py:190} INFO - [2025-02-20T00:59:37.251+0000] {dagbag.py:588} INFO - Filling up the DagBag from /home/ubuntu/redfin_venv/lib/python3.12/site-packages/airflow/example_dags/example_external_task_marker_dag.py
[2025-02-20T00:59:37.261+0000] {processor.py:925} INFO - DAG(s) 'example_external_task_marker_child', 'example_external_task_marker_parent' retrieved from /home/ubuntu/redfin_venv/lib/python3.12/site-packages/airflow/example_dags/example_external_task_marker_dag.py
[2025-02-20T00:59:37.280+0000] {logging_mixin.py:190} INFO - [2025-02-20T00:59:37.280+0000] {dag.py:3239} INFO - Sync 2 DAGs
[2025-02-20T00:59:37.294+0000] {logging_mixin.py:190} INFO - [2025-02-20T00:59:37.294+0000] {dag.py:4180} INFO - Setting next_dagrun for example_external_task_marker_child to None, run_after=None
[2025-02-20T00:59:37.297+0000] {logging_mixin.py:190} INFO - [2025-02-20T00:59:37.297+0000] {dag.py:4180} INFO - Setting next_dagrun for example_external_task_marker_parent to None, run_after=None
[2025-02-20T00:59:37.319+0000] {processor.py:208} INFO - Processing /home/ubuntu/redfin_venv/lib/python3.12/site-packages/airflow/example_dags/example_external_task_marker_dag.py took 0.077 seconds
[2025-02-20T01:00:29.215+0000] {processor.py:186} INFO - Started process (PID=5316) to work on /home/ubuntu/redfin_venv/lib/python3.12/site-packages/airflow/example_dags/example_external_task_marker_dag.py
[2025-02-20T01:00:29.217+0000] {processor.py:914} INFO - Processing file /home/ubuntu/redfin_venv/lib/python3.12/site-packages/airflow/example_dags/example_external_task_marker_dag.py for tasks to queue
[2025-02-20T01:00:29.219+0000] {logging_mixin.py:190} INFO - [2025-02-20T01:00:29.219+0000] {dagbag.py:588} INFO - Filling up the DagBag from /home/ubuntu/redfin_venv/lib/python3.12/site-packages/airflow/example_dags/example_external_task_marker_dag.py
[2025-02-20T01:00:29.230+0000] {processor.py:925} INFO - DAG(s) 'example_external_task_marker_parent', 'example_external_task_marker_child' retrieved from /home/ubuntu/redfin_venv/lib/python3.12/site-packages/airflow/example_dags/example_external_task_marker_dag.py
[2025-02-20T01:00:29.253+0000] {logging_mixin.py:190} INFO - [2025-02-20T01:00:29.253+0000] {dag.py:3239} INFO - Sync 2 DAGs
[2025-02-20T01:00:29.268+0000] {logging_mixin.py:190} INFO - [2025-02-20T01:00:29.268+0000] {dag.py:4180} INFO - Setting next_dagrun for example_external_task_marker_child to None, run_after=None
[2025-02-20T01:00:29.271+0000] {logging_mixin.py:190} INFO - [2025-02-20T01:00:29.271+0000] {dag.py:4180} INFO - Setting next_dagrun for example_external_task_marker_parent to None, run_after=None
[2025-02-20T01:00:29.295+0000] {processor.py:208} INFO - Processing /home/ubuntu/redfin_venv/lib/python3.12/site-packages/airflow/example_dags/example_external_task_marker_dag.py took 0.086 seconds
[2025-02-20T01:01:25.609+0000] {processor.py:186} INFO - Started process (PID=5589) to work on /home/ubuntu/redfin_venv/lib/python3.12/site-packages/airflow/example_dags/example_external_task_marker_dag.py
[2025-02-20T01:01:25.611+0000] {processor.py:914} INFO - Processing file /home/ubuntu/redfin_venv/lib/python3.12/site-packages/airflow/example_dags/example_external_task_marker_dag.py for tasks to queue
[2025-02-20T01:01:25.614+0000] {logging_mixin.py:190} INFO - [2025-02-20T01:01:25.613+0000] {dagbag.py:588} INFO - Filling up the DagBag from /home/ubuntu/redfin_venv/lib/python3.12/site-packages/airflow/example_dags/example_external_task_marker_dag.py
[2025-02-20T01:01:25.626+0000] {processor.py:925} INFO - DAG(s) 'example_external_task_marker_child', 'example_external_task_marker_parent' retrieved from /home/ubuntu/redfin_venv/lib/python3.12/site-packages/airflow/example_dags/example_external_task_marker_dag.py
[2025-02-20T01:01:25.650+0000] {logging_mixin.py:190} INFO - [2025-02-20T01:01:25.650+0000] {dag.py:3239} INFO - Sync 2 DAGs
[2025-02-20T01:01:25.664+0000] {logging_mixin.py:190} INFO - [2025-02-20T01:01:25.664+0000] {dag.py:4180} INFO - Setting next_dagrun for example_external_task_marker_child to None, run_after=None
[2025-02-20T01:01:25.668+0000] {logging_mixin.py:190} INFO - [2025-02-20T01:01:25.667+0000] {dag.py:4180} INFO - Setting next_dagrun for example_external_task_marker_parent to None, run_after=None
[2025-02-20T01:01:25.688+0000] {processor.py:208} INFO - Processing /home/ubuntu/redfin_venv/lib/python3.12/site-packages/airflow/example_dags/example_external_task_marker_dag.py took 0.085 seconds
