[2025-02-20T00:52:40.177+0000] {processor.py:186} INFO - Started process (PID=3582) to work on /home/ubuntu/redfin_venv/lib/python3.12/site-packages/airflow/example_dags/example_short_circuit_decorator.py
[2025-02-20T00:52:40.178+0000] {processor.py:914} INFO - Processing file /home/ubuntu/redfin_venv/lib/python3.12/site-packages/airflow/example_dags/example_short_circuit_decorator.py for tasks to queue
[2025-02-20T00:52:40.180+0000] {logging_mixin.py:190} INFO - [2025-02-20T00:52:40.180+0000] {dagbag.py:588} INFO - Filling up the DagBag from /home/ubuntu/redfin_venv/lib/python3.12/site-packages/airflow/example_dags/example_short_circuit_decorator.py
[2025-02-20T00:52:40.191+0000] {processor.py:925} INFO - DAG(s) 'example_short_circuit_decorator' retrieved from /home/ubuntu/redfin_venv/lib/python3.12/site-packages/airflow/example_dags/example_short_circuit_decorator.py
[2025-02-20T00:52:40.299+0000] {logging_mixin.py:190} INFO - [2025-02-20T00:52:40.298+0000] {override.py:1930} INFO - Created Permission View: can edit on DAG:example_short_circuit_decorator
[2025-02-20T00:52:40.312+0000] {logging_mixin.py:190} INFO - [2025-02-20T00:52:40.311+0000] {override.py:1930} INFO - Created Permission View: can delete on DAG:example_short_circuit_decorator
[2025-02-20T00:52:40.322+0000] {logging_mixin.py:190} INFO - [2025-02-20T00:52:40.322+0000] {override.py:1930} INFO - Created Permission View: can read on DAG:example_short_circuit_decorator
[2025-02-20T00:52:40.338+0000] {logging_mixin.py:190} INFO - [2025-02-20T00:52:40.338+0000] {override.py:1930} INFO - Created Permission View: menu access on DAG Run:example_short_circuit_decorator
[2025-02-20T00:52:40.348+0000] {logging_mixin.py:190} INFO - [2025-02-20T00:52:40.347+0000] {override.py:1930} INFO - Created Permission View: can create on DAG Run:example_short_circuit_decorator
[2025-02-20T00:52:40.358+0000] {logging_mixin.py:190} INFO - [2025-02-20T00:52:40.357+0000] {override.py:1930} INFO - Created Permission View: can delete on DAG Run:example_short_circuit_decorator
[2025-02-20T00:52:40.368+0000] {logging_mixin.py:190} INFO - [2025-02-20T00:52:40.367+0000] {override.py:1930} INFO - Created Permission View: can read on DAG Run:example_short_circuit_decorator
[2025-02-20T00:52:40.368+0000] {logging_mixin.py:190} INFO - [2025-02-20T00:52:40.368+0000] {dag.py:3239} INFO - Sync 1 DAGs
[2025-02-20T00:52:40.381+0000] {logging_mixin.py:190} INFO - [2025-02-20T00:52:40.381+0000] {dag.py:3262} INFO - Creating ORM DAG for example_short_circuit_decorator
[2025-02-20T00:52:40.382+0000] {logging_mixin.py:190} INFO - [2025-02-20T00:52:40.382+0000] {dag.py:4180} INFO - Setting next_dagrun for example_short_circuit_decorator to None, run_after=None
[2025-02-20T00:52:40.405+0000] {processor.py:208} INFO - Processing /home/ubuntu/redfin_venv/lib/python3.12/site-packages/airflow/example_dags/example_short_circuit_decorator.py took 0.235 seconds
[2025-02-20T00:53:44.978+0000] {processor.py:186} INFO - Started process (PID=3880) to work on /home/ubuntu/redfin_venv/lib/python3.12/site-packages/airflow/example_dags/example_short_circuit_decorator.py
[2025-02-20T00:53:45.022+0000] {processor.py:914} INFO - Processing file /home/ubuntu/redfin_venv/lib/python3.12/site-packages/airflow/example_dags/example_short_circuit_decorator.py for tasks to queue
[2025-02-20T00:53:45.024+0000] {logging_mixin.py:190} INFO - [2025-02-20T00:53:45.024+0000] {dagbag.py:588} INFO - Filling up the DagBag from /home/ubuntu/redfin_venv/lib/python3.12/site-packages/airflow/example_dags/example_short_circuit_decorator.py
[2025-02-20T00:53:45.036+0000] {processor.py:925} INFO - DAG(s) 'example_short_circuit_decorator' retrieved from /home/ubuntu/redfin_venv/lib/python3.12/site-packages/airflow/example_dags/example_short_circuit_decorator.py
[2025-02-20T00:53:45.060+0000] {logging_mixin.py:190} INFO - [2025-02-20T00:53:45.059+0000] {dag.py:3239} INFO - Sync 1 DAGs
[2025-02-20T00:53:45.074+0000] {logging_mixin.py:190} INFO - [2025-02-20T00:53:45.073+0000] {dag.py:4180} INFO - Setting next_dagrun for example_short_circuit_decorator to None, run_after=None
[2025-02-20T00:53:45.098+0000] {processor.py:208} INFO - Processing /home/ubuntu/redfin_venv/lib/python3.12/site-packages/airflow/example_dags/example_short_circuit_decorator.py took 0.131 seconds
[2025-02-20T00:54:40.344+0000] {processor.py:186} INFO - Started process (PID=4122) to work on /home/ubuntu/redfin_venv/lib/python3.12/site-packages/airflow/example_dags/example_short_circuit_decorator.py
[2025-02-20T00:54:40.345+0000] {processor.py:914} INFO - Processing file /home/ubuntu/redfin_venv/lib/python3.12/site-packages/airflow/example_dags/example_short_circuit_decorator.py for tasks to queue
[2025-02-20T00:54:40.347+0000] {logging_mixin.py:190} INFO - [2025-02-20T00:54:40.347+0000] {dagbag.py:588} INFO - Filling up the DagBag from /home/ubuntu/redfin_venv/lib/python3.12/site-packages/airflow/example_dags/example_short_circuit_decorator.py
[2025-02-20T00:54:40.358+0000] {processor.py:925} INFO - DAG(s) 'example_short_circuit_decorator' retrieved from /home/ubuntu/redfin_venv/lib/python3.12/site-packages/airflow/example_dags/example_short_circuit_decorator.py
[2025-02-20T00:54:40.377+0000] {logging_mixin.py:190} INFO - [2025-02-20T00:54:40.377+0000] {dag.py:3239} INFO - Sync 1 DAGs
[2025-02-20T00:54:40.390+0000] {logging_mixin.py:190} INFO - [2025-02-20T00:54:40.390+0000] {dag.py:4180} INFO - Setting next_dagrun for example_short_circuit_decorator to None, run_after=None
[2025-02-20T00:54:40.413+0000] {processor.py:208} INFO - Processing /home/ubuntu/redfin_venv/lib/python3.12/site-packages/airflow/example_dags/example_short_circuit_decorator.py took 0.075 seconds
[2025-02-20T00:55:32.175+0000] {processor.py:186} INFO - Started process (PID=4238) to work on /home/ubuntu/redfin_venv/lib/python3.12/site-packages/airflow/example_dags/example_short_circuit_decorator.py
[2025-02-20T00:55:32.177+0000] {processor.py:914} INFO - Processing file /home/ubuntu/redfin_venv/lib/python3.12/site-packages/airflow/example_dags/example_short_circuit_decorator.py for tasks to queue
[2025-02-20T00:55:32.179+0000] {logging_mixin.py:190} INFO - [2025-02-20T00:55:32.179+0000] {dagbag.py:588} INFO - Filling up the DagBag from /home/ubuntu/redfin_venv/lib/python3.12/site-packages/airflow/example_dags/example_short_circuit_decorator.py
[2025-02-20T00:55:32.191+0000] {processor.py:925} INFO - DAG(s) 'example_short_circuit_decorator' retrieved from /home/ubuntu/redfin_venv/lib/python3.12/site-packages/airflow/example_dags/example_short_circuit_decorator.py
[2025-02-20T00:55:32.211+0000] {logging_mixin.py:190} INFO - [2025-02-20T00:55:32.211+0000] {dag.py:3239} INFO - Sync 1 DAGs
[2025-02-20T00:55:32.225+0000] {logging_mixin.py:190} INFO - [2025-02-20T00:55:32.224+0000] {dag.py:4180} INFO - Setting next_dagrun for example_short_circuit_decorator to None, run_after=None
[2025-02-20T00:55:32.251+0000] {processor.py:208} INFO - Processing /home/ubuntu/redfin_venv/lib/python3.12/site-packages/airflow/example_dags/example_short_circuit_decorator.py took 0.084 seconds
[2025-02-20T00:56:25.194+0000] {processor.py:186} INFO - Started process (PID=4351) to work on /home/ubuntu/redfin_venv/lib/python3.12/site-packages/airflow/example_dags/example_short_circuit_decorator.py
[2025-02-20T00:56:25.196+0000] {processor.py:914} INFO - Processing file /home/ubuntu/redfin_venv/lib/python3.12/site-packages/airflow/example_dags/example_short_circuit_decorator.py for tasks to queue
[2025-02-20T00:56:25.198+0000] {logging_mixin.py:190} INFO - [2025-02-20T00:56:25.198+0000] {dagbag.py:588} INFO - Filling up the DagBag from /home/ubuntu/redfin_venv/lib/python3.12/site-packages/airflow/example_dags/example_short_circuit_decorator.py
[2025-02-20T00:56:25.212+0000] {processor.py:925} INFO - DAG(s) 'example_short_circuit_decorator' retrieved from /home/ubuntu/redfin_venv/lib/python3.12/site-packages/airflow/example_dags/example_short_circuit_decorator.py
[2025-02-20T00:56:25.233+0000] {logging_mixin.py:190} INFO - [2025-02-20T00:56:25.233+0000] {dag.py:3239} INFO - Sync 1 DAGs
[2025-02-20T00:56:25.246+0000] {logging_mixin.py:190} INFO - [2025-02-20T00:56:25.245+0000] {dag.py:4180} INFO - Setting next_dagrun for example_short_circuit_decorator to None, run_after=None
[2025-02-20T00:56:25.269+0000] {processor.py:208} INFO - Processing /home/ubuntu/redfin_venv/lib/python3.12/site-packages/airflow/example_dags/example_short_circuit_decorator.py took 0.081 seconds
[2025-02-20T00:57:18.351+0000] {processor.py:186} INFO - Started process (PID=4411) to work on /home/ubuntu/redfin_venv/lib/python3.12/site-packages/airflow/example_dags/example_short_circuit_decorator.py
[2025-02-20T00:57:18.353+0000] {processor.py:914} INFO - Processing file /home/ubuntu/redfin_venv/lib/python3.12/site-packages/airflow/example_dags/example_short_circuit_decorator.py for tasks to queue
[2025-02-20T00:57:18.357+0000] {logging_mixin.py:190} INFO - [2025-02-20T00:57:18.357+0000] {dagbag.py:588} INFO - Filling up the DagBag from /home/ubuntu/redfin_venv/lib/python3.12/site-packages/airflow/example_dags/example_short_circuit_decorator.py
[2025-02-20T00:57:18.369+0000] {processor.py:925} INFO - DAG(s) 'example_short_circuit_decorator' retrieved from /home/ubuntu/redfin_venv/lib/python3.12/site-packages/airflow/example_dags/example_short_circuit_decorator.py
[2025-02-20T00:57:18.389+0000] {logging_mixin.py:190} INFO - [2025-02-20T00:57:18.389+0000] {dag.py:3239} INFO - Sync 1 DAGs
[2025-02-20T00:57:18.401+0000] {logging_mixin.py:190} INFO - [2025-02-20T00:57:18.400+0000] {dag.py:4180} INFO - Setting next_dagrun for example_short_circuit_decorator to None, run_after=None
[2025-02-20T00:57:18.423+0000] {processor.py:208} INFO - Processing /home/ubuntu/redfin_venv/lib/python3.12/site-packages/airflow/example_dags/example_short_circuit_decorator.py took 0.080 seconds
[2025-02-20T00:58:14.063+0000] {processor.py:186} INFO - Started process (PID=4586) to work on /home/ubuntu/redfin_venv/lib/python3.12/site-packages/airflow/example_dags/example_short_circuit_decorator.py
[2025-02-20T00:58:14.064+0000] {processor.py:914} INFO - Processing file /home/ubuntu/redfin_venv/lib/python3.12/site-packages/airflow/example_dags/example_short_circuit_decorator.py for tasks to queue
[2025-02-20T00:58:14.066+0000] {logging_mixin.py:190} INFO - [2025-02-20T00:58:14.066+0000] {dagbag.py:588} INFO - Filling up the DagBag from /home/ubuntu/redfin_venv/lib/python3.12/site-packages/airflow/example_dags/example_short_circuit_decorator.py
[2025-02-20T00:58:14.077+0000] {processor.py:925} INFO - DAG(s) 'example_short_circuit_decorator' retrieved from /home/ubuntu/redfin_venv/lib/python3.12/site-packages/airflow/example_dags/example_short_circuit_decorator.py
[2025-02-20T00:58:14.096+0000] {logging_mixin.py:190} INFO - [2025-02-20T00:58:14.095+0000] {dag.py:3239} INFO - Sync 1 DAGs
[2025-02-20T00:58:14.108+0000] {logging_mixin.py:190} INFO - [2025-02-20T00:58:14.108+0000] {dag.py:4180} INFO - Setting next_dagrun for example_short_circuit_decorator to None, run_after=None
[2025-02-20T00:58:14.128+0000] {processor.py:208} INFO - Processing /home/ubuntu/redfin_venv/lib/python3.12/site-packages/airflow/example_dags/example_short_circuit_decorator.py took 0.070 seconds
[2025-02-20T00:59:06.694+0000] {processor.py:186} INFO - Started process (PID=4700) to work on /home/ubuntu/redfin_venv/lib/python3.12/site-packages/airflow/example_dags/example_short_circuit_decorator.py
[2025-02-20T00:59:06.695+0000] {processor.py:914} INFO - Processing file /home/ubuntu/redfin_venv/lib/python3.12/site-packages/airflow/example_dags/example_short_circuit_decorator.py for tasks to queue
[2025-02-20T00:59:06.698+0000] {logging_mixin.py:190} INFO - [2025-02-20T00:59:06.697+0000] {dagbag.py:588} INFO - Filling up the DagBag from /home/ubuntu/redfin_venv/lib/python3.12/site-packages/airflow/example_dags/example_short_circuit_decorator.py
[2025-02-20T00:59:06.713+0000] {processor.py:925} INFO - DAG(s) 'example_short_circuit_decorator' retrieved from /home/ubuntu/redfin_venv/lib/python3.12/site-packages/airflow/example_dags/example_short_circuit_decorator.py
[2025-02-20T00:59:06.737+0000] {logging_mixin.py:190} INFO - [2025-02-20T00:59:06.737+0000] {dag.py:3239} INFO - Sync 1 DAGs
[2025-02-20T00:59:06.753+0000] {logging_mixin.py:190} INFO - [2025-02-20T00:59:06.753+0000] {dag.py:4180} INFO - Setting next_dagrun for example_short_circuit_decorator to None, run_after=None
[2025-02-20T00:59:06.780+0000] {processor.py:208} INFO - Processing /home/ubuntu/redfin_venv/lib/python3.12/site-packages/airflow/example_dags/example_short_circuit_decorator.py took 0.095 seconds
[2025-02-20T00:59:58.641+0000] {processor.py:186} INFO - Started process (PID=4815) to work on /home/ubuntu/redfin_venv/lib/python3.12/site-packages/airflow/example_dags/example_short_circuit_decorator.py
[2025-02-20T00:59:58.643+0000] {processor.py:914} INFO - Processing file /home/ubuntu/redfin_venv/lib/python3.12/site-packages/airflow/example_dags/example_short_circuit_decorator.py for tasks to queue
[2025-02-20T00:59:58.645+0000] {logging_mixin.py:190} INFO - [2025-02-20T00:59:58.645+0000] {dagbag.py:588} INFO - Filling up the DagBag from /home/ubuntu/redfin_venv/lib/python3.12/site-packages/airflow/example_dags/example_short_circuit_decorator.py
[2025-02-20T00:59:58.657+0000] {processor.py:925} INFO - DAG(s) 'example_short_circuit_decorator' retrieved from /home/ubuntu/redfin_venv/lib/python3.12/site-packages/airflow/example_dags/example_short_circuit_decorator.py
[2025-02-20T00:59:58.681+0000] {logging_mixin.py:190} INFO - [2025-02-20T00:59:58.680+0000] {dag.py:3239} INFO - Sync 1 DAGs
[2025-02-20T00:59:58.694+0000] {logging_mixin.py:190} INFO - [2025-02-20T00:59:58.694+0000] {dag.py:4180} INFO - Setting next_dagrun for example_short_circuit_decorator to None, run_after=None
[2025-02-20T00:59:58.717+0000] {processor.py:208} INFO - Processing /home/ubuntu/redfin_venv/lib/python3.12/site-packages/airflow/example_dags/example_short_circuit_decorator.py took 0.083 seconds
[2025-02-20T01:00:50.736+0000] {processor.py:186} INFO - Started process (PID=5393) to work on /home/ubuntu/redfin_venv/lib/python3.12/site-packages/airflow/example_dags/example_short_circuit_decorator.py
[2025-02-20T01:00:50.737+0000] {processor.py:914} INFO - Processing file /home/ubuntu/redfin_venv/lib/python3.12/site-packages/airflow/example_dags/example_short_circuit_decorator.py for tasks to queue
[2025-02-20T01:00:50.739+0000] {logging_mixin.py:190} INFO - [2025-02-20T01:00:50.739+0000] {dagbag.py:588} INFO - Filling up the DagBag from /home/ubuntu/redfin_venv/lib/python3.12/site-packages/airflow/example_dags/example_short_circuit_decorator.py
[2025-02-20T01:00:50.751+0000] {processor.py:925} INFO - DAG(s) 'example_short_circuit_decorator' retrieved from /home/ubuntu/redfin_venv/lib/python3.12/site-packages/airflow/example_dags/example_short_circuit_decorator.py
[2025-02-20T01:00:50.771+0000] {logging_mixin.py:190} INFO - [2025-02-20T01:00:50.771+0000] {dag.py:3239} INFO - Sync 1 DAGs
[2025-02-20T01:00:50.784+0000] {logging_mixin.py:190} INFO - [2025-02-20T01:00:50.784+0000] {dag.py:4180} INFO - Setting next_dagrun for example_short_circuit_decorator to None, run_after=None
[2025-02-20T01:00:50.810+0000] {processor.py:208} INFO - Processing /home/ubuntu/redfin_venv/lib/python3.12/site-packages/airflow/example_dags/example_short_circuit_decorator.py took 0.081 seconds
