[2025-02-20T00:52:46.864+0000] {processor.py:186} INFO - Started process (PID=3647) to work on /home/ubuntu/redfin_venv/lib/python3.12/site-packages/airflow/example_dags/example_params_ui_tutorial.py
[2025-02-20T00:52:46.865+0000] {processor.py:914} INFO - Processing file /home/ubuntu/redfin_venv/lib/python3.12/site-packages/airflow/example_dags/example_params_ui_tutorial.py for tasks to queue
[2025-02-20T00:52:46.866+0000] {logging_mixin.py:190} INFO - [2025-02-20T00:52:46.866+0000] {dagbag.py:588} INFO - Filling up the DagBag from /home/ubuntu/redfin_venv/lib/python3.12/site-packages/airflow/example_dags/example_params_ui_tutorial.py
[2025-02-20T00:52:46.876+0000] {processor.py:925} INFO - DAG(s) 'example_params_ui_tutorial' retrieved from /home/ubuntu/redfin_venv/lib/python3.12/site-packages/airflow/example_dags/example_params_ui_tutorial.py
[2025-02-20T00:52:47.008+0000] {logging_mixin.py:190} INFO - [2025-02-20T00:52:47.007+0000] {override.py:1930} INFO - Created Permission View: can edit on DAG:example_params_ui_tutorial
[2025-02-20T00:52:47.022+0000] {logging_mixin.py:190} INFO - [2025-02-20T00:52:47.021+0000] {override.py:1930} INFO - Created Permission View: can delete on DAG:example_params_ui_tutorial
[2025-02-20T00:52:47.032+0000] {logging_mixin.py:190} INFO - [2025-02-20T00:52:47.032+0000] {override.py:1930} INFO - Created Permission View: can read on DAG:example_params_ui_tutorial
[2025-02-20T00:52:47.049+0000] {logging_mixin.py:190} INFO - [2025-02-20T00:52:47.049+0000] {override.py:1930} INFO - Created Permission View: menu access on DAG Run:example_params_ui_tutorial
[2025-02-20T00:52:47.060+0000] {logging_mixin.py:190} INFO - [2025-02-20T00:52:47.059+0000] {override.py:1930} INFO - Created Permission View: can create on DAG Run:example_params_ui_tutorial
[2025-02-20T00:52:47.071+0000] {logging_mixin.py:190} INFO - [2025-02-20T00:52:47.070+0000] {override.py:1930} INFO - Created Permission View: can delete on DAG Run:example_params_ui_tutorial
[2025-02-20T00:52:47.081+0000] {logging_mixin.py:190} INFO - [2025-02-20T00:52:47.081+0000] {override.py:1930} INFO - Created Permission View: can read on DAG Run:example_params_ui_tutorial
[2025-02-20T00:52:47.082+0000] {logging_mixin.py:190} INFO - [2025-02-20T00:52:47.081+0000] {dag.py:3239} INFO - Sync 1 DAGs
[2025-02-20T00:52:47.093+0000] {logging_mixin.py:190} INFO - [2025-02-20T00:52:47.093+0000] {dag.py:3262} INFO - Creating ORM DAG for example_params_ui_tutorial
[2025-02-20T00:52:47.094+0000] {logging_mixin.py:190} INFO - [2025-02-20T00:52:47.094+0000] {dag.py:4180} INFO - Setting next_dagrun for example_params_ui_tutorial to None, run_after=None
[2025-02-20T00:52:47.116+0000] {processor.py:208} INFO - Processing /home/ubuntu/redfin_venv/lib/python3.12/site-packages/airflow/example_dags/example_params_ui_tutorial.py took 0.257 seconds
[2025-02-20T00:53:49.273+0000] {processor.py:186} INFO - Started process (PID=3885) to work on /home/ubuntu/redfin_venv/lib/python3.12/site-packages/airflow/example_dags/example_params_ui_tutorial.py
[2025-02-20T00:53:49.274+0000] {processor.py:914} INFO - Processing file /home/ubuntu/redfin_venv/lib/python3.12/site-packages/airflow/example_dags/example_params_ui_tutorial.py for tasks to queue
[2025-02-20T00:53:49.277+0000] {logging_mixin.py:190} INFO - [2025-02-20T00:53:49.277+0000] {dagbag.py:588} INFO - Filling up the DagBag from /home/ubuntu/redfin_venv/lib/python3.12/site-packages/airflow/example_dags/example_params_ui_tutorial.py
[2025-02-20T00:53:49.288+0000] {processor.py:925} INFO - DAG(s) 'example_params_ui_tutorial' retrieved from /home/ubuntu/redfin_venv/lib/python3.12/site-packages/airflow/example_dags/example_params_ui_tutorial.py
[2025-02-20T00:53:49.329+0000] {logging_mixin.py:190} INFO - [2025-02-20T00:53:49.328+0000] {dag.py:3239} INFO - Sync 1 DAGs
[2025-02-20T00:53:49.343+0000] {logging_mixin.py:190} INFO - [2025-02-20T00:53:49.342+0000] {dag.py:4180} INFO - Setting next_dagrun for example_params_ui_tutorial to None, run_after=None
[2025-02-20T00:53:49.370+0000] {processor.py:208} INFO - Processing /home/ubuntu/redfin_venv/lib/python3.12/site-packages/airflow/example_dags/example_params_ui_tutorial.py took 0.104 seconds
[2025-02-20T00:54:45.501+0000] {processor.py:186} INFO - Started process (PID=4127) to work on /home/ubuntu/redfin_venv/lib/python3.12/site-packages/airflow/example_dags/example_params_ui_tutorial.py
[2025-02-20T00:54:45.502+0000] {processor.py:914} INFO - Processing file /home/ubuntu/redfin_venv/lib/python3.12/site-packages/airflow/example_dags/example_params_ui_tutorial.py for tasks to queue
[2025-02-20T00:54:45.505+0000] {logging_mixin.py:190} INFO - [2025-02-20T00:54:45.505+0000] {dagbag.py:588} INFO - Filling up the DagBag from /home/ubuntu/redfin_venv/lib/python3.12/site-packages/airflow/example_dags/example_params_ui_tutorial.py
[2025-02-20T00:54:45.517+0000] {processor.py:925} INFO - DAG(s) 'example_params_ui_tutorial' retrieved from /home/ubuntu/redfin_venv/lib/python3.12/site-packages/airflow/example_dags/example_params_ui_tutorial.py
[2025-02-20T00:54:45.570+0000] {logging_mixin.py:190} INFO - [2025-02-20T00:54:45.570+0000] {dag.py:3239} INFO - Sync 1 DAGs
[2025-02-20T00:54:45.589+0000] {logging_mixin.py:190} INFO - [2025-02-20T00:54:45.589+0000] {dag.py:4180} INFO - Setting next_dagrun for example_params_ui_tutorial to None, run_after=None
[2025-02-20T00:54:45.618+0000] {processor.py:208} INFO - Processing /home/ubuntu/redfin_venv/lib/python3.12/site-packages/airflow/example_dags/example_params_ui_tutorial.py took 0.125 seconds
[2025-02-20T00:55:37.334+0000] {processor.py:186} INFO - Started process (PID=4243) to work on /home/ubuntu/redfin_venv/lib/python3.12/site-packages/airflow/example_dags/example_params_ui_tutorial.py
[2025-02-20T00:55:37.336+0000] {processor.py:914} INFO - Processing file /home/ubuntu/redfin_venv/lib/python3.12/site-packages/airflow/example_dags/example_params_ui_tutorial.py for tasks to queue
[2025-02-20T00:55:37.338+0000] {logging_mixin.py:190} INFO - [2025-02-20T00:55:37.338+0000] {dagbag.py:588} INFO - Filling up the DagBag from /home/ubuntu/redfin_venv/lib/python3.12/site-packages/airflow/example_dags/example_params_ui_tutorial.py
[2025-02-20T00:55:37.348+0000] {processor.py:925} INFO - DAG(s) 'example_params_ui_tutorial' retrieved from /home/ubuntu/redfin_venv/lib/python3.12/site-packages/airflow/example_dags/example_params_ui_tutorial.py
[2025-02-20T00:55:37.388+0000] {logging_mixin.py:190} INFO - [2025-02-20T00:55:37.388+0000] {dag.py:3239} INFO - Sync 1 DAGs
[2025-02-20T00:55:37.401+0000] {logging_mixin.py:190} INFO - [2025-02-20T00:55:37.400+0000] {dag.py:4180} INFO - Setting next_dagrun for example_params_ui_tutorial to None, run_after=None
[2025-02-20T00:55:37.424+0000] {processor.py:208} INFO - Processing /home/ubuntu/redfin_venv/lib/python3.12/site-packages/airflow/example_dags/example_params_ui_tutorial.py took 0.096 seconds
[2025-02-20T00:56:30.350+0000] {processor.py:186} INFO - Started process (PID=4356) to work on /home/ubuntu/redfin_venv/lib/python3.12/site-packages/airflow/example_dags/example_params_ui_tutorial.py
[2025-02-20T00:56:30.351+0000] {processor.py:914} INFO - Processing file /home/ubuntu/redfin_venv/lib/python3.12/site-packages/airflow/example_dags/example_params_ui_tutorial.py for tasks to queue
[2025-02-20T00:56:30.353+0000] {logging_mixin.py:190} INFO - [2025-02-20T00:56:30.353+0000] {dagbag.py:588} INFO - Filling up the DagBag from /home/ubuntu/redfin_venv/lib/python3.12/site-packages/airflow/example_dags/example_params_ui_tutorial.py
[2025-02-20T00:56:30.363+0000] {processor.py:925} INFO - DAG(s) 'example_params_ui_tutorial' retrieved from /home/ubuntu/redfin_venv/lib/python3.12/site-packages/airflow/example_dags/example_params_ui_tutorial.py
[2025-02-20T00:56:30.402+0000] {logging_mixin.py:190} INFO - [2025-02-20T00:56:30.401+0000] {dag.py:3239} INFO - Sync 1 DAGs
[2025-02-20T00:56:30.415+0000] {logging_mixin.py:190} INFO - [2025-02-20T00:56:30.415+0000] {dag.py:4180} INFO - Setting next_dagrun for example_params_ui_tutorial to None, run_after=None
[2025-02-20T00:56:30.444+0000] {processor.py:208} INFO - Processing /home/ubuntu/redfin_venv/lib/python3.12/site-packages/airflow/example_dags/example_params_ui_tutorial.py took 0.100 seconds
[2025-02-20T00:57:22.618+0000] {processor.py:186} INFO - Started process (PID=4476) to work on /home/ubuntu/redfin_venv/lib/python3.12/site-packages/airflow/example_dags/example_params_ui_tutorial.py
[2025-02-20T00:57:22.619+0000] {processor.py:914} INFO - Processing file /home/ubuntu/redfin_venv/lib/python3.12/site-packages/airflow/example_dags/example_params_ui_tutorial.py for tasks to queue
[2025-02-20T00:57:22.622+0000] {logging_mixin.py:190} INFO - [2025-02-20T00:57:22.622+0000] {dagbag.py:588} INFO - Filling up the DagBag from /home/ubuntu/redfin_venv/lib/python3.12/site-packages/airflow/example_dags/example_params_ui_tutorial.py
[2025-02-20T00:57:22.647+0000] {processor.py:925} INFO - DAG(s) 'example_params_ui_tutorial' retrieved from /home/ubuntu/redfin_venv/lib/python3.12/site-packages/airflow/example_dags/example_params_ui_tutorial.py
[2025-02-20T00:57:22.695+0000] {logging_mixin.py:190} INFO - [2025-02-20T00:57:22.695+0000] {dag.py:3239} INFO - Sync 1 DAGs
[2025-02-20T00:57:22.709+0000] {logging_mixin.py:190} INFO - [2025-02-20T00:57:22.709+0000] {dag.py:4180} INFO - Setting next_dagrun for example_params_ui_tutorial to None, run_after=None
[2025-02-20T00:57:22.734+0000] {processor.py:208} INFO - Processing /home/ubuntu/redfin_venv/lib/python3.12/site-packages/airflow/example_dags/example_params_ui_tutorial.py took 0.123 seconds
[2025-02-20T00:58:18.201+0000] {processor.py:186} INFO - Started process (PID=4591) to work on /home/ubuntu/redfin_venv/lib/python3.12/site-packages/airflow/example_dags/example_params_ui_tutorial.py
[2025-02-20T00:58:18.203+0000] {processor.py:914} INFO - Processing file /home/ubuntu/redfin_venv/lib/python3.12/site-packages/airflow/example_dags/example_params_ui_tutorial.py for tasks to queue
[2025-02-20T00:58:18.205+0000] {logging_mixin.py:190} INFO - [2025-02-20T00:58:18.204+0000] {dagbag.py:588} INFO - Filling up the DagBag from /home/ubuntu/redfin_venv/lib/python3.12/site-packages/airflow/example_dags/example_params_ui_tutorial.py
[2025-02-20T00:58:18.215+0000] {processor.py:925} INFO - DAG(s) 'example_params_ui_tutorial' retrieved from /home/ubuntu/redfin_venv/lib/python3.12/site-packages/airflow/example_dags/example_params_ui_tutorial.py
[2025-02-20T00:58:18.257+0000] {logging_mixin.py:190} INFO - [2025-02-20T00:58:18.256+0000] {dag.py:3239} INFO - Sync 1 DAGs
[2025-02-20T00:58:18.272+0000] {logging_mixin.py:190} INFO - [2025-02-20T00:58:18.272+0000] {dag.py:4180} INFO - Setting next_dagrun for example_params_ui_tutorial to None, run_after=None
[2025-02-20T00:58:18.297+0000] {processor.py:208} INFO - Processing /home/ubuntu/redfin_venv/lib/python3.12/site-packages/airflow/example_dags/example_params_ui_tutorial.py took 0.102 seconds
[2025-02-20T00:59:11.972+0000] {processor.py:186} INFO - Started process (PID=4706) to work on /home/ubuntu/redfin_venv/lib/python3.12/site-packages/airflow/example_dags/example_params_ui_tutorial.py
[2025-02-20T00:59:11.973+0000] {processor.py:914} INFO - Processing file /home/ubuntu/redfin_venv/lib/python3.12/site-packages/airflow/example_dags/example_params_ui_tutorial.py for tasks to queue
[2025-02-20T00:59:11.976+0000] {logging_mixin.py:190} INFO - [2025-02-20T00:59:11.975+0000] {dagbag.py:588} INFO - Filling up the DagBag from /home/ubuntu/redfin_venv/lib/python3.12/site-packages/airflow/example_dags/example_params_ui_tutorial.py
[2025-02-20T00:59:11.987+0000] {processor.py:925} INFO - DAG(s) 'example_params_ui_tutorial' retrieved from /home/ubuntu/redfin_venv/lib/python3.12/site-packages/airflow/example_dags/example_params_ui_tutorial.py
[2025-02-20T00:59:12.045+0000] {logging_mixin.py:190} INFO - [2025-02-20T00:59:12.044+0000] {dag.py:3239} INFO - Sync 1 DAGs
[2025-02-20T00:59:12.061+0000] {logging_mixin.py:190} INFO - [2025-02-20T00:59:12.060+0000] {dag.py:4180} INFO - Setting next_dagrun for example_params_ui_tutorial to None, run_after=None
[2025-02-20T00:59:12.086+0000] {processor.py:208} INFO - Processing /home/ubuntu/redfin_venv/lib/python3.12/site-packages/airflow/example_dags/example_params_ui_tutorial.py took 0.120 seconds
[2025-02-20T01:00:03.797+0000] {processor.py:186} INFO - Started process (PID=4823) to work on /home/ubuntu/redfin_venv/lib/python3.12/site-packages/airflow/example_dags/example_params_ui_tutorial.py
[2025-02-20T01:00:03.798+0000] {processor.py:914} INFO - Processing file /home/ubuntu/redfin_venv/lib/python3.12/site-packages/airflow/example_dags/example_params_ui_tutorial.py for tasks to queue
[2025-02-20T01:00:03.800+0000] {logging_mixin.py:190} INFO - [2025-02-20T01:00:03.800+0000] {dagbag.py:588} INFO - Filling up the DagBag from /home/ubuntu/redfin_venv/lib/python3.12/site-packages/airflow/example_dags/example_params_ui_tutorial.py
[2025-02-20T01:00:03.810+0000] {processor.py:925} INFO - DAG(s) 'example_params_ui_tutorial' retrieved from /home/ubuntu/redfin_venv/lib/python3.12/site-packages/airflow/example_dags/example_params_ui_tutorial.py
[2025-02-20T01:00:03.849+0000] {logging_mixin.py:190} INFO - [2025-02-20T01:00:03.849+0000] {dag.py:3239} INFO - Sync 1 DAGs
[2025-02-20T01:00:03.862+0000] {logging_mixin.py:190} INFO - [2025-02-20T01:00:03.862+0000] {dag.py:4180} INFO - Setting next_dagrun for example_params_ui_tutorial to None, run_after=None
[2025-02-20T01:00:03.885+0000] {processor.py:208} INFO - Processing /home/ubuntu/redfin_venv/lib/python3.12/site-packages/airflow/example_dags/example_params_ui_tutorial.py took 0.094 seconds
[2025-02-20T01:00:56.422+0000] {processor.py:186} INFO - Started process (PID=5423) to work on /home/ubuntu/redfin_venv/lib/python3.12/site-packages/airflow/example_dags/example_params_ui_tutorial.py
[2025-02-20T01:00:56.424+0000] {processor.py:914} INFO - Processing file /home/ubuntu/redfin_venv/lib/python3.12/site-packages/airflow/example_dags/example_params_ui_tutorial.py for tasks to queue
[2025-02-20T01:00:56.426+0000] {logging_mixin.py:190} INFO - [2025-02-20T01:00:56.425+0000] {dagbag.py:588} INFO - Filling up the DagBag from /home/ubuntu/redfin_venv/lib/python3.12/site-packages/airflow/example_dags/example_params_ui_tutorial.py
[2025-02-20T01:00:56.436+0000] {processor.py:925} INFO - DAG(s) 'example_params_ui_tutorial' retrieved from /home/ubuntu/redfin_venv/lib/python3.12/site-packages/airflow/example_dags/example_params_ui_tutorial.py
[2025-02-20T01:00:56.476+0000] {logging_mixin.py:190} INFO - [2025-02-20T01:00:56.476+0000] {dag.py:3239} INFO - Sync 1 DAGs
[2025-02-20T01:00:56.490+0000] {logging_mixin.py:190} INFO - [2025-02-20T01:00:56.490+0000] {dag.py:4180} INFO - Setting next_dagrun for example_params_ui_tutorial to None, run_after=None
[2025-02-20T01:00:56.513+0000] {processor.py:208} INFO - Processing /home/ubuntu/redfin_venv/lib/python3.12/site-packages/airflow/example_dags/example_params_ui_tutorial.py took 0.097 seconds
