[2025-02-20T00:53:17.013+0000] {processor.py:186} INFO - Started process (PID=3672) to work on /home/ubuntu/redfin_venv/lib/python3.12/site-packages/airflow/example_dags/example_branch_datetime_operator.py
[2025-02-20T00:53:17.014+0000] {processor.py:914} INFO - Processing file /home/ubuntu/redfin_venv/lib/python3.12/site-packages/airflow/example_dags/example_branch_datetime_operator.py for tasks to queue
[2025-02-20T00:53:17.016+0000] {logging_mixin.py:190} INFO - [2025-02-20T00:53:17.015+0000] {dagbag.py:588} INFO - Filling up the DagBag from /home/ubuntu/redfin_venv/lib/python3.12/site-packages/airflow/example_dags/example_branch_datetime_operator.py
[2025-02-20T00:53:17.028+0000] {processor.py:925} INFO - DAG(s) 'example_branch_datetime_operator_2', 'example_branch_datetime_operator_3', 'example_branch_datetime_operator' retrieved from /home/ubuntu/redfin_venv/lib/python3.12/site-packages/airflow/example_dags/example_branch_datetime_operator.py
[2025-02-20T00:53:17.130+0000] {logging_mixin.py:190} INFO - [2025-02-20T00:53:17.129+0000] {override.py:1930} INFO - Created Permission View: can edit on DAG:example_branch_datetime_operator_2
[2025-02-20T00:53:17.142+0000] {logging_mixin.py:190} INFO - [2025-02-20T00:53:17.142+0000] {override.py:1930} INFO - Created Permission View: can delete on DAG:example_branch_datetime_operator_2
[2025-02-20T00:53:17.152+0000] {logging_mixin.py:190} INFO - [2025-02-20T00:53:17.152+0000] {override.py:1930} INFO - Created Permission View: can read on DAG:example_branch_datetime_operator_2
[2025-02-20T00:53:17.169+0000] {logging_mixin.py:190} INFO - [2025-02-20T00:53:17.169+0000] {override.py:1930} INFO - Created Permission View: menu access on DAG Run:example_branch_datetime_operator_2
[2025-02-20T00:53:17.179+0000] {logging_mixin.py:190} INFO - [2025-02-20T00:53:17.178+0000] {override.py:1930} INFO - Created Permission View: can create on DAG Run:example_branch_datetime_operator_2
[2025-02-20T00:53:17.189+0000] {logging_mixin.py:190} INFO - [2025-02-20T00:53:17.188+0000] {override.py:1930} INFO - Created Permission View: can delete on DAG Run:example_branch_datetime_operator_2
[2025-02-20T00:53:17.199+0000] {logging_mixin.py:190} INFO - [2025-02-20T00:53:17.199+0000] {override.py:1930} INFO - Created Permission View: can read on DAG Run:example_branch_datetime_operator_2
[2025-02-20T00:53:17.222+0000] {logging_mixin.py:190} INFO - [2025-02-20T00:53:17.221+0000] {override.py:1930} INFO - Created Permission View: can edit on DAG:example_branch_datetime_operator_3
[2025-02-20T00:53:17.232+0000] {logging_mixin.py:190} INFO - [2025-02-20T00:53:17.232+0000] {override.py:1930} INFO - Created Permission View: can delete on DAG:example_branch_datetime_operator_3
[2025-02-20T00:53:17.242+0000] {logging_mixin.py:190} INFO - [2025-02-20T00:53:17.242+0000] {override.py:1930} INFO - Created Permission View: can read on DAG:example_branch_datetime_operator_3
[2025-02-20T00:53:17.258+0000] {logging_mixin.py:190} INFO - [2025-02-20T00:53:17.258+0000] {override.py:1930} INFO - Created Permission View: menu access on DAG Run:example_branch_datetime_operator_3
[2025-02-20T00:53:17.268+0000] {logging_mixin.py:190} INFO - [2025-02-20T00:53:17.268+0000] {override.py:1930} INFO - Created Permission View: can create on DAG Run:example_branch_datetime_operator_3
[2025-02-20T00:53:17.278+0000] {logging_mixin.py:190} INFO - [2025-02-20T00:53:17.278+0000] {override.py:1930} INFO - Created Permission View: can delete on DAG Run:example_branch_datetime_operator_3
[2025-02-20T00:53:17.287+0000] {logging_mixin.py:190} INFO - [2025-02-20T00:53:17.287+0000] {override.py:1930} INFO - Created Permission View: can read on DAG Run:example_branch_datetime_operator_3
[2025-02-20T00:53:17.309+0000] {logging_mixin.py:190} INFO - [2025-02-20T00:53:17.309+0000] {override.py:1930} INFO - Created Permission View: can edit on DAG:example_branch_datetime_operator
[2025-02-20T00:53:17.318+0000] {logging_mixin.py:190} INFO - [2025-02-20T00:53:17.318+0000] {override.py:1930} INFO - Created Permission View: can delete on DAG:example_branch_datetime_operator
[2025-02-20T00:53:17.328+0000] {logging_mixin.py:190} INFO - [2025-02-20T00:53:17.328+0000] {override.py:1930} INFO - Created Permission View: can read on DAG:example_branch_datetime_operator
[2025-02-20T00:53:17.389+0000] {logging_mixin.py:190} INFO - [2025-02-20T00:53:17.389+0000] {override.py:1930} INFO - Created Permission View: menu access on DAG Run:example_branch_datetime_operator
[2025-02-20T00:53:17.423+0000] {logging_mixin.py:190} INFO - [2025-02-20T00:53:17.422+0000] {override.py:1930} INFO - Created Permission View: can create on DAG Run:example_branch_datetime_operator
[2025-02-20T00:53:17.431+0000] {logging_mixin.py:190} INFO - [2025-02-20T00:53:17.431+0000] {override.py:1930} INFO - Created Permission View: can delete on DAG Run:example_branch_datetime_operator
[2025-02-20T00:53:17.441+0000] {logging_mixin.py:190} INFO - [2025-02-20T00:53:17.441+0000] {override.py:1930} INFO - Created Permission View: can read on DAG Run:example_branch_datetime_operator
[2025-02-20T00:53:17.442+0000] {logging_mixin.py:190} INFO - [2025-02-20T00:53:17.441+0000] {dag.py:3239} INFO - Sync 3 DAGs
[2025-02-20T00:53:17.456+0000] {logging_mixin.py:190} INFO - [2025-02-20T00:53:17.456+0000] {dag.py:3262} INFO - Creating ORM DAG for example_branch_datetime_operator_3
[2025-02-20T00:53:17.457+0000] {logging_mixin.py:190} INFO - [2025-02-20T00:53:17.457+0000] {dag.py:3262} INFO - Creating ORM DAG for example_branch_datetime_operator
[2025-02-20T00:53:17.457+0000] {logging_mixin.py:190} INFO - [2025-02-20T00:53:17.457+0000] {dag.py:3262} INFO - Creating ORM DAG for example_branch_datetime_operator_2
[2025-02-20T00:53:17.469+0000] {logging_mixin.py:190} INFO - [2025-02-20T00:53:17.468+0000] {dag.py:4180} INFO - Setting next_dagrun for example_branch_datetime_operator to 2025-02-19 00:00:00+00:00, run_after=2025-02-20 00:00:00+00:00
[2025-02-20T00:53:17.470+0000] {logging_mixin.py:190} INFO - [2025-02-20T00:53:17.470+0000] {dag.py:4180} INFO - Setting next_dagrun for example_branch_datetime_operator_2 to 2025-02-19 00:00:00+00:00, run_after=2025-02-20 00:00:00+00:00
[2025-02-20T00:53:17.472+0000] {logging_mixin.py:190} INFO - [2025-02-20T00:53:17.472+0000] {dag.py:4180} INFO - Setting next_dagrun for example_branch_datetime_operator_3 to 2025-02-19 00:00:00+00:00, run_after=2025-02-20 00:00:00+00:00
[2025-02-20T00:53:17.501+0000] {processor.py:208} INFO - Processing /home/ubuntu/redfin_venv/lib/python3.12/site-packages/airflow/example_dags/example_branch_datetime_operator.py took 0.494 seconds
[2025-02-20T00:54:17.811+0000] {processor.py:186} INFO - Started process (PID=3917) to work on /home/ubuntu/redfin_venv/lib/python3.12/site-packages/airflow/example_dags/example_branch_datetime_operator.py
[2025-02-20T00:54:17.813+0000] {processor.py:914} INFO - Processing file /home/ubuntu/redfin_venv/lib/python3.12/site-packages/airflow/example_dags/example_branch_datetime_operator.py for tasks to queue
[2025-02-20T00:54:17.815+0000] {logging_mixin.py:190} INFO - [2025-02-20T00:54:17.815+0000] {dagbag.py:588} INFO - Filling up the DagBag from /home/ubuntu/redfin_venv/lib/python3.12/site-packages/airflow/example_dags/example_branch_datetime_operator.py
[2025-02-20T00:54:17.829+0000] {processor.py:925} INFO - DAG(s) 'example_branch_datetime_operator_3', 'example_branch_datetime_operator_2', 'example_branch_datetime_operator' retrieved from /home/ubuntu/redfin_venv/lib/python3.12/site-packages/airflow/example_dags/example_branch_datetime_operator.py
[2025-02-20T00:54:17.852+0000] {logging_mixin.py:190} INFO - [2025-02-20T00:54:17.851+0000] {dag.py:3239} INFO - Sync 3 DAGs
[2025-02-20T00:54:17.872+0000] {logging_mixin.py:190} INFO - [2025-02-20T00:54:17.872+0000] {dag.py:4180} INFO - Setting next_dagrun for example_branch_datetime_operator to 2025-02-19 00:00:00+00:00, run_after=2025-02-20 00:00:00+00:00
[2025-02-20T00:54:17.876+0000] {logging_mixin.py:190} INFO - [2025-02-20T00:54:17.876+0000] {dag.py:4180} INFO - Setting next_dagrun for example_branch_datetime_operator_2 to 2025-02-19 00:00:00+00:00, run_after=2025-02-20 00:00:00+00:00
[2025-02-20T00:54:17.878+0000] {logging_mixin.py:190} INFO - [2025-02-20T00:54:17.878+0000] {dag.py:4180} INFO - Setting next_dagrun for example_branch_datetime_operator_3 to 2025-02-19 00:00:00+00:00, run_after=2025-02-20 00:00:00+00:00
[2025-02-20T00:54:17.905+0000] {processor.py:208} INFO - Processing /home/ubuntu/redfin_venv/lib/python3.12/site-packages/airflow/example_dags/example_branch_datetime_operator.py took 0.099 seconds
[2025-02-20T00:55:13.894+0000] {processor.py:186} INFO - Started process (PID=4159) to work on /home/ubuntu/redfin_venv/lib/python3.12/site-packages/airflow/example_dags/example_branch_datetime_operator.py
[2025-02-20T00:55:13.896+0000] {processor.py:914} INFO - Processing file /home/ubuntu/redfin_venv/lib/python3.12/site-packages/airflow/example_dags/example_branch_datetime_operator.py for tasks to queue
[2025-02-20T00:55:13.898+0000] {logging_mixin.py:190} INFO - [2025-02-20T00:55:13.897+0000] {dagbag.py:588} INFO - Filling up the DagBag from /home/ubuntu/redfin_venv/lib/python3.12/site-packages/airflow/example_dags/example_branch_datetime_operator.py
[2025-02-20T00:55:13.911+0000] {processor.py:925} INFO - DAG(s) 'example_branch_datetime_operator', 'example_branch_datetime_operator_3', 'example_branch_datetime_operator_2' retrieved from /home/ubuntu/redfin_venv/lib/python3.12/site-packages/airflow/example_dags/example_branch_datetime_operator.py
[2025-02-20T00:55:13.934+0000] {logging_mixin.py:190} INFO - [2025-02-20T00:55:13.933+0000] {dag.py:3239} INFO - Sync 3 DAGs
[2025-02-20T00:55:13.956+0000] {logging_mixin.py:190} INFO - [2025-02-20T00:55:13.955+0000] {dag.py:4180} INFO - Setting next_dagrun for example_branch_datetime_operator to 2025-02-19 00:00:00+00:00, run_after=2025-02-20 00:00:00+00:00
[2025-02-20T00:55:13.960+0000] {logging_mixin.py:190} INFO - [2025-02-20T00:55:13.960+0000] {dag.py:4180} INFO - Setting next_dagrun for example_branch_datetime_operator_2 to 2025-02-19 00:00:00+00:00, run_after=2025-02-20 00:00:00+00:00
[2025-02-20T00:55:13.962+0000] {logging_mixin.py:190} INFO - [2025-02-20T00:55:13.962+0000] {dag.py:4180} INFO - Setting next_dagrun for example_branch_datetime_operator_3 to 2025-02-19 00:00:00+00:00, run_after=2025-02-20 00:00:00+00:00
[2025-02-20T00:55:13.982+0000] {processor.py:208} INFO - Processing /home/ubuntu/redfin_venv/lib/python3.12/site-packages/airflow/example_dags/example_branch_datetime_operator.py took 0.093 seconds
[2025-02-20T00:56:32.861+0000] {processor.py:186} INFO - Started process (PID=4358) to work on /home/ubuntu/redfin_venv/lib/python3.12/site-packages/airflow/example_dags/example_branch_datetime_operator.py
[2025-02-20T00:56:32.863+0000] {processor.py:914} INFO - Processing file /home/ubuntu/redfin_venv/lib/python3.12/site-packages/airflow/example_dags/example_branch_datetime_operator.py for tasks to queue
[2025-02-20T00:56:32.865+0000] {logging_mixin.py:190} INFO - [2025-02-20T00:56:32.865+0000] {dagbag.py:588} INFO - Filling up the DagBag from /home/ubuntu/redfin_venv/lib/python3.12/site-packages/airflow/example_dags/example_branch_datetime_operator.py
[2025-02-20T00:56:32.878+0000] {processor.py:925} INFO - DAG(s) 'example_branch_datetime_operator_3', 'example_branch_datetime_operator_2', 'example_branch_datetime_operator' retrieved from /home/ubuntu/redfin_venv/lib/python3.12/site-packages/airflow/example_dags/example_branch_datetime_operator.py
[2025-02-20T00:56:32.900+0000] {logging_mixin.py:190} INFO - [2025-02-20T00:56:32.899+0000] {dag.py:3239} INFO - Sync 3 DAGs
[2025-02-20T00:56:32.922+0000] {logging_mixin.py:190} INFO - [2025-02-20T00:56:32.921+0000] {dag.py:4180} INFO - Setting next_dagrun for example_branch_datetime_operator to 2025-02-19 00:00:00+00:00, run_after=2025-02-20 00:00:00+00:00
[2025-02-20T00:56:32.926+0000] {logging_mixin.py:190} INFO - [2025-02-20T00:56:32.926+0000] {dag.py:4180} INFO - Setting next_dagrun for example_branch_datetime_operator_2 to 2025-02-19 00:00:00+00:00, run_after=2025-02-20 00:00:00+00:00
[2025-02-20T00:56:32.928+0000] {logging_mixin.py:190} INFO - [2025-02-20T00:56:32.928+0000] {dag.py:4180} INFO - Setting next_dagrun for example_branch_datetime_operator_3 to 2025-02-19 00:00:00+00:00, run_after=2025-02-20 00:00:00+00:00
[2025-02-20T00:56:32.947+0000] {processor.py:208} INFO - Processing /home/ubuntu/redfin_venv/lib/python3.12/site-packages/airflow/example_dags/example_branch_datetime_operator.py took 0.092 seconds
[2025-02-20T00:57:29.960+0000] {processor.py:186} INFO - Started process (PID=4542) to work on /home/ubuntu/redfin_venv/lib/python3.12/site-packages/airflow/example_dags/example_branch_datetime_operator.py
[2025-02-20T00:57:29.961+0000] {processor.py:914} INFO - Processing file /home/ubuntu/redfin_venv/lib/python3.12/site-packages/airflow/example_dags/example_branch_datetime_operator.py for tasks to queue
[2025-02-20T00:57:29.963+0000] {logging_mixin.py:190} INFO - [2025-02-20T00:57:29.963+0000] {dagbag.py:588} INFO - Filling up the DagBag from /home/ubuntu/redfin_venv/lib/python3.12/site-packages/airflow/example_dags/example_branch_datetime_operator.py
[2025-02-20T00:57:29.980+0000] {processor.py:925} INFO - DAG(s) 'example_branch_datetime_operator_3', 'example_branch_datetime_operator_2', 'example_branch_datetime_operator' retrieved from /home/ubuntu/redfin_venv/lib/python3.12/site-packages/airflow/example_dags/example_branch_datetime_operator.py
[2025-02-20T00:57:30.004+0000] {logging_mixin.py:190} INFO - [2025-02-20T00:57:30.004+0000] {dag.py:3239} INFO - Sync 3 DAGs
[2025-02-20T00:57:30.028+0000] {logging_mixin.py:190} INFO - [2025-02-20T00:57:30.028+0000] {dag.py:4180} INFO - Setting next_dagrun for example_branch_datetime_operator to 2025-02-19 00:00:00+00:00, run_after=2025-02-20 00:00:00+00:00
[2025-02-20T00:57:30.036+0000] {logging_mixin.py:190} INFO - [2025-02-20T00:57:30.035+0000] {dag.py:4180} INFO - Setting next_dagrun for example_branch_datetime_operator_2 to 2025-02-19 00:00:00+00:00, run_after=2025-02-20 00:00:00+00:00
[2025-02-20T00:57:30.041+0000] {logging_mixin.py:190} INFO - [2025-02-20T00:57:30.041+0000] {dag.py:4180} INFO - Setting next_dagrun for example_branch_datetime_operator_3 to 2025-02-19 00:00:00+00:00, run_after=2025-02-20 00:00:00+00:00
[2025-02-20T00:57:30.070+0000] {processor.py:208} INFO - Processing /home/ubuntu/redfin_venv/lib/python3.12/site-packages/airflow/example_dags/example_branch_datetime_operator.py took 0.116 seconds
[2025-02-20T00:58:48.783+0000] {processor.py:186} INFO - Started process (PID=4682) to work on /home/ubuntu/redfin_venv/lib/python3.12/site-packages/airflow/example_dags/example_branch_datetime_operator.py
[2025-02-20T00:58:48.785+0000] {processor.py:914} INFO - Processing file /home/ubuntu/redfin_venv/lib/python3.12/site-packages/airflow/example_dags/example_branch_datetime_operator.py for tasks to queue
[2025-02-20T00:58:48.787+0000] {logging_mixin.py:190} INFO - [2025-02-20T00:58:48.786+0000] {dagbag.py:588} INFO - Filling up the DagBag from /home/ubuntu/redfin_venv/lib/python3.12/site-packages/airflow/example_dags/example_branch_datetime_operator.py
[2025-02-20T00:58:48.799+0000] {processor.py:925} INFO - DAG(s) 'example_branch_datetime_operator_2', 'example_branch_datetime_operator', 'example_branch_datetime_operator_3' retrieved from /home/ubuntu/redfin_venv/lib/python3.12/site-packages/airflow/example_dags/example_branch_datetime_operator.py
[2025-02-20T00:58:48.821+0000] {logging_mixin.py:190} INFO - [2025-02-20T00:58:48.821+0000] {dag.py:3239} INFO - Sync 3 DAGs
[2025-02-20T00:58:48.842+0000] {logging_mixin.py:190} INFO - [2025-02-20T00:58:48.841+0000] {dag.py:4180} INFO - Setting next_dagrun for example_branch_datetime_operator to 2025-02-19 00:00:00+00:00, run_after=2025-02-20 00:00:00+00:00
[2025-02-20T00:58:48.846+0000] {logging_mixin.py:190} INFO - [2025-02-20T00:58:48.846+0000] {dag.py:4180} INFO - Setting next_dagrun for example_branch_datetime_operator_2 to 2025-02-19 00:00:00+00:00, run_after=2025-02-20 00:00:00+00:00
[2025-02-20T00:58:48.848+0000] {logging_mixin.py:190} INFO - [2025-02-20T00:58:48.848+0000] {dag.py:4180} INFO - Setting next_dagrun for example_branch_datetime_operator_3 to 2025-02-19 00:00:00+00:00, run_after=2025-02-20 00:00:00+00:00
[2025-02-20T00:58:48.868+0000] {processor.py:208} INFO - Processing /home/ubuntu/redfin_venv/lib/python3.12/site-packages/airflow/example_dags/example_branch_datetime_operator.py took 0.090 seconds
[2025-02-20T01:00:06.201+0000] {processor.py:186} INFO - Started process (PID=4998) to work on /home/ubuntu/redfin_venv/lib/python3.12/site-packages/airflow/example_dags/example_branch_datetime_operator.py
[2025-02-20T01:00:06.203+0000] {processor.py:914} INFO - Processing file /home/ubuntu/redfin_venv/lib/python3.12/site-packages/airflow/example_dags/example_branch_datetime_operator.py for tasks to queue
[2025-02-20T01:00:06.204+0000] {logging_mixin.py:190} INFO - [2025-02-20T01:00:06.204+0000] {dagbag.py:588} INFO - Filling up the DagBag from /home/ubuntu/redfin_venv/lib/python3.12/site-packages/airflow/example_dags/example_branch_datetime_operator.py
[2025-02-20T01:00:06.222+0000] {processor.py:925} INFO - DAG(s) 'example_branch_datetime_operator_3', 'example_branch_datetime_operator_2', 'example_branch_datetime_operator' retrieved from /home/ubuntu/redfin_venv/lib/python3.12/site-packages/airflow/example_dags/example_branch_datetime_operator.py
[2025-02-20T01:00:06.245+0000] {logging_mixin.py:190} INFO - [2025-02-20T01:00:06.245+0000] {dag.py:3239} INFO - Sync 3 DAGs
[2025-02-20T01:00:06.277+0000] {logging_mixin.py:190} INFO - [2025-02-20T01:00:06.277+0000] {dag.py:4180} INFO - Setting next_dagrun for example_branch_datetime_operator to 2025-02-19 00:00:00+00:00, run_after=2025-02-20 00:00:00+00:00
[2025-02-20T01:00:06.283+0000] {logging_mixin.py:190} INFO - [2025-02-20T01:00:06.283+0000] {dag.py:4180} INFO - Setting next_dagrun for example_branch_datetime_operator_2 to 2025-02-19 00:00:00+00:00, run_after=2025-02-20 00:00:00+00:00
[2025-02-20T01:00:06.285+0000] {logging_mixin.py:190} INFO - [2025-02-20T01:00:06.285+0000] {dag.py:4180} INFO - Setting next_dagrun for example_branch_datetime_operator_3 to 2025-02-19 00:00:00+00:00, run_after=2025-02-20 00:00:00+00:00
[2025-02-20T01:00:06.306+0000] {processor.py:208} INFO - Processing /home/ubuntu/redfin_venv/lib/python3.12/site-packages/airflow/example_dags/example_branch_datetime_operator.py took 0.111 seconds
[2025-02-20T01:01:01.915+0000] {processor.py:186} INFO - Started process (PID=5441) to work on /home/ubuntu/redfin_venv/lib/python3.12/site-packages/airflow/example_dags/example_branch_datetime_operator.py
[2025-02-20T01:01:01.917+0000] {processor.py:914} INFO - Processing file /home/ubuntu/redfin_venv/lib/python3.12/site-packages/airflow/example_dags/example_branch_datetime_operator.py for tasks to queue
[2025-02-20T01:01:01.919+0000] {logging_mixin.py:190} INFO - [2025-02-20T01:01:01.918+0000] {dagbag.py:588} INFO - Filling up the DagBag from /home/ubuntu/redfin_venv/lib/python3.12/site-packages/airflow/example_dags/example_branch_datetime_operator.py
[2025-02-20T01:01:01.932+0000] {processor.py:925} INFO - DAG(s) 'example_branch_datetime_operator_3', 'example_branch_datetime_operator', 'example_branch_datetime_operator_2' retrieved from /home/ubuntu/redfin_venv/lib/python3.12/site-packages/airflow/example_dags/example_branch_datetime_operator.py
[2025-02-20T01:01:01.960+0000] {logging_mixin.py:190} INFO - [2025-02-20T01:01:01.960+0000] {dag.py:3239} INFO - Sync 3 DAGs
[2025-02-20T01:01:01.989+0000] {logging_mixin.py:190} INFO - [2025-02-20T01:01:01.988+0000] {dag.py:4180} INFO - Setting next_dagrun for example_branch_datetime_operator to 2025-02-19 00:00:00+00:00, run_after=2025-02-20 00:00:00+00:00
[2025-02-20T01:01:01.993+0000] {logging_mixin.py:190} INFO - [2025-02-20T01:01:01.993+0000] {dag.py:4180} INFO - Setting next_dagrun for example_branch_datetime_operator_2 to 2025-02-19 00:00:00+00:00, run_after=2025-02-20 00:00:00+00:00
[2025-02-20T01:01:01.995+0000] {logging_mixin.py:190} INFO - [2025-02-20T01:01:01.995+0000] {dag.py:4180} INFO - Setting next_dagrun for example_branch_datetime_operator_3 to 2025-02-19 00:00:00+00:00, run_after=2025-02-20 00:00:00+00:00
[2025-02-20T01:01:02.021+0000] {processor.py:208} INFO - Processing /home/ubuntu/redfin_venv/lib/python3.12/site-packages/airflow/example_dags/example_branch_datetime_operator.py took 0.112 seconds
