[2025-02-20T00:52:33.379+0000] {processor.py:186} INFO - Started process (PID=3516) to work on /home/ubuntu/redfin_venv/lib/python3.12/site-packages/airflow/example_dags/example_task_group_decorator.py
[2025-02-20T00:52:33.381+0000] {processor.py:914} INFO - Processing file /home/ubuntu/redfin_venv/lib/python3.12/site-packages/airflow/example_dags/example_task_group_decorator.py for tasks to queue
[2025-02-20T00:52:33.384+0000] {logging_mixin.py:190} INFO - [2025-02-20T00:52:33.383+0000] {dagbag.py:588} INFO - Filling up the DagBag from /home/ubuntu/redfin_venv/lib/python3.12/site-packages/airflow/example_dags/example_task_group_decorator.py
[2025-02-20T00:52:33.420+0000] {processor.py:925} INFO - DAG(s) 'example_task_group_decorator' retrieved from /home/ubuntu/redfin_venv/lib/python3.12/site-packages/airflow/example_dags/example_task_group_decorator.py
[2025-02-20T00:52:33.583+0000] {logging_mixin.py:190} INFO - [2025-02-20T00:52:33.582+0000] {override.py:1930} INFO - Created Permission View: can edit on DAG:example_task_group_decorator
[2025-02-20T00:52:33.614+0000] {logging_mixin.py:190} INFO - [2025-02-20T00:52:33.614+0000] {override.py:1930} INFO - Created Permission View: can delete on DAG:example_task_group_decorator
[2025-02-20T00:52:33.630+0000] {logging_mixin.py:190} INFO - [2025-02-20T00:52:33.630+0000] {override.py:1930} INFO - Created Permission View: can read on DAG:example_task_group_decorator
[2025-02-20T00:52:33.650+0000] {logging_mixin.py:190} INFO - [2025-02-20T00:52:33.650+0000] {override.py:1930} INFO - Created Permission View: menu access on DAG Run:example_task_group_decorator
[2025-02-20T00:52:33.661+0000] {logging_mixin.py:190} INFO - [2025-02-20T00:52:33.660+0000] {override.py:1930} INFO - Created Permission View: can create on DAG Run:example_task_group_decorator
[2025-02-20T00:52:33.671+0000] {logging_mixin.py:190} INFO - [2025-02-20T00:52:33.671+0000] {override.py:1930} INFO - Created Permission View: can delete on DAG Run:example_task_group_decorator
[2025-02-20T00:52:33.681+0000] {logging_mixin.py:190} INFO - [2025-02-20T00:52:33.681+0000] {override.py:1930} INFO - Created Permission View: can read on DAG Run:example_task_group_decorator
[2025-02-20T00:52:33.682+0000] {logging_mixin.py:190} INFO - [2025-02-20T00:52:33.681+0000] {dag.py:3239} INFO - Sync 1 DAGs
[2025-02-20T00:52:33.695+0000] {logging_mixin.py:190} INFO - [2025-02-20T00:52:33.695+0000] {dag.py:3262} INFO - Creating ORM DAG for example_task_group_decorator
[2025-02-20T00:52:33.696+0000] {logging_mixin.py:190} INFO - [2025-02-20T00:52:33.696+0000] {dag.py:4180} INFO - Setting next_dagrun for example_task_group_decorator to None, run_after=None
[2025-02-20T00:52:33.721+0000] {processor.py:208} INFO - Processing /home/ubuntu/redfin_venv/lib/python3.12/site-packages/airflow/example_dags/example_task_group_decorator.py took 0.354 seconds
[2025-02-20T00:53:38.323+0000] {processor.py:186} INFO - Started process (PID=3874) to work on /home/ubuntu/redfin_venv/lib/python3.12/site-packages/airflow/example_dags/example_task_group_decorator.py
[2025-02-20T00:53:38.358+0000] {processor.py:914} INFO - Processing file /home/ubuntu/redfin_venv/lib/python3.12/site-packages/airflow/example_dags/example_task_group_decorator.py for tasks to queue
[2025-02-20T00:53:38.360+0000] {logging_mixin.py:190} INFO - [2025-02-20T00:53:38.360+0000] {dagbag.py:588} INFO - Filling up the DagBag from /home/ubuntu/redfin_venv/lib/python3.12/site-packages/airflow/example_dags/example_task_group_decorator.py
[2025-02-20T00:53:38.377+0000] {processor.py:925} INFO - DAG(s) 'example_task_group_decorator' retrieved from /home/ubuntu/redfin_venv/lib/python3.12/site-packages/airflow/example_dags/example_task_group_decorator.py
[2025-02-20T00:53:38.399+0000] {logging_mixin.py:190} INFO - [2025-02-20T00:53:38.399+0000] {dag.py:3239} INFO - Sync 1 DAGs
[2025-02-20T00:53:38.413+0000] {logging_mixin.py:190} INFO - [2025-02-20T00:53:38.412+0000] {dag.py:4180} INFO - Setting next_dagrun for example_task_group_decorator to None, run_after=None
[2025-02-20T00:53:38.434+0000] {processor.py:208} INFO - Processing /home/ubuntu/redfin_venv/lib/python3.12/site-packages/airflow/example_dags/example_task_group_decorator.py took 0.117 seconds
[2025-02-20T00:54:34.897+0000] {processor.py:186} INFO - Started process (PID=4116) to work on /home/ubuntu/redfin_venv/lib/python3.12/site-packages/airflow/example_dags/example_task_group_decorator.py
[2025-02-20T00:54:34.900+0000] {processor.py:914} INFO - Processing file /home/ubuntu/redfin_venv/lib/python3.12/site-packages/airflow/example_dags/example_task_group_decorator.py for tasks to queue
[2025-02-20T00:54:34.905+0000] {logging_mixin.py:190} INFO - [2025-02-20T00:54:34.904+0000] {dagbag.py:588} INFO - Filling up the DagBag from /home/ubuntu/redfin_venv/lib/python3.12/site-packages/airflow/example_dags/example_task_group_decorator.py
[2025-02-20T00:54:34.922+0000] {processor.py:925} INFO - DAG(s) 'example_task_group_decorator' retrieved from /home/ubuntu/redfin_venv/lib/python3.12/site-packages/airflow/example_dags/example_task_group_decorator.py
[2025-02-20T00:54:34.947+0000] {logging_mixin.py:190} INFO - [2025-02-20T00:54:34.947+0000] {dag.py:3239} INFO - Sync 1 DAGs
[2025-02-20T00:54:34.960+0000] {logging_mixin.py:190} INFO - [2025-02-20T00:54:34.960+0000] {dag.py:4180} INFO - Setting next_dagrun for example_task_group_decorator to None, run_after=None
[2025-02-20T00:54:34.985+0000] {processor.py:208} INFO - Processing /home/ubuntu/redfin_venv/lib/python3.12/site-packages/airflow/example_dags/example_task_group_decorator.py took 0.102 seconds
[2025-02-20T00:55:26.422+0000] {processor.py:186} INFO - Started process (PID=4232) to work on /home/ubuntu/redfin_venv/lib/python3.12/site-packages/airflow/example_dags/example_task_group_decorator.py
[2025-02-20T00:55:26.424+0000] {processor.py:914} INFO - Processing file /home/ubuntu/redfin_venv/lib/python3.12/site-packages/airflow/example_dags/example_task_group_decorator.py for tasks to queue
[2025-02-20T00:55:26.427+0000] {logging_mixin.py:190} INFO - [2025-02-20T00:55:26.427+0000] {dagbag.py:588} INFO - Filling up the DagBag from /home/ubuntu/redfin_venv/lib/python3.12/site-packages/airflow/example_dags/example_task_group_decorator.py
[2025-02-20T00:55:26.449+0000] {processor.py:925} INFO - DAG(s) 'example_task_group_decorator' retrieved from /home/ubuntu/redfin_venv/lib/python3.12/site-packages/airflow/example_dags/example_task_group_decorator.py
[2025-02-20T00:55:26.471+0000] {logging_mixin.py:190} INFO - [2025-02-20T00:55:26.471+0000] {dag.py:3239} INFO - Sync 1 DAGs
[2025-02-20T00:55:26.486+0000] {logging_mixin.py:190} INFO - [2025-02-20T00:55:26.486+0000] {dag.py:4180} INFO - Setting next_dagrun for example_task_group_decorator to None, run_after=None
[2025-02-20T00:55:26.511+0000] {processor.py:208} INFO - Processing /home/ubuntu/redfin_venv/lib/python3.12/site-packages/airflow/example_dags/example_task_group_decorator.py took 0.097 seconds
[2025-02-20T00:56:18.933+0000] {processor.py:186} INFO - Started process (PID=4310) to work on /home/ubuntu/redfin_venv/lib/python3.12/site-packages/airflow/example_dags/example_task_group_decorator.py
[2025-02-20T00:56:18.935+0000] {processor.py:914} INFO - Processing file /home/ubuntu/redfin_venv/lib/python3.12/site-packages/airflow/example_dags/example_task_group_decorator.py for tasks to queue
[2025-02-20T00:56:18.937+0000] {logging_mixin.py:190} INFO - [2025-02-20T00:56:18.937+0000] {dagbag.py:588} INFO - Filling up the DagBag from /home/ubuntu/redfin_venv/lib/python3.12/site-packages/airflow/example_dags/example_task_group_decorator.py
[2025-02-20T00:56:18.953+0000] {processor.py:925} INFO - DAG(s) 'example_task_group_decorator' retrieved from /home/ubuntu/redfin_venv/lib/python3.12/site-packages/airflow/example_dags/example_task_group_decorator.py
[2025-02-20T00:56:18.973+0000] {logging_mixin.py:190} INFO - [2025-02-20T00:56:18.973+0000] {dag.py:3239} INFO - Sync 1 DAGs
[2025-02-20T00:56:18.986+0000] {logging_mixin.py:190} INFO - [2025-02-20T00:56:18.985+0000] {dag.py:4180} INFO - Setting next_dagrun for example_task_group_decorator to None, run_after=None
[2025-02-20T00:56:19.008+0000] {processor.py:208} INFO - Processing /home/ubuntu/redfin_venv/lib/python3.12/site-packages/airflow/example_dags/example_task_group_decorator.py took 0.081 seconds
[2025-02-20T00:57:13.047+0000] {processor.py:186} INFO - Started process (PID=4405) to work on /home/ubuntu/redfin_venv/lib/python3.12/site-packages/airflow/example_dags/example_task_group_decorator.py
[2025-02-20T00:57:13.048+0000] {processor.py:914} INFO - Processing file /home/ubuntu/redfin_venv/lib/python3.12/site-packages/airflow/example_dags/example_task_group_decorator.py for tasks to queue
[2025-02-20T00:57:13.051+0000] {logging_mixin.py:190} INFO - [2025-02-20T00:57:13.051+0000] {dagbag.py:588} INFO - Filling up the DagBag from /home/ubuntu/redfin_venv/lib/python3.12/site-packages/airflow/example_dags/example_task_group_decorator.py
[2025-02-20T00:57:13.070+0000] {processor.py:925} INFO - DAG(s) 'example_task_group_decorator' retrieved from /home/ubuntu/redfin_venv/lib/python3.12/site-packages/airflow/example_dags/example_task_group_decorator.py
[2025-02-20T00:57:13.093+0000] {logging_mixin.py:190} INFO - [2025-02-20T00:57:13.093+0000] {dag.py:3239} INFO - Sync 1 DAGs
[2025-02-20T00:57:13.107+0000] {logging_mixin.py:190} INFO - [2025-02-20T00:57:13.107+0000] {dag.py:4180} INFO - Setting next_dagrun for example_task_group_decorator to None, run_after=None
[2025-02-20T00:57:13.130+0000] {processor.py:208} INFO - Processing /home/ubuntu/redfin_venv/lib/python3.12/site-packages/airflow/example_dags/example_task_group_decorator.py took 0.090 seconds
[2025-02-20T00:58:07.665+0000] {processor.py:186} INFO - Started process (PID=4580) to work on /home/ubuntu/redfin_venv/lib/python3.12/site-packages/airflow/example_dags/example_task_group_decorator.py
[2025-02-20T00:58:07.666+0000] {processor.py:914} INFO - Processing file /home/ubuntu/redfin_venv/lib/python3.12/site-packages/airflow/example_dags/example_task_group_decorator.py for tasks to queue
[2025-02-20T00:58:07.669+0000] {logging_mixin.py:190} INFO - [2025-02-20T00:58:07.669+0000] {dagbag.py:588} INFO - Filling up the DagBag from /home/ubuntu/redfin_venv/lib/python3.12/site-packages/airflow/example_dags/example_task_group_decorator.py
[2025-02-20T00:58:07.685+0000] {processor.py:925} INFO - DAG(s) 'example_task_group_decorator' retrieved from /home/ubuntu/redfin_venv/lib/python3.12/site-packages/airflow/example_dags/example_task_group_decorator.py
[2025-02-20T00:58:07.706+0000] {logging_mixin.py:190} INFO - [2025-02-20T00:58:07.706+0000] {dag.py:3239} INFO - Sync 1 DAGs
[2025-02-20T00:58:07.719+0000] {logging_mixin.py:190} INFO - [2025-02-20T00:58:07.719+0000] {dag.py:4180} INFO - Setting next_dagrun for example_task_group_decorator to None, run_after=None
[2025-02-20T00:58:07.741+0000] {processor.py:208} INFO - Processing /home/ubuntu/redfin_venv/lib/python3.12/site-packages/airflow/example_dags/example_task_group_decorator.py took 0.087 seconds
[2025-02-20T00:59:00.516+0000] {processor.py:186} INFO - Started process (PID=4694) to work on /home/ubuntu/redfin_venv/lib/python3.12/site-packages/airflow/example_dags/example_task_group_decorator.py
[2025-02-20T00:59:00.518+0000] {processor.py:914} INFO - Processing file /home/ubuntu/redfin_venv/lib/python3.12/site-packages/airflow/example_dags/example_task_group_decorator.py for tasks to queue
[2025-02-20T00:59:00.521+0000] {logging_mixin.py:190} INFO - [2025-02-20T00:59:00.520+0000] {dagbag.py:588} INFO - Filling up the DagBag from /home/ubuntu/redfin_venv/lib/python3.12/site-packages/airflow/example_dags/example_task_group_decorator.py
[2025-02-20T00:59:00.542+0000] {processor.py:925} INFO - DAG(s) 'example_task_group_decorator' retrieved from /home/ubuntu/redfin_venv/lib/python3.12/site-packages/airflow/example_dags/example_task_group_decorator.py
[2025-02-20T00:59:00.565+0000] {logging_mixin.py:190} INFO - [2025-02-20T00:59:00.565+0000] {dag.py:3239} INFO - Sync 1 DAGs
[2025-02-20T00:59:00.579+0000] {logging_mixin.py:190} INFO - [2025-02-20T00:59:00.578+0000] {dag.py:4180} INFO - Setting next_dagrun for example_task_group_decorator to None, run_after=None
[2025-02-20T00:59:00.601+0000] {processor.py:208} INFO - Processing /home/ubuntu/redfin_venv/lib/python3.12/site-packages/airflow/example_dags/example_task_group_decorator.py took 0.092 seconds
[2025-02-20T00:59:52.238+0000] {processor.py:186} INFO - Started process (PID=4809) to work on /home/ubuntu/redfin_venv/lib/python3.12/site-packages/airflow/example_dags/example_task_group_decorator.py
[2025-02-20T00:59:52.240+0000] {processor.py:914} INFO - Processing file /home/ubuntu/redfin_venv/lib/python3.12/site-packages/airflow/example_dags/example_task_group_decorator.py for tasks to queue
[2025-02-20T00:59:52.242+0000] {logging_mixin.py:190} INFO - [2025-02-20T00:59:52.242+0000] {dagbag.py:588} INFO - Filling up the DagBag from /home/ubuntu/redfin_venv/lib/python3.12/site-packages/airflow/example_dags/example_task_group_decorator.py
[2025-02-20T00:59:52.262+0000] {processor.py:925} INFO - DAG(s) 'example_task_group_decorator' retrieved from /home/ubuntu/redfin_venv/lib/python3.12/site-packages/airflow/example_dags/example_task_group_decorator.py
[2025-02-20T00:59:52.284+0000] {logging_mixin.py:190} INFO - [2025-02-20T00:59:52.283+0000] {dag.py:3239} INFO - Sync 1 DAGs
[2025-02-20T00:59:52.298+0000] {logging_mixin.py:190} INFO - [2025-02-20T00:59:52.298+0000] {dag.py:4180} INFO - Setting next_dagrun for example_task_group_decorator to None, run_after=None
[2025-02-20T00:59:52.320+0000] {processor.py:208} INFO - Processing /home/ubuntu/redfin_venv/lib/python3.12/site-packages/airflow/example_dags/example_task_group_decorator.py took 0.088 seconds
[2025-02-20T01:00:45.242+0000] {processor.py:186} INFO - Started process (PID=5361) to work on /home/ubuntu/redfin_venv/lib/python3.12/site-packages/airflow/example_dags/example_task_group_decorator.py
[2025-02-20T01:00:45.243+0000] {processor.py:914} INFO - Processing file /home/ubuntu/redfin_venv/lib/python3.12/site-packages/airflow/example_dags/example_task_group_decorator.py for tasks to queue
[2025-02-20T01:00:45.246+0000] {logging_mixin.py:190} INFO - [2025-02-20T01:00:45.246+0000] {dagbag.py:588} INFO - Filling up the DagBag from /home/ubuntu/redfin_venv/lib/python3.12/site-packages/airflow/example_dags/example_task_group_decorator.py
[2025-02-20T01:00:45.265+0000] {processor.py:925} INFO - DAG(s) 'example_task_group_decorator' retrieved from /home/ubuntu/redfin_venv/lib/python3.12/site-packages/airflow/example_dags/example_task_group_decorator.py
[2025-02-20T01:00:45.289+0000] {logging_mixin.py:190} INFO - [2025-02-20T01:00:45.288+0000] {dag.py:3239} INFO - Sync 1 DAGs
[2025-02-20T01:00:45.305+0000] {logging_mixin.py:190} INFO - [2025-02-20T01:00:45.305+0000] {dag.py:4180} INFO - Setting next_dagrun for example_task_group_decorator to None, run_after=None
[2025-02-20T01:00:45.329+0000] {processor.py:208} INFO - Processing /home/ubuntu/redfin_venv/lib/python3.12/site-packages/airflow/example_dags/example_task_group_decorator.py took 0.094 seconds
