[2025-02-20T00:53:20.129+0000] {processor.py:186} INFO - Started process (PID=3735) to work on /home/ubuntu/redfin_venv/lib/python3.12/site-packages/airflow/example_dags/example_branch_python_dop_operator_3.py
[2025-02-20T00:53:20.129+0000] {processor.py:914} INFO - Processing file /home/ubuntu/redfin_venv/lib/python3.12/site-packages/airflow/example_dags/example_branch_python_dop_operator_3.py for tasks to queue
[2025-02-20T00:53:20.132+0000] {logging_mixin.py:190} INFO - [2025-02-20T00:53:20.131+0000] {dagbag.py:588} INFO - Filling up the DagBag from /home/ubuntu/redfin_venv/lib/python3.12/site-packages/airflow/example_dags/example_branch_python_dop_operator_3.py
[2025-02-20T00:53:20.148+0000] {processor.py:925} INFO - DAG(s) 'example_branch_dop_operator_v3' retrieved from /home/ubuntu/redfin_venv/lib/python3.12/site-packages/airflow/example_dags/example_branch_python_dop_operator_3.py
[2025-02-20T00:53:20.289+0000] {logging_mixin.py:190} INFO - [2025-02-20T00:53:20.288+0000] {override.py:1930} INFO - Created Permission View: can edit on DAG:example_branch_dop_operator_v3
[2025-02-20T00:53:20.305+0000] {logging_mixin.py:190} INFO - [2025-02-20T00:53:20.305+0000] {override.py:1930} INFO - Created Permission View: can delete on DAG:example_branch_dop_operator_v3
[2025-02-20T00:53:20.317+0000] {logging_mixin.py:190} INFO - [2025-02-20T00:53:20.317+0000] {override.py:1930} INFO - Created Permission View: can read on DAG:example_branch_dop_operator_v3
[2025-02-20T00:53:20.331+0000] {logging_mixin.py:190} INFO - [2025-02-20T00:53:20.331+0000] {override.py:1930} INFO - Created Permission View: menu access on DAG Run:example_branch_dop_operator_v3
[2025-02-20T00:53:20.340+0000] {logging_mixin.py:190} INFO - [2025-02-20T00:53:20.339+0000] {override.py:1930} INFO - Created Permission View: can create on DAG Run:example_branch_dop_operator_v3
[2025-02-20T00:53:20.353+0000] {logging_mixin.py:190} INFO - [2025-02-20T00:53:20.352+0000] {override.py:1930} INFO - Created Permission View: can delete on DAG Run:example_branch_dop_operator_v3
[2025-02-20T00:53:20.365+0000] {logging_mixin.py:190} INFO - [2025-02-20T00:53:20.364+0000] {override.py:1930} INFO - Created Permission View: can read on DAG Run:example_branch_dop_operator_v3
[2025-02-20T00:53:20.365+0000] {logging_mixin.py:190} INFO - [2025-02-20T00:53:20.365+0000] {dag.py:3239} INFO - Sync 1 DAGs
[2025-02-20T00:53:20.384+0000] {logging_mixin.py:190} INFO - [2025-02-20T00:53:20.384+0000] {dag.py:3262} INFO - Creating ORM DAG for example_branch_dop_operator_v3
[2025-02-20T00:53:20.403+0000] {logging_mixin.py:190} INFO - [2025-02-20T00:53:20.403+0000] {dag.py:4180} INFO - Setting next_dagrun for example_branch_dop_operator_v3 to 2025-02-20 00:52:00+00:00, run_after=2025-02-20 00:53:00+00:00
[2025-02-20T00:53:20.439+0000] {processor.py:208} INFO - Processing /home/ubuntu/redfin_venv/lib/python3.12/site-packages/airflow/example_dags/example_branch_python_dop_operator_3.py took 0.320 seconds
[2025-02-20T00:54:20.882+0000] {processor.py:186} INFO - Started process (PID=3980) to work on /home/ubuntu/redfin_venv/lib/python3.12/site-packages/airflow/example_dags/example_branch_python_dop_operator_3.py
[2025-02-20T00:54:20.884+0000] {processor.py:914} INFO - Processing file /home/ubuntu/redfin_venv/lib/python3.12/site-packages/airflow/example_dags/example_branch_python_dop_operator_3.py for tasks to queue
[2025-02-20T00:54:20.886+0000] {logging_mixin.py:190} INFO - [2025-02-20T00:54:20.885+0000] {dagbag.py:588} INFO - Filling up the DagBag from /home/ubuntu/redfin_venv/lib/python3.12/site-packages/airflow/example_dags/example_branch_python_dop_operator_3.py
[2025-02-20T00:54:20.897+0000] {processor.py:925} INFO - DAG(s) 'example_branch_dop_operator_v3' retrieved from /home/ubuntu/redfin_venv/lib/python3.12/site-packages/airflow/example_dags/example_branch_python_dop_operator_3.py
[2025-02-20T00:54:20.913+0000] {logging_mixin.py:190} INFO - [2025-02-20T00:54:20.913+0000] {dag.py:3239} INFO - Sync 1 DAGs
[2025-02-20T00:54:20.935+0000] {logging_mixin.py:190} INFO - [2025-02-20T00:54:20.935+0000] {dag.py:4180} INFO - Setting next_dagrun for example_branch_dop_operator_v3 to 2025-02-20 00:53:00+00:00, run_after=2025-02-20 00:54:00+00:00
[2025-02-20T00:54:20.957+0000] {processor.py:208} INFO - Processing /home/ubuntu/redfin_venv/lib/python3.12/site-packages/airflow/example_dags/example_branch_python_dop_operator_3.py took 0.081 seconds
[2025-02-20T00:55:16.504+0000] {processor.py:186} INFO - Started process (PID=4162) to work on /home/ubuntu/redfin_venv/lib/python3.12/site-packages/airflow/example_dags/example_branch_python_dop_operator_3.py
[2025-02-20T00:55:16.508+0000] {processor.py:914} INFO - Processing file /home/ubuntu/redfin_venv/lib/python3.12/site-packages/airflow/example_dags/example_branch_python_dop_operator_3.py for tasks to queue
[2025-02-20T00:55:16.511+0000] {logging_mixin.py:190} INFO - [2025-02-20T00:55:16.510+0000] {dagbag.py:588} INFO - Filling up the DagBag from /home/ubuntu/redfin_venv/lib/python3.12/site-packages/airflow/example_dags/example_branch_python_dop_operator_3.py
[2025-02-20T00:55:16.528+0000] {processor.py:925} INFO - DAG(s) 'example_branch_dop_operator_v3' retrieved from /home/ubuntu/redfin_venv/lib/python3.12/site-packages/airflow/example_dags/example_branch_python_dop_operator_3.py
[2025-02-20T00:55:16.551+0000] {logging_mixin.py:190} INFO - [2025-02-20T00:55:16.551+0000] {dag.py:3239} INFO - Sync 1 DAGs
[2025-02-20T00:55:16.589+0000] {logging_mixin.py:190} INFO - [2025-02-20T00:55:16.589+0000] {dag.py:4180} INFO - Setting next_dagrun for example_branch_dop_operator_v3 to 2025-02-20 00:54:00+00:00, run_after=2025-02-20 00:55:00+00:00
[2025-02-20T00:55:16.623+0000] {processor.py:208} INFO - Processing /home/ubuntu/redfin_venv/lib/python3.12/site-packages/airflow/example_dags/example_branch_python_dop_operator_3.py took 0.130 seconds
[2025-02-20T00:56:34.343+0000] {processor.py:186} INFO - Started process (PID=4368) to work on /home/ubuntu/redfin_venv/lib/python3.12/site-packages/airflow/example_dags/example_branch_python_dop_operator_3.py
[2025-02-20T00:56:34.344+0000] {processor.py:914} INFO - Processing file /home/ubuntu/redfin_venv/lib/python3.12/site-packages/airflow/example_dags/example_branch_python_dop_operator_3.py for tasks to queue
[2025-02-20T00:56:34.346+0000] {logging_mixin.py:190} INFO - [2025-02-20T00:56:34.346+0000] {dagbag.py:588} INFO - Filling up the DagBag from /home/ubuntu/redfin_venv/lib/python3.12/site-packages/airflow/example_dags/example_branch_python_dop_operator_3.py
[2025-02-20T00:56:34.358+0000] {processor.py:925} INFO - DAG(s) 'example_branch_dop_operator_v3' retrieved from /home/ubuntu/redfin_venv/lib/python3.12/site-packages/airflow/example_dags/example_branch_python_dop_operator_3.py
[2025-02-20T00:56:34.374+0000] {logging_mixin.py:190} INFO - [2025-02-20T00:56:34.374+0000] {dag.py:3239} INFO - Sync 1 DAGs
[2025-02-20T00:56:34.397+0000] {logging_mixin.py:190} INFO - [2025-02-20T00:56:34.397+0000] {dag.py:4180} INFO - Setting next_dagrun for example_branch_dop_operator_v3 to 2025-02-20 00:55:00+00:00, run_after=2025-02-20 00:56:00+00:00
[2025-02-20T00:56:34.420+0000] {processor.py:208} INFO - Processing /home/ubuntu/redfin_venv/lib/python3.12/site-packages/airflow/example_dags/example_branch_python_dop_operator_3.py took 0.083 seconds
[2025-02-20T00:57:55.443+0000] {processor.py:186} INFO - Started process (PID=4568) to work on /home/ubuntu/redfin_venv/lib/python3.12/site-packages/airflow/example_dags/example_branch_python_dop_operator_3.py
[2025-02-20T00:57:55.444+0000] {processor.py:914} INFO - Processing file /home/ubuntu/redfin_venv/lib/python3.12/site-packages/airflow/example_dags/example_branch_python_dop_operator_3.py for tasks to queue
[2025-02-20T00:57:55.446+0000] {logging_mixin.py:190} INFO - [2025-02-20T00:57:55.446+0000] {dagbag.py:588} INFO - Filling up the DagBag from /home/ubuntu/redfin_venv/lib/python3.12/site-packages/airflow/example_dags/example_branch_python_dop_operator_3.py
[2025-02-20T00:57:55.459+0000] {processor.py:925} INFO - DAG(s) 'example_branch_dop_operator_v3' retrieved from /home/ubuntu/redfin_venv/lib/python3.12/site-packages/airflow/example_dags/example_branch_python_dop_operator_3.py
[2025-02-20T00:57:55.477+0000] {logging_mixin.py:190} INFO - [2025-02-20T00:57:55.477+0000] {dag.py:3239} INFO - Sync 1 DAGs
[2025-02-20T00:57:55.503+0000] {logging_mixin.py:190} INFO - [2025-02-20T00:57:55.502+0000] {dag.py:4180} INFO - Setting next_dagrun for example_branch_dop_operator_v3 to 2025-02-20 00:56:00+00:00, run_after=2025-02-20 00:57:00+00:00
[2025-02-20T00:57:55.526+0000] {processor.py:208} INFO - Processing /home/ubuntu/redfin_venv/lib/python3.12/site-packages/airflow/example_dags/example_branch_python_dop_operator_3.py took 0.089 seconds
[2025-02-20T00:59:16.184+0000] {processor.py:186} INFO - Started process (PID=4710) to work on /home/ubuntu/redfin_venv/lib/python3.12/site-packages/airflow/example_dags/example_branch_python_dop_operator_3.py
[2025-02-20T00:59:16.185+0000] {processor.py:914} INFO - Processing file /home/ubuntu/redfin_venv/lib/python3.12/site-packages/airflow/example_dags/example_branch_python_dop_operator_3.py for tasks to queue
[2025-02-20T00:59:16.187+0000] {logging_mixin.py:190} INFO - [2025-02-20T00:59:16.187+0000] {dagbag.py:588} INFO - Filling up the DagBag from /home/ubuntu/redfin_venv/lib/python3.12/site-packages/airflow/example_dags/example_branch_python_dop_operator_3.py
[2025-02-20T00:59:16.200+0000] {processor.py:925} INFO - DAG(s) 'example_branch_dop_operator_v3' retrieved from /home/ubuntu/redfin_venv/lib/python3.12/site-packages/airflow/example_dags/example_branch_python_dop_operator_3.py
[2025-02-20T00:59:16.218+0000] {logging_mixin.py:190} INFO - [2025-02-20T00:59:16.217+0000] {dag.py:3239} INFO - Sync 1 DAGs
[2025-02-20T00:59:16.241+0000] {logging_mixin.py:190} INFO - [2025-02-20T00:59:16.241+0000] {dag.py:4180} INFO - Setting next_dagrun for example_branch_dop_operator_v3 to 2025-02-20 00:58:00+00:00, run_after=2025-02-20 00:59:00+00:00
[2025-02-20T00:59:16.267+0000] {processor.py:208} INFO - Processing /home/ubuntu/redfin_venv/lib/python3.12/site-packages/airflow/example_dags/example_branch_python_dop_operator_3.py took 0.089 seconds
[2025-02-20T01:00:33.557+0000] {processor.py:186} INFO - Started process (PID=5320) to work on /home/ubuntu/redfin_venv/lib/python3.12/site-packages/airflow/example_dags/example_branch_python_dop_operator_3.py
[2025-02-20T01:00:33.559+0000] {processor.py:914} INFO - Processing file /home/ubuntu/redfin_venv/lib/python3.12/site-packages/airflow/example_dags/example_branch_python_dop_operator_3.py for tasks to queue
[2025-02-20T01:00:33.561+0000] {logging_mixin.py:190} INFO - [2025-02-20T01:00:33.561+0000] {dagbag.py:588} INFO - Filling up the DagBag from /home/ubuntu/redfin_venv/lib/python3.12/site-packages/airflow/example_dags/example_branch_python_dop_operator_3.py
[2025-02-20T01:00:33.575+0000] {processor.py:925} INFO - DAG(s) 'example_branch_dop_operator_v3' retrieved from /home/ubuntu/redfin_venv/lib/python3.12/site-packages/airflow/example_dags/example_branch_python_dop_operator_3.py
[2025-02-20T01:00:33.592+0000] {logging_mixin.py:190} INFO - [2025-02-20T01:00:33.592+0000] {dag.py:3239} INFO - Sync 1 DAGs
[2025-02-20T01:00:33.615+0000] {logging_mixin.py:190} INFO - [2025-02-20T01:00:33.615+0000] {dag.py:4180} INFO - Setting next_dagrun for example_branch_dop_operator_v3 to 2025-02-20 00:59:00+00:00, run_after=2025-02-20 01:00:00+00:00
[2025-02-20T01:00:33.640+0000] {processor.py:208} INFO - Processing /home/ubuntu/redfin_venv/lib/python3.12/site-packages/airflow/example_dags/example_branch_python_dop_operator_3.py took 0.089 seconds
