[2025-02-20T00:52:53.566+0000] {processor.py:186} INFO - Started process (PID=3653) to work on /home/ubuntu/redfin_venv/lib/python3.12/site-packages/airflow/example_dags/example_sensor_decorator.py
[2025-02-20T00:52:53.567+0000] {processor.py:914} INFO - Processing file /home/ubuntu/redfin_venv/lib/python3.12/site-packages/airflow/example_dags/example_sensor_decorator.py for tasks to queue
[2025-02-20T00:52:53.569+0000] {logging_mixin.py:190} INFO - [2025-02-20T00:52:53.569+0000] {dagbag.py:588} INFO - Filling up the DagBag from /home/ubuntu/redfin_venv/lib/python3.12/site-packages/airflow/example_dags/example_sensor_decorator.py
[2025-02-20T00:52:53.580+0000] {processor.py:925} INFO - DAG(s) 'example_sensor_decorator' retrieved from /home/ubuntu/redfin_venv/lib/python3.12/site-packages/airflow/example_dags/example_sensor_decorator.py
[2025-02-20T00:52:53.739+0000] {logging_mixin.py:190} INFO - [2025-02-20T00:52:53.738+0000] {override.py:1930} INFO - Created Permission View: can edit on DAG:example_sensor_decorator
[2025-02-20T00:52:53.756+0000] {logging_mixin.py:190} INFO - [2025-02-20T00:52:53.755+0000] {override.py:1930} INFO - Created Permission View: can delete on DAG:example_sensor_decorator
[2025-02-20T00:52:53.772+0000] {logging_mixin.py:190} INFO - [2025-02-20T00:52:53.772+0000] {override.py:1930} INFO - Created Permission View: can read on DAG:example_sensor_decorator
[2025-02-20T00:52:53.800+0000] {logging_mixin.py:190} INFO - [2025-02-20T00:52:53.800+0000] {override.py:1930} INFO - Created Permission View: menu access on DAG Run:example_sensor_decorator
[2025-02-20T00:52:53.820+0000] {logging_mixin.py:190} INFO - [2025-02-20T00:52:53.820+0000] {override.py:1930} INFO - Created Permission View: can create on DAG Run:example_sensor_decorator
[2025-02-20T00:52:53.834+0000] {logging_mixin.py:190} INFO - [2025-02-20T00:52:53.834+0000] {override.py:1930} INFO - Created Permission View: can delete on DAG Run:example_sensor_decorator
[2025-02-20T00:52:53.844+0000] {logging_mixin.py:190} INFO - [2025-02-20T00:52:53.844+0000] {override.py:1930} INFO - Created Permission View: can read on DAG Run:example_sensor_decorator
[2025-02-20T00:52:53.845+0000] {logging_mixin.py:190} INFO - [2025-02-20T00:52:53.845+0000] {dag.py:3239} INFO - Sync 1 DAGs
[2025-02-20T00:52:53.857+0000] {logging_mixin.py:190} INFO - [2025-02-20T00:52:53.856+0000] {dag.py:3262} INFO - Creating ORM DAG for example_sensor_decorator
[2025-02-20T00:52:53.857+0000] {logging_mixin.py:190} INFO - [2025-02-20T00:52:53.857+0000] {dag.py:4180} INFO - Setting next_dagrun for example_sensor_decorator to None, run_after=None
[2025-02-20T00:52:53.879+0000] {processor.py:208} INFO - Processing /home/ubuntu/redfin_venv/lib/python3.12/site-packages/airflow/example_dags/example_sensor_decorator.py took 0.321 seconds
[2025-02-20T00:53:56.375+0000] {processor.py:186} INFO - Started process (PID=3891) to work on /home/ubuntu/redfin_venv/lib/python3.12/site-packages/airflow/example_dags/example_sensor_decorator.py
[2025-02-20T00:53:56.376+0000] {processor.py:914} INFO - Processing file /home/ubuntu/redfin_venv/lib/python3.12/site-packages/airflow/example_dags/example_sensor_decorator.py for tasks to queue
[2025-02-20T00:53:56.378+0000] {logging_mixin.py:190} INFO - [2025-02-20T00:53:56.378+0000] {dagbag.py:588} INFO - Filling up the DagBag from /home/ubuntu/redfin_venv/lib/python3.12/site-packages/airflow/example_dags/example_sensor_decorator.py
[2025-02-20T00:53:56.396+0000] {processor.py:925} INFO - DAG(s) 'example_sensor_decorator' retrieved from /home/ubuntu/redfin_venv/lib/python3.12/site-packages/airflow/example_dags/example_sensor_decorator.py
[2025-02-20T00:53:56.427+0000] {logging_mixin.py:190} INFO - [2025-02-20T00:53:56.427+0000] {dag.py:3239} INFO - Sync 1 DAGs
[2025-02-20T00:53:56.448+0000] {logging_mixin.py:190} INFO - [2025-02-20T00:53:56.448+0000] {dag.py:4180} INFO - Setting next_dagrun for example_sensor_decorator to None, run_after=None
[2025-02-20T00:53:56.478+0000] {processor.py:208} INFO - Processing /home/ubuntu/redfin_venv/lib/python3.12/site-packages/airflow/example_dags/example_sensor_decorator.py took 0.111 seconds
[2025-02-20T00:54:55.785+0000] {processor.py:186} INFO - Started process (PID=4137) to work on /home/ubuntu/redfin_venv/lib/python3.12/site-packages/airflow/example_dags/example_sensor_decorator.py
[2025-02-20T00:54:55.787+0000] {processor.py:914} INFO - Processing file /home/ubuntu/redfin_venv/lib/python3.12/site-packages/airflow/example_dags/example_sensor_decorator.py for tasks to queue
[2025-02-20T00:54:55.789+0000] {logging_mixin.py:190} INFO - [2025-02-20T00:54:55.788+0000] {dagbag.py:588} INFO - Filling up the DagBag from /home/ubuntu/redfin_venv/lib/python3.12/site-packages/airflow/example_dags/example_sensor_decorator.py
[2025-02-20T00:54:55.798+0000] {processor.py:925} INFO - DAG(s) 'example_sensor_decorator' retrieved from /home/ubuntu/redfin_venv/lib/python3.12/site-packages/airflow/example_dags/example_sensor_decorator.py
[2025-02-20T00:54:55.814+0000] {logging_mixin.py:190} INFO - [2025-02-20T00:54:55.814+0000] {dag.py:3239} INFO - Sync 1 DAGs
[2025-02-20T00:54:55.826+0000] {logging_mixin.py:190} INFO - [2025-02-20T00:54:55.826+0000] {dag.py:4180} INFO - Setting next_dagrun for example_sensor_decorator to None, run_after=None
[2025-02-20T00:54:55.850+0000] {processor.py:208} INFO - Processing /home/ubuntu/redfin_venv/lib/python3.12/site-packages/airflow/example_dags/example_sensor_decorator.py took 0.071 seconds
[2025-02-20T00:55:51.711+0000] {processor.py:186} INFO - Started process (PID=4257) to work on /home/ubuntu/redfin_venv/lib/python3.12/site-packages/airflow/example_dags/example_sensor_decorator.py
[2025-02-20T00:55:51.712+0000] {processor.py:914} INFO - Processing file /home/ubuntu/redfin_venv/lib/python3.12/site-packages/airflow/example_dags/example_sensor_decorator.py for tasks to queue
[2025-02-20T00:55:51.714+0000] {logging_mixin.py:190} INFO - [2025-02-20T00:55:51.714+0000] {dagbag.py:588} INFO - Filling up the DagBag from /home/ubuntu/redfin_venv/lib/python3.12/site-packages/airflow/example_dags/example_sensor_decorator.py
[2025-02-20T00:55:51.724+0000] {processor.py:925} INFO - DAG(s) 'example_sensor_decorator' retrieved from /home/ubuntu/redfin_venv/lib/python3.12/site-packages/airflow/example_dags/example_sensor_decorator.py
[2025-02-20T00:55:51.741+0000] {logging_mixin.py:190} INFO - [2025-02-20T00:55:51.741+0000] {dag.py:3239} INFO - Sync 1 DAGs
[2025-02-20T00:55:51.754+0000] {logging_mixin.py:190} INFO - [2025-02-20T00:55:51.754+0000] {dag.py:4180} INFO - Setting next_dagrun for example_sensor_decorator to None, run_after=None
[2025-02-20T00:55:51.777+0000] {processor.py:208} INFO - Processing /home/ubuntu/redfin_venv/lib/python3.12/site-packages/airflow/example_dags/example_sensor_decorator.py took 0.073 seconds
[2025-02-20T00:56:44.648+0000] {processor.py:186} INFO - Started process (PID=4378) to work on /home/ubuntu/redfin_venv/lib/python3.12/site-packages/airflow/example_dags/example_sensor_decorator.py
[2025-02-20T00:56:44.650+0000] {processor.py:914} INFO - Processing file /home/ubuntu/redfin_venv/lib/python3.12/site-packages/airflow/example_dags/example_sensor_decorator.py for tasks to queue
[2025-02-20T00:56:44.652+0000] {logging_mixin.py:190} INFO - [2025-02-20T00:56:44.652+0000] {dagbag.py:588} INFO - Filling up the DagBag from /home/ubuntu/redfin_venv/lib/python3.12/site-packages/airflow/example_dags/example_sensor_decorator.py
[2025-02-20T00:56:44.665+0000] {processor.py:925} INFO - DAG(s) 'example_sensor_decorator' retrieved from /home/ubuntu/redfin_venv/lib/python3.12/site-packages/airflow/example_dags/example_sensor_decorator.py
[2025-02-20T00:56:44.683+0000] {logging_mixin.py:190} INFO - [2025-02-20T00:56:44.683+0000] {dag.py:3239} INFO - Sync 1 DAGs
[2025-02-20T00:56:44.696+0000] {logging_mixin.py:190} INFO - [2025-02-20T00:56:44.695+0000] {dag.py:4180} INFO - Setting next_dagrun for example_sensor_decorator to None, run_after=None
[2025-02-20T00:56:44.718+0000] {processor.py:208} INFO - Processing /home/ubuntu/redfin_venv/lib/python3.12/site-packages/airflow/example_dags/example_sensor_decorator.py took 0.078 seconds
[2025-02-20T00:57:38.813+0000] {processor.py:186} INFO - Started process (PID=4551) to work on /home/ubuntu/redfin_venv/lib/python3.12/site-packages/airflow/example_dags/example_sensor_decorator.py
[2025-02-20T00:57:38.815+0000] {processor.py:914} INFO - Processing file /home/ubuntu/redfin_venv/lib/python3.12/site-packages/airflow/example_dags/example_sensor_decorator.py for tasks to queue
[2025-02-20T00:57:38.816+0000] {logging_mixin.py:190} INFO - [2025-02-20T00:57:38.816+0000] {dagbag.py:588} INFO - Filling up the DagBag from /home/ubuntu/redfin_venv/lib/python3.12/site-packages/airflow/example_dags/example_sensor_decorator.py
[2025-02-20T00:57:38.825+0000] {processor.py:925} INFO - DAG(s) 'example_sensor_decorator' retrieved from /home/ubuntu/redfin_venv/lib/python3.12/site-packages/airflow/example_dags/example_sensor_decorator.py
[2025-02-20T00:57:38.841+0000] {logging_mixin.py:190} INFO - [2025-02-20T00:57:38.841+0000] {dag.py:3239} INFO - Sync 1 DAGs
[2025-02-20T00:57:38.853+0000] {logging_mixin.py:190} INFO - [2025-02-20T00:57:38.853+0000] {dag.py:4180} INFO - Setting next_dagrun for example_sensor_decorator to None, run_after=None
[2025-02-20T00:57:38.875+0000] {processor.py:208} INFO - Processing /home/ubuntu/redfin_venv/lib/python3.12/site-packages/airflow/example_dags/example_sensor_decorator.py took 0.067 seconds
[2025-02-20T00:58:33.147+0000] {processor.py:186} INFO - Started process (PID=4666) to work on /home/ubuntu/redfin_venv/lib/python3.12/site-packages/airflow/example_dags/example_sensor_decorator.py
[2025-02-20T00:58:33.148+0000] {processor.py:914} INFO - Processing file /home/ubuntu/redfin_venv/lib/python3.12/site-packages/airflow/example_dags/example_sensor_decorator.py for tasks to queue
[2025-02-20T00:58:33.151+0000] {logging_mixin.py:190} INFO - [2025-02-20T00:58:33.150+0000] {dagbag.py:588} INFO - Filling up the DagBag from /home/ubuntu/redfin_venv/lib/python3.12/site-packages/airflow/example_dags/example_sensor_decorator.py
[2025-02-20T00:58:33.160+0000] {processor.py:925} INFO - DAG(s) 'example_sensor_decorator' retrieved from /home/ubuntu/redfin_venv/lib/python3.12/site-packages/airflow/example_dags/example_sensor_decorator.py
[2025-02-20T00:58:33.177+0000] {logging_mixin.py:190} INFO - [2025-02-20T00:58:33.177+0000] {dag.py:3239} INFO - Sync 1 DAGs
[2025-02-20T00:58:33.196+0000] {logging_mixin.py:190} INFO - [2025-02-20T00:58:33.195+0000] {dag.py:4180} INFO - Setting next_dagrun for example_sensor_decorator to None, run_after=None
[2025-02-20T00:58:33.218+0000] {processor.py:208} INFO - Processing /home/ubuntu/redfin_venv/lib/python3.12/site-packages/airflow/example_dags/example_sensor_decorator.py took 0.078 seconds
[2025-02-20T00:59:25.339+0000] {processor.py:186} INFO - Started process (PID=4781) to work on /home/ubuntu/redfin_venv/lib/python3.12/site-packages/airflow/example_dags/example_sensor_decorator.py
[2025-02-20T00:59:25.340+0000] {processor.py:914} INFO - Processing file /home/ubuntu/redfin_venv/lib/python3.12/site-packages/airflow/example_dags/example_sensor_decorator.py for tasks to queue
[2025-02-20T00:59:25.343+0000] {logging_mixin.py:190} INFO - [2025-02-20T00:59:25.342+0000] {dagbag.py:588} INFO - Filling up the DagBag from /home/ubuntu/redfin_venv/lib/python3.12/site-packages/airflow/example_dags/example_sensor_decorator.py
[2025-02-20T00:59:25.361+0000] {processor.py:925} INFO - DAG(s) 'example_sensor_decorator' retrieved from /home/ubuntu/redfin_venv/lib/python3.12/site-packages/airflow/example_dags/example_sensor_decorator.py
[2025-02-20T00:59:25.382+0000] {logging_mixin.py:190} INFO - [2025-02-20T00:59:25.381+0000] {dag.py:3239} INFO - Sync 1 DAGs
[2025-02-20T00:59:25.395+0000] {logging_mixin.py:190} INFO - [2025-02-20T00:59:25.394+0000] {dag.py:4180} INFO - Setting next_dagrun for example_sensor_decorator to None, run_after=None
[2025-02-20T00:59:25.419+0000] {processor.py:208} INFO - Processing /home/ubuntu/redfin_venv/lib/python3.12/site-packages/airflow/example_dags/example_sensor_decorator.py took 0.086 seconds
[2025-02-20T01:00:17.807+0000] {processor.py:186} INFO - Started process (PID=5244) to work on /home/ubuntu/redfin_venv/lib/python3.12/site-packages/airflow/example_dags/example_sensor_decorator.py
[2025-02-20T01:00:17.808+0000] {processor.py:914} INFO - Processing file /home/ubuntu/redfin_venv/lib/python3.12/site-packages/airflow/example_dags/example_sensor_decorator.py for tasks to queue
[2025-02-20T01:00:17.812+0000] {logging_mixin.py:190} INFO - [2025-02-20T01:00:17.811+0000] {dagbag.py:588} INFO - Filling up the DagBag from /home/ubuntu/redfin_venv/lib/python3.12/site-packages/airflow/example_dags/example_sensor_decorator.py
[2025-02-20T01:00:17.832+0000] {processor.py:925} INFO - DAG(s) 'example_sensor_decorator' retrieved from /home/ubuntu/redfin_venv/lib/python3.12/site-packages/airflow/example_dags/example_sensor_decorator.py
[2025-02-20T01:00:17.854+0000] {logging_mixin.py:190} INFO - [2025-02-20T01:00:17.854+0000] {dag.py:3239} INFO - Sync 1 DAGs
[2025-02-20T01:00:17.871+0000] {logging_mixin.py:190} INFO - [2025-02-20T01:00:17.871+0000] {dag.py:4180} INFO - Setting next_dagrun for example_sensor_decorator to None, run_after=None
[2025-02-20T01:00:17.899+0000] {processor.py:208} INFO - Processing /home/ubuntu/redfin_venv/lib/python3.12/site-packages/airflow/example_dags/example_sensor_decorator.py took 0.099 seconds
[2025-02-20T01:01:13.966+0000] {processor.py:186} INFO - Started process (PID=5468) to work on /home/ubuntu/redfin_venv/lib/python3.12/site-packages/airflow/example_dags/example_sensor_decorator.py
[2025-02-20T01:01:13.969+0000] {processor.py:914} INFO - Processing file /home/ubuntu/redfin_venv/lib/python3.12/site-packages/airflow/example_dags/example_sensor_decorator.py for tasks to queue
[2025-02-20T01:01:13.972+0000] {logging_mixin.py:190} INFO - [2025-02-20T01:01:13.971+0000] {dagbag.py:588} INFO - Filling up the DagBag from /home/ubuntu/redfin_venv/lib/python3.12/site-packages/airflow/example_dags/example_sensor_decorator.py
[2025-02-20T01:01:13.989+0000] {processor.py:925} INFO - DAG(s) 'example_sensor_decorator' retrieved from /home/ubuntu/redfin_venv/lib/python3.12/site-packages/airflow/example_dags/example_sensor_decorator.py
[2025-02-20T01:01:14.018+0000] {logging_mixin.py:190} INFO - [2025-02-20T01:01:14.017+0000] {dag.py:3239} INFO - Sync 1 DAGs
[2025-02-20T01:01:14.032+0000] {logging_mixin.py:190} INFO - [2025-02-20T01:01:14.031+0000] {dag.py:4180} INFO - Setting next_dagrun for example_sensor_decorator to None, run_after=None
[2025-02-20T01:01:14.058+0000] {processor.py:208} INFO - Processing /home/ubuntu/redfin_venv/lib/python3.12/site-packages/airflow/example_dags/example_sensor_decorator.py took 0.101 seconds
