[2025-02-20T00:53:20.658+0000] {processor.py:186} INFO - Started process (PID=3736) to work on /home/ubuntu/redfin_venv/lib/python3.12/site-packages/airflow/example_dags/example_branch_day_of_week_operator.py
[2025-02-20T00:53:20.661+0000] {processor.py:914} INFO - Processing file /home/ubuntu/redfin_venv/lib/python3.12/site-packages/airflow/example_dags/example_branch_day_of_week_operator.py for tasks to queue
[2025-02-20T00:53:20.668+0000] {logging_mixin.py:190} INFO - [2025-02-20T00:53:20.667+0000] {dagbag.py:588} INFO - Filling up the DagBag from /home/ubuntu/redfin_venv/lib/python3.12/site-packages/airflow/example_dags/example_branch_day_of_week_operator.py
[2025-02-20T00:53:20.690+0000] {processor.py:925} INFO - DAG(s) 'example_weekday_branch_operator' retrieved from /home/ubuntu/redfin_venv/lib/python3.12/site-packages/airflow/example_dags/example_branch_day_of_week_operator.py
[2025-02-20T00:53:20.850+0000] {logging_mixin.py:190} INFO - [2025-02-20T00:53:20.849+0000] {override.py:1930} INFO - Created Permission View: can edit on DAG:example_weekday_branch_operator
[2025-02-20T00:53:20.867+0000] {logging_mixin.py:190} INFO - [2025-02-20T00:53:20.866+0000] {override.py:1930} INFO - Created Permission View: can delete on DAG:example_weekday_branch_operator
[2025-02-20T00:53:20.875+0000] {logging_mixin.py:190} INFO - [2025-02-20T00:53:20.874+0000] {override.py:1930} INFO - Created Permission View: can read on DAG:example_weekday_branch_operator
[2025-02-20T00:53:20.885+0000] {logging_mixin.py:190} INFO - [2025-02-20T00:53:20.884+0000] {override.py:1930} INFO - Created Permission View: menu access on DAG Run:example_weekday_branch_operator
[2025-02-20T00:53:20.891+0000] {logging_mixin.py:190} INFO - [2025-02-20T00:53:20.891+0000] {override.py:1930} INFO - Created Permission View: can create on DAG Run:example_weekday_branch_operator
[2025-02-20T00:53:20.899+0000] {logging_mixin.py:190} INFO - [2025-02-20T00:53:20.898+0000] {override.py:1930} INFO - Created Permission View: can delete on DAG Run:example_weekday_branch_operator
[2025-02-20T00:53:20.905+0000] {logging_mixin.py:190} INFO - [2025-02-20T00:53:20.905+0000] {override.py:1930} INFO - Created Permission View: can read on DAG Run:example_weekday_branch_operator
[2025-02-20T00:53:20.906+0000] {logging_mixin.py:190} INFO - [2025-02-20T00:53:20.906+0000] {dag.py:3239} INFO - Sync 1 DAGs
[2025-02-20T00:53:20.917+0000] {logging_mixin.py:190} INFO - [2025-02-20T00:53:20.916+0000] {dag.py:3262} INFO - Creating ORM DAG for example_weekday_branch_operator
[2025-02-20T00:53:20.925+0000] {logging_mixin.py:190} INFO - [2025-02-20T00:53:20.925+0000] {dag.py:4180} INFO - Setting next_dagrun for example_weekday_branch_operator to 2025-02-19 00:00:00+00:00, run_after=2025-02-20 00:00:00+00:00
[2025-02-20T00:53:20.944+0000] {processor.py:208} INFO - Processing /home/ubuntu/redfin_venv/lib/python3.12/site-packages/airflow/example_dags/example_branch_day_of_week_operator.py took 0.299 seconds
[2025-02-20T00:54:21.926+0000] {processor.py:186} INFO - Started process (PID=3981) to work on /home/ubuntu/redfin_venv/lib/python3.12/site-packages/airflow/example_dags/example_branch_day_of_week_operator.py
[2025-02-20T00:54:21.928+0000] {processor.py:914} INFO - Processing file /home/ubuntu/redfin_venv/lib/python3.12/site-packages/airflow/example_dags/example_branch_day_of_week_operator.py for tasks to queue
[2025-02-20T00:54:21.930+0000] {logging_mixin.py:190} INFO - [2025-02-20T00:54:21.929+0000] {dagbag.py:588} INFO - Filling up the DagBag from /home/ubuntu/redfin_venv/lib/python3.12/site-packages/airflow/example_dags/example_branch_day_of_week_operator.py
[2025-02-20T00:54:21.941+0000] {processor.py:925} INFO - DAG(s) 'example_weekday_branch_operator' retrieved from /home/ubuntu/redfin_venv/lib/python3.12/site-packages/airflow/example_dags/example_branch_day_of_week_operator.py
[2025-02-20T00:54:21.958+0000] {logging_mixin.py:190} INFO - [2025-02-20T00:54:21.958+0000] {dag.py:3239} INFO - Sync 1 DAGs
[2025-02-20T00:54:21.979+0000] {logging_mixin.py:190} INFO - [2025-02-20T00:54:21.979+0000] {dag.py:4180} INFO - Setting next_dagrun for example_weekday_branch_operator to 2025-02-19 00:00:00+00:00, run_after=2025-02-20 00:00:00+00:00
[2025-02-20T00:54:22.002+0000] {processor.py:208} INFO - Processing /home/ubuntu/redfin_venv/lib/python3.12/site-packages/airflow/example_dags/example_branch_day_of_week_operator.py took 0.082 seconds
[2025-02-20T00:55:39.865+0000] {processor.py:186} INFO - Started process (PID=4245) to work on /home/ubuntu/redfin_venv/lib/python3.12/site-packages/airflow/example_dags/example_branch_day_of_week_operator.py
[2025-02-20T00:55:39.879+0000] {processor.py:914} INFO - Processing file /home/ubuntu/redfin_venv/lib/python3.12/site-packages/airflow/example_dags/example_branch_day_of_week_operator.py for tasks to queue
[2025-02-20T00:55:39.882+0000] {logging_mixin.py:190} INFO - [2025-02-20T00:55:39.881+0000] {dagbag.py:588} INFO - Filling up the DagBag from /home/ubuntu/redfin_venv/lib/python3.12/site-packages/airflow/example_dags/example_branch_day_of_week_operator.py
[2025-02-20T00:55:39.896+0000] {processor.py:925} INFO - DAG(s) 'example_weekday_branch_operator' retrieved from /home/ubuntu/redfin_venv/lib/python3.12/site-packages/airflow/example_dags/example_branch_day_of_week_operator.py
[2025-02-20T00:55:39.913+0000] {logging_mixin.py:190} INFO - [2025-02-20T00:55:39.913+0000] {dag.py:3239} INFO - Sync 1 DAGs
[2025-02-20T00:55:39.935+0000] {logging_mixin.py:190} INFO - [2025-02-20T00:55:39.935+0000] {dag.py:4180} INFO - Setting next_dagrun for example_weekday_branch_operator to 2025-02-19 00:00:00+00:00, run_after=2025-02-20 00:00:00+00:00
[2025-02-20T00:55:39.959+0000] {processor.py:208} INFO - Processing /home/ubuntu/redfin_venv/lib/python3.12/site-packages/airflow/example_dags/example_branch_day_of_week_operator.py took 0.100 seconds
[2025-02-20T00:56:35.497+0000] {processor.py:186} INFO - Started process (PID=4369) to work on /home/ubuntu/redfin_venv/lib/python3.12/site-packages/airflow/example_dags/example_branch_day_of_week_operator.py
[2025-02-20T00:56:35.499+0000] {processor.py:914} INFO - Processing file /home/ubuntu/redfin_venv/lib/python3.12/site-packages/airflow/example_dags/example_branch_day_of_week_operator.py for tasks to queue
[2025-02-20T00:56:35.501+0000] {logging_mixin.py:190} INFO - [2025-02-20T00:56:35.501+0000] {dagbag.py:588} INFO - Filling up the DagBag from /home/ubuntu/redfin_venv/lib/python3.12/site-packages/airflow/example_dags/example_branch_day_of_week_operator.py
[2025-02-20T00:56:35.525+0000] {processor.py:925} INFO - DAG(s) 'example_weekday_branch_operator' retrieved from /home/ubuntu/redfin_venv/lib/python3.12/site-packages/airflow/example_dags/example_branch_day_of_week_operator.py
[2025-02-20T00:56:35.550+0000] {logging_mixin.py:190} INFO - [2025-02-20T00:56:35.550+0000] {dag.py:3239} INFO - Sync 1 DAGs
[2025-02-20T00:56:35.571+0000] {logging_mixin.py:190} INFO - [2025-02-20T00:56:35.571+0000] {dag.py:4180} INFO - Setting next_dagrun for example_weekday_branch_operator to 2025-02-19 00:00:00+00:00, run_after=2025-02-20 00:00:00+00:00
[2025-02-20T00:56:35.593+0000] {processor.py:208} INFO - Processing /home/ubuntu/redfin_venv/lib/python3.12/site-packages/airflow/example_dags/example_branch_day_of_week_operator.py took 0.102 seconds
[2025-02-20T00:57:56.587+0000] {processor.py:186} INFO - Started process (PID=4569) to work on /home/ubuntu/redfin_venv/lib/python3.12/site-packages/airflow/example_dags/example_branch_day_of_week_operator.py
[2025-02-20T00:57:56.588+0000] {processor.py:914} INFO - Processing file /home/ubuntu/redfin_venv/lib/python3.12/site-packages/airflow/example_dags/example_branch_day_of_week_operator.py for tasks to queue
[2025-02-20T00:57:56.590+0000] {logging_mixin.py:190} INFO - [2025-02-20T00:57:56.590+0000] {dagbag.py:588} INFO - Filling up the DagBag from /home/ubuntu/redfin_venv/lib/python3.12/site-packages/airflow/example_dags/example_branch_day_of_week_operator.py
[2025-02-20T00:57:56.602+0000] {processor.py:925} INFO - DAG(s) 'example_weekday_branch_operator' retrieved from /home/ubuntu/redfin_venv/lib/python3.12/site-packages/airflow/example_dags/example_branch_day_of_week_operator.py
[2025-02-20T00:57:56.620+0000] {logging_mixin.py:190} INFO - [2025-02-20T00:57:56.620+0000] {dag.py:3239} INFO - Sync 1 DAGs
[2025-02-20T00:57:56.641+0000] {logging_mixin.py:190} INFO - [2025-02-20T00:57:56.641+0000] {dag.py:4180} INFO - Setting next_dagrun for example_weekday_branch_operator to 2025-02-19 00:00:00+00:00, run_after=2025-02-20 00:00:00+00:00
[2025-02-20T00:57:56.665+0000] {processor.py:208} INFO - Processing /home/ubuntu/redfin_venv/lib/python3.12/site-packages/airflow/example_dags/example_branch_day_of_week_operator.py took 0.084 seconds
[2025-02-20T00:59:16.861+0000] {processor.py:186} INFO - Started process (PID=4711) to work on /home/ubuntu/redfin_venv/lib/python3.12/site-packages/airflow/example_dags/example_branch_day_of_week_operator.py
[2025-02-20T00:59:16.868+0000] {processor.py:914} INFO - Processing file /home/ubuntu/redfin_venv/lib/python3.12/site-packages/airflow/example_dags/example_branch_day_of_week_operator.py for tasks to queue
[2025-02-20T00:59:16.870+0000] {logging_mixin.py:190} INFO - [2025-02-20T00:59:16.870+0000] {dagbag.py:588} INFO - Filling up the DagBag from /home/ubuntu/redfin_venv/lib/python3.12/site-packages/airflow/example_dags/example_branch_day_of_week_operator.py
[2025-02-20T00:59:16.901+0000] {processor.py:925} INFO - DAG(s) 'example_weekday_branch_operator' retrieved from /home/ubuntu/redfin_venv/lib/python3.12/site-packages/airflow/example_dags/example_branch_day_of_week_operator.py
[2025-02-20T00:59:16.925+0000] {logging_mixin.py:190} INFO - [2025-02-20T00:59:16.925+0000] {dag.py:3239} INFO - Sync 1 DAGs
[2025-02-20T00:59:16.957+0000] {logging_mixin.py:190} INFO - [2025-02-20T00:59:16.957+0000] {dag.py:4180} INFO - Setting next_dagrun for example_weekday_branch_operator to 2025-02-19 00:00:00+00:00, run_after=2025-02-20 00:00:00+00:00
[2025-02-20T00:59:17.006+0000] {processor.py:208} INFO - Processing /home/ubuntu/redfin_venv/lib/python3.12/site-packages/airflow/example_dags/example_branch_day_of_week_operator.py took 0.156 seconds
[2025-02-20T01:00:34.697+0000] {processor.py:186} INFO - Started process (PID=5321) to work on /home/ubuntu/redfin_venv/lib/python3.12/site-packages/airflow/example_dags/example_branch_day_of_week_operator.py
[2025-02-20T01:00:34.698+0000] {processor.py:914} INFO - Processing file /home/ubuntu/redfin_venv/lib/python3.12/site-packages/airflow/example_dags/example_branch_day_of_week_operator.py for tasks to queue
[2025-02-20T01:00:34.700+0000] {logging_mixin.py:190} INFO - [2025-02-20T01:00:34.700+0000] {dagbag.py:588} INFO - Filling up the DagBag from /home/ubuntu/redfin_venv/lib/python3.12/site-packages/airflow/example_dags/example_branch_day_of_week_operator.py
[2025-02-20T01:00:34.711+0000] {processor.py:925} INFO - DAG(s) 'example_weekday_branch_operator' retrieved from /home/ubuntu/redfin_venv/lib/python3.12/site-packages/airflow/example_dags/example_branch_day_of_week_operator.py
[2025-02-20T01:00:34.728+0000] {logging_mixin.py:190} INFO - [2025-02-20T01:00:34.727+0000] {dag.py:3239} INFO - Sync 1 DAGs
[2025-02-20T01:00:34.748+0000] {logging_mixin.py:190} INFO - [2025-02-20T01:00:34.748+0000] {dag.py:4180} INFO - Setting next_dagrun for example_weekday_branch_operator to 2025-02-19 00:00:00+00:00, run_after=2025-02-20 00:00:00+00:00
[2025-02-20T01:00:34.774+0000] {processor.py:208} INFO - Processing /home/ubuntu/redfin_venv/lib/python3.12/site-packages/airflow/example_dags/example_branch_day_of_week_operator.py took 0.083 seconds
