[2025-02-20T00:52:45.525+0000] {processor.py:186} INFO - Started process (PID=3646) to work on /home/ubuntu/redfin_venv/lib/python3.12/site-packages/airflow/example_dags/example_short_circuit_operator.py
[2025-02-20T00:52:45.526+0000] {processor.py:914} INFO - Processing file /home/ubuntu/redfin_venv/lib/python3.12/site-packages/airflow/example_dags/example_short_circuit_operator.py for tasks to queue
[2025-02-20T00:52:45.528+0000] {logging_mixin.py:190} INFO - [2025-02-20T00:52:45.527+0000] {dagbag.py:588} INFO - Filling up the DagBag from /home/ubuntu/redfin_venv/lib/python3.12/site-packages/airflow/example_dags/example_short_circuit_operator.py
[2025-02-20T00:52:45.537+0000] {processor.py:925} INFO - DAG(s) 'example_short_circuit_operator' retrieved from /home/ubuntu/redfin_venv/lib/python3.12/site-packages/airflow/example_dags/example_short_circuit_operator.py
[2025-02-20T00:52:45.647+0000] {logging_mixin.py:190} INFO - [2025-02-20T00:52:45.646+0000] {override.py:1930} INFO - Created Permission View: can edit on DAG:example_short_circuit_operator
[2025-02-20T00:52:45.661+0000] {logging_mixin.py:190} INFO - [2025-02-20T00:52:45.660+0000] {override.py:1930} INFO - Created Permission View: can delete on DAG:example_short_circuit_operator
[2025-02-20T00:52:45.671+0000] {logging_mixin.py:190} INFO - [2025-02-20T00:52:45.671+0000] {override.py:1930} INFO - Created Permission View: can read on DAG:example_short_circuit_operator
[2025-02-20T00:52:45.689+0000] {logging_mixin.py:190} INFO - [2025-02-20T00:52:45.689+0000] {override.py:1930} INFO - Created Permission View: menu access on DAG Run:example_short_circuit_operator
[2025-02-20T00:52:45.699+0000] {logging_mixin.py:190} INFO - [2025-02-20T00:52:45.699+0000] {override.py:1930} INFO - Created Permission View: can create on DAG Run:example_short_circuit_operator
[2025-02-20T00:52:45.709+0000] {logging_mixin.py:190} INFO - [2025-02-20T00:52:45.709+0000] {override.py:1930} INFO - Created Permission View: can delete on DAG Run:example_short_circuit_operator
[2025-02-20T00:52:45.719+0000] {logging_mixin.py:190} INFO - [2025-02-20T00:52:45.718+0000] {override.py:1930} INFO - Created Permission View: can read on DAG Run:example_short_circuit_operator
[2025-02-20T00:52:45.719+0000] {logging_mixin.py:190} INFO - [2025-02-20T00:52:45.719+0000] {dag.py:3239} INFO - Sync 1 DAGs
[2025-02-20T00:52:45.731+0000] {logging_mixin.py:190} INFO - [2025-02-20T00:52:45.731+0000] {dag.py:3262} INFO - Creating ORM DAG for example_short_circuit_operator
[2025-02-20T00:52:45.732+0000] {logging_mixin.py:190} INFO - [2025-02-20T00:52:45.732+0000] {dag.py:4180} INFO - Setting next_dagrun for example_short_circuit_operator to None, run_after=None
[2025-02-20T00:52:45.755+0000] {processor.py:208} INFO - Processing /home/ubuntu/redfin_venv/lib/python3.12/site-packages/airflow/example_dags/example_short_circuit_operator.py took 0.235 seconds
[2025-02-20T00:53:48.971+0000] {processor.py:186} INFO - Started process (PID=3884) to work on /home/ubuntu/redfin_venv/lib/python3.12/site-packages/airflow/example_dags/example_short_circuit_operator.py
[2025-02-20T00:53:48.972+0000] {processor.py:914} INFO - Processing file /home/ubuntu/redfin_venv/lib/python3.12/site-packages/airflow/example_dags/example_short_circuit_operator.py for tasks to queue
[2025-02-20T00:53:48.975+0000] {logging_mixin.py:190} INFO - [2025-02-20T00:53:48.974+0000] {dagbag.py:588} INFO - Filling up the DagBag from /home/ubuntu/redfin_venv/lib/python3.12/site-packages/airflow/example_dags/example_short_circuit_operator.py
[2025-02-20T00:53:48.984+0000] {processor.py:925} INFO - DAG(s) 'example_short_circuit_operator' retrieved from /home/ubuntu/redfin_venv/lib/python3.12/site-packages/airflow/example_dags/example_short_circuit_operator.py
[2025-02-20T00:53:49.005+0000] {logging_mixin.py:190} INFO - [2025-02-20T00:53:49.005+0000] {dag.py:3239} INFO - Sync 1 DAGs
[2025-02-20T00:53:49.021+0000] {logging_mixin.py:190} INFO - [2025-02-20T00:53:49.020+0000] {dag.py:4180} INFO - Setting next_dagrun for example_short_circuit_operator to None, run_after=None
[2025-02-20T00:53:49.045+0000] {processor.py:208} INFO - Processing /home/ubuntu/redfin_venv/lib/python3.12/site-packages/airflow/example_dags/example_short_circuit_operator.py took 0.083 seconds
[2025-02-20T00:54:44.508+0000] {processor.py:186} INFO - Started process (PID=4126) to work on /home/ubuntu/redfin_venv/lib/python3.12/site-packages/airflow/example_dags/example_short_circuit_operator.py
[2025-02-20T00:54:44.510+0000] {processor.py:914} INFO - Processing file /home/ubuntu/redfin_venv/lib/python3.12/site-packages/airflow/example_dags/example_short_circuit_operator.py for tasks to queue
[2025-02-20T00:54:44.512+0000] {logging_mixin.py:190} INFO - [2025-02-20T00:54:44.512+0000] {dagbag.py:588} INFO - Filling up the DagBag from /home/ubuntu/redfin_venv/lib/python3.12/site-packages/airflow/example_dags/example_short_circuit_operator.py
[2025-02-20T00:54:44.522+0000] {processor.py:925} INFO - DAG(s) 'example_short_circuit_operator' retrieved from /home/ubuntu/redfin_venv/lib/python3.12/site-packages/airflow/example_dags/example_short_circuit_operator.py
[2025-02-20T00:54:44.541+0000] {logging_mixin.py:190} INFO - [2025-02-20T00:54:44.541+0000] {dag.py:3239} INFO - Sync 1 DAGs
[2025-02-20T00:54:44.554+0000] {logging_mixin.py:190} INFO - [2025-02-20T00:54:44.553+0000] {dag.py:4180} INFO - Setting next_dagrun for example_short_circuit_operator to None, run_after=None
[2025-02-20T00:54:44.576+0000] {processor.py:208} INFO - Processing /home/ubuntu/redfin_venv/lib/python3.12/site-packages/airflow/example_dags/example_short_circuit_operator.py took 0.074 seconds
[2025-02-20T00:55:36.570+0000] {processor.py:186} INFO - Started process (PID=4242) to work on /home/ubuntu/redfin_venv/lib/python3.12/site-packages/airflow/example_dags/example_short_circuit_operator.py
[2025-02-20T00:55:36.571+0000] {processor.py:914} INFO - Processing file /home/ubuntu/redfin_venv/lib/python3.12/site-packages/airflow/example_dags/example_short_circuit_operator.py for tasks to queue
[2025-02-20T00:55:36.574+0000] {logging_mixin.py:190} INFO - [2025-02-20T00:55:36.574+0000] {dagbag.py:588} INFO - Filling up the DagBag from /home/ubuntu/redfin_venv/lib/python3.12/site-packages/airflow/example_dags/example_short_circuit_operator.py
[2025-02-20T00:55:36.584+0000] {processor.py:925} INFO - DAG(s) 'example_short_circuit_operator' retrieved from /home/ubuntu/redfin_venv/lib/python3.12/site-packages/airflow/example_dags/example_short_circuit_operator.py
[2025-02-20T00:55:36.604+0000] {logging_mixin.py:190} INFO - [2025-02-20T00:55:36.604+0000] {dag.py:3239} INFO - Sync 1 DAGs
[2025-02-20T00:55:36.619+0000] {logging_mixin.py:190} INFO - [2025-02-20T00:55:36.619+0000] {dag.py:4180} INFO - Setting next_dagrun for example_short_circuit_operator to None, run_after=None
[2025-02-20T00:55:36.645+0000] {processor.py:208} INFO - Processing /home/ubuntu/redfin_venv/lib/python3.12/site-packages/airflow/example_dags/example_short_circuit_operator.py took 0.081 seconds
[2025-02-20T00:56:29.194+0000] {processor.py:186} INFO - Started process (PID=4355) to work on /home/ubuntu/redfin_venv/lib/python3.12/site-packages/airflow/example_dags/example_short_circuit_operator.py
[2025-02-20T00:56:29.195+0000] {processor.py:914} INFO - Processing file /home/ubuntu/redfin_venv/lib/python3.12/site-packages/airflow/example_dags/example_short_circuit_operator.py for tasks to queue
[2025-02-20T00:56:29.197+0000] {logging_mixin.py:190} INFO - [2025-02-20T00:56:29.197+0000] {dagbag.py:588} INFO - Filling up the DagBag from /home/ubuntu/redfin_venv/lib/python3.12/site-packages/airflow/example_dags/example_short_circuit_operator.py
[2025-02-20T00:56:29.207+0000] {processor.py:925} INFO - DAG(s) 'example_short_circuit_operator' retrieved from /home/ubuntu/redfin_venv/lib/python3.12/site-packages/airflow/example_dags/example_short_circuit_operator.py
[2025-02-20T00:56:29.226+0000] {logging_mixin.py:190} INFO - [2025-02-20T00:56:29.226+0000] {dag.py:3239} INFO - Sync 1 DAGs
[2025-02-20T00:56:29.240+0000] {logging_mixin.py:190} INFO - [2025-02-20T00:56:29.239+0000] {dag.py:4180} INFO - Setting next_dagrun for example_short_circuit_operator to None, run_after=None
[2025-02-20T00:56:29.265+0000] {processor.py:208} INFO - Processing /home/ubuntu/redfin_venv/lib/python3.12/site-packages/airflow/example_dags/example_short_circuit_operator.py took 0.077 seconds
[2025-02-20T00:57:21.463+0000] {processor.py:186} INFO - Started process (PID=4475) to work on /home/ubuntu/redfin_venv/lib/python3.12/site-packages/airflow/example_dags/example_short_circuit_operator.py
[2025-02-20T00:57:21.465+0000] {processor.py:914} INFO - Processing file /home/ubuntu/redfin_venv/lib/python3.12/site-packages/airflow/example_dags/example_short_circuit_operator.py for tasks to queue
[2025-02-20T00:57:21.468+0000] {logging_mixin.py:190} INFO - [2025-02-20T00:57:21.468+0000] {dagbag.py:588} INFO - Filling up the DagBag from /home/ubuntu/redfin_venv/lib/python3.12/site-packages/airflow/example_dags/example_short_circuit_operator.py
[2025-02-20T00:57:21.478+0000] {processor.py:925} INFO - DAG(s) 'example_short_circuit_operator' retrieved from /home/ubuntu/redfin_venv/lib/python3.12/site-packages/airflow/example_dags/example_short_circuit_operator.py
[2025-02-20T00:57:21.497+0000] {logging_mixin.py:190} INFO - [2025-02-20T00:57:21.497+0000] {dag.py:3239} INFO - Sync 1 DAGs
[2025-02-20T00:57:21.510+0000] {logging_mixin.py:190} INFO - [2025-02-20T00:57:21.509+0000] {dag.py:4180} INFO - Setting next_dagrun for example_short_circuit_operator to None, run_after=None
[2025-02-20T00:57:21.537+0000] {processor.py:208} INFO - Processing /home/ubuntu/redfin_venv/lib/python3.12/site-packages/airflow/example_dags/example_short_circuit_operator.py took 0.081 seconds
[2025-02-20T00:58:18.042+0000] {processor.py:186} INFO - Started process (PID=4590) to work on /home/ubuntu/redfin_venv/lib/python3.12/site-packages/airflow/example_dags/example_short_circuit_operator.py
[2025-02-20T00:58:18.043+0000] {processor.py:914} INFO - Processing file /home/ubuntu/redfin_venv/lib/python3.12/site-packages/airflow/example_dags/example_short_circuit_operator.py for tasks to queue
[2025-02-20T00:58:18.045+0000] {logging_mixin.py:190} INFO - [2025-02-20T00:58:18.045+0000] {dagbag.py:588} INFO - Filling up the DagBag from /home/ubuntu/redfin_venv/lib/python3.12/site-packages/airflow/example_dags/example_short_circuit_operator.py
[2025-02-20T00:58:18.060+0000] {processor.py:925} INFO - DAG(s) 'example_short_circuit_operator' retrieved from /home/ubuntu/redfin_venv/lib/python3.12/site-packages/airflow/example_dags/example_short_circuit_operator.py
[2025-02-20T00:58:18.088+0000] {logging_mixin.py:190} INFO - [2025-02-20T00:58:18.088+0000] {dag.py:3239} INFO - Sync 1 DAGs
[2025-02-20T00:58:18.102+0000] {logging_mixin.py:190} INFO - [2025-02-20T00:58:18.102+0000] {dag.py:4180} INFO - Setting next_dagrun for example_short_circuit_operator to None, run_after=None
[2025-02-20T00:58:18.127+0000] {processor.py:208} INFO - Processing /home/ubuntu/redfin_venv/lib/python3.12/site-packages/airflow/example_dags/example_short_circuit_operator.py took 0.091 seconds
[2025-02-20T00:59:10.828+0000] {processor.py:186} INFO - Started process (PID=4705) to work on /home/ubuntu/redfin_venv/lib/python3.12/site-packages/airflow/example_dags/example_short_circuit_operator.py
[2025-02-20T00:59:10.829+0000] {processor.py:914} INFO - Processing file /home/ubuntu/redfin_venv/lib/python3.12/site-packages/airflow/example_dags/example_short_circuit_operator.py for tasks to queue
[2025-02-20T00:59:10.831+0000] {logging_mixin.py:190} INFO - [2025-02-20T00:59:10.831+0000] {dagbag.py:588} INFO - Filling up the DagBag from /home/ubuntu/redfin_venv/lib/python3.12/site-packages/airflow/example_dags/example_short_circuit_operator.py
[2025-02-20T00:59:10.842+0000] {processor.py:925} INFO - DAG(s) 'example_short_circuit_operator' retrieved from /home/ubuntu/redfin_venv/lib/python3.12/site-packages/airflow/example_dags/example_short_circuit_operator.py
[2025-02-20T00:59:10.865+0000] {logging_mixin.py:190} INFO - [2025-02-20T00:59:10.865+0000] {dag.py:3239} INFO - Sync 1 DAGs
[2025-02-20T00:59:10.881+0000] {logging_mixin.py:190} INFO - [2025-02-20T00:59:10.880+0000] {dag.py:4180} INFO - Setting next_dagrun for example_short_circuit_operator to None, run_after=None
[2025-02-20T00:59:10.906+0000] {processor.py:208} INFO - Processing /home/ubuntu/redfin_venv/lib/python3.12/site-packages/airflow/example_dags/example_short_circuit_operator.py took 0.084 seconds
[2025-02-20T01:00:02.558+0000] {processor.py:186} INFO - Started process (PID=4822) to work on /home/ubuntu/redfin_venv/lib/python3.12/site-packages/airflow/example_dags/example_short_circuit_operator.py
[2025-02-20T01:00:02.594+0000] {processor.py:914} INFO - Processing file /home/ubuntu/redfin_venv/lib/python3.12/site-packages/airflow/example_dags/example_short_circuit_operator.py for tasks to queue
[2025-02-20T01:00:02.596+0000] {logging_mixin.py:190} INFO - [2025-02-20T01:00:02.596+0000] {dagbag.py:588} INFO - Filling up the DagBag from /home/ubuntu/redfin_venv/lib/python3.12/site-packages/airflow/example_dags/example_short_circuit_operator.py
[2025-02-20T01:00:02.607+0000] {processor.py:925} INFO - DAG(s) 'example_short_circuit_operator' retrieved from /home/ubuntu/redfin_venv/lib/python3.12/site-packages/airflow/example_dags/example_short_circuit_operator.py
[2025-02-20T01:00:02.631+0000] {logging_mixin.py:190} INFO - [2025-02-20T01:00:02.630+0000] {dag.py:3239} INFO - Sync 1 DAGs
[2025-02-20T01:00:02.646+0000] {logging_mixin.py:190} INFO - [2025-02-20T01:00:02.646+0000] {dag.py:4180} INFO - Setting next_dagrun for example_short_circuit_operator to None, run_after=None
[2025-02-20T01:00:02.678+0000] {processor.py:208} INFO - Processing /home/ubuntu/redfin_venv/lib/python3.12/site-packages/airflow/example_dags/example_short_circuit_operator.py took 0.126 seconds
[2025-02-20T01:00:55.193+0000] {processor.py:186} INFO - Started process (PID=5413) to work on /home/ubuntu/redfin_venv/lib/python3.12/site-packages/airflow/example_dags/example_short_circuit_operator.py
[2025-02-20T01:00:55.195+0000] {processor.py:914} INFO - Processing file /home/ubuntu/redfin_venv/lib/python3.12/site-packages/airflow/example_dags/example_short_circuit_operator.py for tasks to queue
[2025-02-20T01:00:55.205+0000] {logging_mixin.py:190} INFO - [2025-02-20T01:00:55.198+0000] {dagbag.py:588} INFO - Filling up the DagBag from /home/ubuntu/redfin_venv/lib/python3.12/site-packages/airflow/example_dags/example_short_circuit_operator.py
[2025-02-20T01:00:55.223+0000] {processor.py:925} INFO - DAG(s) 'example_short_circuit_operator' retrieved from /home/ubuntu/redfin_venv/lib/python3.12/site-packages/airflow/example_dags/example_short_circuit_operator.py
[2025-02-20T01:00:55.243+0000] {logging_mixin.py:190} INFO - [2025-02-20T01:00:55.243+0000] {dag.py:3239} INFO - Sync 1 DAGs
[2025-02-20T01:00:55.255+0000] {logging_mixin.py:190} INFO - [2025-02-20T01:00:55.255+0000] {dag.py:4180} INFO - Setting next_dagrun for example_short_circuit_operator to None, run_after=None
[2025-02-20T01:00:55.279+0000] {processor.py:208} INFO - Processing /home/ubuntu/redfin_venv/lib/python3.12/site-packages/airflow/example_dags/example_short_circuit_operator.py took 0.097 seconds
