[2025-02-20T00:52:59.054+0000] {processor.py:186} INFO - Started process (PID=3658) to work on /home/ubuntu/redfin_venv/lib/python3.12/site-packages/airflow/example_dags/example_nested_branch_dag.py
[2025-02-20T00:52:59.055+0000] {processor.py:914} INFO - Processing file /home/ubuntu/redfin_venv/lib/python3.12/site-packages/airflow/example_dags/example_nested_branch_dag.py for tasks to queue
[2025-02-20T00:52:59.057+0000] {logging_mixin.py:190} INFO - [2025-02-20T00:52:59.057+0000] {dagbag.py:588} INFO - Filling up the DagBag from /home/ubuntu/redfin_venv/lib/python3.12/site-packages/airflow/example_dags/example_nested_branch_dag.py
[2025-02-20T00:52:59.070+0000] {processor.py:925} INFO - DAG(s) 'example_nested_branch_dag' retrieved from /home/ubuntu/redfin_venv/lib/python3.12/site-packages/airflow/example_dags/example_nested_branch_dag.py
[2025-02-20T00:52:59.186+0000] {logging_mixin.py:190} INFO - [2025-02-20T00:52:59.185+0000] {override.py:1930} INFO - Created Permission View: can edit on DAG:example_nested_branch_dag
[2025-02-20T00:52:59.204+0000] {logging_mixin.py:190} INFO - [2025-02-20T00:52:59.204+0000] {override.py:1930} INFO - Created Permission View: can delete on DAG:example_nested_branch_dag
[2025-02-20T00:52:59.215+0000] {logging_mixin.py:190} INFO - [2025-02-20T00:52:59.214+0000] {override.py:1930} INFO - Created Permission View: can read on DAG:example_nested_branch_dag
[2025-02-20T00:52:59.231+0000] {logging_mixin.py:190} INFO - [2025-02-20T00:52:59.231+0000] {override.py:1930} INFO - Created Permission View: menu access on DAG Run:example_nested_branch_dag
[2025-02-20T00:52:59.241+0000] {logging_mixin.py:190} INFO - [2025-02-20T00:52:59.241+0000] {override.py:1930} INFO - Created Permission View: can create on DAG Run:example_nested_branch_dag
[2025-02-20T00:52:59.251+0000] {logging_mixin.py:190} INFO - [2025-02-20T00:52:59.251+0000] {override.py:1930} INFO - Created Permission View: can delete on DAG Run:example_nested_branch_dag
[2025-02-20T00:52:59.262+0000] {logging_mixin.py:190} INFO - [2025-02-20T00:52:59.261+0000] {override.py:1930} INFO - Created Permission View: can read on DAG Run:example_nested_branch_dag
[2025-02-20T00:52:59.262+0000] {logging_mixin.py:190} INFO - [2025-02-20T00:52:59.262+0000] {dag.py:3239} INFO - Sync 1 DAGs
[2025-02-20T00:52:59.274+0000] {logging_mixin.py:190} INFO - [2025-02-20T00:52:59.273+0000] {dag.py:3262} INFO - Creating ORM DAG for example_nested_branch_dag
[2025-02-20T00:52:59.283+0000] {logging_mixin.py:190} INFO - [2025-02-20T00:52:59.282+0000] {dag.py:4180} INFO - Setting next_dagrun for example_nested_branch_dag to 2025-02-19 00:00:00+00:00, run_after=2025-02-20 00:00:00+00:00
[2025-02-20T00:52:59.306+0000] {processor.py:208} INFO - Processing /home/ubuntu/redfin_venv/lib/python3.12/site-packages/airflow/example_dags/example_nested_branch_dag.py took 0.258 seconds
[2025-02-20T00:54:04.298+0000] {processor.py:186} INFO - Started process (PID=3900) to work on /home/ubuntu/redfin_venv/lib/python3.12/site-packages/airflow/example_dags/example_nested_branch_dag.py
[2025-02-20T00:54:04.300+0000] {processor.py:914} INFO - Processing file /home/ubuntu/redfin_venv/lib/python3.12/site-packages/airflow/example_dags/example_nested_branch_dag.py for tasks to queue
[2025-02-20T00:54:04.302+0000] {logging_mixin.py:190} INFO - [2025-02-20T00:54:04.302+0000] {dagbag.py:588} INFO - Filling up the DagBag from /home/ubuntu/redfin_venv/lib/python3.12/site-packages/airflow/example_dags/example_nested_branch_dag.py
[2025-02-20T00:54:04.315+0000] {processor.py:925} INFO - DAG(s) 'example_nested_branch_dag' retrieved from /home/ubuntu/redfin_venv/lib/python3.12/site-packages/airflow/example_dags/example_nested_branch_dag.py
[2025-02-20T00:54:04.334+0000] {logging_mixin.py:190} INFO - [2025-02-20T00:54:04.333+0000] {dag.py:3239} INFO - Sync 1 DAGs
[2025-02-20T00:54:04.355+0000] {logging_mixin.py:190} INFO - [2025-02-20T00:54:04.355+0000] {dag.py:4180} INFO - Setting next_dagrun for example_nested_branch_dag to 2025-02-19 00:00:00+00:00, run_after=2025-02-20 00:00:00+00:00
[2025-02-20T00:54:04.377+0000] {processor.py:208} INFO - Processing /home/ubuntu/redfin_venv/lib/python3.12/site-packages/airflow/example_dags/example_nested_branch_dag.py took 0.085 seconds
[2025-02-20T00:55:00.933+0000] {processor.py:186} INFO - Started process (PID=4142) to work on /home/ubuntu/redfin_venv/lib/python3.12/site-packages/airflow/example_dags/example_nested_branch_dag.py
[2025-02-20T00:55:00.935+0000] {processor.py:914} INFO - Processing file /home/ubuntu/redfin_venv/lib/python3.12/site-packages/airflow/example_dags/example_nested_branch_dag.py for tasks to queue
[2025-02-20T00:55:00.937+0000] {logging_mixin.py:190} INFO - [2025-02-20T00:55:00.936+0000] {dagbag.py:588} INFO - Filling up the DagBag from /home/ubuntu/redfin_venv/lib/python3.12/site-packages/airflow/example_dags/example_nested_branch_dag.py
[2025-02-20T00:55:00.949+0000] {processor.py:925} INFO - DAG(s) 'example_nested_branch_dag' retrieved from /home/ubuntu/redfin_venv/lib/python3.12/site-packages/airflow/example_dags/example_nested_branch_dag.py
[2025-02-20T00:55:00.966+0000] {logging_mixin.py:190} INFO - [2025-02-20T00:55:00.966+0000] {dag.py:3239} INFO - Sync 1 DAGs
[2025-02-20T00:55:00.988+0000] {logging_mixin.py:190} INFO - [2025-02-20T00:55:00.987+0000] {dag.py:4180} INFO - Setting next_dagrun for example_nested_branch_dag to 2025-02-19 00:00:00+00:00, run_after=2025-02-20 00:00:00+00:00
[2025-02-20T00:55:01.012+0000] {processor.py:208} INFO - Processing /home/ubuntu/redfin_venv/lib/python3.12/site-packages/airflow/example_dags/example_nested_branch_dag.py took 0.085 seconds
[2025-02-20T00:55:56.936+0000] {processor.py:186} INFO - Started process (PID=4262) to work on /home/ubuntu/redfin_venv/lib/python3.12/site-packages/airflow/example_dags/example_nested_branch_dag.py
[2025-02-20T00:55:56.943+0000] {processor.py:914} INFO - Processing file /home/ubuntu/redfin_venv/lib/python3.12/site-packages/airflow/example_dags/example_nested_branch_dag.py for tasks to queue
[2025-02-20T00:55:56.946+0000] {logging_mixin.py:190} INFO - [2025-02-20T00:55:56.945+0000] {dagbag.py:588} INFO - Filling up the DagBag from /home/ubuntu/redfin_venv/lib/python3.12/site-packages/airflow/example_dags/example_nested_branch_dag.py
[2025-02-20T00:55:56.988+0000] {processor.py:925} INFO - DAG(s) 'example_nested_branch_dag' retrieved from /home/ubuntu/redfin_venv/lib/python3.12/site-packages/airflow/example_dags/example_nested_branch_dag.py
[2025-02-20T00:55:57.006+0000] {logging_mixin.py:190} INFO - [2025-02-20T00:55:57.006+0000] {dag.py:3239} INFO - Sync 1 DAGs
[2025-02-20T00:55:57.026+0000] {logging_mixin.py:190} INFO - [2025-02-20T00:55:57.026+0000] {dag.py:4180} INFO - Setting next_dagrun for example_nested_branch_dag to 2025-02-19 00:00:00+00:00, run_after=2025-02-20 00:00:00+00:00
[2025-02-20T00:55:57.048+0000] {processor.py:208} INFO - Processing /home/ubuntu/redfin_venv/lib/python3.12/site-packages/airflow/example_dags/example_nested_branch_dag.py took 0.139 seconds
[2025-02-20T00:56:49.799+0000] {processor.py:186} INFO - Started process (PID=4383) to work on /home/ubuntu/redfin_venv/lib/python3.12/site-packages/airflow/example_dags/example_nested_branch_dag.py
[2025-02-20T00:56:49.800+0000] {processor.py:914} INFO - Processing file /home/ubuntu/redfin_venv/lib/python3.12/site-packages/airflow/example_dags/example_nested_branch_dag.py for tasks to queue
[2025-02-20T00:56:49.803+0000] {logging_mixin.py:190} INFO - [2025-02-20T00:56:49.803+0000] {dagbag.py:588} INFO - Filling up the DagBag from /home/ubuntu/redfin_venv/lib/python3.12/site-packages/airflow/example_dags/example_nested_branch_dag.py
[2025-02-20T00:56:49.818+0000] {processor.py:925} INFO - DAG(s) 'example_nested_branch_dag' retrieved from /home/ubuntu/redfin_venv/lib/python3.12/site-packages/airflow/example_dags/example_nested_branch_dag.py
[2025-02-20T00:56:49.838+0000] {logging_mixin.py:190} INFO - [2025-02-20T00:56:49.837+0000] {dag.py:3239} INFO - Sync 1 DAGs
[2025-02-20T00:56:49.868+0000] {logging_mixin.py:190} INFO - [2025-02-20T00:56:49.867+0000] {dag.py:4180} INFO - Setting next_dagrun for example_nested_branch_dag to 2025-02-19 00:00:00+00:00, run_after=2025-02-20 00:00:00+00:00
[2025-02-20T00:56:49.893+0000] {processor.py:208} INFO - Processing /home/ubuntu/redfin_venv/lib/python3.12/site-packages/airflow/example_dags/example_nested_branch_dag.py took 0.102 seconds
[2025-02-20T00:57:44.066+0000] {processor.py:186} INFO - Started process (PID=4556) to work on /home/ubuntu/redfin_venv/lib/python3.12/site-packages/airflow/example_dags/example_nested_branch_dag.py
[2025-02-20T00:57:44.068+0000] {processor.py:914} INFO - Processing file /home/ubuntu/redfin_venv/lib/python3.12/site-packages/airflow/example_dags/example_nested_branch_dag.py for tasks to queue
[2025-02-20T00:57:44.070+0000] {logging_mixin.py:190} INFO - [2025-02-20T00:57:44.070+0000] {dagbag.py:588} INFO - Filling up the DagBag from /home/ubuntu/redfin_venv/lib/python3.12/site-packages/airflow/example_dags/example_nested_branch_dag.py
[2025-02-20T00:57:44.082+0000] {processor.py:925} INFO - DAG(s) 'example_nested_branch_dag' retrieved from /home/ubuntu/redfin_venv/lib/python3.12/site-packages/airflow/example_dags/example_nested_branch_dag.py
[2025-02-20T00:57:44.100+0000] {logging_mixin.py:190} INFO - [2025-02-20T00:57:44.100+0000] {dag.py:3239} INFO - Sync 1 DAGs
[2025-02-20T00:57:44.120+0000] {logging_mixin.py:190} INFO - [2025-02-20T00:57:44.120+0000] {dag.py:4180} INFO - Setting next_dagrun for example_nested_branch_dag to 2025-02-19 00:00:00+00:00, run_after=2025-02-20 00:00:00+00:00
[2025-02-20T00:57:44.143+0000] {processor.py:208} INFO - Processing /home/ubuntu/redfin_venv/lib/python3.12/site-packages/airflow/example_dags/example_nested_branch_dag.py took 0.083 seconds
[2025-02-20T00:58:37.186+0000] {processor.py:186} INFO - Started process (PID=4671) to work on /home/ubuntu/redfin_venv/lib/python3.12/site-packages/airflow/example_dags/example_nested_branch_dag.py
[2025-02-20T00:58:37.188+0000] {processor.py:914} INFO - Processing file /home/ubuntu/redfin_venv/lib/python3.12/site-packages/airflow/example_dags/example_nested_branch_dag.py for tasks to queue
[2025-02-20T00:58:37.192+0000] {logging_mixin.py:190} INFO - [2025-02-20T00:58:37.192+0000] {dagbag.py:588} INFO - Filling up the DagBag from /home/ubuntu/redfin_venv/lib/python3.12/site-packages/airflow/example_dags/example_nested_branch_dag.py
[2025-02-20T00:58:37.209+0000] {processor.py:925} INFO - DAG(s) 'example_nested_branch_dag' retrieved from /home/ubuntu/redfin_venv/lib/python3.12/site-packages/airflow/example_dags/example_nested_branch_dag.py
[2025-02-20T00:58:37.232+0000] {logging_mixin.py:190} INFO - [2025-02-20T00:58:37.231+0000] {dag.py:3239} INFO - Sync 1 DAGs
[2025-02-20T00:58:37.260+0000] {logging_mixin.py:190} INFO - [2025-02-20T00:58:37.260+0000] {dag.py:4180} INFO - Setting next_dagrun for example_nested_branch_dag to 2025-02-19 00:00:00+00:00, run_after=2025-02-20 00:00:00+00:00
[2025-02-20T00:58:37.287+0000] {processor.py:208} INFO - Processing /home/ubuntu/redfin_venv/lib/python3.12/site-packages/airflow/example_dags/example_nested_branch_dag.py took 0.108 seconds
[2025-02-20T00:59:30.492+0000] {processor.py:186} INFO - Started process (PID=4786) to work on /home/ubuntu/redfin_venv/lib/python3.12/site-packages/airflow/example_dags/example_nested_branch_dag.py
[2025-02-20T00:59:30.493+0000] {processor.py:914} INFO - Processing file /home/ubuntu/redfin_venv/lib/python3.12/site-packages/airflow/example_dags/example_nested_branch_dag.py for tasks to queue
[2025-02-20T00:59:30.496+0000] {logging_mixin.py:190} INFO - [2025-02-20T00:59:30.495+0000] {dagbag.py:588} INFO - Filling up the DagBag from /home/ubuntu/redfin_venv/lib/python3.12/site-packages/airflow/example_dags/example_nested_branch_dag.py
[2025-02-20T00:59:30.508+0000] {processor.py:925} INFO - DAG(s) 'example_nested_branch_dag' retrieved from /home/ubuntu/redfin_venv/lib/python3.12/site-packages/airflow/example_dags/example_nested_branch_dag.py
[2025-02-20T00:59:30.526+0000] {logging_mixin.py:190} INFO - [2025-02-20T00:59:30.525+0000] {dag.py:3239} INFO - Sync 1 DAGs
[2025-02-20T00:59:30.546+0000] {logging_mixin.py:190} INFO - [2025-02-20T00:59:30.546+0000] {dag.py:4180} INFO - Setting next_dagrun for example_nested_branch_dag to 2025-02-19 00:00:00+00:00, run_after=2025-02-20 00:00:00+00:00
[2025-02-20T00:59:30.568+0000] {processor.py:208} INFO - Processing /home/ubuntu/redfin_venv/lib/python3.12/site-packages/airflow/example_dags/example_nested_branch_dag.py took 0.082 seconds
[2025-02-20T01:00:21.893+0000] {processor.py:186} INFO - Started process (PID=5309) to work on /home/ubuntu/redfin_venv/lib/python3.12/site-packages/airflow/example_dags/example_nested_branch_dag.py
[2025-02-20T01:00:21.894+0000] {processor.py:914} INFO - Processing file /home/ubuntu/redfin_venv/lib/python3.12/site-packages/airflow/example_dags/example_nested_branch_dag.py for tasks to queue
[2025-02-20T01:00:21.898+0000] {logging_mixin.py:190} INFO - [2025-02-20T01:00:21.897+0000] {dagbag.py:588} INFO - Filling up the DagBag from /home/ubuntu/redfin_venv/lib/python3.12/site-packages/airflow/example_dags/example_nested_branch_dag.py
[2025-02-20T01:00:21.913+0000] {processor.py:925} INFO - DAG(s) 'example_nested_branch_dag' retrieved from /home/ubuntu/redfin_venv/lib/python3.12/site-packages/airflow/example_dags/example_nested_branch_dag.py
[2025-02-20T01:00:21.937+0000] {logging_mixin.py:190} INFO - [2025-02-20T01:00:21.937+0000] {dag.py:3239} INFO - Sync 1 DAGs
[2025-02-20T01:00:21.964+0000] {logging_mixin.py:190} INFO - [2025-02-20T01:00:21.964+0000] {dag.py:4180} INFO - Setting next_dagrun for example_nested_branch_dag to 2025-02-19 00:00:00+00:00, run_after=2025-02-20 00:00:00+00:00
[2025-02-20T01:00:21.988+0000] {processor.py:208} INFO - Processing /home/ubuntu/redfin_venv/lib/python3.12/site-packages/airflow/example_dags/example_nested_branch_dag.py took 0.101 seconds
[2025-02-20T01:01:18.946+0000] {processor.py:186} INFO - Started process (PID=5514) to work on /home/ubuntu/redfin_venv/lib/python3.12/site-packages/airflow/example_dags/example_nested_branch_dag.py
[2025-02-20T01:01:18.947+0000] {processor.py:914} INFO - Processing file /home/ubuntu/redfin_venv/lib/python3.12/site-packages/airflow/example_dags/example_nested_branch_dag.py for tasks to queue
[2025-02-20T01:01:18.950+0000] {logging_mixin.py:190} INFO - [2025-02-20T01:01:18.949+0000] {dagbag.py:588} INFO - Filling up the DagBag from /home/ubuntu/redfin_venv/lib/python3.12/site-packages/airflow/example_dags/example_nested_branch_dag.py
[2025-02-20T01:01:18.963+0000] {processor.py:925} INFO - DAG(s) 'example_nested_branch_dag' retrieved from /home/ubuntu/redfin_venv/lib/python3.12/site-packages/airflow/example_dags/example_nested_branch_dag.py
[2025-02-20T01:01:18.984+0000] {logging_mixin.py:190} INFO - [2025-02-20T01:01:18.984+0000] {dag.py:3239} INFO - Sync 1 DAGs
[2025-02-20T01:01:19.006+0000] {logging_mixin.py:190} INFO - [2025-02-20T01:01:19.006+0000] {dag.py:4180} INFO - Setting next_dagrun for example_nested_branch_dag to 2025-02-19 00:00:00+00:00, run_after=2025-02-20 00:00:00+00:00
[2025-02-20T01:01:19.029+0000] {processor.py:208} INFO - Processing /home/ubuntu/redfin_venv/lib/python3.12/site-packages/airflow/example_dags/example_nested_branch_dag.py took 0.090 seconds
