[2025-02-20T00:53:05.880+0000] {processor.py:186} INFO - Started process (PID=3664) to work on /home/ubuntu/redfin_venv/lib/python3.12/site-packages/airflow/example_dags/example_display_name.py
[2025-02-20T00:53:05.881+0000] {processor.py:914} INFO - Processing file /home/ubuntu/redfin_venv/lib/python3.12/site-packages/airflow/example_dags/example_display_name.py for tasks to queue
[2025-02-20T00:53:05.883+0000] {logging_mixin.py:190} INFO - [2025-02-20T00:53:05.883+0000] {dagbag.py:588} INFO - Filling up the DagBag from /home/ubuntu/redfin_venv/lib/python3.12/site-packages/airflow/example_dags/example_display_name.py
[2025-02-20T00:53:05.892+0000] {processor.py:925} INFO - DAG(s) 'example_display_name' retrieved from /home/ubuntu/redfin_venv/lib/python3.12/site-packages/airflow/example_dags/example_display_name.py
[2025-02-20T00:53:05.993+0000] {logging_mixin.py:190} INFO - [2025-02-20T00:53:05.992+0000] {override.py:1930} INFO - Created Permission View: can edit on DAG:example_display_name
[2025-02-20T00:53:06.006+0000] {logging_mixin.py:190} INFO - [2025-02-20T00:53:06.006+0000] {override.py:1930} INFO - Created Permission View: can delete on DAG:example_display_name
[2025-02-20T00:53:06.016+0000] {logging_mixin.py:190} INFO - [2025-02-20T00:53:06.015+0000] {override.py:1930} INFO - Created Permission View: can read on DAG:example_display_name
[2025-02-20T00:53:06.032+0000] {logging_mixin.py:190} INFO - [2025-02-20T00:53:06.032+0000] {override.py:1930} INFO - Created Permission View: menu access on DAG Run:example_display_name
[2025-02-20T00:53:06.044+0000] {logging_mixin.py:190} INFO - [2025-02-20T00:53:06.043+0000] {override.py:1930} INFO - Created Permission View: can create on DAG Run:example_display_name
[2025-02-20T00:53:06.056+0000] {logging_mixin.py:190} INFO - [2025-02-20T00:53:06.056+0000] {override.py:1930} INFO - Created Permission View: can delete on DAG Run:example_display_name
[2025-02-20T00:53:06.066+0000] {logging_mixin.py:190} INFO - [2025-02-20T00:53:06.065+0000] {override.py:1930} INFO - Created Permission View: can read on DAG Run:example_display_name
[2025-02-20T00:53:06.067+0000] {logging_mixin.py:190} INFO - [2025-02-20T00:53:06.066+0000] {dag.py:3239} INFO - Sync 1 DAGs
[2025-02-20T00:53:06.080+0000] {logging_mixin.py:190} INFO - [2025-02-20T00:53:06.080+0000] {dag.py:3262} INFO - Creating ORM DAG for example_display_name
[2025-02-20T00:53:06.081+0000] {logging_mixin.py:190} INFO - [2025-02-20T00:53:06.080+0000] {dag.py:4180} INFO - Setting next_dagrun for example_display_name to None, run_after=None
[2025-02-20T00:53:06.102+0000] {processor.py:208} INFO - Processing /home/ubuntu/redfin_venv/lib/python3.12/site-packages/airflow/example_dags/example_display_name.py took 0.228 seconds
[2025-02-20T00:54:10.452+0000] {processor.py:186} INFO - Started process (PID=3909) to work on /home/ubuntu/redfin_venv/lib/python3.12/site-packages/airflow/example_dags/example_display_name.py
[2025-02-20T00:54:10.453+0000] {processor.py:914} INFO - Processing file /home/ubuntu/redfin_venv/lib/python3.12/site-packages/airflow/example_dags/example_display_name.py for tasks to queue
[2025-02-20T00:54:10.455+0000] {logging_mixin.py:190} INFO - [2025-02-20T00:54:10.455+0000] {dagbag.py:588} INFO - Filling up the DagBag from /home/ubuntu/redfin_venv/lib/python3.12/site-packages/airflow/example_dags/example_display_name.py
[2025-02-20T00:54:10.464+0000] {processor.py:925} INFO - DAG(s) 'example_display_name' retrieved from /home/ubuntu/redfin_venv/lib/python3.12/site-packages/airflow/example_dags/example_display_name.py
[2025-02-20T00:54:10.480+0000] {logging_mixin.py:190} INFO - [2025-02-20T00:54:10.479+0000] {dag.py:3239} INFO - Sync 1 DAGs
[2025-02-20T00:54:10.492+0000] {logging_mixin.py:190} INFO - [2025-02-20T00:54:10.491+0000] {dag.py:4180} INFO - Setting next_dagrun for example_display_name to None, run_after=None
[2025-02-20T00:54:10.514+0000] {processor.py:208} INFO - Processing /home/ubuntu/redfin_venv/lib/python3.12/site-packages/airflow/example_dags/example_display_name.py took 0.067 seconds
[2025-02-20T00:55:06.087+0000] {processor.py:186} INFO - Started process (PID=4151) to work on /home/ubuntu/redfin_venv/lib/python3.12/site-packages/airflow/example_dags/example_display_name.py
[2025-02-20T00:55:06.090+0000] {processor.py:914} INFO - Processing file /home/ubuntu/redfin_venv/lib/python3.12/site-packages/airflow/example_dags/example_display_name.py for tasks to queue
[2025-02-20T00:55:06.092+0000] {logging_mixin.py:190} INFO - [2025-02-20T00:55:06.092+0000] {dagbag.py:588} INFO - Filling up the DagBag from /home/ubuntu/redfin_venv/lib/python3.12/site-packages/airflow/example_dags/example_display_name.py
[2025-02-20T00:55:06.101+0000] {processor.py:925} INFO - DAG(s) 'example_display_name' retrieved from /home/ubuntu/redfin_venv/lib/python3.12/site-packages/airflow/example_dags/example_display_name.py
[2025-02-20T00:55:06.119+0000] {logging_mixin.py:190} INFO - [2025-02-20T00:55:06.119+0000] {dag.py:3239} INFO - Sync 1 DAGs
[2025-02-20T00:55:06.133+0000] {logging_mixin.py:190} INFO - [2025-02-20T00:55:06.132+0000] {dag.py:4180} INFO - Setting next_dagrun for example_display_name to None, run_after=None
[2025-02-20T00:55:06.157+0000] {processor.py:208} INFO - Processing /home/ubuntu/redfin_venv/lib/python3.12/site-packages/airflow/example_dags/example_display_name.py took 0.077 seconds
[2025-02-20T00:56:03.221+0000] {processor.py:186} INFO - Started process (PID=4268) to work on /home/ubuntu/redfin_venv/lib/python3.12/site-packages/airflow/example_dags/example_display_name.py
[2025-02-20T00:56:03.223+0000] {processor.py:914} INFO - Processing file /home/ubuntu/redfin_venv/lib/python3.12/site-packages/airflow/example_dags/example_display_name.py for tasks to queue
[2025-02-20T00:56:03.225+0000] {logging_mixin.py:190} INFO - [2025-02-20T00:56:03.224+0000] {dagbag.py:588} INFO - Filling up the DagBag from /home/ubuntu/redfin_venv/lib/python3.12/site-packages/airflow/example_dags/example_display_name.py
[2025-02-20T00:56:03.234+0000] {processor.py:925} INFO - DAG(s) 'example_display_name' retrieved from /home/ubuntu/redfin_venv/lib/python3.12/site-packages/airflow/example_dags/example_display_name.py
[2025-02-20T00:56:03.263+0000] {logging_mixin.py:190} INFO - [2025-02-20T00:56:03.263+0000] {dag.py:3239} INFO - Sync 1 DAGs
[2025-02-20T00:56:03.315+0000] {logging_mixin.py:190} INFO - [2025-02-20T00:56:03.315+0000] {dag.py:4180} INFO - Setting next_dagrun for example_display_name to None, run_after=None
[2025-02-20T00:56:03.396+0000] {processor.py:208} INFO - Processing /home/ubuntu/redfin_venv/lib/python3.12/site-packages/airflow/example_dags/example_display_name.py took 0.182 seconds
[2025-02-20T00:56:56.221+0000] {processor.py:186} INFO - Started process (PID=4389) to work on /home/ubuntu/redfin_venv/lib/python3.12/site-packages/airflow/example_dags/example_display_name.py
[2025-02-20T00:56:56.222+0000] {processor.py:914} INFO - Processing file /home/ubuntu/redfin_venv/lib/python3.12/site-packages/airflow/example_dags/example_display_name.py for tasks to queue
[2025-02-20T00:56:56.225+0000] {logging_mixin.py:190} INFO - [2025-02-20T00:56:56.224+0000] {dagbag.py:588} INFO - Filling up the DagBag from /home/ubuntu/redfin_venv/lib/python3.12/site-packages/airflow/example_dags/example_display_name.py
[2025-02-20T00:56:56.233+0000] {processor.py:925} INFO - DAG(s) 'example_display_name' retrieved from /home/ubuntu/redfin_venv/lib/python3.12/site-packages/airflow/example_dags/example_display_name.py
[2025-02-20T00:56:56.249+0000] {logging_mixin.py:190} INFO - [2025-02-20T00:56:56.249+0000] {dag.py:3239} INFO - Sync 1 DAGs
[2025-02-20T00:56:56.262+0000] {logging_mixin.py:190} INFO - [2025-02-20T00:56:56.261+0000] {dag.py:4180} INFO - Setting next_dagrun for example_display_name to None, run_after=None
[2025-02-20T00:56:56.283+0000] {processor.py:208} INFO - Processing /home/ubuntu/redfin_venv/lib/python3.12/site-packages/airflow/example_dags/example_display_name.py took 0.068 seconds
[2025-02-20T00:57:50.374+0000] {processor.py:186} INFO - Started process (PID=4562) to work on /home/ubuntu/redfin_venv/lib/python3.12/site-packages/airflow/example_dags/example_display_name.py
[2025-02-20T00:57:50.375+0000] {processor.py:914} INFO - Processing file /home/ubuntu/redfin_venv/lib/python3.12/site-packages/airflow/example_dags/example_display_name.py for tasks to queue
[2025-02-20T00:57:50.377+0000] {logging_mixin.py:190} INFO - [2025-02-20T00:57:50.377+0000] {dagbag.py:588} INFO - Filling up the DagBag from /home/ubuntu/redfin_venv/lib/python3.12/site-packages/airflow/example_dags/example_display_name.py
[2025-02-20T00:57:50.387+0000] {processor.py:925} INFO - DAG(s) 'example_display_name' retrieved from /home/ubuntu/redfin_venv/lib/python3.12/site-packages/airflow/example_dags/example_display_name.py
[2025-02-20T00:57:50.404+0000] {logging_mixin.py:190} INFO - [2025-02-20T00:57:50.403+0000] {dag.py:3239} INFO - Sync 1 DAGs
[2025-02-20T00:57:50.416+0000] {logging_mixin.py:190} INFO - [2025-02-20T00:57:50.416+0000] {dag.py:4180} INFO - Setting next_dagrun for example_display_name to None, run_after=None
[2025-02-20T00:57:50.441+0000] {processor.py:208} INFO - Processing /home/ubuntu/redfin_venv/lib/python3.12/site-packages/airflow/example_dags/example_display_name.py took 0.073 seconds
[2025-02-20T00:58:43.423+0000] {processor.py:186} INFO - Started process (PID=4677) to work on /home/ubuntu/redfin_venv/lib/python3.12/site-packages/airflow/example_dags/example_display_name.py
[2025-02-20T00:58:43.425+0000] {processor.py:914} INFO - Processing file /home/ubuntu/redfin_venv/lib/python3.12/site-packages/airflow/example_dags/example_display_name.py for tasks to queue
[2025-02-20T00:58:43.427+0000] {logging_mixin.py:190} INFO - [2025-02-20T00:58:43.427+0000] {dagbag.py:588} INFO - Filling up the DagBag from /home/ubuntu/redfin_venv/lib/python3.12/site-packages/airflow/example_dags/example_display_name.py
[2025-02-20T00:58:43.437+0000] {processor.py:925} INFO - DAG(s) 'example_display_name' retrieved from /home/ubuntu/redfin_venv/lib/python3.12/site-packages/airflow/example_dags/example_display_name.py
[2025-02-20T00:58:43.455+0000] {logging_mixin.py:190} INFO - [2025-02-20T00:58:43.454+0000] {dag.py:3239} INFO - Sync 1 DAGs
[2025-02-20T00:58:43.468+0000] {logging_mixin.py:190} INFO - [2025-02-20T00:58:43.467+0000] {dag.py:4180} INFO - Setting next_dagrun for example_display_name to None, run_after=None
[2025-02-20T00:58:43.491+0000] {processor.py:208} INFO - Processing /home/ubuntu/redfin_venv/lib/python3.12/site-packages/airflow/example_dags/example_display_name.py took 0.074 seconds
[2025-02-20T00:59:36.790+0000] {processor.py:186} INFO - Started process (PID=4792) to work on /home/ubuntu/redfin_venv/lib/python3.12/site-packages/airflow/example_dags/example_display_name.py
[2025-02-20T00:59:36.792+0000] {processor.py:914} INFO - Processing file /home/ubuntu/redfin_venv/lib/python3.12/site-packages/airflow/example_dags/example_display_name.py for tasks to queue
[2025-02-20T00:59:36.794+0000] {logging_mixin.py:190} INFO - [2025-02-20T00:59:36.793+0000] {dagbag.py:588} INFO - Filling up the DagBag from /home/ubuntu/redfin_venv/lib/python3.12/site-packages/airflow/example_dags/example_display_name.py
[2025-02-20T00:59:36.802+0000] {processor.py:925} INFO - DAG(s) 'example_display_name' retrieved from /home/ubuntu/redfin_venv/lib/python3.12/site-packages/airflow/example_dags/example_display_name.py
[2025-02-20T00:59:36.818+0000] {logging_mixin.py:190} INFO - [2025-02-20T00:59:36.817+0000] {dag.py:3239} INFO - Sync 1 DAGs
[2025-02-20T00:59:36.830+0000] {logging_mixin.py:190} INFO - [2025-02-20T00:59:36.830+0000] {dag.py:4180} INFO - Setting next_dagrun for example_display_name to None, run_after=None
[2025-02-20T00:59:36.852+0000] {processor.py:208} INFO - Processing /home/ubuntu/redfin_venv/lib/python3.12/site-packages/airflow/example_dags/example_display_name.py took 0.068 seconds
[2025-02-20T01:00:28.063+0000] {processor.py:186} INFO - Started process (PID=5315) to work on /home/ubuntu/redfin_venv/lib/python3.12/site-packages/airflow/example_dags/example_display_name.py
[2025-02-20T01:00:28.065+0000] {processor.py:914} INFO - Processing file /home/ubuntu/redfin_venv/lib/python3.12/site-packages/airflow/example_dags/example_display_name.py for tasks to queue
[2025-02-20T01:00:28.067+0000] {logging_mixin.py:190} INFO - [2025-02-20T01:00:28.066+0000] {dagbag.py:588} INFO - Filling up the DagBag from /home/ubuntu/redfin_venv/lib/python3.12/site-packages/airflow/example_dags/example_display_name.py
[2025-02-20T01:00:28.076+0000] {processor.py:925} INFO - DAG(s) 'example_display_name' retrieved from /home/ubuntu/redfin_venv/lib/python3.12/site-packages/airflow/example_dags/example_display_name.py
[2025-02-20T01:00:28.095+0000] {logging_mixin.py:190} INFO - [2025-02-20T01:00:28.095+0000] {dag.py:3239} INFO - Sync 1 DAGs
[2025-02-20T01:00:28.109+0000] {logging_mixin.py:190} INFO - [2025-02-20T01:00:28.108+0000] {dag.py:4180} INFO - Setting next_dagrun for example_display_name to None, run_after=None
[2025-02-20T01:00:28.132+0000] {processor.py:208} INFO - Processing /home/ubuntu/redfin_venv/lib/python3.12/site-packages/airflow/example_dags/example_display_name.py took 0.075 seconds
[2025-02-20T01:01:24.441+0000] {processor.py:186} INFO - Started process (PID=5588) to work on /home/ubuntu/redfin_venv/lib/python3.12/site-packages/airflow/example_dags/example_display_name.py
[2025-02-20T01:01:24.442+0000] {processor.py:914} INFO - Processing file /home/ubuntu/redfin_venv/lib/python3.12/site-packages/airflow/example_dags/example_display_name.py for tasks to queue
[2025-02-20T01:01:24.444+0000] {logging_mixin.py:190} INFO - [2025-02-20T01:01:24.444+0000] {dagbag.py:588} INFO - Filling up the DagBag from /home/ubuntu/redfin_venv/lib/python3.12/site-packages/airflow/example_dags/example_display_name.py
[2025-02-20T01:01:24.453+0000] {processor.py:925} INFO - DAG(s) 'example_display_name' retrieved from /home/ubuntu/redfin_venv/lib/python3.12/site-packages/airflow/example_dags/example_display_name.py
[2025-02-20T01:01:24.471+0000] {logging_mixin.py:190} INFO - [2025-02-20T01:01:24.471+0000] {dag.py:3239} INFO - Sync 1 DAGs
[2025-02-20T01:01:24.486+0000] {logging_mixin.py:190} INFO - [2025-02-20T01:01:24.485+0000] {dag.py:4180} INFO - Setting next_dagrun for example_display_name to None, run_after=None
[2025-02-20T01:01:24.516+0000] {processor.py:208} INFO - Processing /home/ubuntu/redfin_venv/lib/python3.12/site-packages/airflow/example_dags/example_display_name.py took 0.081 seconds
