[2025-02-20T00:52:32.813+0000] {processor.py:186} INFO - Started process (PID=3515) to work on /home/ubuntu/redfin_venv/lib/python3.12/site-packages/airflow/example_dags/example_trigger_controller_dag.py
[2025-02-20T00:52:32.814+0000] {processor.py:914} INFO - Processing file /home/ubuntu/redfin_venv/lib/python3.12/site-packages/airflow/example_dags/example_trigger_controller_dag.py for tasks to queue
[2025-02-20T00:52:32.819+0000] {logging_mixin.py:190} INFO - [2025-02-20T00:52:32.819+0000] {dagbag.py:588} INFO - Filling up the DagBag from /home/ubuntu/redfin_venv/lib/python3.12/site-packages/airflow/example_dags/example_trigger_controller_dag.py
[2025-02-20T00:52:32.826+0000] {processor.py:925} INFO - DAG(s) 'example_trigger_controller_dag' retrieved from /home/ubuntu/redfin_venv/lib/python3.12/site-packages/airflow/example_dags/example_trigger_controller_dag.py
[2025-02-20T00:52:32.934+0000] {logging_mixin.py:190} INFO - [2025-02-20T00:52:32.934+0000] {override.py:1930} INFO - Created Permission View: can edit on DAG:example_trigger_controller_dag
[2025-02-20T00:52:32.951+0000] {logging_mixin.py:190} INFO - [2025-02-20T00:52:32.950+0000] {override.py:1930} INFO - Created Permission View: can delete on DAG:example_trigger_controller_dag
[2025-02-20T00:52:32.965+0000] {logging_mixin.py:190} INFO - [2025-02-20T00:52:32.965+0000] {override.py:1930} INFO - Created Permission View: can read on DAG:example_trigger_controller_dag
[2025-02-20T00:52:32.986+0000] {logging_mixin.py:190} INFO - [2025-02-20T00:52:32.986+0000] {override.py:1930} INFO - Created Permission View: menu access on DAG Run:example_trigger_controller_dag
[2025-02-20T00:52:33.002+0000] {logging_mixin.py:190} INFO - [2025-02-20T00:52:33.002+0000] {override.py:1930} INFO - Created Permission View: can create on DAG Run:example_trigger_controller_dag
[2025-02-20T00:52:33.016+0000] {logging_mixin.py:190} INFO - [2025-02-20T00:52:33.016+0000] {override.py:1930} INFO - Created Permission View: can delete on DAG Run:example_trigger_controller_dag
[2025-02-20T00:52:33.028+0000] {logging_mixin.py:190} INFO - [2025-02-20T00:52:33.028+0000] {override.py:1930} INFO - Created Permission View: can read on DAG Run:example_trigger_controller_dag
[2025-02-20T00:52:33.029+0000] {logging_mixin.py:190} INFO - [2025-02-20T00:52:33.028+0000] {dag.py:3239} INFO - Sync 1 DAGs
[2025-02-20T00:52:33.043+0000] {logging_mixin.py:190} INFO - [2025-02-20T00:52:33.043+0000] {dag.py:3262} INFO - Creating ORM DAG for example_trigger_controller_dag
[2025-02-20T00:52:33.051+0000] {logging_mixin.py:190} INFO - [2025-02-20T00:52:33.051+0000] {dag.py:4180} INFO - Setting next_dagrun for example_trigger_controller_dag to 2021-01-01 00:00:00+00:00, run_after=2021-01-01 00:00:00+00:00
[2025-02-20T00:52:33.076+0000] {processor.py:208} INFO - Processing /home/ubuntu/redfin_venv/lib/python3.12/site-packages/airflow/example_dags/example_trigger_controller_dag.py took 0.269 seconds
[2025-02-20T00:53:37.655+0000] {processor.py:186} INFO - Started process (PID=3873) to work on /home/ubuntu/redfin_venv/lib/python3.12/site-packages/airflow/example_dags/example_trigger_controller_dag.py
[2025-02-20T00:53:37.698+0000] {processor.py:914} INFO - Processing file /home/ubuntu/redfin_venv/lib/python3.12/site-packages/airflow/example_dags/example_trigger_controller_dag.py for tasks to queue
[2025-02-20T00:53:37.701+0000] {logging_mixin.py:190} INFO - [2025-02-20T00:53:37.700+0000] {dagbag.py:588} INFO - Filling up the DagBag from /home/ubuntu/redfin_venv/lib/python3.12/site-packages/airflow/example_dags/example_trigger_controller_dag.py
[2025-02-20T00:53:37.708+0000] {processor.py:925} INFO - DAG(s) 'example_trigger_controller_dag' retrieved from /home/ubuntu/redfin_venv/lib/python3.12/site-packages/airflow/example_dags/example_trigger_controller_dag.py
[2025-02-20T00:53:37.724+0000] {logging_mixin.py:190} INFO - [2025-02-20T00:53:37.724+0000] {dag.py:3239} INFO - Sync 1 DAGs
[2025-02-20T00:53:37.743+0000] {logging_mixin.py:190} INFO - [2025-02-20T00:53:37.743+0000] {dag.py:4180} INFO - Setting next_dagrun for example_trigger_controller_dag to 2021-01-01 00:00:00+00:00, run_after=2021-01-01 00:00:00+00:00
[2025-02-20T00:53:37.769+0000] {processor.py:208} INFO - Processing /home/ubuntu/redfin_venv/lib/python3.12/site-packages/airflow/example_dags/example_trigger_controller_dag.py took 0.120 seconds
[2025-02-20T00:54:34.359+0000] {processor.py:186} INFO - Started process (PID=4115) to work on /home/ubuntu/redfin_venv/lib/python3.12/site-packages/airflow/example_dags/example_trigger_controller_dag.py
[2025-02-20T00:54:34.399+0000] {processor.py:914} INFO - Processing file /home/ubuntu/redfin_venv/lib/python3.12/site-packages/airflow/example_dags/example_trigger_controller_dag.py for tasks to queue
[2025-02-20T00:54:34.401+0000] {logging_mixin.py:190} INFO - [2025-02-20T00:54:34.401+0000] {dagbag.py:588} INFO - Filling up the DagBag from /home/ubuntu/redfin_venv/lib/python3.12/site-packages/airflow/example_dags/example_trigger_controller_dag.py
[2025-02-20T00:54:34.408+0000] {processor.py:925} INFO - DAG(s) 'example_trigger_controller_dag' retrieved from /home/ubuntu/redfin_venv/lib/python3.12/site-packages/airflow/example_dags/example_trigger_controller_dag.py
[2025-02-20T00:54:34.425+0000] {logging_mixin.py:190} INFO - [2025-02-20T00:54:34.424+0000] {dag.py:3239} INFO - Sync 1 DAGs
[2025-02-20T00:54:34.444+0000] {logging_mixin.py:190} INFO - [2025-02-20T00:54:34.444+0000] {dag.py:4180} INFO - Setting next_dagrun for example_trigger_controller_dag to 2021-01-01 00:00:00+00:00, run_after=2021-01-01 00:00:00+00:00
[2025-02-20T00:54:34.466+0000] {processor.py:208} INFO - Processing /home/ubuntu/redfin_venv/lib/python3.12/site-packages/airflow/example_dags/example_trigger_controller_dag.py took 0.112 seconds
[2025-02-20T00:55:25.278+0000] {processor.py:186} INFO - Started process (PID=4231) to work on /home/ubuntu/redfin_venv/lib/python3.12/site-packages/airflow/example_dags/example_trigger_controller_dag.py
[2025-02-20T00:55:25.279+0000] {processor.py:914} INFO - Processing file /home/ubuntu/redfin_venv/lib/python3.12/site-packages/airflow/example_dags/example_trigger_controller_dag.py for tasks to queue
[2025-02-20T00:55:25.282+0000] {logging_mixin.py:190} INFO - [2025-02-20T00:55:25.281+0000] {dagbag.py:588} INFO - Filling up the DagBag from /home/ubuntu/redfin_venv/lib/python3.12/site-packages/airflow/example_dags/example_trigger_controller_dag.py
[2025-02-20T00:55:25.290+0000] {processor.py:925} INFO - DAG(s) 'example_trigger_controller_dag' retrieved from /home/ubuntu/redfin_venv/lib/python3.12/site-packages/airflow/example_dags/example_trigger_controller_dag.py
[2025-02-20T00:55:25.307+0000] {logging_mixin.py:190} INFO - [2025-02-20T00:55:25.307+0000] {dag.py:3239} INFO - Sync 1 DAGs
[2025-02-20T00:55:25.329+0000] {logging_mixin.py:190} INFO - [2025-02-20T00:55:25.328+0000] {dag.py:4180} INFO - Setting next_dagrun for example_trigger_controller_dag to 2021-01-01 00:00:00+00:00, run_after=2021-01-01 00:00:00+00:00
[2025-02-20T00:55:25.352+0000] {processor.py:208} INFO - Processing /home/ubuntu/redfin_venv/lib/python3.12/site-packages/airflow/example_dags/example_trigger_controller_dag.py took 0.081 seconds
[2025-02-20T00:56:18.205+0000] {processor.py:186} INFO - Started process (PID=4284) to work on /home/ubuntu/redfin_venv/lib/python3.12/site-packages/airflow/example_dags/example_trigger_controller_dag.py
[2025-02-20T00:56:18.206+0000] {processor.py:914} INFO - Processing file /home/ubuntu/redfin_venv/lib/python3.12/site-packages/airflow/example_dags/example_trigger_controller_dag.py for tasks to queue
[2025-02-20T00:56:18.209+0000] {logging_mixin.py:190} INFO - [2025-02-20T00:56:18.208+0000] {dagbag.py:588} INFO - Filling up the DagBag from /home/ubuntu/redfin_venv/lib/python3.12/site-packages/airflow/example_dags/example_trigger_controller_dag.py
[2025-02-20T00:56:18.215+0000] {processor.py:925} INFO - DAG(s) 'example_trigger_controller_dag' retrieved from /home/ubuntu/redfin_venv/lib/python3.12/site-packages/airflow/example_dags/example_trigger_controller_dag.py
[2025-02-20T00:56:18.232+0000] {logging_mixin.py:190} INFO - [2025-02-20T00:56:18.231+0000] {dag.py:3239} INFO - Sync 1 DAGs
[2025-02-20T00:56:18.250+0000] {logging_mixin.py:190} INFO - [2025-02-20T00:56:18.250+0000] {dag.py:4180} INFO - Setting next_dagrun for example_trigger_controller_dag to 2021-01-01 00:00:00+00:00, run_after=2021-01-01 00:00:00+00:00
[2025-02-20T00:56:18.272+0000] {processor.py:208} INFO - Processing /home/ubuntu/redfin_venv/lib/python3.12/site-packages/airflow/example_dags/example_trigger_controller_dag.py took 0.073 seconds
[2025-02-20T00:57:11.810+0000] {processor.py:186} INFO - Started process (PID=4404) to work on /home/ubuntu/redfin_venv/lib/python3.12/site-packages/airflow/example_dags/example_trigger_controller_dag.py
[2025-02-20T00:57:11.813+0000] {processor.py:914} INFO - Processing file /home/ubuntu/redfin_venv/lib/python3.12/site-packages/airflow/example_dags/example_trigger_controller_dag.py for tasks to queue
[2025-02-20T00:57:11.817+0000] {logging_mixin.py:190} INFO - [2025-02-20T00:57:11.816+0000] {dagbag.py:588} INFO - Filling up the DagBag from /home/ubuntu/redfin_venv/lib/python3.12/site-packages/airflow/example_dags/example_trigger_controller_dag.py
[2025-02-20T00:57:11.826+0000] {processor.py:925} INFO - DAG(s) 'example_trigger_controller_dag' retrieved from /home/ubuntu/redfin_venv/lib/python3.12/site-packages/airflow/example_dags/example_trigger_controller_dag.py
[2025-02-20T00:57:11.845+0000] {logging_mixin.py:190} INFO - [2025-02-20T00:57:11.845+0000] {dag.py:3239} INFO - Sync 1 DAGs
[2025-02-20T00:57:11.874+0000] {logging_mixin.py:190} INFO - [2025-02-20T00:57:11.873+0000] {dag.py:4180} INFO - Setting next_dagrun for example_trigger_controller_dag to 2021-01-01 00:00:00+00:00, run_after=2021-01-01 00:00:00+00:00
[2025-02-20T00:57:11.897+0000] {processor.py:208} INFO - Processing /home/ubuntu/redfin_venv/lib/python3.12/site-packages/airflow/example_dags/example_trigger_controller_dag.py took 0.097 seconds
[2025-02-20T00:58:06.751+0000] {processor.py:186} INFO - Started process (PID=4579) to work on /home/ubuntu/redfin_venv/lib/python3.12/site-packages/airflow/example_dags/example_trigger_controller_dag.py
[2025-02-20T00:58:06.753+0000] {processor.py:914} INFO - Processing file /home/ubuntu/redfin_venv/lib/python3.12/site-packages/airflow/example_dags/example_trigger_controller_dag.py for tasks to queue
[2025-02-20T00:58:06.759+0000] {logging_mixin.py:190} INFO - [2025-02-20T00:58:06.759+0000] {dagbag.py:588} INFO - Filling up the DagBag from /home/ubuntu/redfin_venv/lib/python3.12/site-packages/airflow/example_dags/example_trigger_controller_dag.py
[2025-02-20T00:58:06.768+0000] {processor.py:925} INFO - DAG(s) 'example_trigger_controller_dag' retrieved from /home/ubuntu/redfin_venv/lib/python3.12/site-packages/airflow/example_dags/example_trigger_controller_dag.py
[2025-02-20T00:58:06.787+0000] {logging_mixin.py:190} INFO - [2025-02-20T00:58:06.787+0000] {dag.py:3239} INFO - Sync 1 DAGs
[2025-02-20T00:58:06.814+0000] {logging_mixin.py:190} INFO - [2025-02-20T00:58:06.812+0000] {dag.py:4180} INFO - Setting next_dagrun for example_trigger_controller_dag to 2021-01-01 00:00:00+00:00, run_after=2021-01-01 00:00:00+00:00
[2025-02-20T00:58:06.836+0000] {processor.py:208} INFO - Processing /home/ubuntu/redfin_venv/lib/python3.12/site-packages/airflow/example_dags/example_trigger_controller_dag.py took 0.109 seconds
[2025-02-20T00:58:59.366+0000] {processor.py:186} INFO - Started process (PID=4693) to work on /home/ubuntu/redfin_venv/lib/python3.12/site-packages/airflow/example_dags/example_trigger_controller_dag.py
[2025-02-20T00:58:59.367+0000] {processor.py:914} INFO - Processing file /home/ubuntu/redfin_venv/lib/python3.12/site-packages/airflow/example_dags/example_trigger_controller_dag.py for tasks to queue
[2025-02-20T00:58:59.369+0000] {logging_mixin.py:190} INFO - [2025-02-20T00:58:59.369+0000] {dagbag.py:588} INFO - Filling up the DagBag from /home/ubuntu/redfin_venv/lib/python3.12/site-packages/airflow/example_dags/example_trigger_controller_dag.py
[2025-02-20T00:58:59.376+0000] {processor.py:925} INFO - DAG(s) 'example_trigger_controller_dag' retrieved from /home/ubuntu/redfin_venv/lib/python3.12/site-packages/airflow/example_dags/example_trigger_controller_dag.py
[2025-02-20T00:58:59.393+0000] {logging_mixin.py:190} INFO - [2025-02-20T00:58:59.393+0000] {dag.py:3239} INFO - Sync 1 DAGs
[2025-02-20T00:58:59.412+0000] {logging_mixin.py:190} INFO - [2025-02-20T00:58:59.411+0000] {dag.py:4180} INFO - Setting next_dagrun for example_trigger_controller_dag to 2021-01-01 00:00:00+00:00, run_after=2021-01-01 00:00:00+00:00
[2025-02-20T00:58:59.433+0000] {processor.py:208} INFO - Processing /home/ubuntu/redfin_venv/lib/python3.12/site-packages/airflow/example_dags/example_trigger_controller_dag.py took 0.073 seconds
[2025-02-20T00:59:51.087+0000] {processor.py:186} INFO - Started process (PID=4808) to work on /home/ubuntu/redfin_venv/lib/python3.12/site-packages/airflow/example_dags/example_trigger_controller_dag.py
[2025-02-20T00:59:51.088+0000] {processor.py:914} INFO - Processing file /home/ubuntu/redfin_venv/lib/python3.12/site-packages/airflow/example_dags/example_trigger_controller_dag.py for tasks to queue
[2025-02-20T00:59:51.090+0000] {logging_mixin.py:190} INFO - [2025-02-20T00:59:51.090+0000] {dagbag.py:588} INFO - Filling up the DagBag from /home/ubuntu/redfin_venv/lib/python3.12/site-packages/airflow/example_dags/example_trigger_controller_dag.py
[2025-02-20T00:59:51.097+0000] {processor.py:925} INFO - DAG(s) 'example_trigger_controller_dag' retrieved from /home/ubuntu/redfin_venv/lib/python3.12/site-packages/airflow/example_dags/example_trigger_controller_dag.py
[2025-02-20T00:59:51.113+0000] {logging_mixin.py:190} INFO - [2025-02-20T00:59:51.113+0000] {dag.py:3239} INFO - Sync 1 DAGs
[2025-02-20T00:59:51.132+0000] {logging_mixin.py:190} INFO - [2025-02-20T00:59:51.132+0000] {dag.py:4180} INFO - Setting next_dagrun for example_trigger_controller_dag to 2021-01-01 00:00:00+00:00, run_after=2021-01-01 00:00:00+00:00
[2025-02-20T00:59:51.154+0000] {processor.py:208} INFO - Processing /home/ubuntu/redfin_venv/lib/python3.12/site-packages/airflow/example_dags/example_trigger_controller_dag.py took 0.073 seconds
[2025-02-20T01:00:43.999+0000] {processor.py:186} INFO - Started process (PID=5360) to work on /home/ubuntu/redfin_venv/lib/python3.12/site-packages/airflow/example_dags/example_trigger_controller_dag.py
[2025-02-20T01:00:44.003+0000] {processor.py:914} INFO - Processing file /home/ubuntu/redfin_venv/lib/python3.12/site-packages/airflow/example_dags/example_trigger_controller_dag.py for tasks to queue
[2025-02-20T01:00:44.013+0000] {logging_mixin.py:190} INFO - [2025-02-20T01:00:44.012+0000] {dagbag.py:588} INFO - Filling up the DagBag from /home/ubuntu/redfin_venv/lib/python3.12/site-packages/airflow/example_dags/example_trigger_controller_dag.py
[2025-02-20T01:00:44.039+0000] {processor.py:925} INFO - DAG(s) 'example_trigger_controller_dag' retrieved from /home/ubuntu/redfin_venv/lib/python3.12/site-packages/airflow/example_dags/example_trigger_controller_dag.py
[2025-02-20T01:00:44.071+0000] {logging_mixin.py:190} INFO - [2025-02-20T01:00:44.070+0000] {dag.py:3239} INFO - Sync 1 DAGs
[2025-02-20T01:00:44.098+0000] {logging_mixin.py:190} INFO - [2025-02-20T01:00:44.098+0000] {dag.py:4180} INFO - Setting next_dagrun for example_trigger_controller_dag to 2021-01-01 00:00:00+00:00, run_after=2021-01-01 00:00:00+00:00
[2025-02-20T01:00:44.128+0000] {processor.py:208} INFO - Processing /home/ubuntu/redfin_venv/lib/python3.12/site-packages/airflow/example_dags/example_trigger_controller_dag.py took 0.149 seconds
