[2025-02-20T00:53:03.615+0000] {processor.py:186} INFO - Started process (PID=3662) to work on /home/ubuntu/redfin_venv/lib/python3.12/site-packages/airflow/example_dags/example_inlet_event_extra.py
[2025-02-20T00:53:03.616+0000] {processor.py:914} INFO - Processing file /home/ubuntu/redfin_venv/lib/python3.12/site-packages/airflow/example_dags/example_inlet_event_extra.py for tasks to queue
[2025-02-20T00:53:03.619+0000] {logging_mixin.py:190} INFO - [2025-02-20T00:53:03.618+0000] {dagbag.py:588} INFO - Filling up the DagBag from /home/ubuntu/redfin_venv/lib/python3.12/site-packages/airflow/example_dags/example_inlet_event_extra.py
[2025-02-20T00:53:03.633+0000] {processor.py:925} INFO - DAG(s) 'read_dataset_event', 'read_dataset_event_from_classic' retrieved from /home/ubuntu/redfin_venv/lib/python3.12/site-packages/airflow/example_dags/example_inlet_event_extra.py
[2025-02-20T00:53:03.743+0000] {logging_mixin.py:190} INFO - [2025-02-20T00:53:03.743+0000] {override.py:1930} INFO - Created Permission View: can edit on DAG:read_dataset_event
[2025-02-20T00:53:03.753+0000] {logging_mixin.py:190} INFO - [2025-02-20T00:53:03.753+0000] {override.py:1930} INFO - Created Permission View: can delete on DAG:read_dataset_event
[2025-02-20T00:53:03.760+0000] {logging_mixin.py:190} INFO - [2025-02-20T00:53:03.760+0000] {override.py:1930} INFO - Created Permission View: can read on DAG:read_dataset_event
[2025-02-20T00:53:03.771+0000] {logging_mixin.py:190} INFO - [2025-02-20T00:53:03.771+0000] {override.py:1930} INFO - Created Permission View: menu access on DAG Run:read_dataset_event
[2025-02-20T00:53:03.778+0000] {logging_mixin.py:190} INFO - [2025-02-20T00:53:03.778+0000] {override.py:1930} INFO - Created Permission View: can create on DAG Run:read_dataset_event
[2025-02-20T00:53:03.785+0000] {logging_mixin.py:190} INFO - [2025-02-20T00:53:03.785+0000] {override.py:1930} INFO - Created Permission View: can delete on DAG Run:read_dataset_event
[2025-02-20T00:53:03.791+0000] {logging_mixin.py:190} INFO - [2025-02-20T00:53:03.791+0000] {override.py:1930} INFO - Created Permission View: can read on DAG Run:read_dataset_event
[2025-02-20T00:53:03.805+0000] {logging_mixin.py:190} INFO - [2025-02-20T00:53:03.805+0000] {override.py:1930} INFO - Created Permission View: can edit on DAG:read_dataset_event_from_classic
[2025-02-20T00:53:03.812+0000] {logging_mixin.py:190} INFO - [2025-02-20T00:53:03.812+0000] {override.py:1930} INFO - Created Permission View: can delete on DAG:read_dataset_event_from_classic
[2025-02-20T00:53:03.819+0000] {logging_mixin.py:190} INFO - [2025-02-20T00:53:03.818+0000] {override.py:1930} INFO - Created Permission View: can read on DAG:read_dataset_event_from_classic
[2025-02-20T00:53:03.829+0000] {logging_mixin.py:190} INFO - [2025-02-20T00:53:03.828+0000] {override.py:1930} INFO - Created Permission View: menu access on DAG Run:read_dataset_event_from_classic
[2025-02-20T00:53:03.836+0000] {logging_mixin.py:190} INFO - [2025-02-20T00:53:03.835+0000] {override.py:1930} INFO - Created Permission View: can create on DAG Run:read_dataset_event_from_classic
[2025-02-20T00:53:03.842+0000] {logging_mixin.py:190} INFO - [2025-02-20T00:53:03.842+0000] {override.py:1930} INFO - Created Permission View: can delete on DAG Run:read_dataset_event_from_classic
[2025-02-20T00:53:03.848+0000] {logging_mixin.py:190} INFO - [2025-02-20T00:53:03.848+0000] {override.py:1930} INFO - Created Permission View: can read on DAG Run:read_dataset_event_from_classic
[2025-02-20T00:53:03.849+0000] {logging_mixin.py:190} INFO - [2025-02-20T00:53:03.849+0000] {dag.py:3239} INFO - Sync 2 DAGs
[2025-02-20T00:53:03.859+0000] {logging_mixin.py:190} INFO - [2025-02-20T00:53:03.859+0000] {dag.py:3262} INFO - Creating ORM DAG for read_dataset_event_from_classic
[2025-02-20T00:53:03.860+0000] {logging_mixin.py:190} INFO - [2025-02-20T00:53:03.860+0000] {dag.py:3262} INFO - Creating ORM DAG for read_dataset_event
[2025-02-20T00:53:03.868+0000] {logging_mixin.py:190} INFO - [2025-02-20T00:53:03.868+0000] {dag.py:4180} INFO - Setting next_dagrun for read_dataset_event to 2025-02-19 00:00:00+00:00, run_after=2025-02-20 00:00:00+00:00
[2025-02-20T00:53:03.870+0000] {logging_mixin.py:190} INFO - [2025-02-20T00:53:03.870+0000] {dag.py:4180} INFO - Setting next_dagrun for read_dataset_event_from_classic to 2025-02-19 00:00:00+00:00, run_after=2025-02-20 00:00:00+00:00
[2025-02-20T00:53:03.893+0000] {processor.py:208} INFO - Processing /home/ubuntu/redfin_venv/lib/python3.12/site-packages/airflow/example_dags/example_inlet_event_extra.py took 0.284 seconds
[2025-02-20T00:54:08.166+0000] {processor.py:186} INFO - Started process (PID=3907) to work on /home/ubuntu/redfin_venv/lib/python3.12/site-packages/airflow/example_dags/example_inlet_event_extra.py
[2025-02-20T00:54:08.167+0000] {processor.py:914} INFO - Processing file /home/ubuntu/redfin_venv/lib/python3.12/site-packages/airflow/example_dags/example_inlet_event_extra.py for tasks to queue
[2025-02-20T00:54:08.169+0000] {logging_mixin.py:190} INFO - [2025-02-20T00:54:08.169+0000] {dagbag.py:588} INFO - Filling up the DagBag from /home/ubuntu/redfin_venv/lib/python3.12/site-packages/airflow/example_dags/example_inlet_event_extra.py
[2025-02-20T00:54:08.183+0000] {processor.py:925} INFO - DAG(s) 'read_dataset_event_from_classic', 'read_dataset_event' retrieved from /home/ubuntu/redfin_venv/lib/python3.12/site-packages/airflow/example_dags/example_inlet_event_extra.py
[2025-02-20T00:54:08.201+0000] {logging_mixin.py:190} INFO - [2025-02-20T00:54:08.201+0000] {dag.py:3239} INFO - Sync 2 DAGs
[2025-02-20T00:54:08.222+0000] {logging_mixin.py:190} INFO - [2025-02-20T00:54:08.222+0000] {dag.py:4180} INFO - Setting next_dagrun for read_dataset_event to 2025-02-19 00:00:00+00:00, run_after=2025-02-20 00:00:00+00:00
[2025-02-20T00:54:08.226+0000] {logging_mixin.py:190} INFO - [2025-02-20T00:54:08.226+0000] {dag.py:4180} INFO - Setting next_dagrun for read_dataset_event_from_classic to 2025-02-19 00:00:00+00:00, run_after=2025-02-20 00:00:00+00:00
[2025-02-20T00:54:08.246+0000] {processor.py:208} INFO - Processing /home/ubuntu/redfin_venv/lib/python3.12/site-packages/airflow/example_dags/example_inlet_event_extra.py took 0.086 seconds
[2025-02-20T00:55:04.888+0000] {processor.py:186} INFO - Started process (PID=4149) to work on /home/ubuntu/redfin_venv/lib/python3.12/site-packages/airflow/example_dags/example_inlet_event_extra.py
[2025-02-20T00:55:04.889+0000] {processor.py:914} INFO - Processing file /home/ubuntu/redfin_venv/lib/python3.12/site-packages/airflow/example_dags/example_inlet_event_extra.py for tasks to queue
[2025-02-20T00:55:04.891+0000] {logging_mixin.py:190} INFO - [2025-02-20T00:55:04.891+0000] {dagbag.py:588} INFO - Filling up the DagBag from /home/ubuntu/redfin_venv/lib/python3.12/site-packages/airflow/example_dags/example_inlet_event_extra.py
[2025-02-20T00:55:04.904+0000] {processor.py:925} INFO - DAG(s) 'read_dataset_event', 'read_dataset_event_from_classic' retrieved from /home/ubuntu/redfin_venv/lib/python3.12/site-packages/airflow/example_dags/example_inlet_event_extra.py
[2025-02-20T00:55:04.921+0000] {logging_mixin.py:190} INFO - [2025-02-20T00:55:04.921+0000] {dag.py:3239} INFO - Sync 2 DAGs
[2025-02-20T00:55:04.942+0000] {logging_mixin.py:190} INFO - [2025-02-20T00:55:04.942+0000] {dag.py:4180} INFO - Setting next_dagrun for read_dataset_event to 2025-02-19 00:00:00+00:00, run_after=2025-02-20 00:00:00+00:00
[2025-02-20T00:55:04.946+0000] {logging_mixin.py:190} INFO - [2025-02-20T00:55:04.946+0000] {dag.py:4180} INFO - Setting next_dagrun for read_dataset_event_from_classic to 2025-02-19 00:00:00+00:00, run_after=2025-02-20 00:00:00+00:00
[2025-02-20T00:55:04.965+0000] {processor.py:208} INFO - Processing /home/ubuntu/redfin_venv/lib/python3.12/site-packages/airflow/example_dags/example_inlet_event_extra.py took 0.083 seconds
[2025-02-20T00:56:01.500+0000] {processor.py:186} INFO - Started process (PID=4266) to work on /home/ubuntu/redfin_venv/lib/python3.12/site-packages/airflow/example_dags/example_inlet_event_extra.py
[2025-02-20T00:56:01.502+0000] {processor.py:914} INFO - Processing file /home/ubuntu/redfin_venv/lib/python3.12/site-packages/airflow/example_dags/example_inlet_event_extra.py for tasks to queue
[2025-02-20T00:56:01.504+0000] {logging_mixin.py:190} INFO - [2025-02-20T00:56:01.504+0000] {dagbag.py:588} INFO - Filling up the DagBag from /home/ubuntu/redfin_venv/lib/python3.12/site-packages/airflow/example_dags/example_inlet_event_extra.py
[2025-02-20T00:56:01.523+0000] {processor.py:925} INFO - DAG(s) 'read_dataset_event', 'read_dataset_event_from_classic' retrieved from /home/ubuntu/redfin_venv/lib/python3.12/site-packages/airflow/example_dags/example_inlet_event_extra.py
[2025-02-20T00:56:01.546+0000] {logging_mixin.py:190} INFO - [2025-02-20T00:56:01.545+0000] {dag.py:3239} INFO - Sync 2 DAGs
[2025-02-20T00:56:01.567+0000] {logging_mixin.py:190} INFO - [2025-02-20T00:56:01.567+0000] {dag.py:4180} INFO - Setting next_dagrun for read_dataset_event to 2025-02-19 00:00:00+00:00, run_after=2025-02-20 00:00:00+00:00
[2025-02-20T00:56:01.572+0000] {logging_mixin.py:190} INFO - [2025-02-20T00:56:01.572+0000] {dag.py:4180} INFO - Setting next_dagrun for read_dataset_event_from_classic to 2025-02-19 00:00:00+00:00, run_after=2025-02-20 00:00:00+00:00
[2025-02-20T00:56:01.596+0000] {processor.py:208} INFO - Processing /home/ubuntu/redfin_venv/lib/python3.12/site-packages/airflow/example_dags/example_inlet_event_extra.py took 0.103 seconds
[2025-02-20T00:56:54.373+0000] {processor.py:186} INFO - Started process (PID=4387) to work on /home/ubuntu/redfin_venv/lib/python3.12/site-packages/airflow/example_dags/example_inlet_event_extra.py
[2025-02-20T00:56:54.375+0000] {processor.py:914} INFO - Processing file /home/ubuntu/redfin_venv/lib/python3.12/site-packages/airflow/example_dags/example_inlet_event_extra.py for tasks to queue
[2025-02-20T00:56:54.377+0000] {logging_mixin.py:190} INFO - [2025-02-20T00:56:54.377+0000] {dagbag.py:588} INFO - Filling up the DagBag from /home/ubuntu/redfin_venv/lib/python3.12/site-packages/airflow/example_dags/example_inlet_event_extra.py
[2025-02-20T00:56:54.392+0000] {processor.py:925} INFO - DAG(s) 'read_dataset_event', 'read_dataset_event_from_classic' retrieved from /home/ubuntu/redfin_venv/lib/python3.12/site-packages/airflow/example_dags/example_inlet_event_extra.py
[2025-02-20T00:56:54.413+0000] {logging_mixin.py:190} INFO - [2025-02-20T00:56:54.412+0000] {dag.py:3239} INFO - Sync 2 DAGs
[2025-02-20T00:56:54.433+0000] {logging_mixin.py:190} INFO - [2025-02-20T00:56:54.433+0000] {dag.py:4180} INFO - Setting next_dagrun for read_dataset_event to 2025-02-19 00:00:00+00:00, run_after=2025-02-20 00:00:00+00:00
[2025-02-20T00:56:54.437+0000] {logging_mixin.py:190} INFO - [2025-02-20T00:56:54.437+0000] {dag.py:4180} INFO - Setting next_dagrun for read_dataset_event_from_classic to 2025-02-19 00:00:00+00:00, run_after=2025-02-20 00:00:00+00:00
[2025-02-20T00:56:54.456+0000] {processor.py:208} INFO - Processing /home/ubuntu/redfin_venv/lib/python3.12/site-packages/airflow/example_dags/example_inlet_event_extra.py took 0.089 seconds
[2025-02-20T00:57:48.083+0000] {processor.py:186} INFO - Started process (PID=4560) to work on /home/ubuntu/redfin_venv/lib/python3.12/site-packages/airflow/example_dags/example_inlet_event_extra.py
[2025-02-20T00:57:48.085+0000] {processor.py:914} INFO - Processing file /home/ubuntu/redfin_venv/lib/python3.12/site-packages/airflow/example_dags/example_inlet_event_extra.py for tasks to queue
[2025-02-20T00:57:48.087+0000] {logging_mixin.py:190} INFO - [2025-02-20T00:57:48.086+0000] {dagbag.py:588} INFO - Filling up the DagBag from /home/ubuntu/redfin_venv/lib/python3.12/site-packages/airflow/example_dags/example_inlet_event_extra.py
[2025-02-20T00:57:48.101+0000] {processor.py:925} INFO - DAG(s) 'read_dataset_event_from_classic', 'read_dataset_event' retrieved from /home/ubuntu/redfin_venv/lib/python3.12/site-packages/airflow/example_dags/example_inlet_event_extra.py
[2025-02-20T00:57:48.121+0000] {logging_mixin.py:190} INFO - [2025-02-20T00:57:48.121+0000] {dag.py:3239} INFO - Sync 2 DAGs
[2025-02-20T00:57:48.145+0000] {logging_mixin.py:190} INFO - [2025-02-20T00:57:48.144+0000] {dag.py:4180} INFO - Setting next_dagrun for read_dataset_event to 2025-02-19 00:00:00+00:00, run_after=2025-02-20 00:00:00+00:00
[2025-02-20T00:57:48.149+0000] {logging_mixin.py:190} INFO - [2025-02-20T00:57:48.149+0000] {dag.py:4180} INFO - Setting next_dagrun for read_dataset_event_from_classic to 2025-02-19 00:00:00+00:00, run_after=2025-02-20 00:00:00+00:00
[2025-02-20T00:57:48.172+0000] {processor.py:208} INFO - Processing /home/ubuntu/redfin_venv/lib/python3.12/site-packages/airflow/example_dags/example_inlet_event_extra.py took 0.094 seconds
[2025-02-20T00:58:41.043+0000] {processor.py:186} INFO - Started process (PID=4675) to work on /home/ubuntu/redfin_venv/lib/python3.12/site-packages/airflow/example_dags/example_inlet_event_extra.py
[2025-02-20T00:58:41.097+0000] {processor.py:914} INFO - Processing file /home/ubuntu/redfin_venv/lib/python3.12/site-packages/airflow/example_dags/example_inlet_event_extra.py for tasks to queue
[2025-02-20T00:58:41.099+0000] {logging_mixin.py:190} INFO - [2025-02-20T00:58:41.099+0000] {dagbag.py:588} INFO - Filling up the DagBag from /home/ubuntu/redfin_venv/lib/python3.12/site-packages/airflow/example_dags/example_inlet_event_extra.py
[2025-02-20T00:58:41.113+0000] {processor.py:925} INFO - DAG(s) 'read_dataset_event', 'read_dataset_event_from_classic' retrieved from /home/ubuntu/redfin_venv/lib/python3.12/site-packages/airflow/example_dags/example_inlet_event_extra.py
[2025-02-20T00:58:41.131+0000] {logging_mixin.py:190} INFO - [2025-02-20T00:58:41.131+0000] {dag.py:3239} INFO - Sync 2 DAGs
[2025-02-20T00:58:41.152+0000] {logging_mixin.py:190} INFO - [2025-02-20T00:58:41.152+0000] {dag.py:4180} INFO - Setting next_dagrun for read_dataset_event to 2025-02-19 00:00:00+00:00, run_after=2025-02-20 00:00:00+00:00
[2025-02-20T00:58:41.159+0000] {logging_mixin.py:190} INFO - [2025-02-20T00:58:41.159+0000] {dag.py:4180} INFO - Setting next_dagrun for read_dataset_event_from_classic to 2025-02-19 00:00:00+00:00, run_after=2025-02-20 00:00:00+00:00
[2025-02-20T00:58:41.183+0000] {processor.py:208} INFO - Processing /home/ubuntu/redfin_venv/lib/python3.12/site-packages/airflow/example_dags/example_inlet_event_extra.py took 0.145 seconds
[2025-02-20T00:59:35.263+0000] {processor.py:186} INFO - Started process (PID=4790) to work on /home/ubuntu/redfin_venv/lib/python3.12/site-packages/airflow/example_dags/example_inlet_event_extra.py
[2025-02-20T00:59:35.264+0000] {processor.py:914} INFO - Processing file /home/ubuntu/redfin_venv/lib/python3.12/site-packages/airflow/example_dags/example_inlet_event_extra.py for tasks to queue
[2025-02-20T00:59:35.266+0000] {logging_mixin.py:190} INFO - [2025-02-20T00:59:35.266+0000] {dagbag.py:588} INFO - Filling up the DagBag from /home/ubuntu/redfin_venv/lib/python3.12/site-packages/airflow/example_dags/example_inlet_event_extra.py
[2025-02-20T00:59:35.280+0000] {processor.py:925} INFO - DAG(s) 'read_dataset_event_from_classic', 'read_dataset_event' retrieved from /home/ubuntu/redfin_venv/lib/python3.12/site-packages/airflow/example_dags/example_inlet_event_extra.py
[2025-02-20T00:59:35.298+0000] {logging_mixin.py:190} INFO - [2025-02-20T00:59:35.298+0000] {dag.py:3239} INFO - Sync 2 DAGs
[2025-02-20T00:59:35.320+0000] {logging_mixin.py:190} INFO - [2025-02-20T00:59:35.320+0000] {dag.py:4180} INFO - Setting next_dagrun for read_dataset_event to 2025-02-19 00:00:00+00:00, run_after=2025-02-20 00:00:00+00:00
[2025-02-20T00:59:35.324+0000] {logging_mixin.py:190} INFO - [2025-02-20T00:59:35.324+0000] {dag.py:4180} INFO - Setting next_dagrun for read_dataset_event_from_classic to 2025-02-19 00:00:00+00:00, run_after=2025-02-20 00:00:00+00:00
[2025-02-20T00:59:35.343+0000] {processor.py:208} INFO - Processing /home/ubuntu/redfin_venv/lib/python3.12/site-packages/airflow/example_dags/example_inlet_event_extra.py took 0.087 seconds
[2025-02-20T01:00:25.921+0000] {processor.py:186} INFO - Started process (PID=5313) to work on /home/ubuntu/redfin_venv/lib/python3.12/site-packages/airflow/example_dags/example_inlet_event_extra.py
[2025-02-20T01:00:25.922+0000] {processor.py:914} INFO - Processing file /home/ubuntu/redfin_venv/lib/python3.12/site-packages/airflow/example_dags/example_inlet_event_extra.py for tasks to queue
[2025-02-20T01:00:25.925+0000] {logging_mixin.py:190} INFO - [2025-02-20T01:00:25.924+0000] {dagbag.py:588} INFO - Filling up the DagBag from /home/ubuntu/redfin_venv/lib/python3.12/site-packages/airflow/example_dags/example_inlet_event_extra.py
[2025-02-20T01:00:25.942+0000] {processor.py:925} INFO - DAG(s) 'read_dataset_event_from_classic', 'read_dataset_event' retrieved from /home/ubuntu/redfin_venv/lib/python3.12/site-packages/airflow/example_dags/example_inlet_event_extra.py
[2025-02-20T01:00:25.962+0000] {logging_mixin.py:190} INFO - [2025-02-20T01:00:25.962+0000] {dag.py:3239} INFO - Sync 2 DAGs
[2025-02-20T01:00:25.992+0000] {logging_mixin.py:190} INFO - [2025-02-20T01:00:25.992+0000] {dag.py:4180} INFO - Setting next_dagrun for read_dataset_event to 2025-02-19 00:00:00+00:00, run_after=2025-02-20 00:00:00+00:00
[2025-02-20T01:00:25.997+0000] {logging_mixin.py:190} INFO - [2025-02-20T01:00:25.997+0000] {dag.py:4180} INFO - Setting next_dagrun for read_dataset_event_from_classic to 2025-02-19 00:00:00+00:00, run_after=2025-02-20 00:00:00+00:00
[2025-02-20T01:00:26.020+0000] {processor.py:208} INFO - Processing /home/ubuntu/redfin_venv/lib/python3.12/site-packages/airflow/example_dags/example_inlet_event_extra.py took 0.106 seconds
[2025-02-20T01:01:22.860+0000] {processor.py:186} INFO - Started process (PID=5586) to work on /home/ubuntu/redfin_venv/lib/python3.12/site-packages/airflow/example_dags/example_inlet_event_extra.py
[2025-02-20T01:01:22.862+0000] {processor.py:914} INFO - Processing file /home/ubuntu/redfin_venv/lib/python3.12/site-packages/airflow/example_dags/example_inlet_event_extra.py for tasks to queue
[2025-02-20T01:01:22.864+0000] {logging_mixin.py:190} INFO - [2025-02-20T01:01:22.863+0000] {dagbag.py:588} INFO - Filling up the DagBag from /home/ubuntu/redfin_venv/lib/python3.12/site-packages/airflow/example_dags/example_inlet_event_extra.py
[2025-02-20T01:01:22.877+0000] {processor.py:925} INFO - DAG(s) 'read_dataset_event', 'read_dataset_event_from_classic' retrieved from /home/ubuntu/redfin_venv/lib/python3.12/site-packages/airflow/example_dags/example_inlet_event_extra.py
[2025-02-20T01:01:22.895+0000] {logging_mixin.py:190} INFO - [2025-02-20T01:01:22.895+0000] {dag.py:3239} INFO - Sync 2 DAGs
[2025-02-20T01:01:22.916+0000] {logging_mixin.py:190} INFO - [2025-02-20T01:01:22.916+0000] {dag.py:4180} INFO - Setting next_dagrun for read_dataset_event to 2025-02-19 00:00:00+00:00, run_after=2025-02-20 00:00:00+00:00
[2025-02-20T01:01:22.920+0000] {logging_mixin.py:190} INFO - [2025-02-20T01:01:22.920+0000] {dag.py:4180} INFO - Setting next_dagrun for read_dataset_event_from_classic to 2025-02-19 00:00:00+00:00, run_after=2025-02-20 00:00:00+00:00
[2025-02-20T01:01:22.941+0000] {processor.py:208} INFO - Processing /home/ubuntu/redfin_venv/lib/python3.12/site-packages/airflow/example_dags/example_inlet_event_extra.py took 0.087 seconds
