[2025-02-20T00:52:27.816+0000] {processor.py:186} INFO - Started process (PID=3450) to work on /home/ubuntu/redfin_venv/lib/python3.12/site-packages/airflow/example_dags/example_xcomargs.py
[2025-02-20T00:52:27.818+0000] {processor.py:914} INFO - Processing file /home/ubuntu/redfin_venv/lib/python3.12/site-packages/airflow/example_dags/example_xcomargs.py for tasks to queue
[2025-02-20T00:52:27.821+0000] {logging_mixin.py:190} INFO - [2025-02-20T00:52:27.820+0000] {dagbag.py:588} INFO - Filling up the DagBag from /home/ubuntu/redfin_venv/lib/python3.12/site-packages/airflow/example_dags/example_xcomargs.py
[2025-02-20T00:52:27.835+0000] {processor.py:925} INFO - DAG(s) 'example_xcom_args_with_operators', 'example_xcom_args' retrieved from /home/ubuntu/redfin_venv/lib/python3.12/site-packages/airflow/example_dags/example_xcomargs.py
[2025-02-20T00:52:27.987+0000] {logging_mixin.py:190} INFO - [2025-02-20T00:52:27.986+0000] {override.py:1930} INFO - Created Permission View: can edit on DAG:example_xcom_args_with_operators
[2025-02-20T00:52:28.004+0000] {logging_mixin.py:190} INFO - [2025-02-20T00:52:28.004+0000] {override.py:1930} INFO - Created Permission View: can delete on DAG:example_xcom_args_with_operators
[2025-02-20T00:52:28.015+0000] {logging_mixin.py:190} INFO - [2025-02-20T00:52:28.014+0000] {override.py:1930} INFO - Created Permission View: can read on DAG:example_xcom_args_with_operators
[2025-02-20T00:52:28.041+0000] {logging_mixin.py:190} INFO - [2025-02-20T00:52:28.038+0000] {override.py:1930} INFO - Created Permission View: menu access on DAG Run:example_xcom_args_with_operators
[2025-02-20T00:52:28.054+0000] {logging_mixin.py:190} INFO - [2025-02-20T00:52:28.054+0000] {override.py:1930} INFO - Created Permission View: can create on DAG Run:example_xcom_args_with_operators
[2025-02-20T00:52:28.067+0000] {logging_mixin.py:190} INFO - [2025-02-20T00:52:28.066+0000] {override.py:1930} INFO - Created Permission View: can delete on DAG Run:example_xcom_args_with_operators
[2025-02-20T00:52:28.077+0000] {logging_mixin.py:190} INFO - [2025-02-20T00:52:28.077+0000] {override.py:1930} INFO - Created Permission View: can read on DAG Run:example_xcom_args_with_operators
[2025-02-20T00:52:28.104+0000] {logging_mixin.py:190} INFO - [2025-02-20T00:52:28.103+0000] {override.py:1930} INFO - Created Permission View: can edit on DAG:example_xcom_args
[2025-02-20T00:52:28.115+0000] {logging_mixin.py:190} INFO - [2025-02-20T00:52:28.114+0000] {override.py:1930} INFO - Created Permission View: can delete on DAG:example_xcom_args
[2025-02-20T00:52:28.126+0000] {logging_mixin.py:190} INFO - [2025-02-20T00:52:28.126+0000] {override.py:1930} INFO - Created Permission View: can read on DAG:example_xcom_args
[2025-02-20T00:52:28.147+0000] {logging_mixin.py:190} INFO - [2025-02-20T00:52:28.146+0000] {override.py:1930} INFO - Created Permission View: menu access on DAG Run:example_xcom_args
[2025-02-20T00:52:28.161+0000] {logging_mixin.py:190} INFO - [2025-02-20T00:52:28.160+0000] {override.py:1930} INFO - Created Permission View: can create on DAG Run:example_xcom_args
[2025-02-20T00:52:28.172+0000] {logging_mixin.py:190} INFO - [2025-02-20T00:52:28.172+0000] {override.py:1930} INFO - Created Permission View: can delete on DAG Run:example_xcom_args
[2025-02-20T00:52:28.183+0000] {logging_mixin.py:190} INFO - [2025-02-20T00:52:28.182+0000] {override.py:1930} INFO - Created Permission View: can read on DAG Run:example_xcom_args
[2025-02-20T00:52:28.183+0000] {logging_mixin.py:190} INFO - [2025-02-20T00:52:28.183+0000] {dag.py:3239} INFO - Sync 2 DAGs
[2025-02-20T00:52:28.195+0000] {logging_mixin.py:190} INFO - [2025-02-20T00:52:28.195+0000] {dag.py:3262} INFO - Creating ORM DAG for example_xcom_args_with_operators
[2025-02-20T00:52:28.196+0000] {logging_mixin.py:190} INFO - [2025-02-20T00:52:28.196+0000] {dag.py:3262} INFO - Creating ORM DAG for example_xcom_args
[2025-02-20T00:52:28.197+0000] {logging_mixin.py:190} INFO - [2025-02-20T00:52:28.197+0000] {dag.py:4180} INFO - Setting next_dagrun for example_xcom_args to None, run_after=None
[2025-02-20T00:52:28.197+0000] {logging_mixin.py:190} INFO - [2025-02-20T00:52:28.197+0000] {dag.py:4180} INFO - Setting next_dagrun for example_xcom_args_with_operators to None, run_after=None
[2025-02-20T00:52:28.219+0000] {processor.py:208} INFO - Processing /home/ubuntu/redfin_venv/lib/python3.12/site-packages/airflow/example_dags/example_xcomargs.py took 0.411 seconds
[2025-02-20T00:53:33.070+0000] {processor.py:186} INFO - Started process (PID=3809) to work on /home/ubuntu/redfin_venv/lib/python3.12/site-packages/airflow/example_dags/example_xcomargs.py
[2025-02-20T00:53:33.110+0000] {processor.py:914} INFO - Processing file /home/ubuntu/redfin_venv/lib/python3.12/site-packages/airflow/example_dags/example_xcomargs.py for tasks to queue
[2025-02-20T00:53:33.112+0000] {logging_mixin.py:190} INFO - [2025-02-20T00:53:33.112+0000] {dagbag.py:588} INFO - Filling up the DagBag from /home/ubuntu/redfin_venv/lib/python3.12/site-packages/airflow/example_dags/example_xcomargs.py
[2025-02-20T00:53:33.123+0000] {processor.py:925} INFO - DAG(s) 'example_xcom_args', 'example_xcom_args_with_operators' retrieved from /home/ubuntu/redfin_venv/lib/python3.12/site-packages/airflow/example_dags/example_xcomargs.py
[2025-02-20T00:53:33.142+0000] {logging_mixin.py:190} INFO - [2025-02-20T00:53:33.141+0000] {dag.py:3239} INFO - Sync 2 DAGs
[2025-02-20T00:53:33.154+0000] {logging_mixin.py:190} INFO - [2025-02-20T00:53:33.154+0000] {dag.py:4180} INFO - Setting next_dagrun for example_xcom_args to None, run_after=None
[2025-02-20T00:53:33.157+0000] {logging_mixin.py:190} INFO - [2025-02-20T00:53:33.157+0000] {dag.py:4180} INFO - Setting next_dagrun for example_xcom_args_with_operators to None, run_after=None
[2025-02-20T00:53:33.177+0000] {processor.py:208} INFO - Processing /home/ubuntu/redfin_venv/lib/python3.12/site-packages/airflow/example_dags/example_xcomargs.py took 0.113 seconds
[2025-02-20T00:54:30.044+0000] {processor.py:186} INFO - Started process (PID=4076) to work on /home/ubuntu/redfin_venv/lib/python3.12/site-packages/airflow/example_dags/example_xcomargs.py
[2025-02-20T00:54:30.045+0000] {processor.py:914} INFO - Processing file /home/ubuntu/redfin_venv/lib/python3.12/site-packages/airflow/example_dags/example_xcomargs.py for tasks to queue
[2025-02-20T00:54:30.048+0000] {logging_mixin.py:190} INFO - [2025-02-20T00:54:30.047+0000] {dagbag.py:588} INFO - Filling up the DagBag from /home/ubuntu/redfin_venv/lib/python3.12/site-packages/airflow/example_dags/example_xcomargs.py
[2025-02-20T00:54:30.060+0000] {processor.py:925} INFO - DAG(s) 'example_xcom_args', 'example_xcom_args_with_operators' retrieved from /home/ubuntu/redfin_venv/lib/python3.12/site-packages/airflow/example_dags/example_xcomargs.py
[2025-02-20T00:54:30.079+0000] {logging_mixin.py:190} INFO - [2025-02-20T00:54:30.079+0000] {dag.py:3239} INFO - Sync 2 DAGs
[2025-02-20T00:54:30.092+0000] {logging_mixin.py:190} INFO - [2025-02-20T00:54:30.092+0000] {dag.py:4180} INFO - Setting next_dagrun for example_xcom_args to None, run_after=None
[2025-02-20T00:54:30.095+0000] {logging_mixin.py:190} INFO - [2025-02-20T00:54:30.095+0000] {dag.py:4180} INFO - Setting next_dagrun for example_xcom_args_with_operators to None, run_after=None
[2025-02-20T00:54:30.115+0000] {processor.py:208} INFO - Processing /home/ubuntu/redfin_venv/lib/python3.12/site-packages/airflow/example_dags/example_xcomargs.py took 0.082 seconds
[2025-02-20T00:55:21.511+0000] {processor.py:186} INFO - Started process (PID=4227) to work on /home/ubuntu/redfin_venv/lib/python3.12/site-packages/airflow/example_dags/example_xcomargs.py
[2025-02-20T00:55:21.513+0000] {processor.py:914} INFO - Processing file /home/ubuntu/redfin_venv/lib/python3.12/site-packages/airflow/example_dags/example_xcomargs.py for tasks to queue
[2025-02-20T00:55:21.515+0000] {logging_mixin.py:190} INFO - [2025-02-20T00:55:21.514+0000] {dagbag.py:588} INFO - Filling up the DagBag from /home/ubuntu/redfin_venv/lib/python3.12/site-packages/airflow/example_dags/example_xcomargs.py
[2025-02-20T00:55:21.530+0000] {processor.py:925} INFO - DAG(s) 'example_xcom_args', 'example_xcom_args_with_operators' retrieved from /home/ubuntu/redfin_venv/lib/python3.12/site-packages/airflow/example_dags/example_xcomargs.py
[2025-02-20T00:55:21.553+0000] {logging_mixin.py:190} INFO - [2025-02-20T00:55:21.552+0000] {dag.py:3239} INFO - Sync 2 DAGs
[2025-02-20T00:55:21.566+0000] {logging_mixin.py:190} INFO - [2025-02-20T00:55:21.566+0000] {dag.py:4180} INFO - Setting next_dagrun for example_xcom_args to None, run_after=None
[2025-02-20T00:55:21.570+0000] {logging_mixin.py:190} INFO - [2025-02-20T00:55:21.570+0000] {dag.py:4180} INFO - Setting next_dagrun for example_xcom_args_with_operators to None, run_after=None
[2025-02-20T00:55:21.592+0000] {processor.py:208} INFO - Processing /home/ubuntu/redfin_venv/lib/python3.12/site-packages/airflow/example_dags/example_xcomargs.py took 0.088 seconds
[2025-02-20T00:56:14.964+0000] {processor.py:186} INFO - Started process (PID=4280) to work on /home/ubuntu/redfin_venv/lib/python3.12/site-packages/airflow/example_dags/example_xcomargs.py
[2025-02-20T00:56:14.969+0000] {processor.py:914} INFO - Processing file /home/ubuntu/redfin_venv/lib/python3.12/site-packages/airflow/example_dags/example_xcomargs.py for tasks to queue
[2025-02-20T00:56:14.977+0000] {logging_mixin.py:190} INFO - [2025-02-20T00:56:14.977+0000] {dagbag.py:588} INFO - Filling up the DagBag from /home/ubuntu/redfin_venv/lib/python3.12/site-packages/airflow/example_dags/example_xcomargs.py
[2025-02-20T00:56:14.995+0000] {processor.py:925} INFO - DAG(s) 'example_xcom_args', 'example_xcom_args_with_operators' retrieved from /home/ubuntu/redfin_venv/lib/python3.12/site-packages/airflow/example_dags/example_xcomargs.py
[2025-02-20T00:56:15.025+0000] {logging_mixin.py:190} INFO - [2025-02-20T00:56:15.025+0000] {dag.py:3239} INFO - Sync 2 DAGs
[2025-02-20T00:56:15.043+0000] {logging_mixin.py:190} INFO - [2025-02-20T00:56:15.043+0000] {dag.py:4180} INFO - Setting next_dagrun for example_xcom_args to None, run_after=None
[2025-02-20T00:56:15.046+0000] {logging_mixin.py:190} INFO - [2025-02-20T00:56:15.046+0000] {dag.py:4180} INFO - Setting next_dagrun for example_xcom_args_with_operators to None, run_after=None
[2025-02-20T00:56:15.065+0000] {processor.py:208} INFO - Processing /home/ubuntu/redfin_venv/lib/python3.12/site-packages/airflow/example_dags/example_xcomargs.py took 0.113 seconds
[2025-02-20T00:57:07.462+0000] {processor.py:186} INFO - Started process (PID=4400) to work on /home/ubuntu/redfin_venv/lib/python3.12/site-packages/airflow/example_dags/example_xcomargs.py
[2025-02-20T00:57:07.464+0000] {processor.py:914} INFO - Processing file /home/ubuntu/redfin_venv/lib/python3.12/site-packages/airflow/example_dags/example_xcomargs.py for tasks to queue
[2025-02-20T00:57:07.467+0000] {logging_mixin.py:190} INFO - [2025-02-20T00:57:07.467+0000] {dagbag.py:588} INFO - Filling up the DagBag from /home/ubuntu/redfin_venv/lib/python3.12/site-packages/airflow/example_dags/example_xcomargs.py
[2025-02-20T00:57:07.485+0000] {processor.py:925} INFO - DAG(s) 'example_xcom_args_with_operators', 'example_xcom_args' retrieved from /home/ubuntu/redfin_venv/lib/python3.12/site-packages/airflow/example_dags/example_xcomargs.py
[2025-02-20T00:57:07.509+0000] {logging_mixin.py:190} INFO - [2025-02-20T00:57:07.509+0000] {dag.py:3239} INFO - Sync 2 DAGs
[2025-02-20T00:57:07.523+0000] {logging_mixin.py:190} INFO - [2025-02-20T00:57:07.523+0000] {dag.py:4180} INFO - Setting next_dagrun for example_xcom_args to None, run_after=None
[2025-02-20T00:57:07.526+0000] {logging_mixin.py:190} INFO - [2025-02-20T00:57:07.526+0000] {dag.py:4180} INFO - Setting next_dagrun for example_xcom_args_with_operators to None, run_after=None
[2025-02-20T00:57:07.557+0000] {processor.py:208} INFO - Processing /home/ubuntu/redfin_venv/lib/python3.12/site-packages/airflow/example_dags/example_xcomargs.py took 0.101 seconds
[2025-02-20T00:58:02.507+0000] {processor.py:186} INFO - Started process (PID=4575) to work on /home/ubuntu/redfin_venv/lib/python3.12/site-packages/airflow/example_dags/example_xcomargs.py
[2025-02-20T00:58:02.508+0000] {processor.py:914} INFO - Processing file /home/ubuntu/redfin_venv/lib/python3.12/site-packages/airflow/example_dags/example_xcomargs.py for tasks to queue
[2025-02-20T00:58:02.510+0000] {logging_mixin.py:190} INFO - [2025-02-20T00:58:02.510+0000] {dagbag.py:588} INFO - Filling up the DagBag from /home/ubuntu/redfin_venv/lib/python3.12/site-packages/airflow/example_dags/example_xcomargs.py
[2025-02-20T00:58:02.521+0000] {processor.py:925} INFO - DAG(s) 'example_xcom_args', 'example_xcom_args_with_operators' retrieved from /home/ubuntu/redfin_venv/lib/python3.12/site-packages/airflow/example_dags/example_xcomargs.py
[2025-02-20T00:58:02.539+0000] {logging_mixin.py:190} INFO - [2025-02-20T00:58:02.539+0000] {dag.py:3239} INFO - Sync 2 DAGs
[2025-02-20T00:58:02.552+0000] {logging_mixin.py:190} INFO - [2025-02-20T00:58:02.551+0000] {dag.py:4180} INFO - Setting next_dagrun for example_xcom_args to None, run_after=None
[2025-02-20T00:58:02.555+0000] {logging_mixin.py:190} INFO - [2025-02-20T00:58:02.555+0000] {dag.py:4180} INFO - Setting next_dagrun for example_xcom_args_with_operators to None, run_after=None
[2025-02-20T00:58:02.576+0000] {processor.py:208} INFO - Processing /home/ubuntu/redfin_venv/lib/python3.12/site-packages/airflow/example_dags/example_xcomargs.py took 0.075 seconds
[2025-02-20T00:58:55.404+0000] {processor.py:186} INFO - Started process (PID=4689) to work on /home/ubuntu/redfin_venv/lib/python3.12/site-packages/airflow/example_dags/example_xcomargs.py
[2025-02-20T00:58:55.406+0000] {processor.py:914} INFO - Processing file /home/ubuntu/redfin_venv/lib/python3.12/site-packages/airflow/example_dags/example_xcomargs.py for tasks to queue
[2025-02-20T00:58:55.408+0000] {logging_mixin.py:190} INFO - [2025-02-20T00:58:55.408+0000] {dagbag.py:588} INFO - Filling up the DagBag from /home/ubuntu/redfin_venv/lib/python3.12/site-packages/airflow/example_dags/example_xcomargs.py
[2025-02-20T00:58:55.439+0000] {processor.py:925} INFO - DAG(s) 'example_xcom_args_with_operators', 'example_xcom_args' retrieved from /home/ubuntu/redfin_venv/lib/python3.12/site-packages/airflow/example_dags/example_xcomargs.py
[2025-02-20T00:58:55.461+0000] {logging_mixin.py:190} INFO - [2025-02-20T00:58:55.461+0000] {dag.py:3239} INFO - Sync 2 DAGs
[2025-02-20T00:58:55.479+0000] {logging_mixin.py:190} INFO - [2025-02-20T00:58:55.479+0000] {dag.py:4180} INFO - Setting next_dagrun for example_xcom_args to None, run_after=None
[2025-02-20T00:58:55.482+0000] {logging_mixin.py:190} INFO - [2025-02-20T00:58:55.482+0000] {dag.py:4180} INFO - Setting next_dagrun for example_xcom_args_with_operators to None, run_after=None
[2025-02-20T00:58:55.503+0000] {processor.py:208} INFO - Processing /home/ubuntu/redfin_venv/lib/python3.12/site-packages/airflow/example_dags/example_xcomargs.py took 0.124 seconds
[2025-02-20T00:59:47.395+0000] {processor.py:186} INFO - Started process (PID=4804) to work on /home/ubuntu/redfin_venv/lib/python3.12/site-packages/airflow/example_dags/example_xcomargs.py
[2025-02-20T00:59:47.397+0000] {processor.py:914} INFO - Processing file /home/ubuntu/redfin_venv/lib/python3.12/site-packages/airflow/example_dags/example_xcomargs.py for tasks to queue
[2025-02-20T00:59:47.399+0000] {logging_mixin.py:190} INFO - [2025-02-20T00:59:47.399+0000] {dagbag.py:588} INFO - Filling up the DagBag from /home/ubuntu/redfin_venv/lib/python3.12/site-packages/airflow/example_dags/example_xcomargs.py
[2025-02-20T00:59:47.412+0000] {processor.py:925} INFO - DAG(s) 'example_xcom_args', 'example_xcom_args_with_operators' retrieved from /home/ubuntu/redfin_venv/lib/python3.12/site-packages/airflow/example_dags/example_xcomargs.py
[2025-02-20T00:59:47.434+0000] {logging_mixin.py:190} INFO - [2025-02-20T00:59:47.433+0000] {dag.py:3239} INFO - Sync 2 DAGs
[2025-02-20T00:59:47.447+0000] {logging_mixin.py:190} INFO - [2025-02-20T00:59:47.447+0000] {dag.py:4180} INFO - Setting next_dagrun for example_xcom_args to None, run_after=None
[2025-02-20T00:59:47.450+0000] {logging_mixin.py:190} INFO - [2025-02-20T00:59:47.450+0000] {dag.py:4180} INFO - Setting next_dagrun for example_xcom_args_with_operators to None, run_after=None
[2025-02-20T00:59:47.472+0000] {processor.py:208} INFO - Processing /home/ubuntu/redfin_venv/lib/python3.12/site-packages/airflow/example_dags/example_xcomargs.py took 0.083 seconds
[2025-02-20T01:00:40.028+0000] {processor.py:186} INFO - Started process (PID=5356) to work on /home/ubuntu/redfin_venv/lib/python3.12/site-packages/airflow/example_dags/example_xcomargs.py
[2025-02-20T01:00:40.030+0000] {processor.py:914} INFO - Processing file /home/ubuntu/redfin_venv/lib/python3.12/site-packages/airflow/example_dags/example_xcomargs.py for tasks to queue
[2025-02-20T01:00:40.032+0000] {logging_mixin.py:190} INFO - [2025-02-20T01:00:40.031+0000] {dagbag.py:588} INFO - Filling up the DagBag from /home/ubuntu/redfin_venv/lib/python3.12/site-packages/airflow/example_dags/example_xcomargs.py
[2025-02-20T01:00:40.045+0000] {processor.py:925} INFO - DAG(s) 'example_xcom_args', 'example_xcom_args_with_operators' retrieved from /home/ubuntu/redfin_venv/lib/python3.12/site-packages/airflow/example_dags/example_xcomargs.py
[2025-02-20T01:00:40.065+0000] {logging_mixin.py:190} INFO - [2025-02-20T01:00:40.065+0000] {dag.py:3239} INFO - Sync 2 DAGs
[2025-02-20T01:00:40.078+0000] {logging_mixin.py:190} INFO - [2025-02-20T01:00:40.078+0000] {dag.py:4180} INFO - Setting next_dagrun for example_xcom_args to None, run_after=None
[2025-02-20T01:00:40.081+0000] {logging_mixin.py:190} INFO - [2025-02-20T01:00:40.081+0000] {dag.py:4180} INFO - Setting next_dagrun for example_xcom_args_with_operators to None, run_after=None
[2025-02-20T01:00:40.099+0000] {processor.py:208} INFO - Processing /home/ubuntu/redfin_venv/lib/python3.12/site-packages/airflow/example_dags/example_xcomargs.py took 0.078 seconds
