[2025-02-20T00:52:44.175+0000] {processor.py:186} INFO - Started process (PID=3645) to work on /home/ubuntu/redfin_venv/lib/python3.12/site-packages/airflow/example_dags/example_task_group.py
[2025-02-20T00:52:44.176+0000] {processor.py:914} INFO - Processing file /home/ubuntu/redfin_venv/lib/python3.12/site-packages/airflow/example_dags/example_task_group.py for tasks to queue
[2025-02-20T00:52:44.178+0000] {logging_mixin.py:190} INFO - [2025-02-20T00:52:44.178+0000] {dagbag.py:588} INFO - Filling up the DagBag from /home/ubuntu/redfin_venv/lib/python3.12/site-packages/airflow/example_dags/example_task_group.py
[2025-02-20T00:52:44.188+0000] {processor.py:925} INFO - DAG(s) 'example_task_group' retrieved from /home/ubuntu/redfin_venv/lib/python3.12/site-packages/airflow/example_dags/example_task_group.py
[2025-02-20T00:52:44.303+0000] {logging_mixin.py:190} INFO - [2025-02-20T00:52:44.303+0000] {override.py:1930} INFO - Created Permission View: can edit on DAG:example_task_group
[2025-02-20T00:52:44.319+0000] {logging_mixin.py:190} INFO - [2025-02-20T00:52:44.318+0000] {override.py:1930} INFO - Created Permission View: can delete on DAG:example_task_group
[2025-02-20T00:52:44.330+0000] {logging_mixin.py:190} INFO - [2025-02-20T00:52:44.330+0000] {override.py:1930} INFO - Created Permission View: can read on DAG:example_task_group
[2025-02-20T00:52:44.347+0000] {logging_mixin.py:190} INFO - [2025-02-20T00:52:44.347+0000] {override.py:1930} INFO - Created Permission View: menu access on DAG Run:example_task_group
[2025-02-20T00:52:44.357+0000] {logging_mixin.py:190} INFO - [2025-02-20T00:52:44.357+0000] {override.py:1930} INFO - Created Permission View: can create on DAG Run:example_task_group
[2025-02-20T00:52:44.367+0000] {logging_mixin.py:190} INFO - [2025-02-20T00:52:44.367+0000] {override.py:1930} INFO - Created Permission View: can delete on DAG Run:example_task_group
[2025-02-20T00:52:44.379+0000] {logging_mixin.py:190} INFO - [2025-02-20T00:52:44.379+0000] {override.py:1930} INFO - Created Permission View: can read on DAG Run:example_task_group
[2025-02-20T00:52:44.380+0000] {logging_mixin.py:190} INFO - [2025-02-20T00:52:44.380+0000] {dag.py:3239} INFO - Sync 1 DAGs
[2025-02-20T00:52:44.392+0000] {logging_mixin.py:190} INFO - [2025-02-20T00:52:44.391+0000] {dag.py:3262} INFO - Creating ORM DAG for example_task_group
[2025-02-20T00:52:44.392+0000] {logging_mixin.py:190} INFO - [2025-02-20T00:52:44.392+0000] {dag.py:4180} INFO - Setting next_dagrun for example_task_group to None, run_after=None
[2025-02-20T00:52:44.419+0000] {processor.py:208} INFO - Processing /home/ubuntu/redfin_venv/lib/python3.12/site-packages/airflow/example_dags/example_task_group.py took 0.250 seconds
[2025-02-20T00:53:48.602+0000] {processor.py:186} INFO - Started process (PID=3883) to work on /home/ubuntu/redfin_venv/lib/python3.12/site-packages/airflow/example_dags/example_task_group.py
[2025-02-20T00:53:48.604+0000] {processor.py:914} INFO - Processing file /home/ubuntu/redfin_venv/lib/python3.12/site-packages/airflow/example_dags/example_task_group.py for tasks to queue
[2025-02-20T00:53:48.606+0000] {logging_mixin.py:190} INFO - [2025-02-20T00:53:48.605+0000] {dagbag.py:588} INFO - Filling up the DagBag from /home/ubuntu/redfin_venv/lib/python3.12/site-packages/airflow/example_dags/example_task_group.py
[2025-02-20T00:53:48.618+0000] {processor.py:925} INFO - DAG(s) 'example_task_group' retrieved from /home/ubuntu/redfin_venv/lib/python3.12/site-packages/airflow/example_dags/example_task_group.py
[2025-02-20T00:53:48.638+0000] {logging_mixin.py:190} INFO - [2025-02-20T00:53:48.638+0000] {dag.py:3239} INFO - Sync 1 DAGs
[2025-02-20T00:53:48.652+0000] {logging_mixin.py:190} INFO - [2025-02-20T00:53:48.651+0000] {dag.py:4180} INFO - Setting next_dagrun for example_task_group to None, run_after=None
[2025-02-20T00:53:48.676+0000] {processor.py:208} INFO - Processing /home/ubuntu/redfin_venv/lib/python3.12/site-packages/airflow/example_dags/example_task_group.py took 0.081 seconds
[2025-02-20T00:54:43.367+0000] {processor.py:186} INFO - Started process (PID=4125) to work on /home/ubuntu/redfin_venv/lib/python3.12/site-packages/airflow/example_dags/example_task_group.py
[2025-02-20T00:54:43.368+0000] {processor.py:914} INFO - Processing file /home/ubuntu/redfin_venv/lib/python3.12/site-packages/airflow/example_dags/example_task_group.py for tasks to queue
[2025-02-20T00:54:43.371+0000] {logging_mixin.py:190} INFO - [2025-02-20T00:54:43.371+0000] {dagbag.py:588} INFO - Filling up the DagBag from /home/ubuntu/redfin_venv/lib/python3.12/site-packages/airflow/example_dags/example_task_group.py
[2025-02-20T00:54:43.385+0000] {processor.py:925} INFO - DAG(s) 'example_task_group' retrieved from /home/ubuntu/redfin_venv/lib/python3.12/site-packages/airflow/example_dags/example_task_group.py
[2025-02-20T00:54:43.404+0000] {logging_mixin.py:190} INFO - [2025-02-20T00:54:43.404+0000] {dag.py:3239} INFO - Sync 1 DAGs
[2025-02-20T00:54:43.421+0000] {logging_mixin.py:190} INFO - [2025-02-20T00:54:43.421+0000] {dag.py:4180} INFO - Setting next_dagrun for example_task_group to None, run_after=None
[2025-02-20T00:54:43.446+0000] {processor.py:208} INFO - Processing /home/ubuntu/redfin_venv/lib/python3.12/site-packages/airflow/example_dags/example_task_group.py took 0.086 seconds
[2025-02-20T00:55:35.422+0000] {processor.py:186} INFO - Started process (PID=4241) to work on /home/ubuntu/redfin_venv/lib/python3.12/site-packages/airflow/example_dags/example_task_group.py
[2025-02-20T00:55:35.424+0000] {processor.py:914} INFO - Processing file /home/ubuntu/redfin_venv/lib/python3.12/site-packages/airflow/example_dags/example_task_group.py for tasks to queue
[2025-02-20T00:55:35.426+0000] {logging_mixin.py:190} INFO - [2025-02-20T00:55:35.425+0000] {dagbag.py:588} INFO - Filling up the DagBag from /home/ubuntu/redfin_venv/lib/python3.12/site-packages/airflow/example_dags/example_task_group.py
[2025-02-20T00:55:35.436+0000] {processor.py:925} INFO - DAG(s) 'example_task_group' retrieved from /home/ubuntu/redfin_venv/lib/python3.12/site-packages/airflow/example_dags/example_task_group.py
[2025-02-20T00:55:35.454+0000] {logging_mixin.py:190} INFO - [2025-02-20T00:55:35.454+0000] {dag.py:3239} INFO - Sync 1 DAGs
[2025-02-20T00:55:35.467+0000] {logging_mixin.py:190} INFO - [2025-02-20T00:55:35.467+0000] {dag.py:4180} INFO - Setting next_dagrun for example_task_group to None, run_after=None
[2025-02-20T00:55:35.492+0000] {processor.py:208} INFO - Processing /home/ubuntu/redfin_venv/lib/python3.12/site-packages/airflow/example_dags/example_task_group.py took 0.076 seconds
[2025-02-20T00:56:28.626+0000] {processor.py:186} INFO - Started process (PID=4354) to work on /home/ubuntu/redfin_venv/lib/python3.12/site-packages/airflow/example_dags/example_task_group.py
[2025-02-20T00:56:28.627+0000] {processor.py:914} INFO - Processing file /home/ubuntu/redfin_venv/lib/python3.12/site-packages/airflow/example_dags/example_task_group.py for tasks to queue
[2025-02-20T00:56:28.630+0000] {logging_mixin.py:190} INFO - [2025-02-20T00:56:28.630+0000] {dagbag.py:588} INFO - Filling up the DagBag from /home/ubuntu/redfin_venv/lib/python3.12/site-packages/airflow/example_dags/example_task_group.py
[2025-02-20T00:56:28.644+0000] {processor.py:925} INFO - DAG(s) 'example_task_group' retrieved from /home/ubuntu/redfin_venv/lib/python3.12/site-packages/airflow/example_dags/example_task_group.py
[2025-02-20T00:56:28.670+0000] {logging_mixin.py:190} INFO - [2025-02-20T00:56:28.670+0000] {dag.py:3239} INFO - Sync 1 DAGs
[2025-02-20T00:56:28.687+0000] {logging_mixin.py:190} INFO - [2025-02-20T00:56:28.687+0000] {dag.py:4180} INFO - Setting next_dagrun for example_task_group to None, run_after=None
[2025-02-20T00:56:28.719+0000] {processor.py:208} INFO - Processing /home/ubuntu/redfin_venv/lib/python3.12/site-packages/airflow/example_dags/example_task_group.py took 0.100 seconds
[2025-02-20T00:57:21.142+0000] {processor.py:186} INFO - Started process (PID=4474) to work on /home/ubuntu/redfin_venv/lib/python3.12/site-packages/airflow/example_dags/example_task_group.py
[2025-02-20T00:57:21.143+0000] {processor.py:914} INFO - Processing file /home/ubuntu/redfin_venv/lib/python3.12/site-packages/airflow/example_dags/example_task_group.py for tasks to queue
[2025-02-20T00:57:21.146+0000] {logging_mixin.py:190} INFO - [2025-02-20T00:57:21.145+0000] {dagbag.py:588} INFO - Filling up the DagBag from /home/ubuntu/redfin_venv/lib/python3.12/site-packages/airflow/example_dags/example_task_group.py
[2025-02-20T00:57:21.155+0000] {processor.py:925} INFO - DAG(s) 'example_task_group' retrieved from /home/ubuntu/redfin_venv/lib/python3.12/site-packages/airflow/example_dags/example_task_group.py
[2025-02-20T00:57:21.173+0000] {logging_mixin.py:190} INFO - [2025-02-20T00:57:21.173+0000] {dag.py:3239} INFO - Sync 1 DAGs
[2025-02-20T00:57:21.185+0000] {logging_mixin.py:190} INFO - [2025-02-20T00:57:21.185+0000] {dag.py:4180} INFO - Setting next_dagrun for example_task_group to None, run_after=None
[2025-02-20T00:57:21.207+0000] {processor.py:208} INFO - Processing /home/ubuntu/redfin_venv/lib/python3.12/site-packages/airflow/example_dags/example_task_group.py took 0.071 seconds
[2025-02-20T00:58:16.881+0000] {processor.py:186} INFO - Started process (PID=4589) to work on /home/ubuntu/redfin_venv/lib/python3.12/site-packages/airflow/example_dags/example_task_group.py
[2025-02-20T00:58:16.882+0000] {processor.py:914} INFO - Processing file /home/ubuntu/redfin_venv/lib/python3.12/site-packages/airflow/example_dags/example_task_group.py for tasks to queue
[2025-02-20T00:58:16.884+0000] {logging_mixin.py:190} INFO - [2025-02-20T00:58:16.884+0000] {dagbag.py:588} INFO - Filling up the DagBag from /home/ubuntu/redfin_venv/lib/python3.12/site-packages/airflow/example_dags/example_task_group.py
[2025-02-20T00:58:16.895+0000] {processor.py:925} INFO - DAG(s) 'example_task_group' retrieved from /home/ubuntu/redfin_venv/lib/python3.12/site-packages/airflow/example_dags/example_task_group.py
[2025-02-20T00:58:16.914+0000] {logging_mixin.py:190} INFO - [2025-02-20T00:58:16.914+0000] {dag.py:3239} INFO - Sync 1 DAGs
[2025-02-20T00:58:16.928+0000] {logging_mixin.py:190} INFO - [2025-02-20T00:58:16.928+0000] {dag.py:4180} INFO - Setting next_dagrun for example_task_group to None, run_after=None
[2025-02-20T00:58:16.951+0000] {processor.py:208} INFO - Processing /home/ubuntu/redfin_venv/lib/python3.12/site-packages/airflow/example_dags/example_task_group.py took 0.076 seconds
[2025-02-20T00:59:09.672+0000] {processor.py:186} INFO - Started process (PID=4704) to work on /home/ubuntu/redfin_venv/lib/python3.12/site-packages/airflow/example_dags/example_task_group.py
[2025-02-20T00:59:09.673+0000] {processor.py:914} INFO - Processing file /home/ubuntu/redfin_venv/lib/python3.12/site-packages/airflow/example_dags/example_task_group.py for tasks to queue
[2025-02-20T00:59:09.675+0000] {logging_mixin.py:190} INFO - [2025-02-20T00:59:09.675+0000] {dagbag.py:588} INFO - Filling up the DagBag from /home/ubuntu/redfin_venv/lib/python3.12/site-packages/airflow/example_dags/example_task_group.py
[2025-02-20T00:59:09.687+0000] {processor.py:925} INFO - DAG(s) 'example_task_group' retrieved from /home/ubuntu/redfin_venv/lib/python3.12/site-packages/airflow/example_dags/example_task_group.py
[2025-02-20T00:59:09.707+0000] {logging_mixin.py:190} INFO - [2025-02-20T00:59:09.707+0000] {dag.py:3239} INFO - Sync 1 DAGs
[2025-02-20T00:59:09.721+0000] {logging_mixin.py:190} INFO - [2025-02-20T00:59:09.721+0000] {dag.py:4180} INFO - Setting next_dagrun for example_task_group to None, run_after=None
[2025-02-20T00:59:09.746+0000] {processor.py:208} INFO - Processing /home/ubuntu/redfin_venv/lib/python3.12/site-packages/airflow/example_dags/example_task_group.py took 0.080 seconds
[2025-02-20T01:00:01.406+0000] {processor.py:186} INFO - Started process (PID=4821) to work on /home/ubuntu/redfin_venv/lib/python3.12/site-packages/airflow/example_dags/example_task_group.py
[2025-02-20T01:00:01.408+0000] {processor.py:914} INFO - Processing file /home/ubuntu/redfin_venv/lib/python3.12/site-packages/airflow/example_dags/example_task_group.py for tasks to queue
[2025-02-20T01:00:01.410+0000] {logging_mixin.py:190} INFO - [2025-02-20T01:00:01.410+0000] {dagbag.py:588} INFO - Filling up the DagBag from /home/ubuntu/redfin_venv/lib/python3.12/site-packages/airflow/example_dags/example_task_group.py
[2025-02-20T01:00:01.421+0000] {processor.py:925} INFO - DAG(s) 'example_task_group' retrieved from /home/ubuntu/redfin_venv/lib/python3.12/site-packages/airflow/example_dags/example_task_group.py
[2025-02-20T01:00:01.440+0000] {logging_mixin.py:190} INFO - [2025-02-20T01:00:01.440+0000] {dag.py:3239} INFO - Sync 1 DAGs
[2025-02-20T01:00:01.453+0000] {logging_mixin.py:190} INFO - [2025-02-20T01:00:01.453+0000] {dag.py:4180} INFO - Setting next_dagrun for example_task_group to None, run_after=None
[2025-02-20T01:00:01.477+0000] {processor.py:208} INFO - Processing /home/ubuntu/redfin_venv/lib/python3.12/site-packages/airflow/example_dags/example_task_group.py took 0.077 seconds
[2025-02-20T01:00:54.029+0000] {processor.py:186} INFO - Started process (PID=5412) to work on /home/ubuntu/redfin_venv/lib/python3.12/site-packages/airflow/example_dags/example_task_group.py
[2025-02-20T01:00:54.031+0000] {processor.py:914} INFO - Processing file /home/ubuntu/redfin_venv/lib/python3.12/site-packages/airflow/example_dags/example_task_group.py for tasks to queue
[2025-02-20T01:00:54.033+0000] {logging_mixin.py:190} INFO - [2025-02-20T01:00:54.032+0000] {dagbag.py:588} INFO - Filling up the DagBag from /home/ubuntu/redfin_venv/lib/python3.12/site-packages/airflow/example_dags/example_task_group.py
[2025-02-20T01:00:54.044+0000] {processor.py:925} INFO - DAG(s) 'example_task_group' retrieved from /home/ubuntu/redfin_venv/lib/python3.12/site-packages/airflow/example_dags/example_task_group.py
[2025-02-20T01:00:54.065+0000] {logging_mixin.py:190} INFO - [2025-02-20T01:00:54.064+0000] {dag.py:3239} INFO - Sync 1 DAGs
[2025-02-20T01:00:54.080+0000] {logging_mixin.py:190} INFO - [2025-02-20T01:00:54.080+0000] {dag.py:4180} INFO - Setting next_dagrun for example_task_group to None, run_after=None
[2025-02-20T01:00:54.111+0000] {processor.py:208} INFO - Processing /home/ubuntu/redfin_venv/lib/python3.12/site-packages/airflow/example_dags/example_task_group.py took 0.089 seconds
