[2025-02-20T00:53:03.243+0000] {processor.py:186} INFO - Started process (PID=3661) to work on /home/ubuntu/redfin_venv/lib/python3.12/site-packages/airflow/example_dags/example_dynamic_task_mapping_with_no_taskflow_operators.py
[2025-02-20T00:53:03.244+0000] {processor.py:914} INFO - Processing file /home/ubuntu/redfin_venv/lib/python3.12/site-packages/airflow/example_dags/example_dynamic_task_mapping_with_no_taskflow_operators.py for tasks to queue
[2025-02-20T00:53:03.247+0000] {logging_mixin.py:190} INFO - [2025-02-20T00:53:03.247+0000] {dagbag.py:588} INFO - Filling up the DagBag from /home/ubuntu/redfin_venv/lib/python3.12/site-packages/airflow/example_dags/example_dynamic_task_mapping_with_no_taskflow_operators.py
[2025-02-20T00:53:03.257+0000] {processor.py:925} INFO - DAG(s) 'example_dynamic_task_mapping_with_no_taskflow_operators' retrieved from /home/ubuntu/redfin_venv/lib/python3.12/site-packages/airflow/example_dags/example_dynamic_task_mapping_with_no_taskflow_operators.py
[2025-02-20T00:53:03.358+0000] {logging_mixin.py:190} INFO - [2025-02-20T00:53:03.358+0000] {override.py:1930} INFO - Created Permission View: can edit on DAG:example_dynamic_task_mapping_with_no_taskflow_operators
[2025-02-20T00:53:03.368+0000] {logging_mixin.py:190} INFO - [2025-02-20T00:53:03.368+0000] {override.py:1930} INFO - Created Permission View: can delete on DAG:example_dynamic_task_mapping_with_no_taskflow_operators
[2025-02-20T00:53:03.376+0000] {logging_mixin.py:190} INFO - [2025-02-20T00:53:03.375+0000] {override.py:1930} INFO - Created Permission View: can read on DAG:example_dynamic_task_mapping_with_no_taskflow_operators
[2025-02-20T00:53:03.445+0000] {logging_mixin.py:190} INFO - [2025-02-20T00:53:03.445+0000] {override.py:1930} INFO - Created Permission View: menu access on DAG Run:example_dynamic_task_mapping_with_no_taskflow_operators
[2025-02-20T00:53:03.452+0000] {logging_mixin.py:190} INFO - [2025-02-20T00:53:03.452+0000] {override.py:1930} INFO - Created Permission View: can create on DAG Run:example_dynamic_task_mapping_with_no_taskflow_operators
[2025-02-20T00:53:03.459+0000] {logging_mixin.py:190} INFO - [2025-02-20T00:53:03.459+0000] {override.py:1930} INFO - Created Permission View: can delete on DAG Run:example_dynamic_task_mapping_with_no_taskflow_operators
[2025-02-20T00:53:03.483+0000] {logging_mixin.py:190} INFO - [2025-02-20T00:53:03.483+0000] {override.py:1930} INFO - Created Permission View: can read on DAG Run:example_dynamic_task_mapping_with_no_taskflow_operators
[2025-02-20T00:53:03.484+0000] {logging_mixin.py:190} INFO - [2025-02-20T00:53:03.483+0000] {dag.py:3239} INFO - Sync 1 DAGs
[2025-02-20T00:53:03.497+0000] {logging_mixin.py:190} INFO - [2025-02-20T00:53:03.497+0000] {dag.py:3262} INFO - Creating ORM DAG for example_dynamic_task_mapping_with_no_taskflow_operators
[2025-02-20T00:53:03.498+0000] {logging_mixin.py:190} INFO - [2025-02-20T00:53:03.497+0000] {dag.py:4180} INFO - Setting next_dagrun for example_dynamic_task_mapping_with_no_taskflow_operators to None, run_after=None
[2025-02-20T00:53:03.514+0000] {processor.py:208} INFO - Processing /home/ubuntu/redfin_venv/lib/python3.12/site-packages/airflow/example_dags/example_dynamic_task_mapping_with_no_taskflow_operators.py took 0.278 seconds
[2025-02-20T00:54:06.926+0000] {processor.py:186} INFO - Started process (PID=3903) to work on /home/ubuntu/redfin_venv/lib/python3.12/site-packages/airflow/example_dags/example_dynamic_task_mapping_with_no_taskflow_operators.py
[2025-02-20T00:54:06.978+0000] {processor.py:914} INFO - Processing file /home/ubuntu/redfin_venv/lib/python3.12/site-packages/airflow/example_dags/example_dynamic_task_mapping_with_no_taskflow_operators.py for tasks to queue
[2025-02-20T00:54:06.981+0000] {logging_mixin.py:190} INFO - [2025-02-20T00:54:06.980+0000] {dagbag.py:588} INFO - Filling up the DagBag from /home/ubuntu/redfin_venv/lib/python3.12/site-packages/airflow/example_dags/example_dynamic_task_mapping_with_no_taskflow_operators.py
[2025-02-20T00:54:06.990+0000] {processor.py:925} INFO - DAG(s) 'example_dynamic_task_mapping_with_no_taskflow_operators' retrieved from /home/ubuntu/redfin_venv/lib/python3.12/site-packages/airflow/example_dags/example_dynamic_task_mapping_with_no_taskflow_operators.py
[2025-02-20T00:54:07.007+0000] {logging_mixin.py:190} INFO - [2025-02-20T00:54:07.007+0000] {dag.py:3239} INFO - Sync 1 DAGs
[2025-02-20T00:54:07.019+0000] {logging_mixin.py:190} INFO - [2025-02-20T00:54:07.019+0000] {dag.py:4180} INFO - Setting next_dagrun for example_dynamic_task_mapping_with_no_taskflow_operators to None, run_after=None
[2025-02-20T00:54:07.040+0000] {processor.py:208} INFO - Processing /home/ubuntu/redfin_venv/lib/python3.12/site-packages/airflow/example_dags/example_dynamic_task_mapping_with_no_taskflow_operators.py took 0.120 seconds
[2025-02-20T00:55:03.751+0000] {processor.py:186} INFO - Started process (PID=4148) to work on /home/ubuntu/redfin_venv/lib/python3.12/site-packages/airflow/example_dags/example_dynamic_task_mapping_with_no_taskflow_operators.py
[2025-02-20T00:55:03.753+0000] {processor.py:914} INFO - Processing file /home/ubuntu/redfin_venv/lib/python3.12/site-packages/airflow/example_dags/example_dynamic_task_mapping_with_no_taskflow_operators.py for tasks to queue
[2025-02-20T00:55:03.755+0000] {logging_mixin.py:190} INFO - [2025-02-20T00:55:03.754+0000] {dagbag.py:588} INFO - Filling up the DagBag from /home/ubuntu/redfin_venv/lib/python3.12/site-packages/airflow/example_dags/example_dynamic_task_mapping_with_no_taskflow_operators.py
[2025-02-20T00:55:03.763+0000] {processor.py:925} INFO - DAG(s) 'example_dynamic_task_mapping_with_no_taskflow_operators' retrieved from /home/ubuntu/redfin_venv/lib/python3.12/site-packages/airflow/example_dags/example_dynamic_task_mapping_with_no_taskflow_operators.py
[2025-02-20T00:55:03.779+0000] {logging_mixin.py:190} INFO - [2025-02-20T00:55:03.779+0000] {dag.py:3239} INFO - Sync 1 DAGs
[2025-02-20T00:55:03.791+0000] {logging_mixin.py:190} INFO - [2025-02-20T00:55:03.791+0000] {dag.py:4180} INFO - Setting next_dagrun for example_dynamic_task_mapping_with_no_taskflow_operators to None, run_after=None
[2025-02-20T00:55:03.813+0000] {processor.py:208} INFO - Processing /home/ubuntu/redfin_venv/lib/python3.12/site-packages/airflow/example_dags/example_dynamic_task_mapping_with_no_taskflow_operators.py took 0.067 seconds
[2025-02-20T00:56:00.359+0000] {processor.py:186} INFO - Started process (PID=4265) to work on /home/ubuntu/redfin_venv/lib/python3.12/site-packages/airflow/example_dags/example_dynamic_task_mapping_with_no_taskflow_operators.py
[2025-02-20T00:56:00.360+0000] {processor.py:914} INFO - Processing file /home/ubuntu/redfin_venv/lib/python3.12/site-packages/airflow/example_dags/example_dynamic_task_mapping_with_no_taskflow_operators.py for tasks to queue
[2025-02-20T00:56:00.363+0000] {logging_mixin.py:190} INFO - [2025-02-20T00:56:00.362+0000] {dagbag.py:588} INFO - Filling up the DagBag from /home/ubuntu/redfin_venv/lib/python3.12/site-packages/airflow/example_dags/example_dynamic_task_mapping_with_no_taskflow_operators.py
[2025-02-20T00:56:00.372+0000] {processor.py:925} INFO - DAG(s) 'example_dynamic_task_mapping_with_no_taskflow_operators' retrieved from /home/ubuntu/redfin_venv/lib/python3.12/site-packages/airflow/example_dags/example_dynamic_task_mapping_with_no_taskflow_operators.py
[2025-02-20T00:56:00.388+0000] {logging_mixin.py:190} INFO - [2025-02-20T00:56:00.388+0000] {dag.py:3239} INFO - Sync 1 DAGs
[2025-02-20T00:56:00.400+0000] {logging_mixin.py:190} INFO - [2025-02-20T00:56:00.400+0000] {dag.py:4180} INFO - Setting next_dagrun for example_dynamic_task_mapping_with_no_taskflow_operators to None, run_after=None
[2025-02-20T00:56:00.424+0000] {processor.py:208} INFO - Processing /home/ubuntu/redfin_venv/lib/python3.12/site-packages/airflow/example_dags/example_dynamic_task_mapping_with_no_taskflow_operators.py took 0.071 seconds
[2025-02-20T00:56:53.562+0000] {processor.py:186} INFO - Started process (PID=4386) to work on /home/ubuntu/redfin_venv/lib/python3.12/site-packages/airflow/example_dags/example_dynamic_task_mapping_with_no_taskflow_operators.py
[2025-02-20T00:56:53.563+0000] {processor.py:914} INFO - Processing file /home/ubuntu/redfin_venv/lib/python3.12/site-packages/airflow/example_dags/example_dynamic_task_mapping_with_no_taskflow_operators.py for tasks to queue
[2025-02-20T00:56:53.566+0000] {logging_mixin.py:190} INFO - [2025-02-20T00:56:53.565+0000] {dagbag.py:588} INFO - Filling up the DagBag from /home/ubuntu/redfin_venv/lib/python3.12/site-packages/airflow/example_dags/example_dynamic_task_mapping_with_no_taskflow_operators.py
[2025-02-20T00:56:53.575+0000] {processor.py:925} INFO - DAG(s) 'example_dynamic_task_mapping_with_no_taskflow_operators' retrieved from /home/ubuntu/redfin_venv/lib/python3.12/site-packages/airflow/example_dags/example_dynamic_task_mapping_with_no_taskflow_operators.py
[2025-02-20T00:56:53.598+0000] {logging_mixin.py:190} INFO - [2025-02-20T00:56:53.598+0000] {dag.py:3239} INFO - Sync 1 DAGs
[2025-02-20T00:56:53.610+0000] {logging_mixin.py:190} INFO - [2025-02-20T00:56:53.610+0000] {dag.py:4180} INFO - Setting next_dagrun for example_dynamic_task_mapping_with_no_taskflow_operators to None, run_after=None
[2025-02-20T00:56:53.632+0000] {processor.py:208} INFO - Processing /home/ubuntu/redfin_venv/lib/python3.12/site-packages/airflow/example_dags/example_dynamic_task_mapping_with_no_taskflow_operators.py took 0.076 seconds
[2025-02-20T00:57:46.928+0000] {processor.py:186} INFO - Started process (PID=4559) to work on /home/ubuntu/redfin_venv/lib/python3.12/site-packages/airflow/example_dags/example_dynamic_task_mapping_with_no_taskflow_operators.py
[2025-02-20T00:57:46.930+0000] {processor.py:914} INFO - Processing file /home/ubuntu/redfin_venv/lib/python3.12/site-packages/airflow/example_dags/example_dynamic_task_mapping_with_no_taskflow_operators.py for tasks to queue
[2025-02-20T00:57:46.932+0000] {logging_mixin.py:190} INFO - [2025-02-20T00:57:46.931+0000] {dagbag.py:588} INFO - Filling up the DagBag from /home/ubuntu/redfin_venv/lib/python3.12/site-packages/airflow/example_dags/example_dynamic_task_mapping_with_no_taskflow_operators.py
[2025-02-20T00:57:46.941+0000] {processor.py:925} INFO - DAG(s) 'example_dynamic_task_mapping_with_no_taskflow_operators' retrieved from /home/ubuntu/redfin_venv/lib/python3.12/site-packages/airflow/example_dags/example_dynamic_task_mapping_with_no_taskflow_operators.py
[2025-02-20T00:57:46.960+0000] {logging_mixin.py:190} INFO - [2025-02-20T00:57:46.960+0000] {dag.py:3239} INFO - Sync 1 DAGs
[2025-02-20T00:57:46.973+0000] {logging_mixin.py:190} INFO - [2025-02-20T00:57:46.973+0000] {dag.py:4180} INFO - Setting next_dagrun for example_dynamic_task_mapping_with_no_taskflow_operators to None, run_after=None
[2025-02-20T00:57:46.997+0000] {processor.py:208} INFO - Processing /home/ubuntu/redfin_venv/lib/python3.12/site-packages/airflow/example_dags/example_dynamic_task_mapping_with_no_taskflow_operators.py took 0.077 seconds
[2025-02-20T00:58:39.909+0000] {processor.py:186} INFO - Started process (PID=4674) to work on /home/ubuntu/redfin_venv/lib/python3.12/site-packages/airflow/example_dags/example_dynamic_task_mapping_with_no_taskflow_operators.py
[2025-02-20T00:58:39.911+0000] {processor.py:914} INFO - Processing file /home/ubuntu/redfin_venv/lib/python3.12/site-packages/airflow/example_dags/example_dynamic_task_mapping_with_no_taskflow_operators.py for tasks to queue
[2025-02-20T00:58:39.913+0000] {logging_mixin.py:190} INFO - [2025-02-20T00:58:39.912+0000] {dagbag.py:588} INFO - Filling up the DagBag from /home/ubuntu/redfin_venv/lib/python3.12/site-packages/airflow/example_dags/example_dynamic_task_mapping_with_no_taskflow_operators.py
[2025-02-20T00:58:39.922+0000] {processor.py:925} INFO - DAG(s) 'example_dynamic_task_mapping_with_no_taskflow_operators' retrieved from /home/ubuntu/redfin_venv/lib/python3.12/site-packages/airflow/example_dags/example_dynamic_task_mapping_with_no_taskflow_operators.py
[2025-02-20T00:58:39.938+0000] {logging_mixin.py:190} INFO - [2025-02-20T00:58:39.937+0000] {dag.py:3239} INFO - Sync 1 DAGs
[2025-02-20T00:58:39.950+0000] {logging_mixin.py:190} INFO - [2025-02-20T00:58:39.950+0000] {dag.py:4180} INFO - Setting next_dagrun for example_dynamic_task_mapping_with_no_taskflow_operators to None, run_after=None
[2025-02-20T00:58:39.972+0000] {processor.py:208} INFO - Processing /home/ubuntu/redfin_venv/lib/python3.12/site-packages/airflow/example_dags/example_dynamic_task_mapping_with_no_taskflow_operators.py took 0.069 seconds
[2025-02-20T00:59:34.123+0000] {processor.py:186} INFO - Started process (PID=4789) to work on /home/ubuntu/redfin_venv/lib/python3.12/site-packages/airflow/example_dags/example_dynamic_task_mapping_with_no_taskflow_operators.py
[2025-02-20T00:59:34.125+0000] {processor.py:914} INFO - Processing file /home/ubuntu/redfin_venv/lib/python3.12/site-packages/airflow/example_dags/example_dynamic_task_mapping_with_no_taskflow_operators.py for tasks to queue
[2025-02-20T00:59:34.127+0000] {logging_mixin.py:190} INFO - [2025-02-20T00:59:34.126+0000] {dagbag.py:588} INFO - Filling up the DagBag from /home/ubuntu/redfin_venv/lib/python3.12/site-packages/airflow/example_dags/example_dynamic_task_mapping_with_no_taskflow_operators.py
[2025-02-20T00:59:34.136+0000] {processor.py:925} INFO - DAG(s) 'example_dynamic_task_mapping_with_no_taskflow_operators' retrieved from /home/ubuntu/redfin_venv/lib/python3.12/site-packages/airflow/example_dags/example_dynamic_task_mapping_with_no_taskflow_operators.py
[2025-02-20T00:59:34.152+0000] {logging_mixin.py:190} INFO - [2025-02-20T00:59:34.152+0000] {dag.py:3239} INFO - Sync 1 DAGs
[2025-02-20T00:59:34.165+0000] {logging_mixin.py:190} INFO - [2025-02-20T00:59:34.165+0000] {dag.py:4180} INFO - Setting next_dagrun for example_dynamic_task_mapping_with_no_taskflow_operators to None, run_after=None
[2025-02-20T00:59:34.190+0000] {processor.py:208} INFO - Processing /home/ubuntu/redfin_venv/lib/python3.12/site-packages/airflow/example_dags/example_dynamic_task_mapping_with_no_taskflow_operators.py took 0.073 seconds
[2025-02-20T01:00:24.781+0000] {processor.py:186} INFO - Started process (PID=5312) to work on /home/ubuntu/redfin_venv/lib/python3.12/site-packages/airflow/example_dags/example_dynamic_task_mapping_with_no_taskflow_operators.py
[2025-02-20T01:00:24.783+0000] {processor.py:914} INFO - Processing file /home/ubuntu/redfin_venv/lib/python3.12/site-packages/airflow/example_dags/example_dynamic_task_mapping_with_no_taskflow_operators.py for tasks to queue
[2025-02-20T01:00:24.785+0000] {logging_mixin.py:190} INFO - [2025-02-20T01:00:24.784+0000] {dagbag.py:588} INFO - Filling up the DagBag from /home/ubuntu/redfin_venv/lib/python3.12/site-packages/airflow/example_dags/example_dynamic_task_mapping_with_no_taskflow_operators.py
[2025-02-20T01:00:24.794+0000] {processor.py:925} INFO - DAG(s) 'example_dynamic_task_mapping_with_no_taskflow_operators' retrieved from /home/ubuntu/redfin_venv/lib/python3.12/site-packages/airflow/example_dags/example_dynamic_task_mapping_with_no_taskflow_operators.py
[2025-02-20T01:00:24.810+0000] {logging_mixin.py:190} INFO - [2025-02-20T01:00:24.810+0000] {dag.py:3239} INFO - Sync 1 DAGs
[2025-02-20T01:00:24.823+0000] {logging_mixin.py:190} INFO - [2025-02-20T01:00:24.823+0000] {dag.py:4180} INFO - Setting next_dagrun for example_dynamic_task_mapping_with_no_taskflow_operators to None, run_after=None
[2025-02-20T01:00:24.842+0000] {processor.py:208} INFO - Processing /home/ubuntu/redfin_venv/lib/python3.12/site-packages/airflow/example_dags/example_dynamic_task_mapping_with_no_taskflow_operators.py took 0.067 seconds
[2025-02-20T01:01:21.714+0000] {processor.py:186} INFO - Started process (PID=5585) to work on /home/ubuntu/redfin_venv/lib/python3.12/site-packages/airflow/example_dags/example_dynamic_task_mapping_with_no_taskflow_operators.py
[2025-02-20T01:01:21.715+0000] {processor.py:914} INFO - Processing file /home/ubuntu/redfin_venv/lib/python3.12/site-packages/airflow/example_dags/example_dynamic_task_mapping_with_no_taskflow_operators.py for tasks to queue
[2025-02-20T01:01:21.717+0000] {logging_mixin.py:190} INFO - [2025-02-20T01:01:21.717+0000] {dagbag.py:588} INFO - Filling up the DagBag from /home/ubuntu/redfin_venv/lib/python3.12/site-packages/airflow/example_dags/example_dynamic_task_mapping_with_no_taskflow_operators.py
[2025-02-20T01:01:21.727+0000] {processor.py:925} INFO - DAG(s) 'example_dynamic_task_mapping_with_no_taskflow_operators' retrieved from /home/ubuntu/redfin_venv/lib/python3.12/site-packages/airflow/example_dags/example_dynamic_task_mapping_with_no_taskflow_operators.py
[2025-02-20T01:01:21.743+0000] {logging_mixin.py:190} INFO - [2025-02-20T01:01:21.743+0000] {dag.py:3239} INFO - Sync 1 DAGs
[2025-02-20T01:01:21.755+0000] {logging_mixin.py:190} INFO - [2025-02-20T01:01:21.755+0000] {dag.py:4180} INFO - Setting next_dagrun for example_dynamic_task_mapping_with_no_taskflow_operators to None, run_after=None
[2025-02-20T01:01:21.777+0000] {processor.py:208} INFO - Processing /home/ubuntu/redfin_venv/lib/python3.12/site-packages/airflow/example_dags/example_dynamic_task_mapping_with_no_taskflow_operators.py took 0.069 seconds
