[2025-02-20T00:53:16.112+0000] {processor.py:186} INFO - Started process (PID=3671) to work on /home/ubuntu/redfin_venv/lib/python3.12/site-packages/airflow/example_dags/example_complex.py
[2025-02-20T00:53:16.112+0000] {processor.py:914} INFO - Processing file /home/ubuntu/redfin_venv/lib/python3.12/site-packages/airflow/example_dags/example_complex.py for tasks to queue
[2025-02-20T00:53:16.114+0000] {logging_mixin.py:190} INFO - [2025-02-20T00:53:16.114+0000] {dagbag.py:588} INFO - Filling up the DagBag from /home/ubuntu/redfin_venv/lib/python3.12/site-packages/airflow/example_dags/example_complex.py
[2025-02-20T00:53:16.128+0000] {processor.py:925} INFO - DAG(s) 'example_complex' retrieved from /home/ubuntu/redfin_venv/lib/python3.12/site-packages/airflow/example_dags/example_complex.py
[2025-02-20T00:53:16.259+0000] {logging_mixin.py:190} INFO - [2025-02-20T00:53:16.259+0000] {override.py:1930} INFO - Created Permission View: can edit on DAG:example_complex
[2025-02-20T00:53:16.273+0000] {logging_mixin.py:190} INFO - [2025-02-20T00:53:16.272+0000] {override.py:1930} INFO - Created Permission View: can delete on DAG:example_complex
[2025-02-20T00:53:16.283+0000] {logging_mixin.py:190} INFO - [2025-02-20T00:53:16.283+0000] {override.py:1930} INFO - Created Permission View: can read on DAG:example_complex
[2025-02-20T00:53:16.299+0000] {logging_mixin.py:190} INFO - [2025-02-20T00:53:16.299+0000] {override.py:1930} INFO - Created Permission View: menu access on DAG Run:example_complex
[2025-02-20T00:53:16.309+0000] {logging_mixin.py:190} INFO - [2025-02-20T00:53:16.309+0000] {override.py:1930} INFO - Created Permission View: can create on DAG Run:example_complex
[2025-02-20T00:53:16.319+0000] {logging_mixin.py:190} INFO - [2025-02-20T00:53:16.319+0000] {override.py:1930} INFO - Created Permission View: can delete on DAG Run:example_complex
[2025-02-20T00:53:16.329+0000] {logging_mixin.py:190} INFO - [2025-02-20T00:53:16.329+0000] {override.py:1930} INFO - Created Permission View: can read on DAG Run:example_complex
[2025-02-20T00:53:16.329+0000] {logging_mixin.py:190} INFO - [2025-02-20T00:53:16.329+0000] {dag.py:3239} INFO - Sync 1 DAGs
[2025-02-20T00:53:16.340+0000] {logging_mixin.py:190} INFO - [2025-02-20T00:53:16.340+0000] {dag.py:3262} INFO - Creating ORM DAG for example_complex
[2025-02-20T00:53:16.341+0000] {logging_mixin.py:190} INFO - [2025-02-20T00:53:16.341+0000] {dag.py:4180} INFO - Setting next_dagrun for example_complex to None, run_after=None
[2025-02-20T00:53:16.363+0000] {processor.py:208} INFO - Processing /home/ubuntu/redfin_venv/lib/python3.12/site-packages/airflow/example_dags/example_complex.py took 0.257 seconds
[2025-02-20T00:54:16.945+0000] {processor.py:186} INFO - Started process (PID=3916) to work on /home/ubuntu/redfin_venv/lib/python3.12/site-packages/airflow/example_dags/example_complex.py
[2025-02-20T00:54:16.946+0000] {processor.py:914} INFO - Processing file /home/ubuntu/redfin_venv/lib/python3.12/site-packages/airflow/example_dags/example_complex.py for tasks to queue
[2025-02-20T00:54:16.948+0000] {logging_mixin.py:190} INFO - [2025-02-20T00:54:16.948+0000] {dagbag.py:588} INFO - Filling up the DagBag from /home/ubuntu/redfin_venv/lib/python3.12/site-packages/airflow/example_dags/example_complex.py
[2025-02-20T00:54:16.963+0000] {processor.py:925} INFO - DAG(s) 'example_complex' retrieved from /home/ubuntu/redfin_venv/lib/python3.12/site-packages/airflow/example_dags/example_complex.py
[2025-02-20T00:54:17.008+0000] {logging_mixin.py:190} INFO - [2025-02-20T00:54:17.008+0000] {dag.py:3239} INFO - Sync 1 DAGs
[2025-02-20T00:54:17.034+0000] {logging_mixin.py:190} INFO - [2025-02-20T00:54:17.034+0000] {dag.py:4180} INFO - Setting next_dagrun for example_complex to None, run_after=None
[2025-02-20T00:54:17.062+0000] {processor.py:208} INFO - Processing /home/ubuntu/redfin_venv/lib/python3.12/site-packages/airflow/example_dags/example_complex.py took 0.123 seconds
[2025-02-20T00:55:12.755+0000] {processor.py:186} INFO - Started process (PID=4158) to work on /home/ubuntu/redfin_venv/lib/python3.12/site-packages/airflow/example_dags/example_complex.py
[2025-02-20T00:55:12.756+0000] {processor.py:914} INFO - Processing file /home/ubuntu/redfin_venv/lib/python3.12/site-packages/airflow/example_dags/example_complex.py for tasks to queue
[2025-02-20T00:55:12.759+0000] {logging_mixin.py:190} INFO - [2025-02-20T00:55:12.759+0000] {dagbag.py:588} INFO - Filling up the DagBag from /home/ubuntu/redfin_venv/lib/python3.12/site-packages/airflow/example_dags/example_complex.py
[2025-02-20T00:55:12.771+0000] {processor.py:925} INFO - DAG(s) 'example_complex' retrieved from /home/ubuntu/redfin_venv/lib/python3.12/site-packages/airflow/example_dags/example_complex.py
[2025-02-20T00:55:12.799+0000] {logging_mixin.py:190} INFO - [2025-02-20T00:55:12.799+0000] {dag.py:3239} INFO - Sync 1 DAGs
[2025-02-20T00:55:12.811+0000] {logging_mixin.py:190} INFO - [2025-02-20T00:55:12.811+0000] {dag.py:4180} INFO - Setting next_dagrun for example_complex to None, run_after=None
[2025-02-20T00:55:12.833+0000] {processor.py:208} INFO - Processing /home/ubuntu/redfin_venv/lib/python3.12/site-packages/airflow/example_dags/example_complex.py took 0.085 seconds
[2025-02-20T00:56:09.788+0000] {processor.py:186} INFO - Started process (PID=4275) to work on /home/ubuntu/redfin_venv/lib/python3.12/site-packages/airflow/example_dags/example_complex.py
[2025-02-20T00:56:09.833+0000] {processor.py:914} INFO - Processing file /home/ubuntu/redfin_venv/lib/python3.12/site-packages/airflow/example_dags/example_complex.py for tasks to queue
[2025-02-20T00:56:09.835+0000] {logging_mixin.py:190} INFO - [2025-02-20T00:56:09.835+0000] {dagbag.py:588} INFO - Filling up the DagBag from /home/ubuntu/redfin_venv/lib/python3.12/site-packages/airflow/example_dags/example_complex.py
[2025-02-20T00:56:09.848+0000] {processor.py:925} INFO - DAG(s) 'example_complex' retrieved from /home/ubuntu/redfin_venv/lib/python3.12/site-packages/airflow/example_dags/example_complex.py
[2025-02-20T00:56:09.876+0000] {logging_mixin.py:190} INFO - [2025-02-20T00:56:09.876+0000] {dag.py:3239} INFO - Sync 1 DAGs
[2025-02-20T00:56:09.889+0000] {logging_mixin.py:190} INFO - [2025-02-20T00:56:09.888+0000] {dag.py:4180} INFO - Setting next_dagrun for example_complex to None, run_after=None
[2025-02-20T00:56:09.914+0000] {processor.py:208} INFO - Processing /home/ubuntu/redfin_venv/lib/python3.12/site-packages/airflow/example_dags/example_complex.py took 0.133 seconds
[2025-02-20T00:57:28.728+0000] {processor.py:186} INFO - Started process (PID=4541) to work on /home/ubuntu/redfin_venv/lib/python3.12/site-packages/airflow/example_dags/example_complex.py
[2025-02-20T00:57:28.730+0000] {processor.py:914} INFO - Processing file /home/ubuntu/redfin_venv/lib/python3.12/site-packages/airflow/example_dags/example_complex.py for tasks to queue
[2025-02-20T00:57:28.733+0000] {logging_mixin.py:190} INFO - [2025-02-20T00:57:28.732+0000] {dagbag.py:588} INFO - Filling up the DagBag from /home/ubuntu/redfin_venv/lib/python3.12/site-packages/airflow/example_dags/example_complex.py
[2025-02-20T00:57:28.751+0000] {processor.py:925} INFO - DAG(s) 'example_complex' retrieved from /home/ubuntu/redfin_venv/lib/python3.12/site-packages/airflow/example_dags/example_complex.py
[2025-02-20T00:57:28.795+0000] {logging_mixin.py:190} INFO - [2025-02-20T00:57:28.795+0000] {dag.py:3239} INFO - Sync 1 DAGs
[2025-02-20T00:57:28.818+0000] {logging_mixin.py:190} INFO - [2025-02-20T00:57:28.818+0000] {dag.py:4180} INFO - Setting next_dagrun for example_complex to None, run_after=None
[2025-02-20T00:57:28.846+0000] {processor.py:208} INFO - Processing /home/ubuntu/redfin_venv/lib/python3.12/site-packages/airflow/example_dags/example_complex.py took 0.131 seconds
[2025-02-20T00:58:47.543+0000] {processor.py:186} INFO - Started process (PID=4681) to work on /home/ubuntu/redfin_venv/lib/python3.12/site-packages/airflow/example_dags/example_complex.py
[2025-02-20T00:58:47.545+0000] {processor.py:914} INFO - Processing file /home/ubuntu/redfin_venv/lib/python3.12/site-packages/airflow/example_dags/example_complex.py for tasks to queue
[2025-02-20T00:58:47.547+0000] {logging_mixin.py:190} INFO - [2025-02-20T00:58:47.546+0000] {dagbag.py:588} INFO - Filling up the DagBag from /home/ubuntu/redfin_venv/lib/python3.12/site-packages/airflow/example_dags/example_complex.py
[2025-02-20T00:58:47.559+0000] {processor.py:925} INFO - DAG(s) 'example_complex' retrieved from /home/ubuntu/redfin_venv/lib/python3.12/site-packages/airflow/example_dags/example_complex.py
[2025-02-20T00:58:47.586+0000] {logging_mixin.py:190} INFO - [2025-02-20T00:58:47.586+0000] {dag.py:3239} INFO - Sync 1 DAGs
[2025-02-20T00:58:47.598+0000] {logging_mixin.py:190} INFO - [2025-02-20T00:58:47.598+0000] {dag.py:4180} INFO - Setting next_dagrun for example_complex to None, run_after=None
[2025-02-20T00:58:47.643+0000] {processor.py:208} INFO - Processing /home/ubuntu/redfin_venv/lib/python3.12/site-packages/airflow/example_dags/example_complex.py took 0.105 seconds
[2025-02-20T00:59:40.792+0000] {processor.py:186} INFO - Started process (PID=4797) to work on /home/ubuntu/redfin_venv/lib/python3.12/site-packages/airflow/example_dags/example_complex.py
[2025-02-20T00:59:40.793+0000] {processor.py:914} INFO - Processing file /home/ubuntu/redfin_venv/lib/python3.12/site-packages/airflow/example_dags/example_complex.py for tasks to queue
[2025-02-20T00:59:40.795+0000] {logging_mixin.py:190} INFO - [2025-02-20T00:59:40.795+0000] {dagbag.py:588} INFO - Filling up the DagBag from /home/ubuntu/redfin_venv/lib/python3.12/site-packages/airflow/example_dags/example_complex.py
[2025-02-20T00:59:40.808+0000] {processor.py:925} INFO - DAG(s) 'example_complex' retrieved from /home/ubuntu/redfin_venv/lib/python3.12/site-packages/airflow/example_dags/example_complex.py
[2025-02-20T00:59:40.836+0000] {logging_mixin.py:190} INFO - [2025-02-20T00:59:40.836+0000] {dag.py:3239} INFO - Sync 1 DAGs
[2025-02-20T00:59:40.848+0000] {logging_mixin.py:190} INFO - [2025-02-20T00:59:40.848+0000] {dag.py:4180} INFO - Setting next_dagrun for example_complex to None, run_after=None
[2025-02-20T00:59:40.866+0000] {processor.py:208} INFO - Processing /home/ubuntu/redfin_venv/lib/python3.12/site-packages/airflow/example_dags/example_complex.py took 0.080 seconds
[2025-02-20T01:01:00.776+0000] {processor.py:186} INFO - Started process (PID=5431) to work on /home/ubuntu/redfin_venv/lib/python3.12/site-packages/airflow/example_dags/example_complex.py
[2025-02-20T01:01:00.777+0000] {processor.py:914} INFO - Processing file /home/ubuntu/redfin_venv/lib/python3.12/site-packages/airflow/example_dags/example_complex.py for tasks to queue
[2025-02-20T01:01:00.779+0000] {logging_mixin.py:190} INFO - [2025-02-20T01:01:00.779+0000] {dagbag.py:588} INFO - Filling up the DagBag from /home/ubuntu/redfin_venv/lib/python3.12/site-packages/airflow/example_dags/example_complex.py
[2025-02-20T01:01:00.793+0000] {processor.py:925} INFO - DAG(s) 'example_complex' retrieved from /home/ubuntu/redfin_venv/lib/python3.12/site-packages/airflow/example_dags/example_complex.py
[2025-02-20T01:01:00.821+0000] {logging_mixin.py:190} INFO - [2025-02-20T01:01:00.821+0000] {dag.py:3239} INFO - Sync 1 DAGs
[2025-02-20T01:01:00.834+0000] {logging_mixin.py:190} INFO - [2025-02-20T01:01:00.834+0000] {dag.py:4180} INFO - Setting next_dagrun for example_complex to None, run_after=None
[2025-02-20T01:01:00.858+0000] {processor.py:208} INFO - Processing /home/ubuntu/redfin_venv/lib/python3.12/site-packages/airflow/example_dags/example_complex.py took 0.088 seconds
