[2025-02-20T00:53:09.401+0000] {processor.py:186} INFO - Started process (PID=3667) to work on /home/ubuntu/redfin_venv/lib/python3.12/site-packages/airflow/example_dags/example_datasets.py
[2025-02-20T00:53:09.402+0000] {processor.py:914} INFO - Processing file /home/ubuntu/redfin_venv/lib/python3.12/site-packages/airflow/example_dags/example_datasets.py for tasks to queue
[2025-02-20T00:53:09.404+0000] {logging_mixin.py:190} INFO - [2025-02-20T00:53:09.403+0000] {dagbag.py:588} INFO - Filling up the DagBag from /home/ubuntu/redfin_venv/lib/python3.12/site-packages/airflow/example_dags/example_datasets.py
[2025-02-20T00:53:09.421+0000] {processor.py:925} INFO - DAG(s) 'consume_1_and_2_with_dataset_expressions', 'conditional_dataset_and_time_based_timetable', 'dataset_produces_2', 'dataset_consumes_1_never_scheduled', 'dataset_produces_1', 'dataset_consumes_1_and_2', 'consume_1_or_2_with_dataset_expressions', 'consume_1_or_both_2_and_3_with_dataset_expressions', 'dataset_consumes_unknown_never_scheduled', 'dataset_consumes_1' retrieved from /home/ubuntu/redfin_venv/lib/python3.12/site-packages/airflow/example_dags/example_datasets.py
[2025-02-20T00:53:09.527+0000] {logging_mixin.py:190} INFO - [2025-02-20T00:53:09.526+0000] {override.py:1930} INFO - Created Permission View: can edit on DAG:consume_1_and_2_with_dataset_expressions
[2025-02-20T00:53:09.540+0000] {logging_mixin.py:190} INFO - [2025-02-20T00:53:09.540+0000] {override.py:1930} INFO - Created Permission View: can delete on DAG:consume_1_and_2_with_dataset_expressions
[2025-02-20T00:53:09.551+0000] {logging_mixin.py:190} INFO - [2025-02-20T00:53:09.550+0000] {override.py:1930} INFO - Created Permission View: can read on DAG:consume_1_and_2_with_dataset_expressions
[2025-02-20T00:53:09.570+0000] {logging_mixin.py:190} INFO - [2025-02-20T00:53:09.569+0000] {override.py:1930} INFO - Created Permission View: menu access on DAG Run:consume_1_and_2_with_dataset_expressions
[2025-02-20T00:53:09.581+0000] {logging_mixin.py:190} INFO - [2025-02-20T00:53:09.581+0000] {override.py:1930} INFO - Created Permission View: can create on DAG Run:consume_1_and_2_with_dataset_expressions
[2025-02-20T00:53:09.591+0000] {logging_mixin.py:190} INFO - [2025-02-20T00:53:09.590+0000] {override.py:1930} INFO - Created Permission View: can delete on DAG Run:consume_1_and_2_with_dataset_expressions
[2025-02-20T00:53:09.606+0000] {logging_mixin.py:190} INFO - [2025-02-20T00:53:09.605+0000] {override.py:1930} INFO - Created Permission View: can read on DAG Run:consume_1_and_2_with_dataset_expressions
[2025-02-20T00:53:09.631+0000] {logging_mixin.py:190} INFO - [2025-02-20T00:53:09.630+0000] {override.py:1930} INFO - Created Permission View: can edit on DAG:conditional_dataset_and_time_based_timetable
[2025-02-20T00:53:09.645+0000] {logging_mixin.py:190} INFO - [2025-02-20T00:53:09.643+0000] {override.py:1930} INFO - Created Permission View: can delete on DAG:conditional_dataset_and_time_based_timetable
[2025-02-20T00:53:09.656+0000] {logging_mixin.py:190} INFO - [2025-02-20T00:53:09.655+0000] {override.py:1930} INFO - Created Permission View: can read on DAG:conditional_dataset_and_time_based_timetable
[2025-02-20T00:53:09.673+0000] {logging_mixin.py:190} INFO - [2025-02-20T00:53:09.672+0000] {override.py:1930} INFO - Created Permission View: menu access on DAG Run:conditional_dataset_and_time_based_timetable
[2025-02-20T00:53:09.683+0000] {logging_mixin.py:190} INFO - [2025-02-20T00:53:09.682+0000] {override.py:1930} INFO - Created Permission View: can create on DAG Run:conditional_dataset_and_time_based_timetable
[2025-02-20T00:53:09.694+0000] {logging_mixin.py:190} INFO - [2025-02-20T00:53:09.694+0000] {override.py:1930} INFO - Created Permission View: can delete on DAG Run:conditional_dataset_and_time_based_timetable
[2025-02-20T00:53:09.705+0000] {logging_mixin.py:190} INFO - [2025-02-20T00:53:09.705+0000] {override.py:1930} INFO - Created Permission View: can read on DAG Run:conditional_dataset_and_time_based_timetable
[2025-02-20T00:53:09.731+0000] {logging_mixin.py:190} INFO - [2025-02-20T00:53:09.730+0000] {override.py:1930} INFO - Created Permission View: can edit on DAG:dataset_produces_2
[2025-02-20T00:53:09.744+0000] {logging_mixin.py:190} INFO - [2025-02-20T00:53:09.743+0000] {override.py:1930} INFO - Created Permission View: can delete on DAG:dataset_produces_2
[2025-02-20T00:53:09.754+0000] {logging_mixin.py:190} INFO - [2025-02-20T00:53:09.753+0000] {override.py:1930} INFO - Created Permission View: can read on DAG:dataset_produces_2
[2025-02-20T00:53:09.771+0000] {logging_mixin.py:190} INFO - [2025-02-20T00:53:09.771+0000] {override.py:1930} INFO - Created Permission View: menu access on DAG Run:dataset_produces_2
[2025-02-20T00:53:09.781+0000] {logging_mixin.py:190} INFO - [2025-02-20T00:53:09.781+0000] {override.py:1930} INFO - Created Permission View: can create on DAG Run:dataset_produces_2
[2025-02-20T00:53:09.791+0000] {logging_mixin.py:190} INFO - [2025-02-20T00:53:09.790+0000] {override.py:1930} INFO - Created Permission View: can delete on DAG Run:dataset_produces_2
[2025-02-20T00:53:09.801+0000] {logging_mixin.py:190} INFO - [2025-02-20T00:53:09.801+0000] {override.py:1930} INFO - Created Permission View: can read on DAG Run:dataset_produces_2
[2025-02-20T00:53:09.823+0000] {logging_mixin.py:190} INFO - [2025-02-20T00:53:09.823+0000] {override.py:1930} INFO - Created Permission View: can edit on DAG:dataset_consumes_1_never_scheduled
[2025-02-20T00:53:09.833+0000] {logging_mixin.py:190} INFO - [2025-02-20T00:53:09.833+0000] {override.py:1930} INFO - Created Permission View: can delete on DAG:dataset_consumes_1_never_scheduled
[2025-02-20T00:53:09.844+0000] {logging_mixin.py:190} INFO - [2025-02-20T00:53:09.844+0000] {override.py:1930} INFO - Created Permission View: can read on DAG:dataset_consumes_1_never_scheduled
[2025-02-20T00:53:09.863+0000] {logging_mixin.py:190} INFO - [2025-02-20T00:53:09.863+0000] {override.py:1930} INFO - Created Permission View: menu access on DAG Run:dataset_consumes_1_never_scheduled
[2025-02-20T00:53:09.878+0000] {logging_mixin.py:190} INFO - [2025-02-20T00:53:09.877+0000] {override.py:1930} INFO - Created Permission View: can create on DAG Run:dataset_consumes_1_never_scheduled
[2025-02-20T00:53:09.892+0000] {logging_mixin.py:190} INFO - [2025-02-20T00:53:09.891+0000] {override.py:1930} INFO - Created Permission View: can delete on DAG Run:dataset_consumes_1_never_scheduled
[2025-02-20T00:53:09.903+0000] {logging_mixin.py:190} INFO - [2025-02-20T00:53:09.902+0000] {override.py:1930} INFO - Created Permission View: can read on DAG Run:dataset_consumes_1_never_scheduled
[2025-02-20T00:53:09.925+0000] {logging_mixin.py:190} INFO - [2025-02-20T00:53:09.924+0000] {override.py:1930} INFO - Created Permission View: can edit on DAG:dataset_produces_1
[2025-02-20T00:53:09.935+0000] {logging_mixin.py:190} INFO - [2025-02-20T00:53:09.935+0000] {override.py:1930} INFO - Created Permission View: can delete on DAG:dataset_produces_1
[2025-02-20T00:53:09.946+0000] {logging_mixin.py:190} INFO - [2025-02-20T00:53:09.945+0000] {override.py:1930} INFO - Created Permission View: can read on DAG:dataset_produces_1
[2025-02-20T00:53:09.962+0000] {logging_mixin.py:190} INFO - [2025-02-20T00:53:09.962+0000] {override.py:1930} INFO - Created Permission View: menu access on DAG Run:dataset_produces_1
[2025-02-20T00:53:09.973+0000] {logging_mixin.py:190} INFO - [2025-02-20T00:53:09.972+0000] {override.py:1930} INFO - Created Permission View: can create on DAG Run:dataset_produces_1
[2025-02-20T00:53:09.983+0000] {logging_mixin.py:190} INFO - [2025-02-20T00:53:09.982+0000] {override.py:1930} INFO - Created Permission View: can delete on DAG Run:dataset_produces_1
[2025-02-20T00:53:09.993+0000] {logging_mixin.py:190} INFO - [2025-02-20T00:53:09.993+0000] {override.py:1930} INFO - Created Permission View: can read on DAG Run:dataset_produces_1
[2025-02-20T00:53:10.016+0000] {logging_mixin.py:190} INFO - [2025-02-20T00:53:10.015+0000] {override.py:1930} INFO - Created Permission View: can edit on DAG:dataset_consumes_1_and_2
[2025-02-20T00:53:10.025+0000] {logging_mixin.py:190} INFO - [2025-02-20T00:53:10.025+0000] {override.py:1930} INFO - Created Permission View: can delete on DAG:dataset_consumes_1_and_2
[2025-02-20T00:53:10.035+0000] {logging_mixin.py:190} INFO - [2025-02-20T00:53:10.035+0000] {override.py:1930} INFO - Created Permission View: can read on DAG:dataset_consumes_1_and_2
[2025-02-20T00:53:10.051+0000] {logging_mixin.py:190} INFO - [2025-02-20T00:53:10.051+0000] {override.py:1930} INFO - Created Permission View: menu access on DAG Run:dataset_consumes_1_and_2
[2025-02-20T00:53:10.063+0000] {logging_mixin.py:190} INFO - [2025-02-20T00:53:10.062+0000] {override.py:1930} INFO - Created Permission View: can create on DAG Run:dataset_consumes_1_and_2
[2025-02-20T00:53:10.079+0000] {logging_mixin.py:190} INFO - [2025-02-20T00:53:10.079+0000] {override.py:1930} INFO - Created Permission View: can delete on DAG Run:dataset_consumes_1_and_2
[2025-02-20T00:53:10.090+0000] {logging_mixin.py:190} INFO - [2025-02-20T00:53:10.090+0000] {override.py:1930} INFO - Created Permission View: can read on DAG Run:dataset_consumes_1_and_2
[2025-02-20T00:53:10.116+0000] {logging_mixin.py:190} INFO - [2025-02-20T00:53:10.115+0000] {override.py:1930} INFO - Created Permission View: can edit on DAG:consume_1_or_2_with_dataset_expressions
[2025-02-20T00:53:10.126+0000] {logging_mixin.py:190} INFO - [2025-02-20T00:53:10.126+0000] {override.py:1930} INFO - Created Permission View: can delete on DAG:consume_1_or_2_with_dataset_expressions
[2025-02-20T00:53:10.138+0000] {logging_mixin.py:190} INFO - [2025-02-20T00:53:10.137+0000] {override.py:1930} INFO - Created Permission View: can read on DAG:consume_1_or_2_with_dataset_expressions
[2025-02-20T00:53:10.160+0000] {logging_mixin.py:190} INFO - [2025-02-20T00:53:10.159+0000] {override.py:1930} INFO - Created Permission View: menu access on DAG Run:consume_1_or_2_with_dataset_expressions
[2025-02-20T00:53:10.173+0000] {logging_mixin.py:190} INFO - [2025-02-20T00:53:10.173+0000] {override.py:1930} INFO - Created Permission View: can create on DAG Run:consume_1_or_2_with_dataset_expressions
[2025-02-20T00:53:10.187+0000] {logging_mixin.py:190} INFO - [2025-02-20T00:53:10.186+0000] {override.py:1930} INFO - Created Permission View: can delete on DAG Run:consume_1_or_2_with_dataset_expressions
[2025-02-20T00:53:10.199+0000] {logging_mixin.py:190} INFO - [2025-02-20T00:53:10.199+0000] {override.py:1930} INFO - Created Permission View: can read on DAG Run:consume_1_or_2_with_dataset_expressions
[2025-02-20T00:53:10.227+0000] {logging_mixin.py:190} INFO - [2025-02-20T00:53:10.227+0000] {override.py:1930} INFO - Created Permission View: can edit on DAG:consume_1_or_both_2_and_3_with_dataset_expressions
[2025-02-20T00:53:10.237+0000] {logging_mixin.py:190} INFO - [2025-02-20T00:53:10.237+0000] {override.py:1930} INFO - Created Permission View: can delete on DAG:consume_1_or_both_2_and_3_with_dataset_expressions
[2025-02-20T00:53:10.247+0000] {logging_mixin.py:190} INFO - [2025-02-20T00:53:10.247+0000] {override.py:1930} INFO - Created Permission View: can read on DAG:consume_1_or_both_2_and_3_with_dataset_expressions
[2025-02-20T00:53:10.263+0000] {logging_mixin.py:190} INFO - [2025-02-20T00:53:10.263+0000] {override.py:1930} INFO - Created Permission View: menu access on DAG Run:consume_1_or_both_2_and_3_with_dataset_expressions
[2025-02-20T00:53:10.273+0000] {logging_mixin.py:190} INFO - [2025-02-20T00:53:10.273+0000] {override.py:1930} INFO - Created Permission View: can create on DAG Run:consume_1_or_both_2_and_3_with_dataset_expressions
[2025-02-20T00:53:10.283+0000] {logging_mixin.py:190} INFO - [2025-02-20T00:53:10.283+0000] {override.py:1930} INFO - Created Permission View: can delete on DAG Run:consume_1_or_both_2_and_3_with_dataset_expressions
[2025-02-20T00:53:10.294+0000] {logging_mixin.py:190} INFO - [2025-02-20T00:53:10.293+0000] {override.py:1930} INFO - Created Permission View: can read on DAG Run:consume_1_or_both_2_and_3_with_dataset_expressions
[2025-02-20T00:53:10.316+0000] {logging_mixin.py:190} INFO - [2025-02-20T00:53:10.316+0000] {override.py:1930} INFO - Created Permission View: can edit on DAG:dataset_consumes_unknown_never_scheduled
[2025-02-20T00:53:10.327+0000] {logging_mixin.py:190} INFO - [2025-02-20T00:53:10.326+0000] {override.py:1930} INFO - Created Permission View: can delete on DAG:dataset_consumes_unknown_never_scheduled
[2025-02-20T00:53:10.337+0000] {logging_mixin.py:190} INFO - [2025-02-20T00:53:10.336+0000] {override.py:1930} INFO - Created Permission View: can read on DAG:dataset_consumes_unknown_never_scheduled
[2025-02-20T00:53:10.354+0000] {logging_mixin.py:190} INFO - [2025-02-20T00:53:10.354+0000] {override.py:1930} INFO - Created Permission View: menu access on DAG Run:dataset_consumes_unknown_never_scheduled
[2025-02-20T00:53:10.364+0000] {logging_mixin.py:190} INFO - [2025-02-20T00:53:10.364+0000] {override.py:1930} INFO - Created Permission View: can create on DAG Run:dataset_consumes_unknown_never_scheduled
[2025-02-20T00:53:10.375+0000] {logging_mixin.py:190} INFO - [2025-02-20T00:53:10.374+0000] {override.py:1930} INFO - Created Permission View: can delete on DAG Run:dataset_consumes_unknown_never_scheduled
[2025-02-20T00:53:10.384+0000] {logging_mixin.py:190} INFO - [2025-02-20T00:53:10.384+0000] {override.py:1930} INFO - Created Permission View: can read on DAG Run:dataset_consumes_unknown_never_scheduled
[2025-02-20T00:53:10.407+0000] {logging_mixin.py:190} INFO - [2025-02-20T00:53:10.406+0000] {override.py:1930} INFO - Created Permission View: can edit on DAG:dataset_consumes_1
[2025-02-20T00:53:10.417+0000] {logging_mixin.py:190} INFO - [2025-02-20T00:53:10.417+0000] {override.py:1930} INFO - Created Permission View: can delete on DAG:dataset_consumes_1
[2025-02-20T00:53:10.428+0000] {logging_mixin.py:190} INFO - [2025-02-20T00:53:10.428+0000] {override.py:1930} INFO - Created Permission View: can read on DAG:dataset_consumes_1
[2025-02-20T00:53:10.444+0000] {logging_mixin.py:190} INFO - [2025-02-20T00:53:10.444+0000] {override.py:1930} INFO - Created Permission View: menu access on DAG Run:dataset_consumes_1
[2025-02-20T00:53:10.454+0000] {logging_mixin.py:190} INFO - [2025-02-20T00:53:10.454+0000] {override.py:1930} INFO - Created Permission View: can create on DAG Run:dataset_consumes_1
[2025-02-20T00:53:10.464+0000] {logging_mixin.py:190} INFO - [2025-02-20T00:53:10.464+0000] {override.py:1930} INFO - Created Permission View: can delete on DAG Run:dataset_consumes_1
[2025-02-20T00:53:10.475+0000] {logging_mixin.py:190} INFO - [2025-02-20T00:53:10.474+0000] {override.py:1930} INFO - Created Permission View: can read on DAG Run:dataset_consumes_1
[2025-02-20T00:53:10.475+0000] {logging_mixin.py:190} INFO - [2025-02-20T00:53:10.475+0000] {dag.py:3239} INFO - Sync 10 DAGs
[2025-02-20T00:53:10.490+0000] {logging_mixin.py:190} INFO - [2025-02-20T00:53:10.490+0000] {dag.py:3262} INFO - Creating ORM DAG for dataset_consumes_1_never_scheduled
[2025-02-20T00:53:10.491+0000] {logging_mixin.py:190} INFO - [2025-02-20T00:53:10.491+0000] {dag.py:3262} INFO - Creating ORM DAG for dataset_consumes_1_and_2
[2025-02-20T00:53:10.491+0000] {logging_mixin.py:190} INFO - [2025-02-20T00:53:10.491+0000] {dag.py:3262} INFO - Creating ORM DAG for conditional_dataset_and_time_based_timetable
[2025-02-20T00:53:10.492+0000] {logging_mixin.py:190} INFO - [2025-02-20T00:53:10.492+0000] {dag.py:3262} INFO - Creating ORM DAG for dataset_consumes_1
[2025-02-20T00:53:10.493+0000] {logging_mixin.py:190} INFO - [2025-02-20T00:53:10.493+0000] {dag.py:3262} INFO - Creating ORM DAG for dataset_produces_2
[2025-02-20T00:53:10.493+0000] {logging_mixin.py:190} INFO - [2025-02-20T00:53:10.493+0000] {dag.py:3262} INFO - Creating ORM DAG for dataset_consumes_unknown_never_scheduled
[2025-02-20T00:53:10.494+0000] {logging_mixin.py:190} INFO - [2025-02-20T00:53:10.494+0000] {dag.py:3262} INFO - Creating ORM DAG for consume_1_or_2_with_dataset_expressions
[2025-02-20T00:53:10.494+0000] {logging_mixin.py:190} INFO - [2025-02-20T00:53:10.494+0000] {dag.py:3262} INFO - Creating ORM DAG for dataset_produces_1
[2025-02-20T00:53:10.495+0000] {logging_mixin.py:190} INFO - [2025-02-20T00:53:10.495+0000] {dag.py:3262} INFO - Creating ORM DAG for consume_1_or_both_2_and_3_with_dataset_expressions
[2025-02-20T00:53:10.495+0000] {logging_mixin.py:190} INFO - [2025-02-20T00:53:10.495+0000] {dag.py:3262} INFO - Creating ORM DAG for consume_1_and_2_with_dataset_expressions
[2025-02-20T00:53:10.508+0000] {logging_mixin.py:190} INFO - [2025-02-20T00:53:10.508+0000] {dag.py:4180} INFO - Setting next_dagrun for conditional_dataset_and_time_based_timetable to 2025-02-19 01:00:00+00:00, run_after=2025-02-19 01:00:00+00:00
[2025-02-20T00:53:10.509+0000] {logging_mixin.py:190} INFO - [2025-02-20T00:53:10.509+0000] {dag.py:4180} INFO - Setting next_dagrun for consume_1_and_2_with_dataset_expressions to None, run_after=None
[2025-02-20T00:53:10.509+0000] {logging_mixin.py:190} INFO - [2025-02-20T00:53:10.509+0000] {dag.py:4180} INFO - Setting next_dagrun for consume_1_or_2_with_dataset_expressions to None, run_after=None
[2025-02-20T00:53:10.510+0000] {logging_mixin.py:190} INFO - [2025-02-20T00:53:10.509+0000] {dag.py:4180} INFO - Setting next_dagrun for consume_1_or_both_2_and_3_with_dataset_expressions to None, run_after=None
[2025-02-20T00:53:10.510+0000] {logging_mixin.py:190} INFO - [2025-02-20T00:53:10.510+0000] {dag.py:4180} INFO - Setting next_dagrun for dataset_consumes_1 to None, run_after=None
[2025-02-20T00:53:10.510+0000] {logging_mixin.py:190} INFO - [2025-02-20T00:53:10.510+0000] {dag.py:4180} INFO - Setting next_dagrun for dataset_consumes_1_and_2 to None, run_after=None
[2025-02-20T00:53:10.511+0000] {logging_mixin.py:190} INFO - [2025-02-20T00:53:10.511+0000] {dag.py:4180} INFO - Setting next_dagrun for dataset_consumes_1_never_scheduled to None, run_after=None
[2025-02-20T00:53:10.512+0000] {logging_mixin.py:190} INFO - [2025-02-20T00:53:10.512+0000] {dag.py:4180} INFO - Setting next_dagrun for dataset_consumes_unknown_never_scheduled to None, run_after=None
[2025-02-20T00:53:10.514+0000] {logging_mixin.py:190} INFO - [2025-02-20T00:53:10.513+0000] {dag.py:4180} INFO - Setting next_dagrun for dataset_produces_1 to 2025-02-19 00:00:00+00:00, run_after=2025-02-20 00:00:00+00:00
[2025-02-20T00:53:10.514+0000] {logging_mixin.py:190} INFO - [2025-02-20T00:53:10.514+0000] {dag.py:4180} INFO - Setting next_dagrun for dataset_produces_2 to None, run_after=None
[2025-02-20T00:53:10.549+0000] {processor.py:208} INFO - Processing /home/ubuntu/redfin_venv/lib/python3.12/site-packages/airflow/example_dags/example_datasets.py took 1.154 seconds
[2025-02-20T00:54:12.928+0000] {processor.py:186} INFO - Started process (PID=3912) to work on /home/ubuntu/redfin_venv/lib/python3.12/site-packages/airflow/example_dags/example_datasets.py
[2025-02-20T00:54:12.930+0000] {processor.py:914} INFO - Processing file /home/ubuntu/redfin_venv/lib/python3.12/site-packages/airflow/example_dags/example_datasets.py for tasks to queue
[2025-02-20T00:54:12.932+0000] {logging_mixin.py:190} INFO - [2025-02-20T00:54:12.932+0000] {dagbag.py:588} INFO - Filling up the DagBag from /home/ubuntu/redfin_venv/lib/python3.12/site-packages/airflow/example_dags/example_datasets.py
[2025-02-20T00:54:12.950+0000] {processor.py:925} INFO - DAG(s) 'consume_1_and_2_with_dataset_expressions', 'dataset_consumes_unknown_never_scheduled', 'consume_1_or_2_with_dataset_expressions', 'dataset_consumes_1_and_2', 'dataset_consumes_1_never_scheduled', 'dataset_consumes_1', 'dataset_produces_2', 'dataset_produces_1', 'consume_1_or_both_2_and_3_with_dataset_expressions', 'conditional_dataset_and_time_based_timetable' retrieved from /home/ubuntu/redfin_venv/lib/python3.12/site-packages/airflow/example_dags/example_datasets.py
[2025-02-20T00:54:12.985+0000] {logging_mixin.py:190} INFO - [2025-02-20T00:54:12.985+0000] {dag.py:3239} INFO - Sync 10 DAGs
[2025-02-20T00:54:13.013+0000] {logging_mixin.py:190} INFO - [2025-02-20T00:54:13.013+0000] {dag.py:4180} INFO - Setting next_dagrun for conditional_dataset_and_time_based_timetable to 2025-02-19 01:00:00+00:00, run_after=2025-02-19 01:00:00+00:00
[2025-02-20T00:54:13.017+0000] {logging_mixin.py:190} INFO - [2025-02-20T00:54:13.017+0000] {dag.py:4180} INFO - Setting next_dagrun for consume_1_and_2_with_dataset_expressions to None, run_after=None
[2025-02-20T00:54:13.018+0000] {logging_mixin.py:190} INFO - [2025-02-20T00:54:13.018+0000] {dag.py:4180} INFO - Setting next_dagrun for consume_1_or_2_with_dataset_expressions to None, run_after=None
[2025-02-20T00:54:13.019+0000] {logging_mixin.py:190} INFO - [2025-02-20T00:54:13.019+0000] {dag.py:4180} INFO - Setting next_dagrun for consume_1_or_both_2_and_3_with_dataset_expressions to None, run_after=None
[2025-02-20T00:54:13.020+0000] {logging_mixin.py:190} INFO - [2025-02-20T00:54:13.019+0000] {dag.py:4180} INFO - Setting next_dagrun for dataset_consumes_1 to None, run_after=None
[2025-02-20T00:54:13.020+0000] {logging_mixin.py:190} INFO - [2025-02-20T00:54:13.020+0000] {dag.py:4180} INFO - Setting next_dagrun for dataset_consumes_1_and_2 to None, run_after=None
[2025-02-20T00:54:13.021+0000] {logging_mixin.py:190} INFO - [2025-02-20T00:54:13.021+0000] {dag.py:4180} INFO - Setting next_dagrun for dataset_consumes_1_never_scheduled to None, run_after=None
[2025-02-20T00:54:13.022+0000] {logging_mixin.py:190} INFO - [2025-02-20T00:54:13.022+0000] {dag.py:4180} INFO - Setting next_dagrun for dataset_consumes_unknown_never_scheduled to None, run_after=None
[2025-02-20T00:54:13.024+0000] {logging_mixin.py:190} INFO - [2025-02-20T00:54:13.024+0000] {dag.py:4180} INFO - Setting next_dagrun for dataset_produces_1 to 2025-02-19 00:00:00+00:00, run_after=2025-02-20 00:00:00+00:00
[2025-02-20T00:54:13.025+0000] {logging_mixin.py:190} INFO - [2025-02-20T00:54:13.025+0000] {dag.py:4180} INFO - Setting next_dagrun for dataset_produces_2 to None, run_after=None
[2025-02-20T00:54:13.056+0000] {processor.py:208} INFO - Processing /home/ubuntu/redfin_venv/lib/python3.12/site-packages/airflow/example_dags/example_datasets.py took 0.134 seconds
[2025-02-20T00:55:09.528+0000] {processor.py:186} INFO - Started process (PID=4154) to work on /home/ubuntu/redfin_venv/lib/python3.12/site-packages/airflow/example_dags/example_datasets.py
[2025-02-20T00:55:09.529+0000] {processor.py:914} INFO - Processing file /home/ubuntu/redfin_venv/lib/python3.12/site-packages/airflow/example_dags/example_datasets.py for tasks to queue
[2025-02-20T00:55:09.532+0000] {logging_mixin.py:190} INFO - [2025-02-20T00:55:09.531+0000] {dagbag.py:588} INFO - Filling up the DagBag from /home/ubuntu/redfin_venv/lib/python3.12/site-packages/airflow/example_dags/example_datasets.py
[2025-02-20T00:55:09.553+0000] {processor.py:925} INFO - DAG(s) 'consume_1_or_2_with_dataset_expressions', 'dataset_consumes_1', 'dataset_consumes_unknown_never_scheduled', 'dataset_consumes_1_and_2', 'dataset_produces_1', 'consume_1_and_2_with_dataset_expressions', 'consume_1_or_both_2_and_3_with_dataset_expressions', 'dataset_consumes_1_never_scheduled', 'dataset_produces_2', 'conditional_dataset_and_time_based_timetable' retrieved from /home/ubuntu/redfin_venv/lib/python3.12/site-packages/airflow/example_dags/example_datasets.py
[2025-02-20T00:55:09.588+0000] {logging_mixin.py:190} INFO - [2025-02-20T00:55:09.588+0000] {dag.py:3239} INFO - Sync 10 DAGs
[2025-02-20T00:55:09.612+0000] {logging_mixin.py:190} INFO - [2025-02-20T00:55:09.612+0000] {dag.py:4180} INFO - Setting next_dagrun for conditional_dataset_and_time_based_timetable to 2025-02-19 01:00:00+00:00, run_after=2025-02-19 01:00:00+00:00
[2025-02-20T00:55:09.616+0000] {logging_mixin.py:190} INFO - [2025-02-20T00:55:09.616+0000] {dag.py:4180} INFO - Setting next_dagrun for consume_1_and_2_with_dataset_expressions to None, run_after=None
[2025-02-20T00:55:09.617+0000] {logging_mixin.py:190} INFO - [2025-02-20T00:55:09.617+0000] {dag.py:4180} INFO - Setting next_dagrun for consume_1_or_2_with_dataset_expressions to None, run_after=None
[2025-02-20T00:55:09.618+0000] {logging_mixin.py:190} INFO - [2025-02-20T00:55:09.618+0000] {dag.py:4180} INFO - Setting next_dagrun for consume_1_or_both_2_and_3_with_dataset_expressions to None, run_after=None
[2025-02-20T00:55:09.619+0000] {logging_mixin.py:190} INFO - [2025-02-20T00:55:09.619+0000] {dag.py:4180} INFO - Setting next_dagrun for dataset_consumes_1 to None, run_after=None
[2025-02-20T00:55:09.620+0000] {logging_mixin.py:190} INFO - [2025-02-20T00:55:09.620+0000] {dag.py:4180} INFO - Setting next_dagrun for dataset_consumes_1_and_2 to None, run_after=None
[2025-02-20T00:55:09.620+0000] {logging_mixin.py:190} INFO - [2025-02-20T00:55:09.620+0000] {dag.py:4180} INFO - Setting next_dagrun for dataset_consumes_1_never_scheduled to None, run_after=None
[2025-02-20T00:55:09.621+0000] {logging_mixin.py:190} INFO - [2025-02-20T00:55:09.621+0000] {dag.py:4180} INFO - Setting next_dagrun for dataset_consumes_unknown_never_scheduled to None, run_after=None
[2025-02-20T00:55:09.623+0000] {logging_mixin.py:190} INFO - [2025-02-20T00:55:09.623+0000] {dag.py:4180} INFO - Setting next_dagrun for dataset_produces_1 to 2025-02-19 00:00:00+00:00, run_after=2025-02-20 00:00:00+00:00
[2025-02-20T00:55:09.624+0000] {logging_mixin.py:190} INFO - [2025-02-20T00:55:09.624+0000] {dag.py:4180} INFO - Setting next_dagrun for dataset_produces_2 to None, run_after=None
[2025-02-20T00:55:09.654+0000] {processor.py:208} INFO - Processing /home/ubuntu/redfin_venv/lib/python3.12/site-packages/airflow/example_dags/example_datasets.py took 0.132 seconds
[2025-02-20T00:56:05.712+0000] {processor.py:186} INFO - Started process (PID=4271) to work on /home/ubuntu/redfin_venv/lib/python3.12/site-packages/airflow/example_dags/example_datasets.py
[2025-02-20T00:56:05.713+0000] {processor.py:914} INFO - Processing file /home/ubuntu/redfin_venv/lib/python3.12/site-packages/airflow/example_dags/example_datasets.py for tasks to queue
[2025-02-20T00:56:05.715+0000] {logging_mixin.py:190} INFO - [2025-02-20T00:56:05.715+0000] {dagbag.py:588} INFO - Filling up the DagBag from /home/ubuntu/redfin_venv/lib/python3.12/site-packages/airflow/example_dags/example_datasets.py
[2025-02-20T00:56:05.732+0000] {processor.py:925} INFO - DAG(s) 'consume_1_and_2_with_dataset_expressions', 'conditional_dataset_and_time_based_timetable', 'dataset_consumes_1_and_2', 'dataset_consumes_1', 'consume_1_or_both_2_and_3_with_dataset_expressions', 'dataset_produces_2', 'dataset_consumes_1_never_scheduled', 'dataset_produces_1', 'consume_1_or_2_with_dataset_expressions', 'dataset_consumes_unknown_never_scheduled' retrieved from /home/ubuntu/redfin_venv/lib/python3.12/site-packages/airflow/example_dags/example_datasets.py
[2025-02-20T00:56:05.765+0000] {logging_mixin.py:190} INFO - [2025-02-20T00:56:05.765+0000] {dag.py:3239} INFO - Sync 10 DAGs
[2025-02-20T00:56:05.792+0000] {logging_mixin.py:190} INFO - [2025-02-20T00:56:05.792+0000] {dag.py:4180} INFO - Setting next_dagrun for conditional_dataset_and_time_based_timetable to 2025-02-19 01:00:00+00:00, run_after=2025-02-19 01:00:00+00:00
[2025-02-20T00:56:05.797+0000] {logging_mixin.py:190} INFO - [2025-02-20T00:56:05.796+0000] {dag.py:4180} INFO - Setting next_dagrun for consume_1_and_2_with_dataset_expressions to None, run_after=None
[2025-02-20T00:56:05.798+0000] {logging_mixin.py:190} INFO - [2025-02-20T00:56:05.798+0000] {dag.py:4180} INFO - Setting next_dagrun for consume_1_or_2_with_dataset_expressions to None, run_after=None
[2025-02-20T00:56:05.798+0000] {logging_mixin.py:190} INFO - [2025-02-20T00:56:05.798+0000] {dag.py:4180} INFO - Setting next_dagrun for consume_1_or_both_2_and_3_with_dataset_expressions to None, run_after=None
[2025-02-20T00:56:05.799+0000] {logging_mixin.py:190} INFO - [2025-02-20T00:56:05.799+0000] {dag.py:4180} INFO - Setting next_dagrun for dataset_consumes_1 to None, run_after=None
[2025-02-20T00:56:05.800+0000] {logging_mixin.py:190} INFO - [2025-02-20T00:56:05.800+0000] {dag.py:4180} INFO - Setting next_dagrun for dataset_consumes_1_and_2 to None, run_after=None
[2025-02-20T00:56:05.801+0000] {logging_mixin.py:190} INFO - [2025-02-20T00:56:05.801+0000] {dag.py:4180} INFO - Setting next_dagrun for dataset_consumes_1_never_scheduled to None, run_after=None
[2025-02-20T00:56:05.801+0000] {logging_mixin.py:190} INFO - [2025-02-20T00:56:05.801+0000] {dag.py:4180} INFO - Setting next_dagrun for dataset_consumes_unknown_never_scheduled to None, run_after=None
[2025-02-20T00:56:05.803+0000] {logging_mixin.py:190} INFO - [2025-02-20T00:56:05.803+0000] {dag.py:4180} INFO - Setting next_dagrun for dataset_produces_1 to 2025-02-19 00:00:00+00:00, run_after=2025-02-20 00:00:00+00:00
[2025-02-20T00:56:05.804+0000] {logging_mixin.py:190} INFO - [2025-02-20T00:56:05.804+0000] {dag.py:4180} INFO - Setting next_dagrun for dataset_produces_2 to None, run_after=None
[2025-02-20T00:56:05.834+0000] {processor.py:208} INFO - Processing /home/ubuntu/redfin_venv/lib/python3.12/site-packages/airflow/example_dags/example_datasets.py took 0.128 seconds
[2025-02-20T00:56:59.664+0000] {processor.py:186} INFO - Started process (PID=4392) to work on /home/ubuntu/redfin_venv/lib/python3.12/site-packages/airflow/example_dags/example_datasets.py
[2025-02-20T00:56:59.666+0000] {processor.py:914} INFO - Processing file /home/ubuntu/redfin_venv/lib/python3.12/site-packages/airflow/example_dags/example_datasets.py for tasks to queue
[2025-02-20T00:56:59.669+0000] {logging_mixin.py:190} INFO - [2025-02-20T00:56:59.669+0000] {dagbag.py:588} INFO - Filling up the DagBag from /home/ubuntu/redfin_venv/lib/python3.12/site-packages/airflow/example_dags/example_datasets.py
[2025-02-20T00:56:59.691+0000] {processor.py:925} INFO - DAG(s) 'consume_1_and_2_with_dataset_expressions', 'consume_1_or_2_with_dataset_expressions', 'consume_1_or_both_2_and_3_with_dataset_expressions', 'dataset_consumes_1_and_2', 'conditional_dataset_and_time_based_timetable', 'dataset_consumes_1_never_scheduled', 'dataset_produces_1', 'dataset_consumes_unknown_never_scheduled', 'dataset_produces_2', 'dataset_consumes_1' retrieved from /home/ubuntu/redfin_venv/lib/python3.12/site-packages/airflow/example_dags/example_datasets.py
[2025-02-20T00:56:59.733+0000] {logging_mixin.py:190} INFO - [2025-02-20T00:56:59.733+0000] {dag.py:3239} INFO - Sync 10 DAGs
[2025-02-20T00:56:59.768+0000] {logging_mixin.py:190} INFO - [2025-02-20T00:56:59.767+0000] {dag.py:4180} INFO - Setting next_dagrun for conditional_dataset_and_time_based_timetable to 2025-02-19 01:00:00+00:00, run_after=2025-02-19 01:00:00+00:00
[2025-02-20T00:56:59.772+0000] {logging_mixin.py:190} INFO - [2025-02-20T00:56:59.772+0000] {dag.py:4180} INFO - Setting next_dagrun for consume_1_and_2_with_dataset_expressions to None, run_after=None
[2025-02-20T00:56:59.773+0000] {logging_mixin.py:190} INFO - [2025-02-20T00:56:59.773+0000] {dag.py:4180} INFO - Setting next_dagrun for consume_1_or_2_with_dataset_expressions to None, run_after=None
[2025-02-20T00:56:59.774+0000] {logging_mixin.py:190} INFO - [2025-02-20T00:56:59.774+0000] {dag.py:4180} INFO - Setting next_dagrun for consume_1_or_both_2_and_3_with_dataset_expressions to None, run_after=None
[2025-02-20T00:56:59.775+0000] {logging_mixin.py:190} INFO - [2025-02-20T00:56:59.775+0000] {dag.py:4180} INFO - Setting next_dagrun for dataset_consumes_1 to None, run_after=None
[2025-02-20T00:56:59.776+0000] {logging_mixin.py:190} INFO - [2025-02-20T00:56:59.776+0000] {dag.py:4180} INFO - Setting next_dagrun for dataset_consumes_1_and_2 to None, run_after=None
[2025-02-20T00:56:59.777+0000] {logging_mixin.py:190} INFO - [2025-02-20T00:56:59.777+0000] {dag.py:4180} INFO - Setting next_dagrun for dataset_consumes_1_never_scheduled to None, run_after=None
[2025-02-20T00:56:59.778+0000] {logging_mixin.py:190} INFO - [2025-02-20T00:56:59.778+0000] {dag.py:4180} INFO - Setting next_dagrun for dataset_consumes_unknown_never_scheduled to None, run_after=None
[2025-02-20T00:56:59.781+0000] {logging_mixin.py:190} INFO - [2025-02-20T00:56:59.781+0000] {dag.py:4180} INFO - Setting next_dagrun for dataset_produces_1 to 2025-02-19 00:00:00+00:00, run_after=2025-02-20 00:00:00+00:00
[2025-02-20T00:56:59.782+0000] {logging_mixin.py:190} INFO - [2025-02-20T00:56:59.782+0000] {dag.py:4180} INFO - Setting next_dagrun for dataset_produces_2 to None, run_after=None
[2025-02-20T00:56:59.821+0000] {processor.py:208} INFO - Processing /home/ubuntu/redfin_venv/lib/python3.12/site-packages/airflow/example_dags/example_datasets.py took 0.167 seconds
[2025-02-20T00:57:52.085+0000] {processor.py:186} INFO - Started process (PID=4565) to work on /home/ubuntu/redfin_venv/lib/python3.12/site-packages/airflow/example_dags/example_datasets.py
[2025-02-20T00:57:52.087+0000] {processor.py:914} INFO - Processing file /home/ubuntu/redfin_venv/lib/python3.12/site-packages/airflow/example_dags/example_datasets.py for tasks to queue
[2025-02-20T00:57:52.089+0000] {logging_mixin.py:190} INFO - [2025-02-20T00:57:52.089+0000] {dagbag.py:588} INFO - Filling up the DagBag from /home/ubuntu/redfin_venv/lib/python3.12/site-packages/airflow/example_dags/example_datasets.py
[2025-02-20T00:57:52.106+0000] {processor.py:925} INFO - DAG(s) 'dataset_produces_1', 'conditional_dataset_and_time_based_timetable', 'dataset_consumes_1', 'dataset_consumes_1_and_2', 'consume_1_or_both_2_and_3_with_dataset_expressions', 'consume_1_and_2_with_dataset_expressions', 'consume_1_or_2_with_dataset_expressions', 'dataset_consumes_1_never_scheduled', 'dataset_consumes_unknown_never_scheduled', 'dataset_produces_2' retrieved from /home/ubuntu/redfin_venv/lib/python3.12/site-packages/airflow/example_dags/example_datasets.py
[2025-02-20T00:57:52.143+0000] {logging_mixin.py:190} INFO - [2025-02-20T00:57:52.143+0000] {dag.py:3239} INFO - Sync 10 DAGs
[2025-02-20T00:57:52.167+0000] {logging_mixin.py:190} INFO - [2025-02-20T00:57:52.167+0000] {dag.py:4180} INFO - Setting next_dagrun for conditional_dataset_and_time_based_timetable to 2025-02-19 01:00:00+00:00, run_after=2025-02-19 01:00:00+00:00
[2025-02-20T00:57:52.171+0000] {logging_mixin.py:190} INFO - [2025-02-20T00:57:52.170+0000] {dag.py:4180} INFO - Setting next_dagrun for consume_1_and_2_with_dataset_expressions to None, run_after=None
[2025-02-20T00:57:52.171+0000] {logging_mixin.py:190} INFO - [2025-02-20T00:57:52.171+0000] {dag.py:4180} INFO - Setting next_dagrun for consume_1_or_2_with_dataset_expressions to None, run_after=None
[2025-02-20T00:57:52.173+0000] {logging_mixin.py:190} INFO - [2025-02-20T00:57:52.172+0000] {dag.py:4180} INFO - Setting next_dagrun for consume_1_or_both_2_and_3_with_dataset_expressions to None, run_after=None
[2025-02-20T00:57:52.173+0000] {logging_mixin.py:190} INFO - [2025-02-20T00:57:52.173+0000] {dag.py:4180} INFO - Setting next_dagrun for dataset_consumes_1 to None, run_after=None
[2025-02-20T00:57:52.174+0000] {logging_mixin.py:190} INFO - [2025-02-20T00:57:52.174+0000] {dag.py:4180} INFO - Setting next_dagrun for dataset_consumes_1_and_2 to None, run_after=None
[2025-02-20T00:57:52.175+0000] {logging_mixin.py:190} INFO - [2025-02-20T00:57:52.175+0000] {dag.py:4180} INFO - Setting next_dagrun for dataset_consumes_1_never_scheduled to None, run_after=None
[2025-02-20T00:57:52.176+0000] {logging_mixin.py:190} INFO - [2025-02-20T00:57:52.175+0000] {dag.py:4180} INFO - Setting next_dagrun for dataset_consumes_unknown_never_scheduled to None, run_after=None
[2025-02-20T00:57:52.178+0000] {logging_mixin.py:190} INFO - [2025-02-20T00:57:52.177+0000] {dag.py:4180} INFO - Setting next_dagrun for dataset_produces_1 to 2025-02-19 00:00:00+00:00, run_after=2025-02-20 00:00:00+00:00
[2025-02-20T00:57:52.178+0000] {logging_mixin.py:190} INFO - [2025-02-20T00:57:52.178+0000] {dag.py:4180} INFO - Setting next_dagrun for dataset_produces_2 to None, run_after=None
[2025-02-20T00:57:52.214+0000] {processor.py:208} INFO - Processing /home/ubuntu/redfin_venv/lib/python3.12/site-packages/airflow/example_dags/example_datasets.py took 0.135 seconds
[2025-02-20T00:58:46.214+0000] {processor.py:186} INFO - Started process (PID=4680) to work on /home/ubuntu/redfin_venv/lib/python3.12/site-packages/airflow/example_dags/example_datasets.py
[2025-02-20T00:58:46.216+0000] {processor.py:914} INFO - Processing file /home/ubuntu/redfin_venv/lib/python3.12/site-packages/airflow/example_dags/example_datasets.py for tasks to queue
[2025-02-20T00:58:46.218+0000] {logging_mixin.py:190} INFO - [2025-02-20T00:58:46.218+0000] {dagbag.py:588} INFO - Filling up the DagBag from /home/ubuntu/redfin_venv/lib/python3.12/site-packages/airflow/example_dags/example_datasets.py
[2025-02-20T00:58:46.273+0000] {processor.py:925} INFO - DAG(s) 'dataset_consumes_1_never_scheduled', 'dataset_consumes_1_and_2', 'dataset_consumes_1', 'consume_1_and_2_with_dataset_expressions', 'consume_1_or_both_2_and_3_with_dataset_expressions', 'dataset_produces_1', 'conditional_dataset_and_time_based_timetable', 'consume_1_or_2_with_dataset_expressions', 'dataset_consumes_unknown_never_scheduled', 'dataset_produces_2' retrieved from /home/ubuntu/redfin_venv/lib/python3.12/site-packages/airflow/example_dags/example_datasets.py
[2025-02-20T00:58:46.348+0000] {logging_mixin.py:190} INFO - [2025-02-20T00:58:46.348+0000] {dag.py:3239} INFO - Sync 10 DAGs
[2025-02-20T00:58:46.374+0000] {logging_mixin.py:190} INFO - [2025-02-20T00:58:46.373+0000] {dag.py:4180} INFO - Setting next_dagrun for conditional_dataset_and_time_based_timetable to 2025-02-19 01:00:00+00:00, run_after=2025-02-19 01:00:00+00:00
[2025-02-20T00:58:46.377+0000] {logging_mixin.py:190} INFO - [2025-02-20T00:58:46.377+0000] {dag.py:4180} INFO - Setting next_dagrun for consume_1_and_2_with_dataset_expressions to None, run_after=None
[2025-02-20T00:58:46.378+0000] {logging_mixin.py:190} INFO - [2025-02-20T00:58:46.378+0000] {dag.py:4180} INFO - Setting next_dagrun for consume_1_or_2_with_dataset_expressions to None, run_after=None
[2025-02-20T00:58:46.378+0000] {logging_mixin.py:190} INFO - [2025-02-20T00:58:46.378+0000] {dag.py:4180} INFO - Setting next_dagrun for consume_1_or_both_2_and_3_with_dataset_expressions to None, run_after=None
[2025-02-20T00:58:46.379+0000] {logging_mixin.py:190} INFO - [2025-02-20T00:58:46.379+0000] {dag.py:4180} INFO - Setting next_dagrun for dataset_consumes_1 to None, run_after=None
[2025-02-20T00:58:46.380+0000] {logging_mixin.py:190} INFO - [2025-02-20T00:58:46.380+0000] {dag.py:4180} INFO - Setting next_dagrun for dataset_consumes_1_and_2 to None, run_after=None
[2025-02-20T00:58:46.381+0000] {logging_mixin.py:190} INFO - [2025-02-20T00:58:46.380+0000] {dag.py:4180} INFO - Setting next_dagrun for dataset_consumes_1_never_scheduled to None, run_after=None
[2025-02-20T00:58:46.381+0000] {logging_mixin.py:190} INFO - [2025-02-20T00:58:46.381+0000] {dag.py:4180} INFO - Setting next_dagrun for dataset_consumes_unknown_never_scheduled to None, run_after=None
[2025-02-20T00:58:46.383+0000] {logging_mixin.py:190} INFO - [2025-02-20T00:58:46.383+0000] {dag.py:4180} INFO - Setting next_dagrun for dataset_produces_1 to 2025-02-19 00:00:00+00:00, run_after=2025-02-20 00:00:00+00:00
[2025-02-20T00:58:46.384+0000] {logging_mixin.py:190} INFO - [2025-02-20T00:58:46.384+0000] {dag.py:4180} INFO - Setting next_dagrun for dataset_produces_2 to None, run_after=None
[2025-02-20T00:58:46.416+0000] {processor.py:208} INFO - Processing /home/ubuntu/redfin_venv/lib/python3.12/site-packages/airflow/example_dags/example_datasets.py took 0.217 seconds
[2025-02-20T00:59:39.128+0000] {processor.py:186} INFO - Started process (PID=4795) to work on /home/ubuntu/redfin_venv/lib/python3.12/site-packages/airflow/example_dags/example_datasets.py
[2025-02-20T00:59:39.129+0000] {processor.py:914} INFO - Processing file /home/ubuntu/redfin_venv/lib/python3.12/site-packages/airflow/example_dags/example_datasets.py for tasks to queue
[2025-02-20T00:59:39.131+0000] {logging_mixin.py:190} INFO - [2025-02-20T00:59:39.131+0000] {dagbag.py:588} INFO - Filling up the DagBag from /home/ubuntu/redfin_venv/lib/python3.12/site-packages/airflow/example_dags/example_datasets.py
[2025-02-20T00:59:39.147+0000] {processor.py:925} INFO - DAG(s) 'dataset_consumes_1', 'consume_1_or_both_2_and_3_with_dataset_expressions', 'dataset_consumes_1_never_scheduled', 'conditional_dataset_and_time_based_timetable', 'dataset_produces_1', 'consume_1_and_2_with_dataset_expressions', 'consume_1_or_2_with_dataset_expressions', 'dataset_produces_2', 'dataset_consumes_unknown_never_scheduled', 'dataset_consumes_1_and_2' retrieved from /home/ubuntu/redfin_venv/lib/python3.12/site-packages/airflow/example_dags/example_datasets.py
[2025-02-20T00:59:39.184+0000] {logging_mixin.py:190} INFO - [2025-02-20T00:59:39.183+0000] {dag.py:3239} INFO - Sync 10 DAGs
[2025-02-20T00:59:39.214+0000] {logging_mixin.py:190} INFO - [2025-02-20T00:59:39.214+0000] {dag.py:4180} INFO - Setting next_dagrun for conditional_dataset_and_time_based_timetable to 2025-02-19 01:00:00+00:00, run_after=2025-02-19 01:00:00+00:00
[2025-02-20T00:59:39.218+0000] {logging_mixin.py:190} INFO - [2025-02-20T00:59:39.218+0000] {dag.py:4180} INFO - Setting next_dagrun for consume_1_and_2_with_dataset_expressions to None, run_after=None
[2025-02-20T00:59:39.220+0000] {logging_mixin.py:190} INFO - [2025-02-20T00:59:39.219+0000] {dag.py:4180} INFO - Setting next_dagrun for consume_1_or_2_with_dataset_expressions to None, run_after=None
[2025-02-20T00:59:39.221+0000] {logging_mixin.py:190} INFO - [2025-02-20T00:59:39.221+0000] {dag.py:4180} INFO - Setting next_dagrun for consume_1_or_both_2_and_3_with_dataset_expressions to None, run_after=None
[2025-02-20T00:59:39.222+0000] {logging_mixin.py:190} INFO - [2025-02-20T00:59:39.222+0000] {dag.py:4180} INFO - Setting next_dagrun for dataset_consumes_1 to None, run_after=None
[2025-02-20T00:59:39.223+0000] {logging_mixin.py:190} INFO - [2025-02-20T00:59:39.223+0000] {dag.py:4180} INFO - Setting next_dagrun for dataset_consumes_1_and_2 to None, run_after=None
[2025-02-20T00:59:39.224+0000] {logging_mixin.py:190} INFO - [2025-02-20T00:59:39.224+0000] {dag.py:4180} INFO - Setting next_dagrun for dataset_consumes_1_never_scheduled to None, run_after=None
[2025-02-20T00:59:39.225+0000] {logging_mixin.py:190} INFO - [2025-02-20T00:59:39.224+0000] {dag.py:4180} INFO - Setting next_dagrun for dataset_consumes_unknown_never_scheduled to None, run_after=None
[2025-02-20T00:59:39.227+0000] {logging_mixin.py:190} INFO - [2025-02-20T00:59:39.226+0000] {dag.py:4180} INFO - Setting next_dagrun for dataset_produces_1 to 2025-02-19 00:00:00+00:00, run_after=2025-02-20 00:00:00+00:00
[2025-02-20T00:59:39.227+0000] {logging_mixin.py:190} INFO - [2025-02-20T00:59:39.227+0000] {dag.py:4180} INFO - Setting next_dagrun for dataset_produces_2 to None, run_after=None
[2025-02-20T00:59:39.261+0000] {processor.py:208} INFO - Processing /home/ubuntu/redfin_venv/lib/python3.12/site-packages/airflow/example_dags/example_datasets.py took 0.139 seconds
[2025-02-20T01:00:58.277+0000] {processor.py:186} INFO - Started process (PID=5428) to work on /home/ubuntu/redfin_venv/lib/python3.12/site-packages/airflow/example_dags/example_datasets.py
[2025-02-20T01:00:58.279+0000] {processor.py:914} INFO - Processing file /home/ubuntu/redfin_venv/lib/python3.12/site-packages/airflow/example_dags/example_datasets.py for tasks to queue
[2025-02-20T01:00:58.281+0000] {logging_mixin.py:190} INFO - [2025-02-20T01:00:58.281+0000] {dagbag.py:588} INFO - Filling up the DagBag from /home/ubuntu/redfin_venv/lib/python3.12/site-packages/airflow/example_dags/example_datasets.py
[2025-02-20T01:00:58.296+0000] {processor.py:925} INFO - DAG(s) 'dataset_consumes_1_never_scheduled', 'dataset_consumes_1_and_2', 'consume_1_and_2_with_dataset_expressions', 'dataset_produces_1', 'dataset_consumes_1', 'dataset_consumes_unknown_never_scheduled', 'consume_1_or_both_2_and_3_with_dataset_expressions', 'consume_1_or_2_with_dataset_expressions', 'dataset_produces_2', 'conditional_dataset_and_time_based_timetable' retrieved from /home/ubuntu/redfin_venv/lib/python3.12/site-packages/airflow/example_dags/example_datasets.py
[2025-02-20T01:00:58.328+0000] {logging_mixin.py:190} INFO - [2025-02-20T01:00:58.328+0000] {dag.py:3239} INFO - Sync 10 DAGs
[2025-02-20T01:00:58.350+0000] {logging_mixin.py:190} INFO - [2025-02-20T01:00:58.350+0000] {dag.py:4180} INFO - Setting next_dagrun for conditional_dataset_and_time_based_timetable to 2025-02-19 01:00:00+00:00, run_after=2025-02-19 01:00:00+00:00
[2025-02-20T01:00:58.354+0000] {logging_mixin.py:190} INFO - [2025-02-20T01:00:58.353+0000] {dag.py:4180} INFO - Setting next_dagrun for consume_1_and_2_with_dataset_expressions to None, run_after=None
[2025-02-20T01:00:58.354+0000] {logging_mixin.py:190} INFO - [2025-02-20T01:00:58.354+0000] {dag.py:4180} INFO - Setting next_dagrun for consume_1_or_2_with_dataset_expressions to None, run_after=None
[2025-02-20T01:00:58.355+0000] {logging_mixin.py:190} INFO - [2025-02-20T01:00:58.355+0000] {dag.py:4180} INFO - Setting next_dagrun for consume_1_or_both_2_and_3_with_dataset_expressions to None, run_after=None
[2025-02-20T01:00:58.356+0000] {logging_mixin.py:190} INFO - [2025-02-20T01:00:58.356+0000] {dag.py:4180} INFO - Setting next_dagrun for dataset_consumes_1 to None, run_after=None
[2025-02-20T01:00:58.357+0000] {logging_mixin.py:190} INFO - [2025-02-20T01:00:58.357+0000] {dag.py:4180} INFO - Setting next_dagrun for dataset_consumes_1_and_2 to None, run_after=None
[2025-02-20T01:00:58.357+0000] {logging_mixin.py:190} INFO - [2025-02-20T01:00:58.357+0000] {dag.py:4180} INFO - Setting next_dagrun for dataset_consumes_1_never_scheduled to None, run_after=None
[2025-02-20T01:00:58.358+0000] {logging_mixin.py:190} INFO - [2025-02-20T01:00:58.358+0000] {dag.py:4180} INFO - Setting next_dagrun for dataset_consumes_unknown_never_scheduled to None, run_after=None
[2025-02-20T01:00:58.360+0000] {logging_mixin.py:190} INFO - [2025-02-20T01:00:58.360+0000] {dag.py:4180} INFO - Setting next_dagrun for dataset_produces_1 to 2025-02-19 00:00:00+00:00, run_after=2025-02-20 00:00:00+00:00
[2025-02-20T01:00:58.361+0000] {logging_mixin.py:190} INFO - [2025-02-20T01:00:58.361+0000] {dag.py:4180} INFO - Setting next_dagrun for dataset_produces_2 to None, run_after=None
[2025-02-20T01:00:58.391+0000] {processor.py:208} INFO - Processing /home/ubuntu/redfin_venv/lib/python3.12/site-packages/airflow/example_dags/example_datasets.py took 0.119 seconds
