[2025-02-20T00:53:08.713+0000] {processor.py:186} INFO - Started process (PID=3666) to work on /home/ubuntu/redfin_venv/lib/python3.12/site-packages/airflow/example_dags/example_kubernetes_executor.py
[2025-02-20T00:53:08.714+0000] {processor.py:914} INFO - Processing file /home/ubuntu/redfin_venv/lib/python3.12/site-packages/airflow/example_dags/example_kubernetes_executor.py for tasks to queue
[2025-02-20T00:53:08.716+0000] {logging_mixin.py:190} INFO - [2025-02-20T00:53:08.716+0000] {dagbag.py:588} INFO - Filling up the DagBag from /home/ubuntu/redfin_venv/lib/python3.12/site-packages/airflow/example_dags/example_kubernetes_executor.py
[2025-02-20T00:53:08.719+0000] {logging_mixin.py:190} INFO - [2025-02-20T00:53:08.719+0000] {example_kubernetes_executor.py:39} WARNING - The example_kubernetes_executor example DAG requires the kubernetes provider. Please install it with: pip install apache-airflow[cncf.kubernetes]
[2025-02-20T00:53:08.720+0000] {processor.py:927} WARNING - No viable dags retrieved from /home/ubuntu/redfin_venv/lib/python3.12/site-packages/airflow/example_dags/example_kubernetes_executor.py
[2025-02-20T00:53:08.733+0000] {processor.py:208} INFO - Processing /home/ubuntu/redfin_venv/lib/python3.12/site-packages/airflow/example_dags/example_kubernetes_executor.py took 0.026 seconds
[2025-02-20T00:54:11.786+0000] {processor.py:186} INFO - Started process (PID=3911) to work on /home/ubuntu/redfin_venv/lib/python3.12/site-packages/airflow/example_dags/example_kubernetes_executor.py
[2025-02-20T00:54:11.787+0000] {processor.py:914} INFO - Processing file /home/ubuntu/redfin_venv/lib/python3.12/site-packages/airflow/example_dags/example_kubernetes_executor.py for tasks to queue
[2025-02-20T00:54:11.789+0000] {logging_mixin.py:190} INFO - [2025-02-20T00:54:11.788+0000] {dagbag.py:588} INFO - Filling up the DagBag from /home/ubuntu/redfin_venv/lib/python3.12/site-packages/airflow/example_dags/example_kubernetes_executor.py
[2025-02-20T00:54:11.792+0000] {logging_mixin.py:190} INFO - [2025-02-20T00:54:11.792+0000] {example_kubernetes_executor.py:39} WARNING - The example_kubernetes_executor example DAG requires the kubernetes provider. Please install it with: pip install apache-airflow[cncf.kubernetes]
[2025-02-20T00:54:11.792+0000] {processor.py:927} WARNING - No viable dags retrieved from /home/ubuntu/redfin_venv/lib/python3.12/site-packages/airflow/example_dags/example_kubernetes_executor.py
[2025-02-20T00:54:11.803+0000] {processor.py:208} INFO - Processing /home/ubuntu/redfin_venv/lib/python3.12/site-packages/airflow/example_dags/example_kubernetes_executor.py took 0.023 seconds
[2025-02-20T00:55:08.388+0000] {processor.py:186} INFO - Started process (PID=4153) to work on /home/ubuntu/redfin_venv/lib/python3.12/site-packages/airflow/example_dags/example_kubernetes_executor.py
[2025-02-20T00:55:08.390+0000] {processor.py:914} INFO - Processing file /home/ubuntu/redfin_venv/lib/python3.12/site-packages/airflow/example_dags/example_kubernetes_executor.py for tasks to queue
[2025-02-20T00:55:08.392+0000] {logging_mixin.py:190} INFO - [2025-02-20T00:55:08.392+0000] {dagbag.py:588} INFO - Filling up the DagBag from /home/ubuntu/redfin_venv/lib/python3.12/site-packages/airflow/example_dags/example_kubernetes_executor.py
[2025-02-20T00:55:08.397+0000] {logging_mixin.py:190} INFO - [2025-02-20T00:55:08.397+0000] {example_kubernetes_executor.py:39} WARNING - The example_kubernetes_executor example DAG requires the kubernetes provider. Please install it with: pip install apache-airflow[cncf.kubernetes]
[2025-02-20T00:55:08.397+0000] {processor.py:927} WARNING - No viable dags retrieved from /home/ubuntu/redfin_venv/lib/python3.12/site-packages/airflow/example_dags/example_kubernetes_executor.py
[2025-02-20T00:55:08.412+0000] {processor.py:208} INFO - Processing /home/ubuntu/redfin_venv/lib/python3.12/site-packages/airflow/example_dags/example_kubernetes_executor.py took 0.032 seconds
[2025-02-20T00:56:04.842+0000] {processor.py:186} INFO - Started process (PID=4270) to work on /home/ubuntu/redfin_venv/lib/python3.12/site-packages/airflow/example_dags/example_kubernetes_executor.py
[2025-02-20T00:56:04.843+0000] {processor.py:914} INFO - Processing file /home/ubuntu/redfin_venv/lib/python3.12/site-packages/airflow/example_dags/example_kubernetes_executor.py for tasks to queue
[2025-02-20T00:56:04.846+0000] {logging_mixin.py:190} INFO - [2025-02-20T00:56:04.846+0000] {dagbag.py:588} INFO - Filling up the DagBag from /home/ubuntu/redfin_venv/lib/python3.12/site-packages/airflow/example_dags/example_kubernetes_executor.py
[2025-02-20T00:56:04.850+0000] {logging_mixin.py:190} INFO - [2025-02-20T00:56:04.850+0000] {example_kubernetes_executor.py:39} WARNING - The example_kubernetes_executor example DAG requires the kubernetes provider. Please install it with: pip install apache-airflow[cncf.kubernetes]
[2025-02-20T00:56:04.850+0000] {processor.py:927} WARNING - No viable dags retrieved from /home/ubuntu/redfin_venv/lib/python3.12/site-packages/airflow/example_dags/example_kubernetes_executor.py
[2025-02-20T00:56:04.871+0000] {processor.py:208} INFO - Processing /home/ubuntu/redfin_venv/lib/python3.12/site-packages/airflow/example_dags/example_kubernetes_executor.py took 0.035 seconds
[2025-02-20T00:56:58.516+0000] {processor.py:186} INFO - Started process (PID=4391) to work on /home/ubuntu/redfin_venv/lib/python3.12/site-packages/airflow/example_dags/example_kubernetes_executor.py
[2025-02-20T00:56:58.518+0000] {processor.py:914} INFO - Processing file /home/ubuntu/redfin_venv/lib/python3.12/site-packages/airflow/example_dags/example_kubernetes_executor.py for tasks to queue
[2025-02-20T00:56:58.522+0000] {logging_mixin.py:190} INFO - [2025-02-20T00:56:58.522+0000] {dagbag.py:588} INFO - Filling up the DagBag from /home/ubuntu/redfin_venv/lib/python3.12/site-packages/airflow/example_dags/example_kubernetes_executor.py
[2025-02-20T00:56:58.526+0000] {logging_mixin.py:190} INFO - [2025-02-20T00:56:58.526+0000] {example_kubernetes_executor.py:39} WARNING - The example_kubernetes_executor example DAG requires the kubernetes provider. Please install it with: pip install apache-airflow[cncf.kubernetes]
[2025-02-20T00:56:58.527+0000] {processor.py:927} WARNING - No viable dags retrieved from /home/ubuntu/redfin_venv/lib/python3.12/site-packages/airflow/example_dags/example_kubernetes_executor.py
[2025-02-20T00:56:58.540+0000] {processor.py:208} INFO - Processing /home/ubuntu/redfin_venv/lib/python3.12/site-packages/airflow/example_dags/example_kubernetes_executor.py took 0.031 seconds
[2025-02-20T00:57:51.674+0000] {processor.py:186} INFO - Started process (PID=4564) to work on /home/ubuntu/redfin_venv/lib/python3.12/site-packages/airflow/example_dags/example_kubernetes_executor.py
[2025-02-20T00:57:51.677+0000] {processor.py:914} INFO - Processing file /home/ubuntu/redfin_venv/lib/python3.12/site-packages/airflow/example_dags/example_kubernetes_executor.py for tasks to queue
[2025-02-20T00:57:51.679+0000] {logging_mixin.py:190} INFO - [2025-02-20T00:57:51.679+0000] {dagbag.py:588} INFO - Filling up the DagBag from /home/ubuntu/redfin_venv/lib/python3.12/site-packages/airflow/example_dags/example_kubernetes_executor.py
[2025-02-20T00:57:51.682+0000] {logging_mixin.py:190} INFO - [2025-02-20T00:57:51.682+0000] {example_kubernetes_executor.py:39} WARNING - The example_kubernetes_executor example DAG requires the kubernetes provider. Please install it with: pip install apache-airflow[cncf.kubernetes]
[2025-02-20T00:57:51.683+0000] {processor.py:927} WARNING - No viable dags retrieved from /home/ubuntu/redfin_venv/lib/python3.12/site-packages/airflow/example_dags/example_kubernetes_executor.py
[2025-02-20T00:57:51.694+0000] {processor.py:208} INFO - Processing /home/ubuntu/redfin_venv/lib/python3.12/site-packages/airflow/example_dags/example_kubernetes_executor.py took 0.027 seconds
[2025-02-20T00:58:45.065+0000] {processor.py:186} INFO - Started process (PID=4679) to work on /home/ubuntu/redfin_venv/lib/python3.12/site-packages/airflow/example_dags/example_kubernetes_executor.py
[2025-02-20T00:58:45.067+0000] {processor.py:914} INFO - Processing file /home/ubuntu/redfin_venv/lib/python3.12/site-packages/airflow/example_dags/example_kubernetes_executor.py for tasks to queue
[2025-02-20T00:58:45.069+0000] {logging_mixin.py:190} INFO - [2025-02-20T00:58:45.069+0000] {dagbag.py:588} INFO - Filling up the DagBag from /home/ubuntu/redfin_venv/lib/python3.12/site-packages/airflow/example_dags/example_kubernetes_executor.py
[2025-02-20T00:58:45.072+0000] {logging_mixin.py:190} INFO - [2025-02-20T00:58:45.072+0000] {example_kubernetes_executor.py:39} WARNING - The example_kubernetes_executor example DAG requires the kubernetes provider. Please install it with: pip install apache-airflow[cncf.kubernetes]
[2025-02-20T00:58:45.073+0000] {processor.py:927} WARNING - No viable dags retrieved from /home/ubuntu/redfin_venv/lib/python3.12/site-packages/airflow/example_dags/example_kubernetes_executor.py
[2025-02-20T00:58:45.085+0000] {processor.py:208} INFO - Processing /home/ubuntu/redfin_venv/lib/python3.12/site-packages/airflow/example_dags/example_kubernetes_executor.py took 0.026 seconds
[2025-02-20T00:59:37.986+0000] {processor.py:186} INFO - Started process (PID=4794) to work on /home/ubuntu/redfin_venv/lib/python3.12/site-packages/airflow/example_dags/example_kubernetes_executor.py
[2025-02-20T00:59:37.988+0000] {processor.py:914} INFO - Processing file /home/ubuntu/redfin_venv/lib/python3.12/site-packages/airflow/example_dags/example_kubernetes_executor.py for tasks to queue
[2025-02-20T00:59:37.991+0000] {logging_mixin.py:190} INFO - [2025-02-20T00:59:37.990+0000] {dagbag.py:588} INFO - Filling up the DagBag from /home/ubuntu/redfin_venv/lib/python3.12/site-packages/airflow/example_dags/example_kubernetes_executor.py
[2025-02-20T00:59:37.996+0000] {logging_mixin.py:190} INFO - [2025-02-20T00:59:37.996+0000] {example_kubernetes_executor.py:39} WARNING - The example_kubernetes_executor example DAG requires the kubernetes provider. Please install it with: pip install apache-airflow[cncf.kubernetes]
[2025-02-20T00:59:37.997+0000] {processor.py:927} WARNING - No viable dags retrieved from /home/ubuntu/redfin_venv/lib/python3.12/site-packages/airflow/example_dags/example_kubernetes_executor.py
[2025-02-20T00:59:38.016+0000] {processor.py:208} INFO - Processing /home/ubuntu/redfin_venv/lib/python3.12/site-packages/airflow/example_dags/example_kubernetes_executor.py took 0.041 seconds
[2025-02-20T01:00:30.371+0000] {processor.py:186} INFO - Started process (PID=5317) to work on /home/ubuntu/redfin_venv/lib/python3.12/site-packages/airflow/example_dags/example_kubernetes_executor.py
[2025-02-20T01:00:30.373+0000] {processor.py:914} INFO - Processing file /home/ubuntu/redfin_venv/lib/python3.12/site-packages/airflow/example_dags/example_kubernetes_executor.py for tasks to queue
[2025-02-20T01:00:30.376+0000] {logging_mixin.py:190} INFO - [2025-02-20T01:00:30.376+0000] {dagbag.py:588} INFO - Filling up the DagBag from /home/ubuntu/redfin_venv/lib/python3.12/site-packages/airflow/example_dags/example_kubernetes_executor.py
[2025-02-20T01:00:30.379+0000] {logging_mixin.py:190} INFO - [2025-02-20T01:00:30.379+0000] {example_kubernetes_executor.py:39} WARNING - The example_kubernetes_executor example DAG requires the kubernetes provider. Please install it with: pip install apache-airflow[cncf.kubernetes]
[2025-02-20T01:00:30.379+0000] {processor.py:927} WARNING - No viable dags retrieved from /home/ubuntu/redfin_venv/lib/python3.12/site-packages/airflow/example_dags/example_kubernetes_executor.py
[2025-02-20T01:00:30.414+0000] {processor.py:208} INFO - Processing /home/ubuntu/redfin_venv/lib/python3.12/site-packages/airflow/example_dags/example_kubernetes_executor.py took 0.052 seconds
[2025-02-20T01:01:26.752+0000] {processor.py:186} INFO - Started process (PID=5590) to work on /home/ubuntu/redfin_venv/lib/python3.12/site-packages/airflow/example_dags/example_kubernetes_executor.py
[2025-02-20T01:01:26.754+0000] {processor.py:914} INFO - Processing file /home/ubuntu/redfin_venv/lib/python3.12/site-packages/airflow/example_dags/example_kubernetes_executor.py for tasks to queue
[2025-02-20T01:01:26.756+0000] {logging_mixin.py:190} INFO - [2025-02-20T01:01:26.755+0000] {dagbag.py:588} INFO - Filling up the DagBag from /home/ubuntu/redfin_venv/lib/python3.12/site-packages/airflow/example_dags/example_kubernetes_executor.py
[2025-02-20T01:01:26.759+0000] {logging_mixin.py:190} INFO - [2025-02-20T01:01:26.758+0000] {example_kubernetes_executor.py:39} WARNING - The example_kubernetes_executor example DAG requires the kubernetes provider. Please install it with: pip install apache-airflow[cncf.kubernetes]
[2025-02-20T01:01:26.759+0000] {processor.py:927} WARNING - No viable dags retrieved from /home/ubuntu/redfin_venv/lib/python3.12/site-packages/airflow/example_dags/example_kubernetes_executor.py
[2025-02-20T01:01:26.770+0000] {processor.py:208} INFO - Processing /home/ubuntu/redfin_venv/lib/python3.12/site-packages/airflow/example_dags/example_kubernetes_executor.py took 0.024 seconds
