[2025-02-20T00:52:57.373+0000] {processor.py:186} INFO - Started process (PID=3656) to work on /home/ubuntu/redfin_venv/lib/python3.12/site-packages/airflow/example_dags/example_latest_only_with_trigger.py
[2025-02-20T00:52:57.374+0000] {processor.py:914} INFO - Processing file /home/ubuntu/redfin_venv/lib/python3.12/site-packages/airflow/example_dags/example_latest_only_with_trigger.py for tasks to queue
[2025-02-20T00:52:57.377+0000] {logging_mixin.py:190} INFO - [2025-02-20T00:52:57.376+0000] {dagbag.py:588} INFO - Filling up the DagBag from /home/ubuntu/redfin_venv/lib/python3.12/site-packages/airflow/example_dags/example_latest_only_with_trigger.py
[2025-02-20T00:52:57.386+0000] {processor.py:925} INFO - DAG(s) 'latest_only_with_trigger' retrieved from /home/ubuntu/redfin_venv/lib/python3.12/site-packages/airflow/example_dags/example_latest_only_with_trigger.py
[2025-02-20T00:52:57.505+0000] {logging_mixin.py:190} INFO - [2025-02-20T00:52:57.504+0000] {override.py:1930} INFO - Created Permission View: can edit on DAG:latest_only_with_trigger
[2025-02-20T00:52:57.518+0000] {logging_mixin.py:190} INFO - [2025-02-20T00:52:57.518+0000] {override.py:1930} INFO - Created Permission View: can delete on DAG:latest_only_with_trigger
[2025-02-20T00:52:57.528+0000] {logging_mixin.py:190} INFO - [2025-02-20T00:52:57.528+0000] {override.py:1930} INFO - Created Permission View: can read on DAG:latest_only_with_trigger
[2025-02-20T00:52:57.544+0000] {logging_mixin.py:190} INFO - [2025-02-20T00:52:57.544+0000] {override.py:1930} INFO - Created Permission View: menu access on DAG Run:latest_only_with_trigger
[2025-02-20T00:52:57.554+0000] {logging_mixin.py:190} INFO - [2025-02-20T00:52:57.554+0000] {override.py:1930} INFO - Created Permission View: can create on DAG Run:latest_only_with_trigger
[2025-02-20T00:52:57.564+0000] {logging_mixin.py:190} INFO - [2025-02-20T00:52:57.564+0000] {override.py:1930} INFO - Created Permission View: can delete on DAG Run:latest_only_with_trigger
[2025-02-20T00:52:57.574+0000] {logging_mixin.py:190} INFO - [2025-02-20T00:52:57.574+0000] {override.py:1930} INFO - Created Permission View: can read on DAG Run:latest_only_with_trigger
[2025-02-20T00:52:57.574+0000] {logging_mixin.py:190} INFO - [2025-02-20T00:52:57.574+0000] {dag.py:3239} INFO - Sync 1 DAGs
[2025-02-20T00:52:57.585+0000] {logging_mixin.py:190} INFO - [2025-02-20T00:52:57.585+0000] {dag.py:3262} INFO - Creating ORM DAG for latest_only_with_trigger
[2025-02-20T00:52:57.593+0000] {logging_mixin.py:190} INFO - [2025-02-20T00:52:57.592+0000] {dag.py:4180} INFO - Setting next_dagrun for latest_only_with_trigger to 2025-02-19 20:00:00+00:00, run_after=2025-02-20 00:00:00+00:00
[2025-02-20T00:52:57.614+0000] {processor.py:208} INFO - Processing /home/ubuntu/redfin_venv/lib/python3.12/site-packages/airflow/example_dags/example_latest_only_with_trigger.py took 0.246 seconds
[2025-02-20T00:54:02.795+0000] {processor.py:186} INFO - Started process (PID=3898) to work on /home/ubuntu/redfin_venv/lib/python3.12/site-packages/airflow/example_dags/example_latest_only_with_trigger.py
[2025-02-20T00:54:02.797+0000] {processor.py:914} INFO - Processing file /home/ubuntu/redfin_venv/lib/python3.12/site-packages/airflow/example_dags/example_latest_only_with_trigger.py for tasks to queue
[2025-02-20T00:54:02.800+0000] {logging_mixin.py:190} INFO - [2025-02-20T00:54:02.799+0000] {dagbag.py:588} INFO - Filling up the DagBag from /home/ubuntu/redfin_venv/lib/python3.12/site-packages/airflow/example_dags/example_latest_only_with_trigger.py
[2025-02-20T00:54:02.811+0000] {processor.py:925} INFO - DAG(s) 'latest_only_with_trigger' retrieved from /home/ubuntu/redfin_venv/lib/python3.12/site-packages/airflow/example_dags/example_latest_only_with_trigger.py
[2025-02-20T00:54:02.832+0000] {logging_mixin.py:190} INFO - [2025-02-20T00:54:02.832+0000] {dag.py:3239} INFO - Sync 1 DAGs
[2025-02-20T00:54:02.857+0000] {logging_mixin.py:190} INFO - [2025-02-20T00:54:02.856+0000] {dag.py:4180} INFO - Setting next_dagrun for latest_only_with_trigger to 2025-02-19 20:00:00+00:00, run_after=2025-02-20 00:00:00+00:00
[2025-02-20T00:54:02.881+0000] {processor.py:208} INFO - Processing /home/ubuntu/redfin_venv/lib/python3.12/site-packages/airflow/example_dags/example_latest_only_with_trigger.py took 0.097 seconds
[2025-02-20T00:54:59.211+0000] {processor.py:186} INFO - Started process (PID=4140) to work on /home/ubuntu/redfin_venv/lib/python3.12/site-packages/airflow/example_dags/example_latest_only_with_trigger.py
[2025-02-20T00:54:59.213+0000] {processor.py:914} INFO - Processing file /home/ubuntu/redfin_venv/lib/python3.12/site-packages/airflow/example_dags/example_latest_only_with_trigger.py for tasks to queue
[2025-02-20T00:54:59.215+0000] {logging_mixin.py:190} INFO - [2025-02-20T00:54:59.214+0000] {dagbag.py:588} INFO - Filling up the DagBag from /home/ubuntu/redfin_venv/lib/python3.12/site-packages/airflow/example_dags/example_latest_only_with_trigger.py
[2025-02-20T00:54:59.223+0000] {processor.py:925} INFO - DAG(s) 'latest_only_with_trigger' retrieved from /home/ubuntu/redfin_venv/lib/python3.12/site-packages/airflow/example_dags/example_latest_only_with_trigger.py
[2025-02-20T00:54:59.242+0000] {logging_mixin.py:190} INFO - [2025-02-20T00:54:59.242+0000] {dag.py:3239} INFO - Sync 1 DAGs
[2025-02-20T00:54:59.262+0000] {logging_mixin.py:190} INFO - [2025-02-20T00:54:59.262+0000] {dag.py:4180} INFO - Setting next_dagrun for latest_only_with_trigger to 2025-02-19 20:00:00+00:00, run_after=2025-02-20 00:00:00+00:00
[2025-02-20T00:54:59.287+0000] {processor.py:208} INFO - Processing /home/ubuntu/redfin_venv/lib/python3.12/site-packages/airflow/example_dags/example_latest_only_with_trigger.py took 0.081 seconds
[2025-02-20T00:55:54.577+0000] {processor.py:186} INFO - Started process (PID=4260) to work on /home/ubuntu/redfin_venv/lib/python3.12/site-packages/airflow/example_dags/example_latest_only_with_trigger.py
[2025-02-20T00:55:54.579+0000] {processor.py:914} INFO - Processing file /home/ubuntu/redfin_venv/lib/python3.12/site-packages/airflow/example_dags/example_latest_only_with_trigger.py for tasks to queue
[2025-02-20T00:55:54.581+0000] {logging_mixin.py:190} INFO - [2025-02-20T00:55:54.581+0000] {dagbag.py:588} INFO - Filling up the DagBag from /home/ubuntu/redfin_venv/lib/python3.12/site-packages/airflow/example_dags/example_latest_only_with_trigger.py
[2025-02-20T00:55:54.590+0000] {processor.py:925} INFO - DAG(s) 'latest_only_with_trigger' retrieved from /home/ubuntu/redfin_venv/lib/python3.12/site-packages/airflow/example_dags/example_latest_only_with_trigger.py
[2025-02-20T00:55:54.607+0000] {logging_mixin.py:190} INFO - [2025-02-20T00:55:54.607+0000] {dag.py:3239} INFO - Sync 1 DAGs
[2025-02-20T00:55:54.626+0000] {logging_mixin.py:190} INFO - [2025-02-20T00:55:54.626+0000] {dag.py:4180} INFO - Setting next_dagrun for latest_only_with_trigger to 2025-02-19 20:00:00+00:00, run_after=2025-02-20 00:00:00+00:00
[2025-02-20T00:55:54.648+0000] {processor.py:208} INFO - Processing /home/ubuntu/redfin_venv/lib/python3.12/site-packages/airflow/example_dags/example_latest_only_with_trigger.py took 0.077 seconds
[2025-02-20T00:56:48.075+0000] {processor.py:186} INFO - Started process (PID=4381) to work on /home/ubuntu/redfin_venv/lib/python3.12/site-packages/airflow/example_dags/example_latest_only_with_trigger.py
[2025-02-20T00:56:48.077+0000] {processor.py:914} INFO - Processing file /home/ubuntu/redfin_venv/lib/python3.12/site-packages/airflow/example_dags/example_latest_only_with_trigger.py for tasks to queue
[2025-02-20T00:56:48.080+0000] {logging_mixin.py:190} INFO - [2025-02-20T00:56:48.079+0000] {dagbag.py:588} INFO - Filling up the DagBag from /home/ubuntu/redfin_venv/lib/python3.12/site-packages/airflow/example_dags/example_latest_only_with_trigger.py
[2025-02-20T00:56:48.088+0000] {processor.py:925} INFO - DAG(s) 'latest_only_with_trigger' retrieved from /home/ubuntu/redfin_venv/lib/python3.12/site-packages/airflow/example_dags/example_latest_only_with_trigger.py
[2025-02-20T00:56:48.105+0000] {logging_mixin.py:190} INFO - [2025-02-20T00:56:48.105+0000] {dag.py:3239} INFO - Sync 1 DAGs
[2025-02-20T00:56:48.125+0000] {logging_mixin.py:190} INFO - [2025-02-20T00:56:48.124+0000] {dag.py:4180} INFO - Setting next_dagrun for latest_only_with_trigger to 2025-02-19 20:00:00+00:00, run_after=2025-02-20 00:00:00+00:00
[2025-02-20T00:56:48.160+0000] {processor.py:208} INFO - Processing /home/ubuntu/redfin_venv/lib/python3.12/site-packages/airflow/example_dags/example_latest_only_with_trigger.py took 0.092 seconds
[2025-02-20T00:57:41.675+0000] {processor.py:186} INFO - Started process (PID=4554) to work on /home/ubuntu/redfin_venv/lib/python3.12/site-packages/airflow/example_dags/example_latest_only_with_trigger.py
[2025-02-20T00:57:41.742+0000] {processor.py:914} INFO - Processing file /home/ubuntu/redfin_venv/lib/python3.12/site-packages/airflow/example_dags/example_latest_only_with_trigger.py for tasks to queue
[2025-02-20T00:57:41.744+0000] {logging_mixin.py:190} INFO - [2025-02-20T00:57:41.744+0000] {dagbag.py:588} INFO - Filling up the DagBag from /home/ubuntu/redfin_venv/lib/python3.12/site-packages/airflow/example_dags/example_latest_only_with_trigger.py
[2025-02-20T00:57:41.753+0000] {processor.py:925} INFO - DAG(s) 'latest_only_with_trigger' retrieved from /home/ubuntu/redfin_venv/lib/python3.12/site-packages/airflow/example_dags/example_latest_only_with_trigger.py
[2025-02-20T00:57:41.770+0000] {logging_mixin.py:190} INFO - [2025-02-20T00:57:41.769+0000] {dag.py:3239} INFO - Sync 1 DAGs
[2025-02-20T00:57:41.796+0000] {logging_mixin.py:190} INFO - [2025-02-20T00:57:41.795+0000] {dag.py:4180} INFO - Setting next_dagrun for latest_only_with_trigger to 2025-02-19 20:00:00+00:00, run_after=2025-02-20 00:00:00+00:00
[2025-02-20T00:57:41.827+0000] {processor.py:208} INFO - Processing /home/ubuntu/redfin_venv/lib/python3.12/site-packages/airflow/example_dags/example_latest_only_with_trigger.py took 0.157 seconds
[2025-02-20T00:58:35.889+0000] {processor.py:186} INFO - Started process (PID=4669) to work on /home/ubuntu/redfin_venv/lib/python3.12/site-packages/airflow/example_dags/example_latest_only_with_trigger.py
[2025-02-20T00:58:35.890+0000] {processor.py:914} INFO - Processing file /home/ubuntu/redfin_venv/lib/python3.12/site-packages/airflow/example_dags/example_latest_only_with_trigger.py for tasks to queue
[2025-02-20T00:58:35.892+0000] {logging_mixin.py:190} INFO - [2025-02-20T00:58:35.892+0000] {dagbag.py:588} INFO - Filling up the DagBag from /home/ubuntu/redfin_venv/lib/python3.12/site-packages/airflow/example_dags/example_latest_only_with_trigger.py
[2025-02-20T00:58:35.901+0000] {processor.py:925} INFO - DAG(s) 'latest_only_with_trigger' retrieved from /home/ubuntu/redfin_venv/lib/python3.12/site-packages/airflow/example_dags/example_latest_only_with_trigger.py
[2025-02-20T00:58:35.925+0000] {logging_mixin.py:190} INFO - [2025-02-20T00:58:35.924+0000] {dag.py:3239} INFO - Sync 1 DAGs
[2025-02-20T00:58:35.944+0000] {logging_mixin.py:190} INFO - [2025-02-20T00:58:35.944+0000] {dag.py:4180} INFO - Setting next_dagrun for latest_only_with_trigger to 2025-02-19 20:00:00+00:00, run_after=2025-02-20 00:00:00+00:00
[2025-02-20T00:58:35.965+0000] {processor.py:208} INFO - Processing /home/ubuntu/redfin_venv/lib/python3.12/site-packages/airflow/example_dags/example_latest_only_with_trigger.py took 0.082 seconds
[2025-02-20T00:59:28.249+0000] {processor.py:186} INFO - Started process (PID=4784) to work on /home/ubuntu/redfin_venv/lib/python3.12/site-packages/airflow/example_dags/example_latest_only_with_trigger.py
[2025-02-20T00:59:28.250+0000] {processor.py:914} INFO - Processing file /home/ubuntu/redfin_venv/lib/python3.12/site-packages/airflow/example_dags/example_latest_only_with_trigger.py for tasks to queue
[2025-02-20T00:59:28.252+0000] {logging_mixin.py:190} INFO - [2025-02-20T00:59:28.252+0000] {dagbag.py:588} INFO - Filling up the DagBag from /home/ubuntu/redfin_venv/lib/python3.12/site-packages/airflow/example_dags/example_latest_only_with_trigger.py
[2025-02-20T00:59:28.261+0000] {processor.py:925} INFO - DAG(s) 'latest_only_with_trigger' retrieved from /home/ubuntu/redfin_venv/lib/python3.12/site-packages/airflow/example_dags/example_latest_only_with_trigger.py
[2025-02-20T00:59:28.283+0000] {logging_mixin.py:190} INFO - [2025-02-20T00:59:28.283+0000] {dag.py:3239} INFO - Sync 1 DAGs
[2025-02-20T00:59:28.306+0000] {logging_mixin.py:190} INFO - [2025-02-20T00:59:28.306+0000] {dag.py:4180} INFO - Setting next_dagrun for latest_only_with_trigger to 2025-02-19 20:00:00+00:00, run_after=2025-02-20 00:00:00+00:00
[2025-02-20T00:59:28.333+0000] {processor.py:208} INFO - Processing /home/ubuntu/redfin_venv/lib/python3.12/site-packages/airflow/example_dags/example_latest_only_with_trigger.py took 0.090 seconds
[2025-02-20T01:00:19.948+0000] {processor.py:186} INFO - Started process (PID=5272) to work on /home/ubuntu/redfin_venv/lib/python3.12/site-packages/airflow/example_dags/example_latest_only_with_trigger.py
[2025-02-20T01:00:19.999+0000] {processor.py:914} INFO - Processing file /home/ubuntu/redfin_venv/lib/python3.12/site-packages/airflow/example_dags/example_latest_only_with_trigger.py for tasks to queue
[2025-02-20T01:00:20.001+0000] {logging_mixin.py:190} INFO - [2025-02-20T01:00:20.001+0000] {dagbag.py:588} INFO - Filling up the DagBag from /home/ubuntu/redfin_venv/lib/python3.12/site-packages/airflow/example_dags/example_latest_only_with_trigger.py
[2025-02-20T01:00:20.013+0000] {processor.py:925} INFO - DAG(s) 'latest_only_with_trigger' retrieved from /home/ubuntu/redfin_venv/lib/python3.12/site-packages/airflow/example_dags/example_latest_only_with_trigger.py
[2025-02-20T01:00:20.037+0000] {logging_mixin.py:190} INFO - [2025-02-20T01:00:20.036+0000] {dag.py:3239} INFO - Sync 1 DAGs
[2025-02-20T01:00:20.065+0000] {logging_mixin.py:190} INFO - [2025-02-20T01:00:20.065+0000] {dag.py:4180} INFO - Setting next_dagrun for latest_only_with_trigger to 2025-02-19 20:00:00+00:00, run_after=2025-02-20 00:00:00+00:00
[2025-02-20T01:00:20.106+0000] {processor.py:208} INFO - Processing /home/ubuntu/redfin_venv/lib/python3.12/site-packages/airflow/example_dags/example_latest_only_with_trigger.py took 0.165 seconds
[2025-02-20T01:01:17.682+0000] {processor.py:186} INFO - Started process (PID=5496) to work on /home/ubuntu/redfin_venv/lib/python3.12/site-packages/airflow/example_dags/example_latest_only_with_trigger.py
[2025-02-20T01:01:17.684+0000] {processor.py:914} INFO - Processing file /home/ubuntu/redfin_venv/lib/python3.12/site-packages/airflow/example_dags/example_latest_only_with_trigger.py for tasks to queue
[2025-02-20T01:01:17.690+0000] {logging_mixin.py:190} INFO - [2025-02-20T01:01:17.689+0000] {dagbag.py:588} INFO - Filling up the DagBag from /home/ubuntu/redfin_venv/lib/python3.12/site-packages/airflow/example_dags/example_latest_only_with_trigger.py
[2025-02-20T01:01:17.737+0000] {processor.py:925} INFO - DAG(s) 'latest_only_with_trigger' retrieved from /home/ubuntu/redfin_venv/lib/python3.12/site-packages/airflow/example_dags/example_latest_only_with_trigger.py
[2025-02-20T01:01:17.764+0000] {logging_mixin.py:190} INFO - [2025-02-20T01:01:17.764+0000] {dag.py:3239} INFO - Sync 1 DAGs
[2025-02-20T01:01:17.794+0000] {logging_mixin.py:190} INFO - [2025-02-20T01:01:17.794+0000] {dag.py:4180} INFO - Setting next_dagrun for latest_only_with_trigger to 2025-02-19 20:00:00+00:00, run_after=2025-02-20 00:00:00+00:00
[2025-02-20T01:01:17.814+0000] {processor.py:208} INFO - Processing /home/ubuntu/redfin_venv/lib/python3.12/site-packages/airflow/example_dags/example_latest_only_with_trigger.py took 0.139 seconds
