[2025-02-20T00:52:36.269+0000] {processor.py:186} INFO - Started process (PID=3543) to work on /home/ubuntu/redfin_venv/lib/python3.12/site-packages/airflow/example_dags/example_time_delta_sensor_async.py
[2025-02-20T00:52:36.270+0000] {processor.py:914} INFO - Processing file /home/ubuntu/redfin_venv/lib/python3.12/site-packages/airflow/example_dags/example_time_delta_sensor_async.py for tasks to queue
[2025-02-20T00:52:36.272+0000] {logging_mixin.py:190} INFO - [2025-02-20T00:52:36.272+0000] {dagbag.py:588} INFO - Filling up the DagBag from /home/ubuntu/redfin_venv/lib/python3.12/site-packages/airflow/example_dags/example_time_delta_sensor_async.py
[2025-02-20T00:52:36.284+0000] {processor.py:925} INFO - DAG(s) 'example_time_delta_sensor_async' retrieved from /home/ubuntu/redfin_venv/lib/python3.12/site-packages/airflow/example_dags/example_time_delta_sensor_async.py
[2025-02-20T00:52:36.398+0000] {logging_mixin.py:190} INFO - [2025-02-20T00:52:36.397+0000] {override.py:1930} INFO - Created Permission View: can edit on DAG:example_time_delta_sensor_async
[2025-02-20T00:52:36.414+0000] {logging_mixin.py:190} INFO - [2025-02-20T00:52:36.413+0000] {override.py:1930} INFO - Created Permission View: can delete on DAG:example_time_delta_sensor_async
[2025-02-20T00:52:36.434+0000] {logging_mixin.py:190} INFO - [2025-02-20T00:52:36.434+0000] {override.py:1930} INFO - Created Permission View: can read on DAG:example_time_delta_sensor_async
[2025-02-20T00:52:36.451+0000] {logging_mixin.py:190} INFO - [2025-02-20T00:52:36.451+0000] {override.py:1930} INFO - Created Permission View: menu access on DAG Run:example_time_delta_sensor_async
[2025-02-20T00:52:36.461+0000] {logging_mixin.py:190} INFO - [2025-02-20T00:52:36.461+0000] {override.py:1930} INFO - Created Permission View: can create on DAG Run:example_time_delta_sensor_async
[2025-02-20T00:52:36.473+0000] {logging_mixin.py:190} INFO - [2025-02-20T00:52:36.473+0000] {override.py:1930} INFO - Created Permission View: can delete on DAG Run:example_time_delta_sensor_async
[2025-02-20T00:52:36.485+0000] {logging_mixin.py:190} INFO - [2025-02-20T00:52:36.484+0000] {override.py:1930} INFO - Created Permission View: can read on DAG Run:example_time_delta_sensor_async
[2025-02-20T00:52:36.485+0000] {logging_mixin.py:190} INFO - [2025-02-20T00:52:36.485+0000] {dag.py:3239} INFO - Sync 1 DAGs
[2025-02-20T00:52:36.500+0000] {logging_mixin.py:190} INFO - [2025-02-20T00:52:36.500+0000] {dag.py:3262} INFO - Creating ORM DAG for example_time_delta_sensor_async
[2025-02-20T00:52:36.501+0000] {logging_mixin.py:190} INFO - [2025-02-20T00:52:36.501+0000] {dag.py:4180} INFO - Setting next_dagrun for example_time_delta_sensor_async to None, run_after=None
[2025-02-20T00:52:36.522+0000] {processor.py:208} INFO - Processing /home/ubuntu/redfin_venv/lib/python3.12/site-packages/airflow/example_dags/example_time_delta_sensor_async.py took 0.260 seconds
[2025-02-20T00:53:40.740+0000] {processor.py:186} INFO - Started process (PID=3876) to work on /home/ubuntu/redfin_venv/lib/python3.12/site-packages/airflow/example_dags/example_time_delta_sensor_async.py
[2025-02-20T00:53:40.741+0000] {processor.py:914} INFO - Processing file /home/ubuntu/redfin_venv/lib/python3.12/site-packages/airflow/example_dags/example_time_delta_sensor_async.py for tasks to queue
[2025-02-20T00:53:40.743+0000] {logging_mixin.py:190} INFO - [2025-02-20T00:53:40.743+0000] {dagbag.py:588} INFO - Filling up the DagBag from /home/ubuntu/redfin_venv/lib/python3.12/site-packages/airflow/example_dags/example_time_delta_sensor_async.py
[2025-02-20T00:53:40.752+0000] {processor.py:925} INFO - DAG(s) 'example_time_delta_sensor_async' retrieved from /home/ubuntu/redfin_venv/lib/python3.12/site-packages/airflow/example_dags/example_time_delta_sensor_async.py
[2025-02-20T00:53:40.769+0000] {logging_mixin.py:190} INFO - [2025-02-20T00:53:40.769+0000] {dag.py:3239} INFO - Sync 1 DAGs
[2025-02-20T00:53:40.782+0000] {logging_mixin.py:190} INFO - [2025-02-20T00:53:40.782+0000] {dag.py:4180} INFO - Setting next_dagrun for example_time_delta_sensor_async to None, run_after=None
[2025-02-20T00:53:40.809+0000] {processor.py:208} INFO - Processing /home/ubuntu/redfin_venv/lib/python3.12/site-packages/airflow/example_dags/example_time_delta_sensor_async.py took 0.076 seconds
[2025-02-20T00:54:36.352+0000] {processor.py:186} INFO - Started process (PID=4118) to work on /home/ubuntu/redfin_venv/lib/python3.12/site-packages/airflow/example_dags/example_time_delta_sensor_async.py
[2025-02-20T00:54:36.354+0000] {processor.py:914} INFO - Processing file /home/ubuntu/redfin_venv/lib/python3.12/site-packages/airflow/example_dags/example_time_delta_sensor_async.py for tasks to queue
[2025-02-20T00:54:36.356+0000] {logging_mixin.py:190} INFO - [2025-02-20T00:54:36.356+0000] {dagbag.py:588} INFO - Filling up the DagBag from /home/ubuntu/redfin_venv/lib/python3.12/site-packages/airflow/example_dags/example_time_delta_sensor_async.py
[2025-02-20T00:54:36.370+0000] {processor.py:925} INFO - DAG(s) 'example_time_delta_sensor_async' retrieved from /home/ubuntu/redfin_venv/lib/python3.12/site-packages/airflow/example_dags/example_time_delta_sensor_async.py
[2025-02-20T00:54:36.391+0000] {logging_mixin.py:190} INFO - [2025-02-20T00:54:36.390+0000] {dag.py:3239} INFO - Sync 1 DAGs
[2025-02-20T00:54:36.404+0000] {logging_mixin.py:190} INFO - [2025-02-20T00:54:36.403+0000] {dag.py:4180} INFO - Setting next_dagrun for example_time_delta_sensor_async to None, run_after=None
[2025-02-20T00:54:36.427+0000] {processor.py:208} INFO - Processing /home/ubuntu/redfin_venv/lib/python3.12/site-packages/airflow/example_dags/example_time_delta_sensor_async.py took 0.085 seconds
[2025-02-20T00:55:28.169+0000] {processor.py:186} INFO - Started process (PID=4234) to work on /home/ubuntu/redfin_venv/lib/python3.12/site-packages/airflow/example_dags/example_time_delta_sensor_async.py
[2025-02-20T00:55:28.170+0000] {processor.py:914} INFO - Processing file /home/ubuntu/redfin_venv/lib/python3.12/site-packages/airflow/example_dags/example_time_delta_sensor_async.py for tasks to queue
[2025-02-20T00:55:28.172+0000] {logging_mixin.py:190} INFO - [2025-02-20T00:55:28.172+0000] {dagbag.py:588} INFO - Filling up the DagBag from /home/ubuntu/redfin_venv/lib/python3.12/site-packages/airflow/example_dags/example_time_delta_sensor_async.py
[2025-02-20T00:55:28.181+0000] {processor.py:925} INFO - DAG(s) 'example_time_delta_sensor_async' retrieved from /home/ubuntu/redfin_venv/lib/python3.12/site-packages/airflow/example_dags/example_time_delta_sensor_async.py
[2025-02-20T00:55:28.201+0000] {logging_mixin.py:190} INFO - [2025-02-20T00:55:28.201+0000] {dag.py:3239} INFO - Sync 1 DAGs
[2025-02-20T00:55:28.214+0000] {logging_mixin.py:190} INFO - [2025-02-20T00:55:28.214+0000] {dag.py:4180} INFO - Setting next_dagrun for example_time_delta_sensor_async to None, run_after=None
[2025-02-20T00:55:28.236+0000] {processor.py:208} INFO - Processing /home/ubuntu/redfin_venv/lib/python3.12/site-packages/airflow/example_dags/example_time_delta_sensor_async.py took 0.074 seconds
[2025-02-20T00:56:20.953+0000] {processor.py:186} INFO - Started process (PID=4347) to work on /home/ubuntu/redfin_venv/lib/python3.12/site-packages/airflow/example_dags/example_time_delta_sensor_async.py
[2025-02-20T00:56:20.954+0000] {processor.py:914} INFO - Processing file /home/ubuntu/redfin_venv/lib/python3.12/site-packages/airflow/example_dags/example_time_delta_sensor_async.py for tasks to queue
[2025-02-20T00:56:20.957+0000] {logging_mixin.py:190} INFO - [2025-02-20T00:56:20.957+0000] {dagbag.py:588} INFO - Filling up the DagBag from /home/ubuntu/redfin_venv/lib/python3.12/site-packages/airflow/example_dags/example_time_delta_sensor_async.py
[2025-02-20T00:56:20.966+0000] {processor.py:925} INFO - DAG(s) 'example_time_delta_sensor_async' retrieved from /home/ubuntu/redfin_venv/lib/python3.12/site-packages/airflow/example_dags/example_time_delta_sensor_async.py
[2025-02-20T00:56:20.984+0000] {logging_mixin.py:190} INFO - [2025-02-20T00:56:20.984+0000] {dag.py:3239} INFO - Sync 1 DAGs
[2025-02-20T00:56:21.001+0000] {logging_mixin.py:190} INFO - [2025-02-20T00:56:21.001+0000] {dag.py:4180} INFO - Setting next_dagrun for example_time_delta_sensor_async to None, run_after=None
[2025-02-20T00:56:21.026+0000] {processor.py:208} INFO - Processing /home/ubuntu/redfin_venv/lib/python3.12/site-packages/airflow/example_dags/example_time_delta_sensor_async.py took 0.079 seconds
[2025-02-20T00:57:14.656+0000] {processor.py:186} INFO - Started process (PID=4407) to work on /home/ubuntu/redfin_venv/lib/python3.12/site-packages/airflow/example_dags/example_time_delta_sensor_async.py
[2025-02-20T00:57:14.657+0000] {processor.py:914} INFO - Processing file /home/ubuntu/redfin_venv/lib/python3.12/site-packages/airflow/example_dags/example_time_delta_sensor_async.py for tasks to queue
[2025-02-20T00:57:14.659+0000] {logging_mixin.py:190} INFO - [2025-02-20T00:57:14.659+0000] {dagbag.py:588} INFO - Filling up the DagBag from /home/ubuntu/redfin_venv/lib/python3.12/site-packages/airflow/example_dags/example_time_delta_sensor_async.py
[2025-02-20T00:57:14.667+0000] {processor.py:925} INFO - DAG(s) 'example_time_delta_sensor_async' retrieved from /home/ubuntu/redfin_venv/lib/python3.12/site-packages/airflow/example_dags/example_time_delta_sensor_async.py
[2025-02-20T00:57:14.683+0000] {logging_mixin.py:190} INFO - [2025-02-20T00:57:14.682+0000] {dag.py:3239} INFO - Sync 1 DAGs
[2025-02-20T00:57:14.694+0000] {logging_mixin.py:190} INFO - [2025-02-20T00:57:14.694+0000] {dag.py:4180} INFO - Setting next_dagrun for example_time_delta_sensor_async to None, run_after=None
[2025-02-20T00:57:14.715+0000] {processor.py:208} INFO - Processing /home/ubuntu/redfin_venv/lib/python3.12/site-packages/airflow/example_dags/example_time_delta_sensor_async.py took 0.065 seconds
[2025-02-20T00:58:09.972+0000] {processor.py:186} INFO - Started process (PID=4582) to work on /home/ubuntu/redfin_venv/lib/python3.12/site-packages/airflow/example_dags/example_time_delta_sensor_async.py
[2025-02-20T00:58:09.973+0000] {processor.py:914} INFO - Processing file /home/ubuntu/redfin_venv/lib/python3.12/site-packages/airflow/example_dags/example_time_delta_sensor_async.py for tasks to queue
[2025-02-20T00:58:09.977+0000] {logging_mixin.py:190} INFO - [2025-02-20T00:58:09.977+0000] {dagbag.py:588} INFO - Filling up the DagBag from /home/ubuntu/redfin_venv/lib/python3.12/site-packages/airflow/example_dags/example_time_delta_sensor_async.py
[2025-02-20T00:58:09.985+0000] {processor.py:925} INFO - DAG(s) 'example_time_delta_sensor_async' retrieved from /home/ubuntu/redfin_venv/lib/python3.12/site-packages/airflow/example_dags/example_time_delta_sensor_async.py
[2025-02-20T00:58:10.002+0000] {logging_mixin.py:190} INFO - [2025-02-20T00:58:10.002+0000] {dag.py:3239} INFO - Sync 1 DAGs
[2025-02-20T00:58:10.041+0000] {logging_mixin.py:190} INFO - [2025-02-20T00:58:10.040+0000] {dag.py:4180} INFO - Setting next_dagrun for example_time_delta_sensor_async to None, run_after=None
[2025-02-20T00:58:10.076+0000] {processor.py:208} INFO - Processing /home/ubuntu/redfin_venv/lib/python3.12/site-packages/airflow/example_dags/example_time_delta_sensor_async.py took 0.117 seconds
[2025-02-20T00:59:02.912+0000] {processor.py:186} INFO - Started process (PID=4696) to work on /home/ubuntu/redfin_venv/lib/python3.12/site-packages/airflow/example_dags/example_time_delta_sensor_async.py
[2025-02-20T00:59:02.914+0000] {processor.py:914} INFO - Processing file /home/ubuntu/redfin_venv/lib/python3.12/site-packages/airflow/example_dags/example_time_delta_sensor_async.py for tasks to queue
[2025-02-20T00:59:02.918+0000] {logging_mixin.py:190} INFO - [2025-02-20T00:59:02.917+0000] {dagbag.py:588} INFO - Filling up the DagBag from /home/ubuntu/redfin_venv/lib/python3.12/site-packages/airflow/example_dags/example_time_delta_sensor_async.py
[2025-02-20T00:59:02.933+0000] {processor.py:925} INFO - DAG(s) 'example_time_delta_sensor_async' retrieved from /home/ubuntu/redfin_venv/lib/python3.12/site-packages/airflow/example_dags/example_time_delta_sensor_async.py
[2025-02-20T00:59:02.961+0000] {logging_mixin.py:190} INFO - [2025-02-20T00:59:02.960+0000] {dag.py:3239} INFO - Sync 1 DAGs
[2025-02-20T00:59:02.978+0000] {logging_mixin.py:190} INFO - [2025-02-20T00:59:02.977+0000] {dag.py:4180} INFO - Setting next_dagrun for example_time_delta_sensor_async to None, run_after=None
[2025-02-20T00:59:03.004+0000] {processor.py:208} INFO - Processing /home/ubuntu/redfin_venv/lib/python3.12/site-packages/airflow/example_dags/example_time_delta_sensor_async.py took 0.101 seconds
[2025-02-20T00:59:54.299+0000] {processor.py:186} INFO - Started process (PID=4811) to work on /home/ubuntu/redfin_venv/lib/python3.12/site-packages/airflow/example_dags/example_time_delta_sensor_async.py
[2025-02-20T00:59:54.301+0000] {processor.py:914} INFO - Processing file /home/ubuntu/redfin_venv/lib/python3.12/site-packages/airflow/example_dags/example_time_delta_sensor_async.py for tasks to queue
[2025-02-20T00:59:54.304+0000] {logging_mixin.py:190} INFO - [2025-02-20T00:59:54.304+0000] {dagbag.py:588} INFO - Filling up the DagBag from /home/ubuntu/redfin_venv/lib/python3.12/site-packages/airflow/example_dags/example_time_delta_sensor_async.py
[2025-02-20T00:59:54.317+0000] {processor.py:925} INFO - DAG(s) 'example_time_delta_sensor_async' retrieved from /home/ubuntu/redfin_venv/lib/python3.12/site-packages/airflow/example_dags/example_time_delta_sensor_async.py
[2025-02-20T00:59:54.339+0000] {logging_mixin.py:190} INFO - [2025-02-20T00:59:54.339+0000] {dag.py:3239} INFO - Sync 1 DAGs
[2025-02-20T00:59:54.367+0000] {logging_mixin.py:190} INFO - [2025-02-20T00:59:54.367+0000] {dag.py:4180} INFO - Setting next_dagrun for example_time_delta_sensor_async to None, run_after=None
[2025-02-20T00:59:54.420+0000] {processor.py:208} INFO - Processing /home/ubuntu/redfin_venv/lib/python3.12/site-packages/airflow/example_dags/example_time_delta_sensor_async.py took 0.134 seconds
[2025-02-20T01:00:47.559+0000] {processor.py:186} INFO - Started process (PID=5363) to work on /home/ubuntu/redfin_venv/lib/python3.12/site-packages/airflow/example_dags/example_time_delta_sensor_async.py
[2025-02-20T01:00:47.561+0000] {processor.py:914} INFO - Processing file /home/ubuntu/redfin_venv/lib/python3.12/site-packages/airflow/example_dags/example_time_delta_sensor_async.py for tasks to queue
[2025-02-20T01:00:47.563+0000] {logging_mixin.py:190} INFO - [2025-02-20T01:00:47.562+0000] {dagbag.py:588} INFO - Filling up the DagBag from /home/ubuntu/redfin_venv/lib/python3.12/site-packages/airflow/example_dags/example_time_delta_sensor_async.py
[2025-02-20T01:00:47.570+0000] {processor.py:925} INFO - DAG(s) 'example_time_delta_sensor_async' retrieved from /home/ubuntu/redfin_venv/lib/python3.12/site-packages/airflow/example_dags/example_time_delta_sensor_async.py
[2025-02-20T01:00:47.588+0000] {logging_mixin.py:190} INFO - [2025-02-20T01:00:47.587+0000] {dag.py:3239} INFO - Sync 1 DAGs
[2025-02-20T01:00:47.604+0000] {logging_mixin.py:190} INFO - [2025-02-20T01:00:47.604+0000] {dag.py:4180} INFO - Setting next_dagrun for example_time_delta_sensor_async to None, run_after=None
[2025-02-20T01:00:47.627+0000] {processor.py:208} INFO - Processing /home/ubuntu/redfin_venv/lib/python3.12/site-packages/airflow/example_dags/example_time_delta_sensor_async.py took 0.074 seconds
