[2025-02-20T00:53:23.916+0000] {processor.py:186} INFO - Started process (PID=3739) to work on /home/ubuntu/redfin_venv/lib/python3.12/site-packages/airflow/example_dags/example_bash_decorator.py
[2025-02-20T00:53:23.916+0000] {processor.py:914} INFO - Processing file /home/ubuntu/redfin_venv/lib/python3.12/site-packages/airflow/example_dags/example_bash_decorator.py for tasks to queue
[2025-02-20T00:53:23.919+0000] {logging_mixin.py:190} INFO - [2025-02-20T00:53:23.918+0000] {dagbag.py:588} INFO - Filling up the DagBag from /home/ubuntu/redfin_venv/lib/python3.12/site-packages/airflow/example_dags/example_bash_decorator.py
[2025-02-20T00:53:23.935+0000] {processor.py:925} INFO - DAG(s) 'example_bash_decorator' retrieved from /home/ubuntu/redfin_venv/lib/python3.12/site-packages/airflow/example_dags/example_bash_decorator.py
[2025-02-20T00:53:24.087+0000] {logging_mixin.py:190} INFO - [2025-02-20T00:53:24.086+0000] {override.py:1930} INFO - Created Permission View: can edit on DAG:example_bash_decorator
[2025-02-20T00:53:24.106+0000] {logging_mixin.py:190} INFO - [2025-02-20T00:53:24.106+0000] {override.py:1930} INFO - Created Permission View: can delete on DAG:example_bash_decorator
[2025-02-20T00:53:24.117+0000] {logging_mixin.py:190} INFO - [2025-02-20T00:53:24.116+0000] {override.py:1930} INFO - Created Permission View: can read on DAG:example_bash_decorator
[2025-02-20T00:53:24.133+0000] {logging_mixin.py:190} INFO - [2025-02-20T00:53:24.133+0000] {override.py:1930} INFO - Created Permission View: menu access on DAG Run:example_bash_decorator
[2025-02-20T00:53:24.145+0000] {logging_mixin.py:190} INFO - [2025-02-20T00:53:24.145+0000] {override.py:1930} INFO - Created Permission View: can create on DAG Run:example_bash_decorator
[2025-02-20T00:53:24.161+0000] {logging_mixin.py:190} INFO - [2025-02-20T00:53:24.160+0000] {override.py:1930} INFO - Created Permission View: can delete on DAG Run:example_bash_decorator
[2025-02-20T00:53:24.172+0000] {logging_mixin.py:190} INFO - [2025-02-20T00:53:24.172+0000] {override.py:1930} INFO - Created Permission View: can read on DAG Run:example_bash_decorator
[2025-02-20T00:53:24.172+0000] {logging_mixin.py:190} INFO - [2025-02-20T00:53:24.172+0000] {dag.py:3239} INFO - Sync 1 DAGs
[2025-02-20T00:53:24.187+0000] {logging_mixin.py:190} INFO - [2025-02-20T00:53:24.186+0000] {dag.py:3262} INFO - Creating ORM DAG for example_bash_decorator
[2025-02-20T00:53:24.187+0000] {logging_mixin.py:190} INFO - [2025-02-20T00:53:24.187+0000] {dag.py:4180} INFO - Setting next_dagrun for example_bash_decorator to None, run_after=None
[2025-02-20T00:53:24.209+0000] {processor.py:208} INFO - Processing /home/ubuntu/redfin_venv/lib/python3.12/site-packages/airflow/example_dags/example_bash_decorator.py took 0.299 seconds
[2025-02-20T00:54:24.883+0000] {processor.py:186} INFO - Started process (PID=4010) to work on /home/ubuntu/redfin_venv/lib/python3.12/site-packages/airflow/example_dags/example_bash_decorator.py
[2025-02-20T00:54:24.885+0000] {processor.py:914} INFO - Processing file /home/ubuntu/redfin_venv/lib/python3.12/site-packages/airflow/example_dags/example_bash_decorator.py for tasks to queue
[2025-02-20T00:54:24.887+0000] {logging_mixin.py:190} INFO - [2025-02-20T00:54:24.887+0000] {dagbag.py:588} INFO - Filling up the DagBag from /home/ubuntu/redfin_venv/lib/python3.12/site-packages/airflow/example_dags/example_bash_decorator.py
[2025-02-20T00:54:24.907+0000] {processor.py:925} INFO - DAG(s) 'example_bash_decorator' retrieved from /home/ubuntu/redfin_venv/lib/python3.12/site-packages/airflow/example_dags/example_bash_decorator.py
[2025-02-20T00:54:24.929+0000] {logging_mixin.py:190} INFO - [2025-02-20T00:54:24.929+0000] {dag.py:3239} INFO - Sync 1 DAGs
[2025-02-20T00:54:24.943+0000] {logging_mixin.py:190} INFO - [2025-02-20T00:54:24.942+0000] {dag.py:4180} INFO - Setting next_dagrun for example_bash_decorator to None, run_after=None
[2025-02-20T00:54:24.967+0000] {processor.py:208} INFO - Processing /home/ubuntu/redfin_venv/lib/python3.12/site-packages/airflow/example_dags/example_bash_decorator.py took 0.090 seconds
[2025-02-20T00:55:42.492+0000] {processor.py:186} INFO - Started process (PID=4248) to work on /home/ubuntu/redfin_venv/lib/python3.12/site-packages/airflow/example_dags/example_bash_decorator.py
[2025-02-20T00:55:42.494+0000] {processor.py:914} INFO - Processing file /home/ubuntu/redfin_venv/lib/python3.12/site-packages/airflow/example_dags/example_bash_decorator.py for tasks to queue
[2025-02-20T00:55:42.496+0000] {logging_mixin.py:190} INFO - [2025-02-20T00:55:42.495+0000] {dagbag.py:588} INFO - Filling up the DagBag from /home/ubuntu/redfin_venv/lib/python3.12/site-packages/airflow/example_dags/example_bash_decorator.py
[2025-02-20T00:55:42.511+0000] {processor.py:925} INFO - DAG(s) 'example_bash_decorator' retrieved from /home/ubuntu/redfin_venv/lib/python3.12/site-packages/airflow/example_dags/example_bash_decorator.py
[2025-02-20T00:55:42.531+0000] {logging_mixin.py:190} INFO - [2025-02-20T00:55:42.531+0000] {dag.py:3239} INFO - Sync 1 DAGs
[2025-02-20T00:55:42.543+0000] {logging_mixin.py:190} INFO - [2025-02-20T00:55:42.543+0000] {dag.py:4180} INFO - Setting next_dagrun for example_bash_decorator to None, run_after=None
[2025-02-20T00:55:42.566+0000] {processor.py:208} INFO - Processing /home/ubuntu/redfin_venv/lib/python3.12/site-packages/airflow/example_dags/example_bash_decorator.py took 0.080 seconds
[2025-02-20T00:57:02.640+0000] {processor.py:186} INFO - Started process (PID=4395) to work on /home/ubuntu/redfin_venv/lib/python3.12/site-packages/airflow/example_dags/example_bash_decorator.py
[2025-02-20T00:57:02.641+0000] {processor.py:914} INFO - Processing file /home/ubuntu/redfin_venv/lib/python3.12/site-packages/airflow/example_dags/example_bash_decorator.py for tasks to queue
[2025-02-20T00:57:02.644+0000] {logging_mixin.py:190} INFO - [2025-02-20T00:57:02.644+0000] {dagbag.py:588} INFO - Filling up the DagBag from /home/ubuntu/redfin_venv/lib/python3.12/site-packages/airflow/example_dags/example_bash_decorator.py
[2025-02-20T00:57:02.663+0000] {processor.py:925} INFO - DAG(s) 'example_bash_decorator' retrieved from /home/ubuntu/redfin_venv/lib/python3.12/site-packages/airflow/example_dags/example_bash_decorator.py
[2025-02-20T00:57:02.685+0000] {logging_mixin.py:190} INFO - [2025-02-20T00:57:02.685+0000] {dag.py:3239} INFO - Sync 1 DAGs
[2025-02-20T00:57:02.698+0000] {logging_mixin.py:190} INFO - [2025-02-20T00:57:02.697+0000] {dag.py:4180} INFO - Setting next_dagrun for example_bash_decorator to None, run_after=None
[2025-02-20T00:57:02.730+0000] {processor.py:208} INFO - Processing /home/ubuntu/redfin_venv/lib/python3.12/site-packages/airflow/example_dags/example_bash_decorator.py took 0.096 seconds
[2025-02-20T00:58:24.345+0000] {processor.py:186} INFO - Started process (PID=4657) to work on /home/ubuntu/redfin_venv/lib/python3.12/site-packages/airflow/example_dags/example_bash_decorator.py
[2025-02-20T00:58:24.347+0000] {processor.py:914} INFO - Processing file /home/ubuntu/redfin_venv/lib/python3.12/site-packages/airflow/example_dags/example_bash_decorator.py for tasks to queue
[2025-02-20T00:58:24.350+0000] {logging_mixin.py:190} INFO - [2025-02-20T00:58:24.349+0000] {dagbag.py:588} INFO - Filling up the DagBag from /home/ubuntu/redfin_venv/lib/python3.12/site-packages/airflow/example_dags/example_bash_decorator.py
[2025-02-20T00:58:24.366+0000] {processor.py:925} INFO - DAG(s) 'example_bash_decorator' retrieved from /home/ubuntu/redfin_venv/lib/python3.12/site-packages/airflow/example_dags/example_bash_decorator.py
[2025-02-20T00:58:24.388+0000] {logging_mixin.py:190} INFO - [2025-02-20T00:58:24.388+0000] {dag.py:3239} INFO - Sync 1 DAGs
[2025-02-20T00:58:24.400+0000] {logging_mixin.py:190} INFO - [2025-02-20T00:58:24.400+0000] {dag.py:4180} INFO - Setting next_dagrun for example_bash_decorator to None, run_after=None
[2025-02-20T00:58:24.422+0000] {processor.py:208} INFO - Processing /home/ubuntu/redfin_venv/lib/python3.12/site-packages/airflow/example_dags/example_bash_decorator.py took 0.083 seconds
[2025-02-20T00:59:43.075+0000] {processor.py:186} INFO - Started process (PID=4799) to work on /home/ubuntu/redfin_venv/lib/python3.12/site-packages/airflow/example_dags/example_bash_decorator.py
[2025-02-20T00:59:43.076+0000] {processor.py:914} INFO - Processing file /home/ubuntu/redfin_venv/lib/python3.12/site-packages/airflow/example_dags/example_bash_decorator.py for tasks to queue
[2025-02-20T00:59:43.078+0000] {logging_mixin.py:190} INFO - [2025-02-20T00:59:43.078+0000] {dagbag.py:588} INFO - Filling up the DagBag from /home/ubuntu/redfin_venv/lib/python3.12/site-packages/airflow/example_dags/example_bash_decorator.py
[2025-02-20T00:59:43.094+0000] {processor.py:925} INFO - DAG(s) 'example_bash_decorator' retrieved from /home/ubuntu/redfin_venv/lib/python3.12/site-packages/airflow/example_dags/example_bash_decorator.py
[2025-02-20T00:59:43.118+0000] {logging_mixin.py:190} INFO - [2025-02-20T00:59:43.118+0000] {dag.py:3239} INFO - Sync 1 DAGs
[2025-02-20T00:59:43.130+0000] {logging_mixin.py:190} INFO - [2025-02-20T00:59:43.130+0000] {dag.py:4180} INFO - Setting next_dagrun for example_bash_decorator to None, run_after=None
[2025-02-20T00:59:43.149+0000] {processor.py:208} INFO - Processing /home/ubuntu/redfin_venv/lib/python3.12/site-packages/airflow/example_dags/example_bash_decorator.py took 0.079 seconds
[2025-02-20T01:01:04.808+0000] {processor.py:186} INFO - Started process (PID=5447) to work on /home/ubuntu/redfin_venv/lib/python3.12/site-packages/airflow/example_dags/example_bash_decorator.py
[2025-02-20T01:01:04.811+0000] {processor.py:914} INFO - Processing file /home/ubuntu/redfin_venv/lib/python3.12/site-packages/airflow/example_dags/example_bash_decorator.py for tasks to queue
[2025-02-20T01:01:04.814+0000] {logging_mixin.py:190} INFO - [2025-02-20T01:01:04.814+0000] {dagbag.py:588} INFO - Filling up the DagBag from /home/ubuntu/redfin_venv/lib/python3.12/site-packages/airflow/example_dags/example_bash_decorator.py
[2025-02-20T01:01:04.844+0000] {processor.py:925} INFO - DAG(s) 'example_bash_decorator' retrieved from /home/ubuntu/redfin_venv/lib/python3.12/site-packages/airflow/example_dags/example_bash_decorator.py
[2025-02-20T01:01:04.884+0000] {logging_mixin.py:190} INFO - [2025-02-20T01:01:04.884+0000] {dag.py:3239} INFO - Sync 1 DAGs
[2025-02-20T01:01:04.913+0000] {logging_mixin.py:190} INFO - [2025-02-20T01:01:04.913+0000] {dag.py:4180} INFO - Setting next_dagrun for example_bash_decorator to None, run_after=None
[2025-02-20T01:01:04.939+0000] {processor.py:208} INFO - Processing /home/ubuntu/redfin_venv/lib/python3.12/site-packages/airflow/example_dags/example_bash_decorator.py took 0.141 seconds
