[2025-02-20T00:52:38.824+0000] {processor.py:186} INFO - Started process (PID=3581) to work on /home/ubuntu/redfin_venv/lib/python3.12/site-packages/airflow/example_dags/example_subdag_operator.py
[2025-02-20T00:52:38.825+0000] {processor.py:914} INFO - Processing file /home/ubuntu/redfin_venv/lib/python3.12/site-packages/airflow/example_dags/example_subdag_operator.py for tasks to queue
[2025-02-20T00:52:38.828+0000] {logging_mixin.py:190} INFO - [2025-02-20T00:52:38.827+0000] {dagbag.py:588} INFO - Filling up the DagBag from /home/ubuntu/redfin_venv/lib/python3.12/site-packages/airflow/example_dags/example_subdag_operator.py
[2025-02-20T00:52:38.853+0000] {processor.py:925} INFO - DAG(s) 'example_subdag_operator.section-1', 'example_subdag_operator.section-2', 'example_subdag_operator' retrieved from /home/ubuntu/redfin_venv/lib/python3.12/site-packages/airflow/example_dags/example_subdag_operator.py
[2025-02-20T00:52:38.957+0000] {logging_mixin.py:190} INFO - [2025-02-20T00:52:38.956+0000] {override.py:1930} INFO - Created Permission View: can edit on DAG:example_subdag_operator
[2025-02-20T00:52:38.973+0000] {logging_mixin.py:190} INFO - [2025-02-20T00:52:38.973+0000] {override.py:1930} INFO - Created Permission View: can delete on DAG:example_subdag_operator
[2025-02-20T00:52:38.983+0000] {logging_mixin.py:190} INFO - [2025-02-20T00:52:38.982+0000] {override.py:1930} INFO - Created Permission View: can read on DAG:example_subdag_operator
[2025-02-20T00:52:38.999+0000] {logging_mixin.py:190} INFO - [2025-02-20T00:52:38.999+0000] {override.py:1930} INFO - Created Permission View: menu access on DAG Run:example_subdag_operator
[2025-02-20T00:52:39.009+0000] {logging_mixin.py:190} INFO - [2025-02-20T00:52:39.009+0000] {override.py:1930} INFO - Created Permission View: can create on DAG Run:example_subdag_operator
[2025-02-20T00:52:39.019+0000] {logging_mixin.py:190} INFO - [2025-02-20T00:52:39.019+0000] {override.py:1930} INFO - Created Permission View: can delete on DAG Run:example_subdag_operator
[2025-02-20T00:52:39.029+0000] {logging_mixin.py:190} INFO - [2025-02-20T00:52:39.029+0000] {override.py:1930} INFO - Created Permission View: can read on DAG Run:example_subdag_operator
[2025-02-20T00:52:39.030+0000] {logging_mixin.py:190} INFO - [2025-02-20T00:52:39.030+0000] {dag.py:3239} INFO - Sync 3 DAGs
[2025-02-20T00:52:39.042+0000] {logging_mixin.py:190} INFO - [2025-02-20T00:52:39.042+0000] {dag.py:3262} INFO - Creating ORM DAG for example_subdag_operator.section-1
[2025-02-20T00:52:39.043+0000] {logging_mixin.py:190} INFO - [2025-02-20T00:52:39.043+0000] {dag.py:3262} INFO - Creating ORM DAG for example_subdag_operator.section-2
[2025-02-20T00:52:39.043+0000] {logging_mixin.py:190} INFO - [2025-02-20T00:52:39.043+0000] {dag.py:3262} INFO - Creating ORM DAG for example_subdag_operator
[2025-02-20T00:52:39.051+0000] {logging_mixin.py:190} INFO - [2025-02-20T00:52:39.051+0000] {dag.py:4180} INFO - Setting next_dagrun for example_subdag_operator to 2022-01-01 00:00:00+00:00, run_after=2022-01-01 00:00:00+00:00
[2025-02-20T00:52:39.052+0000] {logging_mixin.py:190} INFO - [2025-02-20T00:52:39.052+0000] {dag.py:4180} INFO - Setting next_dagrun for example_subdag_operator.section-1 to None, run_after=None
[2025-02-20T00:52:39.052+0000] {logging_mixin.py:190} INFO - [2025-02-20T00:52:39.052+0000] {dag.py:4180} INFO - Setting next_dagrun for example_subdag_operator.section-2 to None, run_after=None
[2025-02-20T00:52:39.058+0000] {logging_mixin.py:190} INFO - [2025-02-20T00:52:39.057+0000] {dag.py:3239} INFO - Sync 2 DAGs
[2025-02-20T00:52:39.062+0000] {logging_mixin.py:190} INFO - [2025-02-20T00:52:39.061+0000] {dag.py:4180} INFO - Setting next_dagrun for example_subdag_operator.section-1 to None, run_after=None
[2025-02-20T00:52:39.064+0000] {logging_mixin.py:190} INFO - [2025-02-20T00:52:39.063+0000] {dag.py:4180} INFO - Setting next_dagrun for example_subdag_operator.section-2 to None, run_after=None
[2025-02-20T00:52:39.082+0000] {processor.py:208} INFO - Processing /home/ubuntu/redfin_venv/lib/python3.12/site-packages/airflow/example_dags/example_subdag_operator.py took 0.263 seconds
[2025-02-20T00:53:43.614+0000] {processor.py:186} INFO - Started process (PID=3879) to work on /home/ubuntu/redfin_venv/lib/python3.12/site-packages/airflow/example_dags/example_subdag_operator.py
[2025-02-20T00:53:43.660+0000] {processor.py:914} INFO - Processing file /home/ubuntu/redfin_venv/lib/python3.12/site-packages/airflow/example_dags/example_subdag_operator.py for tasks to queue
[2025-02-20T00:53:43.662+0000] {logging_mixin.py:190} INFO - [2025-02-20T00:53:43.661+0000] {dagbag.py:588} INFO - Filling up the DagBag from /home/ubuntu/redfin_venv/lib/python3.12/site-packages/airflow/example_dags/example_subdag_operator.py
[2025-02-20T00:53:43.711+0000] {processor.py:925} INFO - DAG(s) 'example_subdag_operator.section-1', 'example_subdag_operator.section-2', 'example_subdag_operator' retrieved from /home/ubuntu/redfin_venv/lib/python3.12/site-packages/airflow/example_dags/example_subdag_operator.py
[2025-02-20T00:53:43.743+0000] {logging_mixin.py:190} INFO - [2025-02-20T00:53:43.743+0000] {dag.py:3239} INFO - Sync 3 DAGs
[2025-02-20T00:53:43.772+0000] {logging_mixin.py:190} INFO - [2025-02-20T00:53:43.772+0000] {dag.py:4180} INFO - Setting next_dagrun for example_subdag_operator to 2022-01-01 00:00:00+00:00, run_after=2022-01-01 00:00:00+00:00
[2025-02-20T00:53:43.775+0000] {logging_mixin.py:190} INFO - [2025-02-20T00:53:43.775+0000] {dag.py:4180} INFO - Setting next_dagrun for example_subdag_operator.section-1 to None, run_after=None
[2025-02-20T00:53:43.776+0000] {logging_mixin.py:190} INFO - [2025-02-20T00:53:43.776+0000] {dag.py:4180} INFO - Setting next_dagrun for example_subdag_operator.section-2 to None, run_after=None
[2025-02-20T00:53:43.782+0000] {logging_mixin.py:190} INFO - [2025-02-20T00:53:43.782+0000] {dag.py:3239} INFO - Sync 2 DAGs
[2025-02-20T00:53:43.785+0000] {logging_mixin.py:190} INFO - [2025-02-20T00:53:43.785+0000] {dag.py:4180} INFO - Setting next_dagrun for example_subdag_operator.section-1 to None, run_after=None
[2025-02-20T00:53:43.786+0000] {logging_mixin.py:190} INFO - [2025-02-20T00:53:43.786+0000] {dag.py:4180} INFO - Setting next_dagrun for example_subdag_operator.section-2 to None, run_after=None
[2025-02-20T00:53:43.803+0000] {processor.py:208} INFO - Processing /home/ubuntu/redfin_venv/lib/python3.12/site-packages/airflow/example_dags/example_subdag_operator.py took 0.204 seconds
[2025-02-20T00:54:39.878+0000] {processor.py:186} INFO - Started process (PID=4121) to work on /home/ubuntu/redfin_venv/lib/python3.12/site-packages/airflow/example_dags/example_subdag_operator.py
[2025-02-20T00:54:39.886+0000] {processor.py:914} INFO - Processing file /home/ubuntu/redfin_venv/lib/python3.12/site-packages/airflow/example_dags/example_subdag_operator.py for tasks to queue
[2025-02-20T00:54:39.888+0000] {logging_mixin.py:190} INFO - [2025-02-20T00:54:39.887+0000] {dagbag.py:588} INFO - Filling up the DagBag from /home/ubuntu/redfin_venv/lib/python3.12/site-packages/airflow/example_dags/example_subdag_operator.py
[2025-02-20T00:54:39.912+0000] {processor.py:925} INFO - DAG(s) 'example_subdag_operator.section-1', 'example_subdag_operator.section-2', 'example_subdag_operator' retrieved from /home/ubuntu/redfin_venv/lib/python3.12/site-packages/airflow/example_dags/example_subdag_operator.py
[2025-02-20T00:54:39.927+0000] {logging_mixin.py:190} INFO - [2025-02-20T00:54:39.926+0000] {dag.py:3239} INFO - Sync 3 DAGs
[2025-02-20T00:54:39.946+0000] {logging_mixin.py:190} INFO - [2025-02-20T00:54:39.945+0000] {dag.py:4180} INFO - Setting next_dagrun for example_subdag_operator to 2022-01-01 00:00:00+00:00, run_after=2022-01-01 00:00:00+00:00
[2025-02-20T00:54:39.949+0000] {logging_mixin.py:190} INFO - [2025-02-20T00:54:39.949+0000] {dag.py:4180} INFO - Setting next_dagrun for example_subdag_operator.section-1 to None, run_after=None
[2025-02-20T00:54:39.950+0000] {logging_mixin.py:190} INFO - [2025-02-20T00:54:39.950+0000] {dag.py:4180} INFO - Setting next_dagrun for example_subdag_operator.section-2 to None, run_after=None
[2025-02-20T00:54:39.955+0000] {logging_mixin.py:190} INFO - [2025-02-20T00:54:39.955+0000] {dag.py:3239} INFO - Sync 2 DAGs
[2025-02-20T00:54:39.959+0000] {logging_mixin.py:190} INFO - [2025-02-20T00:54:39.958+0000] {dag.py:4180} INFO - Setting next_dagrun for example_subdag_operator.section-1 to None, run_after=None
[2025-02-20T00:54:39.959+0000] {logging_mixin.py:190} INFO - [2025-02-20T00:54:39.959+0000] {dag.py:4180} INFO - Setting next_dagrun for example_subdag_operator.section-2 to None, run_after=None
[2025-02-20T00:54:39.974+0000] {processor.py:208} INFO - Processing /home/ubuntu/redfin_venv/lib/python3.12/site-packages/airflow/example_dags/example_subdag_operator.py took 0.103 seconds
[2025-02-20T00:55:31.713+0000] {processor.py:186} INFO - Started process (PID=4237) to work on /home/ubuntu/redfin_venv/lib/python3.12/site-packages/airflow/example_dags/example_subdag_operator.py
[2025-02-20T00:55:31.714+0000] {processor.py:914} INFO - Processing file /home/ubuntu/redfin_venv/lib/python3.12/site-packages/airflow/example_dags/example_subdag_operator.py for tasks to queue
[2025-02-20T00:55:31.716+0000] {logging_mixin.py:190} INFO - [2025-02-20T00:55:31.716+0000] {dagbag.py:588} INFO - Filling up the DagBag from /home/ubuntu/redfin_venv/lib/python3.12/site-packages/airflow/example_dags/example_subdag_operator.py
[2025-02-20T00:55:31.746+0000] {processor.py:925} INFO - DAG(s) 'example_subdag_operator.section-1', 'example_subdag_operator.section-2', 'example_subdag_operator' retrieved from /home/ubuntu/redfin_venv/lib/python3.12/site-packages/airflow/example_dags/example_subdag_operator.py
[2025-02-20T00:55:31.766+0000] {logging_mixin.py:190} INFO - [2025-02-20T00:55:31.766+0000] {dag.py:3239} INFO - Sync 3 DAGs
[2025-02-20T00:55:31.791+0000] {logging_mixin.py:190} INFO - [2025-02-20T00:55:31.791+0000] {dag.py:4180} INFO - Setting next_dagrun for example_subdag_operator to 2022-01-01 00:00:00+00:00, run_after=2022-01-01 00:00:00+00:00
[2025-02-20T00:55:31.795+0000] {logging_mixin.py:190} INFO - [2025-02-20T00:55:31.795+0000] {dag.py:4180} INFO - Setting next_dagrun for example_subdag_operator.section-1 to None, run_after=None
[2025-02-20T00:55:31.796+0000] {logging_mixin.py:190} INFO - [2025-02-20T00:55:31.796+0000] {dag.py:4180} INFO - Setting next_dagrun for example_subdag_operator.section-2 to None, run_after=None
[2025-02-20T00:55:31.801+0000] {logging_mixin.py:190} INFO - [2025-02-20T00:55:31.801+0000] {dag.py:3239} INFO - Sync 2 DAGs
[2025-02-20T00:55:31.805+0000] {logging_mixin.py:190} INFO - [2025-02-20T00:55:31.804+0000] {dag.py:4180} INFO - Setting next_dagrun for example_subdag_operator.section-1 to None, run_after=None
[2025-02-20T00:55:31.805+0000] {logging_mixin.py:190} INFO - [2025-02-20T00:55:31.805+0000] {dag.py:4180} INFO - Setting next_dagrun for example_subdag_operator.section-2 to None, run_after=None
[2025-02-20T00:55:31.820+0000] {processor.py:208} INFO - Processing /home/ubuntu/redfin_venv/lib/python3.12/site-packages/airflow/example_dags/example_subdag_operator.py took 0.114 seconds
[2025-02-20T00:56:23.939+0000] {processor.py:186} INFO - Started process (PID=4350) to work on /home/ubuntu/redfin_venv/lib/python3.12/site-packages/airflow/example_dags/example_subdag_operator.py
[2025-02-20T00:56:23.940+0000] {processor.py:914} INFO - Processing file /home/ubuntu/redfin_venv/lib/python3.12/site-packages/airflow/example_dags/example_subdag_operator.py for tasks to queue
[2025-02-20T00:56:23.942+0000] {logging_mixin.py:190} INFO - [2025-02-20T00:56:23.942+0000] {dagbag.py:588} INFO - Filling up the DagBag from /home/ubuntu/redfin_venv/lib/python3.12/site-packages/airflow/example_dags/example_subdag_operator.py
[2025-02-20T00:56:23.970+0000] {processor.py:925} INFO - DAG(s) 'example_subdag_operator.section-1', 'example_subdag_operator.section-2', 'example_subdag_operator' retrieved from /home/ubuntu/redfin_venv/lib/python3.12/site-packages/airflow/example_dags/example_subdag_operator.py
[2025-02-20T00:56:23.986+0000] {logging_mixin.py:190} INFO - [2025-02-20T00:56:23.986+0000] {dag.py:3239} INFO - Sync 3 DAGs
[2025-02-20T00:56:24.009+0000] {logging_mixin.py:190} INFO - [2025-02-20T00:56:24.009+0000] {dag.py:4180} INFO - Setting next_dagrun for example_subdag_operator to 2022-01-01 00:00:00+00:00, run_after=2022-01-01 00:00:00+00:00
[2025-02-20T00:56:24.014+0000] {logging_mixin.py:190} INFO - [2025-02-20T00:56:24.014+0000] {dag.py:4180} INFO - Setting next_dagrun for example_subdag_operator.section-1 to None, run_after=None
[2025-02-20T00:56:24.015+0000] {logging_mixin.py:190} INFO - [2025-02-20T00:56:24.015+0000] {dag.py:4180} INFO - Setting next_dagrun for example_subdag_operator.section-2 to None, run_after=None
[2025-02-20T00:56:24.022+0000] {logging_mixin.py:190} INFO - [2025-02-20T00:56:24.021+0000] {dag.py:3239} INFO - Sync 2 DAGs
[2025-02-20T00:56:24.026+0000] {logging_mixin.py:190} INFO - [2025-02-20T00:56:24.026+0000] {dag.py:4180} INFO - Setting next_dagrun for example_subdag_operator.section-1 to None, run_after=None
[2025-02-20T00:56:24.026+0000] {logging_mixin.py:190} INFO - [2025-02-20T00:56:24.026+0000] {dag.py:4180} INFO - Setting next_dagrun for example_subdag_operator.section-2 to None, run_after=None
[2025-02-20T00:56:24.041+0000] {processor.py:208} INFO - Processing /home/ubuntu/redfin_venv/lib/python3.12/site-packages/airflow/example_dags/example_subdag_operator.py took 0.110 seconds
[2025-02-20T00:57:17.833+0000] {processor.py:186} INFO - Started process (PID=4410) to work on /home/ubuntu/redfin_venv/lib/python3.12/site-packages/airflow/example_dags/example_subdag_operator.py
[2025-02-20T00:57:17.835+0000] {processor.py:914} INFO - Processing file /home/ubuntu/redfin_venv/lib/python3.12/site-packages/airflow/example_dags/example_subdag_operator.py for tasks to queue
[2025-02-20T00:57:17.837+0000] {logging_mixin.py:190} INFO - [2025-02-20T00:57:17.836+0000] {dagbag.py:588} INFO - Filling up the DagBag from /home/ubuntu/redfin_venv/lib/python3.12/site-packages/airflow/example_dags/example_subdag_operator.py
[2025-02-20T00:57:17.860+0000] {processor.py:925} INFO - DAG(s) 'example_subdag_operator.section-1', 'example_subdag_operator.section-2', 'example_subdag_operator' retrieved from /home/ubuntu/redfin_venv/lib/python3.12/site-packages/airflow/example_dags/example_subdag_operator.py
[2025-02-20T00:57:17.876+0000] {logging_mixin.py:190} INFO - [2025-02-20T00:57:17.876+0000] {dag.py:3239} INFO - Sync 3 DAGs
[2025-02-20T00:57:17.894+0000] {logging_mixin.py:190} INFO - [2025-02-20T00:57:17.894+0000] {dag.py:4180} INFO - Setting next_dagrun for example_subdag_operator to 2022-01-01 00:00:00+00:00, run_after=2022-01-01 00:00:00+00:00
[2025-02-20T00:57:17.898+0000] {logging_mixin.py:190} INFO - [2025-02-20T00:57:17.898+0000] {dag.py:4180} INFO - Setting next_dagrun for example_subdag_operator.section-1 to None, run_after=None
[2025-02-20T00:57:17.899+0000] {logging_mixin.py:190} INFO - [2025-02-20T00:57:17.899+0000] {dag.py:4180} INFO - Setting next_dagrun for example_subdag_operator.section-2 to None, run_after=None
[2025-02-20T00:57:17.904+0000] {logging_mixin.py:190} INFO - [2025-02-20T00:57:17.904+0000] {dag.py:3239} INFO - Sync 2 DAGs
[2025-02-20T00:57:17.923+0000] {logging_mixin.py:190} INFO - [2025-02-20T00:57:17.923+0000] {dag.py:4180} INFO - Setting next_dagrun for example_subdag_operator.section-1 to None, run_after=None
[2025-02-20T00:57:17.924+0000] {logging_mixin.py:190} INFO - [2025-02-20T00:57:17.924+0000] {dag.py:4180} INFO - Setting next_dagrun for example_subdag_operator.section-2 to None, run_after=None
[2025-02-20T00:57:17.939+0000] {processor.py:208} INFO - Processing /home/ubuntu/redfin_venv/lib/python3.12/site-packages/airflow/example_dags/example_subdag_operator.py took 0.113 seconds
[2025-02-20T00:58:12.816+0000] {processor.py:186} INFO - Started process (PID=4585) to work on /home/ubuntu/redfin_venv/lib/python3.12/site-packages/airflow/example_dags/example_subdag_operator.py
[2025-02-20T00:58:12.817+0000] {processor.py:914} INFO - Processing file /home/ubuntu/redfin_venv/lib/python3.12/site-packages/airflow/example_dags/example_subdag_operator.py for tasks to queue
[2025-02-20T00:58:12.819+0000] {logging_mixin.py:190} INFO - [2025-02-20T00:58:12.819+0000] {dagbag.py:588} INFO - Filling up the DagBag from /home/ubuntu/redfin_venv/lib/python3.12/site-packages/airflow/example_dags/example_subdag_operator.py
[2025-02-20T00:58:12.852+0000] {processor.py:925} INFO - DAG(s) 'example_subdag_operator.section-1', 'example_subdag_operator.section-2', 'example_subdag_operator' retrieved from /home/ubuntu/redfin_venv/lib/python3.12/site-packages/airflow/example_dags/example_subdag_operator.py
[2025-02-20T00:58:12.872+0000] {logging_mixin.py:190} INFO - [2025-02-20T00:58:12.872+0000] {dag.py:3239} INFO - Sync 3 DAGs
[2025-02-20T00:58:12.894+0000] {logging_mixin.py:190} INFO - [2025-02-20T00:58:12.894+0000] {dag.py:4180} INFO - Setting next_dagrun for example_subdag_operator to 2022-01-01 00:00:00+00:00, run_after=2022-01-01 00:00:00+00:00
[2025-02-20T00:58:12.898+0000] {logging_mixin.py:190} INFO - [2025-02-20T00:58:12.897+0000] {dag.py:4180} INFO - Setting next_dagrun for example_subdag_operator.section-1 to None, run_after=None
[2025-02-20T00:58:12.899+0000] {logging_mixin.py:190} INFO - [2025-02-20T00:58:12.898+0000] {dag.py:4180} INFO - Setting next_dagrun for example_subdag_operator.section-2 to None, run_after=None
[2025-02-20T00:58:12.904+0000] {logging_mixin.py:190} INFO - [2025-02-20T00:58:12.904+0000] {dag.py:3239} INFO - Sync 2 DAGs
[2025-02-20T00:58:12.909+0000] {logging_mixin.py:190} INFO - [2025-02-20T00:58:12.908+0000] {dag.py:4180} INFO - Setting next_dagrun for example_subdag_operator.section-1 to None, run_after=None
[2025-02-20T00:58:12.909+0000] {logging_mixin.py:190} INFO - [2025-02-20T00:58:12.909+0000] {dag.py:4180} INFO - Setting next_dagrun for example_subdag_operator.section-2 to None, run_after=None
[2025-02-20T00:58:12.921+0000] {processor.py:208} INFO - Processing /home/ubuntu/redfin_venv/lib/python3.12/site-packages/airflow/example_dags/example_subdag_operator.py took 0.111 seconds
[2025-02-20T00:59:05.669+0000] {processor.py:186} INFO - Started process (PID=4699) to work on /home/ubuntu/redfin_venv/lib/python3.12/site-packages/airflow/example_dags/example_subdag_operator.py
[2025-02-20T00:59:05.707+0000] {processor.py:914} INFO - Processing file /home/ubuntu/redfin_venv/lib/python3.12/site-packages/airflow/example_dags/example_subdag_operator.py for tasks to queue
[2025-02-20T00:59:05.710+0000] {logging_mixin.py:190} INFO - [2025-02-20T00:59:05.710+0000] {dagbag.py:588} INFO - Filling up the DagBag from /home/ubuntu/redfin_venv/lib/python3.12/site-packages/airflow/example_dags/example_subdag_operator.py
[2025-02-20T00:59:05.745+0000] {processor.py:925} INFO - DAG(s) 'example_subdag_operator.section-1', 'example_subdag_operator.section-2', 'example_subdag_operator' retrieved from /home/ubuntu/redfin_venv/lib/python3.12/site-packages/airflow/example_dags/example_subdag_operator.py
[2025-02-20T00:59:05.764+0000] {logging_mixin.py:190} INFO - [2025-02-20T00:59:05.763+0000] {dag.py:3239} INFO - Sync 3 DAGs
[2025-02-20T00:59:05.787+0000] {logging_mixin.py:190} INFO - [2025-02-20T00:59:05.786+0000] {dag.py:4180} INFO - Setting next_dagrun for example_subdag_operator to 2022-01-01 00:00:00+00:00, run_after=2022-01-01 00:00:00+00:00
[2025-02-20T00:59:05.790+0000] {logging_mixin.py:190} INFO - [2025-02-20T00:59:05.790+0000] {dag.py:4180} INFO - Setting next_dagrun for example_subdag_operator.section-1 to None, run_after=None
[2025-02-20T00:59:05.791+0000] {logging_mixin.py:190} INFO - [2025-02-20T00:59:05.791+0000] {dag.py:4180} INFO - Setting next_dagrun for example_subdag_operator.section-2 to None, run_after=None
[2025-02-20T00:59:05.798+0000] {logging_mixin.py:190} INFO - [2025-02-20T00:59:05.798+0000] {dag.py:3239} INFO - Sync 2 DAGs
[2025-02-20T00:59:05.802+0000] {logging_mixin.py:190} INFO - [2025-02-20T00:59:05.801+0000] {dag.py:4180} INFO - Setting next_dagrun for example_subdag_operator.section-1 to None, run_after=None
[2025-02-20T00:59:05.802+0000] {logging_mixin.py:190} INFO - [2025-02-20T00:59:05.802+0000] {dag.py:4180} INFO - Setting next_dagrun for example_subdag_operator.section-2 to None, run_after=None
[2025-02-20T00:59:05.821+0000] {processor.py:208} INFO - Processing /home/ubuntu/redfin_venv/lib/python3.12/site-packages/airflow/example_dags/example_subdag_operator.py took 0.159 seconds
[2025-02-20T00:59:57.402+0000] {processor.py:186} INFO - Started process (PID=4814) to work on /home/ubuntu/redfin_venv/lib/python3.12/site-packages/airflow/example_dags/example_subdag_operator.py
[2025-02-20T00:59:57.404+0000] {processor.py:914} INFO - Processing file /home/ubuntu/redfin_venv/lib/python3.12/site-packages/airflow/example_dags/example_subdag_operator.py for tasks to queue
[2025-02-20T00:59:57.406+0000] {logging_mixin.py:190} INFO - [2025-02-20T00:59:57.406+0000] {dagbag.py:588} INFO - Filling up the DagBag from /home/ubuntu/redfin_venv/lib/python3.12/site-packages/airflow/example_dags/example_subdag_operator.py
[2025-02-20T00:59:57.439+0000] {processor.py:925} INFO - DAG(s) 'example_subdag_operator.section-1', 'example_subdag_operator.section-2', 'example_subdag_operator' retrieved from /home/ubuntu/redfin_venv/lib/python3.12/site-packages/airflow/example_dags/example_subdag_operator.py
[2025-02-20T00:59:57.456+0000] {logging_mixin.py:190} INFO - [2025-02-20T00:59:57.455+0000] {dag.py:3239} INFO - Sync 3 DAGs
[2025-02-20T00:59:57.485+0000] {logging_mixin.py:190} INFO - [2025-02-20T00:59:57.484+0000] {dag.py:4180} INFO - Setting next_dagrun for example_subdag_operator to 2022-01-01 00:00:00+00:00, run_after=2022-01-01 00:00:00+00:00
[2025-02-20T00:59:57.489+0000] {logging_mixin.py:190} INFO - [2025-02-20T00:59:57.489+0000] {dag.py:4180} INFO - Setting next_dagrun for example_subdag_operator.section-1 to None, run_after=None
[2025-02-20T00:59:57.490+0000] {logging_mixin.py:190} INFO - [2025-02-20T00:59:57.490+0000] {dag.py:4180} INFO - Setting next_dagrun for example_subdag_operator.section-2 to None, run_after=None
[2025-02-20T00:59:57.495+0000] {logging_mixin.py:190} INFO - [2025-02-20T00:59:57.495+0000] {dag.py:3239} INFO - Sync 2 DAGs
[2025-02-20T00:59:57.499+0000] {logging_mixin.py:190} INFO - [2025-02-20T00:59:57.499+0000] {dag.py:4180} INFO - Setting next_dagrun for example_subdag_operator.section-1 to None, run_after=None
[2025-02-20T00:59:57.499+0000] {logging_mixin.py:190} INFO - [2025-02-20T00:59:57.499+0000] {dag.py:4180} INFO - Setting next_dagrun for example_subdag_operator.section-2 to None, run_after=None
[2025-02-20T00:59:57.515+0000] {processor.py:208} INFO - Processing /home/ubuntu/redfin_venv/lib/python3.12/site-packages/airflow/example_dags/example_subdag_operator.py took 0.122 seconds
[2025-02-20T01:00:49.497+0000] {processor.py:186} INFO - Started process (PID=5383) to work on /home/ubuntu/redfin_venv/lib/python3.12/site-packages/airflow/example_dags/example_subdag_operator.py
[2025-02-20T01:00:49.498+0000] {processor.py:914} INFO - Processing file /home/ubuntu/redfin_venv/lib/python3.12/site-packages/airflow/example_dags/example_subdag_operator.py for tasks to queue
[2025-02-20T01:00:49.500+0000] {logging_mixin.py:190} INFO - [2025-02-20T01:00:49.500+0000] {dagbag.py:588} INFO - Filling up the DagBag from /home/ubuntu/redfin_venv/lib/python3.12/site-packages/airflow/example_dags/example_subdag_operator.py
[2025-02-20T01:00:49.527+0000] {processor.py:925} INFO - DAG(s) 'example_subdag_operator.section-1', 'example_subdag_operator.section-2', 'example_subdag_operator' retrieved from /home/ubuntu/redfin_venv/lib/python3.12/site-packages/airflow/example_dags/example_subdag_operator.py
[2025-02-20T01:00:49.546+0000] {logging_mixin.py:190} INFO - [2025-02-20T01:00:49.545+0000] {dag.py:3239} INFO - Sync 3 DAGs
[2025-02-20T01:00:49.567+0000] {logging_mixin.py:190} INFO - [2025-02-20T01:00:49.567+0000] {dag.py:4180} INFO - Setting next_dagrun for example_subdag_operator to 2022-01-01 00:00:00+00:00, run_after=2022-01-01 00:00:00+00:00
[2025-02-20T01:00:49.570+0000] {logging_mixin.py:190} INFO - [2025-02-20T01:00:49.570+0000] {dag.py:4180} INFO - Setting next_dagrun for example_subdag_operator.section-1 to None, run_after=None
[2025-02-20T01:00:49.571+0000] {logging_mixin.py:190} INFO - [2025-02-20T01:00:49.571+0000] {dag.py:4180} INFO - Setting next_dagrun for example_subdag_operator.section-2 to None, run_after=None
[2025-02-20T01:00:49.578+0000] {logging_mixin.py:190} INFO - [2025-02-20T01:00:49.577+0000] {dag.py:3239} INFO - Sync 2 DAGs
[2025-02-20T01:00:49.582+0000] {logging_mixin.py:190} INFO - [2025-02-20T01:00:49.582+0000] {dag.py:4180} INFO - Setting next_dagrun for example_subdag_operator.section-1 to None, run_after=None
[2025-02-20T01:00:49.582+0000] {logging_mixin.py:190} INFO - [2025-02-20T01:00:49.582+0000] {dag.py:4180} INFO - Setting next_dagrun for example_subdag_operator.section-2 to None, run_after=None
[2025-02-20T01:00:49.598+0000] {processor.py:208} INFO - Processing /home/ubuntu/redfin_venv/lib/python3.12/site-packages/airflow/example_dags/example_subdag_operator.py took 0.108 seconds
