[2025-02-20T00:53:14.468+0000] {processor.py:186} INFO - Started process (PID=3670) to work on /home/ubuntu/redfin_venv/lib/python3.12/site-packages/airflow/example_dags/example_dataset_alias_with_no_taskflow.py
[2025-02-20T00:53:14.469+0000] {processor.py:914} INFO - Processing file /home/ubuntu/redfin_venv/lib/python3.12/site-packages/airflow/example_dags/example_dataset_alias_with_no_taskflow.py for tasks to queue
[2025-02-20T00:53:14.471+0000] {logging_mixin.py:190} INFO - [2025-02-20T00:53:14.470+0000] {dagbag.py:588} INFO - Filling up the DagBag from /home/ubuntu/redfin_venv/lib/python3.12/site-packages/airflow/example_dags/example_dataset_alias_with_no_taskflow.py
[2025-02-20T00:53:14.489+0000] {processor.py:925} INFO - DAG(s) 'dataset_alias_example_alias_producer_with_no_taskflow', 'dataset_s3_bucket_producer_with_no_taskflow', 'dataset_alias_example_alias_consumer_with_no_taskflow', 'dataset_s3_bucket_consumer_with_no_taskflow' retrieved from /home/ubuntu/redfin_venv/lib/python3.12/site-packages/airflow/example_dags/example_dataset_alias_with_no_taskflow.py
[2025-02-20T00:53:14.584+0000] {logging_mixin.py:190} INFO - [2025-02-20T00:53:14.584+0000] {override.py:1930} INFO - Created Permission View: can edit on DAG:dataset_alias_example_alias_producer_with_no_taskflow
[2025-02-20T00:53:14.597+0000] {logging_mixin.py:190} INFO - [2025-02-20T00:53:14.596+0000] {override.py:1930} INFO - Created Permission View: can delete on DAG:dataset_alias_example_alias_producer_with_no_taskflow
[2025-02-20T00:53:14.607+0000] {logging_mixin.py:190} INFO - [2025-02-20T00:53:14.606+0000] {override.py:1930} INFO - Created Permission View: can read on DAG:dataset_alias_example_alias_producer_with_no_taskflow
[2025-02-20T00:53:14.623+0000] {logging_mixin.py:190} INFO - [2025-02-20T00:53:14.622+0000] {override.py:1930} INFO - Created Permission View: menu access on DAG Run:dataset_alias_example_alias_producer_with_no_taskflow
[2025-02-20T00:53:14.633+0000] {logging_mixin.py:190} INFO - [2025-02-20T00:53:14.633+0000] {override.py:1930} INFO - Created Permission View: can create on DAG Run:dataset_alias_example_alias_producer_with_no_taskflow
[2025-02-20T00:53:14.643+0000] {logging_mixin.py:190} INFO - [2025-02-20T00:53:14.642+0000] {override.py:1930} INFO - Created Permission View: can delete on DAG Run:dataset_alias_example_alias_producer_with_no_taskflow
[2025-02-20T00:53:14.652+0000] {logging_mixin.py:190} INFO - [2025-02-20T00:53:14.652+0000] {override.py:1930} INFO - Created Permission View: can read on DAG Run:dataset_alias_example_alias_producer_with_no_taskflow
[2025-02-20T00:53:14.675+0000] {logging_mixin.py:190} INFO - [2025-02-20T00:53:14.674+0000] {override.py:1930} INFO - Created Permission View: can edit on DAG:dataset_s3_bucket_producer_with_no_taskflow
[2025-02-20T00:53:14.685+0000] {logging_mixin.py:190} INFO - [2025-02-20T00:53:14.684+0000] {override.py:1930} INFO - Created Permission View: can delete on DAG:dataset_s3_bucket_producer_with_no_taskflow
[2025-02-20T00:53:14.694+0000] {logging_mixin.py:190} INFO - [2025-02-20T00:53:14.694+0000] {override.py:1930} INFO - Created Permission View: can read on DAG:dataset_s3_bucket_producer_with_no_taskflow
[2025-02-20T00:53:14.710+0000] {logging_mixin.py:190} INFO - [2025-02-20T00:53:14.710+0000] {override.py:1930} INFO - Created Permission View: menu access on DAG Run:dataset_s3_bucket_producer_with_no_taskflow
[2025-02-20T00:53:14.720+0000] {logging_mixin.py:190} INFO - [2025-02-20T00:53:14.720+0000] {override.py:1930} INFO - Created Permission View: can create on DAG Run:dataset_s3_bucket_producer_with_no_taskflow
[2025-02-20T00:53:14.730+0000] {logging_mixin.py:190} INFO - [2025-02-20T00:53:14.729+0000] {override.py:1930} INFO - Created Permission View: can delete on DAG Run:dataset_s3_bucket_producer_with_no_taskflow
[2025-02-20T00:53:14.740+0000] {logging_mixin.py:190} INFO - [2025-02-20T00:53:14.739+0000] {override.py:1930} INFO - Created Permission View: can read on DAG Run:dataset_s3_bucket_producer_with_no_taskflow
[2025-02-20T00:53:14.762+0000] {logging_mixin.py:190} INFO - [2025-02-20T00:53:14.761+0000] {override.py:1930} INFO - Created Permission View: can edit on DAG:dataset_alias_example_alias_consumer_with_no_taskflow
[2025-02-20T00:53:14.772+0000] {logging_mixin.py:190} INFO - [2025-02-20T00:53:14.771+0000] {override.py:1930} INFO - Created Permission View: can delete on DAG:dataset_alias_example_alias_consumer_with_no_taskflow
[2025-02-20T00:53:14.782+0000] {logging_mixin.py:190} INFO - [2025-02-20T00:53:14.781+0000] {override.py:1930} INFO - Created Permission View: can read on DAG:dataset_alias_example_alias_consumer_with_no_taskflow
[2025-02-20T00:53:14.798+0000] {logging_mixin.py:190} INFO - [2025-02-20T00:53:14.798+0000] {override.py:1930} INFO - Created Permission View: menu access on DAG Run:dataset_alias_example_alias_consumer_with_no_taskflow
[2025-02-20T00:53:14.808+0000] {logging_mixin.py:190} INFO - [2025-02-20T00:53:14.808+0000] {override.py:1930} INFO - Created Permission View: can create on DAG Run:dataset_alias_example_alias_consumer_with_no_taskflow
[2025-02-20T00:53:14.818+0000] {logging_mixin.py:190} INFO - [2025-02-20T00:53:14.818+0000] {override.py:1930} INFO - Created Permission View: can delete on DAG Run:dataset_alias_example_alias_consumer_with_no_taskflow
[2025-02-20T00:53:14.828+0000] {logging_mixin.py:190} INFO - [2025-02-20T00:53:14.827+0000] {override.py:1930} INFO - Created Permission View: can read on DAG Run:dataset_alias_example_alias_consumer_with_no_taskflow
[2025-02-20T00:53:14.849+0000] {logging_mixin.py:190} INFO - [2025-02-20T00:53:14.849+0000] {override.py:1930} INFO - Created Permission View: can edit on DAG:dataset_s3_bucket_consumer_with_no_taskflow
[2025-02-20T00:53:14.859+0000] {logging_mixin.py:190} INFO - [2025-02-20T00:53:14.859+0000] {override.py:1930} INFO - Created Permission View: can delete on DAG:dataset_s3_bucket_consumer_with_no_taskflow
[2025-02-20T00:53:14.869+0000] {logging_mixin.py:190} INFO - [2025-02-20T00:53:14.868+0000] {override.py:1930} INFO - Created Permission View: can read on DAG:dataset_s3_bucket_consumer_with_no_taskflow
[2025-02-20T00:53:14.884+0000] {logging_mixin.py:190} INFO - [2025-02-20T00:53:14.883+0000] {override.py:1930} INFO - Created Permission View: menu access on DAG Run:dataset_s3_bucket_consumer_with_no_taskflow
[2025-02-20T00:53:14.893+0000] {logging_mixin.py:190} INFO - [2025-02-20T00:53:14.893+0000] {override.py:1930} INFO - Created Permission View: can create on DAG Run:dataset_s3_bucket_consumer_with_no_taskflow
[2025-02-20T00:53:14.903+0000] {logging_mixin.py:190} INFO - [2025-02-20T00:53:14.902+0000] {override.py:1930} INFO - Created Permission View: can delete on DAG Run:dataset_s3_bucket_consumer_with_no_taskflow
[2025-02-20T00:53:14.912+0000] {logging_mixin.py:190} INFO - [2025-02-20T00:53:14.912+0000] {override.py:1930} INFO - Created Permission View: can read on DAG Run:dataset_s3_bucket_consumer_with_no_taskflow
[2025-02-20T00:53:14.912+0000] {logging_mixin.py:190} INFO - [2025-02-20T00:53:14.912+0000] {dag.py:3239} INFO - Sync 4 DAGs
[2025-02-20T00:53:14.923+0000] {logging_mixin.py:190} INFO - [2025-02-20T00:53:14.923+0000] {dag.py:3262} INFO - Creating ORM DAG for dataset_s3_bucket_consumer_with_no_taskflow
[2025-02-20T00:53:14.923+0000] {logging_mixin.py:190} INFO - [2025-02-20T00:53:14.923+0000] {dag.py:3262} INFO - Creating ORM DAG for dataset_s3_bucket_producer_with_no_taskflow
[2025-02-20T00:53:14.924+0000] {logging_mixin.py:190} INFO - [2025-02-20T00:53:14.924+0000] {dag.py:3262} INFO - Creating ORM DAG for dataset_alias_example_alias_producer_with_no_taskflow
[2025-02-20T00:53:14.924+0000] {logging_mixin.py:190} INFO - [2025-02-20T00:53:14.924+0000] {dag.py:3262} INFO - Creating ORM DAG for dataset_alias_example_alias_consumer_with_no_taskflow
[2025-02-20T00:53:14.932+0000] {logging_mixin.py:190} INFO - [2025-02-20T00:53:14.931+0000] {dag.py:4180} INFO - Setting next_dagrun for dataset_alias_example_alias_consumer_with_no_taskflow to None, run_after=None
[2025-02-20T00:53:14.932+0000] {logging_mixin.py:190} INFO - [2025-02-20T00:53:14.932+0000] {dag.py:4180} INFO - Setting next_dagrun for dataset_alias_example_alias_producer_with_no_taskflow to None, run_after=None
[2025-02-20T00:53:14.933+0000] {logging_mixin.py:190} INFO - [2025-02-20T00:53:14.933+0000] {dag.py:4180} INFO - Setting next_dagrun for dataset_s3_bucket_consumer_with_no_taskflow to None, run_after=None
[2025-02-20T00:53:14.933+0000] {logging_mixin.py:190} INFO - [2025-02-20T00:53:14.933+0000] {dag.py:4180} INFO - Setting next_dagrun for dataset_s3_bucket_producer_with_no_taskflow to None, run_after=None
[2025-02-20T00:53:14.966+0000] {processor.py:208} INFO - Processing /home/ubuntu/redfin_venv/lib/python3.12/site-packages/airflow/example_dags/example_dataset_alias_with_no_taskflow.py took 0.504 seconds
[2025-02-20T00:54:15.709+0000] {processor.py:186} INFO - Started process (PID=3915) to work on /home/ubuntu/redfin_venv/lib/python3.12/site-packages/airflow/example_dags/example_dataset_alias_with_no_taskflow.py
[2025-02-20T00:54:15.712+0000] {processor.py:914} INFO - Processing file /home/ubuntu/redfin_venv/lib/python3.12/site-packages/airflow/example_dags/example_dataset_alias_with_no_taskflow.py for tasks to queue
[2025-02-20T00:54:15.714+0000] {logging_mixin.py:190} INFO - [2025-02-20T00:54:15.714+0000] {dagbag.py:588} INFO - Filling up the DagBag from /home/ubuntu/redfin_venv/lib/python3.12/site-packages/airflow/example_dags/example_dataset_alias_with_no_taskflow.py
[2025-02-20T00:54:15.741+0000] {processor.py:925} INFO - DAG(s) 'dataset_s3_bucket_consumer_with_no_taskflow', 'dataset_alias_example_alias_producer_with_no_taskflow', 'dataset_s3_bucket_producer_with_no_taskflow', 'dataset_alias_example_alias_consumer_with_no_taskflow' retrieved from /home/ubuntu/redfin_venv/lib/python3.12/site-packages/airflow/example_dags/example_dataset_alias_with_no_taskflow.py
[2025-02-20T00:54:15.760+0000] {logging_mixin.py:190} INFO - [2025-02-20T00:54:15.760+0000] {dag.py:3239} INFO - Sync 4 DAGs
[2025-02-20T00:54:15.781+0000] {logging_mixin.py:190} INFO - [2025-02-20T00:54:15.781+0000] {dag.py:4180} INFO - Setting next_dagrun for dataset_alias_example_alias_consumer_with_no_taskflow to None, run_after=None
[2025-02-20T00:54:15.784+0000] {logging_mixin.py:190} INFO - [2025-02-20T00:54:15.783+0000] {dag.py:4180} INFO - Setting next_dagrun for dataset_alias_example_alias_producer_with_no_taskflow to None, run_after=None
[2025-02-20T00:54:15.784+0000] {logging_mixin.py:190} INFO - [2025-02-20T00:54:15.784+0000] {dag.py:4180} INFO - Setting next_dagrun for dataset_s3_bucket_consumer_with_no_taskflow to None, run_after=None
[2025-02-20T00:54:15.785+0000] {logging_mixin.py:190} INFO - [2025-02-20T00:54:15.785+0000] {dag.py:4180} INFO - Setting next_dagrun for dataset_s3_bucket_producer_with_no_taskflow to None, run_after=None
[2025-02-20T00:54:15.807+0000] {processor.py:208} INFO - Processing /home/ubuntu/redfin_venv/lib/python3.12/site-packages/airflow/example_dags/example_dataset_alias_with_no_taskflow.py took 0.105 seconds
[2025-02-20T00:55:12.506+0000] {processor.py:186} INFO - Started process (PID=4157) to work on /home/ubuntu/redfin_venv/lib/python3.12/site-packages/airflow/example_dags/example_dataset_alias_with_no_taskflow.py
[2025-02-20T00:55:12.508+0000] {processor.py:914} INFO - Processing file /home/ubuntu/redfin_venv/lib/python3.12/site-packages/airflow/example_dags/example_dataset_alias_with_no_taskflow.py for tasks to queue
[2025-02-20T00:55:12.511+0000] {logging_mixin.py:190} INFO - [2025-02-20T00:55:12.510+0000] {dagbag.py:588} INFO - Filling up the DagBag from /home/ubuntu/redfin_venv/lib/python3.12/site-packages/airflow/example_dags/example_dataset_alias_with_no_taskflow.py
[2025-02-20T00:55:12.541+0000] {processor.py:925} INFO - DAG(s) 'dataset_s3_bucket_producer_with_no_taskflow', 'dataset_alias_example_alias_producer_with_no_taskflow', 'dataset_s3_bucket_consumer_with_no_taskflow', 'dataset_alias_example_alias_consumer_with_no_taskflow' retrieved from /home/ubuntu/redfin_venv/lib/python3.12/site-packages/airflow/example_dags/example_dataset_alias_with_no_taskflow.py
[2025-02-20T00:55:12.562+0000] {logging_mixin.py:190} INFO - [2025-02-20T00:55:12.561+0000] {dag.py:3239} INFO - Sync 4 DAGs
[2025-02-20T00:55:12.580+0000] {logging_mixin.py:190} INFO - [2025-02-20T00:55:12.580+0000] {dag.py:4180} INFO - Setting next_dagrun for dataset_alias_example_alias_consumer_with_no_taskflow to None, run_after=None
[2025-02-20T00:55:12.582+0000] {logging_mixin.py:190} INFO - [2025-02-20T00:55:12.582+0000] {dag.py:4180} INFO - Setting next_dagrun for dataset_alias_example_alias_producer_with_no_taskflow to None, run_after=None
[2025-02-20T00:55:12.583+0000] {logging_mixin.py:190} INFO - [2025-02-20T00:55:12.583+0000] {dag.py:4180} INFO - Setting next_dagrun for dataset_s3_bucket_consumer_with_no_taskflow to None, run_after=None
[2025-02-20T00:55:12.584+0000] {logging_mixin.py:190} INFO - [2025-02-20T00:55:12.584+0000] {dag.py:4180} INFO - Setting next_dagrun for dataset_s3_bucket_producer_with_no_taskflow to None, run_after=None
[2025-02-20T00:55:12.607+0000] {processor.py:208} INFO - Processing /home/ubuntu/redfin_venv/lib/python3.12/site-packages/airflow/example_dags/example_dataset_alias_with_no_taskflow.py took 0.107 seconds
[2025-02-20T00:56:08.548+0000] {processor.py:186} INFO - Started process (PID=4274) to work on /home/ubuntu/redfin_venv/lib/python3.12/site-packages/airflow/example_dags/example_dataset_alias_with_no_taskflow.py
[2025-02-20T00:56:08.551+0000] {processor.py:914} INFO - Processing file /home/ubuntu/redfin_venv/lib/python3.12/site-packages/airflow/example_dags/example_dataset_alias_with_no_taskflow.py for tasks to queue
[2025-02-20T00:56:08.554+0000] {logging_mixin.py:190} INFO - [2025-02-20T00:56:08.553+0000] {dagbag.py:588} INFO - Filling up the DagBag from /home/ubuntu/redfin_venv/lib/python3.12/site-packages/airflow/example_dags/example_dataset_alias_with_no_taskflow.py
[2025-02-20T00:56:08.580+0000] {processor.py:925} INFO - DAG(s) 'dataset_alias_example_alias_producer_with_no_taskflow', 'dataset_s3_bucket_consumer_with_no_taskflow', 'dataset_alias_example_alias_consumer_with_no_taskflow', 'dataset_s3_bucket_producer_with_no_taskflow' retrieved from /home/ubuntu/redfin_venv/lib/python3.12/site-packages/airflow/example_dags/example_dataset_alias_with_no_taskflow.py
[2025-02-20T00:56:08.600+0000] {logging_mixin.py:190} INFO - [2025-02-20T00:56:08.600+0000] {dag.py:3239} INFO - Sync 4 DAGs
[2025-02-20T00:56:08.621+0000] {logging_mixin.py:190} INFO - [2025-02-20T00:56:08.621+0000] {dag.py:4180} INFO - Setting next_dagrun for dataset_alias_example_alias_consumer_with_no_taskflow to None, run_after=None
[2025-02-20T00:56:08.625+0000] {logging_mixin.py:190} INFO - [2025-02-20T00:56:08.625+0000] {dag.py:4180} INFO - Setting next_dagrun for dataset_alias_example_alias_producer_with_no_taskflow to None, run_after=None
[2025-02-20T00:56:08.626+0000] {logging_mixin.py:190} INFO - [2025-02-20T00:56:08.626+0000] {dag.py:4180} INFO - Setting next_dagrun for dataset_s3_bucket_consumer_with_no_taskflow to None, run_after=None
[2025-02-20T00:56:08.627+0000] {logging_mixin.py:190} INFO - [2025-02-20T00:56:08.626+0000] {dag.py:4180} INFO - Setting next_dagrun for dataset_s3_bucket_producer_with_no_taskflow to None, run_after=None
[2025-02-20T00:56:08.657+0000] {processor.py:208} INFO - Processing /home/ubuntu/redfin_venv/lib/python3.12/site-packages/airflow/example_dags/example_dataset_alias_with_no_taskflow.py took 0.127 seconds
[2025-02-20T00:57:27.449+0000] {processor.py:186} INFO - Started process (PID=4540) to work on /home/ubuntu/redfin_venv/lib/python3.12/site-packages/airflow/example_dags/example_dataset_alias_with_no_taskflow.py
[2025-02-20T00:57:27.451+0000] {processor.py:914} INFO - Processing file /home/ubuntu/redfin_venv/lib/python3.12/site-packages/airflow/example_dags/example_dataset_alias_with_no_taskflow.py for tasks to queue
[2025-02-20T00:57:27.453+0000] {logging_mixin.py:190} INFO - [2025-02-20T00:57:27.453+0000] {dagbag.py:588} INFO - Filling up the DagBag from /home/ubuntu/redfin_venv/lib/python3.12/site-packages/airflow/example_dags/example_dataset_alias_with_no_taskflow.py
[2025-02-20T00:57:27.491+0000] {processor.py:925} INFO - DAG(s) 'dataset_alias_example_alias_producer_with_no_taskflow', 'dataset_s3_bucket_consumer_with_no_taskflow', 'dataset_alias_example_alias_consumer_with_no_taskflow', 'dataset_s3_bucket_producer_with_no_taskflow' retrieved from /home/ubuntu/redfin_venv/lib/python3.12/site-packages/airflow/example_dags/example_dataset_alias_with_no_taskflow.py
[2025-02-20T00:57:27.526+0000] {logging_mixin.py:190} INFO - [2025-02-20T00:57:27.525+0000] {dag.py:3239} INFO - Sync 4 DAGs
[2025-02-20T00:57:27.556+0000] {logging_mixin.py:190} INFO - [2025-02-20T00:57:27.555+0000] {dag.py:4180} INFO - Setting next_dagrun for dataset_alias_example_alias_consumer_with_no_taskflow to None, run_after=None
[2025-02-20T00:57:27.558+0000] {logging_mixin.py:190} INFO - [2025-02-20T00:57:27.558+0000] {dag.py:4180} INFO - Setting next_dagrun for dataset_alias_example_alias_producer_with_no_taskflow to None, run_after=None
[2025-02-20T00:57:27.559+0000] {logging_mixin.py:190} INFO - [2025-02-20T00:57:27.559+0000] {dag.py:4180} INFO - Setting next_dagrun for dataset_s3_bucket_consumer_with_no_taskflow to None, run_after=None
[2025-02-20T00:57:27.560+0000] {logging_mixin.py:190} INFO - [2025-02-20T00:57:27.560+0000] {dag.py:4180} INFO - Setting next_dagrun for dataset_s3_bucket_producer_with_no_taskflow to None, run_after=None
[2025-02-20T00:57:27.609+0000] {processor.py:208} INFO - Processing /home/ubuntu/redfin_venv/lib/python3.12/site-packages/airflow/example_dags/example_dataset_alias_with_no_taskflow.py took 0.167 seconds
[2025-02-20T00:58:21.975+0000] {processor.py:186} INFO - Started process (PID=4655) to work on /home/ubuntu/redfin_venv/lib/python3.12/site-packages/airflow/example_dags/example_dataset_alias_with_no_taskflow.py
[2025-02-20T00:58:21.977+0000] {processor.py:914} INFO - Processing file /home/ubuntu/redfin_venv/lib/python3.12/site-packages/airflow/example_dags/example_dataset_alias_with_no_taskflow.py for tasks to queue
[2025-02-20T00:58:21.978+0000] {logging_mixin.py:190} INFO - [2025-02-20T00:58:21.978+0000] {dagbag.py:588} INFO - Filling up the DagBag from /home/ubuntu/redfin_venv/lib/python3.12/site-packages/airflow/example_dags/example_dataset_alias_with_no_taskflow.py
[2025-02-20T00:58:22.003+0000] {processor.py:925} INFO - DAG(s) 'dataset_s3_bucket_producer_with_no_taskflow', 'dataset_alias_example_alias_producer_with_no_taskflow', 'dataset_s3_bucket_consumer_with_no_taskflow', 'dataset_alias_example_alias_consumer_with_no_taskflow' retrieved from /home/ubuntu/redfin_venv/lib/python3.12/site-packages/airflow/example_dags/example_dataset_alias_with_no_taskflow.py
[2025-02-20T00:58:22.023+0000] {logging_mixin.py:190} INFO - [2025-02-20T00:58:22.023+0000] {dag.py:3239} INFO - Sync 4 DAGs
[2025-02-20T00:58:22.044+0000] {logging_mixin.py:190} INFO - [2025-02-20T00:58:22.044+0000] {dag.py:4180} INFO - Setting next_dagrun for dataset_alias_example_alias_consumer_with_no_taskflow to None, run_after=None
[2025-02-20T00:58:22.047+0000] {logging_mixin.py:190} INFO - [2025-02-20T00:58:22.046+0000] {dag.py:4180} INFO - Setting next_dagrun for dataset_alias_example_alias_producer_with_no_taskflow to None, run_after=None
[2025-02-20T00:58:22.048+0000] {logging_mixin.py:190} INFO - [2025-02-20T00:58:22.048+0000] {dag.py:4180} INFO - Setting next_dagrun for dataset_s3_bucket_consumer_with_no_taskflow to None, run_after=None
[2025-02-20T00:58:22.049+0000] {logging_mixin.py:190} INFO - [2025-02-20T00:58:22.049+0000] {dag.py:4180} INFO - Setting next_dagrun for dataset_s3_bucket_producer_with_no_taskflow to None, run_after=None
[2025-02-20T00:58:22.084+0000] {processor.py:208} INFO - Processing /home/ubuntu/redfin_venv/lib/python3.12/site-packages/airflow/example_dags/example_dataset_alias_with_no_taskflow.py took 0.115 seconds
[2025-02-20T00:59:40.373+0000] {processor.py:186} INFO - Started process (PID=4796) to work on /home/ubuntu/redfin_venv/lib/python3.12/site-packages/airflow/example_dags/example_dataset_alias_with_no_taskflow.py
[2025-02-20T00:59:40.374+0000] {processor.py:914} INFO - Processing file /home/ubuntu/redfin_venv/lib/python3.12/site-packages/airflow/example_dags/example_dataset_alias_with_no_taskflow.py for tasks to queue
[2025-02-20T00:59:40.377+0000] {logging_mixin.py:190} INFO - [2025-02-20T00:59:40.377+0000] {dagbag.py:588} INFO - Filling up the DagBag from /home/ubuntu/redfin_venv/lib/python3.12/site-packages/airflow/example_dags/example_dataset_alias_with_no_taskflow.py
[2025-02-20T00:59:40.410+0000] {processor.py:925} INFO - DAG(s) 'dataset_s3_bucket_consumer_with_no_taskflow', 'dataset_alias_example_alias_producer_with_no_taskflow', 'dataset_s3_bucket_producer_with_no_taskflow', 'dataset_alias_example_alias_consumer_with_no_taskflow' retrieved from /home/ubuntu/redfin_venv/lib/python3.12/site-packages/airflow/example_dags/example_dataset_alias_with_no_taskflow.py
[2025-02-20T00:59:40.433+0000] {logging_mixin.py:190} INFO - [2025-02-20T00:59:40.433+0000] {dag.py:3239} INFO - Sync 4 DAGs
[2025-02-20T00:59:40.463+0000] {logging_mixin.py:190} INFO - [2025-02-20T00:59:40.462+0000] {dag.py:4180} INFO - Setting next_dagrun for dataset_alias_example_alias_consumer_with_no_taskflow to None, run_after=None
[2025-02-20T00:59:40.467+0000] {logging_mixin.py:190} INFO - [2025-02-20T00:59:40.466+0000] {dag.py:4180} INFO - Setting next_dagrun for dataset_alias_example_alias_producer_with_no_taskflow to None, run_after=None
[2025-02-20T00:59:40.468+0000] {logging_mixin.py:190} INFO - [2025-02-20T00:59:40.468+0000] {dag.py:4180} INFO - Setting next_dagrun for dataset_s3_bucket_consumer_with_no_taskflow to None, run_after=None
[2025-02-20T00:59:40.469+0000] {logging_mixin.py:190} INFO - [2025-02-20T00:59:40.469+0000] {dag.py:4180} INFO - Setting next_dagrun for dataset_s3_bucket_producer_with_no_taskflow to None, run_after=None
[2025-02-20T00:59:40.526+0000] {processor.py:208} INFO - Processing /home/ubuntu/redfin_venv/lib/python3.12/site-packages/airflow/example_dags/example_dataset_alias_with_no_taskflow.py took 0.161 seconds
[2025-02-20T01:00:59.536+0000] {processor.py:186} INFO - Started process (PID=5429) to work on /home/ubuntu/redfin_venv/lib/python3.12/site-packages/airflow/example_dags/example_dataset_alias_with_no_taskflow.py
[2025-02-20T01:00:59.537+0000] {processor.py:914} INFO - Processing file /home/ubuntu/redfin_venv/lib/python3.12/site-packages/airflow/example_dags/example_dataset_alias_with_no_taskflow.py for tasks to queue
[2025-02-20T01:00:59.539+0000] {logging_mixin.py:190} INFO - [2025-02-20T01:00:59.539+0000] {dagbag.py:588} INFO - Filling up the DagBag from /home/ubuntu/redfin_venv/lib/python3.12/site-packages/airflow/example_dags/example_dataset_alias_with_no_taskflow.py
[2025-02-20T01:00:59.563+0000] {processor.py:925} INFO - DAG(s) 'dataset_alias_example_alias_producer_with_no_taskflow', 'dataset_s3_bucket_producer_with_no_taskflow', 'dataset_alias_example_alias_consumer_with_no_taskflow', 'dataset_s3_bucket_consumer_with_no_taskflow' retrieved from /home/ubuntu/redfin_venv/lib/python3.12/site-packages/airflow/example_dags/example_dataset_alias_with_no_taskflow.py
[2025-02-20T01:00:59.583+0000] {logging_mixin.py:190} INFO - [2025-02-20T01:00:59.582+0000] {dag.py:3239} INFO - Sync 4 DAGs
[2025-02-20T01:00:59.603+0000] {logging_mixin.py:190} INFO - [2025-02-20T01:00:59.603+0000] {dag.py:4180} INFO - Setting next_dagrun for dataset_alias_example_alias_consumer_with_no_taskflow to None, run_after=None
[2025-02-20T01:00:59.605+0000] {logging_mixin.py:190} INFO - [2025-02-20T01:00:59.605+0000] {dag.py:4180} INFO - Setting next_dagrun for dataset_alias_example_alias_producer_with_no_taskflow to None, run_after=None
[2025-02-20T01:00:59.606+0000] {logging_mixin.py:190} INFO - [2025-02-20T01:00:59.606+0000] {dag.py:4180} INFO - Setting next_dagrun for dataset_s3_bucket_consumer_with_no_taskflow to None, run_after=None
[2025-02-20T01:00:59.607+0000] {logging_mixin.py:190} INFO - [2025-02-20T01:00:59.607+0000] {dag.py:4180} INFO - Setting next_dagrun for dataset_s3_bucket_producer_with_no_taskflow to None, run_after=None
[2025-02-20T01:00:59.630+0000] {processor.py:208} INFO - Processing /home/ubuntu/redfin_venv/lib/python3.12/site-packages/airflow/example_dags/example_dataset_alias_with_no_taskflow.py took 0.100 seconds
