[2025-02-20T00:52:26.583+0000] {processor.py:186} INFO - Started process (PID=3449) to work on /home/ubuntu/redfin_venv/lib/python3.12/site-packages/airflow/example_dags/tutorial_objectstorage.py
[2025-02-20T00:52:26.584+0000] {processor.py:914} INFO - Processing file /home/ubuntu/redfin_venv/lib/python3.12/site-packages/airflow/example_dags/tutorial_objectstorage.py for tasks to queue
[2025-02-20T00:52:26.588+0000] {logging_mixin.py:190} INFO - [2025-02-20T00:52:26.587+0000] {dagbag.py:588} INFO - Filling up the DagBag from /home/ubuntu/redfin_venv/lib/python3.12/site-packages/airflow/example_dags/tutorial_objectstorage.py
[2025-02-20T00:52:26.600+0000] {processor.py:925} INFO - DAG(s) 'tutorial_objectstorage' retrieved from /home/ubuntu/redfin_venv/lib/python3.12/site-packages/airflow/example_dags/tutorial_objectstorage.py
[2025-02-20T00:52:26.729+0000] {logging_mixin.py:190} INFO - [2025-02-20T00:52:26.729+0000] {override.py:1930} INFO - Created Permission View: can edit on DAG:tutorial_objectstorage
[2025-02-20T00:52:26.740+0000] {logging_mixin.py:190} INFO - [2025-02-20T00:52:26.739+0000] {override.py:1930} INFO - Created Permission View: can delete on DAG:tutorial_objectstorage
[2025-02-20T00:52:26.748+0000] {logging_mixin.py:190} INFO - [2025-02-20T00:52:26.747+0000] {override.py:1930} INFO - Created Permission View: can read on DAG:tutorial_objectstorage
[2025-02-20T00:52:26.761+0000] {logging_mixin.py:190} INFO - [2025-02-20T00:52:26.760+0000] {override.py:1930} INFO - Created Permission View: menu access on DAG Run:tutorial_objectstorage
[2025-02-20T00:52:26.771+0000] {logging_mixin.py:190} INFO - [2025-02-20T00:52:26.770+0000] {override.py:1930} INFO - Created Permission View: can create on DAG Run:tutorial_objectstorage
[2025-02-20T00:52:26.780+0000] {logging_mixin.py:190} INFO - [2025-02-20T00:52:26.779+0000] {override.py:1930} INFO - Created Permission View: can delete on DAG Run:tutorial_objectstorage
[2025-02-20T00:52:26.791+0000] {logging_mixin.py:190} INFO - [2025-02-20T00:52:26.791+0000] {override.py:1930} INFO - Created Permission View: can read on DAG Run:tutorial_objectstorage
[2025-02-20T00:52:26.792+0000] {logging_mixin.py:190} INFO - [2025-02-20T00:52:26.791+0000] {dag.py:3239} INFO - Sync 1 DAGs
[2025-02-20T00:52:26.804+0000] {logging_mixin.py:190} INFO - [2025-02-20T00:52:26.804+0000] {dag.py:3262} INFO - Creating ORM DAG for tutorial_objectstorage
[2025-02-20T00:52:26.804+0000] {logging_mixin.py:190} INFO - [2025-02-20T00:52:26.804+0000] {dag.py:4180} INFO - Setting next_dagrun for tutorial_objectstorage to None, run_after=None
[2025-02-20T00:52:26.826+0000] {processor.py:208} INFO - Processing /home/ubuntu/redfin_venv/lib/python3.12/site-packages/airflow/example_dags/tutorial_objectstorage.py took 0.249 seconds
[2025-02-20T00:53:32.250+0000] {processor.py:186} INFO - Started process (PID=3773) to work on /home/ubuntu/redfin_venv/lib/python3.12/site-packages/airflow/example_dags/tutorial_objectstorage.py
[2025-02-20T00:53:32.303+0000] {processor.py:914} INFO - Processing file /home/ubuntu/redfin_venv/lib/python3.12/site-packages/airflow/example_dags/tutorial_objectstorage.py for tasks to queue
[2025-02-20T00:53:32.305+0000] {logging_mixin.py:190} INFO - [2025-02-20T00:53:32.305+0000] {dagbag.py:588} INFO - Filling up the DagBag from /home/ubuntu/redfin_venv/lib/python3.12/site-packages/airflow/example_dags/tutorial_objectstorage.py
[2025-02-20T00:53:32.316+0000] {processor.py:925} INFO - DAG(s) 'tutorial_objectstorage' retrieved from /home/ubuntu/redfin_venv/lib/python3.12/site-packages/airflow/example_dags/tutorial_objectstorage.py
[2025-02-20T00:53:32.343+0000] {logging_mixin.py:190} INFO - [2025-02-20T00:53:32.343+0000] {dag.py:3239} INFO - Sync 1 DAGs
[2025-02-20T00:53:32.365+0000] {logging_mixin.py:190} INFO - [2025-02-20T00:53:32.365+0000] {dag.py:4180} INFO - Setting next_dagrun for tutorial_objectstorage to None, run_after=None
[2025-02-20T00:53:32.396+0000] {processor.py:208} INFO - Processing /home/ubuntu/redfin_venv/lib/python3.12/site-packages/airflow/example_dags/tutorial_objectstorage.py took 0.152 seconds
[2025-02-20T00:54:29.472+0000] {processor.py:186} INFO - Started process (PID=4075) to work on /home/ubuntu/redfin_venv/lib/python3.12/site-packages/airflow/example_dags/tutorial_objectstorage.py
[2025-02-20T00:54:29.474+0000] {processor.py:914} INFO - Processing file /home/ubuntu/redfin_venv/lib/python3.12/site-packages/airflow/example_dags/tutorial_objectstorage.py for tasks to queue
[2025-02-20T00:54:29.477+0000] {logging_mixin.py:190} INFO - [2025-02-20T00:54:29.477+0000] {dagbag.py:588} INFO - Filling up the DagBag from /home/ubuntu/redfin_venv/lib/python3.12/site-packages/airflow/example_dags/tutorial_objectstorage.py
[2025-02-20T00:54:29.495+0000] {processor.py:925} INFO - DAG(s) 'tutorial_objectstorage' retrieved from /home/ubuntu/redfin_venv/lib/python3.12/site-packages/airflow/example_dags/tutorial_objectstorage.py
[2025-02-20T00:54:29.515+0000] {logging_mixin.py:190} INFO - [2025-02-20T00:54:29.514+0000] {dag.py:3239} INFO - Sync 1 DAGs
[2025-02-20T00:54:29.532+0000] {logging_mixin.py:190} INFO - [2025-02-20T00:54:29.532+0000] {dag.py:4180} INFO - Setting next_dagrun for tutorial_objectstorage to None, run_after=None
[2025-02-20T00:54:29.560+0000] {processor.py:208} INFO - Processing /home/ubuntu/redfin_venv/lib/python3.12/site-packages/airflow/example_dags/tutorial_objectstorage.py took 0.100 seconds
[2025-02-20T00:55:20.366+0000] {processor.py:186} INFO - Started process (PID=4226) to work on /home/ubuntu/redfin_venv/lib/python3.12/site-packages/airflow/example_dags/tutorial_objectstorage.py
[2025-02-20T00:55:20.368+0000] {processor.py:914} INFO - Processing file /home/ubuntu/redfin_venv/lib/python3.12/site-packages/airflow/example_dags/tutorial_objectstorage.py for tasks to queue
[2025-02-20T00:55:20.371+0000] {logging_mixin.py:190} INFO - [2025-02-20T00:55:20.370+0000] {dagbag.py:588} INFO - Filling up the DagBag from /home/ubuntu/redfin_venv/lib/python3.12/site-packages/airflow/example_dags/tutorial_objectstorage.py
[2025-02-20T00:55:20.383+0000] {processor.py:925} INFO - DAG(s) 'tutorial_objectstorage' retrieved from /home/ubuntu/redfin_venv/lib/python3.12/site-packages/airflow/example_dags/tutorial_objectstorage.py
[2025-02-20T00:55:20.401+0000] {logging_mixin.py:190} INFO - [2025-02-20T00:55:20.401+0000] {dag.py:3239} INFO - Sync 1 DAGs
[2025-02-20T00:55:20.413+0000] {logging_mixin.py:190} INFO - [2025-02-20T00:55:20.413+0000] {dag.py:4180} INFO - Setting next_dagrun for tutorial_objectstorage to None, run_after=None
[2025-02-20T00:55:20.439+0000] {processor.py:208} INFO - Processing /home/ubuntu/redfin_venv/lib/python3.12/site-packages/airflow/example_dags/tutorial_objectstorage.py took 0.090 seconds
[2025-02-20T00:56:13.785+0000] {processor.py:186} INFO - Started process (PID=4279) to work on /home/ubuntu/redfin_venv/lib/python3.12/site-packages/airflow/example_dags/tutorial_objectstorage.py
[2025-02-20T00:56:13.786+0000] {processor.py:914} INFO - Processing file /home/ubuntu/redfin_venv/lib/python3.12/site-packages/airflow/example_dags/tutorial_objectstorage.py for tasks to queue
[2025-02-20T00:56:13.788+0000] {logging_mixin.py:190} INFO - [2025-02-20T00:56:13.787+0000] {dagbag.py:588} INFO - Filling up the DagBag from /home/ubuntu/redfin_venv/lib/python3.12/site-packages/airflow/example_dags/tutorial_objectstorage.py
[2025-02-20T00:56:13.798+0000] {processor.py:925} INFO - DAG(s) 'tutorial_objectstorage' retrieved from /home/ubuntu/redfin_venv/lib/python3.12/site-packages/airflow/example_dags/tutorial_objectstorage.py
[2025-02-20T00:56:13.815+0000] {logging_mixin.py:190} INFO - [2025-02-20T00:56:13.814+0000] {dag.py:3239} INFO - Sync 1 DAGs
[2025-02-20T00:56:13.828+0000] {logging_mixin.py:190} INFO - [2025-02-20T00:56:13.828+0000] {dag.py:4180} INFO - Setting next_dagrun for tutorial_objectstorage to None, run_after=None
[2025-02-20T00:56:13.853+0000] {processor.py:208} INFO - Processing /home/ubuntu/redfin_venv/lib/python3.12/site-packages/airflow/example_dags/tutorial_objectstorage.py took 0.074 seconds
[2025-02-20T00:57:06.323+0000] {processor.py:186} INFO - Started process (PID=4399) to work on /home/ubuntu/redfin_venv/lib/python3.12/site-packages/airflow/example_dags/tutorial_objectstorage.py
[2025-02-20T00:57:06.324+0000] {processor.py:914} INFO - Processing file /home/ubuntu/redfin_venv/lib/python3.12/site-packages/airflow/example_dags/tutorial_objectstorage.py for tasks to queue
[2025-02-20T00:57:06.326+0000] {logging_mixin.py:190} INFO - [2025-02-20T00:57:06.326+0000] {dagbag.py:588} INFO - Filling up the DagBag from /home/ubuntu/redfin_venv/lib/python3.12/site-packages/airflow/example_dags/tutorial_objectstorage.py
[2025-02-20T00:57:06.338+0000] {processor.py:925} INFO - DAG(s) 'tutorial_objectstorage' retrieved from /home/ubuntu/redfin_venv/lib/python3.12/site-packages/airflow/example_dags/tutorial_objectstorage.py
[2025-02-20T00:57:06.356+0000] {logging_mixin.py:190} INFO - [2025-02-20T00:57:06.356+0000] {dag.py:3239} INFO - Sync 1 DAGs
[2025-02-20T00:57:06.369+0000] {logging_mixin.py:190} INFO - [2025-02-20T00:57:06.369+0000] {dag.py:4180} INFO - Setting next_dagrun for tutorial_objectstorage to None, run_after=None
[2025-02-20T00:57:06.395+0000] {processor.py:208} INFO - Processing /home/ubuntu/redfin_venv/lib/python3.12/site-packages/airflow/example_dags/tutorial_objectstorage.py took 0.079 seconds
[2025-02-20T00:58:01.937+0000] {processor.py:186} INFO - Started process (PID=4574) to work on /home/ubuntu/redfin_venv/lib/python3.12/site-packages/airflow/example_dags/tutorial_objectstorage.py
[2025-02-20T00:58:01.939+0000] {processor.py:914} INFO - Processing file /home/ubuntu/redfin_venv/lib/python3.12/site-packages/airflow/example_dags/tutorial_objectstorage.py for tasks to queue
[2025-02-20T00:58:01.941+0000] {logging_mixin.py:190} INFO - [2025-02-20T00:58:01.940+0000] {dagbag.py:588} INFO - Filling up the DagBag from /home/ubuntu/redfin_venv/lib/python3.12/site-packages/airflow/example_dags/tutorial_objectstorage.py
[2025-02-20T00:58:01.953+0000] {processor.py:925} INFO - DAG(s) 'tutorial_objectstorage' retrieved from /home/ubuntu/redfin_venv/lib/python3.12/site-packages/airflow/example_dags/tutorial_objectstorage.py
[2025-02-20T00:58:01.970+0000] {logging_mixin.py:190} INFO - [2025-02-20T00:58:01.969+0000] {dag.py:3239} INFO - Sync 1 DAGs
[2025-02-20T00:58:01.983+0000] {logging_mixin.py:190} INFO - [2025-02-20T00:58:01.983+0000] {dag.py:4180} INFO - Setting next_dagrun for tutorial_objectstorage to None, run_after=None
[2025-02-20T00:58:02.007+0000] {processor.py:208} INFO - Processing /home/ubuntu/redfin_venv/lib/python3.12/site-packages/airflow/example_dags/tutorial_objectstorage.py took 0.076 seconds
[2025-02-20T00:58:54.217+0000] {processor.py:186} INFO - Started process (PID=4688) to work on /home/ubuntu/redfin_venv/lib/python3.12/site-packages/airflow/example_dags/tutorial_objectstorage.py
[2025-02-20T00:58:54.218+0000] {processor.py:914} INFO - Processing file /home/ubuntu/redfin_venv/lib/python3.12/site-packages/airflow/example_dags/tutorial_objectstorage.py for tasks to queue
[2025-02-20T00:58:54.221+0000] {logging_mixin.py:190} INFO - [2025-02-20T00:58:54.220+0000] {dagbag.py:588} INFO - Filling up the DagBag from /home/ubuntu/redfin_venv/lib/python3.12/site-packages/airflow/example_dags/tutorial_objectstorage.py
[2025-02-20T00:58:54.231+0000] {processor.py:925} INFO - DAG(s) 'tutorial_objectstorage' retrieved from /home/ubuntu/redfin_venv/lib/python3.12/site-packages/airflow/example_dags/tutorial_objectstorage.py
[2025-02-20T00:58:54.247+0000] {logging_mixin.py:190} INFO - [2025-02-20T00:58:54.246+0000] {dag.py:3239} INFO - Sync 1 DAGs
[2025-02-20T00:58:54.263+0000] {logging_mixin.py:190} INFO - [2025-02-20T00:58:54.262+0000] {dag.py:4180} INFO - Setting next_dagrun for tutorial_objectstorage to None, run_after=None
[2025-02-20T00:58:54.284+0000] {processor.py:208} INFO - Processing /home/ubuntu/redfin_venv/lib/python3.12/site-packages/airflow/example_dags/tutorial_objectstorage.py took 0.073 seconds
[2025-02-20T00:59:47.087+0000] {processor.py:186} INFO - Started process (PID=4803) to work on /home/ubuntu/redfin_venv/lib/python3.12/site-packages/airflow/example_dags/tutorial_objectstorage.py
[2025-02-20T00:59:47.089+0000] {processor.py:914} INFO - Processing file /home/ubuntu/redfin_venv/lib/python3.12/site-packages/airflow/example_dags/tutorial_objectstorage.py for tasks to queue
[2025-02-20T00:59:47.091+0000] {logging_mixin.py:190} INFO - [2025-02-20T00:59:47.091+0000] {dagbag.py:588} INFO - Filling up the DagBag from /home/ubuntu/redfin_venv/lib/python3.12/site-packages/airflow/example_dags/tutorial_objectstorage.py
[2025-02-20T00:59:47.102+0000] {processor.py:925} INFO - DAG(s) 'tutorial_objectstorage' retrieved from /home/ubuntu/redfin_venv/lib/python3.12/site-packages/airflow/example_dags/tutorial_objectstorage.py
[2025-02-20T00:59:47.118+0000] {logging_mixin.py:190} INFO - [2025-02-20T00:59:47.118+0000] {dag.py:3239} INFO - Sync 1 DAGs
[2025-02-20T00:59:47.131+0000] {logging_mixin.py:190} INFO - [2025-02-20T00:59:47.130+0000] {dag.py:4180} INFO - Setting next_dagrun for tutorial_objectstorage to None, run_after=None
[2025-02-20T00:59:47.156+0000] {processor.py:208} INFO - Processing /home/ubuntu/redfin_venv/lib/python3.12/site-packages/airflow/example_dags/tutorial_objectstorage.py took 0.075 seconds
[2025-02-20T01:00:38.782+0000] {processor.py:186} INFO - Started process (PID=5355) to work on /home/ubuntu/redfin_venv/lib/python3.12/site-packages/airflow/example_dags/tutorial_objectstorage.py
[2025-02-20T01:00:38.825+0000] {processor.py:914} INFO - Processing file /home/ubuntu/redfin_venv/lib/python3.12/site-packages/airflow/example_dags/tutorial_objectstorage.py for tasks to queue
[2025-02-20T01:00:38.827+0000] {logging_mixin.py:190} INFO - [2025-02-20T01:00:38.827+0000] {dagbag.py:588} INFO - Filling up the DagBag from /home/ubuntu/redfin_venv/lib/python3.12/site-packages/airflow/example_dags/tutorial_objectstorage.py
[2025-02-20T01:00:38.838+0000] {processor.py:925} INFO - DAG(s) 'tutorial_objectstorage' retrieved from /home/ubuntu/redfin_venv/lib/python3.12/site-packages/airflow/example_dags/tutorial_objectstorage.py
[2025-02-20T01:00:38.855+0000] {logging_mixin.py:190} INFO - [2025-02-20T01:00:38.855+0000] {dag.py:3239} INFO - Sync 1 DAGs
[2025-02-20T01:00:38.868+0000] {logging_mixin.py:190} INFO - [2025-02-20T01:00:38.868+0000] {dag.py:4180} INFO - Setting next_dagrun for tutorial_objectstorage to None, run_after=None
[2025-02-20T01:00:38.895+0000] {processor.py:208} INFO - Processing /home/ubuntu/redfin_venv/lib/python3.12/site-packages/airflow/example_dags/tutorial_objectstorage.py took 0.119 seconds
