[2025-02-20T00:52:25.239+0000] {processor.py:186} INFO - Started process (PID=3448) to work on /home/ubuntu/redfin_venv/lib/python3.12/site-packages/airflow/example_dags/tutorial_taskflow_api.py
[2025-02-20T00:52:25.240+0000] {processor.py:914} INFO - Processing file /home/ubuntu/redfin_venv/lib/python3.12/site-packages/airflow/example_dags/tutorial_taskflow_api.py for tasks to queue
[2025-02-20T00:52:25.242+0000] {logging_mixin.py:190} INFO - [2025-02-20T00:52:25.242+0000] {dagbag.py:588} INFO - Filling up the DagBag from /home/ubuntu/redfin_venv/lib/python3.12/site-packages/airflow/example_dags/tutorial_taskflow_api.py
[2025-02-20T00:52:25.252+0000] {processor.py:925} INFO - DAG(s) 'tutorial_taskflow_api' retrieved from /home/ubuntu/redfin_venv/lib/python3.12/site-packages/airflow/example_dags/tutorial_taskflow_api.py
[2025-02-20T00:52:25.366+0000] {logging_mixin.py:190} INFO - [2025-02-20T00:52:25.365+0000] {override.py:1930} INFO - Created Permission View: can edit on DAG:tutorial_taskflow_api
[2025-02-20T00:52:25.379+0000] {logging_mixin.py:190} INFO - [2025-02-20T00:52:25.378+0000] {override.py:1930} INFO - Created Permission View: can delete on DAG:tutorial_taskflow_api
[2025-02-20T00:52:25.388+0000] {logging_mixin.py:190} INFO - [2025-02-20T00:52:25.388+0000] {override.py:1930} INFO - Created Permission View: can read on DAG:tutorial_taskflow_api
[2025-02-20T00:52:25.404+0000] {logging_mixin.py:190} INFO - [2025-02-20T00:52:25.404+0000] {override.py:1930} INFO - Created Permission View: menu access on DAG Run:tutorial_taskflow_api
[2025-02-20T00:52:25.415+0000] {logging_mixin.py:190} INFO - [2025-02-20T00:52:25.414+0000] {override.py:1930} INFO - Created Permission View: can create on DAG Run:tutorial_taskflow_api
[2025-02-20T00:52:25.424+0000] {logging_mixin.py:190} INFO - [2025-02-20T00:52:25.424+0000] {override.py:1930} INFO - Created Permission View: can delete on DAG Run:tutorial_taskflow_api
[2025-02-20T00:52:25.434+0000] {logging_mixin.py:190} INFO - [2025-02-20T00:52:25.433+0000] {override.py:1930} INFO - Created Permission View: can read on DAG Run:tutorial_taskflow_api
[2025-02-20T00:52:25.434+0000] {logging_mixin.py:190} INFO - [2025-02-20T00:52:25.434+0000] {dag.py:3239} INFO - Sync 1 DAGs
[2025-02-20T00:52:25.447+0000] {logging_mixin.py:190} INFO - [2025-02-20T00:52:25.447+0000] {dag.py:3262} INFO - Creating ORM DAG for tutorial_taskflow_api
[2025-02-20T00:52:25.447+0000] {logging_mixin.py:190} INFO - [2025-02-20T00:52:25.447+0000] {dag.py:4180} INFO - Setting next_dagrun for tutorial_taskflow_api to None, run_after=None
[2025-02-20T00:52:25.468+0000] {processor.py:208} INFO - Processing /home/ubuntu/redfin_venv/lib/python3.12/site-packages/airflow/example_dags/tutorial_taskflow_api.py took 0.234 seconds
[2025-02-20T00:53:31.103+0000] {processor.py:186} INFO - Started process (PID=3747) to work on /home/ubuntu/redfin_venv/lib/python3.12/site-packages/airflow/example_dags/tutorial_taskflow_api.py
[2025-02-20T00:53:31.105+0000] {processor.py:914} INFO - Processing file /home/ubuntu/redfin_venv/lib/python3.12/site-packages/airflow/example_dags/tutorial_taskflow_api.py for tasks to queue
[2025-02-20T00:53:31.107+0000] {logging_mixin.py:190} INFO - [2025-02-20T00:53:31.106+0000] {dagbag.py:588} INFO - Filling up the DagBag from /home/ubuntu/redfin_venv/lib/python3.12/site-packages/airflow/example_dags/tutorial_taskflow_api.py
[2025-02-20T00:53:31.117+0000] {processor.py:925} INFO - DAG(s) 'tutorial_taskflow_api' retrieved from /home/ubuntu/redfin_venv/lib/python3.12/site-packages/airflow/example_dags/tutorial_taskflow_api.py
[2025-02-20T00:53:31.133+0000] {logging_mixin.py:190} INFO - [2025-02-20T00:53:31.133+0000] {dag.py:3239} INFO - Sync 1 DAGs
[2025-02-20T00:53:31.147+0000] {logging_mixin.py:190} INFO - [2025-02-20T00:53:31.147+0000] {dag.py:4180} INFO - Setting next_dagrun for tutorial_taskflow_api to None, run_after=None
[2025-02-20T00:53:31.173+0000] {processor.py:208} INFO - Processing /home/ubuntu/redfin_venv/lib/python3.12/site-packages/airflow/example_dags/tutorial_taskflow_api.py took 0.075 seconds
[2025-02-20T00:54:28.318+0000] {processor.py:186} INFO - Started process (PID=4049) to work on /home/ubuntu/redfin_venv/lib/python3.12/site-packages/airflow/example_dags/tutorial_taskflow_api.py
[2025-02-20T00:54:28.319+0000] {processor.py:914} INFO - Processing file /home/ubuntu/redfin_venv/lib/python3.12/site-packages/airflow/example_dags/tutorial_taskflow_api.py for tasks to queue
[2025-02-20T00:54:28.322+0000] {logging_mixin.py:190} INFO - [2025-02-20T00:54:28.321+0000] {dagbag.py:588} INFO - Filling up the DagBag from /home/ubuntu/redfin_venv/lib/python3.12/site-packages/airflow/example_dags/tutorial_taskflow_api.py
[2025-02-20T00:54:28.330+0000] {processor.py:925} INFO - DAG(s) 'tutorial_taskflow_api' retrieved from /home/ubuntu/redfin_venv/lib/python3.12/site-packages/airflow/example_dags/tutorial_taskflow_api.py
[2025-02-20T00:54:28.346+0000] {logging_mixin.py:190} INFO - [2025-02-20T00:54:28.346+0000] {dag.py:3239} INFO - Sync 1 DAGs
[2025-02-20T00:54:28.359+0000] {logging_mixin.py:190} INFO - [2025-02-20T00:54:28.358+0000] {dag.py:4180} INFO - Setting next_dagrun for tutorial_taskflow_api to None, run_after=None
[2025-02-20T00:54:28.381+0000] {processor.py:208} INFO - Processing /home/ubuntu/redfin_venv/lib/python3.12/site-packages/airflow/example_dags/tutorial_taskflow_api.py took 0.069 seconds
[2025-02-20T00:55:19.212+0000] {processor.py:186} INFO - Started process (PID=4190) to work on /home/ubuntu/redfin_venv/lib/python3.12/site-packages/airflow/example_dags/tutorial_taskflow_api.py
[2025-02-20T00:55:19.214+0000] {processor.py:914} INFO - Processing file /home/ubuntu/redfin_venv/lib/python3.12/site-packages/airflow/example_dags/tutorial_taskflow_api.py for tasks to queue
[2025-02-20T00:55:19.216+0000] {logging_mixin.py:190} INFO - [2025-02-20T00:55:19.215+0000] {dagbag.py:588} INFO - Filling up the DagBag from /home/ubuntu/redfin_venv/lib/python3.12/site-packages/airflow/example_dags/tutorial_taskflow_api.py
[2025-02-20T00:55:19.226+0000] {processor.py:925} INFO - DAG(s) 'tutorial_taskflow_api' retrieved from /home/ubuntu/redfin_venv/lib/python3.12/site-packages/airflow/example_dags/tutorial_taskflow_api.py
[2025-02-20T00:55:19.243+0000] {logging_mixin.py:190} INFO - [2025-02-20T00:55:19.243+0000] {dag.py:3239} INFO - Sync 1 DAGs
[2025-02-20T00:55:19.256+0000] {logging_mixin.py:190} INFO - [2025-02-20T00:55:19.256+0000] {dag.py:4180} INFO - Setting next_dagrun for tutorial_taskflow_api to None, run_after=None
[2025-02-20T00:55:19.280+0000] {processor.py:208} INFO - Processing /home/ubuntu/redfin_venv/lib/python3.12/site-packages/airflow/example_dags/tutorial_taskflow_api.py took 0.074 seconds
[2025-02-20T00:56:13.322+0000] {processor.py:186} INFO - Started process (PID=4278) to work on /home/ubuntu/redfin_venv/lib/python3.12/site-packages/airflow/example_dags/tutorial_taskflow_api.py
[2025-02-20T00:56:13.323+0000] {processor.py:914} INFO - Processing file /home/ubuntu/redfin_venv/lib/python3.12/site-packages/airflow/example_dags/tutorial_taskflow_api.py for tasks to queue
[2025-02-20T00:56:13.326+0000] {logging_mixin.py:190} INFO - [2025-02-20T00:56:13.326+0000] {dagbag.py:588} INFO - Filling up the DagBag from /home/ubuntu/redfin_venv/lib/python3.12/site-packages/airflow/example_dags/tutorial_taskflow_api.py
[2025-02-20T00:56:13.339+0000] {processor.py:925} INFO - DAG(s) 'tutorial_taskflow_api' retrieved from /home/ubuntu/redfin_venv/lib/python3.12/site-packages/airflow/example_dags/tutorial_taskflow_api.py
[2025-02-20T00:56:13.356+0000] {logging_mixin.py:190} INFO - [2025-02-20T00:56:13.356+0000] {dag.py:3239} INFO - Sync 1 DAGs
[2025-02-20T00:56:13.370+0000] {logging_mixin.py:190} INFO - [2025-02-20T00:56:13.369+0000] {dag.py:4180} INFO - Setting next_dagrun for tutorial_taskflow_api to None, run_after=None
[2025-02-20T00:56:13.393+0000] {processor.py:208} INFO - Processing /home/ubuntu/redfin_venv/lib/python3.12/site-packages/airflow/example_dags/tutorial_taskflow_api.py took 0.077 seconds
[2025-02-20T00:57:05.488+0000] {processor.py:186} INFO - Started process (PID=4398) to work on /home/ubuntu/redfin_venv/lib/python3.12/site-packages/airflow/example_dags/tutorial_taskflow_api.py
[2025-02-20T00:57:05.490+0000] {processor.py:914} INFO - Processing file /home/ubuntu/redfin_venv/lib/python3.12/site-packages/airflow/example_dags/tutorial_taskflow_api.py for tasks to queue
[2025-02-20T00:57:05.492+0000] {logging_mixin.py:190} INFO - [2025-02-20T00:57:05.491+0000] {dagbag.py:588} INFO - Filling up the DagBag from /home/ubuntu/redfin_venv/lib/python3.12/site-packages/airflow/example_dags/tutorial_taskflow_api.py
[2025-02-20T00:57:05.501+0000] {processor.py:925} INFO - DAG(s) 'tutorial_taskflow_api' retrieved from /home/ubuntu/redfin_venv/lib/python3.12/site-packages/airflow/example_dags/tutorial_taskflow_api.py
[2025-02-20T00:57:05.517+0000] {logging_mixin.py:190} INFO - [2025-02-20T00:57:05.517+0000] {dag.py:3239} INFO - Sync 1 DAGs
[2025-02-20T00:57:05.529+0000] {logging_mixin.py:190} INFO - [2025-02-20T00:57:05.528+0000] {dag.py:4180} INFO - Setting next_dagrun for tutorial_taskflow_api to None, run_after=None
[2025-02-20T00:57:05.547+0000] {processor.py:208} INFO - Processing /home/ubuntu/redfin_venv/lib/python3.12/site-packages/airflow/example_dags/tutorial_taskflow_api.py took 0.064 seconds
[2025-02-20T00:58:00.798+0000] {processor.py:186} INFO - Started process (PID=4573) to work on /home/ubuntu/redfin_venv/lib/python3.12/site-packages/airflow/example_dags/tutorial_taskflow_api.py
[2025-02-20T00:58:00.799+0000] {processor.py:914} INFO - Processing file /home/ubuntu/redfin_venv/lib/python3.12/site-packages/airflow/example_dags/tutorial_taskflow_api.py for tasks to queue
[2025-02-20T00:58:00.801+0000] {logging_mixin.py:190} INFO - [2025-02-20T00:58:00.801+0000] {dagbag.py:588} INFO - Filling up the DagBag from /home/ubuntu/redfin_venv/lib/python3.12/site-packages/airflow/example_dags/tutorial_taskflow_api.py
[2025-02-20T00:58:00.812+0000] {processor.py:925} INFO - DAG(s) 'tutorial_taskflow_api' retrieved from /home/ubuntu/redfin_venv/lib/python3.12/site-packages/airflow/example_dags/tutorial_taskflow_api.py
[2025-02-20T00:58:00.830+0000] {logging_mixin.py:190} INFO - [2025-02-20T00:58:00.830+0000] {dag.py:3239} INFO - Sync 1 DAGs
[2025-02-20T00:58:00.843+0000] {logging_mixin.py:190} INFO - [2025-02-20T00:58:00.843+0000] {dag.py:4180} INFO - Setting next_dagrun for tutorial_taskflow_api to None, run_after=None
[2025-02-20T00:58:00.865+0000] {processor.py:208} INFO - Processing /home/ubuntu/redfin_venv/lib/python3.12/site-packages/airflow/example_dags/tutorial_taskflow_api.py took 0.073 seconds
[2025-02-20T00:58:53.584+0000] {processor.py:186} INFO - Started process (PID=4687) to work on /home/ubuntu/redfin_venv/lib/python3.12/site-packages/airflow/example_dags/tutorial_taskflow_api.py
[2025-02-20T00:58:53.589+0000] {processor.py:914} INFO - Processing file /home/ubuntu/redfin_venv/lib/python3.12/site-packages/airflow/example_dags/tutorial_taskflow_api.py for tasks to queue
[2025-02-20T00:58:53.595+0000] {logging_mixin.py:190} INFO - [2025-02-20T00:58:53.594+0000] {dagbag.py:588} INFO - Filling up the DagBag from /home/ubuntu/redfin_venv/lib/python3.12/site-packages/airflow/example_dags/tutorial_taskflow_api.py
[2025-02-20T00:58:53.604+0000] {processor.py:925} INFO - DAG(s) 'tutorial_taskflow_api' retrieved from /home/ubuntu/redfin_venv/lib/python3.12/site-packages/airflow/example_dags/tutorial_taskflow_api.py
[2025-02-20T00:58:53.621+0000] {logging_mixin.py:190} INFO - [2025-02-20T00:58:53.621+0000] {dag.py:3239} INFO - Sync 1 DAGs
[2025-02-20T00:58:53.634+0000] {logging_mixin.py:190} INFO - [2025-02-20T00:58:53.633+0000] {dag.py:4180} INFO - Setting next_dagrun for tutorial_taskflow_api to None, run_after=None
[2025-02-20T00:58:53.654+0000] {processor.py:208} INFO - Processing /home/ubuntu/redfin_venv/lib/python3.12/site-packages/airflow/example_dags/tutorial_taskflow_api.py took 0.077 seconds
[2025-02-20T00:59:45.943+0000] {processor.py:186} INFO - Started process (PID=4802) to work on /home/ubuntu/redfin_venv/lib/python3.12/site-packages/airflow/example_dags/tutorial_taskflow_api.py
[2025-02-20T00:59:45.945+0000] {processor.py:914} INFO - Processing file /home/ubuntu/redfin_venv/lib/python3.12/site-packages/airflow/example_dags/tutorial_taskflow_api.py for tasks to queue
[2025-02-20T00:59:45.948+0000] {logging_mixin.py:190} INFO - [2025-02-20T00:59:45.947+0000] {dagbag.py:588} INFO - Filling up the DagBag from /home/ubuntu/redfin_venv/lib/python3.12/site-packages/airflow/example_dags/tutorial_taskflow_api.py
[2025-02-20T00:59:45.960+0000] {processor.py:925} INFO - DAG(s) 'tutorial_taskflow_api' retrieved from /home/ubuntu/redfin_venv/lib/python3.12/site-packages/airflow/example_dags/tutorial_taskflow_api.py
[2025-02-20T00:59:45.976+0000] {logging_mixin.py:190} INFO - [2025-02-20T00:59:45.976+0000] {dag.py:3239} INFO - Sync 1 DAGs
[2025-02-20T00:59:45.988+0000] {logging_mixin.py:190} INFO - [2025-02-20T00:59:45.988+0000] {dag.py:4180} INFO - Setting next_dagrun for tutorial_taskflow_api to None, run_after=None
[2025-02-20T00:59:46.008+0000] {processor.py:208} INFO - Processing /home/ubuntu/redfin_venv/lib/python3.12/site-packages/airflow/example_dags/tutorial_taskflow_api.py took 0.076 seconds
[2025-02-20T01:00:38.209+0000] {processor.py:186} INFO - Started process (PID=5354) to work on /home/ubuntu/redfin_venv/lib/python3.12/site-packages/airflow/example_dags/tutorial_taskflow_api.py
[2025-02-20T01:00:38.211+0000] {processor.py:914} INFO - Processing file /home/ubuntu/redfin_venv/lib/python3.12/site-packages/airflow/example_dags/tutorial_taskflow_api.py for tasks to queue
[2025-02-20T01:00:38.213+0000] {logging_mixin.py:190} INFO - [2025-02-20T01:00:38.212+0000] {dagbag.py:588} INFO - Filling up the DagBag from /home/ubuntu/redfin_venv/lib/python3.12/site-packages/airflow/example_dags/tutorial_taskflow_api.py
[2025-02-20T01:00:38.222+0000] {processor.py:925} INFO - DAG(s) 'tutorial_taskflow_api' retrieved from /home/ubuntu/redfin_venv/lib/python3.12/site-packages/airflow/example_dags/tutorial_taskflow_api.py
[2025-02-20T01:00:38.237+0000] {logging_mixin.py:190} INFO - [2025-02-20T01:00:38.237+0000] {dag.py:3239} INFO - Sync 1 DAGs
[2025-02-20T01:00:38.249+0000] {logging_mixin.py:190} INFO - [2025-02-20T01:00:38.249+0000] {dag.py:4180} INFO - Setting next_dagrun for tutorial_taskflow_api to None, run_after=None
[2025-02-20T01:00:38.271+0000] {processor.py:208} INFO - Processing /home/ubuntu/redfin_venv/lib/python3.12/site-packages/airflow/example_dags/tutorial_taskflow_api.py took 0.068 seconds
