[2025-02-20T00:52:29.371+0000] {processor.py:186} INFO - Started process (PID=3476) to work on /home/ubuntu/redfin_venv/lib/python3.12/site-packages/airflow/example_dags/tutorial_taskflow_api_virtualenv.py
[2025-02-20T00:52:29.372+0000] {processor.py:914} INFO - Processing file /home/ubuntu/redfin_venv/lib/python3.12/site-packages/airflow/example_dags/tutorial_taskflow_api_virtualenv.py for tasks to queue
[2025-02-20T00:52:29.375+0000] {logging_mixin.py:190} INFO - [2025-02-20T00:52:29.374+0000] {dagbag.py:588} INFO - Filling up the DagBag from /home/ubuntu/redfin_venv/lib/python3.12/site-packages/airflow/example_dags/tutorial_taskflow_api_virtualenv.py
[2025-02-20T00:52:29.378+0000] {logging_mixin.py:190} INFO - [2025-02-20T00:52:29.378+0000] {tutorial_taskflow_api_virtualenv.py:29} WARNING - The tutorial_taskflow_api_virtualenv example DAG requires virtualenv, please install it.
[2025-02-20T00:52:29.378+0000] {processor.py:927} WARNING - No viable dags retrieved from /home/ubuntu/redfin_venv/lib/python3.12/site-packages/airflow/example_dags/tutorial_taskflow_api_virtualenv.py
[2025-02-20T00:52:29.397+0000] {processor.py:208} INFO - Processing /home/ubuntu/redfin_venv/lib/python3.12/site-packages/airflow/example_dags/tutorial_taskflow_api_virtualenv.py took 0.031 seconds
[2025-02-20T00:53:34.119+0000] {processor.py:186} INFO - Started process (PID=3810) to work on /home/ubuntu/redfin_venv/lib/python3.12/site-packages/airflow/example_dags/tutorial_taskflow_api_virtualenv.py
[2025-02-20T00:53:34.140+0000] {processor.py:914} INFO - Processing file /home/ubuntu/redfin_venv/lib/python3.12/site-packages/airflow/example_dags/tutorial_taskflow_api_virtualenv.py for tasks to queue
[2025-02-20T00:53:34.143+0000] {logging_mixin.py:190} INFO - [2025-02-20T00:53:34.143+0000] {dagbag.py:588} INFO - Filling up the DagBag from /home/ubuntu/redfin_venv/lib/python3.12/site-packages/airflow/example_dags/tutorial_taskflow_api_virtualenv.py
[2025-02-20T00:53:34.146+0000] {logging_mixin.py:190} INFO - [2025-02-20T00:53:34.146+0000] {tutorial_taskflow_api_virtualenv.py:29} WARNING - The tutorial_taskflow_api_virtualenv example DAG requires virtualenv, please install it.
[2025-02-20T00:53:34.146+0000] {processor.py:927} WARNING - No viable dags retrieved from /home/ubuntu/redfin_venv/lib/python3.12/site-packages/airflow/example_dags/tutorial_taskflow_api_virtualenv.py
[2025-02-20T00:53:34.159+0000] {processor.py:208} INFO - Processing /home/ubuntu/redfin_venv/lib/python3.12/site-packages/airflow/example_dags/tutorial_taskflow_api_virtualenv.py took 0.046 seconds
[2025-02-20T00:54:31.200+0000] {processor.py:186} INFO - Started process (PID=4112) to work on /home/ubuntu/redfin_venv/lib/python3.12/site-packages/airflow/example_dags/tutorial_taskflow_api_virtualenv.py
[2025-02-20T00:54:31.202+0000] {processor.py:914} INFO - Processing file /home/ubuntu/redfin_venv/lib/python3.12/site-packages/airflow/example_dags/tutorial_taskflow_api_virtualenv.py for tasks to queue
[2025-02-20T00:54:31.204+0000] {logging_mixin.py:190} INFO - [2025-02-20T00:54:31.204+0000] {dagbag.py:588} INFO - Filling up the DagBag from /home/ubuntu/redfin_venv/lib/python3.12/site-packages/airflow/example_dags/tutorial_taskflow_api_virtualenv.py
[2025-02-20T00:54:31.207+0000] {logging_mixin.py:190} INFO - [2025-02-20T00:54:31.207+0000] {tutorial_taskflow_api_virtualenv.py:29} WARNING - The tutorial_taskflow_api_virtualenv example DAG requires virtualenv, please install it.
[2025-02-20T00:54:31.208+0000] {processor.py:927} WARNING - No viable dags retrieved from /home/ubuntu/redfin_venv/lib/python3.12/site-packages/airflow/example_dags/tutorial_taskflow_api_virtualenv.py
[2025-02-20T00:54:31.219+0000] {processor.py:208} INFO - Processing /home/ubuntu/redfin_venv/lib/python3.12/site-packages/airflow/example_dags/tutorial_taskflow_api_virtualenv.py took 0.025 seconds
[2025-02-20T00:55:21.760+0000] {processor.py:186} INFO - Started process (PID=4228) to work on /home/ubuntu/redfin_venv/lib/python3.12/site-packages/airflow/example_dags/tutorial_taskflow_api_virtualenv.py
[2025-02-20T00:55:21.762+0000] {processor.py:914} INFO - Processing file /home/ubuntu/redfin_venv/lib/python3.12/site-packages/airflow/example_dags/tutorial_taskflow_api_virtualenv.py for tasks to queue
[2025-02-20T00:55:21.765+0000] {logging_mixin.py:190} INFO - [2025-02-20T00:55:21.764+0000] {dagbag.py:588} INFO - Filling up the DagBag from /home/ubuntu/redfin_venv/lib/python3.12/site-packages/airflow/example_dags/tutorial_taskflow_api_virtualenv.py
[2025-02-20T00:55:21.768+0000] {logging_mixin.py:190} INFO - [2025-02-20T00:55:21.768+0000] {tutorial_taskflow_api_virtualenv.py:29} WARNING - The tutorial_taskflow_api_virtualenv example DAG requires virtualenv, please install it.
[2025-02-20T00:55:21.768+0000] {processor.py:927} WARNING - No viable dags retrieved from /home/ubuntu/redfin_venv/lib/python3.12/site-packages/airflow/example_dags/tutorial_taskflow_api_virtualenv.py
[2025-02-20T00:55:21.780+0000] {processor.py:208} INFO - Processing /home/ubuntu/redfin_venv/lib/python3.12/site-packages/airflow/example_dags/tutorial_taskflow_api_virtualenv.py took 0.026 seconds
[2025-02-20T00:56:16.184+0000] {processor.py:186} INFO - Started process (PID=4281) to work on /home/ubuntu/redfin_venv/lib/python3.12/site-packages/airflow/example_dags/tutorial_taskflow_api_virtualenv.py
[2025-02-20T00:56:16.186+0000] {processor.py:914} INFO - Processing file /home/ubuntu/redfin_venv/lib/python3.12/site-packages/airflow/example_dags/tutorial_taskflow_api_virtualenv.py for tasks to queue
[2025-02-20T00:56:16.188+0000] {logging_mixin.py:190} INFO - [2025-02-20T00:56:16.187+0000] {dagbag.py:588} INFO - Filling up the DagBag from /home/ubuntu/redfin_venv/lib/python3.12/site-packages/airflow/example_dags/tutorial_taskflow_api_virtualenv.py
[2025-02-20T00:56:16.191+0000] {logging_mixin.py:190} INFO - [2025-02-20T00:56:16.190+0000] {tutorial_taskflow_api_virtualenv.py:29} WARNING - The tutorial_taskflow_api_virtualenv example DAG requires virtualenv, please install it.
[2025-02-20T00:56:16.191+0000] {processor.py:927} WARNING - No viable dags retrieved from /home/ubuntu/redfin_venv/lib/python3.12/site-packages/airflow/example_dags/tutorial_taskflow_api_virtualenv.py
[2025-02-20T00:56:16.202+0000] {processor.py:208} INFO - Processing /home/ubuntu/redfin_venv/lib/python3.12/site-packages/airflow/example_dags/tutorial_taskflow_api_virtualenv.py took 0.024 seconds
[2025-02-20T00:57:08.705+0000] {processor.py:186} INFO - Started process (PID=4401) to work on /home/ubuntu/redfin_venv/lib/python3.12/site-packages/airflow/example_dags/tutorial_taskflow_api_virtualenv.py
[2025-02-20T00:57:08.706+0000] {processor.py:914} INFO - Processing file /home/ubuntu/redfin_venv/lib/python3.12/site-packages/airflow/example_dags/tutorial_taskflow_api_virtualenv.py for tasks to queue
[2025-02-20T00:57:08.709+0000] {logging_mixin.py:190} INFO - [2025-02-20T00:57:08.708+0000] {dagbag.py:588} INFO - Filling up the DagBag from /home/ubuntu/redfin_venv/lib/python3.12/site-packages/airflow/example_dags/tutorial_taskflow_api_virtualenv.py
[2025-02-20T00:57:08.711+0000] {logging_mixin.py:190} INFO - [2025-02-20T00:57:08.711+0000] {tutorial_taskflow_api_virtualenv.py:29} WARNING - The tutorial_taskflow_api_virtualenv example DAG requires virtualenv, please install it.
[2025-02-20T00:57:08.712+0000] {processor.py:927} WARNING - No viable dags retrieved from /home/ubuntu/redfin_venv/lib/python3.12/site-packages/airflow/example_dags/tutorial_taskflow_api_virtualenv.py
[2025-02-20T00:57:08.724+0000] {processor.py:208} INFO - Processing /home/ubuntu/redfin_venv/lib/python3.12/site-packages/airflow/example_dags/tutorial_taskflow_api_virtualenv.py took 0.025 seconds
[2025-02-20T00:58:03.657+0000] {processor.py:186} INFO - Started process (PID=4576) to work on /home/ubuntu/redfin_venv/lib/python3.12/site-packages/airflow/example_dags/tutorial_taskflow_api_virtualenv.py
[2025-02-20T00:58:03.658+0000] {processor.py:914} INFO - Processing file /home/ubuntu/redfin_venv/lib/python3.12/site-packages/airflow/example_dags/tutorial_taskflow_api_virtualenv.py for tasks to queue
[2025-02-20T00:58:03.661+0000] {logging_mixin.py:190} INFO - [2025-02-20T00:58:03.661+0000] {dagbag.py:588} INFO - Filling up the DagBag from /home/ubuntu/redfin_venv/lib/python3.12/site-packages/airflow/example_dags/tutorial_taskflow_api_virtualenv.py
[2025-02-20T00:58:03.664+0000] {logging_mixin.py:190} INFO - [2025-02-20T00:58:03.664+0000] {tutorial_taskflow_api_virtualenv.py:29} WARNING - The tutorial_taskflow_api_virtualenv example DAG requires virtualenv, please install it.
[2025-02-20T00:58:03.665+0000] {processor.py:927} WARNING - No viable dags retrieved from /home/ubuntu/redfin_venv/lib/python3.12/site-packages/airflow/example_dags/tutorial_taskflow_api_virtualenv.py
[2025-02-20T00:58:03.677+0000] {processor.py:208} INFO - Processing /home/ubuntu/redfin_venv/lib/python3.12/site-packages/airflow/example_dags/tutorial_taskflow_api_virtualenv.py took 0.027 seconds
[2025-02-20T00:58:56.546+0000] {processor.py:186} INFO - Started process (PID=4690) to work on /home/ubuntu/redfin_venv/lib/python3.12/site-packages/airflow/example_dags/tutorial_taskflow_api_virtualenv.py
[2025-02-20T00:58:56.547+0000] {processor.py:914} INFO - Processing file /home/ubuntu/redfin_venv/lib/python3.12/site-packages/airflow/example_dags/tutorial_taskflow_api_virtualenv.py for tasks to queue
[2025-02-20T00:58:56.549+0000] {logging_mixin.py:190} INFO - [2025-02-20T00:58:56.549+0000] {dagbag.py:588} INFO - Filling up the DagBag from /home/ubuntu/redfin_venv/lib/python3.12/site-packages/airflow/example_dags/tutorial_taskflow_api_virtualenv.py
[2025-02-20T00:58:56.552+0000] {logging_mixin.py:190} INFO - [2025-02-20T00:58:56.552+0000] {tutorial_taskflow_api_virtualenv.py:29} WARNING - The tutorial_taskflow_api_virtualenv example DAG requires virtualenv, please install it.
[2025-02-20T00:58:56.552+0000] {processor.py:927} WARNING - No viable dags retrieved from /home/ubuntu/redfin_venv/lib/python3.12/site-packages/airflow/example_dags/tutorial_taskflow_api_virtualenv.py
[2025-02-20T00:58:56.564+0000] {processor.py:208} INFO - Processing /home/ubuntu/redfin_venv/lib/python3.12/site-packages/airflow/example_dags/tutorial_taskflow_api_virtualenv.py took 0.024 seconds
[2025-02-20T00:59:48.538+0000] {processor.py:186} INFO - Started process (PID=4805) to work on /home/ubuntu/redfin_venv/lib/python3.12/site-packages/airflow/example_dags/tutorial_taskflow_api_virtualenv.py
[2025-02-20T00:59:48.539+0000] {processor.py:914} INFO - Processing file /home/ubuntu/redfin_venv/lib/python3.12/site-packages/airflow/example_dags/tutorial_taskflow_api_virtualenv.py for tasks to queue
[2025-02-20T00:59:48.541+0000] {logging_mixin.py:190} INFO - [2025-02-20T00:59:48.541+0000] {dagbag.py:588} INFO - Filling up the DagBag from /home/ubuntu/redfin_venv/lib/python3.12/site-packages/airflow/example_dags/tutorial_taskflow_api_virtualenv.py
[2025-02-20T00:59:48.544+0000] {logging_mixin.py:190} INFO - [2025-02-20T00:59:48.544+0000] {tutorial_taskflow_api_virtualenv.py:29} WARNING - The tutorial_taskflow_api_virtualenv example DAG requires virtualenv, please install it.
[2025-02-20T00:59:48.544+0000] {processor.py:927} WARNING - No viable dags retrieved from /home/ubuntu/redfin_venv/lib/python3.12/site-packages/airflow/example_dags/tutorial_taskflow_api_virtualenv.py
[2025-02-20T00:59:48.556+0000] {processor.py:208} INFO - Processing /home/ubuntu/redfin_venv/lib/python3.12/site-packages/airflow/example_dags/tutorial_taskflow_api_virtualenv.py took 0.024 seconds
[2025-02-20T01:00:41.177+0000] {processor.py:186} INFO - Started process (PID=5357) to work on /home/ubuntu/redfin_venv/lib/python3.12/site-packages/airflow/example_dags/tutorial_taskflow_api_virtualenv.py
[2025-02-20T01:00:41.179+0000] {processor.py:914} INFO - Processing file /home/ubuntu/redfin_venv/lib/python3.12/site-packages/airflow/example_dags/tutorial_taskflow_api_virtualenv.py for tasks to queue
[2025-02-20T01:00:41.183+0000] {logging_mixin.py:190} INFO - [2025-02-20T01:00:41.183+0000] {dagbag.py:588} INFO - Filling up the DagBag from /home/ubuntu/redfin_venv/lib/python3.12/site-packages/airflow/example_dags/tutorial_taskflow_api_virtualenv.py
[2025-02-20T01:00:41.187+0000] {logging_mixin.py:190} INFO - [2025-02-20T01:00:41.187+0000] {tutorial_taskflow_api_virtualenv.py:29} WARNING - The tutorial_taskflow_api_virtualenv example DAG requires virtualenv, please install it.
[2025-02-20T01:00:41.187+0000] {processor.py:927} WARNING - No viable dags retrieved from /home/ubuntu/redfin_venv/lib/python3.12/site-packages/airflow/example_dags/tutorial_taskflow_api_virtualenv.py
[2025-02-20T01:00:41.202+0000] {processor.py:208} INFO - Processing /home/ubuntu/redfin_venv/lib/python3.12/site-packages/airflow/example_dags/tutorial_taskflow_api_virtualenv.py took 0.033 seconds
