[2025-02-20T00:52:17.898+0000] {processor.py:186} INFO - Started process (PID=3339) to work on /home/ubuntu/redfin_venv/lib/python3.12/site-packages/airflow/example_dags/tutorial_taskflow_templates.py
[2025-02-20T00:52:17.900+0000] {processor.py:914} INFO - Processing file /home/ubuntu/redfin_venv/lib/python3.12/site-packages/airflow/example_dags/tutorial_taskflow_templates.py for tasks to queue
[2025-02-20T00:52:17.903+0000] {logging_mixin.py:190} INFO - [2025-02-20T00:52:17.902+0000] {dagbag.py:588} INFO - Filling up the DagBag from /home/ubuntu/redfin_venv/lib/python3.12/site-packages/airflow/example_dags/tutorial_taskflow_templates.py
[2025-02-20T00:52:17.921+0000] {processor.py:925} INFO - DAG(s) 'tutorial_taskflow_templates' retrieved from /home/ubuntu/redfin_venv/lib/python3.12/site-packages/airflow/example_dags/tutorial_taskflow_templates.py
[2025-02-20T00:52:18.074+0000] {logging_mixin.py:190} INFO - [2025-02-20T00:52:18.073+0000] {override.py:1930} INFO - Created Permission View: can edit on DAG:tutorial_taskflow_templates
[2025-02-20T00:52:18.095+0000] {logging_mixin.py:190} INFO - [2025-02-20T00:52:18.094+0000] {override.py:1930} INFO - Created Permission View: can delete on DAG:tutorial_taskflow_templates
[2025-02-20T00:52:18.107+0000] {logging_mixin.py:190} INFO - [2025-02-20T00:52:18.107+0000] {override.py:1930} INFO - Created Permission View: can read on DAG:tutorial_taskflow_templates
[2025-02-20T00:52:18.127+0000] {logging_mixin.py:190} INFO - [2025-02-20T00:52:18.126+0000] {override.py:1930} INFO - Created Permission View: menu access on DAG Run:tutorial_taskflow_templates
[2025-02-20T00:52:18.139+0000] {logging_mixin.py:190} INFO - [2025-02-20T00:52:18.139+0000] {override.py:1930} INFO - Created Permission View: can create on DAG Run:tutorial_taskflow_templates
[2025-02-20T00:52:18.151+0000] {logging_mixin.py:190} INFO - [2025-02-20T00:52:18.151+0000] {override.py:1930} INFO - Created Permission View: can delete on DAG Run:tutorial_taskflow_templates
[2025-02-20T00:52:18.163+0000] {logging_mixin.py:190} INFO - [2025-02-20T00:52:18.163+0000] {override.py:1930} INFO - Created Permission View: can read on DAG Run:tutorial_taskflow_templates
[2025-02-20T00:52:18.164+0000] {logging_mixin.py:190} INFO - [2025-02-20T00:52:18.164+0000] {dag.py:3239} INFO - Sync 1 DAGs
[2025-02-20T00:52:18.183+0000] {logging_mixin.py:190} INFO - [2025-02-20T00:52:18.182+0000] {dag.py:3262} INFO - Creating ORM DAG for tutorial_taskflow_templates
[2025-02-20T00:52:18.200+0000] {logging_mixin.py:190} INFO - [2025-02-20T00:52:18.200+0000] {dag.py:4180} INFO - Setting next_dagrun for tutorial_taskflow_templates to 2025-02-19 00:00:00+00:00, run_after=2025-02-20 00:00:00+00:00
[2025-02-20T00:52:18.226+0000] {processor.py:208} INFO - Processing /home/ubuntu/redfin_venv/lib/python3.12/site-packages/airflow/example_dags/tutorial_taskflow_templates.py took 0.334 seconds
[2025-02-20T00:53:25.358+0000] {processor.py:186} INFO - Started process (PID=3740) to work on /home/ubuntu/redfin_venv/lib/python3.12/site-packages/airflow/example_dags/tutorial_taskflow_templates.py
[2025-02-20T00:53:25.417+0000] {processor.py:914} INFO - Processing file /home/ubuntu/redfin_venv/lib/python3.12/site-packages/airflow/example_dags/tutorial_taskflow_templates.py for tasks to queue
[2025-02-20T00:53:25.419+0000] {logging_mixin.py:190} INFO - [2025-02-20T00:53:25.419+0000] {dagbag.py:588} INFO - Filling up the DagBag from /home/ubuntu/redfin_venv/lib/python3.12/site-packages/airflow/example_dags/tutorial_taskflow_templates.py
[2025-02-20T00:53:25.433+0000] {processor.py:925} INFO - DAG(s) 'tutorial_taskflow_templates' retrieved from /home/ubuntu/redfin_venv/lib/python3.12/site-packages/airflow/example_dags/tutorial_taskflow_templates.py
[2025-02-20T00:53:25.451+0000] {logging_mixin.py:190} INFO - [2025-02-20T00:53:25.451+0000] {dag.py:3239} INFO - Sync 1 DAGs
[2025-02-20T00:53:25.472+0000] {logging_mixin.py:190} INFO - [2025-02-20T00:53:25.472+0000] {dag.py:4180} INFO - Setting next_dagrun for tutorial_taskflow_templates to 2025-02-19 00:00:00+00:00, run_after=2025-02-20 00:00:00+00:00
[2025-02-20T00:53:25.495+0000] {processor.py:208} INFO - Processing /home/ubuntu/redfin_venv/lib/python3.12/site-packages/airflow/example_dags/tutorial_taskflow_templates.py took 0.143 seconds
[2025-02-20T00:53:58.755+0000] {processor.py:186} INFO - Started process (PID=3893) to work on /home/ubuntu/redfin_venv/lib/python3.12/site-packages/airflow/example_dags/tutorial_taskflow_templates.py
[2025-02-20T00:53:58.826+0000] {processor.py:914} INFO - Processing file /home/ubuntu/redfin_venv/lib/python3.12/site-packages/airflow/example_dags/tutorial_taskflow_templates.py for tasks to queue
[2025-02-20T00:53:58.829+0000] {logging_mixin.py:190} INFO - [2025-02-20T00:53:58.828+0000] {dagbag.py:588} INFO - Filling up the DagBag from /home/ubuntu/redfin_venv/lib/python3.12/site-packages/airflow/example_dags/tutorial_taskflow_templates.py
[2025-02-20T00:53:58.844+0000] {processor.py:925} INFO - DAG(s) 'tutorial_taskflow_templates' retrieved from /home/ubuntu/redfin_venv/lib/python3.12/site-packages/airflow/example_dags/tutorial_taskflow_templates.py
[2025-02-20T00:53:58.865+0000] {logging_mixin.py:190} INFO - [2025-02-20T00:53:58.865+0000] {dag.py:3239} INFO - Sync 1 DAGs
[2025-02-20T00:53:58.892+0000] {logging_mixin.py:190} INFO - [2025-02-20T00:53:58.891+0000] {dag.py:4180} INFO - Setting next_dagrun for tutorial_taskflow_templates to 2025-02-19 00:00:00+00:00, run_after=2025-02-20 00:00:00+00:00
[2025-02-20T00:53:58.917+0000] {processor.py:208} INFO - Processing /home/ubuntu/redfin_venv/lib/python3.12/site-packages/airflow/example_dags/tutorial_taskflow_templates.py took 0.167 seconds
[2025-02-20T00:54:51.914+0000] {processor.py:186} INFO - Started process (PID=4133) to work on /home/ubuntu/redfin_venv/lib/python3.12/site-packages/airflow/example_dags/tutorial_taskflow_templates.py
[2025-02-20T00:54:51.916+0000] {processor.py:914} INFO - Processing file /home/ubuntu/redfin_venv/lib/python3.12/site-packages/airflow/example_dags/tutorial_taskflow_templates.py for tasks to queue
[2025-02-20T00:54:51.918+0000] {logging_mixin.py:190} INFO - [2025-02-20T00:54:51.918+0000] {dagbag.py:588} INFO - Filling up the DagBag from /home/ubuntu/redfin_venv/lib/python3.12/site-packages/airflow/example_dags/tutorial_taskflow_templates.py
[2025-02-20T00:54:51.932+0000] {processor.py:925} INFO - DAG(s) 'tutorial_taskflow_templates' retrieved from /home/ubuntu/redfin_venv/lib/python3.12/site-packages/airflow/example_dags/tutorial_taskflow_templates.py
[2025-02-20T00:54:51.951+0000] {logging_mixin.py:190} INFO - [2025-02-20T00:54:51.950+0000] {dag.py:3239} INFO - Sync 1 DAGs
[2025-02-20T00:54:51.976+0000] {logging_mixin.py:190} INFO - [2025-02-20T00:54:51.976+0000] {dag.py:4180} INFO - Setting next_dagrun for tutorial_taskflow_templates to 2025-02-19 00:00:00+00:00, run_after=2025-02-20 00:00:00+00:00
[2025-02-20T00:54:52.003+0000] {processor.py:208} INFO - Processing /home/ubuntu/redfin_venv/lib/python3.12/site-packages/airflow/example_dags/tutorial_taskflow_templates.py took 0.094 seconds
[2025-02-20T00:55:43.282+0000] {processor.py:186} INFO - Started process (PID=4249) to work on /home/ubuntu/redfin_venv/lib/python3.12/site-packages/airflow/example_dags/tutorial_taskflow_templates.py
[2025-02-20T00:55:43.284+0000] {processor.py:914} INFO - Processing file /home/ubuntu/redfin_venv/lib/python3.12/site-packages/airflow/example_dags/tutorial_taskflow_templates.py for tasks to queue
[2025-02-20T00:55:43.286+0000] {logging_mixin.py:190} INFO - [2025-02-20T00:55:43.285+0000] {dagbag.py:588} INFO - Filling up the DagBag from /home/ubuntu/redfin_venv/lib/python3.12/site-packages/airflow/example_dags/tutorial_taskflow_templates.py
[2025-02-20T00:55:43.300+0000] {processor.py:925} INFO - DAG(s) 'tutorial_taskflow_templates' retrieved from /home/ubuntu/redfin_venv/lib/python3.12/site-packages/airflow/example_dags/tutorial_taskflow_templates.py
[2025-02-20T00:55:43.317+0000] {logging_mixin.py:190} INFO - [2025-02-20T00:55:43.317+0000] {dag.py:3239} INFO - Sync 1 DAGs
[2025-02-20T00:55:43.338+0000] {logging_mixin.py:190} INFO - [2025-02-20T00:55:43.337+0000] {dag.py:4180} INFO - Setting next_dagrun for tutorial_taskflow_templates to 2025-02-19 00:00:00+00:00, run_after=2025-02-20 00:00:00+00:00
[2025-02-20T00:55:43.360+0000] {processor.py:208} INFO - Processing /home/ubuntu/redfin_venv/lib/python3.12/site-packages/airflow/example_dags/tutorial_taskflow_templates.py took 0.084 seconds
[2025-02-20T00:56:36.109+0000] {processor.py:186} INFO - Started process (PID=4370) to work on /home/ubuntu/redfin_venv/lib/python3.12/site-packages/airflow/example_dags/tutorial_taskflow_templates.py
[2025-02-20T00:56:36.111+0000] {processor.py:914} INFO - Processing file /home/ubuntu/redfin_venv/lib/python3.12/site-packages/airflow/example_dags/tutorial_taskflow_templates.py for tasks to queue
[2025-02-20T00:56:36.113+0000] {logging_mixin.py:190} INFO - [2025-02-20T00:56:36.112+0000] {dagbag.py:588} INFO - Filling up the DagBag from /home/ubuntu/redfin_venv/lib/python3.12/site-packages/airflow/example_dags/tutorial_taskflow_templates.py
[2025-02-20T00:56:36.127+0000] {processor.py:925} INFO - DAG(s) 'tutorial_taskflow_templates' retrieved from /home/ubuntu/redfin_venv/lib/python3.12/site-packages/airflow/example_dags/tutorial_taskflow_templates.py
[2025-02-20T00:56:36.145+0000] {logging_mixin.py:190} INFO - [2025-02-20T00:56:36.145+0000] {dag.py:3239} INFO - Sync 1 DAGs
[2025-02-20T00:56:36.168+0000] {logging_mixin.py:190} INFO - [2025-02-20T00:56:36.168+0000] {dag.py:4180} INFO - Setting next_dagrun for tutorial_taskflow_templates to 2025-02-19 00:00:00+00:00, run_after=2025-02-20 00:00:00+00:00
[2025-02-20T00:56:36.190+0000] {processor.py:208} INFO - Processing /home/ubuntu/redfin_venv/lib/python3.12/site-packages/airflow/example_dags/tutorial_taskflow_templates.py took 0.087 seconds
[2025-02-20T00:57:31.209+0000] {processor.py:186} INFO - Started process (PID=4543) to work on /home/ubuntu/redfin_venv/lib/python3.12/site-packages/airflow/example_dags/tutorial_taskflow_templates.py
[2025-02-20T00:57:31.210+0000] {processor.py:914} INFO - Processing file /home/ubuntu/redfin_venv/lib/python3.12/site-packages/airflow/example_dags/tutorial_taskflow_templates.py for tasks to queue
[2025-02-20T00:57:31.213+0000] {logging_mixin.py:190} INFO - [2025-02-20T00:57:31.213+0000] {dagbag.py:588} INFO - Filling up the DagBag from /home/ubuntu/redfin_venv/lib/python3.12/site-packages/airflow/example_dags/tutorial_taskflow_templates.py
[2025-02-20T00:57:31.234+0000] {processor.py:925} INFO - DAG(s) 'tutorial_taskflow_templates' retrieved from /home/ubuntu/redfin_venv/lib/python3.12/site-packages/airflow/example_dags/tutorial_taskflow_templates.py
[2025-02-20T00:57:31.260+0000] {logging_mixin.py:190} INFO - [2025-02-20T00:57:31.260+0000] {dag.py:3239} INFO - Sync 1 DAGs
[2025-02-20T00:57:31.286+0000] {logging_mixin.py:190} INFO - [2025-02-20T00:57:31.285+0000] {dag.py:4180} INFO - Setting next_dagrun for tutorial_taskflow_templates to 2025-02-19 00:00:00+00:00, run_after=2025-02-20 00:00:00+00:00
[2025-02-20T00:57:31.319+0000] {processor.py:208} INFO - Processing /home/ubuntu/redfin_venv/lib/python3.12/site-packages/airflow/example_dags/tutorial_taskflow_templates.py took 0.118 seconds
[2025-02-20T00:58:25.491+0000] {processor.py:186} INFO - Started process (PID=4658) to work on /home/ubuntu/redfin_venv/lib/python3.12/site-packages/airflow/example_dags/tutorial_taskflow_templates.py
[2025-02-20T00:58:25.492+0000] {processor.py:914} INFO - Processing file /home/ubuntu/redfin_venv/lib/python3.12/site-packages/airflow/example_dags/tutorial_taskflow_templates.py for tasks to queue
[2025-02-20T00:58:25.494+0000] {logging_mixin.py:190} INFO - [2025-02-20T00:58:25.494+0000] {dagbag.py:588} INFO - Filling up the DagBag from /home/ubuntu/redfin_venv/lib/python3.12/site-packages/airflow/example_dags/tutorial_taskflow_templates.py
[2025-02-20T00:58:25.512+0000] {processor.py:925} INFO - DAG(s) 'tutorial_taskflow_templates' retrieved from /home/ubuntu/redfin_venv/lib/python3.12/site-packages/airflow/example_dags/tutorial_taskflow_templates.py
[2025-02-20T00:58:25.532+0000] {logging_mixin.py:190} INFO - [2025-02-20T00:58:25.532+0000] {dag.py:3239} INFO - Sync 1 DAGs
[2025-02-20T00:58:25.554+0000] {logging_mixin.py:190} INFO - [2025-02-20T00:58:25.554+0000] {dag.py:4180} INFO - Setting next_dagrun for tutorial_taskflow_templates to 2025-02-19 00:00:00+00:00, run_after=2025-02-20 00:00:00+00:00
[2025-02-20T00:58:25.583+0000] {processor.py:208} INFO - Processing /home/ubuntu/redfin_venv/lib/python3.12/site-packages/airflow/example_dags/tutorial_taskflow_templates.py took 0.101 seconds
[2025-02-20T00:59:18.651+0000] {processor.py:186} INFO - Started process (PID=4713) to work on /home/ubuntu/redfin_venv/lib/python3.12/site-packages/airflow/example_dags/tutorial_taskflow_templates.py
[2025-02-20T00:59:18.652+0000] {processor.py:914} INFO - Processing file /home/ubuntu/redfin_venv/lib/python3.12/site-packages/airflow/example_dags/tutorial_taskflow_templates.py for tasks to queue
[2025-02-20T00:59:18.654+0000] {logging_mixin.py:190} INFO - [2025-02-20T00:59:18.654+0000] {dagbag.py:588} INFO - Filling up the DagBag from /home/ubuntu/redfin_venv/lib/python3.12/site-packages/airflow/example_dags/tutorial_taskflow_templates.py
[2025-02-20T00:59:18.669+0000] {processor.py:925} INFO - DAG(s) 'tutorial_taskflow_templates' retrieved from /home/ubuntu/redfin_venv/lib/python3.12/site-packages/airflow/example_dags/tutorial_taskflow_templates.py
[2025-02-20T00:59:18.687+0000] {logging_mixin.py:190} INFO - [2025-02-20T00:59:18.687+0000] {dag.py:3239} INFO - Sync 1 DAGs
[2025-02-20T00:59:18.710+0000] {logging_mixin.py:190} INFO - [2025-02-20T00:59:18.710+0000] {dag.py:4180} INFO - Setting next_dagrun for tutorial_taskflow_templates to 2025-02-19 00:00:00+00:00, run_after=2025-02-20 00:00:00+00:00
[2025-02-20T00:59:18.733+0000] {processor.py:208} INFO - Processing /home/ubuntu/redfin_venv/lib/python3.12/site-packages/airflow/example_dags/tutorial_taskflow_templates.py took 0.088 seconds
[2025-02-20T01:00:08.297+0000] {processor.py:186} INFO - Started process (PID=5172) to work on /home/ubuntu/redfin_venv/lib/python3.12/site-packages/airflow/example_dags/tutorial_taskflow_templates.py
[2025-02-20T01:00:08.305+0000] {processor.py:914} INFO - Processing file /home/ubuntu/redfin_venv/lib/python3.12/site-packages/airflow/example_dags/tutorial_taskflow_templates.py for tasks to queue
[2025-02-20T01:00:08.312+0000] {logging_mixin.py:190} INFO - [2025-02-20T01:00:08.310+0000] {dagbag.py:588} INFO - Filling up the DagBag from /home/ubuntu/redfin_venv/lib/python3.12/site-packages/airflow/example_dags/tutorial_taskflow_templates.py
[2025-02-20T01:00:08.334+0000] {processor.py:925} INFO - DAG(s) 'tutorial_taskflow_templates' retrieved from /home/ubuntu/redfin_venv/lib/python3.12/site-packages/airflow/example_dags/tutorial_taskflow_templates.py
[2025-02-20T01:00:08.358+0000] {logging_mixin.py:190} INFO - [2025-02-20T01:00:08.358+0000] {dag.py:3239} INFO - Sync 1 DAGs
[2025-02-20T01:00:08.383+0000] {logging_mixin.py:190} INFO - [2025-02-20T01:00:08.382+0000] {dag.py:4180} INFO - Setting next_dagrun for tutorial_taskflow_templates to 2025-02-19 00:00:00+00:00, run_after=2025-02-20 00:00:00+00:00
[2025-02-20T01:00:08.408+0000] {processor.py:208} INFO - Processing /home/ubuntu/redfin_venv/lib/python3.12/site-packages/airflow/example_dags/tutorial_taskflow_templates.py took 0.121 seconds
[2025-02-20T01:01:06.057+0000] {processor.py:186} INFO - Started process (PID=5457) to work on /home/ubuntu/redfin_venv/lib/python3.12/site-packages/airflow/example_dags/tutorial_taskflow_templates.py
[2025-02-20T01:01:06.060+0000] {processor.py:914} INFO - Processing file /home/ubuntu/redfin_venv/lib/python3.12/site-packages/airflow/example_dags/tutorial_taskflow_templates.py for tasks to queue
[2025-02-20T01:01:06.064+0000] {logging_mixin.py:190} INFO - [2025-02-20T01:01:06.064+0000] {dagbag.py:588} INFO - Filling up the DagBag from /home/ubuntu/redfin_venv/lib/python3.12/site-packages/airflow/example_dags/tutorial_taskflow_templates.py
[2025-02-20T01:01:06.089+0000] {processor.py:925} INFO - DAG(s) 'tutorial_taskflow_templates' retrieved from /home/ubuntu/redfin_venv/lib/python3.12/site-packages/airflow/example_dags/tutorial_taskflow_templates.py
[2025-02-20T01:01:06.119+0000] {logging_mixin.py:190} INFO - [2025-02-20T01:01:06.117+0000] {dag.py:3239} INFO - Sync 1 DAGs
[2025-02-20T01:01:06.154+0000] {logging_mixin.py:190} INFO - [2025-02-20T01:01:06.153+0000] {dag.py:4180} INFO - Setting next_dagrun for tutorial_taskflow_templates to 2025-02-19 00:00:00+00:00, run_after=2025-02-20 00:00:00+00:00
[2025-02-20T01:01:06.188+0000] {processor.py:208} INFO - Processing /home/ubuntu/redfin_venv/lib/python3.12/site-packages/airflow/example_dags/tutorial_taskflow_templates.py took 0.144 seconds
