[2025-03-07 14:46:41.301] [exthost] [info] Extension host with pid 1646 started
[2025-03-07 14:46:41.308] [exthost] [error] Error: EEXIST: file already exists, open '/home/ubuntu/.vscode-server/data/User/workspaceStorage/443a9c35c13baf31235c52a615bc4b86/vscode.lock'
[2025-03-07 14:46:41.319] [exthost] [info] Lock '/home/ubuntu/.vscode-server/data/User/workspaceStorage/443a9c35c13baf31235c52a615bc4b86/vscode.lock': Could not acquire lock, checking if the file is stale.
[2025-03-07 14:46:41.322] [exthost] [info] Lock '/home/ubuntu/.vscode-server/data/User/workspaceStorage/443a9c35c13baf31235c52a615bc4b86/vscode.lock': The pid 1372 appears to be gone.
[2025-03-07 14:46:41.322] [exthost] [info] Lock '/home/ubuntu/.vscode-server/data/User/workspaceStorage/443a9c35c13baf31235c52a615bc4b86/vscode.lock': Deleting a stale lock.
[2025-03-07 14:46:41.331] [exthost] [info] Lock '/home/ubuntu/.vscode-server/data/User/workspaceStorage/443a9c35c13baf31235c52a615bc4b86/vscode.lock': Lock acquired.
[2025-03-07 14:46:41.460] [exthost] [info] ExtensionService#_doActivateExtension ms-python.python, startup: false, activationEvent: 'onLanguage:python'
[2025-03-07 14:46:41.799] [exthost] [info] ExtensionService#_doActivateExtension ms-toolsai.jupyter, startup: false, activationEvent: 'onLanguage:python'
[2025-03-07 14:46:42.139] [exthost] [info] ExtensionService#_doActivateExtension vscode.debug-auto-launch, startup: true, activationEvent: '*'
[2025-03-07 14:46:42.143] [exthost] [info] ExtensionService#_doActivateExtension vscode.git-base, startup: true, activationEvent: '*', root cause: vscode.git
[2025-03-07 14:46:42.147] [exthost] [info] ExtensionService#_doActivateExtension vscode.ipynb, startup: true, activationEvent: '*'
[2025-03-07 14:46:42.349] [exthost] [info] ExtensionService#_doActivateExtension vscode.git, startup: true, activationEvent: '*'
[2025-03-07 14:46:42.424] [exthost] [info] ExtensionService#_doActivateExtension vscode.github, startup: true, activationEvent: '*'
[2025-03-07 14:46:42.849] [exthost] [info] ExtensionService#_doActivateExtension ms-toolsai.jupyter-renderers, startup: false, activationEvent: 'api', root cause: ms-toolsai.jupyter
[2025-03-07 14:46:43.026] [exthost] [info] ExtensionService#_doActivateExtension vscode.emmet, startup: false, activationEvent: 'onStartupFinished'
[2025-03-07 14:46:43.042] [exthost] [info] ExtensionService#_doActivateExtension vscode.merge-conflict, startup: false, activationEvent: 'onStartupFinished'
[2025-03-07 14:46:43.045] [exthost] [info] Eager extensions activated
[2025-03-07 14:46:43.171] [exthost] [info] ExtensionService#_doActivateExtension ms-python.vscode-pylance, startup: false, activationEvent: 'onLanguage:python'
[2025-03-07 15:07:31.812] [exthost] [info] Extension host terminating: received terminate message from renderer
[2025-03-07 15:07:31.815] [exthost] [info] Lock '/home/ubuntu/.vscode-server/data/User/workspaceStorage/443a9c35c13baf31235c52a615bc4b86/vscode.lock': Marking the lockfile as scheduled to be released in 6000 ms.
[2025-03-07 15:07:31.856] [exthost] [info] Extension host with pid 1646 exiting with code 0
